################################################################################
#                _  __       __  __  _         ____                            #
#               | |/ / __ _ |  \/  |(_) _ __  |  _ \  __ _  _ __               #
#               | ' / / _` || |\/| || || '_ \ | |_) |/ _` || '__|              #
#               | . \| (_| || |  | || || | | ||  __/| (_| || |                 #
#               |_|\_\\__,_||_|  |_||_||_| |_||_|    \__,_||_|                 #
#                                                                              #
################################################################################
Current commit hash:          99c62314d27845b3825829ec1e3e97256490627d
Assertion level:              always+light
Statistics:                   disabled
Built on:                     liskov
Data type sizes:
  Nodes IDs: 4 bytes | Node weights: 4 bytes
  Edges IDs: 4 bytes | Edge weights: 4 bytes
############################################################## Input Summary ###
Execution mode:               64
Seed:                         1
Graph:                        arabic-2005 [node ordering: deg-buckets] [edge ordering: natural]
  Number of nodes:              22744080 (unweighted)
  Number of edges:            1107806146 (unweighted)
Number of blocks:             16
Maximum block weight:         1464150 (1421505 + 3% / 3%)
---------------------------------------------------------- Graph Compression ---
Enabled:                      no
-------------------------------------------------------- Partitioning Scheme ---
Partitioning mode:            deep
  Deep initial part. mode:    async-parallel
  Deep initial part. load:    1
Subgraph memory:              Lazy
----------------------------------------------------------------- Coarsening ---
Contraction limit:            160
Coarsening algorithm:         clustering
  Cluster weight limit:       static-block-weight x 0.00625
  Shrink factor:              2.5
  Max mem-free level:         1
  Clustering algorithm:       lp
    Number of iterations:     1
    High degree threshold:    4294967295
    Max degree:               4294967295
    Tie breaking strategy:    uniform
    Implementation:           two-phase
      Relabel:                no
    2-hop clustering:         match-threadwise, if |Vcoarse| > 0.500000 * |V|
    Isolated nodes:           match-during-two-hop
  Forced hierarchy levels:    <none> (leeway: U=10.000000, L=1.100000)
Contraction algorithm:        unbuffered
  Implementation:             two-phase
------------------------------------------------------- Initial Partitioning ---
Adaptive algorithm selection: yes
----------------------------------------------------------------- Refinement ---
Refinement algorithms:        [greedy-balancer -> lp]
Label propagation:
  Number of iterations:       5
  Tie breaking strategy:      uniform
  Implementation:             single-phase
############################################################## Preprocessing ###
Removed 199 isolated nodes
  Remaining nodes:             22743881
  Remaining total node weight: 22743881
############################################################### Partitioning ###
Input graph:
 Number of nodes: 22743881 | Number of edges: 1107806146
 Maximum node weight: 1

Coarsening -> Level 1 [max cluster weight: 9150]:
 Total edge weight:   1063150542
 Number of nodes:     9020372 | Number of edges: 844627644
 Maximum node weight: 9151

Coarsening -> Level 2 [max cluster weight: 9150]:
 Total edge weight:   690668008
 Number of nodes:     3582408 | Number of edges: 154181908
 Maximum node weight: 9151

Coarsening -> Level 3 [max cluster weight: 9150]:
 Total edge weight:   380002094
 Number of nodes:     1409672 | Number of edges: 33943374
 Maximum node weight: 9151

Coarsening -> Level 4 [max cluster weight: 9150]:
 Total edge weight:   240251126
 Number of nodes:     548659 | Number of edges: 8892172
 Maximum node weight: 9151

Coarsening -> Level 5 [max cluster weight: 9150]:
 Total edge weight:   188228308
 Number of nodes:     210763 | Number of edges: 2672658
 Maximum node weight: 9151

Coarsening -> Level 6 [max cluster weight: 9150]:
 Total edge weight:   169683044
 Number of nodes:     77950 | Number of edges: 883574
 Maximum node weight: 9151

Coarsening -> Level 7 [max cluster weight: 9150]:
 Total edge weight:   168103522
 Number of nodes:     36931 | Number of edges: 606920
 Maximum node weight: 9151

Coarsening -> Level 8 [max cluster weight: 9150]:
 Total edge weight:   168060810
 Number of nodes:     22088 | Number of edges: 542438
 Maximum node weight: 9151

Coarsening -> Level 9 [max cluster weight: 9150]:
 Total edge weight:   168060104
 Number of nodes:     15232 | Number of edges: 518892
 Maximum node weight: 18197

Coarsening -> Level 10 [max cluster weight: 9150]:
 Total edge weight:   168060066
 Number of nodes:     11504 | Number of edges: 506504
 Maximum node weight: 18197

Coarsening -> Level 11 [max cluster weight: 9150]:
 Total edge weight:   168060066
 Number of nodes:     9516 | Number of edges: 500016
 Maximum node weight: 18197

==> Coarsening terminated with less than 10240 nodes

Initial partitioning:
 Number of blocks: 16

Uncoarsening -> Level 10
 Number of nodes: 11504 | Number of edges: 506504
  Running refinement on 16 blocks
   1. Greedy Balancer
   2. Label Propagation

Uncoarsening -> Level 9
 Number of nodes: 15232 | Number of edges: 518892
  Running refinement on 16 blocks
   1. Greedy Balancer
   2. Label Propagation

Uncoarsening -> Level 8
 Number of nodes: 22088 | Number of edges: 542438
  Running refinement on 16 blocks
   1. Greedy Balancer
   2. Label Propagation

Uncoarsening -> Level 7
 Number of nodes: 36931 | Number of edges: 606920
  Running refinement on 16 blocks
   1. Greedy Balancer
   2. Label Propagation

Uncoarsening -> Level 6
 Number of nodes: 77950 | Number of edges: 883574
  Running refinement on 16 blocks
   1. Greedy Balancer
   2. Label Propagation

Uncoarsening -> Level 5
 Number of nodes: 210763 | Number of edges: 2672658
  Running refinement on 16 blocks
   1. Greedy Balancer
   2. Label Propagation

Uncoarsening -> Level 4
 Number of nodes: 548659 | Number of edges: 8892172
  Running refinement on 16 blocks
   1. Greedy Balancer
   2. Label Propagation

Uncoarsening -> Level 3
 Number of nodes: 1409672 | Number of edges: 33943374
  Running refinement on 16 blocks
   1. Greedy Balancer
   2. Label Propagation

Uncoarsening -> Level 2
 Number of nodes: 3582408 | Number of edges: 154181908
  Running refinement on 16 blocks
   1. Greedy Balancer
   2. Label Propagation

Uncoarsening -> Level 1
 Number of nodes: 9020372 | Number of edges: 844627644
  Running refinement on 16 blocks
   1. Greedy Balancer
   2. Label Propagation

Uncoarsening -> Level 0
 Number of nodes: 22743881 | Number of edges: 1107806146
  Running refinement on 16 blocks
   1. Greedy Balancer
   2. Label Propagation
############################################################# Result Summary ###
RESULT cut=1944676 imbalance=0.0299992 feasible=1 k=16
TIME read_input_graph=10.484 partitioning=3.930 partitioning.rearrange_by_degree-buckets=0.218 partitioning.rearrange_by_degree-buckets.sort_nodes_by_integer_buckets=0.015 partitioning.rearrange_by_degree-buckets.rearrange_input_graph=0.177 partitioning.rearrange_by_degree-buckets.deallocation=0.019 partitioning.refinement=0.000 partitioning.refinement.allocation=0.000 partitioning.coarsening=3.049 partitioning.coarsening.level[0]=1.918 partitioning.coarsening.level[0].label_propagation=0.137 partitioning.coarsening.level[0].label_propagation.allocation=0.015 partitioning.coarsening.level[0].label_propagation.iteration[0]=0.106 partitioning.coarsening.level[0].label_propagation.iteration[0].first_phase=0.100 partitioning.coarsening.level[0].label_propagation.handle_isolated_nodes=0.000 partitioning.coarsening.level[0].label_propagation.handle_two-hop_nodes=0.000 partitioning.coarsening.level[0].label_propagation.free=0.007 partitioning.coarsening.level[0].contract_graph=1.779 partitioning.coarsening.level[0].contract_graph.allocation=0.003 partitioning.coarsening.level[0].contract_graph.preprocessing=0.044 partitioning.coarsening.level[0].contract_graph.deallocation=0.000 partitioning.coarsening.level[0].contract_graph.construct_coarse_graph=1.704 partitioning.coarsening.level[0].contract_graph.construct_coarse_graph.aggregate_coarse_edges=1.569 partitioning.coarsening.level[0].contract_graph.construct_coarse_graph.aggregate_coarse_edges.first_phase=1.387 partitioning.coarsening.level[0].contract_graph.construct_coarse_graph.aggregate_coarse_edges.second_phase=0.173 partitioning.coarsening.level[0].contract_graph.construct_coarse_graph.remap_coarse_edges_and_mapping=0.130 partitioning.coarsening.level[1]=0.782 partitioning.coarsening.level[1].label_propagation=0.245 partitioning.coarsening.level[1].label_propagation.allocation=0.011 partitioning.coarsening.level[1].label_propagation.iteration[0]=0.232 partitioning.coarsening.level[1].label_propagation.iteration[0].first_phase=0.139 partitioning.coarsening.level[1].label_propagation.iteration[0].second_phase=0.091 partitioning.coarsening.level[1].label_propagation.handle_isolated_nodes=0.000 partitioning.coarsening.level[1].label_propagation.handle_two-hop_nodes=0.000 partitioning.coarsening.level[1].contract_graph=0.537 partitioning.coarsening.level[1].contract_graph.allocation=0.003 partitioning.coarsening.level[1].contract_graph.preprocessing=0.025 partitioning.coarsening.level[1].contract_graph.deallocation=0.000 partitioning.coarsening.level[1].contract_graph.construct_coarse_graph=0.503 partitioning.coarsening.level[1].contract_graph.construct_coarse_graph.aggregate_coarse_edges=0.475 partitioning.coarsening.level[1].contract_graph.construct_coarse_graph.aggregate_coarse_edges.first_phase=0.404 partitioning.coarsening.level[1].contract_graph.construct_coarse_graph.aggregate_coarse_edges.second_phase=0.070 partitioning.coarsening.level[1].contract_graph.construct_coarse_graph.remap_coarse_edges_and_mapping=0.025 partitioning.coarsening.level[2]=0.193 partitioning.coarsening.level[2].label_propagation=0.063 partitioning.coarsening.level[2].label_propagation.iteration[0]=0.058 partitioning.coarsening.level[2].label_propagation.iteration[0].first_phase=0.044 partitioning.coarsening.level[2].label_propagation.iteration[0].second_phase=0.012 partitioning.coarsening.level[2].label_propagation.handle_isolated_nodes=0.000 partitioning.coarsening.level[2].label_propagation.handle_two-hop_nodes=0.000 partitioning.coarsening.level[2].contract_graph=0.129 partitioning.coarsening.level[2].contract_graph.allocation=0.001 partitioning.coarsening.level[2].contract_graph.preprocessing=0.013 partitioning.coarsening.level[2].contract_graph.deallocation=0.000 partitioning.coarsening.level[2].contract_graph.construct_coarse_graph=0.112 partitioning.coarsening.level[2].contract_graph.construct_coarse_graph.aggregate_coarse_edges=0.105 partitioning.coarsening.level[2].contract_graph.construct_coarse_graph.aggregate_coarse_edges.first_phase=0.084 partitioning.coarsening.level[2].contract_graph.construct_coarse_graph.aggregate_coarse_edges.second_phase=0.020 partitioning.coarsening.level[2].contract_graph.construct_coarse_graph.remap_coarse_edges_and_mapping=0.005 partitioning.coarsening.level[3]=0.076 partitioning.coarsening.level[3].label_propagation=0.025 partitioning.coarsening.level[3].label_propagation.iteration[0]=0.019 partitioning.coarsening.level[3].label_propagation.iteration[0].first_phase=0.015 partitioning.coarsening.level[3].label_propagation.iteration[0].second_phase=0.003 partitioning.coarsening.level[3].label_propagation.handle_isolated_nodes=0.000 partitioning.coarsening.level[3].label_propagation.handle_two-hop_nodes=0.000 partitioning.coarsening.level[3].contract_graph=0.049 partitioning.coarsening.level[3].contract_graph.allocation=0.002 partitioning.coarsening.level[3].contract_graph.preprocessing=0.008 partitioning.coarsening.level[3].contract_graph.deallocation=0.000 partitioning.coarsening.level[3].contract_graph.construct_coarse_graph=0.037 partitioning.coarsening.level[3].contract_graph.construct_coarse_graph.aggregate_coarse_edges=0.034 partitioning.coarsening.level[3].contract_graph.construct_coarse_graph.aggregate_coarse_edges.first_phase=0.028 partitioning.coarsening.level[3].contract_graph.construct_coarse_graph.aggregate_coarse_edges.second_phase=0.005 partitioning.coarsening.level[3].contract_graph.construct_coarse_graph.remap_coarse_edges_and_mapping=0.001 partitioning.coarsening.level[4]=0.026 partitioning.coarsening.level[4].label_propagation=0.010 partitioning.coarsening.level[4].label_propagation.iteration[0]=0.010 partitioning.coarsening.level[4].label_propagation.iteration[0].first_phase=0.009 partitioning.coarsening.level[4].label_propagation.iteration[0].second_phase=0.000 partitioning.coarsening.level[4].label_propagation.handle_isolated_nodes=0.000 partitioning.coarsening.level[4].label_propagation.handle_two-hop_nodes=0.000 partitioning.coarsening.level[4].contract_graph=0.015 partitioning.coarsening.level[4].contract_graph.allocation=0.000 partitioning.coarsening.level[4].contract_graph.preprocessing=0.002 partitioning.coarsening.level[4].contract_graph.deallocation=0.000 partitioning.coarsening.level[4].contract_graph.construct_coarse_graph=0.011 partitioning.coarsening.level[4].contract_graph.construct_coarse_graph.aggregate_coarse_edges=0.010 partitioning.coarsening.level[4].contract_graph.construct_coarse_graph.aggregate_coarse_edges.first_phase=0.010 partitioning.coarsening.level[4].contract_graph.construct_coarse_graph.aggregate_coarse_edges.second_phase=0.000 partitioning.coarsening.level[4].contract_graph.construct_coarse_graph.remap_coarse_edges_and_mapping=0.000 partitioning.coarsening.level[5]=0.011 partitioning.coarsening.level[5].label_propagation=0.006 partitioning.coarsening.level[5].label_propagation.iteration[0]=0.005 partitioning.coarsening.level[5].label_propagation.iteration[0].first_phase=0.005 partitioning.coarsening.level[5].label_propagation.handle_isolated_nodes=0.000 partitioning.coarsening.level[5].label_propagation.handle_two-hop_nodes=0.000 partitioning.coarsening.level[5].contract_graph=0.005 partitioning.coarsening.level[5].contract_graph.allocation=0.000 partitioning.coarsening.level[5].contract_graph.preprocessing=0.000 partitioning.coarsening.level[5].contract_graph.deallocation=0.000 partitioning.coarsening.level[5].contract_graph.construct_coarse_graph=0.004 partitioning.coarsening.level[5].contract_graph.construct_coarse_graph.aggregate_coarse_edges=0.004 partitioning.coarsening.level[5].contract_graph.construct_coarse_graph.aggregate_coarse_edges.first_phase=0.004 partitioning.coarsening.level[5].contract_graph.construct_coarse_graph.aggregate_coarse_edges.second_phase=0.000 partitioning.coarsening.level[5].contract_graph.construct_coarse_graph.remap_coarse_edges_and_mapping=0.000 partitioning.coarsening.level[6]=0.009 partitioning.coarsening.level[6].label_propagation=0.004 partitioning.coarsening.level[6].label_propagation.iteration[0]=0.004 partitioning.coarsening.level[6].label_propagation.iteration[0].first_phase=0.004 partitioning.coarsening.level[6].label_propagation.handle_isolated_nodes=0.000 partitioning.coarsening.level[6].label_propagation.handle_two-hop_nodes=0.000 partitioning.coarsening.level[6].contract_graph=0.004 partitioning.coarsening.level[6].contract_graph.allocation=0.000 partitioning.coarsening.level[6].contract_graph.preprocessing=0.000 partitioning.coarsening.level[6].contract_graph.deallocation=0.000 partitioning.coarsening.level[6].contract_graph.construct_coarse_graph=0.003 partitioning.coarsening.level[6].contract_graph.construct_coarse_graph.aggregate_coarse_edges=0.003 partitioning.coarsening.level[6].contract_graph.construct_coarse_graph.aggregate_coarse_edges.first_phase=0.003 partitioning.coarsening.level[6].contract_graph.construct_coarse_graph.aggregate_coarse_edges.second_phase=0.000 partitioning.coarsening.level[6].contract_graph.construct_coarse_graph.remap_coarse_edges_and_mapping=0.000 partitioning.coarsening.level[7]=0.012 partitioning.coarsening.level[7].label_propagation=0.003 partitioning.coarsening.level[7].label_propagation.iteration[0]=0.003 partitioning.coarsening.level[7].label_propagation.iteration[0].first_phase=0.003 partitioning.coarsening.level[7].label_propagation.handle_isolated_nodes=0.000 partitioning.coarsening.level[7].label_propagation.handle_two-hop_nodes=0.000 partitioning.coarsening.level[7].contract_graph=0.009 partitioning.coarsening.level[7].contract_graph.allocation=0.000 partitioning.coarsening.level[7].contract_graph.preprocessing=0.000 partitioning.coarsening.level[7].contract_graph.deallocation=0.000 partitioning.coarsening.level[7].contract_graph.construct_coarse_graph=0.008 partitioning.coarsening.level[7].contract_graph.construct_coarse_graph.aggregate_coarse_edges=0.008 partitioning.coarsening.level[7].contract_graph.construct_coarse_graph.aggregate_coarse_edges.first_phase=0.008 partitioning.coarsening.level[7].contract_graph.construct_coarse_graph.aggregate_coarse_edges.second_phase=0.000 partitioning.coarsening.level[7].contract_graph.construct_coarse_graph.remap_coarse_edges_and_mapping=0.000 partitioning.coarsening.level[8]=0.007 partitioning.coarsening.level[8].label_propagation=0.002 partitioning.coarsening.level[8].label_propagation.iteration[0]=0.002 partitioning.coarsening.level[8].label_propagation.iteration[0].first_phase=0.002 partitioning.coarsening.level[8].label_propagation.handle_isolated_nodes=0.000 partitioning.coarsening.level[8].label_propagation.handle_two-hop_nodes=0.000 partitioning.coarsening.level[8].contract_graph=0.005 partitioning.coarsening.level[8].contract_graph.allocation=0.000 partitioning.coarsening.level[8].contract_graph.preprocessing=0.000 partitioning.coarsening.level[8].contract_graph.deallocation=0.000 partitioning.coarsening.level[8].contract_graph.construct_coarse_graph=0.004 partitioning.coarsening.level[8].contract_graph.construct_coarse_graph.aggregate_coarse_edges=0.004 partitioning.coarsening.level[8].contract_graph.construct_coarse_graph.aggregate_coarse_edges.first_phase=0.004 partitioning.coarsening.level[8].contract_graph.construct_coarse_graph.aggregate_coarse_edges.second_phase=0.000 partitioning.coarsening.level[8].contract_graph.construct_coarse_graph.remap_coarse_edges_and_mapping=0.000 partitioning.coarsening.level[9]=0.005 partitioning.coarsening.level[9].label_propagation=0.000 partitioning.coarsening.level[9].label_propagation.iteration[0]=0.000 partitioning.coarsening.level[9].label_propagation.iteration[0].first_phase=0.000 partitioning.coarsening.level[9].label_propagation.handle_isolated_nodes=0.000 partitioning.coarsening.level[9].label_propagation.handle_two-hop_nodes=0.000 partitioning.coarsening.level[9].contract_graph=0.004 partitioning.coarsening.level[9].contract_graph.allocation=0.000 partitioning.coarsening.level[9].contract_graph.preprocessing=0.000 partitioning.coarsening.level[9].contract_graph.deallocation=0.000 partitioning.coarsening.level[9].contract_graph.construct_coarse_graph=0.003 partitioning.coarsening.level[9].contract_graph.construct_coarse_graph.aggregate_coarse_edges=0.003 partitioning.coarsening.level[9].contract_graph.construct_coarse_graph.aggregate_coarse_edges.first_phase=0.003 partitioning.coarsening.level[9].contract_graph.construct_coarse_graph.aggregate_coarse_edges.second_phase=0.000 partitioning.coarsening.level[9].contract_graph.construct_coarse_graph.remap_coarse_edges_and_mapping=0.000 partitioning.coarsening.level[10]=0.004 partitioning.coarsening.level[10].label_propagation=0.000 partitioning.coarsening.level[10].label_propagation.iteration[0]=0.000 partitioning.coarsening.level[10].label_propagation.iteration[0].first_phase=0.000 partitioning.coarsening.level[10].label_propagation.handle_isolated_nodes=0.000 partitioning.coarsening.level[10].label_propagation.handle_two-hop_nodes=0.000 partitioning.coarsening.level[10].contract_graph=0.003 partitioning.coarsening.level[10].contract_graph.allocation=0.000 partitioning.coarsening.level[10].contract_graph.preprocessing=0.000 partitioning.coarsening.level[10].contract_graph.deallocation=0.000 partitioning.coarsening.level[10].contract_graph.construct_coarse_graph=0.003 partitioning.coarsening.level[10].contract_graph.construct_coarse_graph.aggregate_coarse_edges=0.003 partitioning.coarsening.level[10].contract_graph.construct_coarse_graph.aggregate_coarse_edges.first_phase=0.003 partitioning.coarsening.level[10].contract_graph.construct_coarse_graph.aggregate_coarse_edges.second_phase=0.000 partitioning.coarsening.level[10].contract_graph.construct_coarse_graph.remap_coarse_edges_and_mapping=0.000 partitioning.coarsening.deallocation=0.000 partitioning.initial_partitioning_scheme=0.116 partitioning.uncoarsening=0.525 partitioning.uncoarsening.level[10]=0.005 partitioning.uncoarsening.level[10].allocation=0.000 partitioning.uncoarsening.level[10].project_partition=0.000 partitioning.uncoarsening.level[10].create_graph=0.000 partitioning.uncoarsening.level[10].refinement=0.004 partitioning.uncoarsening.level[10].refinement.greedy_balancer=0.000 partitioning.uncoarsening.level[10].refinement.label_propagation=0.004 partitioning.uncoarsening.level[10].refinement.label_propagation.allocation=0.004 partitioning.uncoarsening.level[10].refinement.label_propagation.iteration[0]=0.000 partitioning.uncoarsening.level[10].refinement.label_propagation.iteration[1]=0.000 partitioning.uncoarsening.level[9]=0.001 partitioning.uncoarsening.level[9].allocation=0.000 partitioning.uncoarsening.level[9].project_partition=0.000 partitioning.uncoarsening.level[9].create_graph=0.000 partitioning.uncoarsening.level[9].refinement=0.000 partitioning.uncoarsening.level[9].refinement.greedy_balancer=0.000 partitioning.uncoarsening.level[9].refinement.label_propagation=0.000 partitioning.uncoarsening.level[9].refinement.label_propagation.iteration[0]=0.000 partitioning.uncoarsening.level[9].refinement.label_propagation.iteration[1]=0.000 partitioning.uncoarsening.level[9].refinement.label_propagation.iteration[2]=0.000 partitioning.uncoarsening.level[9].refinement.label_propagation.iteration[3]=0.000 partitioning.uncoarsening.level[8]=0.001 partitioning.uncoarsening.level[8].allocation=0.000 partitioning.uncoarsening.level[8].project_partition=0.000 partitioning.uncoarsening.level[8].create_graph=0.000 partitioning.uncoarsening.level[8].refinement=0.000 partitioning.uncoarsening.level[8].refinement.greedy_balancer=0.000 partitioning.uncoarsening.level[8].refinement.label_propagation=0.000 partitioning.uncoarsening.level[8].refinement.label_propagation.iteration[0]=0.000 partitioning.uncoarsening.level[8].refinement.label_propagation.iteration[1]=0.000 partitioning.uncoarsening.level[8].refinement.label_propagation.iteration[2]=0.000 partitioning.uncoarsening.level[7]=0.001 partitioning.uncoarsening.level[7].allocation=0.000 partitioning.uncoarsening.level[7].project_partition=0.000 partitioning.uncoarsening.level[7].create_graph=0.000 partitioning.uncoarsening.level[7].refinement=0.001 partitioning.uncoarsening.level[7].refinement.greedy_balancer=0.000 partitioning.uncoarsening.level[7].refinement.label_propagation=0.001 partitioning.uncoarsening.level[7].refinement.label_propagation.iteration[0]=0.000 partitioning.uncoarsening.level[7].refinement.label_propagation.iteration[1]=0.000 partitioning.uncoarsening.level[7].refinement.label_propagation.iteration[2]=0.000 partitioning.uncoarsening.level[7].refinement.label_propagation.iteration[3]=0.000 partitioning.uncoarsening.level[7].refinement.label_propagation.iteration[4]=0.000 partitioning.uncoarsening.level[6]=0.002 partitioning.uncoarsening.level[6].allocation=0.000 partitioning.uncoarsening.level[6].project_partition=0.000 partitioning.uncoarsening.level[6].create_graph=0.000 partitioning.uncoarsening.level[6].refinement=0.001 partitioning.uncoarsening.level[6].refinement.greedy_balancer=0.000 partitioning.uncoarsening.level[6].refinement.label_propagation=0.001 partitioning.uncoarsening.level[6].refinement.label_propagation.iteration[0]=0.000 partitioning.uncoarsening.level[6].refinement.label_propagation.iteration[1]=0.000 partitioning.uncoarsening.level[6].refinement.label_propagation.iteration[2]=0.000 partitioning.uncoarsening.level[6].refinement.label_propagation.iteration[3]=0.000 partitioning.uncoarsening.level[6].refinement.label_propagation.iteration[4]=0.000 partitioning.uncoarsening.level[5]=0.003 partitioning.uncoarsening.level[5].allocation=0.000 partitioning.uncoarsening.level[5].project_partition=0.000 partitioning.uncoarsening.level[5].create_graph=0.000 partitioning.uncoarsening.level[5].refinement=0.003 partitioning.uncoarsening.level[5].refinement.greedy_balancer=0.000 partitioning.uncoarsening.level[5].refinement.label_propagation=0.002 partitioning.uncoarsening.level[5].refinement.label_propagation.iteration[0]=0.001 partitioning.uncoarsening.level[5].refinement.label_propagation.iteration[1]=0.000 partitioning.uncoarsening.level[5].refinement.label_propagation.iteration[2]=0.000 partitioning.uncoarsening.level[5].refinement.label_propagation.iteration[3]=0.000 partitioning.uncoarsening.level[5].refinement.label_propagation.iteration[4]=0.000 partitioning.uncoarsening.level[4]=0.007 partitioning.uncoarsening.level[4].allocation=0.000 partitioning.uncoarsening.level[4].project_partition=0.000 partitioning.uncoarsening.level[4].create_graph=0.000 partitioning.uncoarsening.level[4].refinement=0.006 partitioning.uncoarsening.level[4].refinement.greedy_balancer=0.000 partitioning.uncoarsening.level[4].refinement.label_propagation=0.006 partitioning.uncoarsening.level[4].refinement.label_propagation.iteration[0]=0.003 partitioning.uncoarsening.level[4].refinement.label_propagation.iteration[1]=0.000 partitioning.uncoarsening.level[4].refinement.label_propagation.iteration[2]=0.000 partitioning.uncoarsening.level[4].refinement.label_propagation.iteration[3]=0.000 partitioning.uncoarsening.level[4].refinement.label_propagation.iteration[4]=0.000 partitioning.uncoarsening.level[3]=0.021 partitioning.uncoarsening.level[3].allocation=0.004 partitioning.uncoarsening.level[3].project_partition=0.000 partitioning.uncoarsening.level[3].create_graph=0.000 partitioning.uncoarsening.level[3].refinement=0.015 partitioning.uncoarsening.level[3].refinement.greedy_balancer=0.000 partitioning.uncoarsening.level[3].refinement.label_propagation=0.015 partitioning.uncoarsening.level[3].refinement.label_propagation.iteration[0]=0.010 partitioning.uncoarsening.level[3].refinement.label_propagation.iteration[1]=0.002 partitioning.uncoarsening.level[3].refinement.label_propagation.iteration[2]=0.001 partitioning.uncoarsening.level[3].refinement.label_propagation.iteration[3]=0.000 partitioning.uncoarsening.level[3].refinement.label_propagation.iteration[4]=0.000 partitioning.uncoarsening.level[2]=0.051 partitioning.uncoarsening.level[2].allocation=0.007 partitioning.uncoarsening.level[2].project_partition=0.000 partitioning.uncoarsening.level[2].create_graph=0.000 partitioning.uncoarsening.level[2].refinement=0.041 partitioning.uncoarsening.level[2].refinement.greedy_balancer=0.000 partitioning.uncoarsening.level[2].refinement.label_propagation=0.041 partitioning.uncoarsening.level[2].refinement.label_propagation.iteration[0]=0.031 partitioning.uncoarsening.level[2].refinement.label_propagation.iteration[1]=0.004 partitioning.uncoarsening.level[2].refinement.label_propagation.iteration[2]=0.001 partitioning.uncoarsening.level[2].refinement.label_propagation.iteration[3]=0.001 partitioning.uncoarsening.level[2].refinement.label_propagation.iteration[4]=0.000 partitioning.uncoarsening.level[1]=0.187 partitioning.uncoarsening.level[1].allocation=0.003 partitioning.uncoarsening.level[1].project_partition=0.001 partitioning.uncoarsening.level[1].create_graph=0.000 partitioning.uncoarsening.level[1].refinement=0.175 partitioning.uncoarsening.level[1].refinement.greedy_balancer=0.000 partitioning.uncoarsening.level[1].refinement.label_propagation=0.175 partitioning.uncoarsening.level[1].refinement.label_propagation.iteration[0]=0.148 partitioning.uncoarsening.level[1].refinement.label_propagation.iteration[1]=0.016 partitioning.uncoarsening.level[1].refinement.label_propagation.iteration[2]=0.006 partitioning.uncoarsening.level[1].refinement.label_propagation.iteration[3]=0.002 partitioning.uncoarsening.level[1].refinement.label_propagation.iteration[4]=0.001 partitioning.uncoarsening.level[0]=0.243 partitioning.uncoarsening.level[0].allocation=0.005 partitioning.uncoarsening.level[0].project_partition=0.002 partitioning.uncoarsening.level[0].create_graph=0.001 partitioning.uncoarsening.level[0].refinement=0.205 partitioning.uncoarsening.level[0].refinement.greedy_balancer=0.000 partitioning.uncoarsening.level[0].refinement.label_propagation=0.205 partitioning.uncoarsening.level[0].refinement.label_propagation.iteration[0]=0.171 partitioning.uncoarsening.level[0].refinement.label_propagation.iteration[1]=0.018 partitioning.uncoarsening.level[0].refinement.label_propagation.iteration[2]=0.007 partitioning.uncoarsening.level[0].refinement.label_propagation.iteration[3]=0.002 partitioning.uncoarsening.level[0].refinement.label_propagation.iteration[4]=0.002 partitioning.deallocation=0.009 partitioning.re-integrate_isolated_nodes=0.009 io=0.002 
MEMORY disabled

Global Timer: ................................... 14.435 s    
|- Read input graph: ............................ 10.484 s    
|- Partitioning: ................................ 3.930 s     
|  |- Rearrange by degree-buckets: .............. 0.218 s     
|  |  |- Sort nodes by integer buckets: ......... 0.015 s     
|  |  |- Rearrange input graph: ................. 0.177 s     
|  |  `- Deallocation: .......................... 0.019 s     
|  |- Refinement: ............................... 0.000 s     
|  |  `- Allocation: ............................ 0.000 s     
|  |- Coarsening: ............................... 3.049 s     
|  |  |- Level (0): ............................. 1.918 s     
|  |  |  |- Label Propagation: .................. 0.137 s     
|  |  |  |  |- Allocation: ...................... 0.015 s     
|  |  |  |  |- Iteration (0): ................... 0.106 s     
|  |  |  |  |  `- First phase: .................. 0.100 s     
|  |  |  |  |- Handle isolated nodes: ........... 0.000 s     
|  |  |  |  |- Handle two-hop nodes: ............ 0.000 s     
|  |  |  |  `- Free: ............................ 0.007 s     
|  |  |  `- Contract graph: ..................... 1.779 s     
|  |  |     |- Allocation: ...................... 0.003 s  (3)
|  |  |     |- Preprocessing: ................... 0.044 s  (3)
|  |  |     |- Deallocation: .................... 0.000 s     
|  |  |     `- Construct coarse graph: .......... 1.704 s     
|  |  |        |- Aggregate coarse edges: ....... 1.569 s     
|  |  |        |  |- First phase: ............... 1.387 s     
|  |  |        |  `- Second phase: .............. 0.173 s     
|  |  |        `- Remap coarse edges and mapping: 0.130 s     
|  |  |- Level (1): ............................. 0.782 s     
|  |  |  |- Label Propagation: .................. 0.245 s     
|  |  |  |  |- Allocation: ...................... 0.011 s     
|  |  |  |  |- Iteration (0): ................... 0.232 s     
|  |  |  |  |  |- First phase: .................. 0.139 s     
|  |  |  |  |  `- Second phase: ................. 0.091 s     
|  |  |  |  |- Handle isolated nodes: ........... 0.000 s     
|  |  |  |  `- Handle two-hop nodes: ............ 0.000 s     
|  |  |  `- Contract graph: ..................... 0.537 s     
|  |  |     |- Allocation: ...................... 0.003 s  (3)
|  |  |     |- Preprocessing: ................... 0.025 s  (3)
|  |  |     |- Deallocation: .................... 0.000 s     
|  |  |     `- Construct coarse graph: .......... 0.503 s     
|  |  |        |- Aggregate coarse edges: ....... 0.475 s     
|  |  |        |  |- First phase: ............... 0.404 s     
|  |  |        |  `- Second phase: .............. 0.070 s     
|  |  |        `- Remap coarse edges and mapping: 0.025 s     
|  |  |- Level (2): ............................. 0.193 s     
|  |  |  |- Label Propagation: .................. 0.063 s     
|  |  |  |  |- Iteration (0): ................... 0.058 s     
|  |  |  |  |  |- First phase: .................. 0.044 s     
|  |  |  |  |  `- Second phase: ................. 0.012 s     
|  |  |  |  |- Handle isolated nodes: ........... 0.000 s     
|  |  |  |  `- Handle two-hop nodes: ............ 0.000 s     
|  |  |  `- Contract graph: ..................... 0.129 s     
|  |  |     |- Allocation: ...................... 0.001 s  (3)
|  |  |     |- Preprocessing: ................... 0.013 s  (3)
|  |  |     |- Deallocation: .................... 0.000 s     
|  |  |     `- Construct coarse graph: .......... 0.112 s     
|  |  |        |- Aggregate coarse edges: ....... 0.105 s     
|  |  |        |  |- First phase: ............... 0.084 s     
|  |  |        |  `- Second phase: .............. 0.020 s     
|  |  |        `- Remap coarse edges and mapping: 0.005 s     
|  |  |- Level (3): ............................. 0.076 s     
|  |  |  |- Label Propagation: .................. 0.025 s     
|  |  |  |  |- Iteration (0): ................... 0.019 s     
|  |  |  |  |  |- First phase: .................. 0.015 s     
|  |  |  |  |  `- Second phase: ................. 0.003 s     
|  |  |  |  |- Handle isolated nodes: ........... 0.000 s     
|  |  |  |  `- Handle two-hop nodes: ............ 0.000 s     
|  |  |  `- Contract graph: ..................... 0.049 s     
|  |  |     |- Allocation: ...................... 0.002 s  (3)
|  |  |     |- Preprocessing: ................... 0.008 s  (3)
|  |  |     |- Deallocation: .................... 0.000 s     
|  |  |     `- Construct coarse graph: .......... 0.037 s     
|  |  |        |- Aggregate coarse edges: ....... 0.034 s     
|  |  |        |  |- First phase: ............... 0.028 s     
|  |  |        |  `- Second phase: .............. 0.005 s     
|  |  |        `- Remap coarse edges and mapping: 0.001 s     
|  |  |- Level (4): ............................. 0.026 s     
|  |  |  |- Label Propagation: .................. 0.010 s     
|  |  |  |  |- Iteration (0): ................... 0.010 s     
|  |  |  |  |  |- First phase: .................. 0.009 s     
|  |  |  |  |  `- Second phase: ................. 0.000 s     
|  |  |  |  |- Handle isolated nodes: ........... 0.000 s     
|  |  |  |  `- Handle two-hop nodes: ............ 0.000 s     
|  |  |  `- Contract graph: ..................... 0.015 s     
|  |  |     |- Allocation: ...................... 0.000 s  (3)
|  |  |     |- Preprocessing: ................... 0.002 s  (3)
|  |  |     |- Deallocation: .................... 0.000 s     
|  |  |     `- Construct coarse graph: .......... 0.011 s     
|  |  |        |- Aggregate coarse edges: ....... 0.010 s     
|  |  |        |  |- First phase: ............... 0.010 s     
|  |  |        |  `- Second phase: .............. 0.000 s     
|  |  |        `- Remap coarse edges and mapping: 0.000 s     
|  |  |- Level (5): ............................. 0.011 s     
|  |  |  |- Label Propagation: .................. 0.006 s     
|  |  |  |  |- Iteration (0): ................... 0.005 s     
|  |  |  |  |  `- First phase: .................. 0.005 s     
|  |  |  |  |- Handle isolated nodes: ........... 0.000 s     
|  |  |  |  `- Handle two-hop nodes: ............ 0.000 s     
|  |  |  `- Contract graph: ..................... 0.005 s     
|  |  |     |- Allocation: ...................... 0.000 s  (3)
|  |  |     |- Preprocessing: ................... 0.000 s  (3)
|  |  |     |- Deallocation: .................... 0.000 s     
|  |  |     `- Construct coarse graph: .......... 0.004 s     
|  |  |        |- Aggregate coarse edges: ....... 0.004 s     
|  |  |        |  |- First phase: ............... 0.004 s     
|  |  |        |  `- Second phase: .............. 0.000 s     
|  |  |        `- Remap coarse edges and mapping: 0.000 s     
|  |  |- Level (6): ............................. 0.009 s     
|  |  |  |- Label Propagation: .................. 0.004 s     
|  |  |  |  |- Iteration (0): ................... 0.004 s     
|  |  |  |  |  `- First phase: .................. 0.004 s     
|  |  |  |  |- Handle isolated nodes: ........... 0.000 s     
|  |  |  |  `- Handle two-hop nodes: ............ 0.000 s     
|  |  |  `- Contract graph: ..................... 0.004 s     
|  |  |     |- Allocation: ...................... 0.000 s  (3)
|  |  |     |- Preprocessing: ................... 0.000 s  (3)
|  |  |     |- Deallocation: .................... 0.000 s     
|  |  |     `- Construct coarse graph: .......... 0.003 s     
|  |  |        |- Aggregate coarse edges: ....... 0.003 s     
|  |  |        |  |- First phase: ............... 0.003 s     
|  |  |        |  `- Second phase: .............. 0.000 s     
|  |  |        `- Remap coarse edges and mapping: 0.000 s     
|  |  |- Level (7): ............................. 0.012 s     
|  |  |  |- Label Propagation: .................. 0.003 s     
|  |  |  |  |- Iteration (0): ................... 0.003 s     
|  |  |  |  |  `- First phase: .................. 0.003 s     
|  |  |  |  |- Handle isolated nodes: ........... 0.000 s     
|  |  |  |  `- Handle two-hop nodes: ............ 0.000 s     
|  |  |  `- Contract graph: ..................... 0.009 s     
|  |  |     |- Allocation: ...................... 0.000 s  (3)
|  |  |     |- Preprocessing: ................... 0.000 s  (3)
|  |  |     |- Deallocation: .................... 0.000 s     
|  |  |     `- Construct coarse graph: .......... 0.008 s     
|  |  |        |- Aggregate coarse edges: ....... 0.008 s     
|  |  |        |  |- First phase: ............... 0.008 s     
|  |  |        |  `- Second phase: .............. 0.000 s     
|  |  |        `- Remap coarse edges and mapping: 0.000 s     
|  |  |- Level (8): ............................. 0.007 s     
|  |  |  |- Label Propagation: .................. 0.002 s     
|  |  |  |  |- Iteration (0): ................... 0.002 s     
|  |  |  |  |  `- First phase: .................. 0.002 s     
|  |  |  |  |- Handle isolated nodes: ........... 0.000 s     
|  |  |  |  `- Handle two-hop nodes: ............ 0.000 s     
|  |  |  `- Contract graph: ..................... 0.005 s     
|  |  |     |- Allocation: ...................... 0.000 s  (3)
|  |  |     |- Preprocessing: ................... 0.000 s  (3)
|  |  |     |- Deallocation: .................... 0.000 s     
|  |  |     `- Construct coarse graph: .......... 0.004 s     
|  |  |        |- Aggregate coarse edges: ....... 0.004 s     
|  |  |        |  |- First phase: ............... 0.004 s     
|  |  |        |  `- Second phase: .............. 0.000 s     
|  |  |        `- Remap coarse edges and mapping: 0.000 s     
|  |  |- Level (9): ............................. 0.005 s     
|  |  |  |- Label Propagation: .................. 0.000 s     
|  |  |  |  |- Iteration (0): ................... 0.000 s     
|  |  |  |  |  `- First phase: .................. 0.000 s     
|  |  |  |  |- Handle isolated nodes: ........... 0.000 s     
|  |  |  |  `- Handle two-hop nodes: ............ 0.000 s     
|  |  |  `- Contract graph: ..................... 0.004 s     
|  |  |     |- Allocation: ...................... 0.000 s  (3)
|  |  |     |- Preprocessing: ................... 0.000 s  (3)
|  |  |     |- Deallocation: .................... 0.000 s     
|  |  |     `- Construct coarse graph: .......... 0.003 s     
|  |  |        |- Aggregate coarse edges: ....... 0.003 s     
|  |  |        |  |- First phase: ............... 0.003 s     
|  |  |        |  `- Second phase: .............. 0.000 s     
|  |  |        `- Remap coarse edges and mapping: 0.000 s     
|  |  |- Level (10): ............................ 0.004 s     
|  |  |  |- Label Propagation: .................. 0.000 s     
|  |  |  |  |- Iteration (0): ................... 0.000 s     
|  |  |  |  |  `- First phase: .................. 0.000 s     
|  |  |  |  |- Handle isolated nodes: ........... 0.000 s     
|  |  |  |  `- Handle two-hop nodes: ............ 0.000 s     
|  |  |  `- Contract graph: ..................... 0.003 s     
|  |  |     |- Allocation: ...................... 0.000 s  (3)
|  |  |     |- Preprocessing: ................... 0.000 s  (3)
|  |  |     |- Deallocation: .................... 0.000 s     
|  |  |     `- Construct coarse graph: .......... 0.003 s     
|  |  |        |- Aggregate coarse edges: ....... 0.003 s     
|  |  |        |  |- First phase: ............... 0.003 s     
|  |  |        |  `- Second phase: .............. 0.000 s     
|  |  |        `- Remap coarse edges and mapping: 0.000 s     
|  |  `- Deallocation: .......................... 0.000 s     
|  |- Initial partitioning scheme: .............. 0.116 s     
|  |- Uncoarsening: ............................. 0.525 s     
|  |  |- Level (10): ............................ 0.005 s     
|  |  |  |- Allocation: ......................... 0.000 s     
|  |  |  |- Project partition: .................. 0.000 s     
|  |  |  |- Create graph: ....................... 0.000 s     
|  |  |  `- Refinement: ......................... 0.004 s     
|  |  |     |- Greedy Balancer: ................. 0.000 s     
|  |  |     `- Label Propagation: ............... 0.004 s     
|  |  |        |- Allocation: ................... 0.004 s     
|  |  |        |- Iteration (0): ................ 0.000 s     
|  |  |        `- Iteration (1): ................ 0.000 s     
|  |  |- Level (9): ............................. 0.001 s     
|  |  |  |- Allocation: ......................... 0.000 s     
|  |  |  |- Project partition: .................. 0.000 s     
|  |  |  |- Create graph: ....................... 0.000 s     
|  |  |  `- Refinement: ......................... 0.000 s     
|  |  |     |- Greedy Balancer: ................. 0.000 s     
|  |  |     `- Label Propagation: ............... 0.000 s     
|  |  |        |- Iteration (0): ................ 0.000 s     
|  |  |        |- Iteration (1): ................ 0.000 s     
|  |  |        |- Iteration (2): ................ 0.000 s     
|  |  |        `- Iteration (3): ................ 0.000 s     
|  |  |- Level (8): ............................. 0.001 s     
|  |  |  |- Allocation: ......................... 0.000 s     
|  |  |  |- Project partition: .................. 0.000 s     
|  |  |  |- Create graph: ....................... 0.000 s     
|  |  |  `- Refinement: ......................... 0.000 s     
|  |  |     |- Greedy Balancer: ................. 0.000 s     
|  |  |     `- Label Propagation: ............... 0.000 s     
|  |  |        |- Iteration (0): ................ 0.000 s     
|  |  |        |- Iteration (1): ................ 0.000 s     
|  |  |        `- Iteration (2): ................ 0.000 s     
|  |  |- Level (7): ............................. 0.001 s     
|  |  |  |- Allocation: ......................... 0.000 s     
|  |  |  |- Project partition: .................. 0.000 s     
|  |  |  |- Create graph: ....................... 0.000 s     
|  |  |  `- Refinement: ......................... 0.001 s     
|  |  |     |- Greedy Balancer: ................. 0.000 s     
|  |  |     `- Label Propagation: ............... 0.001 s     
|  |  |        |- Iteration (0): ................ 0.000 s     
|  |  |        |- Iteration (1): ................ 0.000 s     
|  |  |        |- Iteration (2): ................ 0.000 s     
|  |  |        |- Iteration (3): ................ 0.000 s     
|  |  |        `- Iteration (4): ................ 0.000 s     
|  |  |- Level (6): ............................. 0.002 s     
|  |  |  |- Allocation: ......................... 0.000 s     
|  |  |  |- Project partition: .................. 0.000 s     
|  |  |  |- Create graph: ....................... 0.000 s     
|  |  |  `- Refinement: ......................... 0.001 s     
|  |  |     |- Greedy Balancer: ................. 0.000 s     
|  |  |     `- Label Propagation: ............... 0.001 s     
|  |  |        |- Iteration (0): ................ 0.000 s     
|  |  |        |- Iteration (1): ................ 0.000 s     
|  |  |        |- Iteration (2): ................ 0.000 s     
|  |  |        |- Iteration (3): ................ 0.000 s     
|  |  |        `- Iteration (4): ................ 0.000 s     
|  |  |- Level (5): ............................. 0.003 s     
|  |  |  |- Allocation: ......................... 0.000 s     
|  |  |  |- Project partition: .................. 0.000 s     
|  |  |  |- Create graph: ....................... 0.000 s     
|  |  |  `- Refinement: ......................... 0.003 s     
|  |  |     |- Greedy Balancer: ................. 0.000 s     
|  |  |     `- Label Propagation: ............... 0.002 s     
|  |  |        |- Iteration (0): ................ 0.001 s     
|  |  |        |- Iteration (1): ................ 0.000 s     
|  |  |        |- Iteration (2): ................ 0.000 s     
|  |  |        |- Iteration (3): ................ 0.000 s     
|  |  |        `- Iteration (4): ................ 0.000 s     
|  |  |- Level (4): ............................. 0.007 s     
|  |  |  |- Allocation: ......................... 0.000 s     
|  |  |  |- Project partition: .................. 0.000 s     
|  |  |  |- Create graph: ....................... 0.000 s     
|  |  |  `- Refinement: ......................... 0.006 s     
|  |  |     |- Greedy Balancer: ................. 0.000 s     
|  |  |     `- Label Propagation: ............... 0.006 s     
|  |  |        |- Iteration (0): ................ 0.003 s     
|  |  |        |- Iteration (1): ................ 0.000 s     
|  |  |        |- Iteration (2): ................ 0.000 s     
|  |  |        |- Iteration (3): ................ 0.000 s     
|  |  |        `- Iteration (4): ................ 0.000 s     
|  |  |- Level (3): ............................. 0.021 s     
|  |  |  |- Allocation: ......................... 0.004 s     
|  |  |  |- Project partition: .................. 0.000 s     
|  |  |  |- Create graph: ....................... 0.000 s     
|  |  |  `- Refinement: ......................... 0.015 s     
|  |  |     |- Greedy Balancer: ................. 0.000 s     
|  |  |     `- Label Propagation: ............... 0.015 s     
|  |  |        |- Iteration (0): ................ 0.010 s     
|  |  |        |- Iteration (1): ................ 0.002 s     
|  |  |        |- Iteration (2): ................ 0.001 s     
|  |  |        |- Iteration (3): ................ 0.000 s     
|  |  |        `- Iteration (4): ................ 0.000 s     
|  |  |- Level (2): ............................. 0.051 s     
|  |  |  |- Allocation: ......................... 0.007 s     
|  |  |  |- Project partition: .................. 0.000 s     
|  |  |  |- Create graph: ....................... 0.000 s     
|  |  |  `- Refinement: ......................... 0.041 s     
|  |  |     |- Greedy Balancer: ................. 0.000 s     
|  |  |     `- Label Propagation: ............... 0.041 s     
|  |  |        |- Iteration (0): ................ 0.031 s     
|  |  |        |- Iteration (1): ................ 0.004 s     
|  |  |        |- Iteration (2): ................ 0.001 s     
|  |  |        |- Iteration (3): ................ 0.001 s     
|  |  |        `- Iteration (4): ................ 0.000 s     
|  |  |- Level (1): ............................. 0.187 s     
|  |  |  |- Allocation: ......................... 0.003 s     
|  |  |  |- Project partition: .................. 0.001 s     
|  |  |  |- Create graph: ....................... 0.000 s     
|  |  |  `- Refinement: ......................... 0.175 s     
|  |  |     |- Greedy Balancer: ................. 0.000 s     
|  |  |     `- Label Propagation: ............... 0.175 s     
|  |  |        |- Iteration (0): ................ 0.148 s     
|  |  |        |- Iteration (1): ................ 0.016 s     
|  |  |        |- Iteration (2): ................ 0.006 s     
|  |  |        |- Iteration (3): ................ 0.002 s     
|  |  |        `- Iteration (4): ................ 0.001 s     
|  |  `- Level (0): ............................. 0.243 s     
|  |     |- Allocation: ......................... 0.005 s     
|  |     |- Project partition: .................. 0.002 s     
|  |     |- Create graph: ....................... 0.001 s     
|  |     `- Refinement: ......................... 0.205 s     
|  |        |- Greedy Balancer: ................. 0.000 s     
|  |        `- Label Propagation: ............... 0.205 s     
|  |           |- Iteration (0): ................ 0.171 s     
|  |           |- Iteration (1): ................ 0.018 s     
|  |           |- Iteration (2): ................ 0.007 s     
|  |           |- Iteration (3): ................ 0.002 s     
|  |           `- Iteration (4): ................ 0.002 s     
|  |- Deallocation: ............................. 0.009 s     
|  `- Re-integrate isolated nodes: .............. 0.009 s     
`- IO: .......................................... 0.002 s     

Partition summary:
  Number of blocks: 16
  Edge cut:         1944676
  Imbalance:        0.0299992
  Feasible:         yes

Block weights:
  w(0 ) = 1399729    w(1 ) = 1248632    w(2 ) = 1359162    w(3 ) = 1461392  
  w(4 ) = 1464025    w(5 ) = 1316677    w(6 ) = 1463954    w(7 ) = 1412209  
  w(8 ) = 1460848    w(9 ) = 1461188    w(10) = 1393159    w(11) = 1464149  
  w(12) = 1461167    w(13) = 1459321    w(14) = 1459239    w(15) = 1459229  

Maximum resident set size: 13832312 KiB
