################################################################################
#                _  __       __  __  _         ____                            #
#               | |/ / __ _ |  \/  |(_) _ __  |  _ \  __ _  _ __               #
#               | ' / / _` || |\/| || || '_ \ | |_) |/ _` || '__|              #
#               | . \| (_| || |  | || || | | ||  __/| (_| || |                 #
#               |_|\_\\__,_||_|  |_||_||_| |_||_|    \__,_||_|                 #
#                                                                              #
################################################################################
Current commit hash:          99c62314d27845b3825829ec1e3e97256490627d
Assertion level:              always+light
Statistics:                   disabled
Built on:                     liskov
Data type sizes:
  Nodes IDs: 4 bytes | Node weights: 4 bytes
  Edges IDs: 4 bytes | Edge weights: 4 bytes
############################################################## Input Summary ###
Execution mode:               64
Seed:                         1
Graph:                        asia.osm [node ordering: deg-buckets] [edge ordering: natural]
  Number of nodes:            11950757 (unweighted)
  Number of edges:            25423206 (unweighted)
Number of blocks:             16
Maximum block weight:         769330 (746923 + 3% / 3%)
---------------------------------------------------------- Graph Compression ---
Enabled:                      no
-------------------------------------------------------- Partitioning Scheme ---
Partitioning mode:            deep
  Deep initial part. mode:    async-parallel
  Deep initial part. load:    1
Subgraph memory:              Lazy
----------------------------------------------------------------- Coarsening ---
Contraction limit:            160
Coarsening algorithm:         clustering
  Cluster weight limit:       static-block-weight x 0.00625
  Shrink factor:              2.5
  Max mem-free level:         1
  Clustering algorithm:       lp
    Number of iterations:     1
    High degree threshold:    4294967295
    Max degree:               4294967295
    Tie breaking strategy:    uniform
    Implementation:           two-phase
      Relabel:                no
    2-hop clustering:         match-threadwise, if |Vcoarse| > 0.500000 * |V|
    Isolated nodes:           match-during-two-hop
  Forced hierarchy levels:    <none> (leeway: U=10.000000, L=1.100000)
Contraction algorithm:        unbuffered
  Implementation:             two-phase
------------------------------------------------------- Initial Partitioning ---
Adaptive algorithm selection: yes
----------------------------------------------------------------- Refinement ---
Refinement algorithms:        [greedy-balancer -> lp]
Label propagation:
  Number of iterations:       5
  Tie breaking strategy:      uniform
  Implementation:             single-phase
############################################################## Preprocessing ###
Removed 0 isolated nodes
  Remaining nodes:             11950757
  Remaining total node weight: 11950757
############################################################### Partitioning ###
Input graph:
 Number of nodes: 11950757 | Number of edges: 25423206
 Maximum node weight: 1

Coarsening -> Level 1 [max cluster weight: 4808]:
 Total edge weight:   11439312
 Number of nodes:     4995175 | Number of edges: 11226980
 Maximum node weight: 15

Coarsening -> Level 2 [max cluster weight: 4808]:
 Total edge weight:   5095924
 Number of nodes:     2007007 | Number of edges: 4762888
 Maximum node weight: 68

Coarsening -> Level 3 [max cluster weight: 4808]:
 Total edge weight:   2249908
 Number of nodes:     789090 | Number of edges: 1956560
 Maximum node weight: 236

Coarsening -> Level 4 [max cluster weight: 4808]:
 Total edge weight:   969610
 Number of nodes:     303340 | Number of edges: 779738
 Maximum node weight: 594

Coarsening -> Level 5 [max cluster weight: 4808]:
 Total edge weight:   408130
 Number of nodes:     113522 | Number of edges: 302742
 Maximum node weight: 1659

Coarsening -> Level 6 [max cluster weight: 4808]:
 Total edge weight:   168530
 Number of nodes:     41073 | Number of edges: 114178
 Maximum node weight: 4783

Coarsening -> Level 7 [max cluster weight: 4808]:
 Total edge weight:   72974
 Number of nodes:     14703 | Number of edges: 42678
 Maximum node weight: 4924

Coarsening -> Level 8 [max cluster weight: 4808]:
 Total edge weight:   44746
 Number of nodes:     5899 | Number of edges: 18704
 Maximum node weight: 4924

==> Coarsening terminated with less than 10240 nodes

Initial partitioning:
 Number of blocks: 16

Uncoarsening -> Level 7
 Number of nodes: 14703 | Number of edges: 42678
  Running refinement on 16 blocks
   1. Greedy Balancer
   2. Label Propagation

Uncoarsening -> Level 6
 Number of nodes: 41073 | Number of edges: 114178
  Running refinement on 16 blocks
   1. Greedy Balancer
   2. Label Propagation

Uncoarsening -> Level 5
 Number of nodes: 113522 | Number of edges: 302742
  Running refinement on 16 blocks
   1. Greedy Balancer
   2. Label Propagation

Uncoarsening -> Level 4
 Number of nodes: 303340 | Number of edges: 779738
  Running refinement on 16 blocks
   1. Greedy Balancer
   2. Label Propagation

Uncoarsening -> Level 3
 Number of nodes: 789090 | Number of edges: 1956560
  Running refinement on 16 blocks
   1. Greedy Balancer
   2. Label Propagation

Uncoarsening -> Level 2
 Number of nodes: 2007007 | Number of edges: 4762888
  Running refinement on 16 blocks
   1. Greedy Balancer
   2. Label Propagation

Uncoarsening -> Level 1
 Number of nodes: 4995175 | Number of edges: 11226980
  Running refinement on 16 blocks
   1. Greedy Balancer
   2. Label Propagation

Uncoarsening -> Level 0
 Number of nodes: 11950757 | Number of edges: 25423206
  Running refinement on 16 blocks
   1. Greedy Balancer
   2. Label Propagation
############################################################# Result Summary ###
RESULT cut=157 imbalance=0.019571 feasible=1 k=16
TIME read_input_graph=0.285 partitioning=0.520 partitioning.rearrange_by_degree-buckets=0.029 partitioning.rearrange_by_degree-buckets.sort_nodes_by_integer_buckets=0.012 partitioning.rearrange_by_degree-buckets.rearrange_input_graph=0.013 partitioning.rearrange_by_degree-buckets.deallocation=0.000 partitioning.refinement=0.000 partitioning.refinement.allocation=0.000 partitioning.coarsening=0.364 partitioning.coarsening.level[0]=0.189 partitioning.coarsening.level[0].label_propagation=0.053 partitioning.coarsening.level[0].label_propagation.allocation=0.010 partitioning.coarsening.level[0].label_propagation.iteration[0]=0.034 partitioning.coarsening.level[0].label_propagation.iteration[0].first_phase=0.031 partitioning.coarsening.level[0].label_propagation.handle_isolated_nodes=0.000 partitioning.coarsening.level[0].label_propagation.handle_two-hop_nodes=0.000 partitioning.coarsening.level[0].label_propagation.free=0.006 partitioning.coarsening.level[0].contract_graph=0.135 partitioning.coarsening.level[0].contract_graph.allocation=0.001 partitioning.coarsening.level[0].contract_graph.preprocessing=0.022 partitioning.coarsening.level[0].contract_graph.deallocation=0.000 partitioning.coarsening.level[0].contract_graph.construct_coarse_graph=0.108 partitioning.coarsening.level[0].contract_graph.construct_coarse_graph.aggregate_coarse_edges=0.097 partitioning.coarsening.level[0].contract_graph.construct_coarse_graph.aggregate_coarse_edges.first_phase=0.079 partitioning.coarsening.level[0].contract_graph.construct_coarse_graph.aggregate_coarse_edges.second_phase=0.004 partitioning.coarsening.level[0].contract_graph.construct_coarse_graph.remap_coarse_edges_and_mapping=0.008 partitioning.coarsening.level[1]=0.091 partitioning.coarsening.level[1].label_propagation=0.032 partitioning.coarsening.level[1].label_propagation.allocation=0.012 partitioning.coarsening.level[1].label_propagation.iteration[0]=0.017 partitioning.coarsening.level[1].label_propagation.iteration[0].first_phase=0.016 partitioning.coarsening.level[1].label_propagation.handle_isolated_nodes=0.000 partitioning.coarsening.level[1].label_propagation.handle_two-hop_nodes=0.000 partitioning.coarsening.level[1].contract_graph=0.058 partitioning.coarsening.level[1].contract_graph.allocation=0.002 partitioning.coarsening.level[1].contract_graph.preprocessing=0.017 partitioning.coarsening.level[1].contract_graph.deallocation=0.000 partitioning.coarsening.level[1].contract_graph.construct_coarse_graph=0.038 partitioning.coarsening.level[1].contract_graph.construct_coarse_graph.aggregate_coarse_edges=0.034 partitioning.coarsening.level[1].contract_graph.construct_coarse_graph.aggregate_coarse_edges.first_phase=0.029 partitioning.coarsening.level[1].contract_graph.construct_coarse_graph.aggregate_coarse_edges.second_phase=0.005 partitioning.coarsening.level[1].contract_graph.construct_coarse_graph.remap_coarse_edges_and_mapping=0.002 partitioning.coarsening.level[2]=0.040 partitioning.coarsening.level[2].label_propagation=0.017 partitioning.coarsening.level[2].label_propagation.iteration[0]=0.010 partitioning.coarsening.level[2].label_propagation.iteration[0].first_phase=0.009 partitioning.coarsening.level[2].label_propagation.handle_isolated_nodes=0.000 partitioning.coarsening.level[2].label_propagation.handle_two-hop_nodes=0.000 partitioning.coarsening.level[2].contract_graph=0.022 partitioning.coarsening.level[2].contract_graph.allocation=0.000 partitioning.coarsening.level[2].contract_graph.preprocessing=0.008 partitioning.coarsening.level[2].contract_graph.deallocation=0.000 partitioning.coarsening.level[2].contract_graph.construct_coarse_graph=0.012 partitioning.coarsening.level[2].contract_graph.construct_coarse_graph.aggregate_coarse_edges=0.011 partitioning.coarsening.level[2].contract_graph.construct_coarse_graph.aggregate_coarse_edges.first_phase=0.010 partitioning.coarsening.level[2].contract_graph.construct_coarse_graph.aggregate_coarse_edges.second_phase=0.000 partitioning.coarsening.level[2].contract_graph.construct_coarse_graph.remap_coarse_edges_and_mapping=0.001 partitioning.coarsening.level[3]=0.022 partitioning.coarsening.level[3].label_propagation=0.004 partitioning.coarsening.level[3].label_propagation.iteration[0]=0.004 partitioning.coarsening.level[3].label_propagation.iteration[0].first_phase=0.004 partitioning.coarsening.level[3].label_propagation.handle_isolated_nodes=0.000 partitioning.coarsening.level[3].label_propagation.handle_two-hop_nodes=0.000 partitioning.coarsening.level[3].contract_graph=0.016 partitioning.coarsening.level[3].contract_graph.allocation=0.000 partitioning.coarsening.level[3].contract_graph.preprocessing=0.009 partitioning.coarsening.level[3].contract_graph.deallocation=0.000 partitioning.coarsening.level[3].contract_graph.construct_coarse_graph=0.005 partitioning.coarsening.level[3].contract_graph.construct_coarse_graph.aggregate_coarse_edges=0.004 partitioning.coarsening.level[3].contract_graph.construct_coarse_graph.aggregate_coarse_edges.first_phase=0.004 partitioning.coarsening.level[3].contract_graph.construct_coarse_graph.aggregate_coarse_edges.second_phase=0.000 partitioning.coarsening.level[3].contract_graph.construct_coarse_graph.remap_coarse_edges_and_mapping=0.000 partitioning.coarsening.level[4]=0.007 partitioning.coarsening.level[4].label_propagation=0.002 partitioning.coarsening.level[4].label_propagation.iteration[0]=0.002 partitioning.coarsening.level[4].label_propagation.iteration[0].first_phase=0.002 partitioning.coarsening.level[4].label_propagation.handle_isolated_nodes=0.000 partitioning.coarsening.level[4].label_propagation.handle_two-hop_nodes=0.000 partitioning.coarsening.level[4].contract_graph=0.005 partitioning.coarsening.level[4].contract_graph.allocation=0.000 partitioning.coarsening.level[4].contract_graph.preprocessing=0.001 partitioning.coarsening.level[4].contract_graph.deallocation=0.000 partitioning.coarsening.level[4].contract_graph.construct_coarse_graph=0.003 partitioning.coarsening.level[4].contract_graph.construct_coarse_graph.aggregate_coarse_edges=0.003 partitioning.coarsening.level[4].contract_graph.construct_coarse_graph.aggregate_coarse_edges.first_phase=0.003 partitioning.coarsening.level[4].contract_graph.construct_coarse_graph.aggregate_coarse_edges.second_phase=0.000 partitioning.coarsening.level[4].contract_graph.construct_coarse_graph.remap_coarse_edges_and_mapping=0.000 partitioning.coarsening.level[5]=0.005 partitioning.coarsening.level[5].label_propagation=0.001 partitioning.coarsening.level[5].label_propagation.iteration[0]=0.001 partitioning.coarsening.level[5].label_propagation.iteration[0].first_phase=0.001 partitioning.coarsening.level[5].label_propagation.handle_isolated_nodes=0.000 partitioning.coarsening.level[5].label_propagation.handle_two-hop_nodes=0.000 partitioning.coarsening.level[5].contract_graph=0.004 partitioning.coarsening.level[5].contract_graph.allocation=0.000 partitioning.coarsening.level[5].contract_graph.preprocessing=0.000 partitioning.coarsening.level[5].contract_graph.deallocation=0.000 partitioning.coarsening.level[5].contract_graph.construct_coarse_graph=0.003 partitioning.coarsening.level[5].contract_graph.construct_coarse_graph.aggregate_coarse_edges=0.003 partitioning.coarsening.level[5].contract_graph.construct_coarse_graph.aggregate_coarse_edges.first_phase=0.003 partitioning.coarsening.level[5].contract_graph.construct_coarse_graph.aggregate_coarse_edges.second_phase=0.000 partitioning.coarsening.level[5].contract_graph.construct_coarse_graph.remap_coarse_edges_and_mapping=0.000 partitioning.coarsening.level[6]=0.004 partitioning.coarsening.level[6].label_propagation=0.000 partitioning.coarsening.level[6].label_propagation.iteration[0]=0.000 partitioning.coarsening.level[6].label_propagation.iteration[0].first_phase=0.000 partitioning.coarsening.level[6].label_propagation.handle_isolated_nodes=0.000 partitioning.coarsening.level[6].label_propagation.handle_two-hop_nodes=0.000 partitioning.coarsening.level[6].contract_graph=0.003 partitioning.coarsening.level[6].contract_graph.allocation=0.000 partitioning.coarsening.level[6].contract_graph.preprocessing=0.000 partitioning.coarsening.level[6].contract_graph.deallocation=0.000 partitioning.coarsening.level[6].contract_graph.construct_coarse_graph=0.002 partitioning.coarsening.level[6].contract_graph.construct_coarse_graph.aggregate_coarse_edges=0.002 partitioning.coarsening.level[6].contract_graph.construct_coarse_graph.aggregate_coarse_edges.first_phase=0.002 partitioning.coarsening.level[6].contract_graph.construct_coarse_graph.aggregate_coarse_edges.second_phase=0.000 partitioning.coarsening.level[6].contract_graph.construct_coarse_graph.remap_coarse_edges_and_mapping=0.000 partitioning.coarsening.level[7]=0.003 partitioning.coarsening.level[7].label_propagation=0.000 partitioning.coarsening.level[7].label_propagation.iteration[0]=0.000 partitioning.coarsening.level[7].label_propagation.iteration[0].first_phase=0.000 partitioning.coarsening.level[7].label_propagation.handle_isolated_nodes=0.000 partitioning.coarsening.level[7].label_propagation.handle_two-hop_nodes=0.000 partitioning.coarsening.level[7].contract_graph=0.003 partitioning.coarsening.level[7].contract_graph.allocation=0.000 partitioning.coarsening.level[7].contract_graph.preprocessing=0.000 partitioning.coarsening.level[7].contract_graph.deallocation=0.000 partitioning.coarsening.level[7].contract_graph.construct_coarse_graph=0.003 partitioning.coarsening.level[7].contract_graph.construct_coarse_graph.aggregate_coarse_edges=0.003 partitioning.coarsening.level[7].contract_graph.construct_coarse_graph.aggregate_coarse_edges.first_phase=0.002 partitioning.coarsening.level[7].contract_graph.construct_coarse_graph.aggregate_coarse_edges.second_phase=0.000 partitioning.coarsening.level[7].contract_graph.construct_coarse_graph.remap_coarse_edges_and_mapping=0.000 partitioning.coarsening.deallocation=0.000 partitioning.initial_partitioning_scheme=0.034 partitioning.uncoarsening=0.080 partitioning.uncoarsening.level[7]=0.004 partitioning.uncoarsening.level[7].allocation=0.000 partitioning.uncoarsening.level[7].project_partition=0.000 partitioning.uncoarsening.level[7].create_graph=0.000 partitioning.uncoarsening.level[7].refinement=0.004 partitioning.uncoarsening.level[7].refinement.greedy_balancer=0.000 partitioning.uncoarsening.level[7].refinement.label_propagation=0.004 partitioning.uncoarsening.level[7].refinement.label_propagation.allocation=0.003 partitioning.uncoarsening.level[7].refinement.label_propagation.iteration[0]=0.000 partitioning.uncoarsening.level[7].refinement.label_propagation.iteration[1]=0.000 partitioning.uncoarsening.level[7].refinement.label_propagation.iteration[2]=0.000 partitioning.uncoarsening.level[7].refinement.label_propagation.iteration[3]=0.000 partitioning.uncoarsening.level[6]=0.000 partitioning.uncoarsening.level[6].allocation=0.000 partitioning.uncoarsening.level[6].project_partition=0.000 partitioning.uncoarsening.level[6].create_graph=0.000 partitioning.uncoarsening.level[6].refinement=0.000 partitioning.uncoarsening.level[6].refinement.greedy_balancer=0.000 partitioning.uncoarsening.level[6].refinement.label_propagation=0.000 partitioning.uncoarsening.level[6].refinement.label_propagation.iteration[0]=0.000 partitioning.uncoarsening.level[6].refinement.label_propagation.iteration[1]=0.000 partitioning.uncoarsening.level[6].refinement.label_propagation.iteration[2]=0.000 partitioning.uncoarsening.level[5]=0.001 partitioning.uncoarsening.level[5].allocation=0.000 partitioning.uncoarsening.level[5].project_partition=0.000 partitioning.uncoarsening.level[5].create_graph=0.000 partitioning.uncoarsening.level[5].refinement=0.000 partitioning.uncoarsening.level[5].refinement.greedy_balancer=0.000 partitioning.uncoarsening.level[5].refinement.label_propagation=0.000 partitioning.uncoarsening.level[5].refinement.label_propagation.iteration[0]=0.000 partitioning.uncoarsening.level[5].refinement.label_propagation.iteration[1]=0.000 partitioning.uncoarsening.level[5].refinement.label_propagation.iteration[2]=0.000 partitioning.uncoarsening.level[5].refinement.label_propagation.iteration[3]=0.000 partitioning.uncoarsening.level[5].refinement.label_propagation.iteration[4]=0.000 partitioning.uncoarsening.level[4]=0.002 partitioning.uncoarsening.level[4].allocation=0.000 partitioning.uncoarsening.level[4].project_partition=0.000 partitioning.uncoarsening.level[4].create_graph=0.000 partitioning.uncoarsening.level[4].refinement=0.001 partitioning.uncoarsening.level[4].refinement.greedy_balancer=0.000 partitioning.uncoarsening.level[4].refinement.label_propagation=0.001 partitioning.uncoarsening.level[4].refinement.label_propagation.iteration[0]=0.001 partitioning.uncoarsening.level[4].refinement.label_propagation.iteration[1]=0.000 partitioning.uncoarsening.level[4].refinement.label_propagation.iteration[2]=0.000 partitioning.uncoarsening.level[4].refinement.label_propagation.iteration[3]=0.000 partitioning.uncoarsening.level[3]=0.004 partitioning.uncoarsening.level[3].allocation=0.000 partitioning.uncoarsening.level[3].project_partition=0.000 partitioning.uncoarsening.level[3].create_graph=0.000 partitioning.uncoarsening.level[3].refinement=0.003 partitioning.uncoarsening.level[3].refinement.greedy_balancer=0.000 partitioning.uncoarsening.level[3].refinement.label_propagation=0.003 partitioning.uncoarsening.level[3].refinement.label_propagation.iteration[0]=0.002 partitioning.uncoarsening.level[3].refinement.label_propagation.iteration[1]=0.000 partitioning.uncoarsening.level[3].refinement.label_propagation.iteration[2]=0.000 partitioning.uncoarsening.level[3].refinement.label_propagation.iteration[3]=0.000 partitioning.uncoarsening.level[3].refinement.label_propagation.iteration[4]=0.000 partitioning.uncoarsening.level[2]=0.015 partitioning.uncoarsening.level[2].allocation=0.007 partitioning.uncoarsening.level[2].project_partition=0.000 partitioning.uncoarsening.level[2].create_graph=0.000 partitioning.uncoarsening.level[2].refinement=0.006 partitioning.uncoarsening.level[2].refinement.greedy_balancer=0.000 partitioning.uncoarsening.level[2].refinement.label_propagation=0.006 partitioning.uncoarsening.level[2].refinement.label_propagation.iteration[0]=0.005 partitioning.uncoarsening.level[2].refinement.label_propagation.iteration[1]=0.000 partitioning.uncoarsening.level[2].refinement.label_propagation.iteration[2]=0.000 partitioning.uncoarsening.level[2].refinement.label_propagation.iteration[3]=0.000 partitioning.uncoarsening.level[2].refinement.label_propagation.iteration[4]=0.000 partitioning.uncoarsening.level[1]=0.019 partitioning.uncoarsening.level[1].allocation=0.006 partitioning.uncoarsening.level[1].project_partition=0.000 partitioning.uncoarsening.level[1].create_graph=0.000 partitioning.uncoarsening.level[1].refinement=0.011 partitioning.uncoarsening.level[1].refinement.greedy_balancer=0.000 partitioning.uncoarsening.level[1].refinement.label_propagation=0.011 partitioning.uncoarsening.level[1].refinement.label_propagation.iteration[0]=0.009 partitioning.uncoarsening.level[1].refinement.label_propagation.iteration[1]=0.000 partitioning.uncoarsening.level[1].refinement.label_propagation.iteration[2]=0.000 partitioning.uncoarsening.level[1].refinement.label_propagation.iteration[3]=0.000 partitioning.uncoarsening.level[1].refinement.label_propagation.iteration[4]=0.000 partitioning.uncoarsening.level[0]=0.030 partitioning.uncoarsening.level[0].allocation=0.003 partitioning.uncoarsening.level[0].project_partition=0.001 partitioning.uncoarsening.level[0].create_graph=0.001 partitioning.uncoarsening.level[0].refinement=0.021 partitioning.uncoarsening.level[0].refinement.greedy_balancer=0.000 partitioning.uncoarsening.level[0].refinement.label_propagation=0.021 partitioning.uncoarsening.level[0].refinement.label_propagation.iteration[0]=0.017 partitioning.uncoarsening.level[0].refinement.label_propagation.iteration[1]=0.000 partitioning.uncoarsening.level[0].refinement.label_propagation.iteration[2]=0.000 partitioning.uncoarsening.level[0].refinement.label_propagation.iteration[3]=0.000 partitioning.uncoarsening.level[0].refinement.label_propagation.iteration[4]=0.000 partitioning.deallocation=0.002 partitioning.re-integrate_isolated_nodes=0.008 io=0.002 
MEMORY disabled

Global Timer: ................................... 0.816 s    
|- Read input graph: ............................ 0.285 s    
|- Partitioning: ................................ 0.520 s    
|  |- Rearrange by degree-buckets: .............. 0.029 s    
|  |  |- Sort nodes by integer buckets: ......... 0.012 s    
|  |  |- Rearrange input graph: ................. 0.013 s    
|  |  `- Deallocation: .......................... 0.000 s    
|  |- Refinement: ............................... 0.000 s    
|  |  `- Allocation: ............................ 0.000 s    
|  |- Coarsening: ............................... 0.364 s    
|  |  |- Level (0): ............................. 0.189 s    
|  |  |  |- Label Propagation: .................. 0.053 s    
|  |  |  |  |- Allocation: ...................... 0.010 s    
|  |  |  |  |- Iteration (0): ................... 0.034 s    
|  |  |  |  |  `- First phase: .................. 0.031 s    
|  |  |  |  |- Handle isolated nodes: ........... 0.000 s    
|  |  |  |  |- Handle two-hop nodes: ............ 0.000 s    
|  |  |  |  `- Free: ............................ 0.006 s    
|  |  |  `- Contract graph: ..................... 0.135 s    
|  |  |     |- Allocation: ...................... 0.001 s (3)
|  |  |     |- Preprocessing: ................... 0.022 s (3)
|  |  |     |- Deallocation: .................... 0.000 s    
|  |  |     `- Construct coarse graph: .......... 0.108 s    
|  |  |        |- Aggregate coarse edges: ....... 0.097 s    
|  |  |        |  |- First phase: ............... 0.079 s    
|  |  |        |  `- Second phase: .............. 0.004 s    
|  |  |        `- Remap coarse edges and mapping: 0.008 s    
|  |  |- Level (1): ............................. 0.091 s    
|  |  |  |- Label Propagation: .................. 0.032 s    
|  |  |  |  |- Allocation: ...................... 0.012 s    
|  |  |  |  |- Iteration (0): ................... 0.017 s    
|  |  |  |  |  `- First phase: .................. 0.016 s    
|  |  |  |  |- Handle isolated nodes: ........... 0.000 s    
|  |  |  |  `- Handle two-hop nodes: ............ 0.000 s    
|  |  |  `- Contract graph: ..................... 0.058 s    
|  |  |     |- Allocation: ...................... 0.002 s (3)
|  |  |     |- Preprocessing: ................... 0.017 s (3)
|  |  |     |- Deallocation: .................... 0.000 s    
|  |  |     `- Construct coarse graph: .......... 0.038 s    
|  |  |        |- Aggregate coarse edges: ....... 0.034 s    
|  |  |        |  |- First phase: ............... 0.029 s    
|  |  |        |  `- Second phase: .............. 0.005 s    
|  |  |        `- Remap coarse edges and mapping: 0.002 s    
|  |  |- Level (2): ............................. 0.040 s    
|  |  |  |- Label Propagation: .................. 0.017 s    
|  |  |  |  |- Iteration (0): ................... 0.010 s    
|  |  |  |  |  `- First phase: .................. 0.009 s    
|  |  |  |  |- Handle isolated nodes: ........... 0.000 s    
|  |  |  |  `- Handle two-hop nodes: ............ 0.000 s    
|  |  |  `- Contract graph: ..................... 0.022 s    
|  |  |     |- Allocation: ...................... 0.000 s (3)
|  |  |     |- Preprocessing: ................... 0.008 s (3)
|  |  |     |- Deallocation: .................... 0.000 s    
|  |  |     `- Construct coarse graph: .......... 0.012 s    
|  |  |        |- Aggregate coarse edges: ....... 0.011 s    
|  |  |        |  |- First phase: ............... 0.010 s    
|  |  |        |  `- Second phase: .............. 0.000 s    
|  |  |        `- Remap coarse edges and mapping: 0.001 s    
|  |  |- Level (3): ............................. 0.022 s    
|  |  |  |- Label Propagation: .................. 0.004 s    
|  |  |  |  |- Iteration (0): ................... 0.004 s    
|  |  |  |  |  `- First phase: .................. 0.004 s    
|  |  |  |  |- Handle isolated nodes: ........... 0.000 s    
|  |  |  |  `- Handle two-hop nodes: ............ 0.000 s    
|  |  |  `- Contract graph: ..................... 0.016 s    
|  |  |     |- Allocation: ...................... 0.000 s (3)
|  |  |     |- Preprocessing: ................... 0.009 s (3)
|  |  |     |- Deallocation: .................... 0.000 s    
|  |  |     `- Construct coarse graph: .......... 0.005 s    
|  |  |        |- Aggregate coarse edges: ....... 0.004 s    
|  |  |        |  |- First phase: ............... 0.004 s    
|  |  |        |  `- Second phase: .............. 0.000 s    
|  |  |        `- Remap coarse edges and mapping: 0.000 s    
|  |  |- Level (4): ............................. 0.007 s    
|  |  |  |- Label Propagation: .................. 0.002 s    
|  |  |  |  |- Iteration (0): ................... 0.002 s    
|  |  |  |  |  `- First phase: .................. 0.002 s    
|  |  |  |  |- Handle isolated nodes: ........... 0.000 s    
|  |  |  |  `- Handle two-hop nodes: ............ 0.000 s    
|  |  |  `- Contract graph: ..................... 0.005 s    
|  |  |     |- Allocation: ...................... 0.000 s (3)
|  |  |     |- Preprocessing: ................... 0.001 s (3)
|  |  |     |- Deallocation: .................... 0.000 s    
|  |  |     `- Construct coarse graph: .......... 0.003 s    
|  |  |        |- Aggregate coarse edges: ....... 0.003 s    
|  |  |        |  |- First phase: ............... 0.003 s    
|  |  |        |  `- Second phase: .............. 0.000 s    
|  |  |        `- Remap coarse edges and mapping: 0.000 s    
|  |  |- Level (5): ............................. 0.005 s    
|  |  |  |- Label Propagation: .................. 0.001 s    
|  |  |  |  |- Iteration (0): ................... 0.001 s    
|  |  |  |  |  `- First phase: .................. 0.001 s    
|  |  |  |  |- Handle isolated nodes: ........... 0.000 s    
|  |  |  |  `- Handle two-hop nodes: ............ 0.000 s    
|  |  |  `- Contract graph: ..................... 0.004 s    
|  |  |     |- Allocation: ...................... 0.000 s (3)
|  |  |     |- Preprocessing: ................... 0.000 s (3)
|  |  |     |- Deallocation: .................... 0.000 s    
|  |  |     `- Construct coarse graph: .......... 0.003 s    
|  |  |        |- Aggregate coarse edges: ....... 0.003 s    
|  |  |        |  |- First phase: ............... 0.003 s    
|  |  |        |  `- Second phase: .............. 0.000 s    
|  |  |        `- Remap coarse edges and mapping: 0.000 s    
|  |  |- Level (6): ............................. 0.004 s    
|  |  |  |- Label Propagation: .................. 0.000 s    
|  |  |  |  |- Iteration (0): ................... 0.000 s    
|  |  |  |  |  `- First phase: .................. 0.000 s    
|  |  |  |  |- Handle isolated nodes: ........... 0.000 s    
|  |  |  |  `- Handle two-hop nodes: ............ 0.000 s    
|  |  |  `- Contract graph: ..................... 0.003 s    
|  |  |     |- Allocation: ...................... 0.000 s (3)
|  |  |     |- Preprocessing: ................... 0.000 s (3)
|  |  |     |- Deallocation: .................... 0.000 s    
|  |  |     `- Construct coarse graph: .......... 0.002 s    
|  |  |        |- Aggregate coarse edges: ....... 0.002 s    
|  |  |        |  |- First phase: ............... 0.002 s    
|  |  |        |  `- Second phase: .............. 0.000 s    
|  |  |        `- Remap coarse edges and mapping: 0.000 s    
|  |  |- Level (7): ............................. 0.003 s    
|  |  |  |- Label Propagation: .................. 0.000 s    
|  |  |  |  |- Iteration (0): ................... 0.000 s    
|  |  |  |  |  `- First phase: .................. 0.000 s    
|  |  |  |  |- Handle isolated nodes: ........... 0.000 s    
|  |  |  |  `- Handle two-hop nodes: ............ 0.000 s    
|  |  |  `- Contract graph: ..................... 0.003 s    
|  |  |     |- Allocation: ...................... 0.000 s (3)
|  |  |     |- Preprocessing: ................... 0.000 s (3)
|  |  |     |- Deallocation: .................... 0.000 s    
|  |  |     `- Construct coarse graph: .......... 0.003 s    
|  |  |        |- Aggregate coarse edges: ....... 0.003 s    
|  |  |        |  |- First phase: ............... 0.002 s    
|  |  |        |  `- Second phase: .............. 0.000 s    
|  |  |        `- Remap coarse edges and mapping: 0.000 s    
|  |  `- Deallocation: .......................... 0.000 s    
|  |- Initial partitioning scheme: .............. 0.034 s    
|  |- Uncoarsening: ............................. 0.080 s    
|  |  |- Level (7): ............................. 0.004 s    
|  |  |  |- Allocation: ......................... 0.000 s    
|  |  |  |- Project partition: .................. 0.000 s    
|  |  |  |- Create graph: ....................... 0.000 s    
|  |  |  `- Refinement: ......................... 0.004 s    
|  |  |     |- Greedy Balancer: ................. 0.000 s    
|  |  |     `- Label Propagation: ............... 0.004 s    
|  |  |        |- Allocation: ................... 0.003 s    
|  |  |        |- Iteration (0): ................ 0.000 s    
|  |  |        |- Iteration (1): ................ 0.000 s    
|  |  |        |- Iteration (2): ................ 0.000 s    
|  |  |        `- Iteration (3): ................ 0.000 s    
|  |  |- Level (6): ............................. 0.000 s    
|  |  |  |- Allocation: ......................... 0.000 s    
|  |  |  |- Project partition: .................. 0.000 s    
|  |  |  |- Create graph: ....................... 0.000 s    
|  |  |  `- Refinement: ......................... 0.000 s    
|  |  |     |- Greedy Balancer: ................. 0.000 s    
|  |  |     `- Label Propagation: ............... 0.000 s    
|  |  |        |- Iteration (0): ................ 0.000 s    
|  |  |        |- Iteration (1): ................ 0.000 s    
|  |  |        `- Iteration (2): ................ 0.000 s    
|  |  |- Level (5): ............................. 0.001 s    
|  |  |  |- Allocation: ......................... 0.000 s    
|  |  |  |- Project partition: .................. 0.000 s    
|  |  |  |- Create graph: ....................... 0.000 s    
|  |  |  `- Refinement: ......................... 0.000 s    
|  |  |     |- Greedy Balancer: ................. 0.000 s    
|  |  |     `- Label Propagation: ............... 0.000 s    
|  |  |        |- Iteration (0): ................ 0.000 s    
|  |  |        |- Iteration (1): ................ 0.000 s    
|  |  |        |- Iteration (2): ................ 0.000 s    
|  |  |        |- Iteration (3): ................ 0.000 s    
|  |  |        `- Iteration (4): ................ 0.000 s    
|  |  |- Level (4): ............................. 0.002 s    
|  |  |  |- Allocation: ......................... 0.000 s    
|  |  |  |- Project partition: .................. 0.000 s    
|  |  |  |- Create graph: ....................... 0.000 s    
|  |  |  `- Refinement: ......................... 0.001 s    
|  |  |     |- Greedy Balancer: ................. 0.000 s    
|  |  |     `- Label Propagation: ............... 0.001 s    
|  |  |        |- Iteration (0): ................ 0.001 s    
|  |  |        |- Iteration (1): ................ 0.000 s    
|  |  |        |- Iteration (2): ................ 0.000 s    
|  |  |        `- Iteration (3): ................ 0.000 s    
|  |  |- Level (3): ............................. 0.004 s    
|  |  |  |- Allocation: ......................... 0.000 s    
|  |  |  |- Project partition: .................. 0.000 s    
|  |  |  |- Create graph: ....................... 0.000 s    
|  |  |  `- Refinement: ......................... 0.003 s    
|  |  |     |- Greedy Balancer: ................. 0.000 s    
|  |  |     `- Label Propagation: ............... 0.003 s    
|  |  |        |- Iteration (0): ................ 0.002 s    
|  |  |        |- Iteration (1): ................ 0.000 s    
|  |  |        |- Iteration (2): ................ 0.000 s    
|  |  |        |- Iteration (3): ................ 0.000 s    
|  |  |        `- Iteration (4): ................ 0.000 s    
|  |  |- Level (2): ............................. 0.015 s    
|  |  |  |- Allocation: ......................... 0.007 s    
|  |  |  |- Project partition: .................. 0.000 s    
|  |  |  |- Create graph: ....................... 0.000 s    
|  |  |  `- Refinement: ......................... 0.006 s    
|  |  |     |- Greedy Balancer: ................. 0.000 s    
|  |  |     `- Label Propagation: ............... 0.006 s    
|  |  |        |- Iteration (0): ................ 0.005 s    
|  |  |        |- Iteration (1): ................ 0.000 s    
|  |  |        |- Iteration (2): ................ 0.000 s    
|  |  |        |- Iteration (3): ................ 0.000 s    
|  |  |        `- Iteration (4): ................ 0.000 s    
|  |  |- Level (1): ............................. 0.019 s    
|  |  |  |- Allocation: ......................... 0.006 s    
|  |  |  |- Project partition: .................. 0.000 s    
|  |  |  |- Create graph: ....................... 0.000 s    
|  |  |  `- Refinement: ......................... 0.011 s    
|  |  |     |- Greedy Balancer: ................. 0.000 s    
|  |  |     `- Label Propagation: ............... 0.011 s    
|  |  |        |- Iteration (0): ................ 0.009 s    
|  |  |        |- Iteration (1): ................ 0.000 s    
|  |  |        |- Iteration (2): ................ 0.000 s    
|  |  |        |- Iteration (3): ................ 0.000 s    
|  |  |        `- Iteration (4): ................ 0.000 s    
|  |  `- Level (0): ............................. 0.030 s    
|  |     |- Allocation: ......................... 0.003 s    
|  |     |- Project partition: .................. 0.001 s    
|  |     |- Create graph: ....................... 0.001 s    
|  |     `- Refinement: ......................... 0.021 s    
|  |        |- Greedy Balancer: ................. 0.000 s    
|  |        `- Label Propagation: ............... 0.021 s    
|  |           |- Iteration (0): ................ 0.017 s    
|  |           |- Iteration (1): ................ 0.000 s    
|  |           |- Iteration (2): ................ 0.000 s    
|  |           |- Iteration (3): ................ 0.000 s    
|  |           `- Iteration (4): ................ 0.000 s    
|  |- Deallocation: ............................. 0.002 s    
|  `- Re-integrate isolated nodes: .............. 0.008 s    
`- IO: .......................................... 0.002 s    

Partition summary:
  Number of blocks: 16
  Edge cut:         157
  Imbalance:        0.019571
  Feasible:         yes

Block weights:
  w(0 ) = 756394     w(1 ) = 748685     w(2 ) = 756800     w(3 ) = 756395   
  w(4 ) = 748850     w(5 ) = 748852     w(6 ) = 729233     w(7 ) = 742773   
  w(8 ) = 748317     w(9 ) = 748465     w(10) = 722339     w(11) = 761541   
  w(12) = 755553     w(13) = 748685     w(14) = 748685     w(15) = 729190   

Maximum resident set size: 904916 KiB
