################################################################################
#                _  __       __  __  _         ____                            #
#               | |/ / __ _ |  \/  |(_) _ __  |  _ \  __ _  _ __               #
#               | ' / / _` || |\/| || || '_ \ | |_) |/ _` || '__|              #
#               | . \| (_| || |  | || || | | ||  __/| (_| || |                 #
#               |_|\_\\__,_||_|  |_||_||_| |_||_|    \__,_||_|                 #
#                                                                              #
################################################################################
Current commit hash:          99c62314d27845b3825829ec1e3e97256490627d
Assertion level:              always+light
Statistics:                   disabled
Built on:                     liskov
Data type sizes:
  Nodes IDs: 4 bytes | Node weights: 4 bytes
  Edges IDs: 4 bytes | Edge weights: 4 bytes
############################################################## Input Summary ###
Execution mode:               64
Seed:                         1
Graph:                        com-orkut.ungraph [node ordering: deg-buckets] [edge ordering: natural]
  Number of nodes:              3072627 (unweighted)
  Number of edges:            234370166 (unweighted)
Number of blocks:             16
Maximum block weight:         197801 (192040 + 3% / 3%)
---------------------------------------------------------- Graph Compression ---
Enabled:                      no
-------------------------------------------------------- Partitioning Scheme ---
Partitioning mode:            deep
  Deep initial part. mode:    async-parallel
  Deep initial part. load:    1
Subgraph memory:              Lazy
----------------------------------------------------------------- Coarsening ---
Contraction limit:            160
Coarsening algorithm:         clustering
  Cluster weight limit:       static-block-weight x 0.00625
  Shrink factor:              2.5
  Max mem-free level:         1
  Clustering algorithm:       lp
    Number of iterations:     1
    High degree threshold:    4294967295
    Max degree:               4294967295
    Tie breaking strategy:    uniform
    Implementation:           two-phase
      Relabel:                no
    2-hop clustering:         match-threadwise, if |Vcoarse| > 0.500000 * |V|
    Isolated nodes:           match-during-two-hop
  Forced hierarchy levels:    <none> (leeway: U=10.000000, L=1.100000)
Contraction algorithm:        unbuffered
  Implementation:             two-phase
------------------------------------------------------- Initial Partitioning ---
Adaptive algorithm selection: yes
----------------------------------------------------------------- Refinement ---
Refinement algorithms:        [greedy-balancer -> lp]
Label propagation:
  Number of iterations:       5
  Tie breaking strategy:      uniform
  Implementation:             single-phase
############################################################## Preprocessing ###
Removed 186 isolated nodes
  Remaining nodes:             3072441
  Remaining total node weight: 3072441
############################################################### Partitioning ###
Input graph:
 Number of nodes: 3072441 | Number of edges: 234370166
 Maximum node weight: 1

Coarsening -> Level 1 [max cluster weight: 1236]:
 Total edge weight:   224669870
 Number of nodes:     1222152 | Number of edges: 192017710
 Maximum node weight: 1236

Coarsening -> Level 2 [max cluster weight: 1236]:
 Total edge weight:   203650312
 Number of nodes:     484615 | Number of edges: 95251344
 Maximum node weight: 1237

Coarsening -> Level 3 [max cluster weight: 1236]:
 Total edge weight:   187774530
 Number of nodes:     190802 | Number of edges: 44541160
 Maximum node weight: 1237

Coarsening -> Level 4 [max cluster weight: 1236]:
 Total edge weight:   180634958
 Number of nodes:     74156 | Number of edges: 20624744
 Maximum node weight: 1237

Coarsening -> Level 5 [max cluster weight: 1236]:
 Total edge weight:   178179404
 Number of nodes:     28530 | Number of edges: 9954276
 Maximum node weight: 1237

Coarsening -> Level 6 [max cluster weight: 1236]:
 Total edge weight:   177496604
 Number of nodes:     10934 | Number of edges: 5603740
 Maximum node weight: 2472

Coarsening -> Level 7 [max cluster weight: 1236]:
 Total edge weight:   177346966
 Number of nodes:     5365 | Number of edges: 4009054
 Maximum node weight: 2472

==> Coarsening terminated with less than 10240 nodes

Initial partitioning:
 Number of blocks: 16

Uncoarsening -> Level 6
 Number of nodes: 10934 | Number of edges: 5603740
  Running refinement on 16 blocks
   1. Greedy Balancer
   2. Label Propagation

Uncoarsening -> Level 5
 Number of nodes: 28530 | Number of edges: 9954276
  Running refinement on 16 blocks
   1. Greedy Balancer
   2. Label Propagation

Uncoarsening -> Level 4
 Number of nodes: 74156 | Number of edges: 20624744
  Running refinement on 16 blocks
   1. Greedy Balancer
   2. Label Propagation

Uncoarsening -> Level 3
 Number of nodes: 190802 | Number of edges: 44541160
  Running refinement on 16 blocks
   1. Greedy Balancer
   2. Label Propagation

Uncoarsening -> Level 2
 Number of nodes: 484615 | Number of edges: 95251344
  Running refinement on 16 blocks
   1. Greedy Balancer
   2. Label Propagation

Uncoarsening -> Level 1
 Number of nodes: 1222152 | Number of edges: 192017710
  Running refinement on 16 blocks
   1. Greedy Balancer
   2. Label Propagation

Uncoarsening -> Level 0
 Number of nodes: 3072441 | Number of edges: 234370166
  Running refinement on 16 blocks
   1. Greedy Balancer
   2. Label Propagation
############################################################# Result Summary ###
RESULT cut=31172054 imbalance=0.029999 feasible=1 k=16
TIME read_input_graph=2.379 partitioning=2.628 partitioning.rearrange_by_degree-buckets=0.058 partitioning.rearrange_by_degree-buckets.sort_nodes_by_integer_buckets=0.009 partitioning.rearrange_by_degree-buckets.rearrange_input_graph=0.040 partitioning.rearrange_by_degree-buckets.deallocation=0.004 partitioning.refinement=0.000 partitioning.refinement.allocation=0.000 partitioning.coarsening=1.648 partitioning.coarsening.level[0]=0.688 partitioning.coarsening.level[0].label_propagation=0.079 partitioning.coarsening.level[0].label_propagation.allocation=0.007 partitioning.coarsening.level[0].label_propagation.iteration[0]=0.064 partitioning.coarsening.level[0].label_propagation.iteration[0].first_phase=0.061 partitioning.coarsening.level[0].label_propagation.handle_isolated_nodes=0.000 partitioning.coarsening.level[0].label_propagation.handle_two-hop_nodes=0.000 partitioning.coarsening.level[0].label_propagation.free=0.006 partitioning.coarsening.level[0].contract_graph=0.609 partitioning.coarsening.level[0].contract_graph.allocation=0.001 partitioning.coarsening.level[0].contract_graph.preprocessing=0.011 partitioning.coarsening.level[0].contract_graph.deallocation=0.000 partitioning.coarsening.level[0].contract_graph.construct_coarse_graph=0.589 partitioning.coarsening.level[0].contract_graph.construct_coarse_graph.aggregate_coarse_edges=0.557 partitioning.coarsening.level[0].contract_graph.construct_coarse_graph.aggregate_coarse_edges.first_phase=0.521 partitioning.coarsening.level[0].contract_graph.construct_coarse_graph.aggregate_coarse_edges.second_phase=0.026 partitioning.coarsening.level[0].contract_graph.construct_coarse_graph.remap_coarse_edges_and_mapping=0.029 partitioning.coarsening.level[1]=0.564 partitioning.coarsening.level[1].label_propagation=0.104 partitioning.coarsening.level[1].label_propagation.allocation=0.014 partitioning.coarsening.level[1].label_propagation.iteration[0]=0.089 partitioning.coarsening.level[1].label_propagation.iteration[0].first_phase=0.074 partitioning.coarsening.level[1].label_propagation.iteration[0].second_phase=0.014 partitioning.coarsening.level[1].label_propagation.handle_isolated_nodes=0.000 partitioning.coarsening.level[1].label_propagation.handle_two-hop_nodes=0.000 partitioning.coarsening.level[1].contract_graph=0.460 partitioning.coarsening.level[1].contract_graph.allocation=0.003 partitioning.coarsening.level[1].contract_graph.preprocessing=0.008 partitioning.coarsening.level[1].contract_graph.deallocation=0.000 partitioning.coarsening.level[1].contract_graph.construct_coarse_graph=0.444 partitioning.coarsening.level[1].contract_graph.construct_coarse_graph.aggregate_coarse_edges=0.428 partitioning.coarsening.level[1].contract_graph.construct_coarse_graph.aggregate_coarse_edges.first_phase=0.228 partitioning.coarsening.level[1].contract_graph.construct_coarse_graph.aggregate_coarse_edges.second_phase=0.200 partitioning.coarsening.level[1].contract_graph.construct_coarse_graph.remap_coarse_edges_and_mapping=0.014 partitioning.coarsening.level[2]=0.195 partitioning.coarsening.level[2].label_propagation=0.088 partitioning.coarsening.level[2].label_propagation.iteration[0]=0.087 partitioning.coarsening.level[2].label_propagation.iteration[0].first_phase=0.061 partitioning.coarsening.level[2].label_propagation.iteration[0].second_phase=0.025 partitioning.coarsening.level[2].label_propagation.handle_isolated_nodes=0.000 partitioning.coarsening.level[2].label_propagation.handle_two-hop_nodes=0.000 partitioning.coarsening.level[2].contract_graph=0.107 partitioning.coarsening.level[2].contract_graph.allocation=0.000 partitioning.coarsening.level[2].contract_graph.preprocessing=0.004 partitioning.coarsening.level[2].contract_graph.deallocation=0.000 partitioning.coarsening.level[2].contract_graph.construct_coarse_graph=0.101 partitioning.coarsening.level[2].contract_graph.construct_coarse_graph.aggregate_coarse_edges=0.094 partitioning.coarsening.level[2].contract_graph.construct_coarse_graph.aggregate_coarse_edges.first_phase=0.092 partitioning.coarsening.level[2].contract_graph.construct_coarse_graph.aggregate_coarse_edges.second_phase=0.001 partitioning.coarsening.level[2].contract_graph.construct_coarse_graph.remap_coarse_edges_and_mapping=0.006 partitioning.coarsening.level[3]=0.090 partitioning.coarsening.level[3].label_propagation=0.041 partitioning.coarsening.level[3].label_propagation.iteration[0]=0.041 partitioning.coarsening.level[3].label_propagation.iteration[0].first_phase=0.032 partitioning.coarsening.level[3].label_propagation.iteration[0].second_phase=0.008 partitioning.coarsening.level[3].label_propagation.handle_isolated_nodes=0.000 partitioning.coarsening.level[3].label_propagation.handle_two-hop_nodes=0.000 partitioning.coarsening.level[3].contract_graph=0.048 partitioning.coarsening.level[3].contract_graph.allocation=0.000 partitioning.coarsening.level[3].contract_graph.preprocessing=0.002 partitioning.coarsening.level[3].contract_graph.deallocation=0.000 partitioning.coarsening.level[3].contract_graph.construct_coarse_graph=0.046 partitioning.coarsening.level[3].contract_graph.construct_coarse_graph.aggregate_coarse_edges=0.042 partitioning.coarsening.level[3].contract_graph.construct_coarse_graph.aggregate_coarse_edges.first_phase=0.042 partitioning.coarsening.level[3].contract_graph.construct_coarse_graph.aggregate_coarse_edges.second_phase=0.000 partitioning.coarsening.level[3].contract_graph.construct_coarse_graph.remap_coarse_edges_and_mapping=0.003 partitioning.coarsening.level[4]=0.047 partitioning.coarsening.level[4].label_propagation=0.022 partitioning.coarsening.level[4].label_propagation.iteration[0]=0.021 partitioning.coarsening.level[4].label_propagation.iteration[0].first_phase=0.021 partitioning.coarsening.level[4].label_propagation.handle_isolated_nodes=0.000 partitioning.coarsening.level[4].label_propagation.handle_two-hop_nodes=0.000 partitioning.coarsening.level[4].contract_graph=0.025 partitioning.coarsening.level[4].contract_graph.allocation=0.000 partitioning.coarsening.level[4].contract_graph.preprocessing=0.000 partitioning.coarsening.level[4].contract_graph.deallocation=0.000 partitioning.coarsening.level[4].contract_graph.construct_coarse_graph=0.024 partitioning.coarsening.level[4].contract_graph.construct_coarse_graph.aggregate_coarse_edges=0.022 partitioning.coarsening.level[4].contract_graph.construct_coarse_graph.aggregate_coarse_edges.first_phase=0.022 partitioning.coarsening.level[4].contract_graph.construct_coarse_graph.aggregate_coarse_edges.second_phase=0.000 partitioning.coarsening.level[4].contract_graph.construct_coarse_graph.remap_coarse_edges_and_mapping=0.001 partitioning.coarsening.level[5]=0.032 partitioning.coarsening.level[5].label_propagation=0.018 partitioning.coarsening.level[5].label_propagation.iteration[0]=0.018 partitioning.coarsening.level[5].label_propagation.iteration[0].first_phase=0.018 partitioning.coarsening.level[5].label_propagation.handle_isolated_nodes=0.000 partitioning.coarsening.level[5].label_propagation.handle_two-hop_nodes=0.000 partitioning.coarsening.level[5].contract_graph=0.013 partitioning.coarsening.level[5].contract_graph.allocation=0.000 partitioning.coarsening.level[5].contract_graph.preprocessing=0.000 partitioning.coarsening.level[5].contract_graph.deallocation=0.000 partitioning.coarsening.level[5].contract_graph.construct_coarse_graph=0.012 partitioning.coarsening.level[5].contract_graph.construct_coarse_graph.aggregate_coarse_edges=0.011 partitioning.coarsening.level[5].contract_graph.construct_coarse_graph.aggregate_coarse_edges.first_phase=0.011 partitioning.coarsening.level[5].contract_graph.construct_coarse_graph.aggregate_coarse_edges.second_phase=0.000 partitioning.coarsening.level[5].contract_graph.construct_coarse_graph.remap_coarse_edges_and_mapping=0.000 partitioning.coarsening.level[6]=0.028 partitioning.coarsening.level[6].label_propagation=0.018 partitioning.coarsening.level[6].label_propagation.iteration[0]=0.017 partitioning.coarsening.level[6].label_propagation.iteration[0].first_phase=0.017 partitioning.coarsening.level[6].label_propagation.handle_isolated_nodes=0.000 partitioning.coarsening.level[6].label_propagation.handle_two-hop_nodes=0.000 partitioning.coarsening.level[6].contract_graph=0.010 partitioning.coarsening.level[6].contract_graph.allocation=0.000 partitioning.coarsening.level[6].contract_graph.preprocessing=0.000 partitioning.coarsening.level[6].contract_graph.deallocation=0.000 partitioning.coarsening.level[6].contract_graph.construct_coarse_graph=0.009 partitioning.coarsening.level[6].contract_graph.construct_coarse_graph.aggregate_coarse_edges=0.009 partitioning.coarsening.level[6].contract_graph.construct_coarse_graph.aggregate_coarse_edges.first_phase=0.008 partitioning.coarsening.level[6].contract_graph.construct_coarse_graph.aggregate_coarse_edges.second_phase=0.000 partitioning.coarsening.level[6].contract_graph.construct_coarse_graph.remap_coarse_edges_and_mapping=0.000 partitioning.coarsening.deallocation=0.000 partitioning.initial_partitioning_scheme=0.326 partitioning.uncoarsening=0.580 partitioning.uncoarsening.level[6]=0.013 partitioning.uncoarsening.level[6].allocation=0.000 partitioning.uncoarsening.level[6].project_partition=0.000 partitioning.uncoarsening.level[6].create_graph=0.000 partitioning.uncoarsening.level[6].refinement=0.012 partitioning.uncoarsening.level[6].refinement.greedy_balancer=0.000 partitioning.uncoarsening.level[6].refinement.label_propagation=0.012 partitioning.uncoarsening.level[6].refinement.label_propagation.allocation=0.000 partitioning.uncoarsening.level[6].refinement.label_propagation.iteration[0]=0.009 partitioning.uncoarsening.level[6].refinement.label_propagation.iteration[1]=0.000 partitioning.uncoarsening.level[6].refinement.label_propagation.iteration[2]=0.000 partitioning.uncoarsening.level[6].refinement.label_propagation.iteration[3]=0.000 partitioning.uncoarsening.level[5]=0.018 partitioning.uncoarsening.level[5].allocation=0.000 partitioning.uncoarsening.level[5].project_partition=0.000 partitioning.uncoarsening.level[5].create_graph=0.000 partitioning.uncoarsening.level[5].refinement=0.016 partitioning.uncoarsening.level[5].refinement.greedy_balancer=0.000 partitioning.uncoarsening.level[5].refinement.label_propagation=0.016 partitioning.uncoarsening.level[5].refinement.label_propagation.iteration[0]=0.013 partitioning.uncoarsening.level[5].refinement.label_propagation.iteration[1]=0.001 partitioning.uncoarsening.level[5].refinement.label_propagation.iteration[2]=0.001 partitioning.uncoarsening.level[5].refinement.label_propagation.iteration[3]=0.000 partitioning.uncoarsening.level[4]=0.022 partitioning.uncoarsening.level[4].allocation=0.000 partitioning.uncoarsening.level[4].project_partition=0.000 partitioning.uncoarsening.level[4].create_graph=0.000 partitioning.uncoarsening.level[4].refinement=0.020 partitioning.uncoarsening.level[4].refinement.greedy_balancer=0.000 partitioning.uncoarsening.level[4].refinement.label_propagation=0.020 partitioning.uncoarsening.level[4].refinement.label_propagation.iteration[0]=0.013 partitioning.uncoarsening.level[4].refinement.label_propagation.iteration[1]=0.003 partitioning.uncoarsening.level[4].refinement.label_propagation.iteration[2]=0.002 partitioning.uncoarsening.level[4].refinement.label_propagation.iteration[3]=0.001 partitioning.uncoarsening.level[4].refinement.label_propagation.iteration[4]=0.000 partitioning.uncoarsening.level[3]=0.044 partitioning.uncoarsening.level[3].allocation=0.000 partitioning.uncoarsening.level[3].project_partition=0.000 partitioning.uncoarsening.level[3].create_graph=0.000 partitioning.uncoarsening.level[3].refinement=0.041 partitioning.uncoarsening.level[3].refinement.greedy_balancer=0.000 partitioning.uncoarsening.level[3].refinement.label_propagation=0.041 partitioning.uncoarsening.level[3].refinement.label_propagation.iteration[0]=0.020 partitioning.uncoarsening.level[3].refinement.label_propagation.iteration[1]=0.007 partitioning.uncoarsening.level[3].refinement.label_propagation.iteration[2]=0.006 partitioning.uncoarsening.level[3].refinement.label_propagation.iteration[3]=0.004 partitioning.uncoarsening.level[3].refinement.label_propagation.iteration[4]=0.002 partitioning.uncoarsening.level[2]=0.088 partitioning.uncoarsening.level[2].allocation=0.000 partitioning.uncoarsening.level[2].project_partition=0.000 partitioning.uncoarsening.level[2].create_graph=0.000 partitioning.uncoarsening.level[2].refinement=0.085 partitioning.uncoarsening.level[2].refinement.greedy_balancer=0.000 partitioning.uncoarsening.level[2].refinement.label_propagation=0.085 partitioning.uncoarsening.level[2].refinement.label_propagation.iteration[0]=0.034 partitioning.uncoarsening.level[2].refinement.label_propagation.iteration[1]=0.018 partitioning.uncoarsening.level[2].refinement.label_propagation.iteration[2]=0.014 partitioning.uncoarsening.level[2].refinement.label_propagation.iteration[3]=0.009 partitioning.uncoarsening.level[2].refinement.label_propagation.iteration[4]=0.007 partitioning.uncoarsening.level[1]=0.169 partitioning.uncoarsening.level[1].allocation=0.006 partitioning.uncoarsening.level[1].project_partition=0.000 partitioning.uncoarsening.level[1].create_graph=0.000 partitioning.uncoarsening.level[1].refinement=0.158 partitioning.uncoarsening.level[1].refinement.greedy_balancer=0.000 partitioning.uncoarsening.level[1].refinement.label_propagation=0.158 partitioning.uncoarsening.level[1].refinement.label_propagation.iteration[0]=0.060 partitioning.uncoarsening.level[1].refinement.label_propagation.iteration[1]=0.041 partitioning.uncoarsening.level[1].refinement.label_propagation.iteration[2]=0.026 partitioning.uncoarsening.level[1].refinement.label_propagation.iteration[3]=0.017 partitioning.uncoarsening.level[1].refinement.label_propagation.iteration[4]=0.012 partitioning.uncoarsening.level[0]=0.224 partitioning.uncoarsening.level[0].allocation=0.006 partitioning.uncoarsening.level[0].project_partition=0.000 partitioning.uncoarsening.level[0].create_graph=0.000 partitioning.uncoarsening.level[0].refinement=0.210 partitioning.uncoarsening.level[0].refinement.greedy_balancer=0.000 partitioning.uncoarsening.level[0].refinement.label_propagation=0.210 partitioning.uncoarsening.level[0].refinement.label_propagation.iteration[0]=0.103 partitioning.uncoarsening.level[0].refinement.label_propagation.iteration[1]=0.052 partitioning.uncoarsening.level[0].refinement.label_propagation.iteration[2]=0.024 partitioning.uncoarsening.level[0].refinement.label_propagation.iteration[3]=0.015 partitioning.uncoarsening.level[0].refinement.label_propagation.iteration[4]=0.013 partitioning.deallocation=0.006 partitioning.re-integrate_isolated_nodes=0.006 io=0.000 
MEMORY disabled

Global Timer: ................................... 5.013 s    
|- Read input graph: ............................ 2.379 s    
|- Partitioning: ................................ 2.628 s    
|  |- Rearrange by degree-buckets: .............. 0.058 s    
|  |  |- Sort nodes by integer buckets: ......... 0.009 s    
|  |  |- Rearrange input graph: ................. 0.040 s    
|  |  `- Deallocation: .......................... 0.004 s    
|  |- Refinement: ............................... 0.000 s    
|  |  `- Allocation: ............................ 0.000 s    
|  |- Coarsening: ............................... 1.648 s    
|  |  |- Level (0): ............................. 0.688 s    
|  |  |  |- Label Propagation: .................. 0.079 s    
|  |  |  |  |- Allocation: ...................... 0.007 s    
|  |  |  |  |- Iteration (0): ................... 0.064 s    
|  |  |  |  |  `- First phase: .................. 0.061 s    
|  |  |  |  |- Handle isolated nodes: ........... 0.000 s    
|  |  |  |  |- Handle two-hop nodes: ............ 0.000 s    
|  |  |  |  `- Free: ............................ 0.006 s    
|  |  |  `- Contract graph: ..................... 0.609 s    
|  |  |     |- Allocation: ...................... 0.001 s (3)
|  |  |     |- Preprocessing: ................... 0.011 s (3)
|  |  |     |- Deallocation: .................... 0.000 s    
|  |  |     `- Construct coarse graph: .......... 0.589 s    
|  |  |        |- Aggregate coarse edges: ....... 0.557 s    
|  |  |        |  |- First phase: ............... 0.521 s    
|  |  |        |  `- Second phase: .............. 0.026 s    
|  |  |        `- Remap coarse edges and mapping: 0.029 s    
|  |  |- Level (1): ............................. 0.564 s    
|  |  |  |- Label Propagation: .................. 0.104 s    
|  |  |  |  |- Allocation: ...................... 0.014 s    
|  |  |  |  |- Iteration (0): ................... 0.089 s    
|  |  |  |  |  |- First phase: .................. 0.074 s    
|  |  |  |  |  `- Second phase: ................. 0.014 s    
|  |  |  |  |- Handle isolated nodes: ........... 0.000 s    
|  |  |  |  `- Handle two-hop nodes: ............ 0.000 s    
|  |  |  `- Contract graph: ..................... 0.460 s    
|  |  |     |- Allocation: ...................... 0.003 s (3)
|  |  |     |- Preprocessing: ................... 0.008 s (3)
|  |  |     |- Deallocation: .................... 0.000 s    
|  |  |     `- Construct coarse graph: .......... 0.444 s    
|  |  |        |- Aggregate coarse edges: ....... 0.428 s    
|  |  |        |  |- First phase: ............... 0.228 s    
|  |  |        |  `- Second phase: .............. 0.200 s    
|  |  |        `- Remap coarse edges and mapping: 0.014 s    
|  |  |- Level (2): ............................. 0.195 s    
|  |  |  |- Label Propagation: .................. 0.088 s    
|  |  |  |  |- Iteration (0): ................... 0.087 s    
|  |  |  |  |  |- First phase: .................. 0.061 s    
|  |  |  |  |  `- Second phase: ................. 0.025 s    
|  |  |  |  |- Handle isolated nodes: ........... 0.000 s    
|  |  |  |  `- Handle two-hop nodes: ............ 0.000 s    
|  |  |  `- Contract graph: ..................... 0.107 s    
|  |  |     |- Allocation: ...................... 0.000 s (3)
|  |  |     |- Preprocessing: ................... 0.004 s (3)
|  |  |     |- Deallocation: .................... 0.000 s    
|  |  |     `- Construct coarse graph: .......... 0.101 s    
|  |  |        |- Aggregate coarse edges: ....... 0.094 s    
|  |  |        |  |- First phase: ............... 0.092 s    
|  |  |        |  `- Second phase: .............. 0.001 s    
|  |  |        `- Remap coarse edges and mapping: 0.006 s    
|  |  |- Level (3): ............................. 0.090 s    
|  |  |  |- Label Propagation: .................. 0.041 s    
|  |  |  |  |- Iteration (0): ................... 0.041 s    
|  |  |  |  |  |- First phase: .................. 0.032 s    
|  |  |  |  |  `- Second phase: ................. 0.008 s    
|  |  |  |  |- Handle isolated nodes: ........... 0.000 s    
|  |  |  |  `- Handle two-hop nodes: ............ 0.000 s    
|  |  |  `- Contract graph: ..................... 0.048 s    
|  |  |     |- Allocation: ...................... 0.000 s (3)
|  |  |     |- Preprocessing: ................... 0.002 s (3)
|  |  |     |- Deallocation: .................... 0.000 s    
|  |  |     `- Construct coarse graph: .......... 0.046 s    
|  |  |        |- Aggregate coarse edges: ....... 0.042 s    
|  |  |        |  |- First phase: ............... 0.042 s    
|  |  |        |  `- Second phase: .............. 0.000 s    
|  |  |        `- Remap coarse edges and mapping: 0.003 s    
|  |  |- Level (4): ............................. 0.047 s    
|  |  |  |- Label Propagation: .................. 0.022 s    
|  |  |  |  |- Iteration (0): ................... 0.021 s    
|  |  |  |  |  `- First phase: .................. 0.021 s    
|  |  |  |  |- Handle isolated nodes: ........... 0.000 s    
|  |  |  |  `- Handle two-hop nodes: ............ 0.000 s    
|  |  |  `- Contract graph: ..................... 0.025 s    
|  |  |     |- Allocation: ...................... 0.000 s (3)
|  |  |     |- Preprocessing: ................... 0.000 s (3)
|  |  |     |- Deallocation: .................... 0.000 s    
|  |  |     `- Construct coarse graph: .......... 0.024 s    
|  |  |        |- Aggregate coarse edges: ....... 0.022 s    
|  |  |        |  |- First phase: ............... 0.022 s    
|  |  |        |  `- Second phase: .............. 0.000 s    
|  |  |        `- Remap coarse edges and mapping: 0.001 s    
|  |  |- Level (5): ............................. 0.032 s    
|  |  |  |- Label Propagation: .................. 0.018 s    
|  |  |  |  |- Iteration (0): ................... 0.018 s    
|  |  |  |  |  `- First phase: .................. 0.018 s    
|  |  |  |  |- Handle isolated nodes: ........... 0.000 s    
|  |  |  |  `- Handle two-hop nodes: ............ 0.000 s    
|  |  |  `- Contract graph: ..................... 0.013 s    
|  |  |     |- Allocation: ...................... 0.000 s (3)
|  |  |     |- Preprocessing: ................... 0.000 s (3)
|  |  |     |- Deallocation: .................... 0.000 s    
|  |  |     `- Construct coarse graph: .......... 0.012 s    
|  |  |        |- Aggregate coarse edges: ....... 0.011 s    
|  |  |        |  |- First phase: ............... 0.011 s    
|  |  |        |  `- Second phase: .............. 0.000 s    
|  |  |        `- Remap coarse edges and mapping: 0.000 s    
|  |  |- Level (6): ............................. 0.028 s    
|  |  |  |- Label Propagation: .................. 0.018 s    
|  |  |  |  |- Iteration (0): ................... 0.017 s    
|  |  |  |  |  `- First phase: .................. 0.017 s    
|  |  |  |  |- Handle isolated nodes: ........... 0.000 s    
|  |  |  |  `- Handle two-hop nodes: ............ 0.000 s    
|  |  |  `- Contract graph: ..................... 0.010 s    
|  |  |     |- Allocation: ...................... 0.000 s (3)
|  |  |     |- Preprocessing: ................... 0.000 s (3)
|  |  |     |- Deallocation: .................... 0.000 s    
|  |  |     `- Construct coarse graph: .......... 0.009 s    
|  |  |        |- Aggregate coarse edges: ....... 0.009 s    
|  |  |        |  |- First phase: ............... 0.008 s    
|  |  |        |  `- Second phase: .............. 0.000 s    
|  |  |        `- Remap coarse edges and mapping: 0.000 s    
|  |  `- Deallocation: .......................... 0.000 s    
|  |- Initial partitioning scheme: .............. 0.326 s    
|  |- Uncoarsening: ............................. 0.580 s    
|  |  |- Level (6): ............................. 0.013 s    
|  |  |  |- Allocation: ......................... 0.000 s    
|  |  |  |- Project partition: .................. 0.000 s    
|  |  |  |- Create graph: ....................... 0.000 s    
|  |  |  `- Refinement: ......................... 0.012 s    
|  |  |     |- Greedy Balancer: ................. 0.000 s    
|  |  |     `- Label Propagation: ............... 0.012 s    
|  |  |        |- Allocation: ................... 0.000 s    
|  |  |        |- Iteration (0): ................ 0.009 s    
|  |  |        |- Iteration (1): ................ 0.000 s    
|  |  |        |- Iteration (2): ................ 0.000 s    
|  |  |        `- Iteration (3): ................ 0.000 s    
|  |  |- Level (5): ............................. 0.018 s    
|  |  |  |- Allocation: ......................... 0.000 s    
|  |  |  |- Project partition: .................. 0.000 s    
|  |  |  |- Create graph: ....................... 0.000 s    
|  |  |  `- Refinement: ......................... 0.016 s    
|  |  |     |- Greedy Balancer: ................. 0.000 s    
|  |  |     `- Label Propagation: ............... 0.016 s    
|  |  |        |- Iteration (0): ................ 0.013 s    
|  |  |        |- Iteration (1): ................ 0.001 s    
|  |  |        |- Iteration (2): ................ 0.001 s    
|  |  |        `- Iteration (3): ................ 0.000 s    
|  |  |- Level (4): ............................. 0.022 s    
|  |  |  |- Allocation: ......................... 0.000 s    
|  |  |  |- Project partition: .................. 0.000 s    
|  |  |  |- Create graph: ....................... 0.000 s    
|  |  |  `- Refinement: ......................... 0.020 s    
|  |  |     |- Greedy Balancer: ................. 0.000 s    
|  |  |     `- Label Propagation: ............... 0.020 s    
|  |  |        |- Iteration (0): ................ 0.013 s    
|  |  |        |- Iteration (1): ................ 0.003 s    
|  |  |        |- Iteration (2): ................ 0.002 s    
|  |  |        |- Iteration (3): ................ 0.001 s    
|  |  |        `- Iteration (4): ................ 0.000 s    
|  |  |- Level (3): ............................. 0.044 s    
|  |  |  |- Allocation: ......................... 0.000 s    
|  |  |  |- Project partition: .................. 0.000 s    
|  |  |  |- Create graph: ....................... 0.000 s    
|  |  |  `- Refinement: ......................... 0.041 s    
|  |  |     |- Greedy Balancer: ................. 0.000 s    
|  |  |     `- Label Propagation: ............... 0.041 s    
|  |  |        |- Iteration (0): ................ 0.020 s    
|  |  |        |- Iteration (1): ................ 0.007 s    
|  |  |        |- Iteration (2): ................ 0.006 s    
|  |  |        |- Iteration (3): ................ 0.004 s    
|  |  |        `- Iteration (4): ................ 0.002 s    
|  |  |- Level (2): ............................. 0.088 s    
|  |  |  |- Allocation: ......................... 0.000 s    
|  |  |  |- Project partition: .................. 0.000 s    
|  |  |  |- Create graph: ....................... 0.000 s    
|  |  |  `- Refinement: ......................... 0.085 s    
|  |  |     |- Greedy Balancer: ................. 0.000 s    
|  |  |     `- Label Propagation: ............... 0.085 s    
|  |  |        |- Iteration (0): ................ 0.034 s    
|  |  |        |- Iteration (1): ................ 0.018 s    
|  |  |        |- Iteration (2): ................ 0.014 s    
|  |  |        |- Iteration (3): ................ 0.009 s    
|  |  |        `- Iteration (4): ................ 0.007 s    
|  |  |- Level (1): ............................. 0.169 s    
|  |  |  |- Allocation: ......................... 0.006 s    
|  |  |  |- Project partition: .................. 0.000 s    
|  |  |  |- Create graph: ....................... 0.000 s    
|  |  |  `- Refinement: ......................... 0.158 s    
|  |  |     |- Greedy Balancer: ................. 0.000 s    
|  |  |     `- Label Propagation: ............... 0.158 s    
|  |  |        |- Iteration (0): ................ 0.060 s    
|  |  |        |- Iteration (1): ................ 0.041 s    
|  |  |        |- Iteration (2): ................ 0.026 s    
|  |  |        |- Iteration (3): ................ 0.017 s    
|  |  |        `- Iteration (4): ................ 0.012 s    
|  |  `- Level (0): ............................. 0.224 s    
|  |     |- Allocation: ......................... 0.006 s    
|  |     |- Project partition: .................. 0.000 s    
|  |     |- Create graph: ....................... 0.000 s    
|  |     `- Refinement: ......................... 0.210 s    
|  |        |- Greedy Balancer: ................. 0.000 s    
|  |        `- Label Propagation: ............... 0.210 s    
|  |           |- Iteration (0): ................ 0.103 s    
|  |           |- Iteration (1): ................ 0.052 s    
|  |           |- Iteration (2): ................ 0.024 s    
|  |           |- Iteration (3): ................ 0.015 s    
|  |           `- Iteration (4): ................ 0.013 s    
|  |- Deallocation: ............................. 0.006 s    
|  `- Re-integrate isolated nodes: .............. 0.006 s    
`- IO: .......................................... 0.000 s    

Partition summary:
  Number of blocks: 16
  Edge cut:         31172054
  Imbalance:        0.029999
  Feasible:         yes

Block weights:
  w(0 ) = 197801    w(1 ) = 196767    w(2 ) = 197800    w(3 ) = 197800  
  w(4 ) = 197801    w(5 ) = 197801    w(6 ) = 183701    w(7 ) = 196590  
  w(8 ) = 183205    w(9 ) = 188145    w(10) = 170743    w(11) = 196657  
  w(12) = 188272    w(13) = 197800    w(14) = 187849    w(15) = 193895  

Maximum resident set size: 5553216 KiB
