[33m[Warning] [0m[33mThe edge weight type is not large enough to store the sum of all edge weights. [0m[33mThis might cause overflows for very large cuts.[0m
################################################################################
#                _  __       __  __  _         ____                            #
#               | |/ / __ _ |  \/  |(_) _ __  |  _ \  __ _  _ __               #
#               | ' / / _` || |\/| || || '_ \ | |_) |/ _` || '__|              #
#               | . \| (_| || |  | || || | | ||  __/| (_| || |                 #
#               |_|\_\\__,_||_|  |_||_||_| |_||_|    \__,_||_|                 #
#                                                                              #
################################################################################
Current commit hash:          99c62314d27845b3825829ec1e3e97256490627d
Assertion level:              always+light
Statistics:                   disabled
Built on:                     liskov
Data type sizes:
  Nodes IDs: 4 bytes | Node weights: 4 bytes
  Edges IDs: 4 bytes | Edge weights: 4 bytes
############################################################## Input Summary ###
Execution mode:               64
Seed:                         1
Graph:                        com-Friendster [node ordering: deg-buckets] [edge ordering: natural]
  Number of nodes:              65608366 (unweighted)
  Number of edges:            3612134270 (unweighted)
Number of blocks:             16
Maximum block weight:         4223538 (4100523 + 3% / 3%)
---------------------------------------------------------- Graph Compression ---
Enabled:                      no
-------------------------------------------------------- Partitioning Scheme ---
Partitioning mode:            deep
  Deep initial part. mode:    async-parallel
  Deep initial part. load:    1
Subgraph memory:              Lazy
----------------------------------------------------------------- Coarsening ---
Contraction limit:            160
Coarsening algorithm:         clustering
  Cluster weight limit:       static-block-weight x 0.00625
  Shrink factor:              2.5
  Max mem-free level:         1
  Clustering algorithm:       lp
    Number of iterations:     1
    High degree threshold:    4294967295
    Max degree:               4294967295
    Tie breaking strategy:    uniform
    Implementation:           two-phase
      Relabel:                no
    2-hop clustering:         match-threadwise, if |Vcoarse| > 0.500000 * |V|
    Isolated nodes:           match-during-two-hop
  Forced hierarchy levels:    <none> (leeway: U=10.000000, L=1.100000)
Contraction algorithm:        unbuffered
  Implementation:             two-phase
------------------------------------------------------- Initial Partitioning ---
Adaptive algorithm selection: yes
----------------------------------------------------------------- Refinement ---
Refinement algorithms:        [greedy-balancer -> lp]
Label propagation:
  Number of iterations:       5
  Tie breaking strategy:      uniform
  Implementation:             single-phase
############################################################## Preprocessing ###
Removed 0 isolated nodes
  Remaining nodes:             65608366
  Remaining total node weight: 65608366
############################################################### Partitioning ###
Input graph:
 Number of nodes: 65608366 | Number of edges: 3612134270
 Maximum node weight: 1

Coarsening -> Level 1 [max cluster weight: 26397]:
 Total edge weight:   18446744072940210672
 Number of nodes:     26130028 | Number of edges: 3424309398
 Maximum node weight: 897

Coarsening -> Level 2 [max cluster weight: 26397]:
 Total edge weight:   18446744072742996790
 Number of nodes:     10429060 | Number of edges: 2019349908
 Maximum node weight: 26397

Coarsening -> Level 3 [max cluster weight: 26397]:
 Total edge weight:   18446744072516518828
 Number of nodes:     4159011 | Number of edges: 989196728
 Maximum node weight: 26398

Coarsening -> Level 4 [max cluster weight: 26397]:
 Total edge weight:   18446744072377845104
 Number of nodes:     1652889 | Number of edges: 419510724
 Maximum node weight: 26398

Coarsening -> Level 5 [max cluster weight: 26397]:
 Total edge weight:   18446744072303037274
 Number of nodes:     655307 | Number of edges: 148838144
 Maximum node weight: 26398

Coarsening -> Level 6 [max cluster weight: 26397]:
 Total edge weight:   18446744072269424398
 Number of nodes:     258019 | Number of edges: 36554828
 Maximum node weight: 26398

Coarsening -> Level 7 [max cluster weight: 26397]:
 Total edge weight:   18446744072262656352
 Number of nodes:     103713 | Number of edges: 8649276
 Maximum node weight: 52794

Coarsening -> Level 8 [max cluster weight: 26397]:
 Total edge weight:   18446744072262273546
 Number of nodes:     70760 | Number of edges: 6630544
 Maximum node weight: 52794

Coarsening -> Level 9 [max cluster weight: 26397]:
 Total edge weight:   18446744072262244100
 Number of nodes:     53653 | Number of edges: 6271932
 Maximum node weight: 52794

Coarsening -> Level 10 [max cluster weight: 26397]:
 Total edge weight:   18446744072262229370
 Number of nodes:     43426 | Number of edges: 6152436
 Maximum node weight: 52794

Coarsening -> Level 11 [max cluster weight: 26397]:
 Total edge weight:   18446744072262229370
 Number of nodes:     36665 | Number of edges: 6137834
 Maximum node weight: 52794

Coarsening -> Level 12 [max cluster weight: 26397]:
 Total edge weight:   18446744072262229370
 Number of nodes:     32097 | Number of edges: 6127592
 Maximum node weight: 52794

Coarsening -> Level 13 [max cluster weight: 26397]:
 Total edge weight:   18446744072262229370
 Number of nodes:     28700 | Number of edges: 6119822
 Maximum node weight: 52794

Coarsening -> Level 14 [max cluster weight: 26397]:
 Total edge weight:   18446744072262229370
 Number of nodes:     26095 | Number of edges: 6113666
 Maximum node weight: 52794

Coarsening -> Level 15 [max cluster weight: 26397]:
 Total edge weight:   18446744072262229370
 Number of nodes:     24155 | Number of edges: 6109018
 Maximum node weight: 52794

Coarsening -> Level 16 [max cluster weight: 26397]:
 Total edge weight:   18446744072262229370
 Number of nodes:     22377 | Number of edges: 6104604
 Maximum node weight: 52794

Coarsening -> Level 17 [max cluster weight: 26397]:
 Total edge weight:   18446744072262229370
 Number of nodes:     20920 | Number of edges: 6100906
 Maximum node weight: 52794

Coarsening -> Level 18 [max cluster weight: 26397]:
 Total edge weight:   18446744072262229370
 Number of nodes:     19742 | Number of edges: 6097812
 Maximum node weight: 52794

Coarsening -> Level 19 [max cluster weight: 26397]:
 Total edge weight:   18446744072262229370
 Number of nodes:     18679 | Number of edges: 6094976
 Maximum node weight: 52794

Coarsening -> Level 20 [max cluster weight: 26397]:
 Total edge weight:   18446744072262229370
 Number of nodes:     17784 | Number of edges: 6092434
 Maximum node weight: 52794

==> Coarsening converged

Initial partitioning:
 Number of blocks: 16

Uncoarsening -> Level 19
 Number of nodes: 18679 | Number of edges: 6094976
  Running refinement on 16 blocks
   1. Greedy Balancer
   2. Label Propagation

Uncoarsening -> Level 18
 Number of nodes: 19742 | Number of edges: 6097812
  Running refinement on 16 blocks
   1. Greedy Balancer
   2. Label Propagation

Uncoarsening -> Level 17
 Number of nodes: 20920 | Number of edges: 6100906
  Running refinement on 16 blocks
   1. Greedy Balancer
   2. Label Propagation

Uncoarsening -> Level 16
 Number of nodes: 22377 | Number of edges: 6104604
  Running refinement on 16 blocks
   1. Greedy Balancer
   2. Label Propagation

Uncoarsening -> Level 15
 Number of nodes: 24155 | Number of edges: 6109018
  Running refinement on 16 blocks
   1. Greedy Balancer
   2. Label Propagation

Uncoarsening -> Level 14
 Number of nodes: 26095 | Number of edges: 6113666
  Running refinement on 16 blocks
   1. Greedy Balancer
   2. Label Propagation

Uncoarsening -> Level 13
 Number of nodes: 28700 | Number of edges: 6119822
  Running refinement on 16 blocks
   1. Greedy Balancer
   2. Label Propagation

Uncoarsening -> Level 12
 Number of nodes: 32097 | Number of edges: 6127592
  Running refinement on 16 blocks
   1. Greedy Balancer
   2. Label Propagation

Uncoarsening -> Level 11
 Number of nodes: 36665 | Number of edges: 6137834
  Running refinement on 16 blocks
   1. Greedy Balancer
   2. Label Propagation

Uncoarsening -> Level 10
 Number of nodes: 43426 | Number of edges: 6152436
  Running refinement on 16 blocks
   1. Greedy Balancer
   2. Label Propagation

Uncoarsening -> Level 9
 Number of nodes: 53653 | Number of edges: 6271932
  Running refinement on 16 blocks
   1. Greedy Balancer
   2. Label Propagation

Uncoarsening -> Level 8
 Number of nodes: 70760 | Number of edges: 6630544
  Running refinement on 16 blocks
   1. Greedy Balancer
   2. Label Propagation

Uncoarsening -> Level 7
 Number of nodes: 103713 | Number of edges: 8649276
  Running refinement on 16 blocks
   1. Greedy Balancer
   2. Label Propagation

Uncoarsening -> Level 6
 Number of nodes: 258019 | Number of edges: 36554828
  Running refinement on 16 blocks
   1. Greedy Balancer
   2. Label Propagation

Uncoarsening -> Level 5
 Number of nodes: 655307 | Number of edges: 148838144
  Running refinement on 16 blocks
   1. Greedy Balancer
   2. Label Propagation

Uncoarsening -> Level 4
 Number of nodes: 1652889 | Number of edges: 419510724
  Running refinement on 16 blocks
   1. Greedy Balancer
   2. Label Propagation

Uncoarsening -> Level 3
 Number of nodes: 4159011 | Number of edges: 989196728
  Running refinement on 16 blocks
   1. Greedy Balancer
   2. Label Propagation

Uncoarsening -> Level 2
 Number of nodes: 10429060 | Number of edges: 2019349908
  Running refinement on 16 blocks
   1. Greedy Balancer
   2. Label Propagation

Uncoarsening -> Level 1
 Number of nodes: 26130028 | Number of edges: 3424309398
  Running refinement on 16 blocks
   1. Greedy Balancer
   2. Label Propagation

Uncoarsening -> Level 0
 Number of nodes: 65608366 | Number of edges: 3612134270
  Running refinement on 16 blocks
   1. Greedy Balancer
   2. Label Propagation
############################################################# Result Summary ###
RESULT cut=571665351 imbalance=0.0299996 feasible=1 k=16
TIME read_input_graph=35.090 partitioning=68.873 partitioning.rearrange_by_degree-buckets=2.382 partitioning.rearrange_by_degree-buckets.sort_nodes_by_integer_buckets=0.026 partitioning.rearrange_by_degree-buckets.rearrange_input_graph=2.281 partitioning.rearrange_by_degree-buckets.deallocation=0.064 partitioning.refinement=0.000 partitioning.refinement.allocation=0.000 partitioning.coarsening=46.424 partitioning.coarsening.level[0]=10.258 partitioning.coarsening.level[0].label_propagation=0.785 partitioning.coarsening.level[0].label_propagation.allocation=0.016 partitioning.coarsening.level[0].label_propagation.iteration[0]=0.746 partitioning.coarsening.level[0].label_propagation.iteration[0].first_phase=0.735 partitioning.coarsening.level[0].label_propagation.handle_isolated_nodes=0.000 partitioning.coarsening.level[0].label_propagation.handle_two-hop_nodes=0.000 partitioning.coarsening.level[0].label_propagation.free=0.011 partitioning.coarsening.level[0].contract_graph=9.468 partitioning.coarsening.level[0].contract_graph.allocation=0.003 partitioning.coarsening.level[0].contract_graph.preprocessing=0.196 partitioning.coarsening.level[0].contract_graph.deallocation=0.001 partitioning.coarsening.level[0].contract_graph.construct_coarse_graph=9.166 partitioning.coarsening.level[0].contract_graph.construct_coarse_graph.aggregate_coarse_edges=8.024 partitioning.coarsening.level[0].contract_graph.construct_coarse_graph.aggregate_coarse_edges.first_phase=8.013 partitioning.coarsening.level[0].contract_graph.construct_coarse_graph.aggregate_coarse_edges.second_phase=0.005 partitioning.coarsening.level[0].contract_graph.construct_coarse_graph.remap_coarse_edges_and_mapping=1.125 partitioning.coarsening.level[1]=13.270 partitioning.coarsening.level[1].label_propagation=4.882 partitioning.coarsening.level[1].label_propagation.allocation=0.013 partitioning.coarsening.level[1].label_propagation.iteration[0]=4.861 partitioning.coarsening.level[1].label_propagation.iteration[0].first_phase=4.856 partitioning.coarsening.level[1].label_propagation.handle_isolated_nodes=0.000 partitioning.coarsening.level[1].label_propagation.handle_two-hop_nodes=0.000 partitioning.coarsening.level[1].contract_graph=8.387 partitioning.coarsening.level[1].contract_graph.allocation=0.003 partitioning.coarsening.level[1].contract_graph.preprocessing=0.099 partitioning.coarsening.level[1].contract_graph.deallocation=0.000 partitioning.coarsening.level[1].contract_graph.construct_coarse_graph=8.224 partitioning.coarsening.level[1].contract_graph.construct_coarse_graph.aggregate_coarse_edges=7.900 partitioning.coarsening.level[1].contract_graph.construct_coarse_graph.aggregate_coarse_edges.first_phase=4.397 partitioning.coarsening.level[1].contract_graph.construct_coarse_graph.aggregate_coarse_edges.second_phase=3.502 partitioning.coarsening.level[1].contract_graph.construct_coarse_graph.remap_coarse_edges_and_mapping=0.318 partitioning.coarsening.level[2]=11.626 partitioning.coarsening.level[2].label_propagation=3.569 partitioning.coarsening.level[2].label_propagation.iteration[0]=3.563 partitioning.coarsening.level[2].label_propagation.iteration[0].first_phase=2.327 partitioning.coarsening.level[2].label_propagation.iteration[0].second_phase=1.233 partitioning.coarsening.level[2].label_propagation.handle_isolated_nodes=0.000 partitioning.coarsening.level[2].label_propagation.handle_two-hop_nodes=0.000 partitioning.coarsening.level[2].contract_graph=8.056 partitioning.coarsening.level[2].contract_graph.allocation=0.002 partitioning.coarsening.level[2].contract_graph.preprocessing=0.061 partitioning.coarsening.level[2].contract_graph.deallocation=0.000 partitioning.coarsening.level[2].contract_graph.construct_coarse_graph=7.962 partitioning.coarsening.level[2].contract_graph.construct_coarse_graph.aggregate_coarse_edges=7.810 partitioning.coarsening.level[2].contract_graph.construct_coarse_graph.aggregate_coarse_edges.first_phase=1.818 partitioning.coarsening.level[2].contract_graph.construct_coarse_graph.aggregate_coarse_edges.second_phase=5.991 partitioning.coarsening.level[2].contract_graph.construct_coarse_graph.remap_coarse_edges_and_mapping=0.149 partitioning.coarsening.level[3]=5.756 partitioning.coarsening.level[3].label_propagation=1.945 partitioning.coarsening.level[3].label_propagation.iteration[0]=1.942 partitioning.coarsening.level[3].label_propagation.iteration[0].first_phase=0.758 partitioning.coarsening.level[3].label_propagation.iteration[0].second_phase=1.182 partitioning.coarsening.level[3].label_propagation.handle_isolated_nodes=0.000 partitioning.coarsening.level[3].label_propagation.handle_two-hop_nodes=0.000 partitioning.coarsening.level[3].contract_graph=3.810 partitioning.coarsening.level[3].contract_graph.allocation=0.001 partitioning.coarsening.level[3].contract_graph.preprocessing=0.051 partitioning.coarsening.level[3].contract_graph.deallocation=0.000 partitioning.coarsening.level[3].contract_graph.construct_coarse_graph=3.743 partitioning.coarsening.level[3].contract_graph.construct_coarse_graph.aggregate_coarse_edges=3.680 partitioning.coarsening.level[3].contract_graph.construct_coarse_graph.aggregate_coarse_edges.first_phase=0.796 partitioning.coarsening.level[3].contract_graph.construct_coarse_graph.aggregate_coarse_edges.second_phase=2.883 partitioning.coarsening.level[3].contract_graph.construct_coarse_graph.remap_coarse_edges_and_mapping=0.063 partitioning.coarsening.level[4]=4.112 partitioning.coarsening.level[4].label_propagation=1.668 partitioning.coarsening.level[4].label_propagation.iteration[0]=1.663 partitioning.coarsening.level[4].label_propagation.iteration[0].first_phase=0.516 partitioning.coarsening.level[4].label_propagation.iteration[0].second_phase=1.145 partitioning.coarsening.level[4].label_propagation.handle_isolated_nodes=0.000 partitioning.coarsening.level[4].label_propagation.handle_two-hop_nodes=0.000 partitioning.coarsening.level[4].contract_graph=2.443 partitioning.coarsening.level[4].contract_graph.allocation=0.001 partitioning.coarsening.level[4].contract_graph.preprocessing=0.019 partitioning.coarsening.level[4].contract_graph.deallocation=0.000 partitioning.coarsening.level[4].contract_graph.construct_coarse_graph=2.417 partitioning.coarsening.level[4].contract_graph.construct_coarse_graph.aggregate_coarse_edges=2.394 partitioning.coarsening.level[4].contract_graph.construct_coarse_graph.aggregate_coarse_edges.first_phase=0.351 partitioning.coarsening.level[4].contract_graph.construct_coarse_graph.aggregate_coarse_edges.second_phase=2.042 partitioning.coarsening.level[4].contract_graph.construct_coarse_graph.remap_coarse_edges_and_mapping=0.022 partitioning.coarsening.level[5]=1.007 partitioning.coarsening.level[5].label_propagation=0.886 partitioning.coarsening.level[5].label_propagation.iteration[0]=0.885 partitioning.coarsening.level[5].label_propagation.iteration[0].first_phase=0.289 partitioning.coarsening.level[5].label_propagation.iteration[0].second_phase=0.596 partitioning.coarsening.level[5].label_propagation.handle_isolated_nodes=0.000 partitioning.coarsening.level[5].label_propagation.handle_two-hop_nodes=0.000 partitioning.coarsening.level[5].contract_graph=0.120 partitioning.coarsening.level[5].contract_graph.allocation=0.000 partitioning.coarsening.level[5].contract_graph.preprocessing=0.018 partitioning.coarsening.level[5].contract_graph.deallocation=0.000 partitioning.coarsening.level[5].contract_graph.construct_coarse_graph=0.099 partitioning.coarsening.level[5].contract_graph.construct_coarse_graph.aggregate_coarse_edges=0.094 partitioning.coarsening.level[5].contract_graph.construct_coarse_graph.aggregate_coarse_edges.first_phase=0.093 partitioning.coarsening.level[5].contract_graph.construct_coarse_graph.aggregate_coarse_edges.second_phase=0.000 partitioning.coarsening.level[5].contract_graph.construct_coarse_graph.remap_coarse_edges_and_mapping=0.005 partitioning.coarsening.level[6]=0.129 partitioning.coarsening.level[6].label_propagation=0.094 partitioning.coarsening.level[6].label_propagation.iteration[0]=0.093 partitioning.coarsening.level[6].label_propagation.iteration[0].first_phase=0.089 partitioning.coarsening.level[6].label_propagation.iteration[0].second_phase=0.003 partitioning.coarsening.level[6].label_propagation.handle_isolated_nodes=0.000 partitioning.coarsening.level[6].label_propagation.handle_two-hop_nodes=0.001 partitioning.coarsening.level[6].contract_graph=0.034 partitioning.coarsening.level[6].contract_graph.allocation=0.000 partitioning.coarsening.level[6].contract_graph.preprocessing=0.004 partitioning.coarsening.level[6].contract_graph.deallocation=0.000 partitioning.coarsening.level[6].contract_graph.construct_coarse_graph=0.029 partitioning.coarsening.level[6].contract_graph.construct_coarse_graph.aggregate_coarse_edges=0.027 partitioning.coarsening.level[6].contract_graph.construct_coarse_graph.aggregate_coarse_edges.first_phase=0.027 partitioning.coarsening.level[6].contract_graph.construct_coarse_graph.aggregate_coarse_edges.second_phase=0.000 partitioning.coarsening.level[6].contract_graph.construct_coarse_graph.remap_coarse_edges_and_mapping=0.001 partitioning.coarsening.level[7]=0.034 partitioning.coarsening.level[7].label_propagation=0.017 partitioning.coarsening.level[7].label_propagation.iteration[0]=0.016 partitioning.coarsening.level[7].label_propagation.iteration[0].first_phase=0.016 partitioning.coarsening.level[7].label_propagation.handle_isolated_nodes=0.000 partitioning.coarsening.level[7].label_propagation.handle_two-hop_nodes=0.000 partitioning.coarsening.level[7].contract_graph=0.016 partitioning.coarsening.level[7].contract_graph.allocation=0.000 partitioning.coarsening.level[7].contract_graph.preprocessing=0.001 partitioning.coarsening.level[7].contract_graph.deallocation=0.000 partitioning.coarsening.level[7].contract_graph.construct_coarse_graph=0.015 partitioning.coarsening.level[7].contract_graph.construct_coarse_graph.aggregate_coarse_edges=0.013 partitioning.coarsening.level[7].contract_graph.construct_coarse_graph.aggregate_coarse_edges.first_phase=0.013 partitioning.coarsening.level[7].contract_graph.construct_coarse_graph.aggregate_coarse_edges.second_phase=0.000 partitioning.coarsening.level[7].contract_graph.construct_coarse_graph.remap_coarse_edges_and_mapping=0.001 partitioning.coarsening.level[8]=0.029 partitioning.coarsening.level[8].label_propagation=0.009 partitioning.coarsening.level[8].label_propagation.iteration[0]=0.009 partitioning.coarsening.level[8].label_propagation.iteration[0].first_phase=0.009 partitioning.coarsening.level[8].label_propagation.handle_isolated_nodes=0.000 partitioning.coarsening.level[8].label_propagation.handle_two-hop_nodes=0.000 partitioning.coarsening.level[8].contract_graph=0.019 partitioning.coarsening.level[8].contract_graph.allocation=0.000 partitioning.coarsening.level[8].contract_graph.preprocessing=0.000 partitioning.coarsening.level[8].contract_graph.deallocation=0.000 partitioning.coarsening.level[8].contract_graph.construct_coarse_graph=0.017 partitioning.coarsening.level[8].contract_graph.construct_coarse_graph.aggregate_coarse_edges=0.016 partitioning.coarsening.level[8].contract_graph.construct_coarse_graph.aggregate_coarse_edges.first_phase=0.016 partitioning.coarsening.level[8].contract_graph.construct_coarse_graph.aggregate_coarse_edges.second_phase=0.000 partitioning.coarsening.level[8].contract_graph.construct_coarse_graph.remap_coarse_edges_and_mapping=0.001 partitioning.coarsening.level[9]=0.023 partitioning.coarsening.level[9].label_propagation=0.005 partitioning.coarsening.level[9].label_propagation.iteration[0]=0.005 partitioning.coarsening.level[9].label_propagation.iteration[0].first_phase=0.005 partitioning.coarsening.level[9].label_propagation.handle_isolated_nodes=0.000 partitioning.coarsening.level[9].label_propagation.handle_two-hop_nodes=0.000 partitioning.coarsening.level[9].contract_graph=0.017 partitioning.coarsening.level[9].contract_graph.allocation=0.000 partitioning.coarsening.level[9].contract_graph.preprocessing=0.000 partitioning.coarsening.level[9].contract_graph.deallocation=0.000 partitioning.coarsening.level[9].contract_graph.construct_coarse_graph=0.015 partitioning.coarsening.level[9].contract_graph.construct_coarse_graph.aggregate_coarse_edges=0.014 partitioning.coarsening.level[9].contract_graph.construct_coarse_graph.aggregate_coarse_edges.first_phase=0.014 partitioning.coarsening.level[9].contract_graph.construct_coarse_graph.aggregate_coarse_edges.second_phase=0.000 partitioning.coarsening.level[9].contract_graph.construct_coarse_graph.remap_coarse_edges_and_mapping=0.001 partitioning.coarsening.level[10]=0.020 partitioning.coarsening.level[10].label_propagation=0.001 partitioning.coarsening.level[10].label_propagation.iteration[0]=0.001 partitioning.coarsening.level[10].label_propagation.iteration[0].first_phase=0.001 partitioning.coarsening.level[10].label_propagation.handle_isolated_nodes=0.000 partitioning.coarsening.level[10].label_propagation.handle_two-hop_nodes=0.000 partitioning.coarsening.level[10].contract_graph=0.018 partitioning.coarsening.level[10].contract_graph.allocation=0.000 partitioning.coarsening.level[10].contract_graph.preprocessing=0.000 partitioning.coarsening.level[10].contract_graph.deallocation=0.000 partitioning.coarsening.level[10].contract_graph.construct_coarse_graph=0.017 partitioning.coarsening.level[10].contract_graph.construct_coarse_graph.aggregate_coarse_edges=0.016 partitioning.coarsening.level[10].contract_graph.construct_coarse_graph.aggregate_coarse_edges.first_phase=0.016 partitioning.coarsening.level[10].contract_graph.construct_coarse_graph.aggregate_coarse_edges.second_phase=0.000 partitioning.coarsening.level[10].contract_graph.construct_coarse_graph.remap_coarse_edges_and_mapping=0.001 partitioning.coarsening.level[11]=0.017 partitioning.coarsening.level[11].label_propagation=0.001 partitioning.coarsening.level[11].label_propagation.iteration[0]=0.001 partitioning.coarsening.level[11].label_propagation.iteration[0].first_phase=0.001 partitioning.coarsening.level[11].label_propagation.handle_isolated_nodes=0.000 partitioning.coarsening.level[11].label_propagation.handle_two-hop_nodes=0.000 partitioning.coarsening.level[11].contract_graph=0.015 partitioning.coarsening.level[11].contract_graph.allocation=0.000 partitioning.coarsening.level[11].contract_graph.preprocessing=0.000 partitioning.coarsening.level[11].contract_graph.deallocation=0.000 partitioning.coarsening.level[11].contract_graph.construct_coarse_graph=0.014 partitioning.coarsening.level[11].contract_graph.construct_coarse_graph.aggregate_coarse_edges=0.013 partitioning.coarsening.level[11].contract_graph.construct_coarse_graph.aggregate_coarse_edges.first_phase=0.013 partitioning.coarsening.level[11].contract_graph.construct_coarse_graph.aggregate_coarse_edges.second_phase=0.000 partitioning.coarsening.level[11].contract_graph.construct_coarse_graph.remap_coarse_edges_and_mapping=0.001 partitioning.coarsening.level[12]=0.018 partitioning.coarsening.level[12].label_propagation=0.001 partitioning.coarsening.level[12].label_propagation.iteration[0]=0.001 partitioning.coarsening.level[12].label_propagation.iteration[0].first_phase=0.001 partitioning.coarsening.level[12].label_propagation.handle_isolated_nodes=0.000 partitioning.coarsening.level[12].label_propagation.handle_two-hop_nodes=0.000 partitioning.coarsening.level[12].contract_graph=0.016 partitioning.coarsening.level[12].contract_graph.allocation=0.000 partitioning.coarsening.level[12].contract_graph.preprocessing=0.000 partitioning.coarsening.level[12].contract_graph.deallocation=0.000 partitioning.coarsening.level[12].contract_graph.construct_coarse_graph=0.015 partitioning.coarsening.level[12].contract_graph.construct_coarse_graph.aggregate_coarse_edges=0.014 partitioning.coarsening.level[12].contract_graph.construct_coarse_graph.aggregate_coarse_edges.first_phase=0.014 partitioning.coarsening.level[12].contract_graph.construct_coarse_graph.aggregate_coarse_edges.second_phase=0.000 partitioning.coarsening.level[12].contract_graph.construct_coarse_graph.remap_coarse_edges_and_mapping=0.000 partitioning.coarsening.level[13]=0.018 partitioning.coarsening.level[13].label_propagation=0.001 partitioning.coarsening.level[13].label_propagation.iteration[0]=0.001 partitioning.coarsening.level[13].label_propagation.iteration[0].first_phase=0.001 partitioning.coarsening.level[13].label_propagation.handle_isolated_nodes=0.000 partitioning.coarsening.level[13].label_propagation.handle_two-hop_nodes=0.000 partitioning.coarsening.level[13].contract_graph=0.017 partitioning.coarsening.level[13].contract_graph.allocation=0.000 partitioning.coarsening.level[13].contract_graph.preprocessing=0.000 partitioning.coarsening.level[13].contract_graph.deallocation=0.000 partitioning.coarsening.level[13].contract_graph.construct_coarse_graph=0.016 partitioning.coarsening.level[13].contract_graph.construct_coarse_graph.aggregate_coarse_edges=0.015 partitioning.coarsening.level[13].contract_graph.construct_coarse_graph.aggregate_coarse_edges.first_phase=0.014 partitioning.coarsening.level[13].contract_graph.construct_coarse_graph.aggregate_coarse_edges.second_phase=0.000 partitioning.coarsening.level[13].contract_graph.construct_coarse_graph.remap_coarse_edges_and_mapping=0.001 partitioning.coarsening.level[14]=0.017 partitioning.coarsening.level[14].label_propagation=0.001 partitioning.coarsening.level[14].label_propagation.iteration[0]=0.001 partitioning.coarsening.level[14].label_propagation.iteration[0].first_phase=0.001 partitioning.coarsening.level[14].label_propagation.handle_isolated_nodes=0.000 partitioning.coarsening.level[14].label_propagation.handle_two-hop_nodes=0.000 partitioning.coarsening.level[14].contract_graph=0.015 partitioning.coarsening.level[14].contract_graph.allocation=0.000 partitioning.coarsening.level[14].contract_graph.preprocessing=0.000 partitioning.coarsening.level[14].contract_graph.deallocation=0.000 partitioning.coarsening.level[14].contract_graph.construct_coarse_graph=0.014 partitioning.coarsening.level[14].contract_graph.construct_coarse_graph.aggregate_coarse_edges=0.013 partitioning.coarsening.level[14].contract_graph.construct_coarse_graph.aggregate_coarse_edges.first_phase=0.013 partitioning.coarsening.level[14].contract_graph.construct_coarse_graph.aggregate_coarse_edges.second_phase=0.000 partitioning.coarsening.level[14].contract_graph.construct_coarse_graph.remap_coarse_edges_and_mapping=0.001 partitioning.coarsening.level[15]=0.014 partitioning.coarsening.level[15].label_propagation=0.001 partitioning.coarsening.level[15].label_propagation.iteration[0]=0.001 partitioning.coarsening.level[15].label_propagation.iteration[0].first_phase=0.001 partitioning.coarsening.level[15].label_propagation.handle_isolated_nodes=0.000 partitioning.coarsening.level[15].label_propagation.handle_two-hop_nodes=0.000 partitioning.coarsening.level[15].contract_graph=0.012 partitioning.coarsening.level[15].contract_graph.allocation=0.000 partitioning.coarsening.level[15].contract_graph.preprocessing=0.000 partitioning.coarsening.level[15].contract_graph.deallocation=0.000 partitioning.coarsening.level[15].contract_graph.construct_coarse_graph=0.011 partitioning.coarsening.level[15].contract_graph.construct_coarse_graph.aggregate_coarse_edges=0.010 partitioning.coarsening.level[15].contract_graph.construct_coarse_graph.aggregate_coarse_edges.first_phase=0.010 partitioning.coarsening.level[15].contract_graph.construct_coarse_graph.aggregate_coarse_edges.second_phase=0.000 partitioning.coarsening.level[15].contract_graph.construct_coarse_graph.remap_coarse_edges_and_mapping=0.000 partitioning.coarsening.level[16]=0.019 partitioning.coarsening.level[16].label_propagation=0.001 partitioning.coarsening.level[16].label_propagation.iteration[0]=0.001 partitioning.coarsening.level[16].label_propagation.iteration[0].first_phase=0.001 partitioning.coarsening.level[16].label_propagation.handle_isolated_nodes=0.000 partitioning.coarsening.level[16].label_propagation.handle_two-hop_nodes=0.000 partitioning.coarsening.level[16].contract_graph=0.017 partitioning.coarsening.level[16].contract_graph.allocation=0.000 partitioning.coarsening.level[16].contract_graph.preprocessing=0.000 partitioning.coarsening.level[16].contract_graph.deallocation=0.000 partitioning.coarsening.level[16].contract_graph.construct_coarse_graph=0.016 partitioning.coarsening.level[16].contract_graph.construct_coarse_graph.aggregate_coarse_edges=0.015 partitioning.coarsening.level[16].contract_graph.construct_coarse_graph.aggregate_coarse_edges.first_phase=0.015 partitioning.coarsening.level[16].contract_graph.construct_coarse_graph.aggregate_coarse_edges.second_phase=0.000 partitioning.coarsening.level[16].contract_graph.construct_coarse_graph.remap_coarse_edges_and_mapping=0.001 partitioning.coarsening.level[17]=0.014 partitioning.coarsening.level[17].label_propagation=0.001 partitioning.coarsening.level[17].label_propagation.iteration[0]=0.001 partitioning.coarsening.level[17].label_propagation.iteration[0].first_phase=0.001 partitioning.coarsening.level[17].label_propagation.handle_isolated_nodes=0.000 partitioning.coarsening.level[17].label_propagation.handle_two-hop_nodes=0.000 partitioning.coarsening.level[17].contract_graph=0.013 partitioning.coarsening.level[17].contract_graph.allocation=0.000 partitioning.coarsening.level[17].contract_graph.preprocessing=0.000 partitioning.coarsening.level[17].contract_graph.deallocation=0.000 partitioning.coarsening.level[17].contract_graph.construct_coarse_graph=0.012 partitioning.coarsening.level[17].contract_graph.construct_coarse_graph.aggregate_coarse_edges=0.011 partitioning.coarsening.level[17].contract_graph.construct_coarse_graph.aggregate_coarse_edges.first_phase=0.011 partitioning.coarsening.level[17].contract_graph.construct_coarse_graph.aggregate_coarse_edges.second_phase=0.000 partitioning.coarsening.level[17].contract_graph.construct_coarse_graph.remap_coarse_edges_and_mapping=0.000 partitioning.coarsening.level[18]=0.017 partitioning.coarsening.level[18].label_propagation=0.001 partitioning.coarsening.level[18].label_propagation.iteration[0]=0.001 partitioning.coarsening.level[18].label_propagation.iteration[0].first_phase=0.001 partitioning.coarsening.level[18].label_propagation.handle_isolated_nodes=0.000 partitioning.coarsening.level[18].label_propagation.handle_two-hop_nodes=0.000 partitioning.coarsening.level[18].contract_graph=0.016 partitioning.coarsening.level[18].contract_graph.allocation=0.000 partitioning.coarsening.level[18].contract_graph.preprocessing=0.000 partitioning.coarsening.level[18].contract_graph.deallocation=0.000 partitioning.coarsening.level[18].contract_graph.construct_coarse_graph=0.014 partitioning.coarsening.level[18].contract_graph.construct_coarse_graph.aggregate_coarse_edges=0.013 partitioning.coarsening.level[18].contract_graph.construct_coarse_graph.aggregate_coarse_edges.first_phase=0.013 partitioning.coarsening.level[18].contract_graph.construct_coarse_graph.aggregate_coarse_edges.second_phase=0.000 partitioning.coarsening.level[18].contract_graph.construct_coarse_graph.remap_coarse_edges_and_mapping=0.001 partitioning.coarsening.level[19]=0.016 partitioning.coarsening.level[19].label_propagation=0.001 partitioning.coarsening.level[19].label_propagation.iteration[0]=0.001 partitioning.coarsening.level[19].label_propagation.iteration[0].first_phase=0.001 partitioning.coarsening.level[19].label_propagation.handle_isolated_nodes=0.000 partitioning.coarsening.level[19].label_propagation.handle_two-hop_nodes=0.000 partitioning.coarsening.level[19].contract_graph=0.015 partitioning.coarsening.level[19].contract_graph.allocation=0.000 partitioning.coarsening.level[19].contract_graph.preprocessing=0.000 partitioning.coarsening.level[19].contract_graph.deallocation=0.000 partitioning.coarsening.level[19].contract_graph.construct_coarse_graph=0.014 partitioning.coarsening.level[19].contract_graph.construct_coarse_graph.aggregate_coarse_edges=0.013 partitioning.coarsening.level[19].contract_graph.construct_coarse_graph.aggregate_coarse_edges.first_phase=0.013 partitioning.coarsening.level[19].contract_graph.construct_coarse_graph.aggregate_coarse_edges.second_phase=0.000 partitioning.coarsening.level[19].contract_graph.construct_coarse_graph.remap_coarse_edges_and_mapping=0.000 partitioning.coarsening.deallocation=0.001 partitioning.initial_partitioning_scheme=0.496 partitioning.uncoarsening=19.519 partitioning.uncoarsening.level[19]=0.008 partitioning.uncoarsening.level[19].allocation=0.000 partitioning.uncoarsening.level[19].project_partition=0.000 partitioning.uncoarsening.level[19].create_graph=0.000 partitioning.uncoarsening.level[19].refinement=0.006 partitioning.uncoarsening.level[19].refinement.greedy_balancer=0.000 partitioning.uncoarsening.level[19].refinement.label_propagation=0.006 partitioning.uncoarsening.level[19].refinement.label_propagation.allocation=0.004 partitioning.uncoarsening.level[19].refinement.label_propagation.iteration[0]=0.001 partitioning.uncoarsening.level[19].refinement.label_propagation.iteration[1]=0.000 partitioning.uncoarsening.level[18]=0.001 partitioning.uncoarsening.level[18].allocation=0.000 partitioning.uncoarsening.level[18].project_partition=0.000 partitioning.uncoarsening.level[18].create_graph=0.000 partitioning.uncoarsening.level[18].refinement=0.001 partitioning.uncoarsening.level[18].refinement.greedy_balancer=0.000 partitioning.uncoarsening.level[18].refinement.label_propagation=0.001 partitioning.uncoarsening.level[18].refinement.label_propagation.iteration[0]=0.001 partitioning.uncoarsening.level[18].refinement.label_propagation.iteration[1]=0.000 partitioning.uncoarsening.level[17]=0.001 partitioning.uncoarsening.level[17].allocation=0.000 partitioning.uncoarsening.level[17].project_partition=0.000 partitioning.uncoarsening.level[17].create_graph=0.000 partitioning.uncoarsening.level[17].refinement=0.001 partitioning.uncoarsening.level[17].refinement.greedy_balancer=0.000 partitioning.uncoarsening.level[17].refinement.label_propagation=0.001 partitioning.uncoarsening.level[17].refinement.label_propagation.iteration[0]=0.001 partitioning.uncoarsening.level[17].refinement.label_propagation.iteration[1]=0.000 partitioning.uncoarsening.level[16]=0.001 partitioning.uncoarsening.level[16].allocation=0.000 partitioning.uncoarsening.level[16].project_partition=0.000 partitioning.uncoarsening.level[16].create_graph=0.000 partitioning.uncoarsening.level[16].refinement=0.001 partitioning.uncoarsening.level[16].refinement.greedy_balancer=0.000 partitioning.uncoarsening.level[16].refinement.label_propagation=0.001 partitioning.uncoarsening.level[16].refinement.label_propagation.iteration[0]=0.001 partitioning.uncoarsening.level[16].refinement.label_propagation.iteration[1]=0.000 partitioning.uncoarsening.level[15]=0.001 partitioning.uncoarsening.level[15].allocation=0.000 partitioning.uncoarsening.level[15].project_partition=0.000 partitioning.uncoarsening.level[15].create_graph=0.000 partitioning.uncoarsening.level[15].refinement=0.001 partitioning.uncoarsening.level[15].refinement.greedy_balancer=0.000 partitioning.uncoarsening.level[15].refinement.label_propagation=0.001 partitioning.uncoarsening.level[15].refinement.label_propagation.iteration[0]=0.001 partitioning.uncoarsening.level[15].refinement.label_propagation.iteration[1]=0.000 partitioning.uncoarsening.level[14]=0.001 partitioning.uncoarsening.level[14].allocation=0.000 partitioning.uncoarsening.level[14].project_partition=0.000 partitioning.uncoarsening.level[14].create_graph=0.000 partitioning.uncoarsening.level[14].refinement=0.001 partitioning.uncoarsening.level[14].refinement.greedy_balancer=0.000 partitioning.uncoarsening.level[14].refinement.label_propagation=0.001 partitioning.uncoarsening.level[14].refinement.label_propagation.iteration[0]=0.001 partitioning.uncoarsening.level[14].refinement.label_propagation.iteration[1]=0.000 partitioning.uncoarsening.level[13]=0.001 partitioning.uncoarsening.level[13].allocation=0.000 partitioning.uncoarsening.level[13].project_partition=0.000 partitioning.uncoarsening.level[13].create_graph=0.000 partitioning.uncoarsening.level[13].refinement=0.001 partitioning.uncoarsening.level[13].refinement.greedy_balancer=0.000 partitioning.uncoarsening.level[13].refinement.label_propagation=0.001 partitioning.uncoarsening.level[13].refinement.label_propagation.iteration[0]=0.001 partitioning.uncoarsening.level[13].refinement.label_propagation.iteration[1]=0.000 partitioning.uncoarsening.level[12]=0.001 partitioning.uncoarsening.level[12].allocation=0.000 partitioning.uncoarsening.level[12].project_partition=0.000 partitioning.uncoarsening.level[12].create_graph=0.000 partitioning.uncoarsening.level[12].refinement=0.001 partitioning.uncoarsening.level[12].refinement.greedy_balancer=0.000 partitioning.uncoarsening.level[12].refinement.label_propagation=0.001 partitioning.uncoarsening.level[12].refinement.label_propagation.iteration[0]=0.001 partitioning.uncoarsening.level[12].refinement.label_propagation.iteration[1]=0.000 partitioning.uncoarsening.level[11]=0.001 partitioning.uncoarsening.level[11].allocation=0.000 partitioning.uncoarsening.level[11].project_partition=0.000 partitioning.uncoarsening.level[11].create_graph=0.000 partitioning.uncoarsening.level[11].refinement=0.001 partitioning.uncoarsening.level[11].refinement.greedy_balancer=0.000 partitioning.uncoarsening.level[11].refinement.label_propagation=0.001 partitioning.uncoarsening.level[11].refinement.label_propagation.iteration[0]=0.001 partitioning.uncoarsening.level[11].refinement.label_propagation.iteration[1]=0.000 partitioning.uncoarsening.level[10]=0.002 partitioning.uncoarsening.level[10].allocation=0.000 partitioning.uncoarsening.level[10].project_partition=0.000 partitioning.uncoarsening.level[10].create_graph=0.000 partitioning.uncoarsening.level[10].refinement=0.001 partitioning.uncoarsening.level[10].refinement.greedy_balancer=0.000 partitioning.uncoarsening.level[10].refinement.label_propagation=0.001 partitioning.uncoarsening.level[10].refinement.label_propagation.iteration[0]=0.001 partitioning.uncoarsening.level[10].refinement.label_propagation.iteration[1]=0.000 partitioning.uncoarsening.level[9]=0.004 partitioning.uncoarsening.level[9].allocation=0.000 partitioning.uncoarsening.level[9].project_partition=0.000 partitioning.uncoarsening.level[9].create_graph=0.000 partitioning.uncoarsening.level[9].refinement=0.004 partitioning.uncoarsening.level[9].refinement.greedy_balancer=0.000 partitioning.uncoarsening.level[9].refinement.label_propagation=0.004 partitioning.uncoarsening.level[9].refinement.label_propagation.iteration[0]=0.001 partitioning.uncoarsening.level[9].refinement.label_propagation.iteration[1]=0.001 partitioning.uncoarsening.level[9].refinement.label_propagation.iteration[2]=0.000 partitioning.uncoarsening.level[9].refinement.label_propagation.iteration[3]=0.000 partitioning.uncoarsening.level[9].refinement.label_propagation.iteration[4]=0.000 partitioning.uncoarsening.level[8]=0.003 partitioning.uncoarsening.level[8].allocation=0.000 partitioning.uncoarsening.level[8].project_partition=0.000 partitioning.uncoarsening.level[8].create_graph=0.000 partitioning.uncoarsening.level[8].refinement=0.003 partitioning.uncoarsening.level[8].refinement.greedy_balancer=0.000 partitioning.uncoarsening.level[8].refinement.label_propagation=0.003 partitioning.uncoarsening.level[8].refinement.label_propagation.iteration[0]=0.001 partitioning.uncoarsening.level[8].refinement.label_propagation.iteration[1]=0.001 partitioning.uncoarsening.level[8].refinement.label_propagation.iteration[2]=0.000 partitioning.uncoarsening.level[7]=0.006 partitioning.uncoarsening.level[7].allocation=0.000 partitioning.uncoarsening.level[7].project_partition=0.000 partitioning.uncoarsening.level[7].create_graph=0.000 partitioning.uncoarsening.level[7].refinement=0.005 partitioning.uncoarsening.level[7].refinement.greedy_balancer=0.000 partitioning.uncoarsening.level[7].refinement.label_propagation=0.005 partitioning.uncoarsening.level[7].refinement.label_propagation.iteration[0]=0.002 partitioning.uncoarsening.level[7].refinement.label_propagation.iteration[1]=0.001 partitioning.uncoarsening.level[7].refinement.label_propagation.iteration[2]=0.000 partitioning.uncoarsening.level[7].refinement.label_propagation.iteration[3]=0.000 partitioning.uncoarsening.level[6]=0.042 partitioning.uncoarsening.level[6].allocation=0.000 partitioning.uncoarsening.level[6].project_partition=0.000 partitioning.uncoarsening.level[6].create_graph=0.000 partitioning.uncoarsening.level[6].refinement=0.040 partitioning.uncoarsening.level[6].refinement.greedy_balancer=0.000 partitioning.uncoarsening.level[6].refinement.label_propagation=0.040 partitioning.uncoarsening.level[6].refinement.label_propagation.iteration[0]=0.019 partitioning.uncoarsening.level[6].refinement.label_propagation.iteration[1]=0.005 partitioning.uncoarsening.level[6].refinement.label_propagation.iteration[2]=0.005 partitioning.uncoarsening.level[6].refinement.label_propagation.iteration[3]=0.005 partitioning.uncoarsening.level[6].refinement.label_propagation.iteration[4]=0.005 partitioning.uncoarsening.level[5]=0.153 partitioning.uncoarsening.level[5].allocation=0.000 partitioning.uncoarsening.level[5].project_partition=0.000 partitioning.uncoarsening.level[5].create_graph=0.000 partitioning.uncoarsening.level[5].refinement=0.150 partitioning.uncoarsening.level[5].refinement.greedy_balancer=0.000 partitioning.uncoarsening.level[5].refinement.label_propagation=0.150 partitioning.uncoarsening.level[5].refinement.label_propagation.iteration[0]=0.064 partitioning.uncoarsening.level[5].refinement.label_propagation.iteration[1]=0.027 partitioning.uncoarsening.level[5].refinement.label_propagation.iteration[2]=0.023 partitioning.uncoarsening.level[5].refinement.label_propagation.iteration[3]=0.019 partitioning.uncoarsening.level[5].refinement.label_propagation.iteration[4]=0.015 partitioning.uncoarsening.level[4]=0.391 partitioning.uncoarsening.level[4].allocation=0.007 partitioning.uncoarsening.level[4].project_partition=0.001 partitioning.uncoarsening.level[4].create_graph=0.000 partitioning.uncoarsening.level[4].refinement=0.376 partitioning.uncoarsening.level[4].refinement.greedy_balancer=0.000 partitioning.uncoarsening.level[4].refinement.label_propagation=0.376 partitioning.uncoarsening.level[4].refinement.label_propagation.iteration[0]=0.123 partitioning.uncoarsening.level[4].refinement.label_propagation.iteration[1]=0.083 partitioning.uncoarsening.level[4].refinement.label_propagation.iteration[2]=0.065 partitioning.uncoarsening.level[4].refinement.label_propagation.iteration[3]=0.056 partitioning.uncoarsening.level[4].refinement.label_propagation.iteration[4]=0.045 partitioning.uncoarsening.level[3]=0.935 partitioning.uncoarsening.level[3].allocation=0.004 partitioning.uncoarsening.level[3].project_partition=0.000 partitioning.uncoarsening.level[3].create_graph=0.000 partitioning.uncoarsening.level[3].refinement=0.915 partitioning.uncoarsening.level[3].refinement.greedy_balancer=0.000 partitioning.uncoarsening.level[3].refinement.label_propagation=0.915 partitioning.uncoarsening.level[3].refinement.label_propagation.iteration[0]=0.271 partitioning.uncoarsening.level[3].refinement.label_propagation.iteration[1]=0.209 partitioning.uncoarsening.level[3].refinement.label_propagation.iteration[2]=0.171 partitioning.uncoarsening.level[3].refinement.label_propagation.iteration[3]=0.140 partitioning.uncoarsening.level[3].refinement.label_propagation.iteration[4]=0.121 partitioning.uncoarsening.level[2]=2.787 partitioning.uncoarsening.level[2].allocation=0.005 partitioning.uncoarsening.level[2].project_partition=0.001 partitioning.uncoarsening.level[2].create_graph=0.000 partitioning.uncoarsening.level[2].refinement=2.746 partitioning.uncoarsening.level[2].refinement.greedy_balancer=0.000 partitioning.uncoarsening.level[2].refinement.label_propagation=2.746 partitioning.uncoarsening.level[2].refinement.label_propagation.iteration[0]=0.845 partitioning.uncoarsening.level[2].refinement.label_propagation.iteration[1]=0.701 partitioning.uncoarsening.level[2].refinement.label_propagation.iteration[2]=0.517 partitioning.uncoarsening.level[2].refinement.label_propagation.iteration[3]=0.374 partitioning.uncoarsening.level[2].refinement.label_propagation.iteration[4]=0.305 partitioning.uncoarsening.level[1]=9.261 partitioning.uncoarsening.level[1].allocation=0.005 partitioning.uncoarsening.level[1].project_partition=0.003 partitioning.uncoarsening.level[1].create_graph=0.002 partitioning.uncoarsening.level[1].refinement=9.181 partitioning.uncoarsening.level[1].refinement.greedy_balancer=0.000 partitioning.uncoarsening.level[1].refinement.label_propagation=9.181 partitioning.uncoarsening.level[1].refinement.label_propagation.iteration[0]=2.985 partitioning.uncoarsening.level[1].refinement.label_propagation.iteration[1]=2.529 partitioning.uncoarsening.level[1].refinement.label_propagation.iteration[2]=1.743 partitioning.uncoarsening.level[1].refinement.label_propagation.iteration[3]=1.144 partitioning.uncoarsening.level[1].refinement.label_propagation.iteration[4]=0.776 partitioning.uncoarsening.level[0]=5.906 partitioning.uncoarsening.level[0].allocation=0.007 partitioning.uncoarsening.level[0].project_partition=0.015 partitioning.uncoarsening.level[0].create_graph=0.004 partitioning.uncoarsening.level[0].refinement=5.752 partitioning.uncoarsening.level[0].refinement.greedy_balancer=0.000 partitioning.uncoarsening.level[0].refinement.label_propagation=5.751 partitioning.uncoarsening.level[0].refinement.label_propagation.iteration[0]=2.877 partitioning.uncoarsening.level[0].refinement.label_propagation.iteration[1]=1.756 partitioning.uncoarsening.level[0].refinement.label_propagation.iteration[2]=0.858 partitioning.uncoarsening.level[0].refinement.label_propagation.iteration[3]=0.176 partitioning.uncoarsening.level[0].refinement.label_propagation.iteration[4]=0.078 partitioning.deallocation=0.025 partitioning.re-integrate_isolated_nodes=0.021 io=0.005 
MEMORY disabled

Global Timer: ................................... 104.009 s    
|- Read input graph: ............................ 35.090 s     
|- Partitioning: ................................ 68.873 s     
|  |- Rearrange by degree-buckets: .............. 2.382 s      
|  |  |- Sort nodes by integer buckets: ......... 0.026 s      
|  |  |- Rearrange input graph: ................. 2.281 s      
|  |  `- Deallocation: .......................... 0.064 s      
|  |- Refinement: ............................... 0.000 s      
|  |  `- Allocation: ............................ 0.000 s      
|  |- Coarsening: ............................... 46.424 s     
|  |  |- Level (0): ............................. 10.258 s     
|  |  |  |- Label Propagation: .................. 0.785 s      
|  |  |  |  |- Allocation: ...................... 0.016 s      
|  |  |  |  |- Iteration (0): ................... 0.746 s      
|  |  |  |  |  `- First phase: .................. 0.735 s      
|  |  |  |  |- Handle isolated nodes: ........... 0.000 s      
|  |  |  |  |- Handle two-hop nodes: ............ 0.000 s      
|  |  |  |  `- Free: ............................ 0.011 s      
|  |  |  `- Contract graph: ..................... 9.468 s      
|  |  |     |- Allocation: ...................... 0.003 s   (3)
|  |  |     |- Preprocessing: ................... 0.196 s   (3)
|  |  |     |- Deallocation: .................... 0.001 s      
|  |  |     `- Construct coarse graph: .......... 9.166 s      
|  |  |        |- Aggregate coarse edges: ....... 8.024 s      
|  |  |        |  |- First phase: ............... 8.013 s      
|  |  |        |  `- Second phase: .............. 0.005 s      
|  |  |        `- Remap coarse edges and mapping: 1.125 s      
|  |  |- Level (1): ............................. 13.270 s     
|  |  |  |- Label Propagation: .................. 4.882 s      
|  |  |  |  |- Allocation: ...................... 0.013 s      
|  |  |  |  |- Iteration (0): ................... 4.861 s      
|  |  |  |  |  `- First phase: .................. 4.856 s      
|  |  |  |  |- Handle isolated nodes: ........... 0.000 s      
|  |  |  |  `- Handle two-hop nodes: ............ 0.000 s      
|  |  |  `- Contract graph: ..................... 8.387 s      
|  |  |     |- Allocation: ...................... 0.003 s   (3)
|  |  |     |- Preprocessing: ................... 0.099 s   (3)
|  |  |     |- Deallocation: .................... 0.000 s      
|  |  |     `- Construct coarse graph: .......... 8.224 s      
|  |  |        |- Aggregate coarse edges: ....... 7.900 s      
|  |  |        |  |- First phase: ............... 4.397 s      
|  |  |        |  `- Second phase: .............. 3.502 s      
|  |  |        `- Remap coarse edges and mapping: 0.318 s      
|  |  |- Level (2): ............................. 11.626 s     
|  |  |  |- Label Propagation: .................. 3.569 s      
|  |  |  |  |- Iteration (0): ................... 3.563 s      
|  |  |  |  |  |- First phase: .................. 2.327 s      
|  |  |  |  |  `- Second phase: ................. 1.233 s      
|  |  |  |  |- Handle isolated nodes: ........... 0.000 s      
|  |  |  |  `- Handle two-hop nodes: ............ 0.000 s      
|  |  |  `- Contract graph: ..................... 8.056 s      
|  |  |     |- Allocation: ...................... 0.002 s   (3)
|  |  |     |- Preprocessing: ................... 0.061 s   (3)
|  |  |     |- Deallocation: .................... 0.000 s      
|  |  |     `- Construct coarse graph: .......... 7.962 s      
|  |  |        |- Aggregate coarse edges: ....... 7.810 s      
|  |  |        |  |- First phase: ............... 1.818 s      
|  |  |        |  `- Second phase: .............. 5.991 s      
|  |  |        `- Remap coarse edges and mapping: 0.149 s      
|  |  |- Level (3): ............................. 5.756 s      
|  |  |  |- Label Propagation: .................. 1.945 s      
|  |  |  |  |- Iteration (0): ................... 1.942 s      
|  |  |  |  |  |- First phase: .................. 0.758 s      
|  |  |  |  |  `- Second phase: ................. 1.182 s      
|  |  |  |  |- Handle isolated nodes: ........... 0.000 s      
|  |  |  |  `- Handle two-hop nodes: ............ 0.000 s      
|  |  |  `- Contract graph: ..................... 3.810 s      
|  |  |     |- Allocation: ...................... 0.001 s   (3)
|  |  |     |- Preprocessing: ................... 0.051 s   (3)
|  |  |     |- Deallocation: .................... 0.000 s      
|  |  |     `- Construct coarse graph: .......... 3.743 s      
|  |  |        |- Aggregate coarse edges: ....... 3.680 s      
|  |  |        |  |- First phase: ............... 0.796 s      
|  |  |        |  `- Second phase: .............. 2.883 s      
|  |  |        `- Remap coarse edges and mapping: 0.063 s      
|  |  |- Level (4): ............................. 4.112 s      
|  |  |  |- Label Propagation: .................. 1.668 s      
|  |  |  |  |- Iteration (0): ................... 1.663 s      
|  |  |  |  |  |- First phase: .................. 0.516 s      
|  |  |  |  |  `- Second phase: ................. 1.145 s      
|  |  |  |  |- Handle isolated nodes: ........... 0.000 s      
|  |  |  |  `- Handle two-hop nodes: ............ 0.000 s      
|  |  |  `- Contract graph: ..................... 2.443 s      
|  |  |     |- Allocation: ...................... 0.001 s   (3)
|  |  |     |- Preprocessing: ................... 0.019 s   (3)
|  |  |     |- Deallocation: .................... 0.000 s      
|  |  |     `- Construct coarse graph: .......... 2.417 s      
|  |  |        |- Aggregate coarse edges: ....... 2.394 s      
|  |  |        |  |- First phase: ............... 0.351 s      
|  |  |        |  `- Second phase: .............. 2.042 s      
|  |  |        `- Remap coarse edges and mapping: 0.022 s      
|  |  |- Level (5): ............................. 1.007 s      
|  |  |  |- Label Propagation: .................. 0.886 s      
|  |  |  |  |- Iteration (0): ................... 0.885 s      
|  |  |  |  |  |- First phase: .................. 0.289 s      
|  |  |  |  |  `- Second phase: ................. 0.596 s      
|  |  |  |  |- Handle isolated nodes: ........... 0.000 s      
|  |  |  |  `- Handle two-hop nodes: ............ 0.000 s      
|  |  |  `- Contract graph: ..................... 0.120 s      
|  |  |     |- Allocation: ...................... 0.000 s   (3)
|  |  |     |- Preprocessing: ................... 0.018 s   (3)
|  |  |     |- Deallocation: .................... 0.000 s      
|  |  |     `- Construct coarse graph: .......... 0.099 s      
|  |  |        |- Aggregate coarse edges: ....... 0.094 s      
|  |  |        |  |- First phase: ............... 0.093 s      
|  |  |        |  `- Second phase: .............. 0.000 s      
|  |  |        `- Remap coarse edges and mapping: 0.005 s      
|  |  |- Level (6): ............................. 0.129 s      
|  |  |  |- Label Propagation: .................. 0.094 s      
|  |  |  |  |- Iteration (0): ................... 0.093 s      
|  |  |  |  |  |- First phase: .................. 0.089 s      
|  |  |  |  |  `- Second phase: ................. 0.003 s      
|  |  |  |  |- Handle isolated nodes: ........... 0.000 s      
|  |  |  |  `- Handle two-hop nodes: ............ 0.001 s      
|  |  |  `- Contract graph: ..................... 0.034 s      
|  |  |     |- Allocation: ...................... 0.000 s   (3)
|  |  |     |- Preprocessing: ................... 0.004 s   (3)
|  |  |     |- Deallocation: .................... 0.000 s      
|  |  |     `- Construct coarse graph: .......... 0.029 s      
|  |  |        |- Aggregate coarse edges: ....... 0.027 s      
|  |  |        |  |- First phase: ............... 0.027 s      
|  |  |        |  `- Second phase: .............. 0.000 s      
|  |  |        `- Remap coarse edges and mapping: 0.001 s      
|  |  |- Level (7): ............................. 0.034 s      
|  |  |  |- Label Propagation: .................. 0.017 s      
|  |  |  |  |- Iteration (0): ................... 0.016 s      
|  |  |  |  |  `- First phase: .................. 0.016 s      
|  |  |  |  |- Handle isolated nodes: ........... 0.000 s      
|  |  |  |  `- Handle two-hop nodes: ............ 0.000 s      
|  |  |  `- Contract graph: ..................... 0.016 s      
|  |  |     |- Allocation: ...................... 0.000 s   (3)
|  |  |     |- Preprocessing: ................... 0.001 s   (3)
|  |  |     |- Deallocation: .................... 0.000 s      
|  |  |     `- Construct coarse graph: .......... 0.015 s      
|  |  |        |- Aggregate coarse edges: ....... 0.013 s      
|  |  |        |  |- First phase: ............... 0.013 s      
|  |  |        |  `- Second phase: .............. 0.000 s      
|  |  |        `- Remap coarse edges and mapping: 0.001 s      
|  |  |- Level (8): ............................. 0.029 s      
|  |  |  |- Label Propagation: .................. 0.009 s      
|  |  |  |  |- Iteration (0): ................... 0.009 s      
|  |  |  |  |  `- First phase: .................. 0.009 s      
|  |  |  |  |- Handle isolated nodes: ........... 0.000 s      
|  |  |  |  `- Handle two-hop nodes: ............ 0.000 s      
|  |  |  `- Contract graph: ..................... 0.019 s      
|  |  |     |- Allocation: ...................... 0.000 s   (3)
|  |  |     |- Preprocessing: ................... 0.000 s   (3)
|  |  |     |- Deallocation: .................... 0.000 s      
|  |  |     `- Construct coarse graph: .......... 0.017 s      
|  |  |        |- Aggregate coarse edges: ....... 0.016 s      
|  |  |        |  |- First phase: ............... 0.016 s      
|  |  |        |  `- Second phase: .............. 0.000 s      
|  |  |        `- Remap coarse edges and mapping: 0.001 s      
|  |  |- Level (9): ............................. 0.023 s      
|  |  |  |- Label Propagation: .................. 0.005 s      
|  |  |  |  |- Iteration (0): ................... 0.005 s      
|  |  |  |  |  `- First phase: .................. 0.005 s      
|  |  |  |  |- Handle isolated nodes: ........... 0.000 s      
|  |  |  |  `- Handle two-hop nodes: ............ 0.000 s      
|  |  |  `- Contract graph: ..................... 0.017 s      
|  |  |     |- Allocation: ...................... 0.000 s   (3)
|  |  |     |- Preprocessing: ................... 0.000 s   (3)
|  |  |     |- Deallocation: .................... 0.000 s      
|  |  |     `- Construct coarse graph: .......... 0.015 s      
|  |  |        |- Aggregate coarse edges: ....... 0.014 s      
|  |  |        |  |- First phase: ............... 0.014 s      
|  |  |        |  `- Second phase: .............. 0.000 s      
|  |  |        `- Remap coarse edges and mapping: 0.001 s      
|  |  |- Level (10): ............................ 0.020 s      
|  |  |  |- Label Propagation: .................. 0.001 s      
|  |  |  |  |- Iteration (0): ................... 0.001 s      
|  |  |  |  |  `- First phase: .................. 0.001 s      
|  |  |  |  |- Handle isolated nodes: ........... 0.000 s      
|  |  |  |  `- Handle two-hop nodes: ............ 0.000 s      
|  |  |  `- Contract graph: ..................... 0.018 s      
|  |  |     |- Allocation: ...................... 0.000 s   (3)
|  |  |     |- Preprocessing: ................... 0.000 s   (3)
|  |  |     |- Deallocation: .................... 0.000 s      
|  |  |     `- Construct coarse graph: .......... 0.017 s      
|  |  |        |- Aggregate coarse edges: ....... 0.016 s      
|  |  |        |  |- First phase: ............... 0.016 s      
|  |  |        |  `- Second phase: .............. 0.000 s      
|  |  |        `- Remap coarse edges and mapping: 0.001 s      
|  |  |- Level (11): ............................ 0.017 s      
|  |  |  |- Label Propagation: .................. 0.001 s      
|  |  |  |  |- Iteration (0): ................... 0.001 s      
|  |  |  |  |  `- First phase: .................. 0.001 s      
|  |  |  |  |- Handle isolated nodes: ........... 0.000 s      
|  |  |  |  `- Handle two-hop nodes: ............ 0.000 s      
|  |  |  `- Contract graph: ..................... 0.015 s      
|  |  |     |- Allocation: ...................... 0.000 s   (3)
|  |  |     |- Preprocessing: ................... 0.000 s   (3)
|  |  |     |- Deallocation: .................... 0.000 s      
|  |  |     `- Construct coarse graph: .......... 0.014 s      
|  |  |        |- Aggregate coarse edges: ....... 0.013 s      
|  |  |        |  |- First phase: ............... 0.013 s      
|  |  |        |  `- Second phase: .............. 0.000 s      
|  |  |        `- Remap coarse edges and mapping: 0.001 s      
|  |  |- Level (12): ............................ 0.018 s      
|  |  |  |- Label Propagation: .................. 0.001 s      
|  |  |  |  |- Iteration (0): ................... 0.001 s      
|  |  |  |  |  `- First phase: .................. 0.001 s      
|  |  |  |  |- Handle isolated nodes: ........... 0.000 s      
|  |  |  |  `- Handle two-hop nodes: ............ 0.000 s      
|  |  |  `- Contract graph: ..................... 0.016 s      
|  |  |     |- Allocation: ...................... 0.000 s   (3)
|  |  |     |- Preprocessing: ................... 0.000 s   (3)
|  |  |     |- Deallocation: .................... 0.000 s      
|  |  |     `- Construct coarse graph: .......... 0.015 s      
|  |  |        |- Aggregate coarse edges: ....... 0.014 s      
|  |  |        |  |- First phase: ............... 0.014 s      
|  |  |        |  `- Second phase: .............. 0.000 s      
|  |  |        `- Remap coarse edges and mapping: 0.000 s      
|  |  |- Level (13): ............................ 0.018 s      
|  |  |  |- Label Propagation: .................. 0.001 s      
|  |  |  |  |- Iteration (0): ................... 0.001 s      
|  |  |  |  |  `- First phase: .................. 0.001 s      
|  |  |  |  |- Handle isolated nodes: ........... 0.000 s      
|  |  |  |  `- Handle two-hop nodes: ............ 0.000 s      
|  |  |  `- Contract graph: ..................... 0.017 s      
|  |  |     |- Allocation: ...................... 0.000 s   (3)
|  |  |     |- Preprocessing: ................... 0.000 s   (3)
|  |  |     |- Deallocation: .................... 0.000 s      
|  |  |     `- Construct coarse graph: .......... 0.016 s      
|  |  |        |- Aggregate coarse edges: ....... 0.015 s      
|  |  |        |  |- First phase: ............... 0.014 s      
|  |  |        |  `- Second phase: .............. 0.000 s      
|  |  |        `- Remap coarse edges and mapping: 0.001 s      
|  |  |- Level (14): ............................ 0.017 s      
|  |  |  |- Label Propagation: .................. 0.001 s      
|  |  |  |  |- Iteration (0): ................... 0.001 s      
|  |  |  |  |  `- First phase: .................. 0.001 s      
|  |  |  |  |- Handle isolated nodes: ........... 0.000 s      
|  |  |  |  `- Handle two-hop nodes: ............ 0.000 s      
|  |  |  `- Contract graph: ..................... 0.015 s      
|  |  |     |- Allocation: ...................... 0.000 s   (3)
|  |  |     |- Preprocessing: ................... 0.000 s   (3)
|  |  |     |- Deallocation: .................... 0.000 s      
|  |  |     `- Construct coarse graph: .......... 0.014 s      
|  |  |        |- Aggregate coarse edges: ....... 0.013 s      
|  |  |        |  |- First phase: ............... 0.013 s      
|  |  |        |  `- Second phase: .............. 0.000 s      
|  |  |        `- Remap coarse edges and mapping: 0.001 s      
|  |  |- Level (15): ............................ 0.014 s      
|  |  |  |- Label Propagation: .................. 0.001 s      
|  |  |  |  |- Iteration (0): ................... 0.001 s      
|  |  |  |  |  `- First phase: .................. 0.001 s      
|  |  |  |  |- Handle isolated nodes: ........... 0.000 s      
|  |  |  |  `- Handle two-hop nodes: ............ 0.000 s      
|  |  |  `- Contract graph: ..................... 0.012 s      
|  |  |     |- Allocation: ...................... 0.000 s   (3)
|  |  |     |- Preprocessing: ................... 0.000 s   (3)
|  |  |     |- Deallocation: .................... 0.000 s      
|  |  |     `- Construct coarse graph: .......... 0.011 s      
|  |  |        |- Aggregate coarse edges: ....... 0.010 s      
|  |  |        |  |- First phase: ............... 0.010 s      
|  |  |        |  `- Second phase: .............. 0.000 s      
|  |  |        `- Remap coarse edges and mapping: 0.000 s      
|  |  |- Level (16): ............................ 0.019 s      
|  |  |  |- Label Propagation: .................. 0.001 s      
|  |  |  |  |- Iteration (0): ................... 0.001 s      
|  |  |  |  |  `- First phase: .................. 0.001 s      
|  |  |  |  |- Handle isolated nodes: ........... 0.000 s      
|  |  |  |  `- Handle two-hop nodes: ............ 0.000 s      
|  |  |  `- Contract graph: ..................... 0.017 s      
|  |  |     |- Allocation: ...................... 0.000 s   (3)
|  |  |     |- Preprocessing: ................... 0.000 s   (3)
|  |  |     |- Deallocation: .................... 0.000 s      
|  |  |     `- Construct coarse graph: .......... 0.016 s      
|  |  |        |- Aggregate coarse edges: ....... 0.015 s      
|  |  |        |  |- First phase: ............... 0.015 s      
|  |  |        |  `- Second phase: .............. 0.000 s      
|  |  |        `- Remap coarse edges and mapping: 0.001 s      
|  |  |- Level (17): ............................ 0.014 s      
|  |  |  |- Label Propagation: .................. 0.001 s      
|  |  |  |  |- Iteration (0): ................... 0.001 s      
|  |  |  |  |  `- First phase: .................. 0.001 s      
|  |  |  |  |- Handle isolated nodes: ........... 0.000 s      
|  |  |  |  `- Handle two-hop nodes: ............ 0.000 s      
|  |  |  `- Contract graph: ..................... 0.013 s      
|  |  |     |- Allocation: ...................... 0.000 s   (3)
|  |  |     |- Preprocessing: ................... 0.000 s   (3)
|  |  |     |- Deallocation: .................... 0.000 s      
|  |  |     `- Construct coarse graph: .......... 0.012 s      
|  |  |        |- Aggregate coarse edges: ....... 0.011 s      
|  |  |        |  |- First phase: ............... 0.011 s      
|  |  |        |  `- Second phase: .............. 0.000 s      
|  |  |        `- Remap coarse edges and mapping: 0.000 s      
|  |  |- Level (18): ............................ 0.017 s      
|  |  |  |- Label Propagation: .................. 0.001 s      
|  |  |  |  |- Iteration (0): ................... 0.001 s      
|  |  |  |  |  `- First phase: .................. 0.001 s      
|  |  |  |  |- Handle isolated nodes: ........... 0.000 s      
|  |  |  |  `- Handle two-hop nodes: ............ 0.000 s      
|  |  |  `- Contract graph: ..................... 0.016 s      
|  |  |     |- Allocation: ...................... 0.000 s   (3)
|  |  |     |- Preprocessing: ................... 0.000 s   (3)
|  |  |     |- Deallocation: .................... 0.000 s      
|  |  |     `- Construct coarse graph: .......... 0.014 s      
|  |  |        |- Aggregate coarse edges: ....... 0.013 s      
|  |  |        |  |- First phase: ............... 0.013 s      
|  |  |        |  `- Second phase: .............. 0.000 s      
|  |  |        `- Remap coarse edges and mapping: 0.001 s      
|  |  |- Level (19): ............................ 0.016 s      
|  |  |  |- Label Propagation: .................. 0.001 s      
|  |  |  |  |- Iteration (0): ................... 0.001 s      
|  |  |  |  |  `- First phase: .................. 0.001 s      
|  |  |  |  |- Handle isolated nodes: ........... 0.000 s      
|  |  |  |  `- Handle two-hop nodes: ............ 0.000 s      
|  |  |  `- Contract graph: ..................... 0.015 s      
|  |  |     |- Allocation: ...................... 0.000 s   (3)
|  |  |     |- Preprocessing: ................... 0.000 s   (3)
|  |  |     |- Deallocation: .................... 0.000 s      
|  |  |     `- Construct coarse graph: .......... 0.014 s      
|  |  |        |- Aggregate coarse edges: ....... 0.013 s      
|  |  |        |  |- First phase: ............... 0.013 s      
|  |  |        |  `- Second phase: .............. 0.000 s      
|  |  |        `- Remap coarse edges and mapping: 0.000 s      
|  |  `- Deallocation: .......................... 0.001 s      
|  |- Initial partitioning scheme: .............. 0.496 s      
|  |- Uncoarsening: ............................. 19.519 s     
|  |  |- Level (19): ............................ 0.008 s      
|  |  |  |- Allocation: ......................... 0.000 s      
|  |  |  |- Project partition: .................. 0.000 s      
|  |  |  |- Create graph: ....................... 0.000 s      
|  |  |  `- Refinement: ......................... 0.006 s      
|  |  |     |- Greedy Balancer: ................. 0.000 s      
|  |  |     `- Label Propagation: ............... 0.006 s      
|  |  |        |- Allocation: ................... 0.004 s      
|  |  |        |- Iteration (0): ................ 0.001 s      
|  |  |        `- Iteration (1): ................ 0.000 s      
|  |  |- Level (18): ............................ 0.001 s      
|  |  |  |- Allocation: ......................... 0.000 s      
|  |  |  |- Project partition: .................. 0.000 s      
|  |  |  |- Create graph: ....................... 0.000 s      
|  |  |  `- Refinement: ......................... 0.001 s      
|  |  |     |- Greedy Balancer: ................. 0.000 s      
|  |  |     `- Label Propagation: ............... 0.001 s      
|  |  |        |- Iteration (0): ................ 0.001 s      
|  |  |        `- Iteration (1): ................ 0.000 s      
|  |  |- Level (17): ............................ 0.001 s      
|  |  |  |- Allocation: ......................... 0.000 s      
|  |  |  |- Project partition: .................. 0.000 s      
|  |  |  |- Create graph: ....................... 0.000 s      
|  |  |  `- Refinement: ......................... 0.001 s      
|  |  |     |- Greedy Balancer: ................. 0.000 s      
|  |  |     `- Label Propagation: ............... 0.001 s      
|  |  |        |- Iteration (0): ................ 0.001 s      
|  |  |        `- Iteration (1): ................ 0.000 s      
|  |  |- Level (16): ............................ 0.001 s      
|  |  |  |- Allocation: ......................... 0.000 s      
|  |  |  |- Project partition: .................. 0.000 s      
|  |  |  |- Create graph: ....................... 0.000 s      
|  |  |  `- Refinement: ......................... 0.001 s      
|  |  |     |- Greedy Balancer: ................. 0.000 s      
|  |  |     `- Label Propagation: ............... 0.001 s      
|  |  |        |- Iteration (0): ................ 0.001 s      
|  |  |        `- Iteration (1): ................ 0.000 s      
|  |  |- Level (15): ............................ 0.001 s      
|  |  |  |- Allocation: ......................... 0.000 s      
|  |  |  |- Project partition: .................. 0.000 s      
|  |  |  |- Create graph: ....................... 0.000 s      
|  |  |  `- Refinement: ......................... 0.001 s      
|  |  |     |- Greedy Balancer: ................. 0.000 s      
|  |  |     `- Label Propagation: ............... 0.001 s      
|  |  |        |- Iteration (0): ................ 0.001 s      
|  |  |        `- Iteration (1): ................ 0.000 s      
|  |  |- Level (14): ............................ 0.001 s      
|  |  |  |- Allocation: ......................... 0.000 s      
|  |  |  |- Project partition: .................. 0.000 s      
|  |  |  |- Create graph: ....................... 0.000 s      
|  |  |  `- Refinement: ......................... 0.001 s      
|  |  |     |- Greedy Balancer: ................. 0.000 s      
|  |  |     `- Label Propagation: ............... 0.001 s      
|  |  |        |- Iteration (0): ................ 0.001 s      
|  |  |        `- Iteration (1): ................ 0.000 s      
|  |  |- Level (13): ............................ 0.001 s      
|  |  |  |- Allocation: ......................... 0.000 s      
|  |  |  |- Project partition: .................. 0.000 s      
|  |  |  |- Create graph: ....................... 0.000 s      
|  |  |  `- Refinement: ......................... 0.001 s      
|  |  |     |- Greedy Balancer: ................. 0.000 s      
|  |  |     `- Label Propagation: ............... 0.001 s      
|  |  |        |- Iteration (0): ................ 0.001 s      
|  |  |        `- Iteration (1): ................ 0.000 s      
|  |  |- Level (12): ............................ 0.001 s      
|  |  |  |- Allocation: ......................... 0.000 s      
|  |  |  |- Project partition: .................. 0.000 s      
|  |  |  |- Create graph: ....................... 0.000 s      
|  |  |  `- Refinement: ......................... 0.001 s      
|  |  |     |- Greedy Balancer: ................. 0.000 s      
|  |  |     `- Label Propagation: ............... 0.001 s      
|  |  |        |- Iteration (0): ................ 0.001 s      
|  |  |        `- Iteration (1): ................ 0.000 s      
|  |  |- Level (11): ............................ 0.001 s      
|  |  |  |- Allocation: ......................... 0.000 s      
|  |  |  |- Project partition: .................. 0.000 s      
|  |  |  |- Create graph: ....................... 0.000 s      
|  |  |  `- Refinement: ......................... 0.001 s      
|  |  |     |- Greedy Balancer: ................. 0.000 s      
|  |  |     `- Label Propagation: ............... 0.001 s      
|  |  |        |- Iteration (0): ................ 0.001 s      
|  |  |        `- Iteration (1): ................ 0.000 s      
|  |  |- Level (10): ............................ 0.002 s      
|  |  |  |- Allocation: ......................... 0.000 s      
|  |  |  |- Project partition: .................. 0.000 s      
|  |  |  |- Create graph: ....................... 0.000 s      
|  |  |  `- Refinement: ......................... 0.001 s      
|  |  |     |- Greedy Balancer: ................. 0.000 s      
|  |  |     `- Label Propagation: ............... 0.001 s      
|  |  |        |- Iteration (0): ................ 0.001 s      
|  |  |        `- Iteration (1): ................ 0.000 s      
|  |  |- Level (9): ............................. 0.004 s      
|  |  |  |- Allocation: ......................... 0.000 s      
|  |  |  |- Project partition: .................. 0.000 s      
|  |  |  |- Create graph: ....................... 0.000 s      
|  |  |  `- Refinement: ......................... 0.004 s      
|  |  |     |- Greedy Balancer: ................. 0.000 s      
|  |  |     `- Label Propagation: ............... 0.004 s      
|  |  |        |- Iteration (0): ................ 0.001 s      
|  |  |        |- Iteration (1): ................ 0.001 s      
|  |  |        |- Iteration (2): ................ 0.000 s      
|  |  |        |- Iteration (3): ................ 0.000 s      
|  |  |        `- Iteration (4): ................ 0.000 s      
|  |  |- Level (8): ............................. 0.003 s      
|  |  |  |- Allocation: ......................... 0.000 s      
|  |  |  |- Project partition: .................. 0.000 s      
|  |  |  |- Create graph: ....................... 0.000 s      
|  |  |  `- Refinement: ......................... 0.003 s      
|  |  |     |- Greedy Balancer: ................. 0.000 s      
|  |  |     `- Label Propagation: ............... 0.003 s      
|  |  |        |- Iteration (0): ................ 0.001 s      
|  |  |        |- Iteration (1): ................ 0.001 s      
|  |  |        `- Iteration (2): ................ 0.000 s      
|  |  |- Level (7): ............................. 0.006 s      
|  |  |  |- Allocation: ......................... 0.000 s      
|  |  |  |- Project partition: .................. 0.000 s      
|  |  |  |- Create graph: ....................... 0.000 s      
|  |  |  `- Refinement: ......................... 0.005 s      
|  |  |     |- Greedy Balancer: ................. 0.000 s      
|  |  |     `- Label Propagation: ............... 0.005 s      
|  |  |        |- Iteration (0): ................ 0.002 s      
|  |  |        |- Iteration (1): ................ 0.001 s      
|  |  |        |- Iteration (2): ................ 0.000 s      
|  |  |        `- Iteration (3): ................ 0.000 s      
|  |  |- Level (6): ............................. 0.042 s      
|  |  |  |- Allocation: ......................... 0.000 s      
|  |  |  |- Project partition: .................. 0.000 s      
|  |  |  |- Create graph: ....................... 0.000 s      
|  |  |  `- Refinement: ......................... 0.040 s      
|  |  |     |- Greedy Balancer: ................. 0.000 s      
|  |  |     `- Label Propagation: ............... 0.040 s      
|  |  |        |- Iteration (0): ................ 0.019 s      
|  |  |        |- Iteration (1): ................ 0.005 s      
|  |  |        |- Iteration (2): ................ 0.005 s      
|  |  |        |- Iteration (3): ................ 0.005 s      
|  |  |        `- Iteration (4): ................ 0.005 s      
|  |  |- Level (5): ............................. 0.153 s      
|  |  |  |- Allocation: ......................... 0.000 s      
|  |  |  |- Project partition: .................. 0.000 s      
|  |  |  |- Create graph: ....................... 0.000 s      
|  |  |  `- Refinement: ......................... 0.150 s      
|  |  |     |- Greedy Balancer: ................. 0.000 s      
|  |  |     `- Label Propagation: ............... 0.150 s      
|  |  |        |- Iteration (0): ................ 0.064 s      
|  |  |        |- Iteration (1): ................ 0.027 s      
|  |  |        |- Iteration (2): ................ 0.023 s      
|  |  |        |- Iteration (3): ................ 0.019 s      
|  |  |        `- Iteration (4): ................ 0.015 s      
|  |  |- Level (4): ............................. 0.391 s      
|  |  |  |- Allocation: ......................... 0.007 s      
|  |  |  |- Project partition: .................. 0.001 s      
|  |  |  |- Create graph: ....................... 0.000 s      
|  |  |  `- Refinement: ......................... 0.376 s      
|  |  |     |- Greedy Balancer: ................. 0.000 s      
|  |  |     `- Label Propagation: ............... 0.376 s      
|  |  |        |- Iteration (0): ................ 0.123 s      
|  |  |        |- Iteration (1): ................ 0.083 s      
|  |  |        |- Iteration (2): ................ 0.065 s      
|  |  |        |- Iteration (3): ................ 0.056 s      
|  |  |        `- Iteration (4): ................ 0.045 s      
|  |  |- Level (3): ............................. 0.935 s      
|  |  |  |- Allocation: ......................... 0.004 s      
|  |  |  |- Project partition: .................. 0.000 s      
|  |  |  |- Create graph: ....................... 0.000 s      
|  |  |  `- Refinement: ......................... 0.915 s      
|  |  |     |- Greedy Balancer: ................. 0.000 s      
|  |  |     `- Label Propagation: ............... 0.915 s      
|  |  |        |- Iteration (0): ................ 0.271 s      
|  |  |        |- Iteration (1): ................ 0.209 s      
|  |  |        |- Iteration (2): ................ 0.171 s      
|  |  |        |- Iteration (3): ................ 0.140 s      
|  |  |        `- Iteration (4): ................ 0.121 s      
|  |  |- Level (2): ............................. 2.787 s      
|  |  |  |- Allocation: ......................... 0.005 s      
|  |  |  |- Project partition: .................. 0.001 s      
|  |  |  |- Create graph: ....................... 0.000 s      
|  |  |  `- Refinement: ......................... 2.746 s      
|  |  |     |- Greedy Balancer: ................. 0.000 s      
|  |  |     `- Label Propagation: ............... 2.746 s      
|  |  |        |- Iteration (0): ................ 0.845 s      
|  |  |        |- Iteration (1): ................ 0.701 s      
|  |  |        |- Iteration (2): ................ 0.517 s      
|  |  |        |- Iteration (3): ................ 0.374 s      
|  |  |        `- Iteration (4): ................ 0.305 s      
|  |  |- Level (1): ............................. 9.261 s      
|  |  |  |- Allocation: ......................... 0.005 s      
|  |  |  |- Project partition: .................. 0.003 s      
|  |  |  |- Create graph: ....................... 0.002 s      
|  |  |  `- Refinement: ......................... 9.181 s      
|  |  |     |- Greedy Balancer: ................. 0.000 s      
|  |  |     `- Label Propagation: ............... 9.181 s      
|  |  |        |- Iteration (0): ................ 2.985 s      
|  |  |        |- Iteration (1): ................ 2.529 s      
|  |  |        |- Iteration (2): ................ 1.743 s      
|  |  |        |- Iteration (3): ................ 1.144 s      
|  |  |        `- Iteration (4): ................ 0.776 s      
|  |  `- Level (0): ............................. 5.906 s      
|  |     |- Allocation: ......................... 0.007 s      
|  |     |- Project partition: .................. 0.015 s      
|  |     |- Create graph: ....................... 0.004 s      
|  |     `- Refinement: ......................... 5.752 s      
|  |        |- Greedy Balancer: ................. 0.000 s      
|  |        `- Label Propagation: ............... 5.751 s      
|  |           |- Iteration (0): ................ 2.877 s      
|  |           |- Iteration (1): ................ 1.756 s      
|  |           |- Iteration (2): ................ 0.858 s      
|  |           |- Iteration (3): ................ 0.176 s      
|  |           `- Iteration (4): ................ 0.078 s      
|  |- Deallocation: ............................. 0.025 s      
|  `- Re-integrate isolated nodes: .............. 0.021 s      
`- IO: .......................................... 0.005 s      

Partition summary:
  Number of blocks: 16
  Edge cut:         571665351
  Imbalance:        0.0299996
  Feasible:         yes

Block weights:
  w(0 ) = 4223537    w(1 ) = 4223537    w(2 ) = 3775809    w(3 ) = 3377467  
  w(4 ) = 4223537    w(5 ) = 4157406    w(6 ) = 4223537    w(7 ) = 4223537  
  w(8 ) = 4119799    w(9 ) = 4119792    w(10) = 4223537    w(11) = 4223537  
  w(12) = 4076784    w(13) = 4223537    w(14) = 4072552    w(15) = 4120461  

Maximum resident set size: 74209912 KiB
