################################################################################
#                _  __       __  __  _         ____                            #
#               | |/ / __ _ |  \/  |(_) _ __  |  _ \  __ _  _ __               #
#               | ' / / _` || |\/| || || '_ \ | |_) |/ _` || '__|              #
#               | . \| (_| || |  | || || | | ||  __/| (_| || |                 #
#               |_|\_\\__,_||_|  |_||_||_| |_||_|    \__,_||_|                 #
#                                                                              #
################################################################################
Current commit hash:          99c62314d27845b3825829ec1e3e97256490627d
Assertion level:              always+light
Statistics:                   disabled
Built on:                     liskov
Data type sizes:
  Nodes IDs: 4 bytes | Node weights: 4 bytes
  Edges IDs: 4 bytes | Edge weights: 4 bytes
############################################################## Input Summary ###
Execution mode:               64
Seed:                         1
Graph:                        dielFilterV3real [node ordering: deg-buckets] [edge ordering: natural]
  Number of nodes:             1102824 (unweighted)
  Number of edges:            88203196 (unweighted)
Number of blocks:             16
Maximum block weight:         70994 (68927 + 3% / 3%)
---------------------------------------------------------- Graph Compression ---
Enabled:                      no
-------------------------------------------------------- Partitioning Scheme ---
Partitioning mode:            deep
  Deep initial part. mode:    async-parallel
  Deep initial part. load:    1
Subgraph memory:              Lazy
----------------------------------------------------------------- Coarsening ---
Contraction limit:            160
Coarsening algorithm:         clustering
  Cluster weight limit:       static-block-weight x 0.00625
  Shrink factor:              2.5
  Max mem-free level:         1
  Clustering algorithm:       lp
    Number of iterations:     1
    High degree threshold:    4294967295
    Max degree:               4294967295
    Tie breaking strategy:    uniform
    Implementation:           two-phase
      Relabel:                no
    2-hop clustering:         match-threadwise, if |Vcoarse| > 0.500000 * |V|
    Isolated nodes:           match-during-two-hop
  Forced hierarchy levels:    <none> (leeway: U=10.000000, L=1.100000)
Contraction algorithm:        unbuffered
  Implementation:             two-phase
------------------------------------------------------- Initial Partitioning ---
Adaptive algorithm selection: yes
----------------------------------------------------------------- Refinement ---
Refinement algorithms:        [greedy-balancer -> lp]
Label propagation:
  Number of iterations:       5
  Tie breaking strategy:      uniform
  Implementation:             single-phase
############################################################## Preprocessing ###
Removed 0 isolated nodes
  Remaining nodes:             1102824
  Remaining total node weight: 1102824
############################################################### Partitioning ###
Input graph:
 Number of nodes: 1102824 | Number of edges: 88203196
 Maximum node weight: 1

Coarsening -> Level 1 [max cluster weight: 443]:
 Total edge weight:   75159536
 Number of nodes:     433792 | Number of edges: 27408330
 Maximum node weight: 136

Coarsening -> Level 2 [max cluster weight: 443]:
 Total edge weight:   56786644
 Number of nodes:     168536 | Number of edges: 6434948
 Maximum node weight: 443

Coarsening -> Level 3 [max cluster weight: 443]:
 Total edge weight:   42565296
 Number of nodes:     63368 | Number of edges: 1565266
 Maximum node weight: 444

Coarsening -> Level 4 [max cluster weight: 443]:
 Total edge weight:   35293662
 Number of nodes:     22567 | Number of edges: 412512
 Maximum node weight: 444

Coarsening -> Level 5 [max cluster weight: 443]:
 Total edge weight:   32605076
 Number of nodes:     6395 | Number of edges: 104392
 Maximum node weight: 444

==> Coarsening terminated with less than 10240 nodes

Initial partitioning:
 Number of blocks: 16

Uncoarsening -> Level 4
 Number of nodes: 22567 | Number of edges: 412512
  Running refinement on 16 blocks
   1. Greedy Balancer
   2. Label Propagation

Uncoarsening -> Level 3
 Number of nodes: 63368 | Number of edges: 1565266
  Running refinement on 16 blocks
   1. Greedy Balancer
   2. Label Propagation

Uncoarsening -> Level 2
 Number of nodes: 168536 | Number of edges: 6434948
  Running refinement on 16 blocks
   1. Greedy Balancer
   2. Label Propagation

Uncoarsening -> Level 1
 Number of nodes: 433792 | Number of edges: 27408330
  Running refinement on 16 blocks
   1. Greedy Balancer
   2. Label Propagation

Uncoarsening -> Level 0
 Number of nodes: 1102824 | Number of edges: 88203196
  Running refinement on 16 blocks
   1. Greedy Balancer
   2. Label Propagation
############################################################# Result Summary ###
RESULT cut=1100151 imbalance=0.0299882 feasible=1 k=16
TIME read_input_graph=0.750 partitioning=0.397 partitioning.rearrange_by_degree-buckets=0.046 partitioning.rearrange_by_degree-buckets.sort_nodes_by_integer_buckets=0.018 partitioning.rearrange_by_degree-buckets.rearrange_input_graph=0.021 partitioning.rearrange_by_degree-buckets.deallocation=0.001 partitioning.refinement=0.000 partitioning.refinement.allocation=0.000 partitioning.coarsening=0.212 partitioning.coarsening.level[0]=0.128 partitioning.coarsening.level[0].label_propagation=0.039 partitioning.coarsening.level[0].label_propagation.allocation=0.010 partitioning.coarsening.level[0].label_propagation.iteration[0]=0.022 partitioning.coarsening.level[0].label_propagation.iteration[0].first_phase=0.020 partitioning.coarsening.level[0].label_propagation.handle_isolated_nodes=0.000 partitioning.coarsening.level[0].label_propagation.handle_two-hop_nodes=0.000 partitioning.coarsening.level[0].label_propagation.free=0.006 partitioning.coarsening.level[0].contract_graph=0.089 partitioning.coarsening.level[0].contract_graph.allocation=0.000 partitioning.coarsening.level[0].contract_graph.preprocessing=0.005 partitioning.coarsening.level[0].contract_graph.deallocation=0.000 partitioning.coarsening.level[0].contract_graph.construct_coarse_graph=0.080 partitioning.coarsening.level[0].contract_graph.construct_coarse_graph.aggregate_coarse_edges=0.074 partitioning.coarsening.level[0].contract_graph.construct_coarse_graph.aggregate_coarse_edges.first_phase=0.060 partitioning.coarsening.level[0].contract_graph.construct_coarse_graph.aggregate_coarse_edges.second_phase=0.000 partitioning.coarsening.level[0].contract_graph.construct_coarse_graph.remap_coarse_edges_and_mapping=0.005 partitioning.coarsening.level[1]=0.053 partitioning.coarsening.level[1].label_propagation=0.022 partitioning.coarsening.level[1].label_propagation.allocation=0.000 partitioning.coarsening.level[1].label_propagation.iteration[0]=0.021 partitioning.coarsening.level[1].label_propagation.iteration[0].first_phase=0.021 partitioning.coarsening.level[1].label_propagation.handle_isolated_nodes=0.000 partitioning.coarsening.level[1].label_propagation.handle_two-hop_nodes=0.000 partitioning.coarsening.level[1].contract_graph=0.031 partitioning.coarsening.level[1].contract_graph.allocation=0.000 partitioning.coarsening.level[1].contract_graph.preprocessing=0.002 partitioning.coarsening.level[1].contract_graph.deallocation=0.000 partitioning.coarsening.level[1].contract_graph.construct_coarse_graph=0.027 partitioning.coarsening.level[1].contract_graph.construct_coarse_graph.aggregate_coarse_edges=0.026 partitioning.coarsening.level[1].contract_graph.construct_coarse_graph.aggregate_coarse_edges.first_phase=0.026 partitioning.coarsening.level[1].contract_graph.construct_coarse_graph.aggregate_coarse_edges.second_phase=0.000 partitioning.coarsening.level[1].contract_graph.construct_coarse_graph.remap_coarse_edges_and_mapping=0.001 partitioning.coarsening.level[2]=0.015 partitioning.coarsening.level[2].label_propagation=0.006 partitioning.coarsening.level[2].label_propagation.iteration[0]=0.006 partitioning.coarsening.level[2].label_propagation.iteration[0].first_phase=0.006 partitioning.coarsening.level[2].label_propagation.handle_isolated_nodes=0.000 partitioning.coarsening.level[2].label_propagation.handle_two-hop_nodes=0.000 partitioning.coarsening.level[2].contract_graph=0.009 partitioning.coarsening.level[2].contract_graph.allocation=0.000 partitioning.coarsening.level[2].contract_graph.preprocessing=0.001 partitioning.coarsening.level[2].contract_graph.deallocation=0.000 partitioning.coarsening.level[2].contract_graph.construct_coarse_graph=0.007 partitioning.coarsening.level[2].contract_graph.construct_coarse_graph.aggregate_coarse_edges=0.007 partitioning.coarsening.level[2].contract_graph.construct_coarse_graph.aggregate_coarse_edges.first_phase=0.007 partitioning.coarsening.level[2].contract_graph.construct_coarse_graph.aggregate_coarse_edges.second_phase=0.000 partitioning.coarsening.level[2].contract_graph.construct_coarse_graph.remap_coarse_edges_and_mapping=0.000 partitioning.coarsening.level[3]=0.008 partitioning.coarsening.level[3].label_propagation=0.002 partitioning.coarsening.level[3].label_propagation.iteration[0]=0.002 partitioning.coarsening.level[3].label_propagation.iteration[0].first_phase=0.002 partitioning.coarsening.level[3].label_propagation.handle_isolated_nodes=0.000 partitioning.coarsening.level[3].label_propagation.handle_two-hop_nodes=0.000 partitioning.coarsening.level[3].contract_graph=0.005 partitioning.coarsening.level[3].contract_graph.allocation=0.000 partitioning.coarsening.level[3].contract_graph.preprocessing=0.000 partitioning.coarsening.level[3].contract_graph.deallocation=0.000 partitioning.coarsening.level[3].contract_graph.construct_coarse_graph=0.004 partitioning.coarsening.level[3].contract_graph.construct_coarse_graph.aggregate_coarse_edges=0.004 partitioning.coarsening.level[3].contract_graph.construct_coarse_graph.aggregate_coarse_edges.first_phase=0.004 partitioning.coarsening.level[3].contract_graph.construct_coarse_graph.aggregate_coarse_edges.second_phase=0.000 partitioning.coarsening.level[3].contract_graph.construct_coarse_graph.remap_coarse_edges_and_mapping=0.000 partitioning.coarsening.level[4]=0.004 partitioning.coarsening.level[4].label_propagation=0.001 partitioning.coarsening.level[4].label_propagation.iteration[0]=0.001 partitioning.coarsening.level[4].label_propagation.iteration[0].first_phase=0.001 partitioning.coarsening.level[4].label_propagation.handle_isolated_nodes=0.000 partitioning.coarsening.level[4].label_propagation.handle_two-hop_nodes=0.000 partitioning.coarsening.level[4].contract_graph=0.003 partitioning.coarsening.level[4].contract_graph.allocation=0.000 partitioning.coarsening.level[4].contract_graph.preprocessing=0.000 partitioning.coarsening.level[4].contract_graph.deallocation=0.000 partitioning.coarsening.level[4].contract_graph.construct_coarse_graph=0.002 partitioning.coarsening.level[4].contract_graph.construct_coarse_graph.aggregate_coarse_edges=0.002 partitioning.coarsening.level[4].contract_graph.construct_coarse_graph.aggregate_coarse_edges.first_phase=0.002 partitioning.coarsening.level[4].contract_graph.construct_coarse_graph.aggregate_coarse_edges.second_phase=0.000 partitioning.coarsening.level[4].contract_graph.construct_coarse_graph.remap_coarse_edges_and_mapping=0.000 partitioning.coarsening.deallocation=0.000 partitioning.initial_partitioning_scheme=0.075 partitioning.uncoarsening=0.057 partitioning.uncoarsening.level[4]=0.002 partitioning.uncoarsening.level[4].allocation=0.000 partitioning.uncoarsening.level[4].project_partition=0.000 partitioning.uncoarsening.level[4].create_graph=0.000 partitioning.uncoarsening.level[4].refinement=0.001 partitioning.uncoarsening.level[4].refinement.greedy_balancer=0.000 partitioning.uncoarsening.level[4].refinement.label_propagation=0.001 partitioning.uncoarsening.level[4].refinement.label_propagation.allocation=0.000 partitioning.uncoarsening.level[4].refinement.label_propagation.iteration[0]=0.000 partitioning.uncoarsening.level[4].refinement.label_propagation.iteration[1]=0.000 partitioning.uncoarsening.level[4].refinement.label_propagation.iteration[2]=0.000 partitioning.uncoarsening.level[4].refinement.label_propagation.iteration[3]=0.000 partitioning.uncoarsening.level[3]=0.002 partitioning.uncoarsening.level[3].allocation=0.000 partitioning.uncoarsening.level[3].project_partition=0.000 partitioning.uncoarsening.level[3].create_graph=0.000 partitioning.uncoarsening.level[3].refinement=0.002 partitioning.uncoarsening.level[3].refinement.greedy_balancer=0.000 partitioning.uncoarsening.level[3].refinement.label_propagation=0.002 partitioning.uncoarsening.level[3].refinement.label_propagation.iteration[0]=0.001 partitioning.uncoarsening.level[3].refinement.label_propagation.iteration[1]=0.000 partitioning.uncoarsening.level[3].refinement.label_propagation.iteration[2]=0.000 partitioning.uncoarsening.level[3].refinement.label_propagation.iteration[3]=0.000 partitioning.uncoarsening.level[3].refinement.label_propagation.iteration[4]=0.000 partitioning.uncoarsening.level[2]=0.006 partitioning.uncoarsening.level[2].allocation=0.000 partitioning.uncoarsening.level[2].project_partition=0.000 partitioning.uncoarsening.level[2].create_graph=0.000 partitioning.uncoarsening.level[2].refinement=0.005 partitioning.uncoarsening.level[2].refinement.greedy_balancer=0.000 partitioning.uncoarsening.level[2].refinement.label_propagation=0.005 partitioning.uncoarsening.level[2].refinement.label_propagation.iteration[0]=0.002 partitioning.uncoarsening.level[2].refinement.label_propagation.iteration[1]=0.001 partitioning.uncoarsening.level[2].refinement.label_propagation.iteration[2]=0.000 partitioning.uncoarsening.level[2].refinement.label_propagation.iteration[3]=0.000 partitioning.uncoarsening.level[2].refinement.label_propagation.iteration[4]=0.000 partitioning.uncoarsening.level[1]=0.013 partitioning.uncoarsening.level[1].allocation=0.000 partitioning.uncoarsening.level[1].project_partition=0.000 partitioning.uncoarsening.level[1].create_graph=0.000 partitioning.uncoarsening.level[1].refinement=0.012 partitioning.uncoarsening.level[1].refinement.greedy_balancer=0.000 partitioning.uncoarsening.level[1].refinement.label_propagation=0.012 partitioning.uncoarsening.level[1].refinement.label_propagation.iteration[0]=0.006 partitioning.uncoarsening.level[1].refinement.label_propagation.iteration[1]=0.002 partitioning.uncoarsening.level[1].refinement.label_propagation.iteration[2]=0.001 partitioning.uncoarsening.level[1].refinement.label_propagation.iteration[3]=0.000 partitioning.uncoarsening.level[1].refinement.label_propagation.iteration[4]=0.000 partitioning.uncoarsening.level[0]=0.032 partitioning.uncoarsening.level[0].allocation=0.007 partitioning.uncoarsening.level[0].project_partition=0.000 partitioning.uncoarsening.level[0].create_graph=0.000 partitioning.uncoarsening.level[0].refinement=0.021 partitioning.uncoarsening.level[0].refinement.greedy_balancer=0.000 partitioning.uncoarsening.level[0].refinement.label_propagation=0.021 partitioning.uncoarsening.level[0].refinement.label_propagation.iteration[0]=0.014 partitioning.uncoarsening.level[0].refinement.label_propagation.iteration[1]=0.003 partitioning.uncoarsening.level[0].refinement.label_propagation.iteration[2]=0.001 partitioning.uncoarsening.level[0].refinement.label_propagation.iteration[3]=0.000 partitioning.uncoarsening.level[0].refinement.label_propagation.iteration[4]=0.000 partitioning.deallocation=0.001 partitioning.re-integrate_isolated_nodes=0.004 io=0.000 
MEMORY disabled

Global Timer: ................................... 1.150 s    
|- Read input graph: ............................ 0.750 s    
|- Partitioning: ................................ 0.397 s    
|  |- Rearrange by degree-buckets: .............. 0.046 s    
|  |  |- Sort nodes by integer buckets: ......... 0.018 s    
|  |  |- Rearrange input graph: ................. 0.021 s    
|  |  `- Deallocation: .......................... 0.001 s    
|  |- Refinement: ............................... 0.000 s    
|  |  `- Allocation: ............................ 0.000 s    
|  |- Coarsening: ............................... 0.212 s    
|  |  |- Level (0): ............................. 0.128 s    
|  |  |  |- Label Propagation: .................. 0.039 s    
|  |  |  |  |- Allocation: ...................... 0.010 s    
|  |  |  |  |- Iteration (0): ................... 0.022 s    
|  |  |  |  |  `- First phase: .................. 0.020 s    
|  |  |  |  |- Handle isolated nodes: ........... 0.000 s    
|  |  |  |  |- Handle two-hop nodes: ............ 0.000 s    
|  |  |  |  `- Free: ............................ 0.006 s    
|  |  |  `- Contract graph: ..................... 0.089 s    
|  |  |     |- Allocation: ...................... 0.000 s (3)
|  |  |     |- Preprocessing: ................... 0.005 s (3)
|  |  |     |- Deallocation: .................... 0.000 s    
|  |  |     `- Construct coarse graph: .......... 0.080 s    
|  |  |        |- Aggregate coarse edges: ....... 0.074 s    
|  |  |        |  |- First phase: ............... 0.060 s    
|  |  |        |  `- Second phase: .............. 0.000 s    
|  |  |        `- Remap coarse edges and mapping: 0.005 s    
|  |  |- Level (1): ............................. 0.053 s    
|  |  |  |- Label Propagation: .................. 0.022 s    
|  |  |  |  |- Allocation: ...................... 0.000 s    
|  |  |  |  |- Iteration (0): ................... 0.021 s    
|  |  |  |  |  `- First phase: .................. 0.021 s    
|  |  |  |  |- Handle isolated nodes: ........... 0.000 s    
|  |  |  |  `- Handle two-hop nodes: ............ 0.000 s    
|  |  |  `- Contract graph: ..................... 0.031 s    
|  |  |     |- Allocation: ...................... 0.000 s (3)
|  |  |     |- Preprocessing: ................... 0.002 s (3)
|  |  |     |- Deallocation: .................... 0.000 s    
|  |  |     `- Construct coarse graph: .......... 0.027 s    
|  |  |        |- Aggregate coarse edges: ....... 0.026 s    
|  |  |        |  |- First phase: ............... 0.026 s    
|  |  |        |  `- Second phase: .............. 0.000 s    
|  |  |        `- Remap coarse edges and mapping: 0.001 s    
|  |  |- Level (2): ............................. 0.015 s    
|  |  |  |- Label Propagation: .................. 0.006 s    
|  |  |  |  |- Iteration (0): ................... 0.006 s    
|  |  |  |  |  `- First phase: .................. 0.006 s    
|  |  |  |  |- Handle isolated nodes: ........... 0.000 s    
|  |  |  |  `- Handle two-hop nodes: ............ 0.000 s    
|  |  |  `- Contract graph: ..................... 0.009 s    
|  |  |     |- Allocation: ...................... 0.000 s (3)
|  |  |     |- Preprocessing: ................... 0.001 s (3)
|  |  |     |- Deallocation: .................... 0.000 s    
|  |  |     `- Construct coarse graph: .......... 0.007 s    
|  |  |        |- Aggregate coarse edges: ....... 0.007 s    
|  |  |        |  |- First phase: ............... 0.007 s    
|  |  |        |  `- Second phase: .............. 0.000 s    
|  |  |        `- Remap coarse edges and mapping: 0.000 s    
|  |  |- Level (3): ............................. 0.008 s    
|  |  |  |- Label Propagation: .................. 0.002 s    
|  |  |  |  |- Iteration (0): ................... 0.002 s    
|  |  |  |  |  `- First phase: .................. 0.002 s    
|  |  |  |  |- Handle isolated nodes: ........... 0.000 s    
|  |  |  |  `- Handle two-hop nodes: ............ 0.000 s    
|  |  |  `- Contract graph: ..................... 0.005 s    
|  |  |     |- Allocation: ...................... 0.000 s (3)
|  |  |     |- Preprocessing: ................... 0.000 s (3)
|  |  |     |- Deallocation: .................... 0.000 s    
|  |  |     `- Construct coarse graph: .......... 0.004 s    
|  |  |        |- Aggregate coarse edges: ....... 0.004 s    
|  |  |        |  |- First phase: ............... 0.004 s    
|  |  |        |  `- Second phase: .............. 0.000 s    
|  |  |        `- Remap coarse edges and mapping: 0.000 s    
|  |  |- Level (4): ............................. 0.004 s    
|  |  |  |- Label Propagation: .................. 0.001 s    
|  |  |  |  |- Iteration (0): ................... 0.001 s    
|  |  |  |  |  `- First phase: .................. 0.001 s    
|  |  |  |  |- Handle isolated nodes: ........... 0.000 s    
|  |  |  |  `- Handle two-hop nodes: ............ 0.000 s    
|  |  |  `- Contract graph: ..................... 0.003 s    
|  |  |     |- Allocation: ...................... 0.000 s (3)
|  |  |     |- Preprocessing: ................... 0.000 s (3)
|  |  |     |- Deallocation: .................... 0.000 s    
|  |  |     `- Construct coarse graph: .......... 0.002 s    
|  |  |        |- Aggregate coarse edges: ....... 0.002 s    
|  |  |        |  |- First phase: ............... 0.002 s    
|  |  |        |  `- Second phase: .............. 0.000 s    
|  |  |        `- Remap coarse edges and mapping: 0.000 s    
|  |  `- Deallocation: .......................... 0.000 s    
|  |- Initial partitioning scheme: .............. 0.075 s    
|  |- Uncoarsening: ............................. 0.057 s    
|  |  |- Level (4): ............................. 0.002 s    
|  |  |  |- Allocation: ......................... 0.000 s    
|  |  |  |- Project partition: .................. 0.000 s    
|  |  |  |- Create graph: ....................... 0.000 s    
|  |  |  `- Refinement: ......................... 0.001 s    
|  |  |     |- Greedy Balancer: ................. 0.000 s    
|  |  |     `- Label Propagation: ............... 0.001 s    
|  |  |        |- Allocation: ................... 0.000 s    
|  |  |        |- Iteration (0): ................ 0.000 s    
|  |  |        |- Iteration (1): ................ 0.000 s    
|  |  |        |- Iteration (2): ................ 0.000 s    
|  |  |        `- Iteration (3): ................ 0.000 s    
|  |  |- Level (3): ............................. 0.002 s    
|  |  |  |- Allocation: ......................... 0.000 s    
|  |  |  |- Project partition: .................. 0.000 s    
|  |  |  |- Create graph: ....................... 0.000 s    
|  |  |  `- Refinement: ......................... 0.002 s    
|  |  |     |- Greedy Balancer: ................. 0.000 s    
|  |  |     `- Label Propagation: ............... 0.002 s    
|  |  |        |- Iteration (0): ................ 0.001 s    
|  |  |        |- Iteration (1): ................ 0.000 s    
|  |  |        |- Iteration (2): ................ 0.000 s    
|  |  |        |- Iteration (3): ................ 0.000 s    
|  |  |        `- Iteration (4): ................ 0.000 s    
|  |  |- Level (2): ............................. 0.006 s    
|  |  |  |- Allocation: ......................... 0.000 s    
|  |  |  |- Project partition: .................. 0.000 s    
|  |  |  |- Create graph: ....................... 0.000 s    
|  |  |  `- Refinement: ......................... 0.005 s    
|  |  |     |- Greedy Balancer: ................. 0.000 s    
|  |  |     `- Label Propagation: ............... 0.005 s    
|  |  |        |- Iteration (0): ................ 0.002 s    
|  |  |        |- Iteration (1): ................ 0.001 s    
|  |  |        |- Iteration (2): ................ 0.000 s    
|  |  |        |- Iteration (3): ................ 0.000 s    
|  |  |        `- Iteration (4): ................ 0.000 s    
|  |  |- Level (1): ............................. 0.013 s    
|  |  |  |- Allocation: ......................... 0.000 s    
|  |  |  |- Project partition: .................. 0.000 s    
|  |  |  |- Create graph: ....................... 0.000 s    
|  |  |  `- Refinement: ......................... 0.012 s    
|  |  |     |- Greedy Balancer: ................. 0.000 s    
|  |  |     `- Label Propagation: ............... 0.012 s    
|  |  |        |- Iteration (0): ................ 0.006 s    
|  |  |        |- Iteration (1): ................ 0.002 s    
|  |  |        |- Iteration (2): ................ 0.001 s    
|  |  |        |- Iteration (3): ................ 0.000 s    
|  |  |        `- Iteration (4): ................ 0.000 s    
|  |  `- Level (0): ............................. 0.032 s    
|  |     |- Allocation: ......................... 0.007 s    
|  |     |- Project partition: .................. 0.000 s    
|  |     |- Create graph: ....................... 0.000 s    
|  |     `- Refinement: ......................... 0.021 s    
|  |        |- Greedy Balancer: ................. 0.000 s    
|  |        `- Label Propagation: ............... 0.021 s    
|  |           |- Iteration (0): ................ 0.014 s    
|  |           |- Iteration (1): ................ 0.003 s    
|  |           |- Iteration (2): ................ 0.001 s    
|  |           |- Iteration (3): ................ 0.000 s    
|  |           `- Iteration (4): ................ 0.000 s    
|  |- Deallocation: ............................. 0.001 s    
|  `- Re-integrate isolated nodes: .............. 0.004 s    
`- IO: .......................................... 0.000 s    

Partition summary:
  Number of blocks: 16
  Edge cut:         1100151
  Imbalance:        0.0299882
  Feasible:         yes

Block weights:
  w(0 ) = 70773     w(1 ) = 70650     w(2 ) = 70723     w(3 ) = 65254   
  w(4 ) = 69222     w(5 ) = 63465     w(6 ) = 70965     w(7 ) = 69705   
  w(8 ) = 70935     w(9 ) = 70152     w(10) = 68058     w(11) = 68604   
  w(12) = 64763     w(13) = 70994     w(14) = 68043     w(15) = 70518   

Maximum resident set size: 986592 KiB
