################################################################################
#                _  __       __  __  _         ____                            #
#               | |/ / __ _ |  \/  |(_) _ __  |  _ \  __ _  _ __               #
#               | ' / / _` || |\/| || || '_ \ | |_) |/ _` || '__|              #
#               | . \| (_| || |  | || || | | ||  __/| (_| || |                 #
#               |_|\_\\__,_||_|  |_||_||_| |_||_|    \__,_||_|                 #
#                                                                              #
################################################################################
Current commit hash:          99c62314d27845b3825829ec1e3e97256490627d
Assertion level:              always+light
Statistics:                   disabled
Built on:                     liskov
Data type sizes:
  Nodes IDs: 4 bytes | Node weights: 4 bytes
  Edges IDs: 4 bytes | Edge weights: 4 bytes
############################################################## Input Summary ###
Execution mode:               64
Seed:                         1
Graph:                        enwiki-2022 [node ordering: deg-buckets] [edge ordering: natural]
  Number of nodes:              6492490 (unweighted)
  Number of edges:            289177312 (unweighted)
Number of blocks:             16
Maximum block weight:         417954 (405781 + 3% / 3%)
---------------------------------------------------------- Graph Compression ---
Enabled:                      no
-------------------------------------------------------- Partitioning Scheme ---
Partitioning mode:            deep
  Deep initial part. mode:    async-parallel
  Deep initial part. load:    1
Subgraph memory:              Lazy
----------------------------------------------------------------- Coarsening ---
Contraction limit:            160
Coarsening algorithm:         clustering
  Cluster weight limit:       static-block-weight x 0.00625
  Shrink factor:              2.5
  Max mem-free level:         1
  Clustering algorithm:       lp
    Number of iterations:     1
    High degree threshold:    4294967295
    Max degree:               4294967295
    Tie breaking strategy:    uniform
    Implementation:           two-phase
      Relabel:                no
    2-hop clustering:         match-threadwise, if |Vcoarse| > 0.500000 * |V|
    Isolated nodes:           match-during-two-hop
  Forced hierarchy levels:    <none> (leeway: U=10.000000, L=1.100000)
Contraction algorithm:        unbuffered
  Implementation:             two-phase
------------------------------------------------------- Initial Partitioning ---
Adaptive algorithm selection: yes
----------------------------------------------------------------- Refinement ---
Refinement algorithms:        [greedy-balancer -> lp]
Label propagation:
  Number of iterations:       5
  Tie breaking strategy:      uniform
  Implementation:             single-phase
############################################################## Preprocessing ###
Removed 7871 isolated nodes
  Remaining nodes:             6484619
  Remaining total node weight: 6484619
############################################################### Partitioning ###
Input graph:
 Number of nodes: 6484619 | Number of edges: 289177312
 Maximum node weight: 1

Coarsening -> Level 1 [max cluster weight: 2612]:
 Total edge weight:   279873884
 Number of nodes:     2553837 | Number of edges: 247059252
 Maximum node weight: 2614

Coarsening -> Level 2 [max cluster weight: 2612]:
 Total edge weight:   256852824
 Number of nodes:     1010719 | Number of edges: 101221544
 Maximum node weight: 2614

Coarsening -> Level 3 [max cluster weight: 2612]:
 Total edge weight:   243867956
 Number of nodes:     396426 | Number of edges: 43979862
 Maximum node weight: 2614

Coarsening -> Level 4 [max cluster weight: 2612]:
 Total edge weight:   238674266
 Number of nodes:     154789 | Number of edges: 20801788
 Maximum node weight: 2614

Coarsening -> Level 5 [max cluster weight: 2612]:
 Total edge weight:   236943482
 Number of nodes:     59424 | Number of edges: 10531498
 Maximum node weight: 5224

Coarsening -> Level 6 [max cluster weight: 2612]:
 Total edge weight:   236488610
 Number of nodes:     29562 | Number of edges: 6551062
 Maximum node weight: 5224

Coarsening -> Level 7 [max cluster weight: 2612]:
 Total edge weight:   236448800
 Number of nodes:     22124 | Number of edges: 5766740
 Maximum node weight: 5224

Coarsening -> Level 8 [max cluster weight: 2612]:
 Total edge weight:   236444614
 Number of nodes:     19078 | Number of edges: 5584808
 Maximum node weight: 5224

Coarsening -> Level 9 [max cluster weight: 2612]:
 Total edge weight:   236444044
 Number of nodes:     17451 | Number of edges: 5549928
 Maximum node weight: 5224

Coarsening -> Level 10 [max cluster weight: 2612]:
 Total edge weight:   236444044
 Number of nodes:     16420 | Number of edges: 5546254
 Maximum node weight: 5224

Coarsening -> Level 11 [max cluster weight: 2612]:
 Total edge weight:   236444044
 Number of nodes:     15633 | Number of edges: 5543784
 Maximum node weight: 5224

==> Coarsening converged

Initial partitioning:
 Number of blocks: 16

Uncoarsening -> Level 10
 Number of nodes: 16420 | Number of edges: 5546254
  Running refinement on 16 blocks
   1. Greedy Balancer
   2. Label Propagation

Uncoarsening -> Level 9
 Number of nodes: 17451 | Number of edges: 5549928
  Running refinement on 16 blocks
   1. Greedy Balancer
   2. Label Propagation

Uncoarsening -> Level 8
 Number of nodes: 19078 | Number of edges: 5584808
  Running refinement on 16 blocks
   1. Greedy Balancer
   2. Label Propagation

Uncoarsening -> Level 7
 Number of nodes: 22124 | Number of edges: 5766740
  Running refinement on 16 blocks
   1. Greedy Balancer
   2. Label Propagation

Uncoarsening -> Level 6
 Number of nodes: 29562 | Number of edges: 6551062
  Running refinement on 16 blocks
   1. Greedy Balancer
   2. Label Propagation

Uncoarsening -> Level 5
 Number of nodes: 59424 | Number of edges: 10531498
  Running refinement on 16 blocks
   1. Greedy Balancer
   2. Label Propagation

Uncoarsening -> Level 4
 Number of nodes: 154789 | Number of edges: 20801788
  Running refinement on 16 blocks
   1. Greedy Balancer
   2. Label Propagation

Uncoarsening -> Level 3
 Number of nodes: 396426 | Number of edges: 43979862
  Running refinement on 16 blocks
   1. Greedy Balancer
   2. Label Propagation

Uncoarsening -> Level 2
 Number of nodes: 1010719 | Number of edges: 101221544
  Running refinement on 16 blocks
   1. Greedy Balancer
   2. Label Propagation

Uncoarsening -> Level 1
 Number of nodes: 2553837 | Number of edges: 247059252
  Running refinement on 16 blocks
   1. Greedy Balancer
   2. Label Propagation

Uncoarsening -> Level 0
 Number of nodes: 6484619 | Number of edges: 289177312
  Running refinement on 16 blocks
   1. Greedy Balancer
   2. Label Propagation
############################################################# Result Summary ###
RESULT cut=40718676 imbalance=0.0299965 feasible=1 k=16
TIME read_input_graph=2.670 partitioning=4.614 partitioning.rearrange_by_degree-buckets=0.084 partitioning.rearrange_by_degree-buckets.sort_nodes_by_integer_buckets=0.018 partitioning.rearrange_by_degree-buckets.rearrange_input_graph=0.057 partitioning.rearrange_by_degree-buckets.deallocation=0.005 partitioning.refinement=0.000 partitioning.refinement.allocation=0.000 partitioning.coarsening=3.256 partitioning.coarsening.level[0]=0.923 partitioning.coarsening.level[0].label_propagation=0.204 partitioning.coarsening.level[0].label_propagation.allocation=0.015 partitioning.coarsening.level[0].label_propagation.iteration[0]=0.181 partitioning.coarsening.level[0].label_propagation.iteration[0].first_phase=0.177 partitioning.coarsening.level[0].label_propagation.handle_isolated_nodes=0.000 partitioning.coarsening.level[0].label_propagation.handle_two-hop_nodes=0.000 partitioning.coarsening.level[0].label_propagation.free=0.006 partitioning.coarsening.level[0].contract_graph=0.718 partitioning.coarsening.level[0].contract_graph.allocation=0.001 partitioning.coarsening.level[0].contract_graph.preprocessing=0.043 partitioning.coarsening.level[0].contract_graph.deallocation=0.000 partitioning.coarsening.level[0].contract_graph.construct_coarse_graph=0.663 partitioning.coarsening.level[0].contract_graph.construct_coarse_graph.aggregate_coarse_edges=0.622 partitioning.coarsening.level[0].contract_graph.construct_coarse_graph.aggregate_coarse_edges.first_phase=0.508 partitioning.coarsening.level[0].contract_graph.construct_coarse_graph.aggregate_coarse_edges.second_phase=0.108 partitioning.coarsening.level[0].contract_graph.construct_coarse_graph.remap_coarse_edges_and_mapping=0.039 partitioning.coarsening.level[1]=1.046 partitioning.coarsening.level[1].label_propagation=0.527 partitioning.coarsening.level[1].label_propagation.allocation=0.005 partitioning.coarsening.level[1].label_propagation.iteration[0]=0.521 partitioning.coarsening.level[1].label_propagation.iteration[0].first_phase=0.470 partitioning.coarsening.level[1].label_propagation.iteration[0].second_phase=0.049 partitioning.coarsening.level[1].label_propagation.handle_isolated_nodes=0.000 partitioning.coarsening.level[1].label_propagation.handle_two-hop_nodes=0.000 partitioning.coarsening.level[1].contract_graph=0.518 partitioning.coarsening.level[1].contract_graph.allocation=0.002 partitioning.coarsening.level[1].contract_graph.preprocessing=0.020 partitioning.coarsening.level[1].contract_graph.deallocation=0.000 partitioning.coarsening.level[1].contract_graph.construct_coarse_graph=0.492 partitioning.coarsening.level[1].contract_graph.construct_coarse_graph.aggregate_coarse_edges=0.476 partitioning.coarsening.level[1].contract_graph.construct_coarse_graph.aggregate_coarse_edges.first_phase=0.219 partitioning.coarsening.level[1].contract_graph.construct_coarse_graph.aggregate_coarse_edges.second_phase=0.256 partitioning.coarsening.level[1].contract_graph.construct_coarse_graph.remap_coarse_edges_and_mapping=0.015 partitioning.coarsening.level[2]=0.503 partitioning.coarsening.level[2].label_propagation=0.333 partitioning.coarsening.level[2].label_propagation.iteration[0]=0.333 partitioning.coarsening.level[2].label_propagation.iteration[0].first_phase=0.208 partitioning.coarsening.level[2].label_propagation.iteration[0].second_phase=0.124 partitioning.coarsening.level[2].label_propagation.handle_isolated_nodes=0.000 partitioning.coarsening.level[2].label_propagation.handle_two-hop_nodes=0.000 partitioning.coarsening.level[2].contract_graph=0.168 partitioning.coarsening.level[2].contract_graph.allocation=0.001 partitioning.coarsening.level[2].contract_graph.preprocessing=0.012 partitioning.coarsening.level[2].contract_graph.deallocation=0.000 partitioning.coarsening.level[2].contract_graph.construct_coarse_graph=0.153 partitioning.coarsening.level[2].contract_graph.construct_coarse_graph.aggregate_coarse_edges=0.146 partitioning.coarsening.level[2].contract_graph.construct_coarse_graph.aggregate_coarse_edges.first_phase=0.136 partitioning.coarsening.level[2].contract_graph.construct_coarse_graph.aggregate_coarse_edges.second_phase=0.009 partitioning.coarsening.level[2].contract_graph.construct_coarse_graph.remap_coarse_edges_and_mapping=0.006 partitioning.coarsening.level[3]=0.319 partitioning.coarsening.level[3].label_propagation=0.267 partitioning.coarsening.level[3].label_propagation.iteration[0]=0.266 partitioning.coarsening.level[3].label_propagation.iteration[0].first_phase=0.203 partitioning.coarsening.level[3].label_propagation.iteration[0].second_phase=0.062 partitioning.coarsening.level[3].label_propagation.handle_isolated_nodes=0.000 partitioning.coarsening.level[3].label_propagation.handle_two-hop_nodes=0.000 partitioning.coarsening.level[3].contract_graph=0.052 partitioning.coarsening.level[3].contract_graph.allocation=0.000 partitioning.coarsening.level[3].contract_graph.preprocessing=0.004 partitioning.coarsening.level[3].contract_graph.deallocation=0.000 partitioning.coarsening.level[3].contract_graph.construct_coarse_graph=0.045 partitioning.coarsening.level[3].contract_graph.construct_coarse_graph.aggregate_coarse_edges=0.042 partitioning.coarsening.level[3].contract_graph.construct_coarse_graph.aggregate_coarse_edges.first_phase=0.042 partitioning.coarsening.level[3].contract_graph.construct_coarse_graph.aggregate_coarse_edges.second_phase=0.000 partitioning.coarsening.level[3].contract_graph.construct_coarse_graph.remap_coarse_edges_and_mapping=0.003 partitioning.coarsening.level[4]=0.172 partitioning.coarsening.level[4].label_propagation=0.140 partitioning.coarsening.level[4].label_propagation.iteration[0]=0.140 partitioning.coarsening.level[4].label_propagation.iteration[0].first_phase=0.140 partitioning.coarsening.level[4].label_propagation.handle_isolated_nodes=0.000 partitioning.coarsening.level[4].label_propagation.handle_two-hop_nodes=0.000 partitioning.coarsening.level[4].contract_graph=0.031 partitioning.coarsening.level[4].contract_graph.allocation=0.000 partitioning.coarsening.level[4].contract_graph.preprocessing=0.001 partitioning.coarsening.level[4].contract_graph.deallocation=0.000 partitioning.coarsening.level[4].contract_graph.construct_coarse_graph=0.028 partitioning.coarsening.level[4].contract_graph.construct_coarse_graph.aggregate_coarse_edges=0.026 partitioning.coarsening.level[4].contract_graph.construct_coarse_graph.aggregate_coarse_edges.first_phase=0.026 partitioning.coarsening.level[4].contract_graph.construct_coarse_graph.aggregate_coarse_edges.second_phase=0.000 partitioning.coarsening.level[4].contract_graph.construct_coarse_graph.remap_coarse_edges_and_mapping=0.001 partitioning.coarsening.level[5]=0.118 partitioning.coarsening.level[5].label_propagation=0.098 partitioning.coarsening.level[5].label_propagation.iteration[0]=0.098 partitioning.coarsening.level[5].label_propagation.iteration[0].first_phase=0.098 partitioning.coarsening.level[5].label_propagation.handle_isolated_nodes=0.000 partitioning.coarsening.level[5].label_propagation.handle_two-hop_nodes=0.000 partitioning.coarsening.level[5].contract_graph=0.019 partitioning.coarsening.level[5].contract_graph.allocation=0.000 partitioning.coarsening.level[5].contract_graph.preprocessing=0.000 partitioning.coarsening.level[5].contract_graph.deallocation=0.000 partitioning.coarsening.level[5].contract_graph.construct_coarse_graph=0.018 partitioning.coarsening.level[5].contract_graph.construct_coarse_graph.aggregate_coarse_edges=0.017 partitioning.coarsening.level[5].contract_graph.construct_coarse_graph.aggregate_coarse_edges.first_phase=0.017 partitioning.coarsening.level[5].contract_graph.construct_coarse_graph.aggregate_coarse_edges.second_phase=0.000 partitioning.coarsening.level[5].contract_graph.construct_coarse_graph.remap_coarse_edges_and_mapping=0.001 partitioning.coarsening.level[6]=0.067 partitioning.coarsening.level[6].label_propagation=0.047 partitioning.coarsening.level[6].label_propagation.iteration[0]=0.046 partitioning.coarsening.level[6].label_propagation.iteration[0].first_phase=0.046 partitioning.coarsening.level[6].label_propagation.handle_isolated_nodes=0.000 partitioning.coarsening.level[6].label_propagation.handle_two-hop_nodes=0.000 partitioning.coarsening.level[6].contract_graph=0.020 partitioning.coarsening.level[6].contract_graph.allocation=0.000 partitioning.coarsening.level[6].contract_graph.preprocessing=0.000 partitioning.coarsening.level[6].contract_graph.deallocation=0.000 partitioning.coarsening.level[6].contract_graph.construct_coarse_graph=0.019 partitioning.coarsening.level[6].contract_graph.construct_coarse_graph.aggregate_coarse_edges=0.018 partitioning.coarsening.level[6].contract_graph.construct_coarse_graph.aggregate_coarse_edges.first_phase=0.018 partitioning.coarsening.level[6].contract_graph.construct_coarse_graph.aggregate_coarse_edges.second_phase=0.000 partitioning.coarsening.level[6].contract_graph.construct_coarse_graph.remap_coarse_edges_and_mapping=0.001 partitioning.coarsening.level[7]=0.046 partitioning.coarsening.level[7].label_propagation=0.031 partitioning.coarsening.level[7].label_propagation.iteration[0]=0.031 partitioning.coarsening.level[7].label_propagation.iteration[0].first_phase=0.031 partitioning.coarsening.level[7].label_propagation.handle_isolated_nodes=0.000 partitioning.coarsening.level[7].label_propagation.handle_two-hop_nodes=0.000 partitioning.coarsening.level[7].contract_graph=0.014 partitioning.coarsening.level[7].contract_graph.allocation=0.000 partitioning.coarsening.level[7].contract_graph.preprocessing=0.000 partitioning.coarsening.level[7].contract_graph.deallocation=0.000 partitioning.coarsening.level[7].contract_graph.construct_coarse_graph=0.013 partitioning.coarsening.level[7].contract_graph.construct_coarse_graph.aggregate_coarse_edges=0.012 partitioning.coarsening.level[7].contract_graph.construct_coarse_graph.aggregate_coarse_edges.first_phase=0.012 partitioning.coarsening.level[7].contract_graph.construct_coarse_graph.aggregate_coarse_edges.second_phase=0.000 partitioning.coarsening.level[7].contract_graph.construct_coarse_graph.remap_coarse_edges_and_mapping=0.000 partitioning.coarsening.level[8]=0.029 partitioning.coarsening.level[8].label_propagation=0.015 partitioning.coarsening.level[8].label_propagation.iteration[0]=0.015 partitioning.coarsening.level[8].label_propagation.iteration[0].first_phase=0.015 partitioning.coarsening.level[8].label_propagation.handle_isolated_nodes=0.000 partitioning.coarsening.level[8].label_propagation.handle_two-hop_nodes=0.000 partitioning.coarsening.level[8].contract_graph=0.013 partitioning.coarsening.level[8].contract_graph.allocation=0.000 partitioning.coarsening.level[8].contract_graph.preprocessing=0.000 partitioning.coarsening.level[8].contract_graph.deallocation=0.000 partitioning.coarsening.level[8].contract_graph.construct_coarse_graph=0.013 partitioning.coarsening.level[8].contract_graph.construct_coarse_graph.aggregate_coarse_edges=0.012 partitioning.coarsening.level[8].contract_graph.construct_coarse_graph.aggregate_coarse_edges.first_phase=0.012 partitioning.coarsening.level[8].contract_graph.construct_coarse_graph.aggregate_coarse_edges.second_phase=0.000 partitioning.coarsening.level[8].contract_graph.construct_coarse_graph.remap_coarse_edges_and_mapping=0.000 partitioning.coarsening.level[9]=0.014 partitioning.coarsening.level[9].label_propagation=0.001 partitioning.coarsening.level[9].label_propagation.iteration[0]=0.001 partitioning.coarsening.level[9].label_propagation.iteration[0].first_phase=0.001 partitioning.coarsening.level[9].label_propagation.handle_isolated_nodes=0.000 partitioning.coarsening.level[9].label_propagation.handle_two-hop_nodes=0.000 partitioning.coarsening.level[9].contract_graph=0.013 partitioning.coarsening.level[9].contract_graph.allocation=0.000 partitioning.coarsening.level[9].contract_graph.preprocessing=0.000 partitioning.coarsening.level[9].contract_graph.deallocation=0.000 partitioning.coarsening.level[9].contract_graph.construct_coarse_graph=0.012 partitioning.coarsening.level[9].contract_graph.construct_coarse_graph.aggregate_coarse_edges=0.011 partitioning.coarsening.level[9].contract_graph.construct_coarse_graph.aggregate_coarse_edges.first_phase=0.011 partitioning.coarsening.level[9].contract_graph.construct_coarse_graph.aggregate_coarse_edges.second_phase=0.000 partitioning.coarsening.level[9].contract_graph.construct_coarse_graph.remap_coarse_edges_and_mapping=0.000 partitioning.coarsening.level[10]=0.015 partitioning.coarsening.level[10].label_propagation=0.001 partitioning.coarsening.level[10].label_propagation.iteration[0]=0.001 partitioning.coarsening.level[10].label_propagation.iteration[0].first_phase=0.001 partitioning.coarsening.level[10].label_propagation.handle_isolated_nodes=0.000 partitioning.coarsening.level[10].label_propagation.handle_two-hop_nodes=0.000 partitioning.coarsening.level[10].contract_graph=0.013 partitioning.coarsening.level[10].contract_graph.allocation=0.000 partitioning.coarsening.level[10].contract_graph.preprocessing=0.000 partitioning.coarsening.level[10].contract_graph.deallocation=0.000 partitioning.coarsening.level[10].contract_graph.construct_coarse_graph=0.012 partitioning.coarsening.level[10].contract_graph.construct_coarse_graph.aggregate_coarse_edges=0.011 partitioning.coarsening.level[10].contract_graph.construct_coarse_graph.aggregate_coarse_edges.first_phase=0.011 partitioning.coarsening.level[10].contract_graph.construct_coarse_graph.aggregate_coarse_edges.second_phase=0.000 partitioning.coarsening.level[10].contract_graph.construct_coarse_graph.remap_coarse_edges_and_mapping=0.000 partitioning.coarsening.deallocation=0.000 partitioning.initial_partitioning_scheme=0.498 partitioning.uncoarsening=0.749 partitioning.uncoarsening.level[10]=0.011 partitioning.uncoarsening.level[10].allocation=0.000 partitioning.uncoarsening.level[10].project_partition=0.000 partitioning.uncoarsening.level[10].create_graph=0.000 partitioning.uncoarsening.level[10].refinement=0.010 partitioning.uncoarsening.level[10].refinement.greedy_balancer=0.000 partitioning.uncoarsening.level[10].refinement.label_propagation=0.010 partitioning.uncoarsening.level[10].refinement.label_propagation.allocation=0.008 partitioning.uncoarsening.level[10].refinement.label_propagation.iteration[0]=0.001 partitioning.uncoarsening.level[10].refinement.label_propagation.iteration[1]=0.000 partitioning.uncoarsening.level[9]=0.002 partitioning.uncoarsening.level[9].allocation=0.000 partitioning.uncoarsening.level[9].project_partition=0.000 partitioning.uncoarsening.level[9].create_graph=0.000 partitioning.uncoarsening.level[9].refinement=0.001 partitioning.uncoarsening.level[9].refinement.greedy_balancer=0.000 partitioning.uncoarsening.level[9].refinement.label_propagation=0.001 partitioning.uncoarsening.level[9].refinement.label_propagation.iteration[0]=0.001 partitioning.uncoarsening.level[9].refinement.label_propagation.iteration[1]=0.000 partitioning.uncoarsening.level[8]=0.003 partitioning.uncoarsening.level[8].allocation=0.000 partitioning.uncoarsening.level[8].project_partition=0.000 partitioning.uncoarsening.level[8].create_graph=0.000 partitioning.uncoarsening.level[8].refinement=0.002 partitioning.uncoarsening.level[8].refinement.greedy_balancer=0.000 partitioning.uncoarsening.level[8].refinement.label_propagation=0.002 partitioning.uncoarsening.level[8].refinement.label_propagation.iteration[0]=0.001 partitioning.uncoarsening.level[8].refinement.label_propagation.iteration[1]=0.000 partitioning.uncoarsening.level[7]=0.004 partitioning.uncoarsening.level[7].allocation=0.000 partitioning.uncoarsening.level[7].project_partition=0.000 partitioning.uncoarsening.level[7].create_graph=0.000 partitioning.uncoarsening.level[7].refinement=0.003 partitioning.uncoarsening.level[7].refinement.greedy_balancer=0.000 partitioning.uncoarsening.level[7].refinement.label_propagation=0.003 partitioning.uncoarsening.level[7].refinement.label_propagation.iteration[0]=0.001 partitioning.uncoarsening.level[7].refinement.label_propagation.iteration[1]=0.000 partitioning.uncoarsening.level[7].refinement.label_propagation.iteration[2]=0.000 partitioning.uncoarsening.level[7].refinement.label_propagation.iteration[3]=0.000 partitioning.uncoarsening.level[6]=0.006 partitioning.uncoarsening.level[6].allocation=0.000 partitioning.uncoarsening.level[6].project_partition=0.000 partitioning.uncoarsening.level[6].create_graph=0.000 partitioning.uncoarsening.level[6].refinement=0.005 partitioning.uncoarsening.level[6].refinement.greedy_balancer=0.000 partitioning.uncoarsening.level[6].refinement.label_propagation=0.005 partitioning.uncoarsening.level[6].refinement.label_propagation.iteration[0]=0.002 partitioning.uncoarsening.level[6].refinement.label_propagation.iteration[1]=0.001 partitioning.uncoarsening.level[6].refinement.label_propagation.iteration[2]=0.000 partitioning.uncoarsening.level[6].refinement.label_propagation.iteration[3]=0.000 partitioning.uncoarsening.level[6].refinement.label_propagation.iteration[4]=0.000 partitioning.uncoarsening.level[5]=0.014 partitioning.uncoarsening.level[5].allocation=0.000 partitioning.uncoarsening.level[5].project_partition=0.000 partitioning.uncoarsening.level[5].create_graph=0.000 partitioning.uncoarsening.level[5].refinement=0.013 partitioning.uncoarsening.level[5].refinement.greedy_balancer=0.000 partitioning.uncoarsening.level[5].refinement.label_propagation=0.013 partitioning.uncoarsening.level[5].refinement.label_propagation.iteration[0]=0.009 partitioning.uncoarsening.level[5].refinement.label_propagation.iteration[1]=0.001 partitioning.uncoarsening.level[5].refinement.label_propagation.iteration[2]=0.001 partitioning.uncoarsening.level[5].refinement.label_propagation.iteration[3]=0.000 partitioning.uncoarsening.level[5].refinement.label_propagation.iteration[4]=0.000 partitioning.uncoarsening.level[4]=0.030 partitioning.uncoarsening.level[4].allocation=0.000 partitioning.uncoarsening.level[4].project_partition=0.000 partitioning.uncoarsening.level[4].create_graph=0.000 partitioning.uncoarsening.level[4].refinement=0.028 partitioning.uncoarsening.level[4].refinement.greedy_balancer=0.000 partitioning.uncoarsening.level[4].refinement.label_propagation=0.028 partitioning.uncoarsening.level[4].refinement.label_propagation.iteration[0]=0.018 partitioning.uncoarsening.level[4].refinement.label_propagation.iteration[1]=0.003 partitioning.uncoarsening.level[4].refinement.label_propagation.iteration[2]=0.002 partitioning.uncoarsening.level[4].refinement.label_propagation.iteration[3]=0.002 partitioning.uncoarsening.level[4].refinement.label_propagation.iteration[4]=0.001 partitioning.uncoarsening.level[3]=0.056 partitioning.uncoarsening.level[3].allocation=0.000 partitioning.uncoarsening.level[3].project_partition=0.000 partitioning.uncoarsening.level[3].create_graph=0.000 partitioning.uncoarsening.level[3].refinement=0.054 partitioning.uncoarsening.level[3].refinement.greedy_balancer=0.000 partitioning.uncoarsening.level[3].refinement.label_propagation=0.054 partitioning.uncoarsening.level[3].refinement.label_propagation.iteration[0]=0.033 partitioning.uncoarsening.level[3].refinement.label_propagation.iteration[1]=0.007 partitioning.uncoarsening.level[3].refinement.label_propagation.iteration[2]=0.005 partitioning.uncoarsening.level[3].refinement.label_propagation.iteration[3]=0.004 partitioning.uncoarsening.level[3].refinement.label_propagation.iteration[4]=0.003 partitioning.uncoarsening.level[2]=0.114 partitioning.uncoarsening.level[2].allocation=0.000 partitioning.uncoarsening.level[2].project_partition=0.000 partitioning.uncoarsening.level[2].create_graph=0.000 partitioning.uncoarsening.level[2].refinement=0.111 partitioning.uncoarsening.level[2].refinement.greedy_balancer=0.000 partitioning.uncoarsening.level[2].refinement.label_propagation=0.111 partitioning.uncoarsening.level[2].refinement.label_propagation.iteration[0]=0.055 partitioning.uncoarsening.level[2].refinement.label_propagation.iteration[1]=0.019 partitioning.uncoarsening.level[2].refinement.label_propagation.iteration[2]=0.013 partitioning.uncoarsening.level[2].refinement.label_propagation.iteration[3]=0.010 partitioning.uncoarsening.level[2].refinement.label_propagation.iteration[4]=0.010 partitioning.uncoarsening.level[1]=0.211 partitioning.uncoarsening.level[1].allocation=0.005 partitioning.uncoarsening.level[1].project_partition=0.000 partitioning.uncoarsening.level[1].create_graph=0.000 partitioning.uncoarsening.level[1].refinement=0.201 partitioning.uncoarsening.level[1].refinement.greedy_balancer=0.000 partitioning.uncoarsening.level[1].refinement.label_propagation=0.200 partitioning.uncoarsening.level[1].refinement.label_propagation.iteration[0]=0.082 partitioning.uncoarsening.level[1].refinement.label_propagation.iteration[1]=0.050 partitioning.uncoarsening.level[1].refinement.label_propagation.iteration[2]=0.031 partitioning.uncoarsening.level[1].refinement.label_propagation.iteration[3]=0.020 partitioning.uncoarsening.level[1].refinement.label_propagation.iteration[4]=0.015 partitioning.uncoarsening.level[0]=0.292 partitioning.uncoarsening.level[0].allocation=0.004 partitioning.uncoarsening.level[0].project_partition=0.000 partitioning.uncoarsening.level[0].create_graph=0.000 partitioning.uncoarsening.level[0].refinement=0.278 partitioning.uncoarsening.level[0].refinement.greedy_balancer=0.000 partitioning.uncoarsening.level[0].refinement.label_propagation=0.278 partitioning.uncoarsening.level[0].refinement.label_propagation.iteration[0]=0.138 partitioning.uncoarsening.level[0].refinement.label_propagation.iteration[1]=0.070 partitioning.uncoarsening.level[0].refinement.label_propagation.iteration[2]=0.035 partitioning.uncoarsening.level[0].refinement.label_propagation.iteration[3]=0.019 partitioning.uncoarsening.level[0].refinement.label_propagation.iteration[4]=0.014 partitioning.deallocation=0.010 partitioning.re-integrate_isolated_nodes=0.013 io=0.000 
MEMORY disabled

Global Timer: ................................... 7.291 s    
|- Read input graph: ............................ 2.670 s    
|- Partitioning: ................................ 4.614 s    
|  |- Rearrange by degree-buckets: .............. 0.084 s    
|  |  |- Sort nodes by integer buckets: ......... 0.018 s    
|  |  |- Rearrange input graph: ................. 0.057 s    
|  |  `- Deallocation: .......................... 0.005 s    
|  |- Refinement: ............................... 0.000 s    
|  |  `- Allocation: ............................ 0.000 s    
|  |- Coarsening: ............................... 3.256 s    
|  |  |- Level (0): ............................. 0.923 s    
|  |  |  |- Label Propagation: .................. 0.204 s    
|  |  |  |  |- Allocation: ...................... 0.015 s    
|  |  |  |  |- Iteration (0): ................... 0.181 s    
|  |  |  |  |  `- First phase: .................. 0.177 s    
|  |  |  |  |- Handle isolated nodes: ........... 0.000 s    
|  |  |  |  |- Handle two-hop nodes: ............ 0.000 s    
|  |  |  |  `- Free: ............................ 0.006 s    
|  |  |  `- Contract graph: ..................... 0.718 s    
|  |  |     |- Allocation: ...................... 0.001 s (3)
|  |  |     |- Preprocessing: ................... 0.043 s (3)
|  |  |     |- Deallocation: .................... 0.000 s    
|  |  |     `- Construct coarse graph: .......... 0.663 s    
|  |  |        |- Aggregate coarse edges: ....... 0.622 s    
|  |  |        |  |- First phase: ............... 0.508 s    
|  |  |        |  `- Second phase: .............. 0.108 s    
|  |  |        `- Remap coarse edges and mapping: 0.039 s    
|  |  |- Level (1): ............................. 1.046 s    
|  |  |  |- Label Propagation: .................. 0.527 s    
|  |  |  |  |- Allocation: ...................... 0.005 s    
|  |  |  |  |- Iteration (0): ................... 0.521 s    
|  |  |  |  |  |- First phase: .................. 0.470 s    
|  |  |  |  |  `- Second phase: ................. 0.049 s    
|  |  |  |  |- Handle isolated nodes: ........... 0.000 s    
|  |  |  |  `- Handle two-hop nodes: ............ 0.000 s    
|  |  |  `- Contract graph: ..................... 0.518 s    
|  |  |     |- Allocation: ...................... 0.002 s (3)
|  |  |     |- Preprocessing: ................... 0.020 s (3)
|  |  |     |- Deallocation: .................... 0.000 s    
|  |  |     `- Construct coarse graph: .......... 0.492 s    
|  |  |        |- Aggregate coarse edges: ....... 0.476 s    
|  |  |        |  |- First phase: ............... 0.219 s    
|  |  |        |  `- Second phase: .............. 0.256 s    
|  |  |        `- Remap coarse edges and mapping: 0.015 s    
|  |  |- Level (2): ............................. 0.503 s    
|  |  |  |- Label Propagation: .................. 0.333 s    
|  |  |  |  |- Iteration (0): ................... 0.333 s    
|  |  |  |  |  |- First phase: .................. 0.208 s    
|  |  |  |  |  `- Second phase: ................. 0.124 s    
|  |  |  |  |- Handle isolated nodes: ........... 0.000 s    
|  |  |  |  `- Handle two-hop nodes: ............ 0.000 s    
|  |  |  `- Contract graph: ..................... 0.168 s    
|  |  |     |- Allocation: ...................... 0.001 s (3)
|  |  |     |- Preprocessing: ................... 0.012 s (3)
|  |  |     |- Deallocation: .................... 0.000 s    
|  |  |     `- Construct coarse graph: .......... 0.153 s    
|  |  |        |- Aggregate coarse edges: ....... 0.146 s    
|  |  |        |  |- First phase: ............... 0.136 s    
|  |  |        |  `- Second phase: .............. 0.009 s    
|  |  |        `- Remap coarse edges and mapping: 0.006 s    
|  |  |- Level (3): ............................. 0.319 s    
|  |  |  |- Label Propagation: .................. 0.267 s    
|  |  |  |  |- Iteration (0): ................... 0.266 s    
|  |  |  |  |  |- First phase: .................. 0.203 s    
|  |  |  |  |  `- Second phase: ................. 0.062 s    
|  |  |  |  |- Handle isolated nodes: ........... 0.000 s    
|  |  |  |  `- Handle two-hop nodes: ............ 0.000 s    
|  |  |  `- Contract graph: ..................... 0.052 s    
|  |  |     |- Allocation: ...................... 0.000 s (3)
|  |  |     |- Preprocessing: ................... 0.004 s (3)
|  |  |     |- Deallocation: .................... 0.000 s    
|  |  |     `- Construct coarse graph: .......... 0.045 s    
|  |  |        |- Aggregate coarse edges: ....... 0.042 s    
|  |  |        |  |- First phase: ............... 0.042 s    
|  |  |        |  `- Second phase: .............. 0.000 s    
|  |  |        `- Remap coarse edges and mapping: 0.003 s    
|  |  |- Level (4): ............................. 0.172 s    
|  |  |  |- Label Propagation: .................. 0.140 s    
|  |  |  |  |- Iteration (0): ................... 0.140 s    
|  |  |  |  |  `- First phase: .................. 0.140 s    
|  |  |  |  |- Handle isolated nodes: ........... 0.000 s    
|  |  |  |  `- Handle two-hop nodes: ............ 0.000 s    
|  |  |  `- Contract graph: ..................... 0.031 s    
|  |  |     |- Allocation: ...................... 0.000 s (3)
|  |  |     |- Preprocessing: ................... 0.001 s (3)
|  |  |     |- Deallocation: .................... 0.000 s    
|  |  |     `- Construct coarse graph: .......... 0.028 s    
|  |  |        |- Aggregate coarse edges: ....... 0.026 s    
|  |  |        |  |- First phase: ............... 0.026 s    
|  |  |        |  `- Second phase: .............. 0.000 s    
|  |  |        `- Remap coarse edges and mapping: 0.001 s    
|  |  |- Level (5): ............................. 0.118 s    
|  |  |  |- Label Propagation: .................. 0.098 s    
|  |  |  |  |- Iteration (0): ................... 0.098 s    
|  |  |  |  |  `- First phase: .................. 0.098 s    
|  |  |  |  |- Handle isolated nodes: ........... 0.000 s    
|  |  |  |  `- Handle two-hop nodes: ............ 0.000 s    
|  |  |  `- Contract graph: ..................... 0.019 s    
|  |  |     |- Allocation: ...................... 0.000 s (3)
|  |  |     |- Preprocessing: ................... 0.000 s (3)
|  |  |     |- Deallocation: .................... 0.000 s    
|  |  |     `- Construct coarse graph: .......... 0.018 s    
|  |  |        |- Aggregate coarse edges: ....... 0.017 s    
|  |  |        |  |- First phase: ............... 0.017 s    
|  |  |        |  `- Second phase: .............. 0.000 s    
|  |  |        `- Remap coarse edges and mapping: 0.001 s    
|  |  |- Level (6): ............................. 0.067 s    
|  |  |  |- Label Propagation: .................. 0.047 s    
|  |  |  |  |- Iteration (0): ................... 0.046 s    
|  |  |  |  |  `- First phase: .................. 0.046 s    
|  |  |  |  |- Handle isolated nodes: ........... 0.000 s    
|  |  |  |  `- Handle two-hop nodes: ............ 0.000 s    
|  |  |  `- Contract graph: ..................... 0.020 s    
|  |  |     |- Allocation: ...................... 0.000 s (3)
|  |  |     |- Preprocessing: ................... 0.000 s (3)
|  |  |     |- Deallocation: .................... 0.000 s    
|  |  |     `- Construct coarse graph: .......... 0.019 s    
|  |  |        |- Aggregate coarse edges: ....... 0.018 s    
|  |  |        |  |- First phase: ............... 0.018 s    
|  |  |        |  `- Second phase: .............. 0.000 s    
|  |  |        `- Remap coarse edges and mapping: 0.001 s    
|  |  |- Level (7): ............................. 0.046 s    
|  |  |  |- Label Propagation: .................. 0.031 s    
|  |  |  |  |- Iteration (0): ................... 0.031 s    
|  |  |  |  |  `- First phase: .................. 0.031 s    
|  |  |  |  |- Handle isolated nodes: ........... 0.000 s    
|  |  |  |  `- Handle two-hop nodes: ............ 0.000 s    
|  |  |  `- Contract graph: ..................... 0.014 s    
|  |  |     |- Allocation: ...................... 0.000 s (3)
|  |  |     |- Preprocessing: ................... 0.000 s (3)
|  |  |     |- Deallocation: .................... 0.000 s    
|  |  |     `- Construct coarse graph: .......... 0.013 s    
|  |  |        |- Aggregate coarse edges: ....... 0.012 s    
|  |  |        |  |- First phase: ............... 0.012 s    
|  |  |        |  `- Second phase: .............. 0.000 s    
|  |  |        `- Remap coarse edges and mapping: 0.000 s    
|  |  |- Level (8): ............................. 0.029 s    
|  |  |  |- Label Propagation: .................. 0.015 s    
|  |  |  |  |- Iteration (0): ................... 0.015 s    
|  |  |  |  |  `- First phase: .................. 0.015 s    
|  |  |  |  |- Handle isolated nodes: ........... 0.000 s    
|  |  |  |  `- Handle two-hop nodes: ............ 0.000 s    
|  |  |  `- Contract graph: ..................... 0.013 s    
|  |  |     |- Allocation: ...................... 0.000 s (3)
|  |  |     |- Preprocessing: ................... 0.000 s (3)
|  |  |     |- Deallocation: .................... 0.000 s    
|  |  |     `- Construct coarse graph: .......... 0.013 s    
|  |  |        |- Aggregate coarse edges: ....... 0.012 s    
|  |  |        |  |- First phase: ............... 0.012 s    
|  |  |        |  `- Second phase: .............. 0.000 s    
|  |  |        `- Remap coarse edges and mapping: 0.000 s    
|  |  |- Level (9): ............................. 0.014 s    
|  |  |  |- Label Propagation: .................. 0.001 s    
|  |  |  |  |- Iteration (0): ................... 0.001 s    
|  |  |  |  |  `- First phase: .................. 0.001 s    
|  |  |  |  |- Handle isolated nodes: ........... 0.000 s    
|  |  |  |  `- Handle two-hop nodes: ............ 0.000 s    
|  |  |  `- Contract graph: ..................... 0.013 s    
|  |  |     |- Allocation: ...................... 0.000 s (3)
|  |  |     |- Preprocessing: ................... 0.000 s (3)
|  |  |     |- Deallocation: .................... 0.000 s    
|  |  |     `- Construct coarse graph: .......... 0.012 s    
|  |  |        |- Aggregate coarse edges: ....... 0.011 s    
|  |  |        |  |- First phase: ............... 0.011 s    
|  |  |        |  `- Second phase: .............. 0.000 s    
|  |  |        `- Remap coarse edges and mapping: 0.000 s    
|  |  |- Level (10): ............................ 0.015 s    
|  |  |  |- Label Propagation: .................. 0.001 s    
|  |  |  |  |- Iteration (0): ................... 0.001 s    
|  |  |  |  |  `- First phase: .................. 0.001 s    
|  |  |  |  |- Handle isolated nodes: ........... 0.000 s    
|  |  |  |  `- Handle two-hop nodes: ............ 0.000 s    
|  |  |  `- Contract graph: ..................... 0.013 s    
|  |  |     |- Allocation: ...................... 0.000 s (3)
|  |  |     |- Preprocessing: ................... 0.000 s (3)
|  |  |     |- Deallocation: .................... 0.000 s    
|  |  |     `- Construct coarse graph: .......... 0.012 s    
|  |  |        |- Aggregate coarse edges: ....... 0.011 s    
|  |  |        |  |- First phase: ............... 0.011 s    
|  |  |        |  `- Second phase: .............. 0.000 s    
|  |  |        `- Remap coarse edges and mapping: 0.000 s    
|  |  `- Deallocation: .......................... 0.000 s    
|  |- Initial partitioning scheme: .............. 0.498 s    
|  |- Uncoarsening: ............................. 0.749 s    
|  |  |- Level (10): ............................ 0.011 s    
|  |  |  |- Allocation: ......................... 0.000 s    
|  |  |  |- Project partition: .................. 0.000 s    
|  |  |  |- Create graph: ....................... 0.000 s    
|  |  |  `- Refinement: ......................... 0.010 s    
|  |  |     |- Greedy Balancer: ................. 0.000 s    
|  |  |     `- Label Propagation: ............... 0.010 s    
|  |  |        |- Allocation: ................... 0.008 s    
|  |  |        |- Iteration (0): ................ 0.001 s    
|  |  |        `- Iteration (1): ................ 0.000 s    
|  |  |- Level (9): ............................. 0.002 s    
|  |  |  |- Allocation: ......................... 0.000 s    
|  |  |  |- Project partition: .................. 0.000 s    
|  |  |  |- Create graph: ....................... 0.000 s    
|  |  |  `- Refinement: ......................... 0.001 s    
|  |  |     |- Greedy Balancer: ................. 0.000 s    
|  |  |     `- Label Propagation: ............... 0.001 s    
|  |  |        |- Iteration (0): ................ 0.001 s    
|  |  |        `- Iteration (1): ................ 0.000 s    
|  |  |- Level (8): ............................. 0.003 s    
|  |  |  |- Allocation: ......................... 0.000 s    
|  |  |  |- Project partition: .................. 0.000 s    
|  |  |  |- Create graph: ....................... 0.000 s    
|  |  |  `- Refinement: ......................... 0.002 s    
|  |  |     |- Greedy Balancer: ................. 0.000 s    
|  |  |     `- Label Propagation: ............... 0.002 s    
|  |  |        |- Iteration (0): ................ 0.001 s    
|  |  |        `- Iteration (1): ................ 0.000 s    
|  |  |- Level (7): ............................. 0.004 s    
|  |  |  |- Allocation: ......................... 0.000 s    
|  |  |  |- Project partition: .................. 0.000 s    
|  |  |  |- Create graph: ....................... 0.000 s    
|  |  |  `- Refinement: ......................... 0.003 s    
|  |  |     |- Greedy Balancer: ................. 0.000 s    
|  |  |     `- Label Propagation: ............... 0.003 s    
|  |  |        |- Iteration (0): ................ 0.001 s    
|  |  |        |- Iteration (1): ................ 0.000 s    
|  |  |        |- Iteration (2): ................ 0.000 s    
|  |  |        `- Iteration (3): ................ 0.000 s    
|  |  |- Level (6): ............................. 0.006 s    
|  |  |  |- Allocation: ......................... 0.000 s    
|  |  |  |- Project partition: .................. 0.000 s    
|  |  |  |- Create graph: ....................... 0.000 s    
|  |  |  `- Refinement: ......................... 0.005 s    
|  |  |     |- Greedy Balancer: ................. 0.000 s    
|  |  |     `- Label Propagation: ............... 0.005 s    
|  |  |        |- Iteration (0): ................ 0.002 s    
|  |  |        |- Iteration (1): ................ 0.001 s    
|  |  |        |- Iteration (2): ................ 0.000 s    
|  |  |        |- Iteration (3): ................ 0.000 s    
|  |  |        `- Iteration (4): ................ 0.000 s    
|  |  |- Level (5): ............................. 0.014 s    
|  |  |  |- Allocation: ......................... 0.000 s    
|  |  |  |- Project partition: .................. 0.000 s    
|  |  |  |- Create graph: ....................... 0.000 s    
|  |  |  `- Refinement: ......................... 0.013 s    
|  |  |     |- Greedy Balancer: ................. 0.000 s    
|  |  |     `- Label Propagation: ............... 0.013 s    
|  |  |        |- Iteration (0): ................ 0.009 s    
|  |  |        |- Iteration (1): ................ 0.001 s    
|  |  |        |- Iteration (2): ................ 0.001 s    
|  |  |        |- Iteration (3): ................ 0.000 s    
|  |  |        `- Iteration (4): ................ 0.000 s    
|  |  |- Level (4): ............................. 0.030 s    
|  |  |  |- Allocation: ......................... 0.000 s    
|  |  |  |- Project partition: .................. 0.000 s    
|  |  |  |- Create graph: ....................... 0.000 s    
|  |  |  `- Refinement: ......................... 0.028 s    
|  |  |     |- Greedy Balancer: ................. 0.000 s    
|  |  |     `- Label Propagation: ............... 0.028 s    
|  |  |        |- Iteration (0): ................ 0.018 s    
|  |  |        |- Iteration (1): ................ 0.003 s    
|  |  |        |- Iteration (2): ................ 0.002 s    
|  |  |        |- Iteration (3): ................ 0.002 s    
|  |  |        `- Iteration (4): ................ 0.001 s    
|  |  |- Level (3): ............................. 0.056 s    
|  |  |  |- Allocation: ......................... 0.000 s    
|  |  |  |- Project partition: .................. 0.000 s    
|  |  |  |- Create graph: ....................... 0.000 s    
|  |  |  `- Refinement: ......................... 0.054 s    
|  |  |     |- Greedy Balancer: ................. 0.000 s    
|  |  |     `- Label Propagation: ............... 0.054 s    
|  |  |        |- Iteration (0): ................ 0.033 s    
|  |  |        |- Iteration (1): ................ 0.007 s    
|  |  |        |- Iteration (2): ................ 0.005 s    
|  |  |        |- Iteration (3): ................ 0.004 s    
|  |  |        `- Iteration (4): ................ 0.003 s    
|  |  |- Level (2): ............................. 0.114 s    
|  |  |  |- Allocation: ......................... 0.000 s    
|  |  |  |- Project partition: .................. 0.000 s    
|  |  |  |- Create graph: ....................... 0.000 s    
|  |  |  `- Refinement: ......................... 0.111 s    
|  |  |     |- Greedy Balancer: ................. 0.000 s    
|  |  |     `- Label Propagation: ............... 0.111 s    
|  |  |        |- Iteration (0): ................ 0.055 s    
|  |  |        |- Iteration (1): ................ 0.019 s    
|  |  |        |- Iteration (2): ................ 0.013 s    
|  |  |        |- Iteration (3): ................ 0.010 s    
|  |  |        `- Iteration (4): ................ 0.010 s    
|  |  |- Level (1): ............................. 0.211 s    
|  |  |  |- Allocation: ......................... 0.005 s    
|  |  |  |- Project partition: .................. 0.000 s    
|  |  |  |- Create graph: ....................... 0.000 s    
|  |  |  `- Refinement: ......................... 0.201 s    
|  |  |     |- Greedy Balancer: ................. 0.000 s    
|  |  |     `- Label Propagation: ............... 0.200 s    
|  |  |        |- Iteration (0): ................ 0.082 s    
|  |  |        |- Iteration (1): ................ 0.050 s    
|  |  |        |- Iteration (2): ................ 0.031 s    
|  |  |        |- Iteration (3): ................ 0.020 s    
|  |  |        `- Iteration (4): ................ 0.015 s    
|  |  `- Level (0): ............................. 0.292 s    
|  |     |- Allocation: ......................... 0.004 s    
|  |     |- Project partition: .................. 0.000 s    
|  |     |- Create graph: ....................... 0.000 s    
|  |     `- Refinement: ......................... 0.278 s    
|  |        |- Greedy Balancer: ................. 0.000 s    
|  |        `- Label Propagation: ............... 0.278 s    
|  |           |- Iteration (0): ................ 0.138 s    
|  |           |- Iteration (1): ................ 0.070 s    
|  |           |- Iteration (2): ................ 0.035 s    
|  |           |- Iteration (3): ................ 0.019 s    
|  |           `- Iteration (4): ................ 0.014 s    
|  |- Deallocation: ............................. 0.010 s    
|  `- Re-integrate isolated nodes: .............. 0.013 s    
`- IO: .......................................... 0.000 s    

Partition summary:
  Number of blocks: 16
  Edge cut:         40718676
  Imbalance:        0.0299965
  Feasible:         yes

Block weights:
  w(0 ) = 416116    w(1 ) = 409401    w(2 ) = 415637    w(3 ) = 417953  
  w(4 ) = 361326    w(5 ) = 417953    w(6 ) = 391045    w(7 ) = 415768  
  w(8 ) = 328334    w(9 ) = 417953    w(10) = 414504    w(11) = 417953  
  w(12) = 417953    w(13) = 417042    w(14) = 417953    w(15) = 415599  

Maximum resident set size: 7527600 KiB
