################################################################################
#                _  __       __  __  _         ____                            #
#               | |/ / __ _ |  \/  |(_) _ __  |  _ \  __ _  _ __               #
#               | ' / / _` || |\/| || || '_ \ | |_) |/ _` || '__|              #
#               | . \| (_| || |  | || || | | ||  __/| (_| || |                 #
#               |_|\_\\__,_||_|  |_||_||_| |_||_|    \__,_||_|                 #
#                                                                              #
################################################################################
Current commit hash:          99c62314d27845b3825829ec1e3e97256490627d
Assertion level:              always+light
Statistics:                   disabled
Built on:                     liskov
Data type sizes:
  Nodes IDs: 4 bytes | Node weights: 4 bytes
  Edges IDs: 4 bytes | Edge weights: 4 bytes
############################################################## Input Summary ###
Execution mode:               64
Seed:                         1
Graph:                        hollywood-2011 [node ordering: deg-buckets] [edge ordering: natural]
  Number of nodes:              2180759 (unweighted)
  Number of edges:            228985632 (unweighted)
Number of blocks:             16
Maximum block weight:         140386 (136298 + 3% / 3%)
---------------------------------------------------------- Graph Compression ---
Enabled:                      no
-------------------------------------------------------- Partitioning Scheme ---
Partitioning mode:            deep
  Deep initial part. mode:    async-parallel
  Deep initial part. load:    1
Subgraph memory:              Lazy
----------------------------------------------------------------- Coarsening ---
Contraction limit:            160
Coarsening algorithm:         clustering
  Cluster weight limit:       static-block-weight x 0.00625
  Shrink factor:              2.5
  Max mem-free level:         1
  Clustering algorithm:       lp
    Number of iterations:     1
    High degree threshold:    4294967295
    Max degree:               4294967295
    Tie breaking strategy:    uniform
    Implementation:           two-phase
      Relabel:                no
    2-hop clustering:         match-threadwise, if |Vcoarse| > 0.500000 * |V|
    Isolated nodes:           match-during-two-hop
  Forced hierarchy levels:    <none> (leeway: U=10.000000, L=1.100000)
Contraction algorithm:        unbuffered
  Implementation:             two-phase
------------------------------------------------------- Initial Partitioning ---
Adaptive algorithm selection: yes
----------------------------------------------------------------- Refinement ---
Refinement algorithms:        [greedy-balancer -> lp]
Label propagation:
  Number of iterations:       5
  Tie breaking strategy:      uniform
  Implementation:             single-phase
############################################################## Preprocessing ###
Removed 195453 isolated nodes
  Remaining nodes:             1985306
  Remaining total node weight: 1985306
############################################################### Partitioning ###
Input graph:
 Number of nodes: 1985306 | Number of edges: 228985632
 Maximum node weight: 1

Coarsening -> Level 1 [max cluster weight: 877]:
 Total edge weight:   215486488
 Number of nodes:     775145 | Number of edges: 185187824
 Maximum node weight: 121

Coarsening -> Level 2 [max cluster weight: 877]:
 Total edge weight:   193041134
 Number of nodes:     306308 | Number of edges: 73979544
 Maximum node weight: 877

Coarsening -> Level 3 [max cluster weight: 877]:
 Total edge weight:   180661178
 Number of nodes:     120597 | Number of edges: 27439154
 Maximum node weight: 877

Coarsening -> Level 4 [max cluster weight: 877]:
 Total edge weight:   175904554
 Number of nodes:     47029 | Number of edges: 9987222
 Maximum node weight: 878

Coarsening -> Level 5 [max cluster weight: 877]:
 Total edge weight:   174703860
 Number of nodes:     15752 | Number of edges: 4207012
 Maximum node weight: 878

Coarsening -> Level 6 [max cluster weight: 877]:
 Total edge weight:   174623086
 Number of nodes:     9437 | Number of edges: 3342660
 Maximum node weight: 1754

==> Coarsening terminated with less than 10240 nodes

Initial partitioning:
 Number of blocks: 16

Uncoarsening -> Level 5
 Number of nodes: 15752 | Number of edges: 4207012
  Running refinement on 16 blocks
   1. Greedy Balancer
   2. Label Propagation

Uncoarsening -> Level 4
 Number of nodes: 47029 | Number of edges: 9987222
  Running refinement on 16 blocks
   1. Greedy Balancer
   2. Label Propagation

Uncoarsening -> Level 3
 Number of nodes: 120597 | Number of edges: 27439154
  Running refinement on 16 blocks
   1. Greedy Balancer
   2. Label Propagation

Uncoarsening -> Level 2
 Number of nodes: 306308 | Number of edges: 73979544
  Running refinement on 16 blocks
   1. Greedy Balancer
   2. Label Propagation

Uncoarsening -> Level 1
 Number of nodes: 775145 | Number of edges: 185187824
  Running refinement on 16 blocks
   1. Greedy Balancer
   2. Label Propagation

Uncoarsening -> Level 0
 Number of nodes: 1985306 | Number of edges: 228985632
  Running refinement on 16 blocks
   1. Greedy Balancer
   2. Label Propagation
############################################################# Result Summary ###
RESULT cut=26657336 imbalance=0.0299931 feasible=1 k=16
TIME read_input_graph=1.983 partitioning=2.774 partitioning.rearrange_by_degree-buckets=0.052 partitioning.rearrange_by_degree-buckets.sort_nodes_by_integer_buckets=0.010 partitioning.rearrange_by_degree-buckets.rearrange_input_graph=0.034 partitioning.rearrange_by_degree-buckets.deallocation=0.004 partitioning.refinement=0.000 partitioning.refinement.allocation=0.000 partitioning.coarsening=1.931 partitioning.coarsening.level[0]=0.447 partitioning.coarsening.level[0].label_propagation=0.045 partitioning.coarsening.level[0].label_propagation.allocation=0.010 partitioning.coarsening.level[0].label_propagation.iteration[0]=0.023 partitioning.coarsening.level[0].label_propagation.iteration[0].first_phase=0.020 partitioning.coarsening.level[0].label_propagation.handle_isolated_nodes=0.000 partitioning.coarsening.level[0].label_propagation.handle_two-hop_nodes=0.000 partitioning.coarsening.level[0].label_propagation.free=0.005 partitioning.coarsening.level[0].contract_graph=0.401 partitioning.coarsening.level[0].contract_graph.allocation=0.000 partitioning.coarsening.level[0].contract_graph.preprocessing=0.012 partitioning.coarsening.level[0].contract_graph.deallocation=0.000 partitioning.coarsening.level[0].contract_graph.construct_coarse_graph=0.381 partitioning.coarsening.level[0].contract_graph.construct_coarse_graph.aggregate_coarse_edges=0.352 partitioning.coarsening.level[0].contract_graph.construct_coarse_graph.aggregate_coarse_edges.first_phase=0.344 partitioning.coarsening.level[0].contract_graph.construct_coarse_graph.aggregate_coarse_edges.second_phase=0.000 partitioning.coarsening.level[0].contract_graph.construct_coarse_graph.remap_coarse_edges_and_mapping=0.027 partitioning.coarsening.level[1]=0.723 partitioning.coarsening.level[1].label_propagation=0.388 partitioning.coarsening.level[1].label_propagation.allocation=0.000 partitioning.coarsening.level[1].label_propagation.iteration[0]=0.388 partitioning.coarsening.level[1].label_propagation.iteration[0].first_phase=0.385 partitioning.coarsening.level[1].label_propagation.iteration[0].second_phase=0.001 partitioning.coarsening.level[1].label_propagation.handle_isolated_nodes=0.000 partitioning.coarsening.level[1].label_propagation.handle_two-hop_nodes=0.000 partitioning.coarsening.level[1].contract_graph=0.334 partitioning.coarsening.level[1].contract_graph.allocation=0.000 partitioning.coarsening.level[1].contract_graph.preprocessing=0.001 partitioning.coarsening.level[1].contract_graph.deallocation=0.000 partitioning.coarsening.level[1].contract_graph.construct_coarse_graph=0.329 partitioning.coarsening.level[1].contract_graph.construct_coarse_graph.aggregate_coarse_edges=0.317 partitioning.coarsening.level[1].contract_graph.construct_coarse_graph.aggregate_coarse_edges.first_phase=0.234 partitioning.coarsening.level[1].contract_graph.construct_coarse_graph.aggregate_coarse_edges.second_phase=0.082 partitioning.coarsening.level[1].contract_graph.construct_coarse_graph.remap_coarse_edges_and_mapping=0.011 partitioning.coarsening.level[2]=0.397 partitioning.coarsening.level[2].label_propagation=0.321 partitioning.coarsening.level[2].label_propagation.iteration[0]=0.321 partitioning.coarsening.level[2].label_propagation.iteration[0].first_phase=0.304 partitioning.coarsening.level[2].label_propagation.iteration[0].second_phase=0.017 partitioning.coarsening.level[2].label_propagation.handle_isolated_nodes=0.000 partitioning.coarsening.level[2].label_propagation.handle_two-hop_nodes=0.000 partitioning.coarsening.level[2].contract_graph=0.075 partitioning.coarsening.level[2].contract_graph.allocation=0.002 partitioning.coarsening.level[2].contract_graph.preprocessing=0.003 partitioning.coarsening.level[2].contract_graph.deallocation=0.000 partitioning.coarsening.level[2].contract_graph.construct_coarse_graph=0.068 partitioning.coarsening.level[2].contract_graph.construct_coarse_graph.aggregate_coarse_edges=0.064 partitioning.coarsening.level[2].contract_graph.construct_coarse_graph.aggregate_coarse_edges.first_phase=0.064 partitioning.coarsening.level[2].contract_graph.construct_coarse_graph.aggregate_coarse_edges.second_phase=0.000 partitioning.coarsening.level[2].contract_graph.construct_coarse_graph.remap_coarse_edges_and_mapping=0.004 partitioning.coarsening.level[3]=0.190 partitioning.coarsening.level[3].label_propagation=0.162 partitioning.coarsening.level[3].label_propagation.iteration[0]=0.162 partitioning.coarsening.level[3].label_propagation.iteration[0].first_phase=0.158 partitioning.coarsening.level[3].label_propagation.iteration[0].second_phase=0.004 partitioning.coarsening.level[3].label_propagation.handle_isolated_nodes=0.000 partitioning.coarsening.level[3].label_propagation.handle_two-hop_nodes=0.000 partitioning.coarsening.level[3].contract_graph=0.027 partitioning.coarsening.level[3].contract_graph.allocation=0.000 partitioning.coarsening.level[3].contract_graph.preprocessing=0.000 partitioning.coarsening.level[3].contract_graph.deallocation=0.000 partitioning.coarsening.level[3].contract_graph.construct_coarse_graph=0.026 partitioning.coarsening.level[3].contract_graph.construct_coarse_graph.aggregate_coarse_edges=0.024 partitioning.coarsening.level[3].contract_graph.construct_coarse_graph.aggregate_coarse_edges.first_phase=0.024 partitioning.coarsening.level[3].contract_graph.construct_coarse_graph.aggregate_coarse_edges.second_phase=0.000 partitioning.coarsening.level[3].contract_graph.construct_coarse_graph.remap_coarse_edges_and_mapping=0.001 partitioning.coarsening.level[4]=0.120 partitioning.coarsening.level[4].label_propagation=0.104 partitioning.coarsening.level[4].label_propagation.iteration[0]=0.104 partitioning.coarsening.level[4].label_propagation.iteration[0].first_phase=0.103 partitioning.coarsening.level[4].label_propagation.handle_isolated_nodes=0.000 partitioning.coarsening.level[4].label_propagation.handle_two-hop_nodes=0.000 partitioning.coarsening.level[4].contract_graph=0.015 partitioning.coarsening.level[4].contract_graph.allocation=0.000 partitioning.coarsening.level[4].contract_graph.preprocessing=0.000 partitioning.coarsening.level[4].contract_graph.deallocation=0.000 partitioning.coarsening.level[4].contract_graph.construct_coarse_graph=0.014 partitioning.coarsening.level[4].contract_graph.construct_coarse_graph.aggregate_coarse_edges=0.013 partitioning.coarsening.level[4].contract_graph.construct_coarse_graph.aggregate_coarse_edges.first_phase=0.013 partitioning.coarsening.level[4].contract_graph.construct_coarse_graph.aggregate_coarse_edges.second_phase=0.000 partitioning.coarsening.level[4].contract_graph.construct_coarse_graph.remap_coarse_edges_and_mapping=0.000 partitioning.coarsening.level[5]=0.051 partitioning.coarsening.level[5].label_propagation=0.036 partitioning.coarsening.level[5].label_propagation.iteration[0]=0.036 partitioning.coarsening.level[5].label_propagation.iteration[0].first_phase=0.036 partitioning.coarsening.level[5].label_propagation.handle_isolated_nodes=0.000 partitioning.coarsening.level[5].label_propagation.handle_two-hop_nodes=0.000 partitioning.coarsening.level[5].contract_graph=0.015 partitioning.coarsening.level[5].contract_graph.allocation=0.000 partitioning.coarsening.level[5].contract_graph.preprocessing=0.000 partitioning.coarsening.level[5].contract_graph.deallocation=0.000 partitioning.coarsening.level[5].contract_graph.construct_coarse_graph=0.014 partitioning.coarsening.level[5].contract_graph.construct_coarse_graph.aggregate_coarse_edges=0.013 partitioning.coarsening.level[5].contract_graph.construct_coarse_graph.aggregate_coarse_edges.first_phase=0.013 partitioning.coarsening.level[5].contract_graph.construct_coarse_graph.aggregate_coarse_edges.second_phase=0.000 partitioning.coarsening.level[5].contract_graph.construct_coarse_graph.remap_coarse_edges_and_mapping=0.000 partitioning.coarsening.deallocation=0.000 partitioning.initial_partitioning_scheme=0.347 partitioning.uncoarsening=0.434 partitioning.uncoarsening.level[5]=0.007 partitioning.uncoarsening.level[5].allocation=0.000 partitioning.uncoarsening.level[5].project_partition=0.000 partitioning.uncoarsening.level[5].create_graph=0.000 partitioning.uncoarsening.level[5].refinement=0.007 partitioning.uncoarsening.level[5].refinement.greedy_balancer=0.000 partitioning.uncoarsening.level[5].refinement.label_propagation=0.007 partitioning.uncoarsening.level[5].refinement.label_propagation.allocation=0.000 partitioning.uncoarsening.level[5].refinement.label_propagation.iteration[0]=0.004 partitioning.uncoarsening.level[5].refinement.label_propagation.iteration[1]=0.000 partitioning.uncoarsening.level[5].refinement.label_propagation.iteration[2]=0.000 partitioning.uncoarsening.level[5].refinement.label_propagation.iteration[3]=0.000 partitioning.uncoarsening.level[4]=0.020 partitioning.uncoarsening.level[4].allocation=0.000 partitioning.uncoarsening.level[4].project_partition=0.000 partitioning.uncoarsening.level[4].create_graph=0.000 partitioning.uncoarsening.level[4].refinement=0.020 partitioning.uncoarsening.level[4].refinement.greedy_balancer=0.000 partitioning.uncoarsening.level[4].refinement.label_propagation=0.020 partitioning.uncoarsening.level[4].refinement.label_propagation.iteration[0]=0.013 partitioning.uncoarsening.level[4].refinement.label_propagation.iteration[1]=0.002 partitioning.uncoarsening.level[4].refinement.label_propagation.iteration[2]=0.001 partitioning.uncoarsening.level[4].refinement.label_propagation.iteration[3]=0.001 partitioning.uncoarsening.level[4].refinement.label_propagation.iteration[4]=0.000 partitioning.uncoarsening.level[3]=0.039 partitioning.uncoarsening.level[3].allocation=0.000 partitioning.uncoarsening.level[3].project_partition=0.000 partitioning.uncoarsening.level[3].create_graph=0.000 partitioning.uncoarsening.level[3].refinement=0.038 partitioning.uncoarsening.level[3].refinement.greedy_balancer=0.000 partitioning.uncoarsening.level[3].refinement.label_propagation=0.038 partitioning.uncoarsening.level[3].refinement.label_propagation.iteration[0]=0.023 partitioning.uncoarsening.level[3].refinement.label_propagation.iteration[1]=0.004 partitioning.uncoarsening.level[3].refinement.label_propagation.iteration[2]=0.003 partitioning.uncoarsening.level[3].refinement.label_propagation.iteration[3]=0.002 partitioning.uncoarsening.level[3].refinement.label_propagation.iteration[4]=0.003 partitioning.uncoarsening.level[2]=0.074 partitioning.uncoarsening.level[2].allocation=0.000 partitioning.uncoarsening.level[2].project_partition=0.000 partitioning.uncoarsening.level[2].create_graph=0.000 partitioning.uncoarsening.level[2].refinement=0.072 partitioning.uncoarsening.level[2].refinement.greedy_balancer=0.000 partitioning.uncoarsening.level[2].refinement.label_propagation=0.072 partitioning.uncoarsening.level[2].refinement.label_propagation.iteration[0]=0.032 partitioning.uncoarsening.level[2].refinement.label_propagation.iteration[1]=0.012 partitioning.uncoarsening.level[2].refinement.label_propagation.iteration[2]=0.009 partitioning.uncoarsening.level[2].refinement.label_propagation.iteration[3]=0.009 partitioning.uncoarsening.level[2].refinement.label_propagation.iteration[4]=0.007 partitioning.uncoarsening.level[1]=0.156 partitioning.uncoarsening.level[1].allocation=0.000 partitioning.uncoarsening.level[1].project_partition=0.000 partitioning.uncoarsening.level[1].create_graph=0.000 partitioning.uncoarsening.level[1].refinement=0.151 partitioning.uncoarsening.level[1].refinement.greedy_balancer=0.000 partitioning.uncoarsening.level[1].refinement.label_propagation=0.151 partitioning.uncoarsening.level[1].refinement.label_propagation.iteration[0]=0.054 partitioning.uncoarsening.level[1].refinement.label_propagation.iteration[1]=0.033 partitioning.uncoarsening.level[1].refinement.label_propagation.iteration[2]=0.024 partitioning.uncoarsening.level[1].refinement.label_propagation.iteration[3]=0.020 partitioning.uncoarsening.level[1].refinement.label_propagation.iteration[4]=0.018 partitioning.uncoarsening.level[0]=0.136 partitioning.uncoarsening.level[0].allocation=0.008 partitioning.uncoarsening.level[0].project_partition=0.001 partitioning.uncoarsening.level[0].create_graph=0.000 partitioning.uncoarsening.level[0].refinement=0.118 partitioning.uncoarsening.level[0].refinement.greedy_balancer=0.000 partitioning.uncoarsening.level[0].refinement.label_propagation=0.118 partitioning.uncoarsening.level[0].refinement.label_propagation.iteration[0]=0.049 partitioning.uncoarsening.level[0].refinement.label_propagation.iteration[1]=0.023 partitioning.uncoarsening.level[0].refinement.label_propagation.iteration[2]=0.016 partitioning.uncoarsening.level[0].refinement.label_propagation.iteration[3]=0.015 partitioning.uncoarsening.level[0].refinement.label_propagation.iteration[4]=0.013 partitioning.deallocation=0.004 partitioning.re-integrate_isolated_nodes=0.002 io=0.000 
MEMORY disabled

Global Timer: ................................... 4.761 s    
|- Read input graph: ............................ 1.983 s    
|- Partitioning: ................................ 2.774 s    
|  |- Rearrange by degree-buckets: .............. 0.052 s    
|  |  |- Sort nodes by integer buckets: ......... 0.010 s    
|  |  |- Rearrange input graph: ................. 0.034 s    
|  |  `- Deallocation: .......................... 0.004 s    
|  |- Refinement: ............................... 0.000 s    
|  |  `- Allocation: ............................ 0.000 s    
|  |- Coarsening: ............................... 1.931 s    
|  |  |- Level (0): ............................. 0.447 s    
|  |  |  |- Label Propagation: .................. 0.045 s    
|  |  |  |  |- Allocation: ...................... 0.010 s    
|  |  |  |  |- Iteration (0): ................... 0.023 s    
|  |  |  |  |  `- First phase: .................. 0.020 s    
|  |  |  |  |- Handle isolated nodes: ........... 0.000 s    
|  |  |  |  |- Handle two-hop nodes: ............ 0.000 s    
|  |  |  |  `- Free: ............................ 0.005 s    
|  |  |  `- Contract graph: ..................... 0.401 s    
|  |  |     |- Allocation: ...................... 0.000 s (3)
|  |  |     |- Preprocessing: ................... 0.012 s (3)
|  |  |     |- Deallocation: .................... 0.000 s    
|  |  |     `- Construct coarse graph: .......... 0.381 s    
|  |  |        |- Aggregate coarse edges: ....... 0.352 s    
|  |  |        |  |- First phase: ............... 0.344 s    
|  |  |        |  `- Second phase: .............. 0.000 s    
|  |  |        `- Remap coarse edges and mapping: 0.027 s    
|  |  |- Level (1): ............................. 0.723 s    
|  |  |  |- Label Propagation: .................. 0.388 s    
|  |  |  |  |- Allocation: ...................... 0.000 s    
|  |  |  |  |- Iteration (0): ................... 0.388 s    
|  |  |  |  |  |- First phase: .................. 0.385 s    
|  |  |  |  |  `- Second phase: ................. 0.001 s    
|  |  |  |  |- Handle isolated nodes: ........... 0.000 s    
|  |  |  |  `- Handle two-hop nodes: ............ 0.000 s    
|  |  |  `- Contract graph: ..................... 0.334 s    
|  |  |     |- Allocation: ...................... 0.000 s (3)
|  |  |     |- Preprocessing: ................... 0.001 s (3)
|  |  |     |- Deallocation: .................... 0.000 s    
|  |  |     `- Construct coarse graph: .......... 0.329 s    
|  |  |        |- Aggregate coarse edges: ....... 0.317 s    
|  |  |        |  |- First phase: ............... 0.234 s    
|  |  |        |  `- Second phase: .............. 0.082 s    
|  |  |        `- Remap coarse edges and mapping: 0.011 s    
|  |  |- Level (2): ............................. 0.397 s    
|  |  |  |- Label Propagation: .................. 0.321 s    
|  |  |  |  |- Iteration (0): ................... 0.321 s    
|  |  |  |  |  |- First phase: .................. 0.304 s    
|  |  |  |  |  `- Second phase: ................. 0.017 s    
|  |  |  |  |- Handle isolated nodes: ........... 0.000 s    
|  |  |  |  `- Handle two-hop nodes: ............ 0.000 s    
|  |  |  `- Contract graph: ..................... 0.075 s    
|  |  |     |- Allocation: ...................... 0.002 s (3)
|  |  |     |- Preprocessing: ................... 0.003 s (3)
|  |  |     |- Deallocation: .................... 0.000 s    
|  |  |     `- Construct coarse graph: .......... 0.068 s    
|  |  |        |- Aggregate coarse edges: ....... 0.064 s    
|  |  |        |  |- First phase: ............... 0.064 s    
|  |  |        |  `- Second phase: .............. 0.000 s    
|  |  |        `- Remap coarse edges and mapping: 0.004 s    
|  |  |- Level (3): ............................. 0.190 s    
|  |  |  |- Label Propagation: .................. 0.162 s    
|  |  |  |  |- Iteration (0): ................... 0.162 s    
|  |  |  |  |  |- First phase: .................. 0.158 s    
|  |  |  |  |  `- Second phase: ................. 0.004 s    
|  |  |  |  |- Handle isolated nodes: ........... 0.000 s    
|  |  |  |  `- Handle two-hop nodes: ............ 0.000 s    
|  |  |  `- Contract graph: ..................... 0.027 s    
|  |  |     |- Allocation: ...................... 0.000 s (3)
|  |  |     |- Preprocessing: ................... 0.000 s (3)
|  |  |     |- Deallocation: .................... 0.000 s    
|  |  |     `- Construct coarse graph: .......... 0.026 s    
|  |  |        |- Aggregate coarse edges: ....... 0.024 s    
|  |  |        |  |- First phase: ............... 0.024 s    
|  |  |        |  `- Second phase: .............. 0.000 s    
|  |  |        `- Remap coarse edges and mapping: 0.001 s    
|  |  |- Level (4): ............................. 0.120 s    
|  |  |  |- Label Propagation: .................. 0.104 s    
|  |  |  |  |- Iteration (0): ................... 0.104 s    
|  |  |  |  |  `- First phase: .................. 0.103 s    
|  |  |  |  |- Handle isolated nodes: ........... 0.000 s    
|  |  |  |  `- Handle two-hop nodes: ............ 0.000 s    
|  |  |  `- Contract graph: ..................... 0.015 s    
|  |  |     |- Allocation: ...................... 0.000 s (3)
|  |  |     |- Preprocessing: ................... 0.000 s (3)
|  |  |     |- Deallocation: .................... 0.000 s    
|  |  |     `- Construct coarse graph: .......... 0.014 s    
|  |  |        |- Aggregate coarse edges: ....... 0.013 s    
|  |  |        |  |- First phase: ............... 0.013 s    
|  |  |        |  `- Second phase: .............. 0.000 s    
|  |  |        `- Remap coarse edges and mapping: 0.000 s    
|  |  |- Level (5): ............................. 0.051 s    
|  |  |  |- Label Propagation: .................. 0.036 s    
|  |  |  |  |- Iteration (0): ................... 0.036 s    
|  |  |  |  |  `- First phase: .................. 0.036 s    
|  |  |  |  |- Handle isolated nodes: ........... 0.000 s    
|  |  |  |  `- Handle two-hop nodes: ............ 0.000 s    
|  |  |  `- Contract graph: ..................... 0.015 s    
|  |  |     |- Allocation: ...................... 0.000 s (3)
|  |  |     |- Preprocessing: ................... 0.000 s (3)
|  |  |     |- Deallocation: .................... 0.000 s    
|  |  |     `- Construct coarse graph: .......... 0.014 s    
|  |  |        |- Aggregate coarse edges: ....... 0.013 s    
|  |  |        |  |- First phase: ............... 0.013 s    
|  |  |        |  `- Second phase: .............. 0.000 s    
|  |  |        `- Remap coarse edges and mapping: 0.000 s    
|  |  `- Deallocation: .......................... 0.000 s    
|  |- Initial partitioning scheme: .............. 0.347 s    
|  |- Uncoarsening: ............................. 0.434 s    
|  |  |- Level (5): ............................. 0.007 s    
|  |  |  |- Allocation: ......................... 0.000 s    
|  |  |  |- Project partition: .................. 0.000 s    
|  |  |  |- Create graph: ....................... 0.000 s    
|  |  |  `- Refinement: ......................... 0.007 s    
|  |  |     |- Greedy Balancer: ................. 0.000 s    
|  |  |     `- Label Propagation: ............... 0.007 s    
|  |  |        |- Allocation: ................... 0.000 s    
|  |  |        |- Iteration (0): ................ 0.004 s    
|  |  |        |- Iteration (1): ................ 0.000 s    
|  |  |        |- Iteration (2): ................ 0.000 s    
|  |  |        `- Iteration (3): ................ 0.000 s    
|  |  |- Level (4): ............................. 0.020 s    
|  |  |  |- Allocation: ......................... 0.000 s    
|  |  |  |- Project partition: .................. 0.000 s    
|  |  |  |- Create graph: ....................... 0.000 s    
|  |  |  `- Refinement: ......................... 0.020 s    
|  |  |     |- Greedy Balancer: ................. 0.000 s    
|  |  |     `- Label Propagation: ............... 0.020 s    
|  |  |        |- Iteration (0): ................ 0.013 s    
|  |  |        |- Iteration (1): ................ 0.002 s    
|  |  |        |- Iteration (2): ................ 0.001 s    
|  |  |        |- Iteration (3): ................ 0.001 s    
|  |  |        `- Iteration (4): ................ 0.000 s    
|  |  |- Level (3): ............................. 0.039 s    
|  |  |  |- Allocation: ......................... 0.000 s    
|  |  |  |- Project partition: .................. 0.000 s    
|  |  |  |- Create graph: ....................... 0.000 s    
|  |  |  `- Refinement: ......................... 0.038 s    
|  |  |     |- Greedy Balancer: ................. 0.000 s    
|  |  |     `- Label Propagation: ............... 0.038 s    
|  |  |        |- Iteration (0): ................ 0.023 s    
|  |  |        |- Iteration (1): ................ 0.004 s    
|  |  |        |- Iteration (2): ................ 0.003 s    
|  |  |        |- Iteration (3): ................ 0.002 s    
|  |  |        `- Iteration (4): ................ 0.003 s    
|  |  |- Level (2): ............................. 0.074 s    
|  |  |  |- Allocation: ......................... 0.000 s    
|  |  |  |- Project partition: .................. 0.000 s    
|  |  |  |- Create graph: ....................... 0.000 s    
|  |  |  `- Refinement: ......................... 0.072 s    
|  |  |     |- Greedy Balancer: ................. 0.000 s    
|  |  |     `- Label Propagation: ............... 0.072 s    
|  |  |        |- Iteration (0): ................ 0.032 s    
|  |  |        |- Iteration (1): ................ 0.012 s    
|  |  |        |- Iteration (2): ................ 0.009 s    
|  |  |        |- Iteration (3): ................ 0.009 s    
|  |  |        `- Iteration (4): ................ 0.007 s    
|  |  |- Level (1): ............................. 0.156 s    
|  |  |  |- Allocation: ......................... 0.000 s    
|  |  |  |- Project partition: .................. 0.000 s    
|  |  |  |- Create graph: ....................... 0.000 s    
|  |  |  `- Refinement: ......................... 0.151 s    
|  |  |     |- Greedy Balancer: ................. 0.000 s    
|  |  |     `- Label Propagation: ............... 0.151 s    
|  |  |        |- Iteration (0): ................ 0.054 s    
|  |  |        |- Iteration (1): ................ 0.033 s    
|  |  |        |- Iteration (2): ................ 0.024 s    
|  |  |        |- Iteration (3): ................ 0.020 s    
|  |  |        `- Iteration (4): ................ 0.018 s    
|  |  `- Level (0): ............................. 0.136 s    
|  |     |- Allocation: ......................... 0.008 s    
|  |     |- Project partition: .................. 0.001 s    
|  |     |- Create graph: ....................... 0.000 s    
|  |     `- Refinement: ......................... 0.118 s    
|  |        |- Greedy Balancer: ................. 0.000 s    
|  |        `- Label Propagation: ............... 0.118 s    
|  |           |- Iteration (0): ................ 0.049 s    
|  |           |- Iteration (1): ................ 0.023 s    
|  |           |- Iteration (2): ................ 0.016 s    
|  |           |- Iteration (3): ................ 0.015 s    
|  |           `- Iteration (4): ................ 0.013 s    
|  |- Deallocation: ............................. 0.004 s    
|  `- Re-integrate isolated nodes: .............. 0.002 s    
`- IO: .......................................... 0.000 s    

Partition summary:
  Number of blocks: 16
  Edge cut:         26657336
  Imbalance:        0.0299931
  Feasible:         yes

Block weights:
  w(0 ) = 140386    w(1 ) = 140386    w(2 ) = 140386    w(3 ) = 140386  
  w(4 ) = 140386    w(5 ) = 86375     w(6 ) = 140385    w(7 ) = 140385  
  w(8 ) = 130467    w(9 ) = 138903    w(10) = 140386    w(11) = 140386  
  w(12) = 140385    w(13) = 140385    w(14) = 140386    w(15) = 140386  

Maximum resident set size: 4765784 KiB
