################################################################################
#                _  __       __  __  _         ____                            #
#               | |/ / __ _ |  \/  |(_) _ __  |  _ \  __ _  _ __               #
#               | ' / / _` || |\/| || || '_ \ | |_) |/ _` || '__|              #
#               | . \| (_| || |  | || || | | ||  __/| (_| || |                 #
#               |_|\_\\__,_||_|  |_||_||_| |_||_|    \__,_||_|                 #
#                                                                              #
################################################################################
Current commit hash:          99c62314d27845b3825829ec1e3e97256490627d
Assertion level:              always+light
Statistics:                   disabled
Built on:                     liskov
Data type sizes:
  Nodes IDs: 4 bytes | Node weights: 4 bytes
  Edges IDs: 4 bytes | Edge weights: 4 bytes
############################################################## Input Summary ###
Execution mode:               64
Seed:                         1
Graph:                        it-2004 [node ordering: deg-buckets] [edge ordering: natural]
  Number of nodes:              41291594 (unweighted)
  Number of edges:            2054949894 (unweighted)
Number of blocks:             16
Maximum block weight:         2658146 (2580725 + 3% / 3%)
---------------------------------------------------------- Graph Compression ---
Enabled:                      no
-------------------------------------------------------- Partitioning Scheme ---
Partitioning mode:            deep
  Deep initial part. mode:    async-parallel
  Deep initial part. load:    1
Subgraph memory:              Lazy
----------------------------------------------------------------- Coarsening ---
Contraction limit:            160
Coarsening algorithm:         clustering
  Cluster weight limit:       static-block-weight x 0.00625
  Shrink factor:              2.5
  Max mem-free level:         1
  Clustering algorithm:       lp
    Number of iterations:     1
    High degree threshold:    4294967295
    Max degree:               4294967295
    Tie breaking strategy:    uniform
    Implementation:           two-phase
      Relabel:                no
    2-hop clustering:         match-threadwise, if |Vcoarse| > 0.500000 * |V|
    Isolated nodes:           match-during-two-hop
  Forced hierarchy levels:    <none> (leeway: U=10.000000, L=1.100000)
Contraction algorithm:        unbuffered
  Implementation:             two-phase
------------------------------------------------------- Initial Partitioning ---
Adaptive algorithm selection: yes
----------------------------------------------------------------- Refinement ---
Refinement algorithms:        [greedy-balancer -> lp]
Label propagation:
  Number of iterations:       5
  Tie breaking strategy:      uniform
  Implementation:             single-phase
############################################################## Preprocessing ###
Removed 946 isolated nodes
  Remaining nodes:             41290648
  Remaining total node weight: 41290648
############################################################### Partitioning ###
Input graph:
 Number of nodes: 41290648 | Number of edges: 2054949894
 Maximum node weight: 1

Coarsening -> Level 1 [max cluster weight: 16613]:
 Total edge weight:   1976472368
 Number of nodes:     16409661 | Number of edges: 1618971866
 Maximum node weight: 16613

Coarsening -> Level 2 [max cluster weight: 16613]:
 Total edge weight:   1266672466
 Number of nodes:     6531798 | Number of edges: 287438272
 Maximum node weight: 16613

Coarsening -> Level 3 [max cluster weight: 16613]:
 Total edge weight:   650258408
 Number of nodes:     2581682 | Number of edges: 63901840
 Maximum node weight: 16613

Coarsening -> Level 4 [max cluster weight: 16613]:
 Total edge weight:   357308660
 Number of nodes:     1008631 | Number of edges: 18197288
 Maximum node weight: 16613

Coarsening -> Level 5 [max cluster weight: 16613]:
 Total edge weight:   228870348
 Number of nodes:     386448 | Number of edges: 6369456
 Maximum node weight: 16614

Coarsening -> Level 6 [max cluster weight: 16613]:
 Total edge weight:   181347386
 Number of nodes:     144476 | Number of edges: 2834174
 Maximum node weight: 16614

Coarsening -> Level 7 [max cluster weight: 16613]:
 Total edge weight:   166924968
 Number of nodes:     53469 | Number of edges: 1640210
 Maximum node weight: 16758

Coarsening -> Level 8 [max cluster weight: 16613]:
 Total edge weight:   165797022
 Number of nodes:     26111 | Number of edges: 1358268
 Maximum node weight: 33226

Coarsening -> Level 9 [max cluster weight: 16613]:
 Total edge weight:   165777336
 Number of nodes:     16915 | Number of edges: 1301216
 Maximum node weight: 33226

Coarsening -> Level 10 [max cluster weight: 16613]:
 Total edge weight:   165776614
 Number of nodes:     12786 | Number of edges: 1282312
 Maximum node weight: 33226

Coarsening -> Level 11 [max cluster weight: 16613]:
 Total edge weight:   165776568
 Number of nodes:     10170 | Number of edges: 1275038
 Maximum node weight: 33226

==> Coarsening terminated with less than 10240 nodes

Initial partitioning:
 Number of blocks: 16

Uncoarsening -> Level 10
 Number of nodes: 12786 | Number of edges: 1282312
  Running refinement on 16 blocks
   1. Greedy Balancer
   2. Label Propagation

Uncoarsening -> Level 9
 Number of nodes: 16915 | Number of edges: 1301216
  Running refinement on 16 blocks
   1. Greedy Balancer
   2. Label Propagation

Uncoarsening -> Level 8
 Number of nodes: 26111 | Number of edges: 1358268
  Running refinement on 16 blocks
   1. Greedy Balancer
   2. Label Propagation

Uncoarsening -> Level 7
 Number of nodes: 53469 | Number of edges: 1640210
  Running refinement on 16 blocks
   1. Greedy Balancer
   2. Label Propagation

Uncoarsening -> Level 6
 Number of nodes: 144476 | Number of edges: 2834174
  Running refinement on 16 blocks
   1. Greedy Balancer
   2. Label Propagation

Uncoarsening -> Level 5
 Number of nodes: 386448 | Number of edges: 6369456
  Running refinement on 16 blocks
   1. Greedy Balancer
   2. Label Propagation

Uncoarsening -> Level 4
 Number of nodes: 1008631 | Number of edges: 18197288
  Running refinement on 16 blocks
   1. Greedy Balancer
   2. Label Propagation

Uncoarsening -> Level 3
 Number of nodes: 2581682 | Number of edges: 63901840
  Running refinement on 16 blocks
   1. Greedy Balancer
   2. Label Propagation

Uncoarsening -> Level 2
 Number of nodes: 6531798 | Number of edges: 287438272
  Running refinement on 16 blocks
   1. Greedy Balancer
   2. Label Propagation

Uncoarsening -> Level 1
 Number of nodes: 16409661 | Number of edges: 1618971866
  Running refinement on 16 blocks
   1. Greedy Balancer
   2. Label Propagation

Uncoarsening -> Level 0
 Number of nodes: 41290648 | Number of edges: 2054949894
  Running refinement on 16 blocks
   1. Greedy Balancer
   2. Label Propagation
############################################################# Result Summary ###
RESULT cut=3347179 imbalance=0.0269804 feasible=1 k=16
TIME read_input_graph=19.774 partitioning=6.967 partitioning.rearrange_by_degree-buckets=0.421 partitioning.rearrange_by_degree-buckets.sort_nodes_by_integer_buckets=0.022 partitioning.rearrange_by_degree-buckets.rearrange_input_graph=0.350 partitioning.rearrange_by_degree-buckets.deallocation=0.041 partitioning.refinement=0.000 partitioning.refinement.allocation=0.000 partitioning.coarsening=5.344 partitioning.coarsening.level[0]=3.548 partitioning.coarsening.level[0].label_propagation=0.173 partitioning.coarsening.level[0].label_propagation.allocation=0.013 partitioning.coarsening.level[0].label_propagation.iteration[0]=0.135 partitioning.coarsening.level[0].label_propagation.iteration[0].first_phase=0.126 partitioning.coarsening.level[0].label_propagation.handle_isolated_nodes=0.000 partitioning.coarsening.level[0].label_propagation.handle_two-hop_nodes=0.000 partitioning.coarsening.level[0].label_propagation.free=0.009 partitioning.coarsening.level[0].contract_graph=3.373 partitioning.coarsening.level[0].contract_graph.allocation=0.002 partitioning.coarsening.level[0].contract_graph.preprocessing=0.056 partitioning.coarsening.level[0].contract_graph.deallocation=0.000 partitioning.coarsening.level[0].contract_graph.construct_coarse_graph=3.262 partitioning.coarsening.level[0].contract_graph.construct_coarse_graph.aggregate_coarse_edges=3.003 partitioning.coarsening.level[0].contract_graph.construct_coarse_graph.aggregate_coarse_edges.first_phase=2.686 partitioning.coarsening.level[0].contract_graph.construct_coarse_graph.aggregate_coarse_edges.second_phase=0.309 partitioning.coarsening.level[0].contract_graph.construct_coarse_graph.remap_coarse_edges_and_mapping=0.250 partitioning.coarsening.level[1]=1.288 partitioning.coarsening.level[1].label_propagation=0.465 partitioning.coarsening.level[1].label_propagation.allocation=0.011 partitioning.coarsening.level[1].label_propagation.iteration[0]=0.451 partitioning.coarsening.level[1].label_propagation.iteration[0].first_phase=0.331 partitioning.coarsening.level[1].label_propagation.iteration[0].second_phase=0.117 partitioning.coarsening.level[1].label_propagation.handle_isolated_nodes=0.000 partitioning.coarsening.level[1].label_propagation.handle_two-hop_nodes=0.000 partitioning.coarsening.level[1].contract_graph=0.822 partitioning.coarsening.level[1].contract_graph.allocation=0.002 partitioning.coarsening.level[1].contract_graph.preprocessing=0.030 partitioning.coarsening.level[1].contract_graph.deallocation=0.000 partitioning.coarsening.level[1].contract_graph.construct_coarse_graph=0.778 partitioning.coarsening.level[1].contract_graph.construct_coarse_graph.aggregate_coarse_edges=0.727 partitioning.coarsening.level[1].contract_graph.construct_coarse_graph.aggregate_coarse_edges.first_phase=0.633 partitioning.coarsening.level[1].contract_graph.construct_coarse_graph.aggregate_coarse_edges.second_phase=0.093 partitioning.coarsening.level[1].contract_graph.construct_coarse_graph.remap_coarse_edges_and_mapping=0.047 partitioning.coarsening.level[2]=0.306 partitioning.coarsening.level[2].label_propagation=0.092 partitioning.coarsening.level[2].label_propagation.iteration[0]=0.081 partitioning.coarsening.level[2].label_propagation.iteration[0].first_phase=0.065 partitioning.coarsening.level[2].label_propagation.iteration[0].second_phase=0.014 partitioning.coarsening.level[2].label_propagation.handle_isolated_nodes=0.000 partitioning.coarsening.level[2].label_propagation.handle_two-hop_nodes=0.000 partitioning.coarsening.level[2].contract_graph=0.214 partitioning.coarsening.level[2].contract_graph.allocation=0.000 partitioning.coarsening.level[2].contract_graph.preprocessing=0.010 partitioning.coarsening.level[2].contract_graph.deallocation=0.000 partitioning.coarsening.level[2].contract_graph.construct_coarse_graph=0.200 partitioning.coarsening.level[2].contract_graph.construct_coarse_graph.aggregate_coarse_edges=0.187 partitioning.coarsening.level[2].contract_graph.construct_coarse_graph.aggregate_coarse_edges.first_phase=0.135 partitioning.coarsening.level[2].contract_graph.construct_coarse_graph.aggregate_coarse_edges.second_phase=0.051 partitioning.coarsening.level[2].contract_graph.construct_coarse_graph.remap_coarse_edges_and_mapping=0.011 partitioning.coarsening.level[3]=0.097 partitioning.coarsening.level[3].label_propagation=0.020 partitioning.coarsening.level[3].label_propagation.iteration[0]=0.019 partitioning.coarsening.level[3].label_propagation.iteration[0].first_phase=0.015 partitioning.coarsening.level[3].label_propagation.iteration[0].second_phase=0.003 partitioning.coarsening.level[3].label_propagation.handle_isolated_nodes=0.000 partitioning.coarsening.level[3].label_propagation.handle_two-hop_nodes=0.000 partitioning.coarsening.level[3].contract_graph=0.077 partitioning.coarsening.level[3].contract_graph.allocation=0.000 partitioning.coarsening.level[3].contract_graph.preprocessing=0.003 partitioning.coarsening.level[3].contract_graph.deallocation=0.000 partitioning.coarsening.level[3].contract_graph.construct_coarse_graph=0.071 partitioning.coarsening.level[3].contract_graph.construct_coarse_graph.aggregate_coarse_edges=0.067 partitioning.coarsening.level[3].contract_graph.construct_coarse_graph.aggregate_coarse_edges.first_phase=0.047 partitioning.coarsening.level[3].contract_graph.construct_coarse_graph.aggregate_coarse_edges.second_phase=0.019 partitioning.coarsening.level[3].contract_graph.construct_coarse_graph.remap_coarse_edges_and_mapping=0.003 partitioning.coarsening.level[4]=0.039 partitioning.coarsening.level[4].label_propagation=0.009 partitioning.coarsening.level[4].label_propagation.iteration[0]=0.008 partitioning.coarsening.level[4].label_propagation.iteration[0].first_phase=0.006 partitioning.coarsening.level[4].label_propagation.iteration[0].second_phase=0.001 partitioning.coarsening.level[4].label_propagation.handle_isolated_nodes=0.000 partitioning.coarsening.level[4].label_propagation.handle_two-hop_nodes=0.000 partitioning.coarsening.level[4].contract_graph=0.030 partitioning.coarsening.level[4].contract_graph.allocation=0.000 partitioning.coarsening.level[4].contract_graph.preprocessing=0.003 partitioning.coarsening.level[4].contract_graph.deallocation=0.000 partitioning.coarsening.level[4].contract_graph.construct_coarse_graph=0.025 partitioning.coarsening.level[4].contract_graph.construct_coarse_graph.aggregate_coarse_edges=0.023 partitioning.coarsening.level[4].contract_graph.construct_coarse_graph.aggregate_coarse_edges.first_phase=0.023 partitioning.coarsening.level[4].contract_graph.construct_coarse_graph.aggregate_coarse_edges.second_phase=0.000 partitioning.coarsening.level[4].contract_graph.construct_coarse_graph.remap_coarse_edges_and_mapping=0.001 partitioning.coarsening.level[5]=0.017 partitioning.coarsening.level[5].label_propagation=0.004 partitioning.coarsening.level[5].label_propagation.iteration[0]=0.004 partitioning.coarsening.level[5].label_propagation.iteration[0].first_phase=0.004 partitioning.coarsening.level[5].label_propagation.iteration[0].second_phase=0.000 partitioning.coarsening.level[5].label_propagation.handle_isolated_nodes=0.000 partitioning.coarsening.level[5].label_propagation.handle_two-hop_nodes=0.000 partitioning.coarsening.level[5].contract_graph=0.012 partitioning.coarsening.level[5].contract_graph.allocation=0.000 partitioning.coarsening.level[5].contract_graph.preprocessing=0.000 partitioning.coarsening.level[5].contract_graph.deallocation=0.000 partitioning.coarsening.level[5].contract_graph.construct_coarse_graph=0.010 partitioning.coarsening.level[5].contract_graph.construct_coarse_graph.aggregate_coarse_edges=0.009 partitioning.coarsening.level[5].contract_graph.construct_coarse_graph.aggregate_coarse_edges.first_phase=0.009 partitioning.coarsening.level[5].contract_graph.construct_coarse_graph.aggregate_coarse_edges.second_phase=0.000 partitioning.coarsening.level[5].contract_graph.construct_coarse_graph.remap_coarse_edges_and_mapping=0.000 partitioning.coarsening.level[6]=0.012 partitioning.coarsening.level[6].label_propagation=0.003 partitioning.coarsening.level[6].label_propagation.iteration[0]=0.003 partitioning.coarsening.level[6].label_propagation.iteration[0].first_phase=0.003 partitioning.coarsening.level[6].label_propagation.handle_isolated_nodes=0.000 partitioning.coarsening.level[6].label_propagation.handle_two-hop_nodes=0.000 partitioning.coarsening.level[6].contract_graph=0.009 partitioning.coarsening.level[6].contract_graph.allocation=0.000 partitioning.coarsening.level[6].contract_graph.preprocessing=0.000 partitioning.coarsening.level[6].contract_graph.deallocation=0.000 partitioning.coarsening.level[6].contract_graph.construct_coarse_graph=0.008 partitioning.coarsening.level[6].contract_graph.construct_coarse_graph.aggregate_coarse_edges=0.008 partitioning.coarsening.level[6].contract_graph.construct_coarse_graph.aggregate_coarse_edges.first_phase=0.007 partitioning.coarsening.level[6].contract_graph.construct_coarse_graph.aggregate_coarse_edges.second_phase=0.000 partitioning.coarsening.level[6].contract_graph.construct_coarse_graph.remap_coarse_edges_and_mapping=0.000 partitioning.coarsening.level[7]=0.008 partitioning.coarsening.level[7].label_propagation=0.002 partitioning.coarsening.level[7].label_propagation.iteration[0]=0.002 partitioning.coarsening.level[7].label_propagation.iteration[0].first_phase=0.002 partitioning.coarsening.level[7].label_propagation.handle_isolated_nodes=0.000 partitioning.coarsening.level[7].label_propagation.handle_two-hop_nodes=0.000 partitioning.coarsening.level[7].contract_graph=0.005 partitioning.coarsening.level[7].contract_graph.allocation=0.000 partitioning.coarsening.level[7].contract_graph.preprocessing=0.000 partitioning.coarsening.level[7].contract_graph.deallocation=0.000 partitioning.coarsening.level[7].contract_graph.construct_coarse_graph=0.004 partitioning.coarsening.level[7].contract_graph.construct_coarse_graph.aggregate_coarse_edges=0.004 partitioning.coarsening.level[7].contract_graph.construct_coarse_graph.aggregate_coarse_edges.first_phase=0.004 partitioning.coarsening.level[7].contract_graph.construct_coarse_graph.aggregate_coarse_edges.second_phase=0.000 partitioning.coarsening.level[7].contract_graph.construct_coarse_graph.remap_coarse_edges_and_mapping=0.000 partitioning.coarsening.level[8]=0.010 partitioning.coarsening.level[8].label_propagation=0.002 partitioning.coarsening.level[8].label_propagation.iteration[0]=0.002 partitioning.coarsening.level[8].label_propagation.iteration[0].first_phase=0.002 partitioning.coarsening.level[8].label_propagation.handle_isolated_nodes=0.000 partitioning.coarsening.level[8].label_propagation.handle_two-hop_nodes=0.000 partitioning.coarsening.level[8].contract_graph=0.007 partitioning.coarsening.level[8].contract_graph.allocation=0.000 partitioning.coarsening.level[8].contract_graph.preprocessing=0.000 partitioning.coarsening.level[8].contract_graph.deallocation=0.000 partitioning.coarsening.level[8].contract_graph.construct_coarse_graph=0.007 partitioning.coarsening.level[8].contract_graph.construct_coarse_graph.aggregate_coarse_edges=0.006 partitioning.coarsening.level[8].contract_graph.construct_coarse_graph.aggregate_coarse_edges.first_phase=0.006 partitioning.coarsening.level[8].contract_graph.construct_coarse_graph.aggregate_coarse_edges.second_phase=0.000 partitioning.coarsening.level[8].contract_graph.construct_coarse_graph.remap_coarse_edges_and_mapping=0.000 partitioning.coarsening.level[9]=0.007 partitioning.coarsening.level[9].label_propagation=0.001 partitioning.coarsening.level[9].label_propagation.iteration[0]=0.001 partitioning.coarsening.level[9].label_propagation.iteration[0].first_phase=0.001 partitioning.coarsening.level[9].label_propagation.handle_isolated_nodes=0.000 partitioning.coarsening.level[9].label_propagation.handle_two-hop_nodes=0.000 partitioning.coarsening.level[9].contract_graph=0.006 partitioning.coarsening.level[9].contract_graph.allocation=0.000 partitioning.coarsening.level[9].contract_graph.preprocessing=0.000 partitioning.coarsening.level[9].contract_graph.deallocation=0.000 partitioning.coarsening.level[9].contract_graph.construct_coarse_graph=0.005 partitioning.coarsening.level[9].contract_graph.construct_coarse_graph.aggregate_coarse_edges=0.005 partitioning.coarsening.level[9].contract_graph.construct_coarse_graph.aggregate_coarse_edges.first_phase=0.005 partitioning.coarsening.level[9].contract_graph.construct_coarse_graph.aggregate_coarse_edges.second_phase=0.000 partitioning.coarsening.level[9].contract_graph.construct_coarse_graph.remap_coarse_edges_and_mapping=0.000 partitioning.coarsening.level[10]=0.005 partitioning.coarsening.level[10].label_propagation=0.000 partitioning.coarsening.level[10].label_propagation.iteration[0]=0.000 partitioning.coarsening.level[10].label_propagation.iteration[0].first_phase=0.000 partitioning.coarsening.level[10].label_propagation.handle_isolated_nodes=0.000 partitioning.coarsening.level[10].label_propagation.handle_two-hop_nodes=0.000 partitioning.coarsening.level[10].contract_graph=0.004 partitioning.coarsening.level[10].contract_graph.allocation=0.000 partitioning.coarsening.level[10].contract_graph.preprocessing=0.000 partitioning.coarsening.level[10].contract_graph.deallocation=0.000 partitioning.coarsening.level[10].contract_graph.construct_coarse_graph=0.004 partitioning.coarsening.level[10].contract_graph.construct_coarse_graph.aggregate_coarse_edges=0.004 partitioning.coarsening.level[10].contract_graph.construct_coarse_graph.aggregate_coarse_edges.first_phase=0.004 partitioning.coarsening.level[10].contract_graph.construct_coarse_graph.aggregate_coarse_edges.second_phase=0.000 partitioning.coarsening.level[10].contract_graph.construct_coarse_graph.remap_coarse_edges_and_mapping=0.000 partitioning.coarsening.deallocation=0.000 partitioning.initial_partitioning_scheme=0.208 partitioning.uncoarsening=0.971 partitioning.uncoarsening.level[10]=0.005 partitioning.uncoarsening.level[10].allocation=0.000 partitioning.uncoarsening.level[10].project_partition=0.000 partitioning.uncoarsening.level[10].create_graph=0.000 partitioning.uncoarsening.level[10].refinement=0.005 partitioning.uncoarsening.level[10].refinement.greedy_balancer=0.000 partitioning.uncoarsening.level[10].refinement.label_propagation=0.005 partitioning.uncoarsening.level[10].refinement.label_propagation.allocation=0.004 partitioning.uncoarsening.level[10].refinement.label_propagation.iteration[0]=0.000 partitioning.uncoarsening.level[10].refinement.label_propagation.iteration[1]=0.000 partitioning.uncoarsening.level[9]=0.001 partitioning.uncoarsening.level[9].allocation=0.000 partitioning.uncoarsening.level[9].project_partition=0.000 partitioning.uncoarsening.level[9].create_graph=0.000 partitioning.uncoarsening.level[9].refinement=0.001 partitioning.uncoarsening.level[9].refinement.greedy_balancer=0.000 partitioning.uncoarsening.level[9].refinement.label_propagation=0.001 partitioning.uncoarsening.level[9].refinement.label_propagation.iteration[0]=0.000 partitioning.uncoarsening.level[9].refinement.label_propagation.iteration[1]=0.000 partitioning.uncoarsening.level[9].refinement.label_propagation.iteration[2]=0.000 partitioning.uncoarsening.level[9].refinement.label_propagation.iteration[3]=0.000 partitioning.uncoarsening.level[8]=0.001 partitioning.uncoarsening.level[8].allocation=0.000 partitioning.uncoarsening.level[8].project_partition=0.000 partitioning.uncoarsening.level[8].create_graph=0.000 partitioning.uncoarsening.level[8].refinement=0.001 partitioning.uncoarsening.level[8].refinement.greedy_balancer=0.000 partitioning.uncoarsening.level[8].refinement.label_propagation=0.001 partitioning.uncoarsening.level[8].refinement.label_propagation.iteration[0]=0.000 partitioning.uncoarsening.level[8].refinement.label_propagation.iteration[1]=0.000 partitioning.uncoarsening.level[8].refinement.label_propagation.iteration[2]=0.000 partitioning.uncoarsening.level[8].refinement.label_propagation.iteration[3]=0.000 partitioning.uncoarsening.level[7]=0.006 partitioning.uncoarsening.level[7].allocation=0.000 partitioning.uncoarsening.level[7].project_partition=0.000 partitioning.uncoarsening.level[7].create_graph=0.000 partitioning.uncoarsening.level[7].refinement=0.003 partitioning.uncoarsening.level[7].refinement.greedy_balancer=0.000 partitioning.uncoarsening.level[7].refinement.label_propagation=0.003 partitioning.uncoarsening.level[7].refinement.label_propagation.iteration[0]=0.001 partitioning.uncoarsening.level[7].refinement.label_propagation.iteration[1]=0.000 partitioning.uncoarsening.level[7].refinement.label_propagation.iteration[2]=0.000 partitioning.uncoarsening.level[7].refinement.label_propagation.iteration[3]=0.000 partitioning.uncoarsening.level[7].refinement.label_propagation.iteration[4]=0.000 partitioning.uncoarsening.level[6]=0.003 partitioning.uncoarsening.level[6].allocation=0.000 partitioning.uncoarsening.level[6].project_partition=0.000 partitioning.uncoarsening.level[6].create_graph=0.000 partitioning.uncoarsening.level[6].refinement=0.003 partitioning.uncoarsening.level[6].refinement.greedy_balancer=0.000 partitioning.uncoarsening.level[6].refinement.label_propagation=0.003 partitioning.uncoarsening.level[6].refinement.label_propagation.iteration[0]=0.001 partitioning.uncoarsening.level[6].refinement.label_propagation.iteration[1]=0.000 partitioning.uncoarsening.level[6].refinement.label_propagation.iteration[2]=0.000 partitioning.uncoarsening.level[6].refinement.label_propagation.iteration[3]=0.000 partitioning.uncoarsening.level[6].refinement.label_propagation.iteration[4]=0.000 partitioning.uncoarsening.level[5]=0.006 partitioning.uncoarsening.level[5].allocation=0.000 partitioning.uncoarsening.level[5].project_partition=0.000 partitioning.uncoarsening.level[5].create_graph=0.000 partitioning.uncoarsening.level[5].refinement=0.005 partitioning.uncoarsening.level[5].refinement.greedy_balancer=0.000 partitioning.uncoarsening.level[5].refinement.label_propagation=0.005 partitioning.uncoarsening.level[5].refinement.label_propagation.iteration[0]=0.003 partitioning.uncoarsening.level[5].refinement.label_propagation.iteration[1]=0.001 partitioning.uncoarsening.level[5].refinement.label_propagation.iteration[2]=0.000 partitioning.uncoarsening.level[5].refinement.label_propagation.iteration[3]=0.000 partitioning.uncoarsening.level[5].refinement.label_propagation.iteration[4]=0.000 partitioning.uncoarsening.level[4]=0.013 partitioning.uncoarsening.level[4].allocation=0.000 partitioning.uncoarsening.level[4].project_partition=0.000 partitioning.uncoarsening.level[4].create_graph=0.000 partitioning.uncoarsening.level[4].refinement=0.011 partitioning.uncoarsening.level[4].refinement.greedy_balancer=0.000 partitioning.uncoarsening.level[4].refinement.label_propagation=0.011 partitioning.uncoarsening.level[4].refinement.label_propagation.iteration[0]=0.006 partitioning.uncoarsening.level[4].refinement.label_propagation.iteration[1]=0.001 partitioning.uncoarsening.level[4].refinement.label_propagation.iteration[2]=0.000 partitioning.uncoarsening.level[4].refinement.label_propagation.iteration[3]=0.000 partitioning.uncoarsening.level[4].refinement.label_propagation.iteration[4]=0.000 partitioning.uncoarsening.level[3]=0.030 partitioning.uncoarsening.level[3].allocation=0.004 partitioning.uncoarsening.level[3].project_partition=0.000 partitioning.uncoarsening.level[3].create_graph=0.000 partitioning.uncoarsening.level[3].refinement=0.023 partitioning.uncoarsening.level[3].refinement.greedy_balancer=0.000 partitioning.uncoarsening.level[3].refinement.label_propagation=0.023 partitioning.uncoarsening.level[3].refinement.label_propagation.iteration[0]=0.016 partitioning.uncoarsening.level[3].refinement.label_propagation.iteration[1]=0.002 partitioning.uncoarsening.level[3].refinement.label_propagation.iteration[2]=0.001 partitioning.uncoarsening.level[3].refinement.label_propagation.iteration[3]=0.000 partitioning.uncoarsening.level[3].refinement.label_propagation.iteration[4]=0.000 partitioning.uncoarsening.level[2]=0.081 partitioning.uncoarsening.level[2].allocation=0.004 partitioning.uncoarsening.level[2].project_partition=0.001 partitioning.uncoarsening.level[2].create_graph=0.000 partitioning.uncoarsening.level[2].refinement=0.072 partitioning.uncoarsening.level[2].refinement.greedy_balancer=0.000 partitioning.uncoarsening.level[2].refinement.label_propagation=0.072 partitioning.uncoarsening.level[2].refinement.label_propagation.iteration[0]=0.057 partitioning.uncoarsening.level[2].refinement.label_propagation.iteration[1]=0.008 partitioning.uncoarsening.level[2].refinement.label_propagation.iteration[2]=0.002 partitioning.uncoarsening.level[2].refinement.label_propagation.iteration[3]=0.001 partitioning.uncoarsening.level[2].refinement.label_propagation.iteration[4]=0.001 partitioning.uncoarsening.level[1]=0.389 partitioning.uncoarsening.level[1].allocation=0.004 partitioning.uncoarsening.level[1].project_partition=0.001 partitioning.uncoarsening.level[1].create_graph=0.001 partitioning.uncoarsening.level[1].refinement=0.371 partitioning.uncoarsening.level[1].refinement.greedy_balancer=0.000 partitioning.uncoarsening.level[1].refinement.label_propagation=0.371 partitioning.uncoarsening.level[1].refinement.label_propagation.iteration[0]=0.316 partitioning.uncoarsening.level[1].refinement.label_propagation.iteration[1]=0.030 partitioning.uncoarsening.level[1].refinement.label_propagation.iteration[2]=0.016 partitioning.uncoarsening.level[1].refinement.label_propagation.iteration[3]=0.003 partitioning.uncoarsening.level[1].refinement.label_propagation.iteration[4]=0.002 partitioning.uncoarsening.level[0]=0.431 partitioning.uncoarsening.level[0].allocation=0.006 partitioning.uncoarsening.level[0].project_partition=0.004 partitioning.uncoarsening.level[0].create_graph=0.002 partitioning.uncoarsening.level[0].refinement=0.363 partitioning.uncoarsening.level[0].refinement.greedy_balancer=0.000 partitioning.uncoarsening.level[0].refinement.label_propagation=0.363 partitioning.uncoarsening.level[0].refinement.label_propagation.iteration[0]=0.320 partitioning.uncoarsening.level[0].refinement.label_propagation.iteration[1]=0.025 partitioning.uncoarsening.level[0].refinement.label_propagation.iteration[2]=0.006 partitioning.uncoarsening.level[0].refinement.label_propagation.iteration[3]=0.004 partitioning.uncoarsening.level[0].refinement.label_propagation.iteration[4]=0.003 partitioning.deallocation=0.005 partitioning.re-integrate_isolated_nodes=0.013 io=0.003 
MEMORY disabled

Global Timer: ................................... 26.774 s    
|- Read input graph: ............................ 19.774 s    
|- Partitioning: ................................ 6.967 s     
|  |- Rearrange by degree-buckets: .............. 0.421 s     
|  |  |- Sort nodes by integer buckets: ......... 0.022 s     
|  |  |- Rearrange input graph: ................. 0.350 s     
|  |  `- Deallocation: .......................... 0.041 s     
|  |- Refinement: ............................... 0.000 s     
|  |  `- Allocation: ............................ 0.000 s     
|  |- Coarsening: ............................... 5.344 s     
|  |  |- Level (0): ............................. 3.548 s     
|  |  |  |- Label Propagation: .................. 0.173 s     
|  |  |  |  |- Allocation: ...................... 0.013 s     
|  |  |  |  |- Iteration (0): ................... 0.135 s     
|  |  |  |  |  `- First phase: .................. 0.126 s     
|  |  |  |  |- Handle isolated nodes: ........... 0.000 s     
|  |  |  |  |- Handle two-hop nodes: ............ 0.000 s     
|  |  |  |  `- Free: ............................ 0.009 s     
|  |  |  `- Contract graph: ..................... 3.373 s     
|  |  |     |- Allocation: ...................... 0.002 s  (3)
|  |  |     |- Preprocessing: ................... 0.056 s  (3)
|  |  |     |- Deallocation: .................... 0.000 s     
|  |  |     `- Construct coarse graph: .......... 3.262 s     
|  |  |        |- Aggregate coarse edges: ....... 3.003 s     
|  |  |        |  |- First phase: ............... 2.686 s     
|  |  |        |  `- Second phase: .............. 0.309 s     
|  |  |        `- Remap coarse edges and mapping: 0.250 s     
|  |  |- Level (1): ............................. 1.288 s     
|  |  |  |- Label Propagation: .................. 0.465 s     
|  |  |  |  |- Allocation: ...................... 0.011 s     
|  |  |  |  |- Iteration (0): ................... 0.451 s     
|  |  |  |  |  |- First phase: .................. 0.331 s     
|  |  |  |  |  `- Second phase: ................. 0.117 s     
|  |  |  |  |- Handle isolated nodes: ........... 0.000 s     
|  |  |  |  `- Handle two-hop nodes: ............ 0.000 s     
|  |  |  `- Contract graph: ..................... 0.822 s     
|  |  |     |- Allocation: ...................... 0.002 s  (3)
|  |  |     |- Preprocessing: ................... 0.030 s  (3)
|  |  |     |- Deallocation: .................... 0.000 s     
|  |  |     `- Construct coarse graph: .......... 0.778 s     
|  |  |        |- Aggregate coarse edges: ....... 0.727 s     
|  |  |        |  |- First phase: ............... 0.633 s     
|  |  |        |  `- Second phase: .............. 0.093 s     
|  |  |        `- Remap coarse edges and mapping: 0.047 s     
|  |  |- Level (2): ............................. 0.306 s     
|  |  |  |- Label Propagation: .................. 0.092 s     
|  |  |  |  |- Iteration (0): ................... 0.081 s     
|  |  |  |  |  |- First phase: .................. 0.065 s     
|  |  |  |  |  `- Second phase: ................. 0.014 s     
|  |  |  |  |- Handle isolated nodes: ........... 0.000 s     
|  |  |  |  `- Handle two-hop nodes: ............ 0.000 s     
|  |  |  `- Contract graph: ..................... 0.214 s     
|  |  |     |- Allocation: ...................... 0.000 s  (3)
|  |  |     |- Preprocessing: ................... 0.010 s  (3)
|  |  |     |- Deallocation: .................... 0.000 s     
|  |  |     `- Construct coarse graph: .......... 0.200 s     
|  |  |        |- Aggregate coarse edges: ....... 0.187 s     
|  |  |        |  |- First phase: ............... 0.135 s     
|  |  |        |  `- Second phase: .............. 0.051 s     
|  |  |        `- Remap coarse edges and mapping: 0.011 s     
|  |  |- Level (3): ............................. 0.097 s     
|  |  |  |- Label Propagation: .................. 0.020 s     
|  |  |  |  |- Iteration (0): ................... 0.019 s     
|  |  |  |  |  |- First phase: .................. 0.015 s     
|  |  |  |  |  `- Second phase: ................. 0.003 s     
|  |  |  |  |- Handle isolated nodes: ........... 0.000 s     
|  |  |  |  `- Handle two-hop nodes: ............ 0.000 s     
|  |  |  `- Contract graph: ..................... 0.077 s     
|  |  |     |- Allocation: ...................... 0.000 s  (3)
|  |  |     |- Preprocessing: ................... 0.003 s  (3)
|  |  |     |- Deallocation: .................... 0.000 s     
|  |  |     `- Construct coarse graph: .......... 0.071 s     
|  |  |        |- Aggregate coarse edges: ....... 0.067 s     
|  |  |        |  |- First phase: ............... 0.047 s     
|  |  |        |  `- Second phase: .............. 0.019 s     
|  |  |        `- Remap coarse edges and mapping: 0.003 s     
|  |  |- Level (4): ............................. 0.039 s     
|  |  |  |- Label Propagation: .................. 0.009 s     
|  |  |  |  |- Iteration (0): ................... 0.008 s     
|  |  |  |  |  |- First phase: .................. 0.006 s     
|  |  |  |  |  `- Second phase: ................. 0.001 s     
|  |  |  |  |- Handle isolated nodes: ........... 0.000 s     
|  |  |  |  `- Handle two-hop nodes: ............ 0.000 s     
|  |  |  `- Contract graph: ..................... 0.030 s     
|  |  |     |- Allocation: ...................... 0.000 s  (3)
|  |  |     |- Preprocessing: ................... 0.003 s  (3)
|  |  |     |- Deallocation: .................... 0.000 s     
|  |  |     `- Construct coarse graph: .......... 0.025 s     
|  |  |        |- Aggregate coarse edges: ....... 0.023 s     
|  |  |        |  |- First phase: ............... 0.023 s     
|  |  |        |  `- Second phase: .............. 0.000 s     
|  |  |        `- Remap coarse edges and mapping: 0.001 s     
|  |  |- Level (5): ............................. 0.017 s     
|  |  |  |- Label Propagation: .................. 0.004 s     
|  |  |  |  |- Iteration (0): ................... 0.004 s     
|  |  |  |  |  |- First phase: .................. 0.004 s     
|  |  |  |  |  `- Second phase: ................. 0.000 s     
|  |  |  |  |- Handle isolated nodes: ........... 0.000 s     
|  |  |  |  `- Handle two-hop nodes: ............ 0.000 s     
|  |  |  `- Contract graph: ..................... 0.012 s     
|  |  |     |- Allocation: ...................... 0.000 s  (3)
|  |  |     |- Preprocessing: ................... 0.000 s  (3)
|  |  |     |- Deallocation: .................... 0.000 s     
|  |  |     `- Construct coarse graph: .......... 0.010 s     
|  |  |        |- Aggregate coarse edges: ....... 0.009 s     
|  |  |        |  |- First phase: ............... 0.009 s     
|  |  |        |  `- Second phase: .............. 0.000 s     
|  |  |        `- Remap coarse edges and mapping: 0.000 s     
|  |  |- Level (6): ............................. 0.012 s     
|  |  |  |- Label Propagation: .................. 0.003 s     
|  |  |  |  |- Iteration (0): ................... 0.003 s     
|  |  |  |  |  `- First phase: .................. 0.003 s     
|  |  |  |  |- Handle isolated nodes: ........... 0.000 s     
|  |  |  |  `- Handle two-hop nodes: ............ 0.000 s     
|  |  |  `- Contract graph: ..................... 0.009 s     
|  |  |     |- Allocation: ...................... 0.000 s  (3)
|  |  |     |- Preprocessing: ................... 0.000 s  (3)
|  |  |     |- Deallocation: .................... 0.000 s     
|  |  |     `- Construct coarse graph: .......... 0.008 s     
|  |  |        |- Aggregate coarse edges: ....... 0.008 s     
|  |  |        |  |- First phase: ............... 0.007 s     
|  |  |        |  `- Second phase: .............. 0.000 s     
|  |  |        `- Remap coarse edges and mapping: 0.000 s     
|  |  |- Level (7): ............................. 0.008 s     
|  |  |  |- Label Propagation: .................. 0.002 s     
|  |  |  |  |- Iteration (0): ................... 0.002 s     
|  |  |  |  |  `- First phase: .................. 0.002 s     
|  |  |  |  |- Handle isolated nodes: ........... 0.000 s     
|  |  |  |  `- Handle two-hop nodes: ............ 0.000 s     
|  |  |  `- Contract graph: ..................... 0.005 s     
|  |  |     |- Allocation: ...................... 0.000 s  (3)
|  |  |     |- Preprocessing: ................... 0.000 s  (3)
|  |  |     |- Deallocation: .................... 0.000 s     
|  |  |     `- Construct coarse graph: .......... 0.004 s     
|  |  |        |- Aggregate coarse edges: ....... 0.004 s     
|  |  |        |  |- First phase: ............... 0.004 s     
|  |  |        |  `- Second phase: .............. 0.000 s     
|  |  |        `- Remap coarse edges and mapping: 0.000 s     
|  |  |- Level (8): ............................. 0.010 s     
|  |  |  |- Label Propagation: .................. 0.002 s     
|  |  |  |  |- Iteration (0): ................... 0.002 s     
|  |  |  |  |  `- First phase: .................. 0.002 s     
|  |  |  |  |- Handle isolated nodes: ........... 0.000 s     
|  |  |  |  `- Handle two-hop nodes: ............ 0.000 s     
|  |  |  `- Contract graph: ..................... 0.007 s     
|  |  |     |- Allocation: ...................... 0.000 s  (3)
|  |  |     |- Preprocessing: ................... 0.000 s  (3)
|  |  |     |- Deallocation: .................... 0.000 s     
|  |  |     `- Construct coarse graph: .......... 0.007 s     
|  |  |        |- Aggregate coarse edges: ....... 0.006 s     
|  |  |        |  |- First phase: ............... 0.006 s     
|  |  |        |  `- Second phase: .............. 0.000 s     
|  |  |        `- Remap coarse edges and mapping: 0.000 s     
|  |  |- Level (9): ............................. 0.007 s     
|  |  |  |- Label Propagation: .................. 0.001 s     
|  |  |  |  |- Iteration (0): ................... 0.001 s     
|  |  |  |  |  `- First phase: .................. 0.001 s     
|  |  |  |  |- Handle isolated nodes: ........... 0.000 s     
|  |  |  |  `- Handle two-hop nodes: ............ 0.000 s     
|  |  |  `- Contract graph: ..................... 0.006 s     
|  |  |     |- Allocation: ...................... 0.000 s  (3)
|  |  |     |- Preprocessing: ................... 0.000 s  (3)
|  |  |     |- Deallocation: .................... 0.000 s     
|  |  |     `- Construct coarse graph: .......... 0.005 s     
|  |  |        |- Aggregate coarse edges: ....... 0.005 s     
|  |  |        |  |- First phase: ............... 0.005 s     
|  |  |        |  `- Second phase: .............. 0.000 s     
|  |  |        `- Remap coarse edges and mapping: 0.000 s     
|  |  |- Level (10): ............................ 0.005 s     
|  |  |  |- Label Propagation: .................. 0.000 s     
|  |  |  |  |- Iteration (0): ................... 0.000 s     
|  |  |  |  |  `- First phase: .................. 0.000 s     
|  |  |  |  |- Handle isolated nodes: ........... 0.000 s     
|  |  |  |  `- Handle two-hop nodes: ............ 0.000 s     
|  |  |  `- Contract graph: ..................... 0.004 s     
|  |  |     |- Allocation: ...................... 0.000 s  (3)
|  |  |     |- Preprocessing: ................... 0.000 s  (3)
|  |  |     |- Deallocation: .................... 0.000 s     
|  |  |     `- Construct coarse graph: .......... 0.004 s     
|  |  |        |- Aggregate coarse edges: ....... 0.004 s     
|  |  |        |  |- First phase: ............... 0.004 s     
|  |  |        |  `- Second phase: .............. 0.000 s     
|  |  |        `- Remap coarse edges and mapping: 0.000 s     
|  |  `- Deallocation: .......................... 0.000 s     
|  |- Initial partitioning scheme: .............. 0.208 s     
|  |- Uncoarsening: ............................. 0.971 s     
|  |  |- Level (10): ............................ 0.005 s     
|  |  |  |- Allocation: ......................... 0.000 s     
|  |  |  |- Project partition: .................. 0.000 s     
|  |  |  |- Create graph: ....................... 0.000 s     
|  |  |  `- Refinement: ......................... 0.005 s     
|  |  |     |- Greedy Balancer: ................. 0.000 s     
|  |  |     `- Label Propagation: ............... 0.005 s     
|  |  |        |- Allocation: ................... 0.004 s     
|  |  |        |- Iteration (0): ................ 0.000 s     
|  |  |        `- Iteration (1): ................ 0.000 s     
|  |  |- Level (9): ............................. 0.001 s     
|  |  |  |- Allocation: ......................... 0.000 s     
|  |  |  |- Project partition: .................. 0.000 s     
|  |  |  |- Create graph: ....................... 0.000 s     
|  |  |  `- Refinement: ......................... 0.001 s     
|  |  |     |- Greedy Balancer: ................. 0.000 s     
|  |  |     `- Label Propagation: ............... 0.001 s     
|  |  |        |- Iteration (0): ................ 0.000 s     
|  |  |        |- Iteration (1): ................ 0.000 s     
|  |  |        |- Iteration (2): ................ 0.000 s     
|  |  |        `- Iteration (3): ................ 0.000 s     
|  |  |- Level (8): ............................. 0.001 s     
|  |  |  |- Allocation: ......................... 0.000 s     
|  |  |  |- Project partition: .................. 0.000 s     
|  |  |  |- Create graph: ....................... 0.000 s     
|  |  |  `- Refinement: ......................... 0.001 s     
|  |  |     |- Greedy Balancer: ................. 0.000 s     
|  |  |     `- Label Propagation: ............... 0.001 s     
|  |  |        |- Iteration (0): ................ 0.000 s     
|  |  |        |- Iteration (1): ................ 0.000 s     
|  |  |        |- Iteration (2): ................ 0.000 s     
|  |  |        `- Iteration (3): ................ 0.000 s     
|  |  |- Level (7): ............................. 0.006 s     
|  |  |  |- Allocation: ......................... 0.000 s     
|  |  |  |- Project partition: .................. 0.000 s     
|  |  |  |- Create graph: ....................... 0.000 s     
|  |  |  `- Refinement: ......................... 0.003 s     
|  |  |     |- Greedy Balancer: ................. 0.000 s     
|  |  |     `- Label Propagation: ............... 0.003 s     
|  |  |        |- Iteration (0): ................ 0.001 s     
|  |  |        |- Iteration (1): ................ 0.000 s     
|  |  |        |- Iteration (2): ................ 0.000 s     
|  |  |        |- Iteration (3): ................ 0.000 s     
|  |  |        `- Iteration (4): ................ 0.000 s     
|  |  |- Level (6): ............................. 0.003 s     
|  |  |  |- Allocation: ......................... 0.000 s     
|  |  |  |- Project partition: .................. 0.000 s     
|  |  |  |- Create graph: ....................... 0.000 s     
|  |  |  `- Refinement: ......................... 0.003 s     
|  |  |     |- Greedy Balancer: ................. 0.000 s     
|  |  |     `- Label Propagation: ............... 0.003 s     
|  |  |        |- Iteration (0): ................ 0.001 s     
|  |  |        |- Iteration (1): ................ 0.000 s     
|  |  |        |- Iteration (2): ................ 0.000 s     
|  |  |        |- Iteration (3): ................ 0.000 s     
|  |  |        `- Iteration (4): ................ 0.000 s     
|  |  |- Level (5): ............................. 0.006 s     
|  |  |  |- Allocation: ......................... 0.000 s     
|  |  |  |- Project partition: .................. 0.000 s     
|  |  |  |- Create graph: ....................... 0.000 s     
|  |  |  `- Refinement: ......................... 0.005 s     
|  |  |     |- Greedy Balancer: ................. 0.000 s     
|  |  |     `- Label Propagation: ............... 0.005 s     
|  |  |        |- Iteration (0): ................ 0.003 s     
|  |  |        |- Iteration (1): ................ 0.001 s     
|  |  |        |- Iteration (2): ................ 0.000 s     
|  |  |        |- Iteration (3): ................ 0.000 s     
|  |  |        `- Iteration (4): ................ 0.000 s     
|  |  |- Level (4): ............................. 0.013 s     
|  |  |  |- Allocation: ......................... 0.000 s     
|  |  |  |- Project partition: .................. 0.000 s     
|  |  |  |- Create graph: ....................... 0.000 s     
|  |  |  `- Refinement: ......................... 0.011 s     
|  |  |     |- Greedy Balancer: ................. 0.000 s     
|  |  |     `- Label Propagation: ............... 0.011 s     
|  |  |        |- Iteration (0): ................ 0.006 s     
|  |  |        |- Iteration (1): ................ 0.001 s     
|  |  |        |- Iteration (2): ................ 0.000 s     
|  |  |        |- Iteration (3): ................ 0.000 s     
|  |  |        `- Iteration (4): ................ 0.000 s     
|  |  |- Level (3): ............................. 0.030 s     
|  |  |  |- Allocation: ......................... 0.004 s     
|  |  |  |- Project partition: .................. 0.000 s     
|  |  |  |- Create graph: ....................... 0.000 s     
|  |  |  `- Refinement: ......................... 0.023 s     
|  |  |     |- Greedy Balancer: ................. 0.000 s     
|  |  |     `- Label Propagation: ............... 0.023 s     
|  |  |        |- Iteration (0): ................ 0.016 s     
|  |  |        |- Iteration (1): ................ 0.002 s     
|  |  |        |- Iteration (2): ................ 0.001 s     
|  |  |        |- Iteration (3): ................ 0.000 s     
|  |  |        `- Iteration (4): ................ 0.000 s     
|  |  |- Level (2): ............................. 0.081 s     
|  |  |  |- Allocation: ......................... 0.004 s     
|  |  |  |- Project partition: .................. 0.001 s     
|  |  |  |- Create graph: ....................... 0.000 s     
|  |  |  `- Refinement: ......................... 0.072 s     
|  |  |     |- Greedy Balancer: ................. 0.000 s     
|  |  |     `- Label Propagation: ............... 0.072 s     
|  |  |        |- Iteration (0): ................ 0.057 s     
|  |  |        |- Iteration (1): ................ 0.008 s     
|  |  |        |- Iteration (2): ................ 0.002 s     
|  |  |        |- Iteration (3): ................ 0.001 s     
|  |  |        `- Iteration (4): ................ 0.001 s     
|  |  |- Level (1): ............................. 0.389 s     
|  |  |  |- Allocation: ......................... 0.004 s     
|  |  |  |- Project partition: .................. 0.001 s     
|  |  |  |- Create graph: ....................... 0.001 s     
|  |  |  `- Refinement: ......................... 0.371 s     
|  |  |     |- Greedy Balancer: ................. 0.000 s     
|  |  |     `- Label Propagation: ............... 0.371 s     
|  |  |        |- Iteration (0): ................ 0.316 s     
|  |  |        |- Iteration (1): ................ 0.030 s     
|  |  |        |- Iteration (2): ................ 0.016 s     
|  |  |        |- Iteration (3): ................ 0.003 s     
|  |  |        `- Iteration (4): ................ 0.002 s     
|  |  `- Level (0): ............................. 0.431 s     
|  |     |- Allocation: ......................... 0.006 s     
|  |     |- Project partition: .................. 0.004 s     
|  |     |- Create graph: ....................... 0.002 s     
|  |     `- Refinement: ......................... 0.363 s     
|  |        |- Greedy Balancer: ................. 0.000 s     
|  |        `- Label Propagation: ............... 0.363 s     
|  |           |- Iteration (0): ................ 0.320 s     
|  |           |- Iteration (1): ................ 0.025 s     
|  |           |- Iteration (2): ................ 0.006 s     
|  |           |- Iteration (3): ................ 0.004 s     
|  |           `- Iteration (4): ................ 0.003 s     
|  |- Deallocation: ............................. 0.005 s     
|  `- Re-integrate isolated nodes: .............. 0.013 s     
`- IO: .......................................... 0.003 s     

Partition summary:
  Number of blocks: 16
  Edge cut:         3347179
  Imbalance:        0.0269804
  Feasible:         yes

Block weights:
  w(0 ) = 2476382    w(1 ) = 2474420    w(2 ) = 2650354    w(3 ) = 2600977  
  w(4 ) = 2417926    w(5 ) = 2306077    w(6 ) = 2649869    w(7 ) = 2514398  
  w(8 ) = 2650137    w(9 ) = 2650136    w(10) = 2650138    w(11) = 2650130  
  w(12) = 2650139    w(13) = 2650166    w(14) = 2650137    w(15) = 2650208  

Maximum resident set size: 25927084 KiB
