################################################################################
#                _  __       __  __  _         ____                            #
#               | |/ / __ _ |  \/  |(_) _ __  |  _ \  __ _  _ __               #
#               | ' / / _` || |\/| || || '_ \ | |_) |/ _` || '__|              #
#               | . \| (_| || |  | || || | | ||  __/| (_| || |                 #
#               |_|\_\\__,_||_|  |_||_||_| |_||_|    \__,_||_|                 #
#                                                                              #
################################################################################
Current commit hash:          99c62314d27845b3825829ec1e3e97256490627d
Assertion level:              always+light
Statistics:                   disabled
Built on:                     liskov
Data type sizes:
  Nodes IDs: 4 bytes | Node weights: 4 bytes
  Edges IDs: 4 bytes | Edge weights: 4 bytes
############################################################## Input Summary ###
Execution mode:               64
Seed:                         1
Graph:                        itwiki-2013 [node ordering: deg-buckets] [edge ordering: natural]
  Number of nodes:             1016867 (unweighted)
  Number of edges:            46859288 (unweighted)
Number of blocks:             16
Maximum block weight:         65461 (63555 + 3% / 3%)
---------------------------------------------------------- Graph Compression ---
Enabled:                      no
-------------------------------------------------------- Partitioning Scheme ---
Partitioning mode:            deep
  Deep initial part. mode:    async-parallel
  Deep initial part. load:    1
Subgraph memory:              Lazy
----------------------------------------------------------------- Coarsening ---
Contraction limit:            160
Coarsening algorithm:         clustering
  Cluster weight limit:       static-block-weight x 0.00625
  Shrink factor:              2.5
  Max mem-free level:         1
  Clustering algorithm:       lp
    Number of iterations:     1
    High degree threshold:    4294967295
    Max degree:               4294967295
    Tie breaking strategy:    uniform
    Implementation:           two-phase
      Relabel:                no
    2-hop clustering:         match-threadwise, if |Vcoarse| > 0.500000 * |V|
    Isolated nodes:           match-during-two-hop
  Forced hierarchy levels:    <none> (leeway: U=10.000000, L=1.100000)
Contraction algorithm:        unbuffered
  Implementation:             two-phase
------------------------------------------------------- Initial Partitioning ---
Adaptive algorithm selection: yes
----------------------------------------------------------------- Refinement ---
Refinement algorithms:        [greedy-balancer -> lp]
Label propagation:
  Number of iterations:       5
  Tie breaking strategy:      uniform
  Implementation:             single-phase
############################################################## Preprocessing ###
Removed 688 isolated nodes
  Remaining nodes:             1016179
  Remaining total node weight: 1016179
############################################################### Partitioning ###
Input graph:
 Number of nodes: 1016179 | Number of edges: 46859288
 Maximum node weight: 1

Coarsening -> Level 1 [max cluster weight: 409]:
 Total edge weight:   45310146
 Number of nodes:     390706 | Number of edges: 39038788
 Maximum node weight: 410

Coarsening -> Level 2 [max cluster weight: 409]:
 Total edge weight:   42675744
 Number of nodes:     151955 | Number of edges: 18947026
 Maximum node weight: 410

Coarsening -> Level 3 [max cluster weight: 409]:
 Total edge weight:   41321646
 Number of nodes:     58091 | Number of edges: 9737492
 Maximum node weight: 411

Coarsening -> Level 4 [max cluster weight: 409]:
 Total edge weight:   40846988
 Number of nodes:     22341 | Number of edges: 5747786
 Maximum node weight: 818

Coarsening -> Level 5 [max cluster weight: 409]:
 Total edge weight:   40708214
 Number of nodes:     9766 | Number of edges: 4162176
 Maximum node weight: 818

==> Coarsening terminated with less than 10240 nodes

Initial partitioning:
 Number of blocks: 16

Uncoarsening -> Level 4
 Number of nodes: 22341 | Number of edges: 5747786
  Running refinement on 16 blocks
   1. Greedy Balancer
   2. Label Propagation

Uncoarsening -> Level 3
 Number of nodes: 58091 | Number of edges: 9737492
  Running refinement on 16 blocks
   1. Greedy Balancer
   2. Label Propagation

Uncoarsening -> Level 2
 Number of nodes: 151955 | Number of edges: 18947026
  Running refinement on 16 blocks
   1. Greedy Balancer
   2. Label Propagation

Uncoarsening -> Level 1
 Number of nodes: 390706 | Number of edges: 39038788
  Running refinement on 16 blocks
   1. Greedy Balancer
   2. Label Propagation

Uncoarsening -> Level 0
 Number of nodes: 1016179 | Number of edges: 46859288
  Running refinement on 16 blocks
   1. Greedy Balancer
   2. Label Propagation
############################################################# Result Summary ###
RESULT cut=9321375 imbalance=0.0299898 feasible=1 k=16
TIME read_input_graph=0.407 partitioning=1.320 partitioning.rearrange_by_degree-buckets=0.041 partitioning.rearrange_by_degree-buckets.sort_nodes_by_integer_buckets=0.013 partitioning.rearrange_by_degree-buckets.rearrange_input_graph=0.025 partitioning.rearrange_by_degree-buckets.deallocation=0.000 partitioning.refinement=0.000 partitioning.refinement.allocation=0.000 partitioning.coarsening=0.667 partitioning.coarsening.level[0]=0.190 partitioning.coarsening.level[0].label_propagation=0.056 partitioning.coarsening.level[0].label_propagation.allocation=0.010 partitioning.coarsening.level[0].label_propagation.iteration[0]=0.039 partitioning.coarsening.level[0].label_propagation.iteration[0].first_phase=0.037 partitioning.coarsening.level[0].label_propagation.handle_isolated_nodes=0.000 partitioning.coarsening.level[0].label_propagation.handle_two-hop_nodes=0.000 partitioning.coarsening.level[0].label_propagation.free=0.005 partitioning.coarsening.level[0].contract_graph=0.133 partitioning.coarsening.level[0].contract_graph.allocation=0.000 partitioning.coarsening.level[0].contract_graph.preprocessing=0.010 partitioning.coarsening.level[0].contract_graph.deallocation=0.000 partitioning.coarsening.level[0].contract_graph.construct_coarse_graph=0.121 partitioning.coarsening.level[0].contract_graph.construct_coarse_graph.aggregate_coarse_edges=0.113 partitioning.coarsening.level[0].contract_graph.construct_coarse_graph.aggregate_coarse_edges.first_phase=0.077 partitioning.coarsening.level[0].contract_graph.construct_coarse_graph.aggregate_coarse_edges.second_phase=0.028 partitioning.coarsening.level[0].contract_graph.construct_coarse_graph.remap_coarse_edges_and_mapping=0.007 partitioning.coarsening.level[1]=0.193 partitioning.coarsening.level[1].label_propagation=0.134 partitioning.coarsening.level[1].label_propagation.allocation=0.000 partitioning.coarsening.level[1].label_propagation.iteration[0]=0.133 partitioning.coarsening.level[1].label_propagation.iteration[0].first_phase=0.121 partitioning.coarsening.level[1].label_propagation.iteration[0].second_phase=0.011 partitioning.coarsening.level[1].label_propagation.handle_isolated_nodes=0.000 partitioning.coarsening.level[1].label_propagation.handle_two-hop_nodes=0.000 partitioning.coarsening.level[1].contract_graph=0.059 partitioning.coarsening.level[1].contract_graph.allocation=0.000 partitioning.coarsening.level[1].contract_graph.preprocessing=0.004 partitioning.coarsening.level[1].contract_graph.deallocation=0.000 partitioning.coarsening.level[1].contract_graph.construct_coarse_graph=0.054 partitioning.coarsening.level[1].contract_graph.construct_coarse_graph.aggregate_coarse_edges=0.051 partitioning.coarsening.level[1].contract_graph.construct_coarse_graph.aggregate_coarse_edges.first_phase=0.048 partitioning.coarsening.level[1].contract_graph.construct_coarse_graph.aggregate_coarse_edges.second_phase=0.002 partitioning.coarsening.level[1].contract_graph.construct_coarse_graph.remap_coarse_edges_and_mapping=0.003 partitioning.coarsening.level[2]=0.124 partitioning.coarsening.level[2].label_propagation=0.095 partitioning.coarsening.level[2].label_propagation.iteration[0]=0.095 partitioning.coarsening.level[2].label_propagation.iteration[0].first_phase=0.090 partitioning.coarsening.level[2].label_propagation.iteration[0].second_phase=0.005 partitioning.coarsening.level[2].label_propagation.handle_isolated_nodes=0.000 partitioning.coarsening.level[2].label_propagation.handle_two-hop_nodes=0.000 partitioning.coarsening.level[2].contract_graph=0.028 partitioning.coarsening.level[2].contract_graph.allocation=0.000 partitioning.coarsening.level[2].contract_graph.preprocessing=0.001 partitioning.coarsening.level[2].contract_graph.deallocation=0.000 partitioning.coarsening.level[2].contract_graph.construct_coarse_graph=0.025 partitioning.coarsening.level[2].contract_graph.construct_coarse_graph.aggregate_coarse_edges=0.024 partitioning.coarsening.level[2].contract_graph.construct_coarse_graph.aggregate_coarse_edges.first_phase=0.023 partitioning.coarsening.level[2].contract_graph.construct_coarse_graph.aggregate_coarse_edges.second_phase=0.000 partitioning.coarsening.level[2].contract_graph.construct_coarse_graph.remap_coarse_edges_and_mapping=0.001 partitioning.coarsening.level[3]=0.087 partitioning.coarsening.level[3].label_propagation=0.070 partitioning.coarsening.level[3].label_propagation.iteration[0]=0.070 partitioning.coarsening.level[3].label_propagation.iteration[0].first_phase=0.069 partitioning.coarsening.level[3].label_propagation.iteration[0].second_phase=0.000 partitioning.coarsening.level[3].label_propagation.handle_isolated_nodes=0.000 partitioning.coarsening.level[3].label_propagation.handle_two-hop_nodes=0.000 partitioning.coarsening.level[3].contract_graph=0.016 partitioning.coarsening.level[3].contract_graph.allocation=0.000 partitioning.coarsening.level[3].contract_graph.preprocessing=0.000 partitioning.coarsening.level[3].contract_graph.deallocation=0.000 partitioning.coarsening.level[3].contract_graph.construct_coarse_graph=0.015 partitioning.coarsening.level[3].contract_graph.construct_coarse_graph.aggregate_coarse_edges=0.014 partitioning.coarsening.level[3].contract_graph.construct_coarse_graph.aggregate_coarse_edges.first_phase=0.014 partitioning.coarsening.level[3].contract_graph.construct_coarse_graph.aggregate_coarse_edges.second_phase=0.000 partitioning.coarsening.level[3].contract_graph.construct_coarse_graph.remap_coarse_edges_and_mapping=0.000 partitioning.coarsening.level[4]=0.072 partitioning.coarsening.level[4].label_propagation=0.057 partitioning.coarsening.level[4].label_propagation.iteration[0]=0.057 partitioning.coarsening.level[4].label_propagation.iteration[0].first_phase=0.057 partitioning.coarsening.level[4].label_propagation.handle_isolated_nodes=0.000 partitioning.coarsening.level[4].label_propagation.handle_two-hop_nodes=0.000 partitioning.coarsening.level[4].contract_graph=0.014 partitioning.coarsening.level[4].contract_graph.allocation=0.000 partitioning.coarsening.level[4].contract_graph.preprocessing=0.000 partitioning.coarsening.level[4].contract_graph.deallocation=0.000 partitioning.coarsening.level[4].contract_graph.construct_coarse_graph=0.013 partitioning.coarsening.level[4].contract_graph.construct_coarse_graph.aggregate_coarse_edges=0.012 partitioning.coarsening.level[4].contract_graph.construct_coarse_graph.aggregate_coarse_edges.first_phase=0.012 partitioning.coarsening.level[4].contract_graph.construct_coarse_graph.aggregate_coarse_edges.second_phase=0.000 partitioning.coarsening.level[4].contract_graph.construct_coarse_graph.remap_coarse_edges_and_mapping=0.000 partitioning.coarsening.deallocation=0.000 partitioning.initial_partitioning_scheme=0.418 partitioning.uncoarsening=0.184 partitioning.uncoarsening.level[4]=0.013 partitioning.uncoarsening.level[4].allocation=0.000 partitioning.uncoarsening.level[4].project_partition=0.000 partitioning.uncoarsening.level[4].create_graph=0.000 partitioning.uncoarsening.level[4].refinement=0.012 partitioning.uncoarsening.level[4].refinement.greedy_balancer=0.000 partitioning.uncoarsening.level[4].refinement.label_propagation=0.012 partitioning.uncoarsening.level[4].refinement.label_propagation.allocation=0.000 partitioning.uncoarsening.level[4].refinement.label_propagation.iteration[0]=0.008 partitioning.uncoarsening.level[4].refinement.label_propagation.iteration[1]=0.001 partitioning.uncoarsening.level[4].refinement.label_propagation.iteration[2]=0.000 partitioning.uncoarsening.level[4].refinement.label_propagation.iteration[3]=0.000 partitioning.uncoarsening.level[4].refinement.label_propagation.iteration[4]=0.000 partitioning.uncoarsening.level[3]=0.022 partitioning.uncoarsening.level[3].allocation=0.000 partitioning.uncoarsening.level[3].project_partition=0.000 partitioning.uncoarsening.level[3].create_graph=0.000 partitioning.uncoarsening.level[3].refinement=0.021 partitioning.uncoarsening.level[3].refinement.greedy_balancer=0.000 partitioning.uncoarsening.level[3].refinement.label_propagation=0.021 partitioning.uncoarsening.level[3].refinement.label_propagation.iteration[0]=0.015 partitioning.uncoarsening.level[3].refinement.label_propagation.iteration[1]=0.002 partitioning.uncoarsening.level[3].refinement.label_propagation.iteration[2]=0.001 partitioning.uncoarsening.level[3].refinement.label_propagation.iteration[3]=0.001 partitioning.uncoarsening.level[3].refinement.label_propagation.iteration[4]=0.000 partitioning.uncoarsening.level[2]=0.028 partitioning.uncoarsening.level[2].allocation=0.000 partitioning.uncoarsening.level[2].project_partition=0.000 partitioning.uncoarsening.level[2].create_graph=0.000 partitioning.uncoarsening.level[2].refinement=0.026 partitioning.uncoarsening.level[2].refinement.greedy_balancer=0.000 partitioning.uncoarsening.level[2].refinement.label_propagation=0.026 partitioning.uncoarsening.level[2].refinement.label_propagation.iteration[0]=0.015 partitioning.uncoarsening.level[2].refinement.label_propagation.iteration[1]=0.003 partitioning.uncoarsening.level[2].refinement.label_propagation.iteration[2]=0.002 partitioning.uncoarsening.level[2].refinement.label_propagation.iteration[3]=0.002 partitioning.uncoarsening.level[2].refinement.label_propagation.iteration[4]=0.001 partitioning.uncoarsening.level[1]=0.051 partitioning.uncoarsening.level[1].allocation=0.000 partitioning.uncoarsening.level[1].project_partition=0.000 partitioning.uncoarsening.level[1].create_graph=0.000 partitioning.uncoarsening.level[1].refinement=0.049 partitioning.uncoarsening.level[1].refinement.greedy_balancer=0.000 partitioning.uncoarsening.level[1].refinement.label_propagation=0.049 partitioning.uncoarsening.level[1].refinement.label_propagation.iteration[0]=0.025 partitioning.uncoarsening.level[1].refinement.label_propagation.iteration[1]=0.008 partitioning.uncoarsening.level[1].refinement.label_propagation.iteration[2]=0.006 partitioning.uncoarsening.level[1].refinement.label_propagation.iteration[3]=0.005 partitioning.uncoarsening.level[1].refinement.label_propagation.iteration[4]=0.004 partitioning.uncoarsening.level[0]=0.068 partitioning.uncoarsening.level[0].allocation=0.004 partitioning.uncoarsening.level[0].project_partition=0.000 partitioning.uncoarsening.level[0].create_graph=0.000 partitioning.uncoarsening.level[0].refinement=0.061 partitioning.uncoarsening.level[0].refinement.greedy_balancer=0.000 partitioning.uncoarsening.level[0].refinement.label_propagation=0.061 partitioning.uncoarsening.level[0].refinement.label_propagation.iteration[0]=0.034 partitioning.uncoarsening.level[0].refinement.label_propagation.iteration[1]=0.014 partitioning.uncoarsening.level[0].refinement.label_propagation.iteration[2]=0.005 partitioning.uncoarsening.level[0].refinement.label_propagation.iteration[3]=0.003 partitioning.uncoarsening.level[0].refinement.label_propagation.iteration[4]=0.003 partitioning.deallocation=0.006 partitioning.re-integrate_isolated_nodes=0.000 io=0.000 
MEMORY disabled

Global Timer: ................................... 1.729 s    
|- Read input graph: ............................ 0.407 s    
|- Partitioning: ................................ 1.320 s    
|  |- Rearrange by degree-buckets: .............. 0.041 s    
|  |  |- Sort nodes by integer buckets: ......... 0.013 s    
|  |  |- Rearrange input graph: ................. 0.025 s    
|  |  `- Deallocation: .......................... 0.000 s    
|  |- Refinement: ............................... 0.000 s    
|  |  `- Allocation: ............................ 0.000 s    
|  |- Coarsening: ............................... 0.667 s    
|  |  |- Level (0): ............................. 0.190 s    
|  |  |  |- Label Propagation: .................. 0.056 s    
|  |  |  |  |- Allocation: ...................... 0.010 s    
|  |  |  |  |- Iteration (0): ................... 0.039 s    
|  |  |  |  |  `- First phase: .................. 0.037 s    
|  |  |  |  |- Handle isolated nodes: ........... 0.000 s    
|  |  |  |  |- Handle two-hop nodes: ............ 0.000 s    
|  |  |  |  `- Free: ............................ 0.005 s    
|  |  |  `- Contract graph: ..................... 0.133 s    
|  |  |     |- Allocation: ...................... 0.000 s (3)
|  |  |     |- Preprocessing: ................... 0.010 s (3)
|  |  |     |- Deallocation: .................... 0.000 s    
|  |  |     `- Construct coarse graph: .......... 0.121 s    
|  |  |        |- Aggregate coarse edges: ....... 0.113 s    
|  |  |        |  |- First phase: ............... 0.077 s    
|  |  |        |  `- Second phase: .............. 0.028 s    
|  |  |        `- Remap coarse edges and mapping: 0.007 s    
|  |  |- Level (1): ............................. 0.193 s    
|  |  |  |- Label Propagation: .................. 0.134 s    
|  |  |  |  |- Allocation: ...................... 0.000 s    
|  |  |  |  |- Iteration (0): ................... 0.133 s    
|  |  |  |  |  |- First phase: .................. 0.121 s    
|  |  |  |  |  `- Second phase: ................. 0.011 s    
|  |  |  |  |- Handle isolated nodes: ........... 0.000 s    
|  |  |  |  `- Handle two-hop nodes: ............ 0.000 s    
|  |  |  `- Contract graph: ..................... 0.059 s    
|  |  |     |- Allocation: ...................... 0.000 s (3)
|  |  |     |- Preprocessing: ................... 0.004 s (3)
|  |  |     |- Deallocation: .................... 0.000 s    
|  |  |     `- Construct coarse graph: .......... 0.054 s    
|  |  |        |- Aggregate coarse edges: ....... 0.051 s    
|  |  |        |  |- First phase: ............... 0.048 s    
|  |  |        |  `- Second phase: .............. 0.002 s    
|  |  |        `- Remap coarse edges and mapping: 0.003 s    
|  |  |- Level (2): ............................. 0.124 s    
|  |  |  |- Label Propagation: .................. 0.095 s    
|  |  |  |  |- Iteration (0): ................... 0.095 s    
|  |  |  |  |  |- First phase: .................. 0.090 s    
|  |  |  |  |  `- Second phase: ................. 0.005 s    
|  |  |  |  |- Handle isolated nodes: ........... 0.000 s    
|  |  |  |  `- Handle two-hop nodes: ............ 0.000 s    
|  |  |  `- Contract graph: ..................... 0.028 s    
|  |  |     |- Allocation: ...................... 0.000 s (3)
|  |  |     |- Preprocessing: ................... 0.001 s (3)
|  |  |     |- Deallocation: .................... 0.000 s    
|  |  |     `- Construct coarse graph: .......... 0.025 s    
|  |  |        |- Aggregate coarse edges: ....... 0.024 s    
|  |  |        |  |- First phase: ............... 0.023 s    
|  |  |        |  `- Second phase: .............. 0.000 s    
|  |  |        `- Remap coarse edges and mapping: 0.001 s    
|  |  |- Level (3): ............................. 0.087 s    
|  |  |  |- Label Propagation: .................. 0.070 s    
|  |  |  |  |- Iteration (0): ................... 0.070 s    
|  |  |  |  |  |- First phase: .................. 0.069 s    
|  |  |  |  |  `- Second phase: ................. 0.000 s    
|  |  |  |  |- Handle isolated nodes: ........... 0.000 s    
|  |  |  |  `- Handle two-hop nodes: ............ 0.000 s    
|  |  |  `- Contract graph: ..................... 0.016 s    
|  |  |     |- Allocation: ...................... 0.000 s (3)
|  |  |     |- Preprocessing: ................... 0.000 s (3)
|  |  |     |- Deallocation: .................... 0.000 s    
|  |  |     `- Construct coarse graph: .......... 0.015 s    
|  |  |        |- Aggregate coarse edges: ....... 0.014 s    
|  |  |        |  |- First phase: ............... 0.014 s    
|  |  |        |  `- Second phase: .............. 0.000 s    
|  |  |        `- Remap coarse edges and mapping: 0.000 s    
|  |  |- Level (4): ............................. 0.072 s    
|  |  |  |- Label Propagation: .................. 0.057 s    
|  |  |  |  |- Iteration (0): ................... 0.057 s    
|  |  |  |  |  `- First phase: .................. 0.057 s    
|  |  |  |  |- Handle isolated nodes: ........... 0.000 s    
|  |  |  |  `- Handle two-hop nodes: ............ 0.000 s    
|  |  |  `- Contract graph: ..................... 0.014 s    
|  |  |     |- Allocation: ...................... 0.000 s (3)
|  |  |     |- Preprocessing: ................... 0.000 s (3)
|  |  |     |- Deallocation: .................... 0.000 s    
|  |  |     `- Construct coarse graph: .......... 0.013 s    
|  |  |        |- Aggregate coarse edges: ....... 0.012 s    
|  |  |        |  |- First phase: ............... 0.012 s    
|  |  |        |  `- Second phase: .............. 0.000 s    
|  |  |        `- Remap coarse edges and mapping: 0.000 s    
|  |  `- Deallocation: .......................... 0.000 s    
|  |- Initial partitioning scheme: .............. 0.418 s    
|  |- Uncoarsening: ............................. 0.184 s    
|  |  |- Level (4): ............................. 0.013 s    
|  |  |  |- Allocation: ......................... 0.000 s    
|  |  |  |- Project partition: .................. 0.000 s    
|  |  |  |- Create graph: ....................... 0.000 s    
|  |  |  `- Refinement: ......................... 0.012 s    
|  |  |     |- Greedy Balancer: ................. 0.000 s    
|  |  |     `- Label Propagation: ............... 0.012 s    
|  |  |        |- Allocation: ................... 0.000 s    
|  |  |        |- Iteration (0): ................ 0.008 s    
|  |  |        |- Iteration (1): ................ 0.001 s    
|  |  |        |- Iteration (2): ................ 0.000 s    
|  |  |        |- Iteration (3): ................ 0.000 s    
|  |  |        `- Iteration (4): ................ 0.000 s    
|  |  |- Level (3): ............................. 0.022 s    
|  |  |  |- Allocation: ......................... 0.000 s    
|  |  |  |- Project partition: .................. 0.000 s    
|  |  |  |- Create graph: ....................... 0.000 s    
|  |  |  `- Refinement: ......................... 0.021 s    
|  |  |     |- Greedy Balancer: ................. 0.000 s    
|  |  |     `- Label Propagation: ............... 0.021 s    
|  |  |        |- Iteration (0): ................ 0.015 s    
|  |  |        |- Iteration (1): ................ 0.002 s    
|  |  |        |- Iteration (2): ................ 0.001 s    
|  |  |        |- Iteration (3): ................ 0.001 s    
|  |  |        `- Iteration (4): ................ 0.000 s    
|  |  |- Level (2): ............................. 0.028 s    
|  |  |  |- Allocation: ......................... 0.000 s    
|  |  |  |- Project partition: .................. 0.000 s    
|  |  |  |- Create graph: ....................... 0.000 s    
|  |  |  `- Refinement: ......................... 0.026 s    
|  |  |     |- Greedy Balancer: ................. 0.000 s    
|  |  |     `- Label Propagation: ............... 0.026 s    
|  |  |        |- Iteration (0): ................ 0.015 s    
|  |  |        |- Iteration (1): ................ 0.003 s    
|  |  |        |- Iteration (2): ................ 0.002 s    
|  |  |        |- Iteration (3): ................ 0.002 s    
|  |  |        `- Iteration (4): ................ 0.001 s    
|  |  |- Level (1): ............................. 0.051 s    
|  |  |  |- Allocation: ......................... 0.000 s    
|  |  |  |- Project partition: .................. 0.000 s    
|  |  |  |- Create graph: ....................... 0.000 s    
|  |  |  `- Refinement: ......................... 0.049 s    
|  |  |     |- Greedy Balancer: ................. 0.000 s    
|  |  |     `- Label Propagation: ............... 0.049 s    
|  |  |        |- Iteration (0): ................ 0.025 s    
|  |  |        |- Iteration (1): ................ 0.008 s    
|  |  |        |- Iteration (2): ................ 0.006 s    
|  |  |        |- Iteration (3): ................ 0.005 s    
|  |  |        `- Iteration (4): ................ 0.004 s    
|  |  `- Level (0): ............................. 0.068 s    
|  |     |- Allocation: ......................... 0.004 s    
|  |     |- Project partition: .................. 0.000 s    
|  |     |- Create graph: ....................... 0.000 s    
|  |     `- Refinement: ......................... 0.061 s    
|  |        |- Greedy Balancer: ................. 0.000 s    
|  |        `- Label Propagation: ............... 0.061 s    
|  |           |- Iteration (0): ................ 0.034 s    
|  |           |- Iteration (1): ................ 0.014 s    
|  |           |- Iteration (2): ................ 0.005 s    
|  |           |- Iteration (3): ................ 0.003 s    
|  |           `- Iteration (4): ................ 0.003 s    
|  |- Deallocation: ............................. 0.006 s    
|  `- Re-integrate isolated nodes: .............. 0.000 s    
`- IO: .......................................... 0.000 s    

Partition summary:
  Number of blocks: 16
  Edge cut:         9321375
  Imbalance:        0.0299898
  Feasible:         yes

Block weights:
  w(0 ) = 65461     w(1 ) = 65461     w(2 ) = 65461     w(3 ) = 64059   
  w(4 ) = 61459     w(5 ) = 53675     w(6 ) = 65460     w(7 ) = 65460   
  w(8 ) = 65460     w(9 ) = 61058     w(10) = 65460     w(11) = 61202   
  w(12) = 65460     w(13) = 60811     w(14) = 65460     w(15) = 65460   

Maximum resident set size: 2477096 KiB
