################################################################################
#                _  __       __  __  _         ____                            #
#               | |/ / __ _ |  \/  |(_) _ __  |  _ \  __ _  _ __               #
#               | ' / / _` || |\/| || || '_ \ | |_) |/ _` || '__|              #
#               | . \| (_| || |  | || || | | ||  __/| (_| || |                 #
#               |_|\_\\__,_||_|  |_||_||_| |_||_|    \__,_||_|                 #
#                                                                              #
################################################################################
Current commit hash:          99c62314d27845b3825829ec1e3e97256490627d
Assertion level:              always+light
Statistics:                   disabled
Built on:                     liskov
Data type sizes:
  Nodes IDs: 4 bytes | Node weights: 4 bytes
  Edges IDs: 4 bytes | Edge weights: 4 bytes
############################################################## Input Summary ###
Execution mode:               64
Seed:                         1
Graph:                        kmer_V2a [node ordering: deg-buckets] [edge ordering: natural]
  Number of nodes:             53500237 (unweighted)
  Number of edges:            114152252 (unweighted)
Number of blocks:             16
Maximum block weight:         3444077 (3343765 + 3% / 3%)
---------------------------------------------------------- Graph Compression ---
Enabled:                      no
-------------------------------------------------------- Partitioning Scheme ---
Partitioning mode:            deep
  Deep initial part. mode:    async-parallel
  Deep initial part. load:    1
Subgraph memory:              Lazy
----------------------------------------------------------------- Coarsening ---
Contraction limit:            160
Coarsening algorithm:         clustering
  Cluster weight limit:       static-block-weight x 0.00625
  Shrink factor:              2.5
  Max mem-free level:         1
  Clustering algorithm:       lp
    Number of iterations:     1
    High degree threshold:    4294967295
    Max degree:               4294967295
    Tie breaking strategy:    uniform
    Implementation:           two-phase
      Relabel:                no
    2-hop clustering:         match-threadwise, if |Vcoarse| > 0.500000 * |V|
    Isolated nodes:           match-during-two-hop
  Forced hierarchy levels:    <none> (leeway: U=10.000000, L=1.100000)
Contraction algorithm:        unbuffered
  Implementation:             two-phase
------------------------------------------------------- Initial Partitioning ---
Adaptive algorithm selection: yes
----------------------------------------------------------------- Refinement ---
Refinement algorithms:        [greedy-balancer -> lp]
Label propagation:
  Number of iterations:       5
  Tie breaking strategy:      uniform
  Implementation:             single-phase
############################################################## Preprocessing ###
Removed 0 isolated nodes
  Remaining nodes:             53500237
  Remaining total node weight: 53500237
############################################################### Partitioning ###
Input graph:
 Number of nodes: 53500237 | Number of edges: 114152252
 Maximum node weight: 1

Coarsening -> Level 1 [max cluster weight: 21525]:
 Total edge weight:   51012738
 Number of nodes:     21947061 | Number of edges: 50856480
 Maximum node weight: 24

Coarsening -> Level 2 [max cluster weight: 21525]:
 Total edge weight:   24350174
 Number of nodes:     8733976 | Number of edges: 24004206
 Maximum node weight: 610

Coarsening -> Level 3 [max cluster weight: 21525]:
 Total edge weight:   13143956
 Number of nodes:     3453745 | Number of edges: 11851218
 Maximum node weight: 8564

Coarsening -> Level 4 [max cluster weight: 21525]:
 Total edge weight:   7559482
 Number of nodes:     1356569 | Number of edges: 5387138
 Maximum node weight: 21525

Coarsening -> Level 5 [max cluster weight: 21525]:
 Total edge weight:   4461708
 Number of nodes:     524644 | Number of edges: 2389418
 Maximum node weight: 21525

Coarsening -> Level 6 [max cluster weight: 21525]:
 Total edge weight:   3080716
 Number of nodes:     198573 | Number of edges: 1310952
 Maximum node weight: 21525

Coarsening -> Level 7 [max cluster weight: 21525]:
 Total edge weight:   2526634
 Number of nodes:     73296 | Number of edges: 899286
 Maximum node weight: 21525

Coarsening -> Level 8 [max cluster weight: 21525]:
 Total edge weight:   2338532
 Number of nodes:     27539 | Number of edges: 739012
 Maximum node weight: 21581

Coarsening -> Level 9 [max cluster weight: 21525]:
 Total edge weight:   2304512
 Number of nodes:     15629 | Number of edges: 692838
 Maximum node weight: 21581

Coarsening -> Level 10 [max cluster weight: 21525]:
 Total edge weight:   2300428
 Number of nodes:     11745 | Number of edges: 679372
 Maximum node weight: 21581

Coarsening -> Level 11 [max cluster weight: 21525]:
 Total edge weight:   2300054
 Number of nodes:     10133 | Number of edges: 674848
 Maximum node weight: 43049

==> Coarsening terminated with less than 10240 nodes

Initial partitioning:
 Number of blocks: 16

Uncoarsening -> Level 10
 Number of nodes: 11745 | Number of edges: 679372
  Running refinement on 16 blocks
   1. Greedy Balancer
   2. Label Propagation

Uncoarsening -> Level 9
 Number of nodes: 15629 | Number of edges: 692838
  Running refinement on 16 blocks
   1. Greedy Balancer
   2. Label Propagation

Uncoarsening -> Level 8
 Number of nodes: 27539 | Number of edges: 739012
  Running refinement on 16 blocks
   1. Greedy Balancer
   2. Label Propagation

Uncoarsening -> Level 7
 Number of nodes: 73296 | Number of edges: 899286
  Running refinement on 16 blocks
   1. Greedy Balancer
   2. Label Propagation

Uncoarsening -> Level 6
 Number of nodes: 198573 | Number of edges: 1310952
  Running refinement on 16 blocks
   1. Greedy Balancer
   2. Label Propagation

Uncoarsening -> Level 5
 Number of nodes: 524644 | Number of edges: 2389418
  Running refinement on 16 blocks
   1. Greedy Balancer
   2. Label Propagation

Uncoarsening -> Level 4
 Number of nodes: 1356569 | Number of edges: 5387138
  Running refinement on 16 blocks
   1. Greedy Balancer
   2. Label Propagation

Uncoarsening -> Level 3
 Number of nodes: 3453745 | Number of edges: 11851218
  Running refinement on 16 blocks
   1. Greedy Balancer
   2. Label Propagation

Uncoarsening -> Level 2
 Number of nodes: 8733976 | Number of edges: 24004206
  Running refinement on 16 blocks
   1. Greedy Balancer
   2. Label Propagation

Uncoarsening -> Level 1
 Number of nodes: 21947061 | Number of edges: 50856480
  Running refinement on 16 blocks
   1. Greedy Balancer
   2. Label Propagation

Uncoarsening -> Level 0
 Number of nodes: 53500237 | Number of edges: 114152252
  Running refinement on 16 blocks
   1. Greedy Balancer
   2. Label Propagation
############################################################# Result Summary ###
RESULT cut=356244 imbalance=2.99064e-07 feasible=1 k=16
TIME read_input_graph=1.354 partitioning=2.603 partitioning.rearrange_by_degree-buckets=0.109 partitioning.rearrange_by_degree-buckets.sort_nodes_by_integer_buckets=0.026 partitioning.rearrange_by_degree-buckets.rearrange_input_graph=0.072 partitioning.rearrange_by_degree-buckets.deallocation=0.003 partitioning.refinement=0.000 partitioning.refinement.allocation=0.000 partitioning.coarsening=1.759 partitioning.coarsening.level[0]=0.852 partitioning.coarsening.level[0].label_propagation=0.312 partitioning.coarsening.level[0].label_propagation.allocation=0.014 partitioning.coarsening.level[0].label_propagation.iteration[0]=0.277 partitioning.coarsening.level[0].label_propagation.iteration[0].first_phase=0.269 partitioning.coarsening.level[0].label_propagation.handle_isolated_nodes=0.000 partitioning.coarsening.level[0].label_propagation.handle_two-hop_nodes=0.000 partitioning.coarsening.level[0].label_propagation.free=0.009 partitioning.coarsening.level[0].contract_graph=0.536 partitioning.coarsening.level[0].contract_graph.allocation=0.002 partitioning.coarsening.level[0].contract_graph.preprocessing=0.156 partitioning.coarsening.level[0].contract_graph.deallocation=0.001 partitioning.coarsening.level[0].contract_graph.construct_coarse_graph=0.369 partitioning.coarsening.level[0].contract_graph.construct_coarse_graph.aggregate_coarse_edges=0.320 partitioning.coarsening.level[0].contract_graph.construct_coarse_graph.aggregate_coarse_edges.first_phase=0.303 partitioning.coarsening.level[0].contract_graph.construct_coarse_graph.aggregate_coarse_edges.second_phase=0.005 partitioning.coarsening.level[0].contract_graph.construct_coarse_graph.remap_coarse_edges_and_mapping=0.036 partitioning.coarsening.level[1]=0.462 partitioning.coarsening.level[1].label_propagation=0.183 partitioning.coarsening.level[1].label_propagation.allocation=0.010 partitioning.coarsening.level[1].label_propagation.iteration[0]=0.164 partitioning.coarsening.level[1].label_propagation.iteration[0].first_phase=0.160 partitioning.coarsening.level[1].label_propagation.handle_isolated_nodes=0.000 partitioning.coarsening.level[1].label_propagation.handle_two-hop_nodes=0.000 partitioning.coarsening.level[1].contract_graph=0.278 partitioning.coarsening.level[1].contract_graph.allocation=0.003 partitioning.coarsening.level[1].contract_graph.preprocessing=0.084 partitioning.coarsening.level[1].contract_graph.deallocation=0.000 partitioning.coarsening.level[1].contract_graph.construct_coarse_graph=0.186 partitioning.coarsening.level[1].contract_graph.construct_coarse_graph.aggregate_coarse_edges=0.171 partitioning.coarsening.level[1].contract_graph.construct_coarse_graph.aggregate_coarse_edges.first_phase=0.168 partitioning.coarsening.level[1].contract_graph.construct_coarse_graph.aggregate_coarse_edges.second_phase=0.002 partitioning.coarsening.level[1].contract_graph.construct_coarse_graph.remap_coarse_edges_and_mapping=0.010 partitioning.coarsening.level[2]=0.200 partitioning.coarsening.level[2].label_propagation=0.069 partitioning.coarsening.level[2].label_propagation.iteration[0]=0.063 partitioning.coarsening.level[2].label_propagation.iteration[0].first_phase=0.061 partitioning.coarsening.level[2].label_propagation.handle_isolated_nodes=0.000 partitioning.coarsening.level[2].label_propagation.handle_two-hop_nodes=0.000 partitioning.coarsening.level[2].contract_graph=0.129 partitioning.coarsening.level[2].contract_graph.allocation=0.002 partitioning.coarsening.level[2].contract_graph.preprocessing=0.040 partitioning.coarsening.level[2].contract_graph.deallocation=0.000 partitioning.coarsening.level[2].contract_graph.construct_coarse_graph=0.085 partitioning.coarsening.level[2].contract_graph.construct_coarse_graph.aggregate_coarse_edges=0.076 partitioning.coarsening.level[2].contract_graph.construct_coarse_graph.aggregate_coarse_edges.first_phase=0.067 partitioning.coarsening.level[2].contract_graph.construct_coarse_graph.aggregate_coarse_edges.second_phase=0.009 partitioning.coarsening.level[2].contract_graph.construct_coarse_graph.remap_coarse_edges_and_mapping=0.005 partitioning.coarsening.level[3]=0.112 partitioning.coarsening.level[3].label_propagation=0.034 partitioning.coarsening.level[3].label_propagation.iteration[0]=0.028 partitioning.coarsening.level[3].label_propagation.iteration[0].first_phase=0.027 partitioning.coarsening.level[3].label_propagation.handle_isolated_nodes=0.000 partitioning.coarsening.level[3].label_propagation.handle_two-hop_nodes=0.000 partitioning.coarsening.level[3].contract_graph=0.076 partitioning.coarsening.level[3].contract_graph.allocation=0.001 partitioning.coarsening.level[3].contract_graph.preprocessing=0.033 partitioning.coarsening.level[3].contract_graph.deallocation=0.000 partitioning.coarsening.level[3].contract_graph.construct_coarse_graph=0.041 partitioning.coarsening.level[3].contract_graph.construct_coarse_graph.aggregate_coarse_edges=0.037 partitioning.coarsening.level[3].contract_graph.construct_coarse_graph.aggregate_coarse_edges.first_phase=0.031 partitioning.coarsening.level[3].contract_graph.construct_coarse_graph.aggregate_coarse_edges.second_phase=0.006 partitioning.coarsening.level[3].contract_graph.construct_coarse_graph.remap_coarse_edges_and_mapping=0.002 partitioning.coarsening.level[4]=0.057 partitioning.coarsening.level[4].label_propagation=0.022 partitioning.coarsening.level[4].label_propagation.iteration[0]=0.020 partitioning.coarsening.level[4].label_propagation.iteration[0].first_phase=0.019 partitioning.coarsening.level[4].label_propagation.handle_isolated_nodes=0.000 partitioning.coarsening.level[4].label_propagation.handle_two-hop_nodes=0.000 partitioning.coarsening.level[4].contract_graph=0.034 partitioning.coarsening.level[4].contract_graph.allocation=0.001 partitioning.coarsening.level[4].contract_graph.preprocessing=0.016 partitioning.coarsening.level[4].contract_graph.deallocation=0.000 partitioning.coarsening.level[4].contract_graph.construct_coarse_graph=0.015 partitioning.coarsening.level[4].contract_graph.construct_coarse_graph.aggregate_coarse_edges=0.013 partitioning.coarsening.level[4].contract_graph.construct_coarse_graph.aggregate_coarse_edges.first_phase=0.012 partitioning.coarsening.level[4].contract_graph.construct_coarse_graph.aggregate_coarse_edges.second_phase=0.000 partitioning.coarsening.level[4].contract_graph.construct_coarse_graph.remap_coarse_edges_and_mapping=0.001 partitioning.coarsening.level[5]=0.025 partitioning.coarsening.level[5].label_propagation=0.008 partitioning.coarsening.level[5].label_propagation.iteration[0]=0.008 partitioning.coarsening.level[5].label_propagation.iteration[0].first_phase=0.008 partitioning.coarsening.level[5].label_propagation.handle_isolated_nodes=0.000 partitioning.coarsening.level[5].label_propagation.handle_two-hop_nodes=0.000 partitioning.coarsening.level[5].contract_graph=0.016 partitioning.coarsening.level[5].contract_graph.allocation=0.000 partitioning.coarsening.level[5].contract_graph.preprocessing=0.005 partitioning.coarsening.level[5].contract_graph.deallocation=0.000 partitioning.coarsening.level[5].contract_graph.construct_coarse_graph=0.010 partitioning.coarsening.level[5].contract_graph.construct_coarse_graph.aggregate_coarse_edges=0.009 partitioning.coarsening.level[5].contract_graph.construct_coarse_graph.aggregate_coarse_edges.first_phase=0.009 partitioning.coarsening.level[5].contract_graph.construct_coarse_graph.aggregate_coarse_edges.second_phase=0.000 partitioning.coarsening.level[5].contract_graph.construct_coarse_graph.remap_coarse_edges_and_mapping=0.000 partitioning.coarsening.level[6]=0.015 partitioning.coarsening.level[6].label_propagation=0.005 partitioning.coarsening.level[6].label_propagation.iteration[0]=0.005 partitioning.coarsening.level[6].label_propagation.iteration[0].first_phase=0.005 partitioning.coarsening.level[6].label_propagation.handle_isolated_nodes=0.000 partitioning.coarsening.level[6].label_propagation.handle_two-hop_nodes=0.000 partitioning.coarsening.level[6].contract_graph=0.010 partitioning.coarsening.level[6].contract_graph.allocation=0.000 partitioning.coarsening.level[6].contract_graph.preprocessing=0.002 partitioning.coarsening.level[6].contract_graph.deallocation=0.000 partitioning.coarsening.level[6].contract_graph.construct_coarse_graph=0.007 partitioning.coarsening.level[6].contract_graph.construct_coarse_graph.aggregate_coarse_edges=0.006 partitioning.coarsening.level[6].contract_graph.construct_coarse_graph.aggregate_coarse_edges.first_phase=0.006 partitioning.coarsening.level[6].contract_graph.construct_coarse_graph.aggregate_coarse_edges.second_phase=0.000 partitioning.coarsening.level[6].contract_graph.construct_coarse_graph.remap_coarse_edges_and_mapping=0.000 partitioning.coarsening.level[7]=0.008 partitioning.coarsening.level[7].label_propagation=0.004 partitioning.coarsening.level[7].label_propagation.iteration[0]=0.004 partitioning.coarsening.level[7].label_propagation.iteration[0].first_phase=0.004 partitioning.coarsening.level[7].label_propagation.handle_isolated_nodes=0.000 partitioning.coarsening.level[7].label_propagation.handle_two-hop_nodes=0.000 partitioning.coarsening.level[7].contract_graph=0.004 partitioning.coarsening.level[7].contract_graph.allocation=0.000 partitioning.coarsening.level[7].contract_graph.preprocessing=0.000 partitioning.coarsening.level[7].contract_graph.deallocation=0.000 partitioning.coarsening.level[7].contract_graph.construct_coarse_graph=0.003 partitioning.coarsening.level[7].contract_graph.construct_coarse_graph.aggregate_coarse_edges=0.002 partitioning.coarsening.level[7].contract_graph.construct_coarse_graph.aggregate_coarse_edges.first_phase=0.002 partitioning.coarsening.level[7].contract_graph.construct_coarse_graph.aggregate_coarse_edges.second_phase=0.000 partitioning.coarsening.level[7].contract_graph.construct_coarse_graph.remap_coarse_edges_and_mapping=0.000 partitioning.coarsening.level[8]=0.008 partitioning.coarsening.level[8].label_propagation=0.004 partitioning.coarsening.level[8].label_propagation.iteration[0]=0.004 partitioning.coarsening.level[8].label_propagation.iteration[0].first_phase=0.004 partitioning.coarsening.level[8].label_propagation.handle_isolated_nodes=0.000 partitioning.coarsening.level[8].label_propagation.handle_two-hop_nodes=0.000 partitioning.coarsening.level[8].contract_graph=0.003 partitioning.coarsening.level[8].contract_graph.allocation=0.000 partitioning.coarsening.level[8].contract_graph.preprocessing=0.000 partitioning.coarsening.level[8].contract_graph.deallocation=0.000 partitioning.coarsening.level[8].contract_graph.construct_coarse_graph=0.002 partitioning.coarsening.level[8].contract_graph.construct_coarse_graph.aggregate_coarse_edges=0.002 partitioning.coarsening.level[8].contract_graph.construct_coarse_graph.aggregate_coarse_edges.first_phase=0.002 partitioning.coarsening.level[8].contract_graph.construct_coarse_graph.aggregate_coarse_edges.second_phase=0.000 partitioning.coarsening.level[8].contract_graph.construct_coarse_graph.remap_coarse_edges_and_mapping=0.000 partitioning.coarsening.level[9]=0.008 partitioning.coarsening.level[9].label_propagation=0.004 partitioning.coarsening.level[9].label_propagation.iteration[0]=0.004 partitioning.coarsening.level[9].label_propagation.iteration[0].first_phase=0.004 partitioning.coarsening.level[9].label_propagation.handle_isolated_nodes=0.000 partitioning.coarsening.level[9].label_propagation.handle_two-hop_nodes=0.000 partitioning.coarsening.level[9].contract_graph=0.003 partitioning.coarsening.level[9].contract_graph.allocation=0.000 partitioning.coarsening.level[9].contract_graph.preprocessing=0.000 partitioning.coarsening.level[9].contract_graph.deallocation=0.000 partitioning.coarsening.level[9].contract_graph.construct_coarse_graph=0.002 partitioning.coarsening.level[9].contract_graph.construct_coarse_graph.aggregate_coarse_edges=0.002 partitioning.coarsening.level[9].contract_graph.construct_coarse_graph.aggregate_coarse_edges.first_phase=0.002 partitioning.coarsening.level[9].contract_graph.construct_coarse_graph.aggregate_coarse_edges.second_phase=0.000 partitioning.coarsening.level[9].contract_graph.construct_coarse_graph.remap_coarse_edges_and_mapping=0.000 partitioning.coarsening.level[10]=0.005 partitioning.coarsening.level[10].label_propagation=0.001 partitioning.coarsening.level[10].label_propagation.iteration[0]=0.001 partitioning.coarsening.level[10].label_propagation.iteration[0].first_phase=0.001 partitioning.coarsening.level[10].label_propagation.handle_isolated_nodes=0.000 partitioning.coarsening.level[10].label_propagation.handle_two-hop_nodes=0.000 partitioning.coarsening.level[10].contract_graph=0.003 partitioning.coarsening.level[10].contract_graph.allocation=0.000 partitioning.coarsening.level[10].contract_graph.preprocessing=0.000 partitioning.coarsening.level[10].contract_graph.deallocation=0.000 partitioning.coarsening.level[10].contract_graph.construct_coarse_graph=0.002 partitioning.coarsening.level[10].contract_graph.construct_coarse_graph.aggregate_coarse_edges=0.002 partitioning.coarsening.level[10].contract_graph.construct_coarse_graph.aggregate_coarse_edges.first_phase=0.002 partitioning.coarsening.level[10].contract_graph.construct_coarse_graph.aggregate_coarse_edges.second_phase=0.000 partitioning.coarsening.level[10].contract_graph.construct_coarse_graph.remap_coarse_edges_and_mapping=0.000 partitioning.coarsening.deallocation=0.001 partitioning.initial_partitioning_scheme=0.148 partitioning.uncoarsening=0.561 partitioning.uncoarsening.level[10]=0.007 partitioning.uncoarsening.level[10].allocation=0.000 partitioning.uncoarsening.level[10].project_partition=0.000 partitioning.uncoarsening.level[10].create_graph=0.000 partitioning.uncoarsening.level[10].refinement=0.007 partitioning.uncoarsening.level[10].refinement.greedy_balancer=0.000 partitioning.uncoarsening.level[10].refinement.label_propagation=0.007 partitioning.uncoarsening.level[10].refinement.label_propagation.allocation=0.006 partitioning.uncoarsening.level[10].refinement.label_propagation.iteration[0]=0.000 partitioning.uncoarsening.level[10].refinement.label_propagation.iteration[1]=0.000 partitioning.uncoarsening.level[10].refinement.label_propagation.iteration[2]=0.000 partitioning.uncoarsening.level[9]=0.001 partitioning.uncoarsening.level[9].allocation=0.000 partitioning.uncoarsening.level[9].project_partition=0.000 partitioning.uncoarsening.level[9].create_graph=0.000 partitioning.uncoarsening.level[9].refinement=0.001 partitioning.uncoarsening.level[9].refinement.greedy_balancer=0.000 partitioning.uncoarsening.level[9].refinement.label_propagation=0.001 partitioning.uncoarsening.level[9].refinement.label_propagation.iteration[0]=0.000 partitioning.uncoarsening.level[9].refinement.label_propagation.iteration[1]=0.000 partitioning.uncoarsening.level[9].refinement.label_propagation.iteration[2]=0.000 partitioning.uncoarsening.level[9].refinement.label_propagation.iteration[3]=0.000 partitioning.uncoarsening.level[9].refinement.label_propagation.iteration[4]=0.000 partitioning.uncoarsening.level[8]=0.003 partitioning.uncoarsening.level[8].allocation=0.000 partitioning.uncoarsening.level[8].project_partition=0.000 partitioning.uncoarsening.level[8].create_graph=0.000 partitioning.uncoarsening.level[8].refinement=0.002 partitioning.uncoarsening.level[8].refinement.greedy_balancer=0.000 partitioning.uncoarsening.level[8].refinement.label_propagation=0.002 partitioning.uncoarsening.level[8].refinement.label_propagation.iteration[0]=0.001 partitioning.uncoarsening.level[8].refinement.label_propagation.iteration[1]=0.000 partitioning.uncoarsening.level[8].refinement.label_propagation.iteration[2]=0.000 partitioning.uncoarsening.level[8].refinement.label_propagation.iteration[3]=0.000 partitioning.uncoarsening.level[8].refinement.label_propagation.iteration[4]=0.000 partitioning.uncoarsening.level[7]=0.005 partitioning.uncoarsening.level[7].allocation=0.000 partitioning.uncoarsening.level[7].project_partition=0.000 partitioning.uncoarsening.level[7].create_graph=0.000 partitioning.uncoarsening.level[7].refinement=0.004 partitioning.uncoarsening.level[7].refinement.greedy_balancer=0.000 partitioning.uncoarsening.level[7].refinement.label_propagation=0.004 partitioning.uncoarsening.level[7].refinement.label_propagation.iteration[0]=0.003 partitioning.uncoarsening.level[7].refinement.label_propagation.iteration[1]=0.000 partitioning.uncoarsening.level[7].refinement.label_propagation.iteration[2]=0.000 partitioning.uncoarsening.level[7].refinement.label_propagation.iteration[3]=0.000 partitioning.uncoarsening.level[7].refinement.label_propagation.iteration[4]=0.000 partitioning.uncoarsening.level[6]=0.008 partitioning.uncoarsening.level[6].allocation=0.000 partitioning.uncoarsening.level[6].project_partition=0.000 partitioning.uncoarsening.level[6].create_graph=0.000 partitioning.uncoarsening.level[6].refinement=0.007 partitioning.uncoarsening.level[6].refinement.greedy_balancer=0.000 partitioning.uncoarsening.level[6].refinement.label_propagation=0.007 partitioning.uncoarsening.level[6].refinement.label_propagation.iteration[0]=0.005 partitioning.uncoarsening.level[6].refinement.label_propagation.iteration[1]=0.001 partitioning.uncoarsening.level[6].refinement.label_propagation.iteration[2]=0.000 partitioning.uncoarsening.level[6].refinement.label_propagation.iteration[3]=0.000 partitioning.uncoarsening.level[6].refinement.label_propagation.iteration[4]=0.000 partitioning.uncoarsening.level[5]=0.014 partitioning.uncoarsening.level[5].allocation=0.000 partitioning.uncoarsening.level[5].project_partition=0.000 partitioning.uncoarsening.level[5].create_graph=0.000 partitioning.uncoarsening.level[5].refinement=0.013 partitioning.uncoarsening.level[5].refinement.greedy_balancer=0.000 partitioning.uncoarsening.level[5].refinement.label_propagation=0.013 partitioning.uncoarsening.level[5].refinement.label_propagation.iteration[0]=0.009 partitioning.uncoarsening.level[5].refinement.label_propagation.iteration[1]=0.002 partitioning.uncoarsening.level[5].refinement.label_propagation.iteration[2]=0.000 partitioning.uncoarsening.level[5].refinement.label_propagation.iteration[3]=0.000 partitioning.uncoarsening.level[5].refinement.label_propagation.iteration[4]=0.000 partitioning.uncoarsening.level[4]=0.029 partitioning.uncoarsening.level[4].allocation=0.005 partitioning.uncoarsening.level[4].project_partition=0.000 partitioning.uncoarsening.level[4].create_graph=0.000 partitioning.uncoarsening.level[4].refinement=0.022 partitioning.uncoarsening.level[4].refinement.greedy_balancer=0.000 partitioning.uncoarsening.level[4].refinement.label_propagation=0.022 partitioning.uncoarsening.level[4].refinement.label_propagation.iteration[0]=0.016 partitioning.uncoarsening.level[4].refinement.label_propagation.iteration[1]=0.002 partitioning.uncoarsening.level[4].refinement.label_propagation.iteration[2]=0.001 partitioning.uncoarsening.level[4].refinement.label_propagation.iteration[3]=0.000 partitioning.uncoarsening.level[4].refinement.label_propagation.iteration[4]=0.000 partitioning.uncoarsening.level[3]=0.044 partitioning.uncoarsening.level[3].allocation=0.004 partitioning.uncoarsening.level[3].project_partition=0.000 partitioning.uncoarsening.level[3].create_graph=0.000 partitioning.uncoarsening.level[3].refinement=0.037 partitioning.uncoarsening.level[3].refinement.greedy_balancer=0.000 partitioning.uncoarsening.level[3].refinement.label_propagation=0.037 partitioning.uncoarsening.level[3].refinement.label_propagation.iteration[0]=0.029 partitioning.uncoarsening.level[3].refinement.label_propagation.iteration[1]=0.004 partitioning.uncoarsening.level[3].refinement.label_propagation.iteration[2]=0.001 partitioning.uncoarsening.level[3].refinement.label_propagation.iteration[3]=0.000 partitioning.uncoarsening.level[3].refinement.label_propagation.iteration[4]=0.000 partitioning.uncoarsening.level[2]=0.074 partitioning.uncoarsening.level[2].allocation=0.002 partitioning.uncoarsening.level[2].project_partition=0.001 partitioning.uncoarsening.level[2].create_graph=0.000 partitioning.uncoarsening.level[2].refinement=0.068 partitioning.uncoarsening.level[2].refinement.greedy_balancer=0.000 partitioning.uncoarsening.level[2].refinement.label_propagation=0.068 partitioning.uncoarsening.level[2].refinement.label_propagation.iteration[0]=0.056 partitioning.uncoarsening.level[2].refinement.label_propagation.iteration[1]=0.006 partitioning.uncoarsening.level[2].refinement.label_propagation.iteration[2]=0.002 partitioning.uncoarsening.level[2].refinement.label_propagation.iteration[3]=0.001 partitioning.uncoarsening.level[2].refinement.label_propagation.iteration[4]=0.000 partitioning.uncoarsening.level[1]=0.138 partitioning.uncoarsening.level[1].allocation=0.004 partitioning.uncoarsening.level[1].project_partition=0.004 partitioning.uncoarsening.level[1].create_graph=0.001 partitioning.uncoarsening.level[1].refinement=0.127 partitioning.uncoarsening.level[1].refinement.greedy_balancer=0.000 partitioning.uncoarsening.level[1].refinement.label_propagation=0.126 partitioning.uncoarsening.level[1].refinement.label_propagation.iteration[0]=0.108 partitioning.uncoarsening.level[1].refinement.label_propagation.iteration[1]=0.008 partitioning.uncoarsening.level[1].refinement.label_propagation.iteration[2]=0.004 partitioning.uncoarsening.level[1].refinement.label_propagation.iteration[3]=0.002 partitioning.uncoarsening.level[1].refinement.label_propagation.iteration[4]=0.001 partitioning.uncoarsening.level[0]=0.232 partitioning.uncoarsening.level[0].allocation=0.005 partitioning.uncoarsening.level[0].project_partition=0.011 partitioning.uncoarsening.level[0].create_graph=0.003 partitioning.uncoarsening.level[0].refinement=0.206 partitioning.uncoarsening.level[0].refinement.greedy_balancer=0.000 partitioning.uncoarsening.level[0].refinement.label_propagation=0.206 partitioning.uncoarsening.level[0].refinement.label_propagation.iteration[0]=0.180 partitioning.uncoarsening.level[0].refinement.label_propagation.iteration[1]=0.011 partitioning.uncoarsening.level[0].refinement.label_propagation.iteration[2]=0.005 partitioning.uncoarsening.level[0].refinement.label_propagation.iteration[3]=0.003 partitioning.uncoarsening.level[0].refinement.label_propagation.iteration[4]=0.002 partitioning.deallocation=0.008 partitioning.re-integrate_isolated_nodes=0.014 io=0.004 
MEMORY disabled

Global Timer: ................................... 3.993 s    
|- Read input graph: ............................ 1.354 s    
|- Partitioning: ................................ 2.603 s    
|  |- Rearrange by degree-buckets: .............. 0.109 s    
|  |  |- Sort nodes by integer buckets: ......... 0.026 s    
|  |  |- Rearrange input graph: ................. 0.072 s    
|  |  `- Deallocation: .......................... 0.003 s    
|  |- Refinement: ............................... 0.000 s    
|  |  `- Allocation: ............................ 0.000 s    
|  |- Coarsening: ............................... 1.759 s    
|  |  |- Level (0): ............................. 0.852 s    
|  |  |  |- Label Propagation: .................. 0.312 s    
|  |  |  |  |- Allocation: ...................... 0.014 s    
|  |  |  |  |- Iteration (0): ................... 0.277 s    
|  |  |  |  |  `- First phase: .................. 0.269 s    
|  |  |  |  |- Handle isolated nodes: ........... 0.000 s    
|  |  |  |  |- Handle two-hop nodes: ............ 0.000 s    
|  |  |  |  `- Free: ............................ 0.009 s    
|  |  |  `- Contract graph: ..................... 0.536 s    
|  |  |     |- Allocation: ...................... 0.002 s (3)
|  |  |     |- Preprocessing: ................... 0.156 s (3)
|  |  |     |- Deallocation: .................... 0.001 s    
|  |  |     `- Construct coarse graph: .......... 0.369 s    
|  |  |        |- Aggregate coarse edges: ....... 0.320 s    
|  |  |        |  |- First phase: ............... 0.303 s    
|  |  |        |  `- Second phase: .............. 0.005 s    
|  |  |        `- Remap coarse edges and mapping: 0.036 s    
|  |  |- Level (1): ............................. 0.462 s    
|  |  |  |- Label Propagation: .................. 0.183 s    
|  |  |  |  |- Allocation: ...................... 0.010 s    
|  |  |  |  |- Iteration (0): ................... 0.164 s    
|  |  |  |  |  `- First phase: .................. 0.160 s    
|  |  |  |  |- Handle isolated nodes: ........... 0.000 s    
|  |  |  |  `- Handle two-hop nodes: ............ 0.000 s    
|  |  |  `- Contract graph: ..................... 0.278 s    
|  |  |     |- Allocation: ...................... 0.003 s (3)
|  |  |     |- Preprocessing: ................... 0.084 s (3)
|  |  |     |- Deallocation: .................... 0.000 s    
|  |  |     `- Construct coarse graph: .......... 0.186 s    
|  |  |        |- Aggregate coarse edges: ....... 0.171 s    
|  |  |        |  |- First phase: ............... 0.168 s    
|  |  |        |  `- Second phase: .............. 0.002 s    
|  |  |        `- Remap coarse edges and mapping: 0.010 s    
|  |  |- Level (2): ............................. 0.200 s    
|  |  |  |- Label Propagation: .................. 0.069 s    
|  |  |  |  |- Iteration (0): ................... 0.063 s    
|  |  |  |  |  `- First phase: .................. 0.061 s    
|  |  |  |  |- Handle isolated nodes: ........... 0.000 s    
|  |  |  |  `- Handle two-hop nodes: ............ 0.000 s    
|  |  |  `- Contract graph: ..................... 0.129 s    
|  |  |     |- Allocation: ...................... 0.002 s (3)
|  |  |     |- Preprocessing: ................... 0.040 s (3)
|  |  |     |- Deallocation: .................... 0.000 s    
|  |  |     `- Construct coarse graph: .......... 0.085 s    
|  |  |        |- Aggregate coarse edges: ....... 0.076 s    
|  |  |        |  |- First phase: ............... 0.067 s    
|  |  |        |  `- Second phase: .............. 0.009 s    
|  |  |        `- Remap coarse edges and mapping: 0.005 s    
|  |  |- Level (3): ............................. 0.112 s    
|  |  |  |- Label Propagation: .................. 0.034 s    
|  |  |  |  |- Iteration (0): ................... 0.028 s    
|  |  |  |  |  `- First phase: .................. 0.027 s    
|  |  |  |  |- Handle isolated nodes: ........... 0.000 s    
|  |  |  |  `- Handle two-hop nodes: ............ 0.000 s    
|  |  |  `- Contract graph: ..................... 0.076 s    
|  |  |     |- Allocation: ...................... 0.001 s (3)
|  |  |     |- Preprocessing: ................... 0.033 s (3)
|  |  |     |- Deallocation: .................... 0.000 s    
|  |  |     `- Construct coarse graph: .......... 0.041 s    
|  |  |        |- Aggregate coarse edges: ....... 0.037 s    
|  |  |        |  |- First phase: ............... 0.031 s    
|  |  |        |  `- Second phase: .............. 0.006 s    
|  |  |        `- Remap coarse edges and mapping: 0.002 s    
|  |  |- Level (4): ............................. 0.057 s    
|  |  |  |- Label Propagation: .................. 0.022 s    
|  |  |  |  |- Iteration (0): ................... 0.020 s    
|  |  |  |  |  `- First phase: .................. 0.019 s    
|  |  |  |  |- Handle isolated nodes: ........... 0.000 s    
|  |  |  |  `- Handle two-hop nodes: ............ 0.000 s    
|  |  |  `- Contract graph: ..................... 0.034 s    
|  |  |     |- Allocation: ...................... 0.001 s (3)
|  |  |     |- Preprocessing: ................... 0.016 s (3)
|  |  |     |- Deallocation: .................... 0.000 s    
|  |  |     `- Construct coarse graph: .......... 0.015 s    
|  |  |        |- Aggregate coarse edges: ....... 0.013 s    
|  |  |        |  |- First phase: ............... 0.012 s    
|  |  |        |  `- Second phase: .............. 0.000 s    
|  |  |        `- Remap coarse edges and mapping: 0.001 s    
|  |  |- Level (5): ............................. 0.025 s    
|  |  |  |- Label Propagation: .................. 0.008 s    
|  |  |  |  |- Iteration (0): ................... 0.008 s    
|  |  |  |  |  `- First phase: .................. 0.008 s    
|  |  |  |  |- Handle isolated nodes: ........... 0.000 s    
|  |  |  |  `- Handle two-hop nodes: ............ 0.000 s    
|  |  |  `- Contract graph: ..................... 0.016 s    
|  |  |     |- Allocation: ...................... 0.000 s (3)
|  |  |     |- Preprocessing: ................... 0.005 s (3)
|  |  |     |- Deallocation: .................... 0.000 s    
|  |  |     `- Construct coarse graph: .......... 0.010 s    
|  |  |        |- Aggregate coarse edges: ....... 0.009 s    
|  |  |        |  |- First phase: ............... 0.009 s    
|  |  |        |  `- Second phase: .............. 0.000 s    
|  |  |        `- Remap coarse edges and mapping: 0.000 s    
|  |  |- Level (6): ............................. 0.015 s    
|  |  |  |- Label Propagation: .................. 0.005 s    
|  |  |  |  |- Iteration (0): ................... 0.005 s    
|  |  |  |  |  `- First phase: .................. 0.005 s    
|  |  |  |  |- Handle isolated nodes: ........... 0.000 s    
|  |  |  |  `- Handle two-hop nodes: ............ 0.000 s    
|  |  |  `- Contract graph: ..................... 0.010 s    
|  |  |     |- Allocation: ...................... 0.000 s (3)
|  |  |     |- Preprocessing: ................... 0.002 s (3)
|  |  |     |- Deallocation: .................... 0.000 s    
|  |  |     `- Construct coarse graph: .......... 0.007 s    
|  |  |        |- Aggregate coarse edges: ....... 0.006 s    
|  |  |        |  |- First phase: ............... 0.006 s    
|  |  |        |  `- Second phase: .............. 0.000 s    
|  |  |        `- Remap coarse edges and mapping: 0.000 s    
|  |  |- Level (7): ............................. 0.008 s    
|  |  |  |- Label Propagation: .................. 0.004 s    
|  |  |  |  |- Iteration (0): ................... 0.004 s    
|  |  |  |  |  `- First phase: .................. 0.004 s    
|  |  |  |  |- Handle isolated nodes: ........... 0.000 s    
|  |  |  |  `- Handle two-hop nodes: ............ 0.000 s    
|  |  |  `- Contract graph: ..................... 0.004 s    
|  |  |     |- Allocation: ...................... 0.000 s (3)
|  |  |     |- Preprocessing: ................... 0.000 s (3)
|  |  |     |- Deallocation: .................... 0.000 s    
|  |  |     `- Construct coarse graph: .......... 0.003 s    
|  |  |        |- Aggregate coarse edges: ....... 0.002 s    
|  |  |        |  |- First phase: ............... 0.002 s    
|  |  |        |  `- Second phase: .............. 0.000 s    
|  |  |        `- Remap coarse edges and mapping: 0.000 s    
|  |  |- Level (8): ............................. 0.008 s    
|  |  |  |- Label Propagation: .................. 0.004 s    
|  |  |  |  |- Iteration (0): ................... 0.004 s    
|  |  |  |  |  `- First phase: .................. 0.004 s    
|  |  |  |  |- Handle isolated nodes: ........... 0.000 s    
|  |  |  |  `- Handle two-hop nodes: ............ 0.000 s    
|  |  |  `- Contract graph: ..................... 0.003 s    
|  |  |     |- Allocation: ...................... 0.000 s (3)
|  |  |     |- Preprocessing: ................... 0.000 s (3)
|  |  |     |- Deallocation: .................... 0.000 s    
|  |  |     `- Construct coarse graph: .......... 0.002 s    
|  |  |        |- Aggregate coarse edges: ....... 0.002 s    
|  |  |        |  |- First phase: ............... 0.002 s    
|  |  |        |  `- Second phase: .............. 0.000 s    
|  |  |        `- Remap coarse edges and mapping: 0.000 s    
|  |  |- Level (9): ............................. 0.008 s    
|  |  |  |- Label Propagation: .................. 0.004 s    
|  |  |  |  |- Iteration (0): ................... 0.004 s    
|  |  |  |  |  `- First phase: .................. 0.004 s    
|  |  |  |  |- Handle isolated nodes: ........... 0.000 s    
|  |  |  |  `- Handle two-hop nodes: ............ 0.000 s    
|  |  |  `- Contract graph: ..................... 0.003 s    
|  |  |     |- Allocation: ...................... 0.000 s (3)
|  |  |     |- Preprocessing: ................... 0.000 s (3)
|  |  |     |- Deallocation: .................... 0.000 s    
|  |  |     `- Construct coarse graph: .......... 0.002 s    
|  |  |        |- Aggregate coarse edges: ....... 0.002 s    
|  |  |        |  |- First phase: ............... 0.002 s    
|  |  |        |  `- Second phase: .............. 0.000 s    
|  |  |        `- Remap coarse edges and mapping: 0.000 s    
|  |  |- Level (10): ............................ 0.005 s    
|  |  |  |- Label Propagation: .................. 0.001 s    
|  |  |  |  |- Iteration (0): ................... 0.001 s    
|  |  |  |  |  `- First phase: .................. 0.001 s    
|  |  |  |  |- Handle isolated nodes: ........... 0.000 s    
|  |  |  |  `- Handle two-hop nodes: ............ 0.000 s    
|  |  |  `- Contract graph: ..................... 0.003 s    
|  |  |     |- Allocation: ...................... 0.000 s (3)
|  |  |     |- Preprocessing: ................... 0.000 s (3)
|  |  |     |- Deallocation: .................... 0.000 s    
|  |  |     `- Construct coarse graph: .......... 0.002 s    
|  |  |        |- Aggregate coarse edges: ....... 0.002 s    
|  |  |        |  |- First phase: ............... 0.002 s    
|  |  |        |  `- Second phase: .............. 0.000 s    
|  |  |        `- Remap coarse edges and mapping: 0.000 s    
|  |  `- Deallocation: .......................... 0.001 s    
|  |- Initial partitioning scheme: .............. 0.148 s    
|  |- Uncoarsening: ............................. 0.561 s    
|  |  |- Level (10): ............................ 0.007 s    
|  |  |  |- Allocation: ......................... 0.000 s    
|  |  |  |- Project partition: .................. 0.000 s    
|  |  |  |- Create graph: ....................... 0.000 s    
|  |  |  `- Refinement: ......................... 0.007 s    
|  |  |     |- Greedy Balancer: ................. 0.000 s    
|  |  |     `- Label Propagation: ............... 0.007 s    
|  |  |        |- Allocation: ................... 0.006 s    
|  |  |        |- Iteration (0): ................ 0.000 s    
|  |  |        |- Iteration (1): ................ 0.000 s    
|  |  |        `- Iteration (2): ................ 0.000 s    
|  |  |- Level (9): ............................. 0.001 s    
|  |  |  |- Allocation: ......................... 0.000 s    
|  |  |  |- Project partition: .................. 0.000 s    
|  |  |  |- Create graph: ....................... 0.000 s    
|  |  |  `- Refinement: ......................... 0.001 s    
|  |  |     |- Greedy Balancer: ................. 0.000 s    
|  |  |     `- Label Propagation: ............... 0.001 s    
|  |  |        |- Iteration (0): ................ 0.000 s    
|  |  |        |- Iteration (1): ................ 0.000 s    
|  |  |        |- Iteration (2): ................ 0.000 s    
|  |  |        |- Iteration (3): ................ 0.000 s    
|  |  |        `- Iteration (4): ................ 0.000 s    
|  |  |- Level (8): ............................. 0.003 s    
|  |  |  |- Allocation: ......................... 0.000 s    
|  |  |  |- Project partition: .................. 0.000 s    
|  |  |  |- Create graph: ....................... 0.000 s    
|  |  |  `- Refinement: ......................... 0.002 s    
|  |  |     |- Greedy Balancer: ................. 0.000 s    
|  |  |     `- Label Propagation: ............... 0.002 s    
|  |  |        |- Iteration (0): ................ 0.001 s    
|  |  |        |- Iteration (1): ................ 0.000 s    
|  |  |        |- Iteration (2): ................ 0.000 s    
|  |  |        |- Iteration (3): ................ 0.000 s    
|  |  |        `- Iteration (4): ................ 0.000 s    
|  |  |- Level (7): ............................. 0.005 s    
|  |  |  |- Allocation: ......................... 0.000 s    
|  |  |  |- Project partition: .................. 0.000 s    
|  |  |  |- Create graph: ....................... 0.000 s    
|  |  |  `- Refinement: ......................... 0.004 s    
|  |  |     |- Greedy Balancer: ................. 0.000 s    
|  |  |     `- Label Propagation: ............... 0.004 s    
|  |  |        |- Iteration (0): ................ 0.003 s    
|  |  |        |- Iteration (1): ................ 0.000 s    
|  |  |        |- Iteration (2): ................ 0.000 s    
|  |  |        |- Iteration (3): ................ 0.000 s    
|  |  |        `- Iteration (4): ................ 0.000 s    
|  |  |- Level (6): ............................. 0.008 s    
|  |  |  |- Allocation: ......................... 0.000 s    
|  |  |  |- Project partition: .................. 0.000 s    
|  |  |  |- Create graph: ....................... 0.000 s    
|  |  |  `- Refinement: ......................... 0.007 s    
|  |  |     |- Greedy Balancer: ................. 0.000 s    
|  |  |     `- Label Propagation: ............... 0.007 s    
|  |  |        |- Iteration (0): ................ 0.005 s    
|  |  |        |- Iteration (1): ................ 0.001 s    
|  |  |        |- Iteration (2): ................ 0.000 s    
|  |  |        |- Iteration (3): ................ 0.000 s    
|  |  |        `- Iteration (4): ................ 0.000 s    
|  |  |- Level (5): ............................. 0.014 s    
|  |  |  |- Allocation: ......................... 0.000 s    
|  |  |  |- Project partition: .................. 0.000 s    
|  |  |  |- Create graph: ....................... 0.000 s    
|  |  |  `- Refinement: ......................... 0.013 s    
|  |  |     |- Greedy Balancer: ................. 0.000 s    
|  |  |     `- Label Propagation: ............... 0.013 s    
|  |  |        |- Iteration (0): ................ 0.009 s    
|  |  |        |- Iteration (1): ................ 0.002 s    
|  |  |        |- Iteration (2): ................ 0.000 s    
|  |  |        |- Iteration (3): ................ 0.000 s    
|  |  |        `- Iteration (4): ................ 0.000 s    
|  |  |- Level (4): ............................. 0.029 s    
|  |  |  |- Allocation: ......................... 0.005 s    
|  |  |  |- Project partition: .................. 0.000 s    
|  |  |  |- Create graph: ....................... 0.000 s    
|  |  |  `- Refinement: ......................... 0.022 s    
|  |  |     |- Greedy Balancer: ................. 0.000 s    
|  |  |     `- Label Propagation: ............... 0.022 s    
|  |  |        |- Iteration (0): ................ 0.016 s    
|  |  |        |- Iteration (1): ................ 0.002 s    
|  |  |        |- Iteration (2): ................ 0.001 s    
|  |  |        |- Iteration (3): ................ 0.000 s    
|  |  |        `- Iteration (4): ................ 0.000 s    
|  |  |- Level (3): ............................. 0.044 s    
|  |  |  |- Allocation: ......................... 0.004 s    
|  |  |  |- Project partition: .................. 0.000 s    
|  |  |  |- Create graph: ....................... 0.000 s    
|  |  |  `- Refinement: ......................... 0.037 s    
|  |  |     |- Greedy Balancer: ................. 0.000 s    
|  |  |     `- Label Propagation: ............... 0.037 s    
|  |  |        |- Iteration (0): ................ 0.029 s    
|  |  |        |- Iteration (1): ................ 0.004 s    
|  |  |        |- Iteration (2): ................ 0.001 s    
|  |  |        |- Iteration (3): ................ 0.000 s    
|  |  |        `- Iteration (4): ................ 0.000 s    
|  |  |- Level (2): ............................. 0.074 s    
|  |  |  |- Allocation: ......................... 0.002 s    
|  |  |  |- Project partition: .................. 0.001 s    
|  |  |  |- Create graph: ....................... 0.000 s    
|  |  |  `- Refinement: ......................... 0.068 s    
|  |  |     |- Greedy Balancer: ................. 0.000 s    
|  |  |     `- Label Propagation: ............... 0.068 s    
|  |  |        |- Iteration (0): ................ 0.056 s    
|  |  |        |- Iteration (1): ................ 0.006 s    
|  |  |        |- Iteration (2): ................ 0.002 s    
|  |  |        |- Iteration (3): ................ 0.001 s    
|  |  |        `- Iteration (4): ................ 0.000 s    
|  |  |- Level (1): ............................. 0.138 s    
|  |  |  |- Allocation: ......................... 0.004 s    
|  |  |  |- Project partition: .................. 0.004 s    
|  |  |  |- Create graph: ....................... 0.001 s    
|  |  |  `- Refinement: ......................... 0.127 s    
|  |  |     |- Greedy Balancer: ................. 0.000 s    
|  |  |     `- Label Propagation: ............... 0.126 s    
|  |  |        |- Iteration (0): ................ 0.108 s    
|  |  |        |- Iteration (1): ................ 0.008 s    
|  |  |        |- Iteration (2): ................ 0.004 s    
|  |  |        |- Iteration (3): ................ 0.002 s    
|  |  |        `- Iteration (4): ................ 0.001 s    
|  |  `- Level (0): ............................. 0.232 s    
|  |     |- Allocation: ......................... 0.005 s    
|  |     |- Project partition: .................. 0.011 s    
|  |     |- Create graph: ....................... 0.003 s    
|  |     `- Refinement: ......................... 0.206 s    
|  |        |- Greedy Balancer: ................. 0.000 s    
|  |        `- Label Propagation: ............... 0.206 s    
|  |           |- Iteration (0): ................ 0.180 s    
|  |           |- Iteration (1): ................ 0.011 s    
|  |           |- Iteration (2): ................ 0.005 s    
|  |           |- Iteration (3): ................ 0.003 s    
|  |           `- Iteration (4): ................ 0.002 s    
|  |- Deallocation: ............................. 0.008 s    
|  `- Re-integrate isolated nodes: .............. 0.014 s    
`- IO: .......................................... 0.004 s    

Partition summary:
  Number of blocks: 16
  Edge cut:         356244
  Imbalance:        2.99064e-07
  Feasible:         yes

Block weights:
  w(0 ) = 3343765    w(1 ) = 3343765    w(2 ) = 3343763    w(3 ) = 3343765  
  w(4 ) = 3343766    w(5 ) = 3343765    w(6 ) = 3343766    w(7 ) = 3343764  
  w(8 ) = 3343765    w(9 ) = 3343765    w(10) = 3343765    w(11) = 3343764  
  w(12) = 3343766    w(13) = 3343764    w(14) = 3343764    w(15) = 3343765  

Maximum resident set size: 3484620 KiB
