################################################################################
#                _  __       __  __  _         ____                            #
#               | |/ / __ _ |  \/  |(_) _ __  |  _ \  __ _  _ __               #
#               | ' / / _` || |\/| || || '_ \ | |_) |/ _` || '__|              #
#               | . \| (_| || |  | || || | | ||  __/| (_| || |                 #
#               |_|\_\\__,_||_|  |_||_||_| |_||_|    \__,_||_|                 #
#                                                                              #
################################################################################
Current commit hash:          99c62314d27845b3825829ec1e3e97256490627d
Assertion level:              always+light
Statistics:                   disabled
Built on:                     liskov
Data type sizes:
  Nodes IDs: 4 bytes | Node weights: 4 bytes
  Edges IDs: 4 bytes | Edge weights: 4 bytes
############################################################## Input Summary ###
Execution mode:               64
Seed:                         1
Graph:                        kron_g500-simple-logn20 [node ordering: deg-buckets] [edge ordering: natural]
  Number of nodes:             1048576 (unweighted)
  Number of edges:            89238804 (unweighted)
Number of blocks:             16
Maximum block weight:         67502 (65536 + 3% / 3%)
---------------------------------------------------------- Graph Compression ---
Enabled:                      no
-------------------------------------------------------- Partitioning Scheme ---
Partitioning mode:            deep
  Deep initial part. mode:    async-parallel
  Deep initial part. load:    1
Subgraph memory:              Lazy
----------------------------------------------------------------- Coarsening ---
Contraction limit:            160
Coarsening algorithm:         clustering
  Cluster weight limit:       static-block-weight x 0.00625
  Shrink factor:              2.5
  Max mem-free level:         1
  Clustering algorithm:       lp
    Number of iterations:     1
    High degree threshold:    4294967295
    Max degree:               4294967295
    Tie breaking strategy:    uniform
    Implementation:           two-phase
      Relabel:                no
    2-hop clustering:         match-threadwise, if |Vcoarse| > 0.500000 * |V|
    Isolated nodes:           match-during-two-hop
  Forced hierarchy levels:    <none> (leeway: U=10.000000, L=1.100000)
Contraction algorithm:        unbuffered
  Implementation:             two-phase
------------------------------------------------------- Initial Partitioning ---
Adaptive algorithm selection: yes
----------------------------------------------------------------- Refinement ---
Refinement algorithms:        [greedy-balancer -> lp]
Label propagation:
  Number of iterations:       5
  Tie breaking strategy:      uniform
  Implementation:             single-phase
############################################################## Preprocessing ###
Removed 253335 isolated nodes
  Remaining nodes:             795241
  Remaining total node weight: 795241
############################################################### Partitioning ###
Input graph:
 Number of nodes: 795241 | Number of edges: 89238804
 Maximum node weight: 1

Coarsening -> Level 1 [max cluster weight: 421]:
 Total edge weight:   88229438
 Number of nodes:     290577 | Number of edges: 87188824
 Maximum node weight: 422

Coarsening -> Level 2 [max cluster weight: 421]:
 Total edge weight:   87764854
 Number of nodes:     112410 | Number of edges: 47299802
 Maximum node weight: 433

Coarsening -> Level 3 [max cluster weight: 421]:
 Total edge weight:   87575664
 Number of nodes:     43369 | Number of edges: 23310818
 Maximum node weight: 433

Coarsening -> Level 4 [max cluster weight: 421]:
 Total edge weight:   87503344
 Number of nodes:     16820 | Number of edges: 11714456
 Maximum node weight: 433

Coarsening -> Level 5 [max cluster weight: 421]:
 Total edge weight:   87472960
 Number of nodes:     6407 | Number of edges: 5524372
 Maximum node weight: 527

==> Coarsening terminated with less than 10240 nodes

Initial partitioning:
 Number of blocks: 16

Uncoarsening -> Level 4
 Number of nodes: 16820 | Number of edges: 11714456
  Running refinement on 16 blocks
   1. Greedy Balancer
   2. Label Propagation

Uncoarsening -> Level 3
 Number of nodes: 43369 | Number of edges: 23310818
  Running refinement on 16 blocks
   1. Greedy Balancer
   2. Label Propagation

Uncoarsening -> Level 2
 Number of nodes: 112410 | Number of edges: 47299802
  Running refinement on 16 blocks
   1. Greedy Balancer
   2. Label Propagation

Uncoarsening -> Level 1
 Number of nodes: 290577 | Number of edges: 87188824
  Running refinement on 16 blocks
   1. Greedy Balancer
   2. Label Propagation

Uncoarsening -> Level 0
 Number of nodes: 795241 | Number of edges: 89238804
  Running refinement on 16 blocks
   1. Greedy Balancer
   2. Label Propagation
############################################################# Result Summary ###
RESULT cut=39132148 imbalance=0.0299988 feasible=1 k=16
TIME read_input_graph=0.779 partitioning=1.633 partitioning.rearrange_by_degree-buckets=0.051 partitioning.rearrange_by_degree-buckets.sort_nodes_by_integer_buckets=0.006 partitioning.rearrange_by_degree-buckets.rearrange_input_graph=0.040 partitioning.rearrange_by_degree-buckets.deallocation=0.001 partitioning.refinement=0.000 partitioning.refinement.allocation=0.000 partitioning.coarsening=0.873 partitioning.coarsening.level[0]=0.317 partitioning.coarsening.level[0].label_propagation=0.030 partitioning.coarsening.level[0].label_propagation.allocation=0.004 partitioning.coarsening.level[0].label_propagation.iteration[0]=0.020 partitioning.coarsening.level[0].label_propagation.iteration[0].first_phase=0.017 partitioning.coarsening.level[0].label_propagation.handle_isolated_nodes=0.000 partitioning.coarsening.level[0].label_propagation.handle_two-hop_nodes=0.000 partitioning.coarsening.level[0].label_propagation.free=0.005 partitioning.coarsening.level[0].contract_graph=0.285 partitioning.coarsening.level[0].contract_graph.allocation=0.000 partitioning.coarsening.level[0].contract_graph.preprocessing=0.003 partitioning.coarsening.level[0].contract_graph.deallocation=0.000 partitioning.coarsening.level[0].contract_graph.construct_coarse_graph=0.278 partitioning.coarsening.level[0].contract_graph.construct_coarse_graph.aggregate_coarse_edges=0.261 partitioning.coarsening.level[0].contract_graph.construct_coarse_graph.aggregate_coarse_edges.first_phase=0.155 partitioning.coarsening.level[0].contract_graph.construct_coarse_graph.aggregate_coarse_edges.second_phase=0.097 partitioning.coarsening.level[0].contract_graph.construct_coarse_graph.remap_coarse_edges_and_mapping=0.016 partitioning.coarsening.level[1]=0.256 partitioning.coarsening.level[1].label_propagation=0.125 partitioning.coarsening.level[1].label_propagation.allocation=0.000 partitioning.coarsening.level[1].label_propagation.iteration[0]=0.124 partitioning.coarsening.level[1].label_propagation.iteration[0].first_phase=0.091 partitioning.coarsening.level[1].label_propagation.iteration[0].second_phase=0.033 partitioning.coarsening.level[1].label_propagation.handle_isolated_nodes=0.000 partitioning.coarsening.level[1].label_propagation.handle_two-hop_nodes=0.000 partitioning.coarsening.level[1].contract_graph=0.131 partitioning.coarsening.level[1].contract_graph.allocation=0.000 partitioning.coarsening.level[1].contract_graph.preprocessing=0.006 partitioning.coarsening.level[1].contract_graph.deallocation=0.000 partitioning.coarsening.level[1].contract_graph.construct_coarse_graph=0.122 partitioning.coarsening.level[1].contract_graph.construct_coarse_graph.aggregate_coarse_edges=0.114 partitioning.coarsening.level[1].contract_graph.construct_coarse_graph.aggregate_coarse_edges.first_phase=0.102 partitioning.coarsening.level[1].contract_graph.construct_coarse_graph.aggregate_coarse_edges.second_phase=0.012 partitioning.coarsening.level[1].contract_graph.construct_coarse_graph.remap_coarse_edges_and_mapping=0.007 partitioning.coarsening.level[2]=0.163 partitioning.coarsening.level[2].label_propagation=0.103 partitioning.coarsening.level[2].label_propagation.iteration[0]=0.103 partitioning.coarsening.level[2].label_propagation.iteration[0].first_phase=0.055 partitioning.coarsening.level[2].label_propagation.iteration[0].second_phase=0.048 partitioning.coarsening.level[2].label_propagation.handle_isolated_nodes=0.000 partitioning.coarsening.level[2].label_propagation.handle_two-hop_nodes=0.000 partitioning.coarsening.level[2].contract_graph=0.059 partitioning.coarsening.level[2].contract_graph.allocation=0.000 partitioning.coarsening.level[2].contract_graph.preprocessing=0.002 partitioning.coarsening.level[2].contract_graph.deallocation=0.000 partitioning.coarsening.level[2].contract_graph.construct_coarse_graph=0.055 partitioning.coarsening.level[2].contract_graph.construct_coarse_graph.aggregate_coarse_edges=0.051 partitioning.coarsening.level[2].contract_graph.construct_coarse_graph.aggregate_coarse_edges.first_phase=0.051 partitioning.coarsening.level[2].contract_graph.construct_coarse_graph.aggregate_coarse_edges.second_phase=0.000 partitioning.coarsening.level[2].contract_graph.construct_coarse_graph.remap_coarse_edges_and_mapping=0.003 partitioning.coarsening.level[3]=0.079 partitioning.coarsening.level[3].label_propagation=0.047 partitioning.coarsening.level[3].label_propagation.iteration[0]=0.047 partitioning.coarsening.level[3].label_propagation.iteration[0].first_phase=0.047 partitioning.coarsening.level[3].label_propagation.iteration[0].second_phase=0.000 partitioning.coarsening.level[3].label_propagation.handle_isolated_nodes=0.000 partitioning.coarsening.level[3].label_propagation.handle_two-hop_nodes=0.000 partitioning.coarsening.level[3].contract_graph=0.031 partitioning.coarsening.level[3].contract_graph.allocation=0.000 partitioning.coarsening.level[3].contract_graph.preprocessing=0.000 partitioning.coarsening.level[3].contract_graph.deallocation=0.000 partitioning.coarsening.level[3].contract_graph.construct_coarse_graph=0.030 partitioning.coarsening.level[3].contract_graph.construct_coarse_graph.aggregate_coarse_edges=0.028 partitioning.coarsening.level[3].contract_graph.construct_coarse_graph.aggregate_coarse_edges.first_phase=0.027 partitioning.coarsening.level[3].contract_graph.construct_coarse_graph.aggregate_coarse_edges.second_phase=0.000 partitioning.coarsening.level[3].contract_graph.construct_coarse_graph.remap_coarse_edges_and_mapping=0.001 partitioning.coarsening.level[4]=0.056 partitioning.coarsening.level[4].label_propagation=0.039 partitioning.coarsening.level[4].label_propagation.iteration[0]=0.039 partitioning.coarsening.level[4].label_propagation.iteration[0].first_phase=0.039 partitioning.coarsening.level[4].label_propagation.handle_isolated_nodes=0.000 partitioning.coarsening.level[4].label_propagation.handle_two-hop_nodes=0.000 partitioning.coarsening.level[4].contract_graph=0.016 partitioning.coarsening.level[4].contract_graph.allocation=0.000 partitioning.coarsening.level[4].contract_graph.preprocessing=0.000 partitioning.coarsening.level[4].contract_graph.deallocation=0.000 partitioning.coarsening.level[4].contract_graph.construct_coarse_graph=0.015 partitioning.coarsening.level[4].contract_graph.construct_coarse_graph.aggregate_coarse_edges=0.014 partitioning.coarsening.level[4].contract_graph.construct_coarse_graph.aggregate_coarse_edges.first_phase=0.014 partitioning.coarsening.level[4].contract_graph.construct_coarse_graph.aggregate_coarse_edges.second_phase=0.000 partitioning.coarsening.level[4].contract_graph.construct_coarse_graph.remap_coarse_edges_and_mapping=0.000 partitioning.coarsening.deallocation=0.000 partitioning.initial_partitioning_scheme=0.400 partitioning.uncoarsening=0.301 partitioning.uncoarsening.level[4]=0.009 partitioning.uncoarsening.level[4].allocation=0.000 partitioning.uncoarsening.level[4].project_partition=0.000 partitioning.uncoarsening.level[4].create_graph=0.000 partitioning.uncoarsening.level[4].refinement=0.007 partitioning.uncoarsening.level[4].refinement.greedy_balancer=0.000 partitioning.uncoarsening.level[4].refinement.label_propagation=0.007 partitioning.uncoarsening.level[4].refinement.label_propagation.allocation=0.000 partitioning.uncoarsening.level[4].refinement.label_propagation.iteration[0]=0.002 partitioning.uncoarsening.level[4].refinement.label_propagation.iteration[1]=0.001 partitioning.uncoarsening.level[4].refinement.label_propagation.iteration[2]=0.001 partitioning.uncoarsening.level[4].refinement.label_propagation.iteration[3]=0.000 partitioning.uncoarsening.level[4].refinement.label_propagation.iteration[4]=0.000 partitioning.uncoarsening.level[3]=0.020 partitioning.uncoarsening.level[3].allocation=0.000 partitioning.uncoarsening.level[3].project_partition=0.000 partitioning.uncoarsening.level[3].create_graph=0.000 partitioning.uncoarsening.level[3].refinement=0.018 partitioning.uncoarsening.level[3].refinement.greedy_balancer=0.000 partitioning.uncoarsening.level[3].refinement.label_propagation=0.018 partitioning.uncoarsening.level[3].refinement.label_propagation.iteration[0]=0.005 partitioning.uncoarsening.level[3].refinement.label_propagation.iteration[1]=0.003 partitioning.uncoarsening.level[3].refinement.label_propagation.iteration[2]=0.003 partitioning.uncoarsening.level[3].refinement.label_propagation.iteration[3]=0.002 partitioning.uncoarsening.level[3].refinement.label_propagation.iteration[4]=0.002 partitioning.uncoarsening.level[2]=0.045 partitioning.uncoarsening.level[2].allocation=0.000 partitioning.uncoarsening.level[2].project_partition=0.000 partitioning.uncoarsening.level[2].create_graph=0.000 partitioning.uncoarsening.level[2].refinement=0.043 partitioning.uncoarsening.level[2].refinement.greedy_balancer=0.000 partitioning.uncoarsening.level[2].refinement.label_propagation=0.042 partitioning.uncoarsening.level[2].refinement.label_propagation.iteration[0]=0.012 partitioning.uncoarsening.level[2].refinement.label_propagation.iteration[1]=0.008 partitioning.uncoarsening.level[2].refinement.label_propagation.iteration[2]=0.007 partitioning.uncoarsening.level[2].refinement.label_propagation.iteration[3]=0.007 partitioning.uncoarsening.level[2].refinement.label_propagation.iteration[4]=0.006 partitioning.uncoarsening.level[1]=0.100 partitioning.uncoarsening.level[1].allocation=0.000 partitioning.uncoarsening.level[1].project_partition=0.000 partitioning.uncoarsening.level[1].create_graph=0.000 partitioning.uncoarsening.level[1].refinement=0.097 partitioning.uncoarsening.level[1].refinement.greedy_balancer=0.000 partitioning.uncoarsening.level[1].refinement.label_propagation=0.097 partitioning.uncoarsening.level[1].refinement.label_propagation.iteration[0]=0.027 partitioning.uncoarsening.level[1].refinement.label_propagation.iteration[1]=0.019 partitioning.uncoarsening.level[1].refinement.label_propagation.iteration[2]=0.018 partitioning.uncoarsening.level[1].refinement.label_propagation.iteration[3]=0.016 partitioning.uncoarsening.level[1].refinement.label_propagation.iteration[4]=0.015 partitioning.uncoarsening.level[0]=0.126 partitioning.uncoarsening.level[0].allocation=0.006 partitioning.uncoarsening.level[0].project_partition=0.000 partitioning.uncoarsening.level[0].create_graph=0.000 partitioning.uncoarsening.level[0].refinement=0.113 partitioning.uncoarsening.level[0].refinement.greedy_balancer=0.000 partitioning.uncoarsening.level[0].refinement.label_propagation=0.113 partitioning.uncoarsening.level[0].refinement.label_propagation.iteration[0]=0.051 partitioning.uncoarsening.level[0].refinement.label_propagation.iteration[1]=0.020 partitioning.uncoarsening.level[0].refinement.label_propagation.iteration[2]=0.013 partitioning.uncoarsening.level[0].refinement.label_propagation.iteration[3]=0.015 partitioning.uncoarsening.level[0].refinement.label_propagation.iteration[4]=0.011 partitioning.deallocation=0.005 partitioning.re-integrate_isolated_nodes=0.002 io=0.000 
MEMORY disabled

Global Timer: ................................... 2.416 s    
|- Read input graph: ............................ 0.779 s    
|- Partitioning: ................................ 1.633 s    
|  |- Rearrange by degree-buckets: .............. 0.051 s    
|  |  |- Sort nodes by integer buckets: ......... 0.006 s    
|  |  |- Rearrange input graph: ................. 0.040 s    
|  |  `- Deallocation: .......................... 0.001 s    
|  |- Refinement: ............................... 0.000 s    
|  |  `- Allocation: ............................ 0.000 s    
|  |- Coarsening: ............................... 0.873 s    
|  |  |- Level (0): ............................. 0.317 s    
|  |  |  |- Label Propagation: .................. 0.030 s    
|  |  |  |  |- Allocation: ...................... 0.004 s    
|  |  |  |  |- Iteration (0): ................... 0.020 s    
|  |  |  |  |  `- First phase: .................. 0.017 s    
|  |  |  |  |- Handle isolated nodes: ........... 0.000 s    
|  |  |  |  |- Handle two-hop nodes: ............ 0.000 s    
|  |  |  |  `- Free: ............................ 0.005 s    
|  |  |  `- Contract graph: ..................... 0.285 s    
|  |  |     |- Allocation: ...................... 0.000 s (3)
|  |  |     |- Preprocessing: ................... 0.003 s (3)
|  |  |     |- Deallocation: .................... 0.000 s    
|  |  |     `- Construct coarse graph: .......... 0.278 s    
|  |  |        |- Aggregate coarse edges: ....... 0.261 s    
|  |  |        |  |- First phase: ............... 0.155 s    
|  |  |        |  `- Second phase: .............. 0.097 s    
|  |  |        `- Remap coarse edges and mapping: 0.016 s    
|  |  |- Level (1): ............................. 0.256 s    
|  |  |  |- Label Propagation: .................. 0.125 s    
|  |  |  |  |- Allocation: ...................... 0.000 s    
|  |  |  |  |- Iteration (0): ................... 0.124 s    
|  |  |  |  |  |- First phase: .................. 0.091 s    
|  |  |  |  |  `- Second phase: ................. 0.033 s    
|  |  |  |  |- Handle isolated nodes: ........... 0.000 s    
|  |  |  |  `- Handle two-hop nodes: ............ 0.000 s    
|  |  |  `- Contract graph: ..................... 0.131 s    
|  |  |     |- Allocation: ...................... 0.000 s (3)
|  |  |     |- Preprocessing: ................... 0.006 s (3)
|  |  |     |- Deallocation: .................... 0.000 s    
|  |  |     `- Construct coarse graph: .......... 0.122 s    
|  |  |        |- Aggregate coarse edges: ....... 0.114 s    
|  |  |        |  |- First phase: ............... 0.102 s    
|  |  |        |  `- Second phase: .............. 0.012 s    
|  |  |        `- Remap coarse edges and mapping: 0.007 s    
|  |  |- Level (2): ............................. 0.163 s    
|  |  |  |- Label Propagation: .................. 0.103 s    
|  |  |  |  |- Iteration (0): ................... 0.103 s    
|  |  |  |  |  |- First phase: .................. 0.055 s    
|  |  |  |  |  `- Second phase: ................. 0.048 s    
|  |  |  |  |- Handle isolated nodes: ........... 0.000 s    
|  |  |  |  `- Handle two-hop nodes: ............ 0.000 s    
|  |  |  `- Contract graph: ..................... 0.059 s    
|  |  |     |- Allocation: ...................... 0.000 s (3)
|  |  |     |- Preprocessing: ................... 0.002 s (3)
|  |  |     |- Deallocation: .................... 0.000 s    
|  |  |     `- Construct coarse graph: .......... 0.055 s    
|  |  |        |- Aggregate coarse edges: ....... 0.051 s    
|  |  |        |  |- First phase: ............... 0.051 s    
|  |  |        |  `- Second phase: .............. 0.000 s    
|  |  |        `- Remap coarse edges and mapping: 0.003 s    
|  |  |- Level (3): ............................. 0.079 s    
|  |  |  |- Label Propagation: .................. 0.047 s    
|  |  |  |  |- Iteration (0): ................... 0.047 s    
|  |  |  |  |  |- First phase: .................. 0.047 s    
|  |  |  |  |  `- Second phase: ................. 0.000 s    
|  |  |  |  |- Handle isolated nodes: ........... 0.000 s    
|  |  |  |  `- Handle two-hop nodes: ............ 0.000 s    
|  |  |  `- Contract graph: ..................... 0.031 s    
|  |  |     |- Allocation: ...................... 0.000 s (3)
|  |  |     |- Preprocessing: ................... 0.000 s (3)
|  |  |     |- Deallocation: .................... 0.000 s    
|  |  |     `- Construct coarse graph: .......... 0.030 s    
|  |  |        |- Aggregate coarse edges: ....... 0.028 s    
|  |  |        |  |- First phase: ............... 0.027 s    
|  |  |        |  `- Second phase: .............. 0.000 s    
|  |  |        `- Remap coarse edges and mapping: 0.001 s    
|  |  |- Level (4): ............................. 0.056 s    
|  |  |  |- Label Propagation: .................. 0.039 s    
|  |  |  |  |- Iteration (0): ................... 0.039 s    
|  |  |  |  |  `- First phase: .................. 0.039 s    
|  |  |  |  |- Handle isolated nodes: ........... 0.000 s    
|  |  |  |  `- Handle two-hop nodes: ............ 0.000 s    
|  |  |  `- Contract graph: ..................... 0.016 s    
|  |  |     |- Allocation: ...................... 0.000 s (3)
|  |  |     |- Preprocessing: ................... 0.000 s (3)
|  |  |     |- Deallocation: .................... 0.000 s    
|  |  |     `- Construct coarse graph: .......... 0.015 s    
|  |  |        |- Aggregate coarse edges: ....... 0.014 s    
|  |  |        |  |- First phase: ............... 0.014 s    
|  |  |        |  `- Second phase: .............. 0.000 s    
|  |  |        `- Remap coarse edges and mapping: 0.000 s    
|  |  `- Deallocation: .......................... 0.000 s    
|  |- Initial partitioning scheme: .............. 0.400 s    
|  |- Uncoarsening: ............................. 0.301 s    
|  |  |- Level (4): ............................. 0.009 s    
|  |  |  |- Allocation: ......................... 0.000 s    
|  |  |  |- Project partition: .................. 0.000 s    
|  |  |  |- Create graph: ....................... 0.000 s    
|  |  |  `- Refinement: ......................... 0.007 s    
|  |  |     |- Greedy Balancer: ................. 0.000 s    
|  |  |     `- Label Propagation: ............... 0.007 s    
|  |  |        |- Allocation: ................... 0.000 s    
|  |  |        |- Iteration (0): ................ 0.002 s    
|  |  |        |- Iteration (1): ................ 0.001 s    
|  |  |        |- Iteration (2): ................ 0.001 s    
|  |  |        |- Iteration (3): ................ 0.000 s    
|  |  |        `- Iteration (4): ................ 0.000 s    
|  |  |- Level (3): ............................. 0.020 s    
|  |  |  |- Allocation: ......................... 0.000 s    
|  |  |  |- Project partition: .................. 0.000 s    
|  |  |  |- Create graph: ....................... 0.000 s    
|  |  |  `- Refinement: ......................... 0.018 s    
|  |  |     |- Greedy Balancer: ................. 0.000 s    
|  |  |     `- Label Propagation: ............... 0.018 s    
|  |  |        |- Iteration (0): ................ 0.005 s    
|  |  |        |- Iteration (1): ................ 0.003 s    
|  |  |        |- Iteration (2): ................ 0.003 s    
|  |  |        |- Iteration (3): ................ 0.002 s    
|  |  |        `- Iteration (4): ................ 0.002 s    
|  |  |- Level (2): ............................. 0.045 s    
|  |  |  |- Allocation: ......................... 0.000 s    
|  |  |  |- Project partition: .................. 0.000 s    
|  |  |  |- Create graph: ....................... 0.000 s    
|  |  |  `- Refinement: ......................... 0.043 s    
|  |  |     |- Greedy Balancer: ................. 0.000 s    
|  |  |     `- Label Propagation: ............... 0.042 s    
|  |  |        |- Iteration (0): ................ 0.012 s    
|  |  |        |- Iteration (1): ................ 0.008 s    
|  |  |        |- Iteration (2): ................ 0.007 s    
|  |  |        |- Iteration (3): ................ 0.007 s    
|  |  |        `- Iteration (4): ................ 0.006 s    
|  |  |- Level (1): ............................. 0.100 s    
|  |  |  |- Allocation: ......................... 0.000 s    
|  |  |  |- Project partition: .................. 0.000 s    
|  |  |  |- Create graph: ....................... 0.000 s    
|  |  |  `- Refinement: ......................... 0.097 s    
|  |  |     |- Greedy Balancer: ................. 0.000 s    
|  |  |     `- Label Propagation: ............... 0.097 s    
|  |  |        |- Iteration (0): ................ 0.027 s    
|  |  |        |- Iteration (1): ................ 0.019 s    
|  |  |        |- Iteration (2): ................ 0.018 s    
|  |  |        |- Iteration (3): ................ 0.016 s    
|  |  |        `- Iteration (4): ................ 0.015 s    
|  |  `- Level (0): ............................. 0.126 s    
|  |     |- Allocation: ......................... 0.006 s    
|  |     |- Project partition: .................. 0.000 s    
|  |     |- Create graph: ....................... 0.000 s    
|  |     `- Refinement: ......................... 0.113 s    
|  |        |- Greedy Balancer: ................. 0.000 s    
|  |        `- Label Propagation: ............... 0.113 s    
|  |           |- Iteration (0): ................ 0.051 s    
|  |           |- Iteration (1): ................ 0.020 s    
|  |           |- Iteration (2): ................ 0.013 s    
|  |           |- Iteration (3): ................ 0.015 s    
|  |           `- Iteration (4): ................ 0.011 s    
|  |- Deallocation: ............................. 0.005 s    
|  `- Re-integrate isolated nodes: .............. 0.002 s    
`- IO: .......................................... 0.000 s    

Partition summary:
  Number of blocks: 16
  Edge cut:         39132148
  Imbalance:        0.0299988
  Feasible:         yes

Block weights:
  w(0 ) = 67502     w(1 ) = 67502     w(2 ) = 67502     w(3 ) = 67502   
  w(4 ) = 67502     w(5 ) = 67502     w(6 ) = 67502     w(7 ) = 36047   
  w(8 ) = 67502     w(9 ) = 67502     w(10) = 67501     w(11) = 67502   
  w(12) = 67502     w(13) = 67502     w(14) = 67502     w(15) = 67502   

Maximum resident set size: 2838792 KiB
