################################################################################
#                _  __       __  __  _         ____                            #
#               | |/ / __ _ |  \/  |(_) _ __  |  _ \  __ _  _ __               #
#               | ' / / _` || |\/| || || '_ \ | |_) |/ _` || '__|              #
#               | . \| (_| || |  | || || | | ||  __/| (_| || |                 #
#               |_|\_\\__,_||_|  |_||_||_| |_||_|    \__,_||_|                 #
#                                                                              #
################################################################################
Current commit hash:          99c62314d27845b3825829ec1e3e97256490627d
Assertion level:              always+light
Statistics:                   disabled
Built on:                     liskov
Data type sizes:
  Nodes IDs: 4 bytes | Node weights: 4 bytes
  Edges IDs: 4 bytes | Edge weights: 4 bytes
############################################################## Input Summary ###
Execution mode:               64
Seed:                         1
Graph:                        kron_g500-simple-logn21 [node ordering: deg-buckets] [edge ordering: natural]
  Number of nodes:              2097152 (unweighted)
  Number of edges:            182081864 (unweighted)
Number of blocks:             16
Maximum block weight:         135004 (131072 + 3% / 3%)
---------------------------------------------------------- Graph Compression ---
Enabled:                      no
-------------------------------------------------------- Partitioning Scheme ---
Partitioning mode:            deep
  Deep initial part. mode:    async-parallel
  Deep initial part. load:    1
Subgraph memory:              Lazy
----------------------------------------------------------------- Coarsening ---
Contraction limit:            160
Coarsening algorithm:         clustering
  Cluster weight limit:       static-block-weight x 0.00625
  Shrink factor:              2.5
  Max mem-free level:         1
  Clustering algorithm:       lp
    Number of iterations:     1
    High degree threshold:    4294967295
    Max degree:               4294967295
    Tie breaking strategy:    uniform
    Implementation:           two-phase
      Relabel:                no
    2-hop clustering:         match-threadwise, if |Vcoarse| > 0.500000 * |V|
    Isolated nodes:           match-during-two-hop
  Forced hierarchy levels:    <none> (leeway: U=10.000000, L=1.100000)
Contraction algorithm:        unbuffered
  Implementation:             two-phase
------------------------------------------------------- Initial Partitioning ---
Adaptive algorithm selection: yes
----------------------------------------------------------------- Refinement ---
Refinement algorithms:        [greedy-balancer -> lp]
Label propagation:
  Number of iterations:       5
  Tie breaking strategy:      uniform
  Implementation:             single-phase
############################################################## Preprocessing ###
Removed 553065 isolated nodes
  Remaining nodes:             1544087
  Remaining total node weight: 1544087
############################################################### Partitioning ###
Input graph:
 Number of nodes: 1544087 | Number of edges: 182081864
 Maximum node weight: 1

Coarsening -> Level 1 [max cluster weight: 843]:
 Total edge weight:   180156066
 Number of nodes:     581228 | Number of edges: 178462162
 Maximum node weight: 843

Coarsening -> Level 2 [max cluster weight: 843]:
 Total edge weight:   179259064
 Number of nodes:     230091 | Number of edges: 97526606
 Maximum node weight: 844

Coarsening -> Level 3 [max cluster weight: 843]:
 Total edge weight:   178847666
 Number of nodes:     89266 | Number of edges: 41425754
 Maximum node weight: 844

Coarsening -> Level 4 [max cluster weight: 843]:
 Total edge weight:   178703288
 Number of nodes:     34490 | Number of edges: 19685232
 Maximum node weight: 844

Coarsening -> Level 5 [max cluster weight: 843]:
 Total edge weight:   178647486
 Number of nodes:     13199 | Number of edges: 9112800
 Maximum node weight: 1686

Coarsening -> Level 6 [max cluster weight: 843]:
 Total edge weight:   178628714
 Number of nodes:     6841 | Number of edges: 4517406
 Maximum node weight: 1686

==> Coarsening terminated with less than 10240 nodes

Initial partitioning:
 Number of blocks: 16

Uncoarsening -> Level 5
 Number of nodes: 13199 | Number of edges: 9112800
  Running refinement on 16 blocks
   1. Greedy Balancer
   2. Label Propagation

Uncoarsening -> Level 4
 Number of nodes: 34490 | Number of edges: 19685232
  Running refinement on 16 blocks
   1. Greedy Balancer
   2. Label Propagation

Uncoarsening -> Level 3
 Number of nodes: 89266 | Number of edges: 41425754
  Running refinement on 16 blocks
   1. Greedy Balancer
   2. Label Propagation

Uncoarsening -> Level 2
 Number of nodes: 230091 | Number of edges: 97526606
  Running refinement on 16 blocks
   1. Greedy Balancer
   2. Label Propagation

Uncoarsening -> Level 1
 Number of nodes: 581228 | Number of edges: 178462162
  Running refinement on 16 blocks
   1. Greedy Balancer
   2. Label Propagation

Uncoarsening -> Level 0
 Number of nodes: 1544087 | Number of edges: 182081864
  Running refinement on 16 blocks
   1. Greedy Balancer
   2. Label Propagation
############################################################# Result Summary ###
RESULT cut=80254796 imbalance=0.0299988 feasible=1 k=16
TIME read_input_graph=1.603 partitioning=4.579 partitioning.rearrange_by_degree-buckets=0.058 partitioning.rearrange_by_degree-buckets.sort_nodes_by_integer_buckets=0.015 partitioning.rearrange_by_degree-buckets.rearrange_input_graph=0.038 partitioning.rearrange_by_degree-buckets.deallocation=0.003 partitioning.refinement=0.000 partitioning.refinement.allocation=0.000 partitioning.coarsening=3.389 partitioning.coarsening.level[0]=0.581 partitioning.coarsening.level[0].label_propagation=0.045 partitioning.coarsening.level[0].label_propagation.allocation=0.009 partitioning.coarsening.level[0].label_propagation.iteration[0]=0.024 partitioning.coarsening.level[0].label_propagation.iteration[0].first_phase=0.021 partitioning.coarsening.level[0].label_propagation.handle_isolated_nodes=0.000 partitioning.coarsening.level[0].label_propagation.handle_two-hop_nodes=0.000 partitioning.coarsening.level[0].label_propagation.free=0.005 partitioning.coarsening.level[0].contract_graph=0.534 partitioning.coarsening.level[0].contract_graph.allocation=0.001 partitioning.coarsening.level[0].contract_graph.preprocessing=0.005 partitioning.coarsening.level[0].contract_graph.deallocation=0.000 partitioning.coarsening.level[0].contract_graph.construct_coarse_graph=0.520 partitioning.coarsening.level[0].contract_graph.construct_coarse_graph.aggregate_coarse_edges=0.493 partitioning.coarsening.level[0].contract_graph.construct_coarse_graph.aggregate_coarse_edges.first_phase=0.313 partitioning.coarsening.level[0].contract_graph.construct_coarse_graph.aggregate_coarse_edges.second_phase=0.164 partitioning.coarsening.level[0].contract_graph.construct_coarse_graph.remap_coarse_edges_and_mapping=0.026 partitioning.coarsening.level[1]=1.454 partitioning.coarsening.level[1].label_propagation=0.859 partitioning.coarsening.level[1].label_propagation.allocation=0.000 partitioning.coarsening.level[1].label_propagation.iteration[0]=0.859 partitioning.coarsening.level[1].label_propagation.iteration[0].first_phase=0.717 partitioning.coarsening.level[1].label_propagation.iteration[0].second_phase=0.141 partitioning.coarsening.level[1].label_propagation.handle_isolated_nodes=0.000 partitioning.coarsening.level[1].label_propagation.handle_two-hop_nodes=0.000 partitioning.coarsening.level[1].contract_graph=0.594 partitioning.coarsening.level[1].contract_graph.allocation=0.000 partitioning.coarsening.level[1].contract_graph.preprocessing=0.011 partitioning.coarsening.level[1].contract_graph.deallocation=0.000 partitioning.coarsening.level[1].contract_graph.construct_coarse_graph=0.579 partitioning.coarsening.level[1].contract_graph.construct_coarse_graph.aggregate_coarse_edges=0.564 partitioning.coarsening.level[1].contract_graph.construct_coarse_graph.aggregate_coarse_edges.first_phase=0.145 partitioning.coarsening.level[1].contract_graph.construct_coarse_graph.aggregate_coarse_edges.second_phase=0.418 partitioning.coarsening.level[1].contract_graph.construct_coarse_graph.remap_coarse_edges_and_mapping=0.014 partitioning.coarsening.level[2]=0.613 partitioning.coarsening.level[2].label_propagation=0.509 partitioning.coarsening.level[2].label_propagation.iteration[0]=0.509 partitioning.coarsening.level[2].label_propagation.iteration[0].first_phase=0.407 partitioning.coarsening.level[2].label_propagation.iteration[0].second_phase=0.101 partitioning.coarsening.level[2].label_propagation.handle_isolated_nodes=0.000 partitioning.coarsening.level[2].label_propagation.handle_two-hop_nodes=0.000 partitioning.coarsening.level[2].contract_graph=0.103 partitioning.coarsening.level[2].contract_graph.allocation=0.000 partitioning.coarsening.level[2].contract_graph.preprocessing=0.005 partitioning.coarsening.level[2].contract_graph.deallocation=0.000 partitioning.coarsening.level[2].contract_graph.construct_coarse_graph=0.096 partitioning.coarsening.level[2].contract_graph.construct_coarse_graph.aggregate_coarse_edges=0.090 partitioning.coarsening.level[2].contract_graph.construct_coarse_graph.aggregate_coarse_edges.first_phase=0.089 partitioning.coarsening.level[2].contract_graph.construct_coarse_graph.aggregate_coarse_edges.second_phase=0.000 partitioning.coarsening.level[2].contract_graph.construct_coarse_graph.remap_coarse_edges_and_mapping=0.006 partitioning.coarsening.level[3]=0.369 partitioning.coarsening.level[3].label_propagation=0.313 partitioning.coarsening.level[3].label_propagation.iteration[0]=0.313 partitioning.coarsening.level[3].label_propagation.iteration[0].first_phase=0.270 partitioning.coarsening.level[3].label_propagation.iteration[0].second_phase=0.043 partitioning.coarsening.level[3].label_propagation.handle_isolated_nodes=0.000 partitioning.coarsening.level[3].label_propagation.handle_two-hop_nodes=0.000 partitioning.coarsening.level[3].contract_graph=0.055 partitioning.coarsening.level[3].contract_graph.allocation=0.000 partitioning.coarsening.level[3].contract_graph.preprocessing=0.001 partitioning.coarsening.level[3].contract_graph.deallocation=0.000 partitioning.coarsening.level[3].contract_graph.construct_coarse_graph=0.052 partitioning.coarsening.level[3].contract_graph.construct_coarse_graph.aggregate_coarse_edges=0.049 partitioning.coarsening.level[3].contract_graph.construct_coarse_graph.aggregate_coarse_edges.first_phase=0.049 partitioning.coarsening.level[3].contract_graph.construct_coarse_graph.aggregate_coarse_edges.second_phase=0.000 partitioning.coarsening.level[3].contract_graph.construct_coarse_graph.remap_coarse_edges_and_mapping=0.003 partitioning.coarsening.level[4]=0.243 partitioning.coarsening.level[4].label_propagation=0.216 partitioning.coarsening.level[4].label_propagation.iteration[0]=0.216 partitioning.coarsening.level[4].label_propagation.iteration[0].first_phase=0.216 partitioning.coarsening.level[4].label_propagation.handle_isolated_nodes=0.000 partitioning.coarsening.level[4].label_propagation.handle_two-hop_nodes=0.000 partitioning.coarsening.level[4].contract_graph=0.027 partitioning.coarsening.level[4].contract_graph.allocation=0.000 partitioning.coarsening.level[4].contract_graph.preprocessing=0.000 partitioning.coarsening.level[4].contract_graph.deallocation=0.000 partitioning.coarsening.level[4].contract_graph.construct_coarse_graph=0.026 partitioning.coarsening.level[4].contract_graph.construct_coarse_graph.aggregate_coarse_edges=0.024 partitioning.coarsening.level[4].contract_graph.construct_coarse_graph.aggregate_coarse_edges.first_phase=0.024 partitioning.coarsening.level[4].contract_graph.construct_coarse_graph.aggregate_coarse_edges.second_phase=0.000 partitioning.coarsening.level[4].contract_graph.construct_coarse_graph.remap_coarse_edges_and_mapping=0.001 partitioning.coarsening.level[5]=0.127 partitioning.coarsening.level[5].label_propagation=0.112 partitioning.coarsening.level[5].label_propagation.iteration[0]=0.112 partitioning.coarsening.level[5].label_propagation.iteration[0].first_phase=0.112 partitioning.coarsening.level[5].label_propagation.handle_isolated_nodes=0.000 partitioning.coarsening.level[5].label_propagation.handle_two-hop_nodes=0.000 partitioning.coarsening.level[5].contract_graph=0.014 partitioning.coarsening.level[5].contract_graph.allocation=0.000 partitioning.coarsening.level[5].contract_graph.preprocessing=0.000 partitioning.coarsening.level[5].contract_graph.deallocation=0.000 partitioning.coarsening.level[5].contract_graph.construct_coarse_graph=0.013 partitioning.coarsening.level[5].contract_graph.construct_coarse_graph.aggregate_coarse_edges=0.012 partitioning.coarsening.level[5].contract_graph.construct_coarse_graph.aggregate_coarse_edges.first_phase=0.012 partitioning.coarsening.level[5].contract_graph.construct_coarse_graph.aggregate_coarse_edges.second_phase=0.000 partitioning.coarsening.level[5].contract_graph.construct_coarse_graph.remap_coarse_edges_and_mapping=0.000 partitioning.coarsening.deallocation=0.000 partitioning.initial_partitioning_scheme=0.392 partitioning.uncoarsening=0.727 partitioning.uncoarsening.level[5]=0.005 partitioning.uncoarsening.level[5].allocation=0.000 partitioning.uncoarsening.level[5].project_partition=0.000 partitioning.uncoarsening.level[5].create_graph=0.000 partitioning.uncoarsening.level[5].refinement=0.004 partitioning.uncoarsening.level[5].refinement.greedy_balancer=0.000 partitioning.uncoarsening.level[5].refinement.label_propagation=0.004 partitioning.uncoarsening.level[5].refinement.label_propagation.allocation=0.000 partitioning.uncoarsening.level[5].refinement.label_propagation.iteration[0]=0.002 partitioning.uncoarsening.level[5].refinement.label_propagation.iteration[1]=0.001 partitioning.uncoarsening.level[5].refinement.label_propagation.iteration[2]=0.000 partitioning.uncoarsening.level[5].refinement.label_propagation.iteration[3]=0.000 partitioning.uncoarsening.level[4]=0.016 partitioning.uncoarsening.level[4].allocation=0.000 partitioning.uncoarsening.level[4].project_partition=0.000 partitioning.uncoarsening.level[4].create_graph=0.000 partitioning.uncoarsening.level[4].refinement=0.014 partitioning.uncoarsening.level[4].refinement.greedy_balancer=0.000 partitioning.uncoarsening.level[4].refinement.label_propagation=0.014 partitioning.uncoarsening.level[4].refinement.label_propagation.iteration[0]=0.009 partitioning.uncoarsening.level[4].refinement.label_propagation.iteration[1]=0.002 partitioning.uncoarsening.level[4].refinement.label_propagation.iteration[2]=0.001 partitioning.uncoarsening.level[4].refinement.label_propagation.iteration[3]=0.000 partitioning.uncoarsening.level[4].refinement.label_propagation.iteration[4]=0.000 partitioning.uncoarsening.level[3]=0.042 partitioning.uncoarsening.level[3].allocation=0.000 partitioning.uncoarsening.level[3].project_partition=0.000 partitioning.uncoarsening.level[3].create_graph=0.000 partitioning.uncoarsening.level[3].refinement=0.039 partitioning.uncoarsening.level[3].refinement.greedy_balancer=0.000 partitioning.uncoarsening.level[3].refinement.label_propagation=0.038 partitioning.uncoarsening.level[3].refinement.label_propagation.iteration[0]=0.019 partitioning.uncoarsening.level[3].refinement.label_propagation.iteration[1]=0.007 partitioning.uncoarsening.level[3].refinement.label_propagation.iteration[2]=0.005 partitioning.uncoarsening.level[3].refinement.label_propagation.iteration[3]=0.004 partitioning.uncoarsening.level[3].refinement.label_propagation.iteration[4]=0.003 partitioning.uncoarsening.level[2]=0.109 partitioning.uncoarsening.level[2].allocation=0.000 partitioning.uncoarsening.level[2].project_partition=0.000 partitioning.uncoarsening.level[2].create_graph=0.000 partitioning.uncoarsening.level[2].refinement=0.106 partitioning.uncoarsening.level[2].refinement.greedy_balancer=0.000 partitioning.uncoarsening.level[2].refinement.label_propagation=0.106 partitioning.uncoarsening.level[2].refinement.label_propagation.iteration[0]=0.043 partitioning.uncoarsening.level[2].refinement.label_propagation.iteration[1]=0.018 partitioning.uncoarsening.level[2].refinement.label_propagation.iteration[2]=0.016 partitioning.uncoarsening.level[2].refinement.label_propagation.iteration[3]=0.014 partitioning.uncoarsening.level[2].refinement.label_propagation.iteration[4]=0.013 partitioning.uncoarsening.level[1]=0.277 partitioning.uncoarsening.level[1].allocation=0.000 partitioning.uncoarsening.level[1].project_partition=0.000 partitioning.uncoarsening.level[1].create_graph=0.000 partitioning.uncoarsening.level[1].refinement=0.272 partitioning.uncoarsening.level[1].refinement.greedy_balancer=0.000 partitioning.uncoarsening.level[1].refinement.label_propagation=0.272 partitioning.uncoarsening.level[1].refinement.label_propagation.iteration[0]=0.097 partitioning.uncoarsening.level[1].refinement.label_propagation.iteration[1]=0.056 partitioning.uncoarsening.level[1].refinement.label_propagation.iteration[2]=0.043 partitioning.uncoarsening.level[1].refinement.label_propagation.iteration[3]=0.037 partitioning.uncoarsening.level[1].refinement.label_propagation.iteration[4]=0.036 partitioning.uncoarsening.level[0]=0.276 partitioning.uncoarsening.level[0].allocation=0.004 partitioning.uncoarsening.level[0].project_partition=0.000 partitioning.uncoarsening.level[0].create_graph=0.000 partitioning.uncoarsening.level[0].refinement=0.264 partitioning.uncoarsening.level[0].refinement.greedy_balancer=0.000 partitioning.uncoarsening.level[0].refinement.label_propagation=0.263 partitioning.uncoarsening.level[0].refinement.label_propagation.iteration[0]=0.124 partitioning.uncoarsening.level[0].refinement.label_propagation.iteration[1]=0.043 partitioning.uncoarsening.level[0].refinement.label_propagation.iteration[2]=0.034 partitioning.uncoarsening.level[0].refinement.label_propagation.iteration[3]=0.031 partitioning.uncoarsening.level[0].refinement.label_propagation.iteration[4]=0.030 partitioning.deallocation=0.005 partitioning.re-integrate_isolated_nodes=0.005 io=0.001 
MEMORY disabled

Global Timer: ................................... 6.186 s    
|- Read input graph: ............................ 1.603 s    
|- Partitioning: ................................ 4.579 s    
|  |- Rearrange by degree-buckets: .............. 0.058 s    
|  |  |- Sort nodes by integer buckets: ......... 0.015 s    
|  |  |- Rearrange input graph: ................. 0.038 s    
|  |  `- Deallocation: .......................... 0.003 s    
|  |- Refinement: ............................... 0.000 s    
|  |  `- Allocation: ............................ 0.000 s    
|  |- Coarsening: ............................... 3.389 s    
|  |  |- Level (0): ............................. 0.581 s    
|  |  |  |- Label Propagation: .................. 0.045 s    
|  |  |  |  |- Allocation: ...................... 0.009 s    
|  |  |  |  |- Iteration (0): ................... 0.024 s    
|  |  |  |  |  `- First phase: .................. 0.021 s    
|  |  |  |  |- Handle isolated nodes: ........... 0.000 s    
|  |  |  |  |- Handle two-hop nodes: ............ 0.000 s    
|  |  |  |  `- Free: ............................ 0.005 s    
|  |  |  `- Contract graph: ..................... 0.534 s    
|  |  |     |- Allocation: ...................... 0.001 s (3)
|  |  |     |- Preprocessing: ................... 0.005 s (3)
|  |  |     |- Deallocation: .................... 0.000 s    
|  |  |     `- Construct coarse graph: .......... 0.520 s    
|  |  |        |- Aggregate coarse edges: ....... 0.493 s    
|  |  |        |  |- First phase: ............... 0.313 s    
|  |  |        |  `- Second phase: .............. 0.164 s    
|  |  |        `- Remap coarse edges and mapping: 0.026 s    
|  |  |- Level (1): ............................. 1.454 s    
|  |  |  |- Label Propagation: .................. 0.859 s    
|  |  |  |  |- Allocation: ...................... 0.000 s    
|  |  |  |  |- Iteration (0): ................... 0.859 s    
|  |  |  |  |  |- First phase: .................. 0.717 s    
|  |  |  |  |  `- Second phase: ................. 0.141 s    
|  |  |  |  |- Handle isolated nodes: ........... 0.000 s    
|  |  |  |  `- Handle two-hop nodes: ............ 0.000 s    
|  |  |  `- Contract graph: ..................... 0.594 s    
|  |  |     |- Allocation: ...................... 0.000 s (3)
|  |  |     |- Preprocessing: ................... 0.011 s (3)
|  |  |     |- Deallocation: .................... 0.000 s    
|  |  |     `- Construct coarse graph: .......... 0.579 s    
|  |  |        |- Aggregate coarse edges: ....... 0.564 s    
|  |  |        |  |- First phase: ............... 0.145 s    
|  |  |        |  `- Second phase: .............. 0.418 s    
|  |  |        `- Remap coarse edges and mapping: 0.014 s    
|  |  |- Level (2): ............................. 0.613 s    
|  |  |  |- Label Propagation: .................. 0.509 s    
|  |  |  |  |- Iteration (0): ................... 0.509 s    
|  |  |  |  |  |- First phase: .................. 0.407 s    
|  |  |  |  |  `- Second phase: ................. 0.101 s    
|  |  |  |  |- Handle isolated nodes: ........... 0.000 s    
|  |  |  |  `- Handle two-hop nodes: ............ 0.000 s    
|  |  |  `- Contract graph: ..................... 0.103 s    
|  |  |     |- Allocation: ...................... 0.000 s (3)
|  |  |     |- Preprocessing: ................... 0.005 s (3)
|  |  |     |- Deallocation: .................... 0.000 s    
|  |  |     `- Construct coarse graph: .......... 0.096 s    
|  |  |        |- Aggregate coarse edges: ....... 0.090 s    
|  |  |        |  |- First phase: ............... 0.089 s    
|  |  |        |  `- Second phase: .............. 0.000 s    
|  |  |        `- Remap coarse edges and mapping: 0.006 s    
|  |  |- Level (3): ............................. 0.369 s    
|  |  |  |- Label Propagation: .................. 0.313 s    
|  |  |  |  |- Iteration (0): ................... 0.313 s    
|  |  |  |  |  |- First phase: .................. 0.270 s    
|  |  |  |  |  `- Second phase: ................. 0.043 s    
|  |  |  |  |- Handle isolated nodes: ........... 0.000 s    
|  |  |  |  `- Handle two-hop nodes: ............ 0.000 s    
|  |  |  `- Contract graph: ..................... 0.055 s    
|  |  |     |- Allocation: ...................... 0.000 s (3)
|  |  |     |- Preprocessing: ................... 0.001 s (3)
|  |  |     |- Deallocation: .................... 0.000 s    
|  |  |     `- Construct coarse graph: .......... 0.052 s    
|  |  |        |- Aggregate coarse edges: ....... 0.049 s    
|  |  |        |  |- First phase: ............... 0.049 s    
|  |  |        |  `- Second phase: .............. 0.000 s    
|  |  |        `- Remap coarse edges and mapping: 0.003 s    
|  |  |- Level (4): ............................. 0.243 s    
|  |  |  |- Label Propagation: .................. 0.216 s    
|  |  |  |  |- Iteration (0): ................... 0.216 s    
|  |  |  |  |  `- First phase: .................. 0.216 s    
|  |  |  |  |- Handle isolated nodes: ........... 0.000 s    
|  |  |  |  `- Handle two-hop nodes: ............ 0.000 s    
|  |  |  `- Contract graph: ..................... 0.027 s    
|  |  |     |- Allocation: ...................... 0.000 s (3)
|  |  |     |- Preprocessing: ................... 0.000 s (3)
|  |  |     |- Deallocation: .................... 0.000 s    
|  |  |     `- Construct coarse graph: .......... 0.026 s    
|  |  |        |- Aggregate coarse edges: ....... 0.024 s    
|  |  |        |  |- First phase: ............... 0.024 s    
|  |  |        |  `- Second phase: .............. 0.000 s    
|  |  |        `- Remap coarse edges and mapping: 0.001 s    
|  |  |- Level (5): ............................. 0.127 s    
|  |  |  |- Label Propagation: .................. 0.112 s    
|  |  |  |  |- Iteration (0): ................... 0.112 s    
|  |  |  |  |  `- First phase: .................. 0.112 s    
|  |  |  |  |- Handle isolated nodes: ........... 0.000 s    
|  |  |  |  `- Handle two-hop nodes: ............ 0.000 s    
|  |  |  `- Contract graph: ..................... 0.014 s    
|  |  |     |- Allocation: ...................... 0.000 s (3)
|  |  |     |- Preprocessing: ................... 0.000 s (3)
|  |  |     |- Deallocation: .................... 0.000 s    
|  |  |     `- Construct coarse graph: .......... 0.013 s    
|  |  |        |- Aggregate coarse edges: ....... 0.012 s    
|  |  |        |  |- First phase: ............... 0.012 s    
|  |  |        |  `- Second phase: .............. 0.000 s    
|  |  |        `- Remap coarse edges and mapping: 0.000 s    
|  |  `- Deallocation: .......................... 0.000 s    
|  |- Initial partitioning scheme: .............. 0.392 s    
|  |- Uncoarsening: ............................. 0.727 s    
|  |  |- Level (5): ............................. 0.005 s    
|  |  |  |- Allocation: ......................... 0.000 s    
|  |  |  |- Project partition: .................. 0.000 s    
|  |  |  |- Create graph: ....................... 0.000 s    
|  |  |  `- Refinement: ......................... 0.004 s    
|  |  |     |- Greedy Balancer: ................. 0.000 s    
|  |  |     `- Label Propagation: ............... 0.004 s    
|  |  |        |- Allocation: ................... 0.000 s    
|  |  |        |- Iteration (0): ................ 0.002 s    
|  |  |        |- Iteration (1): ................ 0.001 s    
|  |  |        |- Iteration (2): ................ 0.000 s    
|  |  |        `- Iteration (3): ................ 0.000 s    
|  |  |- Level (4): ............................. 0.016 s    
|  |  |  |- Allocation: ......................... 0.000 s    
|  |  |  |- Project partition: .................. 0.000 s    
|  |  |  |- Create graph: ....................... 0.000 s    
|  |  |  `- Refinement: ......................... 0.014 s    
|  |  |     |- Greedy Balancer: ................. 0.000 s    
|  |  |     `- Label Propagation: ............... 0.014 s    
|  |  |        |- Iteration (0): ................ 0.009 s    
|  |  |        |- Iteration (1): ................ 0.002 s    
|  |  |        |- Iteration (2): ................ 0.001 s    
|  |  |        |- Iteration (3): ................ 0.000 s    
|  |  |        `- Iteration (4): ................ 0.000 s    
|  |  |- Level (3): ............................. 0.042 s    
|  |  |  |- Allocation: ......................... 0.000 s    
|  |  |  |- Project partition: .................. 0.000 s    
|  |  |  |- Create graph: ....................... 0.000 s    
|  |  |  `- Refinement: ......................... 0.039 s    
|  |  |     |- Greedy Balancer: ................. 0.000 s    
|  |  |     `- Label Propagation: ............... 0.038 s    
|  |  |        |- Iteration (0): ................ 0.019 s    
|  |  |        |- Iteration (1): ................ 0.007 s    
|  |  |        |- Iteration (2): ................ 0.005 s    
|  |  |        |- Iteration (3): ................ 0.004 s    
|  |  |        `- Iteration (4): ................ 0.003 s    
|  |  |- Level (2): ............................. 0.109 s    
|  |  |  |- Allocation: ......................... 0.000 s    
|  |  |  |- Project partition: .................. 0.000 s    
|  |  |  |- Create graph: ....................... 0.000 s    
|  |  |  `- Refinement: ......................... 0.106 s    
|  |  |     |- Greedy Balancer: ................. 0.000 s    
|  |  |     `- Label Propagation: ............... 0.106 s    
|  |  |        |- Iteration (0): ................ 0.043 s    
|  |  |        |- Iteration (1): ................ 0.018 s    
|  |  |        |- Iteration (2): ................ 0.016 s    
|  |  |        |- Iteration (3): ................ 0.014 s    
|  |  |        `- Iteration (4): ................ 0.013 s    
|  |  |- Level (1): ............................. 0.277 s    
|  |  |  |- Allocation: ......................... 0.000 s    
|  |  |  |- Project partition: .................. 0.000 s    
|  |  |  |- Create graph: ....................... 0.000 s    
|  |  |  `- Refinement: ......................... 0.272 s    
|  |  |     |- Greedy Balancer: ................. 0.000 s    
|  |  |     `- Label Propagation: ............... 0.272 s    
|  |  |        |- Iteration (0): ................ 0.097 s    
|  |  |        |- Iteration (1): ................ 0.056 s    
|  |  |        |- Iteration (2): ................ 0.043 s    
|  |  |        |- Iteration (3): ................ 0.037 s    
|  |  |        `- Iteration (4): ................ 0.036 s    
|  |  `- Level (0): ............................. 0.276 s    
|  |     |- Allocation: ......................... 0.004 s    
|  |     |- Project partition: .................. 0.000 s    
|  |     |- Create graph: ....................... 0.000 s    
|  |     `- Refinement: ......................... 0.264 s    
|  |        |- Greedy Balancer: ................. 0.000 s    
|  |        `- Label Propagation: ............... 0.263 s    
|  |           |- Iteration (0): ................ 0.124 s    
|  |           |- Iteration (1): ................ 0.043 s    
|  |           |- Iteration (2): ................ 0.034 s    
|  |           |- Iteration (3): ................ 0.031 s    
|  |           `- Iteration (4): ................ 0.030 s    
|  |- Deallocation: ............................. 0.005 s    
|  `- Re-integrate isolated nodes: .............. 0.005 s    
`- IO: .......................................... 0.001 s    

Partition summary:
  Number of blocks: 16
  Edge cut:         80254796
  Imbalance:        0.0299988
  Feasible:         yes

Block weights:
  w(0 ) = 135004    w(1 ) = 135004    w(2 ) = 135004    w(3 ) = 135004  
  w(4 ) = 135004    w(5 ) = 135004    w(6 ) = 135004    w(7 ) = 72093   
  w(8 ) = 135004    w(9 ) = 135004    w(10) = 135004    w(11) = 135003  
  w(12) = 135004    w(13) = 135004    w(14) = 135004    w(15) = 135004  

Maximum resident set size: 4827492 KiB
