################################################################################
#                _  __       __  __  _         ____                            #
#               | |/ / __ _ |  \/  |(_) _ __  |  _ \  __ _  _ __               #
#               | ' / / _` || |\/| || || '_ \ | |_) |/ _` || '__|              #
#               | . \| (_| || |  | || || | | ||  __/| (_| || |                 #
#               |_|\_\\__,_||_|  |_||_||_| |_||_|    \__,_||_|                 #
#                                                                              #
################################################################################
Current commit hash:          99c62314d27845b3825829ec1e3e97256490627d
Assertion level:              always+light
Statistics:                   disabled
Built on:                     liskov
Data type sizes:
  Nodes IDs: 4 bytes | Node weights: 4 bytes
  Edges IDs: 4 bytes | Edge weights: 4 bytes
############################################################## Input Summary ###
Execution mode:               64
Seed:                         1
Graph:                        kron_g500-simple-logn19 [node ordering: deg-buckets] [edge ordering: natural]
  Number of nodes:              524288 (unweighted)
  Number of edges:            43561574 (unweighted)
Number of blocks:             16
Maximum block weight:         33751 (32768 + 3% / 3%)
---------------------------------------------------------- Graph Compression ---
Enabled:                      no
-------------------------------------------------------- Partitioning Scheme ---
Partitioning mode:            deep
  Deep initial part. mode:    async-parallel
  Deep initial part. load:    1
Subgraph memory:              Lazy
----------------------------------------------------------------- Coarsening ---
Contraction limit:            160
Coarsening algorithm:         clustering
  Cluster weight limit:       static-block-weight x 0.00625
  Shrink factor:              2.5
  Max mem-free level:         1
  Clustering algorithm:       lp
    Number of iterations:     1
    High degree threshold:    4294967295
    Max degree:               4294967295
    Tie breaking strategy:    uniform
    Implementation:           two-phase
      Relabel:                no
    2-hop clustering:         match-threadwise, if |Vcoarse| > 0.500000 * |V|
    Isolated nodes:           match-during-two-hop
  Forced hierarchy levels:    <none> (leeway: U=10.000000, L=1.100000)
Contraction algorithm:        unbuffered
  Implementation:             two-phase
------------------------------------------------------- Initial Partitioning ---
Adaptive algorithm selection: yes
----------------------------------------------------------------- Refinement ---
Refinement algorithms:        [greedy-balancer -> lp]
Label propagation:
  Number of iterations:       5
  Tie breaking strategy:      uniform
  Implementation:             single-phase
############################################################## Preprocessing ###
Removed 115113 isolated nodes
  Remaining nodes:             409175
  Remaining total node weight: 409175
############################################################### Partitioning ###
Input graph:
 Number of nodes: 409175 | Number of edges: 43561574
 Maximum node weight: 1

Coarsening -> Level 1 [max cluster weight: 210]:
 Total edge weight:   43041310
 Number of nodes:     149096 | Number of edges: 42307398
 Maximum node weight: 211

Coarsening -> Level 2 [max cluster weight: 210]:
 Total edge weight:   42801048
 Number of nodes:     57344 | Number of edges: 23722250
 Maximum node weight: 227

Coarsening -> Level 3 [max cluster weight: 210]:
 Total edge weight:   42705800
 Number of nodes:     22035 | Number of edges: 12829772
 Maximum node weight: 420

Coarsening -> Level 4 [max cluster weight: 210]:
 Total edge weight:   42666930
 Number of nodes:     8472 | Number of edges: 6442010
 Maximum node weight: 420

==> Coarsening terminated with less than 10240 nodes

Initial partitioning:
 Number of blocks: 16

Uncoarsening -> Level 3
 Number of nodes: 22035 | Number of edges: 12829772
  Running refinement on 16 blocks
   1. Greedy Balancer
   2. Label Propagation

Uncoarsening -> Level 2
 Number of nodes: 57344 | Number of edges: 23722250
  Running refinement on 16 blocks
   1. Greedy Balancer
   2. Label Propagation

Uncoarsening -> Level 1
 Number of nodes: 149096 | Number of edges: 42307398
  Running refinement on 16 blocks
   1. Greedy Balancer
   2. Label Propagation

Uncoarsening -> Level 0
 Number of nodes: 409175 | Number of edges: 43561574
  Running refinement on 16 blocks
   1. Greedy Balancer
   2. Label Propagation
############################################################# Result Summary ###
RESULT cut=19284140 imbalance=0.0299988 feasible=1 k=16
TIME read_input_graph=0.374 partitioning=1.082 partitioning.rearrange_by_degree-buckets=0.023 partitioning.rearrange_by_degree-buckets.sort_nodes_by_integer_buckets=0.005 partitioning.rearrange_by_degree-buckets.rearrange_input_graph=0.014 partitioning.rearrange_by_degree-buckets.deallocation=0.000 partitioning.refinement=0.000 partitioning.refinement.allocation=0.000 partitioning.coarsening=0.411 partitioning.coarsening.level[0]=0.154 partitioning.coarsening.level[0].label_propagation=0.022 partitioning.coarsening.level[0].label_propagation.allocation=0.001 partitioning.coarsening.level[0].label_propagation.iteration[0]=0.014 partitioning.coarsening.level[0].label_propagation.iteration[0].first_phase=0.012 partitioning.coarsening.level[0].label_propagation.handle_isolated_nodes=0.000 partitioning.coarsening.level[0].label_propagation.handle_two-hop_nodes=0.000 partitioning.coarsening.level[0].label_propagation.free=0.006 partitioning.coarsening.level[0].contract_graph=0.132 partitioning.coarsening.level[0].contract_graph.allocation=0.000 partitioning.coarsening.level[0].contract_graph.preprocessing=0.005 partitioning.coarsening.level[0].contract_graph.deallocation=0.000 partitioning.coarsening.level[0].contract_graph.construct_coarse_graph=0.123 partitioning.coarsening.level[0].contract_graph.construct_coarse_graph.aggregate_coarse_edges=0.116 partitioning.coarsening.level[0].contract_graph.construct_coarse_graph.aggregate_coarse_edges.first_phase=0.098 partitioning.coarsening.level[0].contract_graph.construct_coarse_graph.aggregate_coarse_edges.second_phase=0.010 partitioning.coarsening.level[0].contract_graph.construct_coarse_graph.remap_coarse_edges_and_mapping=0.006 partitioning.coarsening.level[1]=0.139 partitioning.coarsening.level[1].label_propagation=0.058 partitioning.coarsening.level[1].label_propagation.allocation=0.000 partitioning.coarsening.level[1].label_propagation.iteration[0]=0.058 partitioning.coarsening.level[1].label_propagation.iteration[0].first_phase=0.043 partitioning.coarsening.level[1].label_propagation.iteration[0].second_phase=0.014 partitioning.coarsening.level[1].label_propagation.handle_isolated_nodes=0.000 partitioning.coarsening.level[1].label_propagation.handle_two-hop_nodes=0.000 partitioning.coarsening.level[1].contract_graph=0.080 partitioning.coarsening.level[1].contract_graph.allocation=0.000 partitioning.coarsening.level[1].contract_graph.preprocessing=0.000 partitioning.coarsening.level[1].contract_graph.deallocation=0.000 partitioning.coarsening.level[1].contract_graph.construct_coarse_graph=0.078 partitioning.coarsening.level[1].contract_graph.construct_coarse_graph.aggregate_coarse_edges=0.074 partitioning.coarsening.level[1].contract_graph.construct_coarse_graph.aggregate_coarse_edges.first_phase=0.073 partitioning.coarsening.level[1].contract_graph.construct_coarse_graph.aggregate_coarse_edges.second_phase=0.000 partitioning.coarsening.level[1].contract_graph.construct_coarse_graph.remap_coarse_edges_and_mapping=0.003 partitioning.coarsening.level[2]=0.064 partitioning.coarsening.level[2].label_propagation=0.034 partitioning.coarsening.level[2].label_propagation.iteration[0]=0.034 partitioning.coarsening.level[2].label_propagation.iteration[0].first_phase=0.032 partitioning.coarsening.level[2].label_propagation.iteration[0].second_phase=0.001 partitioning.coarsening.level[2].label_propagation.handle_isolated_nodes=0.000 partitioning.coarsening.level[2].label_propagation.handle_two-hop_nodes=0.000 partitioning.coarsening.level[2].contract_graph=0.030 partitioning.coarsening.level[2].contract_graph.allocation=0.000 partitioning.coarsening.level[2].contract_graph.preprocessing=0.001 partitioning.coarsening.level[2].contract_graph.deallocation=0.000 partitioning.coarsening.level[2].contract_graph.construct_coarse_graph=0.028 partitioning.coarsening.level[2].contract_graph.construct_coarse_graph.aggregate_coarse_edges=0.026 partitioning.coarsening.level[2].contract_graph.construct_coarse_graph.aggregate_coarse_edges.first_phase=0.026 partitioning.coarsening.level[2].contract_graph.construct_coarse_graph.aggregate_coarse_edges.second_phase=0.000 partitioning.coarsening.level[2].contract_graph.construct_coarse_graph.remap_coarse_edges_and_mapping=0.002 partitioning.coarsening.level[3]=0.053 partitioning.coarsening.level[3].label_propagation=0.034 partitioning.coarsening.level[3].label_propagation.iteration[0]=0.034 partitioning.coarsening.level[3].label_propagation.iteration[0].first_phase=0.034 partitioning.coarsening.level[3].label_propagation.handle_isolated_nodes=0.000 partitioning.coarsening.level[3].label_propagation.handle_two-hop_nodes=0.000 partitioning.coarsening.level[3].contract_graph=0.019 partitioning.coarsening.level[3].contract_graph.allocation=0.000 partitioning.coarsening.level[3].contract_graph.preprocessing=0.000 partitioning.coarsening.level[3].contract_graph.deallocation=0.000 partitioning.coarsening.level[3].contract_graph.construct_coarse_graph=0.017 partitioning.coarsening.level[3].contract_graph.construct_coarse_graph.aggregate_coarse_edges=0.016 partitioning.coarsening.level[3].contract_graph.construct_coarse_graph.aggregate_coarse_edges.first_phase=0.016 partitioning.coarsening.level[3].contract_graph.construct_coarse_graph.aggregate_coarse_edges.second_phase=0.000 partitioning.coarsening.level[3].contract_graph.construct_coarse_graph.remap_coarse_edges_and_mapping=0.001 partitioning.coarsening.deallocation=0.000 partitioning.initial_partitioning_scheme=0.478 partitioning.uncoarsening=0.162 partitioning.uncoarsening.level[3]=0.008 partitioning.uncoarsening.level[3].allocation=0.000 partitioning.uncoarsening.level[3].project_partition=0.000 partitioning.uncoarsening.level[3].create_graph=0.000 partitioning.uncoarsening.level[3].refinement=0.007 partitioning.uncoarsening.level[3].refinement.greedy_balancer=0.000 partitioning.uncoarsening.level[3].refinement.label_propagation=0.007 partitioning.uncoarsening.level[3].refinement.label_propagation.allocation=0.000 partitioning.uncoarsening.level[3].refinement.label_propagation.iteration[0]=0.003 partitioning.uncoarsening.level[3].refinement.label_propagation.iteration[1]=0.001 partitioning.uncoarsening.level[3].refinement.label_propagation.iteration[2]=0.001 partitioning.uncoarsening.level[3].refinement.label_propagation.iteration[3]=0.000 partitioning.uncoarsening.level[3].refinement.label_propagation.iteration[4]=0.000 partitioning.uncoarsening.level[2]=0.021 partitioning.uncoarsening.level[2].allocation=0.000 partitioning.uncoarsening.level[2].project_partition=0.000 partitioning.uncoarsening.level[2].create_graph=0.000 partitioning.uncoarsening.level[2].refinement=0.018 partitioning.uncoarsening.level[2].refinement.greedy_balancer=0.000 partitioning.uncoarsening.level[2].refinement.label_propagation=0.018 partitioning.uncoarsening.level[2].refinement.label_propagation.iteration[0]=0.006 partitioning.uncoarsening.level[2].refinement.label_propagation.iteration[1]=0.004 partitioning.uncoarsening.level[2].refinement.label_propagation.iteration[2]=0.003 partitioning.uncoarsening.level[2].refinement.label_propagation.iteration[3]=0.002 partitioning.uncoarsening.level[2].refinement.label_propagation.iteration[4]=0.002 partitioning.uncoarsening.level[1]=0.054 partitioning.uncoarsening.level[1].allocation=0.000 partitioning.uncoarsening.level[1].project_partition=0.000 partitioning.uncoarsening.level[1].create_graph=0.000 partitioning.uncoarsening.level[1].refinement=0.052 partitioning.uncoarsening.level[1].refinement.greedy_balancer=0.000 partitioning.uncoarsening.level[1].refinement.label_propagation=0.052 partitioning.uncoarsening.level[1].refinement.label_propagation.iteration[0]=0.015 partitioning.uncoarsening.level[1].refinement.label_propagation.iteration[1]=0.010 partitioning.uncoarsening.level[1].refinement.label_propagation.iteration[2]=0.009 partitioning.uncoarsening.level[1].refinement.label_propagation.iteration[3]=0.008 partitioning.uncoarsening.level[1].refinement.label_propagation.iteration[4]=0.008 partitioning.uncoarsening.level[0]=0.077 partitioning.uncoarsening.level[0].allocation=0.000 partitioning.uncoarsening.level[0].project_partition=0.000 partitioning.uncoarsening.level[0].create_graph=0.000 partitioning.uncoarsening.level[0].refinement=0.074 partitioning.uncoarsening.level[0].refinement.greedy_balancer=0.000 partitioning.uncoarsening.level[0].refinement.label_propagation=0.074 partitioning.uncoarsening.level[0].refinement.label_propagation.iteration[0]=0.034 partitioning.uncoarsening.level[0].refinement.label_propagation.iteration[1]=0.012 partitioning.uncoarsening.level[0].refinement.label_propagation.iteration[2]=0.009 partitioning.uncoarsening.level[0].refinement.label_propagation.iteration[3]=0.009 partitioning.uncoarsening.level[0].refinement.label_propagation.iteration[4]=0.008 partitioning.deallocation=0.003 partitioning.re-integrate_isolated_nodes=0.001 io=0.000 
MEMORY disabled

Global Timer: ................................... 1.459 s    
|- Read input graph: ............................ 0.374 s    
|- Partitioning: ................................ 1.082 s    
|  |- Rearrange by degree-buckets: .............. 0.023 s    
|  |  |- Sort nodes by integer buckets: ......... 0.005 s    
|  |  |- Rearrange input graph: ................. 0.014 s    
|  |  `- Deallocation: .......................... 0.000 s    
|  |- Refinement: ............................... 0.000 s    
|  |  `- Allocation: ............................ 0.000 s    
|  |- Coarsening: ............................... 0.411 s    
|  |  |- Level (0): ............................. 0.154 s    
|  |  |  |- Label Propagation: .................. 0.022 s    
|  |  |  |  |- Allocation: ...................... 0.001 s    
|  |  |  |  |- Iteration (0): ................... 0.014 s    
|  |  |  |  |  `- First phase: .................. 0.012 s    
|  |  |  |  |- Handle isolated nodes: ........... 0.000 s    
|  |  |  |  |- Handle two-hop nodes: ............ 0.000 s    
|  |  |  |  `- Free: ............................ 0.006 s    
|  |  |  `- Contract graph: ..................... 0.132 s    
|  |  |     |- Allocation: ...................... 0.000 s (3)
|  |  |     |- Preprocessing: ................... 0.005 s (3)
|  |  |     |- Deallocation: .................... 0.000 s    
|  |  |     `- Construct coarse graph: .......... 0.123 s    
|  |  |        |- Aggregate coarse edges: ....... 0.116 s    
|  |  |        |  |- First phase: ............... 0.098 s    
|  |  |        |  `- Second phase: .............. 0.010 s    
|  |  |        `- Remap coarse edges and mapping: 0.006 s    
|  |  |- Level (1): ............................. 0.139 s    
|  |  |  |- Label Propagation: .................. 0.058 s    
|  |  |  |  |- Allocation: ...................... 0.000 s    
|  |  |  |  |- Iteration (0): ................... 0.058 s    
|  |  |  |  |  |- First phase: .................. 0.043 s    
|  |  |  |  |  `- Second phase: ................. 0.014 s    
|  |  |  |  |- Handle isolated nodes: ........... 0.000 s    
|  |  |  |  `- Handle two-hop nodes: ............ 0.000 s    
|  |  |  `- Contract graph: ..................... 0.080 s    
|  |  |     |- Allocation: ...................... 0.000 s (3)
|  |  |     |- Preprocessing: ................... 0.000 s (3)
|  |  |     |- Deallocation: .................... 0.000 s    
|  |  |     `- Construct coarse graph: .......... 0.078 s    
|  |  |        |- Aggregate coarse edges: ....... 0.074 s    
|  |  |        |  |- First phase: ............... 0.073 s    
|  |  |        |  `- Second phase: .............. 0.000 s    
|  |  |        `- Remap coarse edges and mapping: 0.003 s    
|  |  |- Level (2): ............................. 0.064 s    
|  |  |  |- Label Propagation: .................. 0.034 s    
|  |  |  |  |- Iteration (0): ................... 0.034 s    
|  |  |  |  |  |- First phase: .................. 0.032 s    
|  |  |  |  |  `- Second phase: ................. 0.001 s    
|  |  |  |  |- Handle isolated nodes: ........... 0.000 s    
|  |  |  |  `- Handle two-hop nodes: ............ 0.000 s    
|  |  |  `- Contract graph: ..................... 0.030 s    
|  |  |     |- Allocation: ...................... 0.000 s (3)
|  |  |     |- Preprocessing: ................... 0.001 s (3)
|  |  |     |- Deallocation: .................... 0.000 s    
|  |  |     `- Construct coarse graph: .......... 0.028 s    
|  |  |        |- Aggregate coarse edges: ....... 0.026 s    
|  |  |        |  |- First phase: ............... 0.026 s    
|  |  |        |  `- Second phase: .............. 0.000 s    
|  |  |        `- Remap coarse edges and mapping: 0.002 s    
|  |  |- Level (3): ............................. 0.053 s    
|  |  |  |- Label Propagation: .................. 0.034 s    
|  |  |  |  |- Iteration (0): ................... 0.034 s    
|  |  |  |  |  `- First phase: .................. 0.034 s    
|  |  |  |  |- Handle isolated nodes: ........... 0.000 s    
|  |  |  |  `- Handle two-hop nodes: ............ 0.000 s    
|  |  |  `- Contract graph: ..................... 0.019 s    
|  |  |     |- Allocation: ...................... 0.000 s (3)
|  |  |     |- Preprocessing: ................... 0.000 s (3)
|  |  |     |- Deallocation: .................... 0.000 s    
|  |  |     `- Construct coarse graph: .......... 0.017 s    
|  |  |        |- Aggregate coarse edges: ....... 0.016 s    
|  |  |        |  |- First phase: ............... 0.016 s    
|  |  |        |  `- Second phase: .............. 0.000 s    
|  |  |        `- Remap coarse edges and mapping: 0.001 s    
|  |  `- Deallocation: .......................... 0.000 s    
|  |- Initial partitioning scheme: .............. 0.478 s    
|  |- Uncoarsening: ............................. 0.162 s    
|  |  |- Level (3): ............................. 0.008 s    
|  |  |  |- Allocation: ......................... 0.000 s    
|  |  |  |- Project partition: .................. 0.000 s    
|  |  |  |- Create graph: ....................... 0.000 s    
|  |  |  `- Refinement: ......................... 0.007 s    
|  |  |     |- Greedy Balancer: ................. 0.000 s    
|  |  |     `- Label Propagation: ............... 0.007 s    
|  |  |        |- Allocation: ................... 0.000 s    
|  |  |        |- Iteration (0): ................ 0.003 s    
|  |  |        |- Iteration (1): ................ 0.001 s    
|  |  |        |- Iteration (2): ................ 0.001 s    
|  |  |        |- Iteration (3): ................ 0.000 s    
|  |  |        `- Iteration (4): ................ 0.000 s    
|  |  |- Level (2): ............................. 0.021 s    
|  |  |  |- Allocation: ......................... 0.000 s    
|  |  |  |- Project partition: .................. 0.000 s    
|  |  |  |- Create graph: ....................... 0.000 s    
|  |  |  `- Refinement: ......................... 0.018 s    
|  |  |     |- Greedy Balancer: ................. 0.000 s    
|  |  |     `- Label Propagation: ............... 0.018 s    
|  |  |        |- Iteration (0): ................ 0.006 s    
|  |  |        |- Iteration (1): ................ 0.004 s    
|  |  |        |- Iteration (2): ................ 0.003 s    
|  |  |        |- Iteration (3): ................ 0.002 s    
|  |  |        `- Iteration (4): ................ 0.002 s    
|  |  |- Level (1): ............................. 0.054 s    
|  |  |  |- Allocation: ......................... 0.000 s    
|  |  |  |- Project partition: .................. 0.000 s    
|  |  |  |- Create graph: ....................... 0.000 s    
|  |  |  `- Refinement: ......................... 0.052 s    
|  |  |     |- Greedy Balancer: ................. 0.000 s    
|  |  |     `- Label Propagation: ............... 0.052 s    
|  |  |        |- Iteration (0): ................ 0.015 s    
|  |  |        |- Iteration (1): ................ 0.010 s    
|  |  |        |- Iteration (2): ................ 0.009 s    
|  |  |        |- Iteration (3): ................ 0.008 s    
|  |  |        `- Iteration (4): ................ 0.008 s    
|  |  `- Level (0): ............................. 0.077 s    
|  |     |- Allocation: ......................... 0.000 s    
|  |     |- Project partition: .................. 0.000 s    
|  |     |- Create graph: ....................... 0.000 s    
|  |     `- Refinement: ......................... 0.074 s    
|  |        |- Greedy Balancer: ................. 0.000 s    
|  |        `- Label Propagation: ............... 0.074 s    
|  |           |- Iteration (0): ................ 0.034 s    
|  |           |- Iteration (1): ................ 0.012 s    
|  |           |- Iteration (2): ................ 0.009 s    
|  |           |- Iteration (3): ................ 0.009 s    
|  |           `- Iteration (4): ................ 0.008 s    
|  |- Deallocation: ............................. 0.003 s    
|  `- Re-integrate isolated nodes: .............. 0.001 s    
`- IO: .......................................... 0.000 s    

Partition summary:
  Number of blocks: 16
  Edge cut:         19284140
  Imbalance:        0.0299988
  Feasible:         yes

Block weights:
  w(0 ) = 33751    w(1 ) = 33751    w(2 ) = 33751    w(3 ) = 33751  
  w(4 ) = 33751    w(5 ) = 33751    w(6 ) = 33751    w(7 ) = 18024  
  w(8 ) = 33751    w(9 ) = 33750    w(10) = 33751    w(11) = 33751  
  w(12) = 33751    w(13) = 33751    w(14) = 33751    w(15) = 33751  

Maximum resident set size: 1817176 KiB
