################################################################################
#                _  __       __  __  _         ____                            #
#               | |/ / __ _ |  \/  |(_) _ __  |  _ \  __ _  _ __               #
#               | ' / / _` || |\/| || || '_ \ | |_) |/ _` || '__|              #
#               | . \| (_| || |  | || || | | ||  __/| (_| || |                 #
#               |_|\_\\__,_||_|  |_||_||_| |_||_|    \__,_||_|                 #
#                                                                              #
################################################################################
Current commit hash:          99c62314d27845b3825829ec1e3e97256490627d
Assertion level:              always+light
Statistics:                   disabled
Built on:                     liskov
Data type sizes:
  Nodes IDs: 4 bytes | Node weights: 4 bytes
  Edges IDs: 4 bytes | Edge weights: 4 bytes
############################################################## Input Summary ###
Execution mode:               64
Seed:                         1
Graph:                        nv2 [node ordering: deg-buckets] [edge ordering: natural]
  Number of nodes:             1453908 (unweighted)
  Number of edges:            51274454 (unweighted)
Number of blocks:             16
Maximum block weight:         93596 (90870 + 3% / 3%)
---------------------------------------------------------- Graph Compression ---
Enabled:                      no
-------------------------------------------------------- Partitioning Scheme ---
Partitioning mode:            deep
  Deep initial part. mode:    async-parallel
  Deep initial part. load:    1
Subgraph memory:              Lazy
----------------------------------------------------------------- Coarsening ---
Contraction limit:            160
Coarsening algorithm:         clustering
  Cluster weight limit:       static-block-weight x 0.00625
  Shrink factor:              2.5
  Max mem-free level:         1
  Clustering algorithm:       lp
    Number of iterations:     1
    High degree threshold:    4294967295
    Max degree:               4294967295
    Tie breaking strategy:    uniform
    Implementation:           two-phase
      Relabel:                no
    2-hop clustering:         match-threadwise, if |Vcoarse| > 0.500000 * |V|
    Isolated nodes:           match-during-two-hop
  Forced hierarchy levels:    <none> (leeway: U=10.000000, L=1.100000)
Contraction algorithm:        unbuffered
  Implementation:             two-phase
------------------------------------------------------- Initial Partitioning ---
Adaptive algorithm selection: yes
----------------------------------------------------------------- Refinement ---
Refinement algorithms:        [greedy-balancer -> lp]
Label propagation:
  Number of iterations:       5
  Tie breaking strategy:      uniform
  Implementation:             single-phase
############################################################## Preprocessing ###
Removed 0 isolated nodes
  Remaining nodes:             1453908
  Remaining total node weight: 1453908
############################################################### Partitioning ###
Input graph:
 Number of nodes: 1453908 | Number of edges: 51274454
 Maximum node weight: 1

Coarsening -> Level 1 [max cluster weight: 584]:
 Total edge weight:   43285760
 Number of nodes:     571313 | Number of edges: 16151506
 Maximum node weight: 115

Coarsening -> Level 2 [max cluster weight: 584]:
 Total edge weight:   32150796
 Number of nodes:     220169 | Number of edges: 3917154
 Maximum node weight: 426

Coarsening -> Level 3 [max cluster weight: 584]:
 Total edge weight:   22899964
 Number of nodes:     81254 | Number of edges: 983794
 Maximum node weight: 585

Coarsening -> Level 4 [max cluster weight: 584]:
 Total edge weight:   17447340
 Number of nodes:     27259 | Number of edges: 259522
 Maximum node weight: 585

Coarsening -> Level 5 [max cluster weight: 584]:
 Total edge weight:   15494508
 Number of nodes:     6041 | Number of edges: 68462
 Maximum node weight: 585

==> Coarsening terminated with less than 10240 nodes

Initial partitioning:
 Number of blocks: 16

Uncoarsening -> Level 4
 Number of nodes: 27259 | Number of edges: 259522
  Running refinement on 16 blocks
   1. Greedy Balancer
   2. Label Propagation

Uncoarsening -> Level 3
 Number of nodes: 81254 | Number of edges: 983794
  Running refinement on 16 blocks
   1. Greedy Balancer
   2. Label Propagation

Uncoarsening -> Level 2
 Number of nodes: 220169 | Number of edges: 3917154
  Running refinement on 16 blocks
   1. Greedy Balancer
   2. Label Propagation

Uncoarsening -> Level 1
 Number of nodes: 571313 | Number of edges: 16151506
  Running refinement on 16 blocks
   1. Greedy Balancer
   2. Label Propagation

Uncoarsening -> Level 0
 Number of nodes: 1453908 | Number of edges: 51274454
  Running refinement on 16 blocks
   1. Greedy Balancer
   2. Label Propagation
############################################################# Result Summary ###
RESULT cut=365169 imbalance=0.0299879 feasible=1 k=16
TIME read_input_graph=0.461 partitioning=0.361 partitioning.rearrange_by_degree-buckets=0.034 partitioning.rearrange_by_degree-buckets.sort_nodes_by_integer_buckets=0.012 partitioning.rearrange_by_degree-buckets.rearrange_input_graph=0.017 partitioning.rearrange_by_degree-buckets.deallocation=0.001 partitioning.refinement=0.000 partitioning.refinement.allocation=0.000 partitioning.coarsening=0.216 partitioning.coarsening.level[0]=0.139 partitioning.coarsening.level[0].label_propagation=0.057 partitioning.coarsening.level[0].label_propagation.allocation=0.010 partitioning.coarsening.level[0].label_propagation.iteration[0]=0.040 partitioning.coarsening.level[0].label_propagation.iteration[0].first_phase=0.038 partitioning.coarsening.level[0].label_propagation.handle_isolated_nodes=0.000 partitioning.coarsening.level[0].label_propagation.handle_two-hop_nodes=0.000 partitioning.coarsening.level[0].label_propagation.free=0.005 partitioning.coarsening.level[0].contract_graph=0.081 partitioning.coarsening.level[0].contract_graph.allocation=0.001 partitioning.coarsening.level[0].contract_graph.preprocessing=0.014 partitioning.coarsening.level[0].contract_graph.deallocation=0.000 partitioning.coarsening.level[0].contract_graph.construct_coarse_graph=0.064 partitioning.coarsening.level[0].contract_graph.construct_coarse_graph.aggregate_coarse_edges=0.059 partitioning.coarsening.level[0].contract_graph.construct_coarse_graph.aggregate_coarse_edges.first_phase=0.048 partitioning.coarsening.level[0].contract_graph.construct_coarse_graph.aggregate_coarse_edges.second_phase=0.001 partitioning.coarsening.level[0].contract_graph.construct_coarse_graph.remap_coarse_edges_and_mapping=0.004 partitioning.coarsening.level[1]=0.044 partitioning.coarsening.level[1].label_propagation=0.018 partitioning.coarsening.level[1].label_propagation.allocation=0.000 partitioning.coarsening.level[1].label_propagation.iteration[0]=0.017 partitioning.coarsening.level[1].label_propagation.iteration[0].first_phase=0.016 partitioning.coarsening.level[1].label_propagation.handle_isolated_nodes=0.000 partitioning.coarsening.level[1].label_propagation.handle_two-hop_nodes=0.000 partitioning.coarsening.level[1].contract_graph=0.025 partitioning.coarsening.level[1].contract_graph.allocation=0.001 partitioning.coarsening.level[1].contract_graph.preprocessing=0.006 partitioning.coarsening.level[1].contract_graph.deallocation=0.000 partitioning.coarsening.level[1].contract_graph.construct_coarse_graph=0.017 partitioning.coarsening.level[1].contract_graph.construct_coarse_graph.aggregate_coarse_edges=0.016 partitioning.coarsening.level[1].contract_graph.construct_coarse_graph.aggregate_coarse_edges.first_phase=0.016 partitioning.coarsening.level[1].contract_graph.construct_coarse_graph.aggregate_coarse_edges.second_phase=0.000 partitioning.coarsening.level[1].contract_graph.construct_coarse_graph.remap_coarse_edges_and_mapping=0.000 partitioning.coarsening.level[2]=0.022 partitioning.coarsening.level[2].label_propagation=0.009 partitioning.coarsening.level[2].label_propagation.iteration[0]=0.008 partitioning.coarsening.level[2].label_propagation.iteration[0].first_phase=0.008 partitioning.coarsening.level[2].label_propagation.handle_isolated_nodes=0.000 partitioning.coarsening.level[2].label_propagation.handle_two-hop_nodes=0.000 partitioning.coarsening.level[2].contract_graph=0.013 partitioning.coarsening.level[2].contract_graph.allocation=0.000 partitioning.coarsening.level[2].contract_graph.preprocessing=0.003 partitioning.coarsening.level[2].contract_graph.deallocation=0.000 partitioning.coarsening.level[2].contract_graph.construct_coarse_graph=0.009 partitioning.coarsening.level[2].contract_graph.construct_coarse_graph.aggregate_coarse_edges=0.008 partitioning.coarsening.level[2].contract_graph.construct_coarse_graph.aggregate_coarse_edges.first_phase=0.008 partitioning.coarsening.level[2].contract_graph.construct_coarse_graph.aggregate_coarse_edges.second_phase=0.000 partitioning.coarsening.level[2].contract_graph.construct_coarse_graph.remap_coarse_edges_and_mapping=0.000 partitioning.coarsening.level[3]=0.006 partitioning.coarsening.level[3].label_propagation=0.002 partitioning.coarsening.level[3].label_propagation.iteration[0]=0.002 partitioning.coarsening.level[3].label_propagation.iteration[0].first_phase=0.002 partitioning.coarsening.level[3].label_propagation.handle_isolated_nodes=0.000 partitioning.coarsening.level[3].label_propagation.handle_two-hop_nodes=0.000 partitioning.coarsening.level[3].contract_graph=0.004 partitioning.coarsening.level[3].contract_graph.allocation=0.000 partitioning.coarsening.level[3].contract_graph.preprocessing=0.000 partitioning.coarsening.level[3].contract_graph.deallocation=0.000 partitioning.coarsening.level[3].contract_graph.construct_coarse_graph=0.003 partitioning.coarsening.level[3].contract_graph.construct_coarse_graph.aggregate_coarse_edges=0.002 partitioning.coarsening.level[3].contract_graph.construct_coarse_graph.aggregate_coarse_edges.first_phase=0.002 partitioning.coarsening.level[3].contract_graph.construct_coarse_graph.aggregate_coarse_edges.second_phase=0.000 partitioning.coarsening.level[3].contract_graph.construct_coarse_graph.remap_coarse_edges_and_mapping=0.000 partitioning.coarsening.level[4]=0.004 partitioning.coarsening.level[4].label_propagation=0.001 partitioning.coarsening.level[4].label_propagation.iteration[0]=0.001 partitioning.coarsening.level[4].label_propagation.iteration[0].first_phase=0.000 partitioning.coarsening.level[4].label_propagation.handle_isolated_nodes=0.000 partitioning.coarsening.level[4].label_propagation.handle_two-hop_nodes=0.000 partitioning.coarsening.level[4].contract_graph=0.003 partitioning.coarsening.level[4].contract_graph.allocation=0.000 partitioning.coarsening.level[4].contract_graph.preprocessing=0.000 partitioning.coarsening.level[4].contract_graph.deallocation=0.000 partitioning.coarsening.level[4].contract_graph.construct_coarse_graph=0.002 partitioning.coarsening.level[4].contract_graph.construct_coarse_graph.aggregate_coarse_edges=0.002 partitioning.coarsening.level[4].contract_graph.construct_coarse_graph.aggregate_coarse_edges.first_phase=0.002 partitioning.coarsening.level[4].contract_graph.construct_coarse_graph.aggregate_coarse_edges.second_phase=0.000 partitioning.coarsening.level[4].contract_graph.construct_coarse_graph.remap_coarse_edges_and_mapping=0.000 partitioning.coarsening.deallocation=0.000 partitioning.initial_partitioning_scheme=0.044 partitioning.uncoarsening=0.056 partitioning.uncoarsening.level[4]=0.002 partitioning.uncoarsening.level[4].allocation=0.000 partitioning.uncoarsening.level[4].project_partition=0.000 partitioning.uncoarsening.level[4].create_graph=0.000 partitioning.uncoarsening.level[4].refinement=0.001 partitioning.uncoarsening.level[4].refinement.greedy_balancer=0.000 partitioning.uncoarsening.level[4].refinement.label_propagation=0.001 partitioning.uncoarsening.level[4].refinement.label_propagation.allocation=0.000 partitioning.uncoarsening.level[4].refinement.label_propagation.iteration[0]=0.000 partitioning.uncoarsening.level[4].refinement.label_propagation.iteration[1]=0.000 partitioning.uncoarsening.level[4].refinement.label_propagation.iteration[2]=0.000 partitioning.uncoarsening.level[4].refinement.label_propagation.iteration[3]=0.000 partitioning.uncoarsening.level[3]=0.002 partitioning.uncoarsening.level[3].allocation=0.000 partitioning.uncoarsening.level[3].project_partition=0.000 partitioning.uncoarsening.level[3].create_graph=0.000 partitioning.uncoarsening.level[3].refinement=0.001 partitioning.uncoarsening.level[3].refinement.greedy_balancer=0.000 partitioning.uncoarsening.level[3].refinement.label_propagation=0.001 partitioning.uncoarsening.level[3].refinement.label_propagation.iteration[0]=0.001 partitioning.uncoarsening.level[3].refinement.label_propagation.iteration[1]=0.000 partitioning.uncoarsening.level[3].refinement.label_propagation.iteration[2]=0.000 partitioning.uncoarsening.level[3].refinement.label_propagation.iteration[3]=0.000 partitioning.uncoarsening.level[3].refinement.label_propagation.iteration[4]=0.000 partitioning.uncoarsening.level[2]=0.004 partitioning.uncoarsening.level[2].allocation=0.000 partitioning.uncoarsening.level[2].project_partition=0.000 partitioning.uncoarsening.level[2].create_graph=0.000 partitioning.uncoarsening.level[2].refinement=0.004 partitioning.uncoarsening.level[2].refinement.greedy_balancer=0.000 partitioning.uncoarsening.level[2].refinement.label_propagation=0.004 partitioning.uncoarsening.level[2].refinement.label_propagation.iteration[0]=0.002 partitioning.uncoarsening.level[2].refinement.label_propagation.iteration[1]=0.000 partitioning.uncoarsening.level[2].refinement.label_propagation.iteration[2]=0.000 partitioning.uncoarsening.level[2].refinement.label_propagation.iteration[3]=0.000 partitioning.uncoarsening.level[2].refinement.label_propagation.iteration[4]=0.000 partitioning.uncoarsening.level[1]=0.013 partitioning.uncoarsening.level[1].allocation=0.000 partitioning.uncoarsening.level[1].project_partition=0.000 partitioning.uncoarsening.level[1].create_graph=0.000 partitioning.uncoarsening.level[1].refinement=0.011 partitioning.uncoarsening.level[1].refinement.greedy_balancer=0.000 partitioning.uncoarsening.level[1].refinement.label_propagation=0.011 partitioning.uncoarsening.level[1].refinement.label_propagation.iteration[0]=0.006 partitioning.uncoarsening.level[1].refinement.label_propagation.iteration[1]=0.001 partitioning.uncoarsening.level[1].refinement.label_propagation.iteration[2]=0.001 partitioning.uncoarsening.level[1].refinement.label_propagation.iteration[3]=0.000 partitioning.uncoarsening.level[1].refinement.label_propagation.iteration[4]=0.000 partitioning.uncoarsening.level[0]=0.033 partitioning.uncoarsening.level[0].allocation=0.006 partitioning.uncoarsening.level[0].project_partition=0.000 partitioning.uncoarsening.level[0].create_graph=0.000 partitioning.uncoarsening.level[0].refinement=0.022 partitioning.uncoarsening.level[0].refinement.greedy_balancer=0.000 partitioning.uncoarsening.level[0].refinement.label_propagation=0.022 partitioning.uncoarsening.level[0].refinement.label_propagation.iteration[0]=0.014 partitioning.uncoarsening.level[0].refinement.label_propagation.iteration[1]=0.003 partitioning.uncoarsening.level[0].refinement.label_propagation.iteration[2]=0.001 partitioning.uncoarsening.level[0].refinement.label_propagation.iteration[3]=0.001 partitioning.uncoarsening.level[0].refinement.label_propagation.iteration[4]=0.000 partitioning.deallocation=0.001 partitioning.re-integrate_isolated_nodes=0.008 io=0.000 
MEMORY disabled

Global Timer: ................................... 0.826 s    
|- Read input graph: ............................ 0.461 s    
|- Partitioning: ................................ 0.361 s    
|  |- Rearrange by degree-buckets: .............. 0.034 s    
|  |  |- Sort nodes by integer buckets: ......... 0.012 s    
|  |  |- Rearrange input graph: ................. 0.017 s    
|  |  `- Deallocation: .......................... 0.001 s    
|  |- Refinement: ............................... 0.000 s    
|  |  `- Allocation: ............................ 0.000 s    
|  |- Coarsening: ............................... 0.216 s    
|  |  |- Level (0): ............................. 0.139 s    
|  |  |  |- Label Propagation: .................. 0.057 s    
|  |  |  |  |- Allocation: ...................... 0.010 s    
|  |  |  |  |- Iteration (0): ................... 0.040 s    
|  |  |  |  |  `- First phase: .................. 0.038 s    
|  |  |  |  |- Handle isolated nodes: ........... 0.000 s    
|  |  |  |  |- Handle two-hop nodes: ............ 0.000 s    
|  |  |  |  `- Free: ............................ 0.005 s    
|  |  |  `- Contract graph: ..................... 0.081 s    
|  |  |     |- Allocation: ...................... 0.001 s (3)
|  |  |     |- Preprocessing: ................... 0.014 s (3)
|  |  |     |- Deallocation: .................... 0.000 s    
|  |  |     `- Construct coarse graph: .......... 0.064 s    
|  |  |        |- Aggregate coarse edges: ....... 0.059 s    
|  |  |        |  |- First phase: ............... 0.048 s    
|  |  |        |  `- Second phase: .............. 0.001 s    
|  |  |        `- Remap coarse edges and mapping: 0.004 s    
|  |  |- Level (1): ............................. 0.044 s    
|  |  |  |- Label Propagation: .................. 0.018 s    
|  |  |  |  |- Allocation: ...................... 0.000 s    
|  |  |  |  |- Iteration (0): ................... 0.017 s    
|  |  |  |  |  `- First phase: .................. 0.016 s    
|  |  |  |  |- Handle isolated nodes: ........... 0.000 s    
|  |  |  |  `- Handle two-hop nodes: ............ 0.000 s    
|  |  |  `- Contract graph: ..................... 0.025 s    
|  |  |     |- Allocation: ...................... 0.001 s (3)
|  |  |     |- Preprocessing: ................... 0.006 s (3)
|  |  |     |- Deallocation: .................... 0.000 s    
|  |  |     `- Construct coarse graph: .......... 0.017 s    
|  |  |        |- Aggregate coarse edges: ....... 0.016 s    
|  |  |        |  |- First phase: ............... 0.016 s    
|  |  |        |  `- Second phase: .............. 0.000 s    
|  |  |        `- Remap coarse edges and mapping: 0.000 s    
|  |  |- Level (2): ............................. 0.022 s    
|  |  |  |- Label Propagation: .................. 0.009 s    
|  |  |  |  |- Iteration (0): ................... 0.008 s    
|  |  |  |  |  `- First phase: .................. 0.008 s    
|  |  |  |  |- Handle isolated nodes: ........... 0.000 s    
|  |  |  |  `- Handle two-hop nodes: ............ 0.000 s    
|  |  |  `- Contract graph: ..................... 0.013 s    
|  |  |     |- Allocation: ...................... 0.000 s (3)
|  |  |     |- Preprocessing: ................... 0.003 s (3)
|  |  |     |- Deallocation: .................... 0.000 s    
|  |  |     `- Construct coarse graph: .......... 0.009 s    
|  |  |        |- Aggregate coarse edges: ....... 0.008 s    
|  |  |        |  |- First phase: ............... 0.008 s    
|  |  |        |  `- Second phase: .............. 0.000 s    
|  |  |        `- Remap coarse edges and mapping: 0.000 s    
|  |  |- Level (3): ............................. 0.006 s    
|  |  |  |- Label Propagation: .................. 0.002 s    
|  |  |  |  |- Iteration (0): ................... 0.002 s    
|  |  |  |  |  `- First phase: .................. 0.002 s    
|  |  |  |  |- Handle isolated nodes: ........... 0.000 s    
|  |  |  |  `- Handle two-hop nodes: ............ 0.000 s    
|  |  |  `- Contract graph: ..................... 0.004 s    
|  |  |     |- Allocation: ...................... 0.000 s (3)
|  |  |     |- Preprocessing: ................... 0.000 s (3)
|  |  |     |- Deallocation: .................... 0.000 s    
|  |  |     `- Construct coarse graph: .......... 0.003 s    
|  |  |        |- Aggregate coarse edges: ....... 0.002 s    
|  |  |        |  |- First phase: ............... 0.002 s    
|  |  |        |  `- Second phase: .............. 0.000 s    
|  |  |        `- Remap coarse edges and mapping: 0.000 s    
|  |  |- Level (4): ............................. 0.004 s    
|  |  |  |- Label Propagation: .................. 0.001 s    
|  |  |  |  |- Iteration (0): ................... 0.001 s    
|  |  |  |  |  `- First phase: .................. 0.000 s    
|  |  |  |  |- Handle isolated nodes: ........... 0.000 s    
|  |  |  |  `- Handle two-hop nodes: ............ 0.000 s    
|  |  |  `- Contract graph: ..................... 0.003 s    
|  |  |     |- Allocation: ...................... 0.000 s (3)
|  |  |     |- Preprocessing: ................... 0.000 s (3)
|  |  |     |- Deallocation: .................... 0.000 s    
|  |  |     `- Construct coarse graph: .......... 0.002 s    
|  |  |        |- Aggregate coarse edges: ....... 0.002 s    
|  |  |        |  |- First phase: ............... 0.002 s    
|  |  |        |  `- Second phase: .............. 0.000 s    
|  |  |        `- Remap coarse edges and mapping: 0.000 s    
|  |  `- Deallocation: .......................... 0.000 s    
|  |- Initial partitioning scheme: .............. 0.044 s    
|  |- Uncoarsening: ............................. 0.056 s    
|  |  |- Level (4): ............................. 0.002 s    
|  |  |  |- Allocation: ......................... 0.000 s    
|  |  |  |- Project partition: .................. 0.000 s    
|  |  |  |- Create graph: ....................... 0.000 s    
|  |  |  `- Refinement: ......................... 0.001 s    
|  |  |     |- Greedy Balancer: ................. 0.000 s    
|  |  |     `- Label Propagation: ............... 0.001 s    
|  |  |        |- Allocation: ................... 0.000 s    
|  |  |        |- Iteration (0): ................ 0.000 s    
|  |  |        |- Iteration (1): ................ 0.000 s    
|  |  |        |- Iteration (2): ................ 0.000 s    
|  |  |        `- Iteration (3): ................ 0.000 s    
|  |  |- Level (3): ............................. 0.002 s    
|  |  |  |- Allocation: ......................... 0.000 s    
|  |  |  |- Project partition: .................. 0.000 s    
|  |  |  |- Create graph: ....................... 0.000 s    
|  |  |  `- Refinement: ......................... 0.001 s    
|  |  |     |- Greedy Balancer: ................. 0.000 s    
|  |  |     `- Label Propagation: ............... 0.001 s    
|  |  |        |- Iteration (0): ................ 0.001 s    
|  |  |        |- Iteration (1): ................ 0.000 s    
|  |  |        |- Iteration (2): ................ 0.000 s    
|  |  |        |- Iteration (3): ................ 0.000 s    
|  |  |        `- Iteration (4): ................ 0.000 s    
|  |  |- Level (2): ............................. 0.004 s    
|  |  |  |- Allocation: ......................... 0.000 s    
|  |  |  |- Project partition: .................. 0.000 s    
|  |  |  |- Create graph: ....................... 0.000 s    
|  |  |  `- Refinement: ......................... 0.004 s    
|  |  |     |- Greedy Balancer: ................. 0.000 s    
|  |  |     `- Label Propagation: ............... 0.004 s    
|  |  |        |- Iteration (0): ................ 0.002 s    
|  |  |        |- Iteration (1): ................ 0.000 s    
|  |  |        |- Iteration (2): ................ 0.000 s    
|  |  |        |- Iteration (3): ................ 0.000 s    
|  |  |        `- Iteration (4): ................ 0.000 s    
|  |  |- Level (1): ............................. 0.013 s    
|  |  |  |- Allocation: ......................... 0.000 s    
|  |  |  |- Project partition: .................. 0.000 s    
|  |  |  |- Create graph: ....................... 0.000 s    
|  |  |  `- Refinement: ......................... 0.011 s    
|  |  |     |- Greedy Balancer: ................. 0.000 s    
|  |  |     `- Label Propagation: ............... 0.011 s    
|  |  |        |- Iteration (0): ................ 0.006 s    
|  |  |        |- Iteration (1): ................ 0.001 s    
|  |  |        |- Iteration (2): ................ 0.001 s    
|  |  |        |- Iteration (3): ................ 0.000 s    
|  |  |        `- Iteration (4): ................ 0.000 s    
|  |  `- Level (0): ............................. 0.033 s    
|  |     |- Allocation: ......................... 0.006 s    
|  |     |- Project partition: .................. 0.000 s    
|  |     |- Create graph: ....................... 0.000 s    
|  |     `- Refinement: ......................... 0.022 s    
|  |        |- Greedy Balancer: ................. 0.000 s    
|  |        `- Label Propagation: ............... 0.022 s    
|  |           |- Iteration (0): ................ 0.014 s    
|  |           |- Iteration (1): ................ 0.003 s    
|  |           |- Iteration (2): ................ 0.001 s    
|  |           |- Iteration (3): ................ 0.001 s    
|  |           `- Iteration (4): ................ 0.000 s    
|  |- Deallocation: ............................. 0.001 s    
|  `- Re-integrate isolated nodes: .............. 0.008 s    
`- IO: .......................................... 0.000 s    

Partition summary:
  Number of blocks: 16
  Edge cut:         365169
  Imbalance:        0.0299879
  Feasible:         yes

Block weights:
  w(0 ) = 91815     w(1 ) = 92123     w(2 ) = 91554     w(3 ) = 83567   
  w(4 ) = 93051     w(5 ) = 85136     w(6 ) = 92245     w(7 ) = 91961   
  w(8 ) = 89196     w(9 ) = 93363     w(10) = 93595     w(11) = 88574   
  w(12) = 93026     w(13) = 92613     w(14) = 91406     w(15) = 90683   

Maximum resident set size: 793060 KiB
