################################################################################
#                _  __       __  __  _         ____                            #
#               | |/ / __ _ |  \/  |(_) _ __  |  _ \  __ _  _ __               #
#               | ' / / _` || |\/| || || '_ \ | |_) |/ _` || '__|              #
#               | . \| (_| || |  | || || | | ||  __/| (_| || |                 #
#               |_|\_\\__,_||_|  |_||_||_| |_||_|    \__,_||_|                 #
#                                                                              #
################################################################################
Current commit hash:          99c62314d27845b3825829ec1e3e97256490627d
Assertion level:              always+light
Statistics:                   disabled
Built on:                     liskov
Data type sizes:
  Nodes IDs: 4 bytes | Node weights: 4 bytes
  Edges IDs: 4 bytes | Edge weights: 4 bytes
############################################################## Input Summary ###
Execution mode:               64
Seed:                         1
Graph:                        recomp_dna1GB_9 [node ordering: deg-buckets] [edge ordering: natural]
  Number of nodes:             3233125 (unweighted)
  Number of edges:            50570172 (total weight: 116993646)
Number of blocks:             16
Maximum block weight:         208133 (202071 + 3% / 3%)
---------------------------------------------------------- Graph Compression ---
Enabled:                      no
-------------------------------------------------------- Partitioning Scheme ---
Partitioning mode:            deep
  Deep initial part. mode:    async-parallel
  Deep initial part. load:    1
Subgraph memory:              Lazy
----------------------------------------------------------------- Coarsening ---
Contraction limit:            160
Coarsening algorithm:         clustering
  Cluster weight limit:       static-block-weight x 0.00625
  Shrink factor:              2.5
  Max mem-free level:         1
  Clustering algorithm:       lp
    Number of iterations:     1
    High degree threshold:    4294967295
    Max degree:               4294967295
    Tie breaking strategy:    uniform
    Implementation:           two-phase
      Relabel:                no
    2-hop clustering:         match-threadwise, if |Vcoarse| > 0.500000 * |V|
    Isolated nodes:           match-during-two-hop
  Forced hierarchy levels:    <none> (leeway: U=10.000000, L=1.100000)
Contraction algorithm:        unbuffered
  Implementation:             two-phase
------------------------------------------------------- Initial Partitioning ---
Adaptive algorithm selection: yes
----------------------------------------------------------------- Refinement ---
Refinement algorithms:        [greedy-balancer -> lp]
Label propagation:
  Number of iterations:       5
  Tie breaking strategy:      uniform
  Implementation:             single-phase
############################################################## Preprocessing ###
Removed 0 isolated nodes
  Remaining nodes:             3233125
  Remaining total node weight: 3233125
############################################################### Partitioning ###
Input graph:
 Number of nodes: 3233125 | Number of edges: 50570172
 Maximum node weight: 1

Coarsening -> Level 1 [max cluster weight: 1300]:
 Total edge weight:   112826426
 Number of nodes:     1217959 | Number of edges: 44077834
 Maximum node weight: 1301

Coarsening -> Level 2 [max cluster weight: 1300]:
 Total edge weight:   109721266
 Number of nodes:     481013 | Number of edges: 25315414
 Maximum node weight: 1301

Coarsening -> Level 3 [max cluster weight: 1300]:
 Total edge weight:   109339056
 Number of nodes:     211885 | Number of edges: 12290394
 Maximum node weight: 1301

Coarsening -> Level 4 [max cluster weight: 1300]:
 Total edge weight:   109293686
 Number of nodes:     110615 | Number of edges: 7014074
 Maximum node weight: 2600

Coarsening -> Level 5 [max cluster weight: 1300]:
 Total edge weight:   109289138
 Number of nodes:     62805 | Number of edges: 5967846
 Maximum node weight: 2600

Coarsening -> Level 6 [max cluster weight: 1300]:
 Total edge weight:   109288580
 Number of nodes:     38336 | Number of edges: 5742866
 Maximum node weight: 2600

Coarsening -> Level 7 [max cluster weight: 1300]:
 Total edge weight:   109288500
 Number of nodes:     25317 | Number of edges: 5636960
 Maximum node weight: 2600

Coarsening -> Level 8 [max cluster weight: 1300]:
 Total edge weight:   109288500
 Number of nodes:     18399 | Number of edges: 5548208
 Maximum node weight: 2600

Coarsening -> Level 9 [max cluster weight: 1300]:
 Total edge weight:   109288500
 Number of nodes:     14388 | Number of edges: 5464064
 Maximum node weight: 2600

Coarsening -> Level 10 [max cluster weight: 1300]:
 Total edge weight:   109288500
 Number of nodes:     11216 | Number of edges: 5375442
 Maximum node weight: 2600

Coarsening -> Level 11 [max cluster weight: 1300]:
 Total edge weight:   109288500
 Number of nodes:     9440 | Number of edges: 5303682
 Maximum node weight: 2600

==> Coarsening terminated with less than 10240 nodes

Initial partitioning:
 Number of blocks: 16

Uncoarsening -> Level 10
 Number of nodes: 11216 | Number of edges: 5375442
  Running refinement on 16 blocks
   1. Greedy Balancer
   2. Label Propagation

Uncoarsening -> Level 9
 Number of nodes: 14388 | Number of edges: 5464064
  Running refinement on 16 blocks
   1. Greedy Balancer
   2. Label Propagation

Uncoarsening -> Level 8
 Number of nodes: 18399 | Number of edges: 5548208
  Running refinement on 16 blocks
   1. Greedy Balancer
   2. Label Propagation

Uncoarsening -> Level 7
 Number of nodes: 25317 | Number of edges: 5636960
  Running refinement on 16 blocks
   1. Greedy Balancer
   2. Label Propagation

Uncoarsening -> Level 6
 Number of nodes: 38336 | Number of edges: 5742866
  Running refinement on 16 blocks
   1. Greedy Balancer
   2. Label Propagation

Uncoarsening -> Level 5
 Number of nodes: 62805 | Number of edges: 5967846
  Running refinement on 16 blocks
   1. Greedy Balancer
   2. Label Propagation

Uncoarsening -> Level 4
 Number of nodes: 110615 | Number of edges: 7014074
  Running refinement on 16 blocks
   1. Greedy Balancer
   2. Label Propagation

Uncoarsening -> Level 3
 Number of nodes: 211885 | Number of edges: 12290394
  Running refinement on 16 blocks
   1. Greedy Balancer
   2. Label Propagation

Uncoarsening -> Level 2
 Number of nodes: 481013 | Number of edges: 25315414
  Running refinement on 16 blocks
   1. Greedy Balancer
   2. Label Propagation

Uncoarsening -> Level 1
 Number of nodes: 1217959 | Number of edges: 44077834
  Running refinement on 16 blocks
   1. Greedy Balancer
   2. Label Propagation

Uncoarsening -> Level 0
 Number of nodes: 3233125 | Number of edges: 50570172
  Running refinement on 16 blocks
   1. Greedy Balancer
   2. Label Propagation
############################################################# Result Summary ###
RESULT cut=46029063 imbalance=0.0299994 feasible=1 k=16
TIME read_input_graph=0.659 partitioning=2.214 partitioning.rearrange_by_degree-buckets=0.071 partitioning.rearrange_by_degree-buckets.sort_nodes_by_integer_buckets=0.011 partitioning.rearrange_by_degree-buckets.rearrange_input_graph=0.049 partitioning.rearrange_by_degree-buckets.deallocation=0.003 partitioning.refinement=0.000 partitioning.refinement.allocation=0.000 partitioning.coarsening=1.346 partitioning.coarsening.level[0]=0.327 partitioning.coarsening.level[0].label_propagation=0.050 partitioning.coarsening.level[0].label_propagation.allocation=0.007 partitioning.coarsening.level[0].label_propagation.iteration[0]=0.036 partitioning.coarsening.level[0].label_propagation.iteration[0].first_phase=0.033 partitioning.coarsening.level[0].label_propagation.handle_isolated_nodes=0.000 partitioning.coarsening.level[0].label_propagation.handle_two-hop_nodes=0.000 partitioning.coarsening.level[0].label_propagation.free=0.005 partitioning.coarsening.level[0].contract_graph=0.276 partitioning.coarsening.level[0].contract_graph.allocation=0.000 partitioning.coarsening.level[0].contract_graph.preprocessing=0.018 partitioning.coarsening.level[0].contract_graph.deallocation=0.000 partitioning.coarsening.level[0].contract_graph.construct_coarse_graph=0.254 partitioning.coarsening.level[0].contract_graph.construct_coarse_graph.aggregate_coarse_edges=0.240 partitioning.coarsening.level[0].contract_graph.construct_coarse_graph.aggregate_coarse_edges.first_phase=0.109 partitioning.coarsening.level[0].contract_graph.construct_coarse_graph.aggregate_coarse_edges.second_phase=0.119 partitioning.coarsening.level[0].contract_graph.construct_coarse_graph.remap_coarse_edges_and_mapping=0.012 partitioning.coarsening.level[1]=0.402 partitioning.coarsening.level[1].label_propagation=0.251 partitioning.coarsening.level[1].label_propagation.allocation=0.000 partitioning.coarsening.level[1].label_propagation.iteration[0]=0.250 partitioning.coarsening.level[1].label_propagation.iteration[0].first_phase=0.185 partitioning.coarsening.level[1].label_propagation.iteration[0].second_phase=0.064 partitioning.coarsening.level[1].label_propagation.handle_isolated_nodes=0.000 partitioning.coarsening.level[1].label_propagation.handle_two-hop_nodes=0.000 partitioning.coarsening.level[1].contract_graph=0.151 partitioning.coarsening.level[1].contract_graph.allocation=0.001 partitioning.coarsening.level[1].contract_graph.preprocessing=0.022 partitioning.coarsening.level[1].contract_graph.deallocation=0.000 partitioning.coarsening.level[1].contract_graph.construct_coarse_graph=0.126 partitioning.coarsening.level[1].contract_graph.construct_coarse_graph.aggregate_coarse_edges=0.121 partitioning.coarsening.level[1].contract_graph.construct_coarse_graph.aggregate_coarse_edges.first_phase=0.057 partitioning.coarsening.level[1].contract_graph.construct_coarse_graph.aggregate_coarse_edges.second_phase=0.063 partitioning.coarsening.level[1].contract_graph.construct_coarse_graph.remap_coarse_edges_and_mapping=0.004 partitioning.coarsening.level[2]=0.247 partitioning.coarsening.level[2].label_propagation=0.198 partitioning.coarsening.level[2].label_propagation.iteration[0]=0.197 partitioning.coarsening.level[2].label_propagation.iteration[0].first_phase=0.179 partitioning.coarsening.level[2].label_propagation.iteration[0].second_phase=0.018 partitioning.coarsening.level[2].label_propagation.handle_isolated_nodes=0.000 partitioning.coarsening.level[2].label_propagation.handle_two-hop_nodes=0.000 partitioning.coarsening.level[2].contract_graph=0.049 partitioning.coarsening.level[2].contract_graph.allocation=0.000 partitioning.coarsening.level[2].contract_graph.preprocessing=0.004 partitioning.coarsening.level[2].contract_graph.deallocation=0.000 partitioning.coarsening.level[2].contract_graph.construct_coarse_graph=0.043 partitioning.coarsening.level[2].contract_graph.construct_coarse_graph.aggregate_coarse_edges=0.041 partitioning.coarsening.level[2].contract_graph.construct_coarse_graph.aggregate_coarse_edges.first_phase=0.034 partitioning.coarsening.level[2].contract_graph.construct_coarse_graph.aggregate_coarse_edges.second_phase=0.006 partitioning.coarsening.level[2].contract_graph.construct_coarse_graph.remap_coarse_edges_and_mapping=0.002 partitioning.coarsening.level[3]=0.141 partitioning.coarsening.level[3].label_propagation=0.119 partitioning.coarsening.level[3].label_propagation.iteration[0]=0.118 partitioning.coarsening.level[3].label_propagation.iteration[0].first_phase=0.112 partitioning.coarsening.level[3].label_propagation.iteration[0].second_phase=0.005 partitioning.coarsening.level[3].label_propagation.handle_isolated_nodes=0.000 partitioning.coarsening.level[3].label_propagation.handle_two-hop_nodes=0.000 partitioning.coarsening.level[3].contract_graph=0.022 partitioning.coarsening.level[3].contract_graph.allocation=0.000 partitioning.coarsening.level[3].contract_graph.preprocessing=0.001 partitioning.coarsening.level[3].contract_graph.deallocation=0.000 partitioning.coarsening.level[3].contract_graph.construct_coarse_graph=0.019 partitioning.coarsening.level[3].contract_graph.construct_coarse_graph.aggregate_coarse_edges=0.018 partitioning.coarsening.level[3].contract_graph.construct_coarse_graph.aggregate_coarse_edges.first_phase=0.017 partitioning.coarsening.level[3].contract_graph.construct_coarse_graph.aggregate_coarse_edges.second_phase=0.001 partitioning.coarsening.level[3].contract_graph.construct_coarse_graph.remap_coarse_edges_and_mapping=0.001 partitioning.coarsening.level[4]=0.069 partitioning.coarsening.level[4].label_propagation=0.047 partitioning.coarsening.level[4].label_propagation.iteration[0]=0.047 partitioning.coarsening.level[4].label_propagation.iteration[0].first_phase=0.044 partitioning.coarsening.level[4].label_propagation.iteration[0].second_phase=0.003 partitioning.coarsening.level[4].label_propagation.handle_isolated_nodes=0.000 partitioning.coarsening.level[4].label_propagation.handle_two-hop_nodes=0.000 partitioning.coarsening.level[4].contract_graph=0.021 partitioning.coarsening.level[4].contract_graph.allocation=0.000 partitioning.coarsening.level[4].contract_graph.preprocessing=0.000 partitioning.coarsening.level[4].contract_graph.deallocation=0.000 partitioning.coarsening.level[4].contract_graph.construct_coarse_graph=0.020 partitioning.coarsening.level[4].contract_graph.construct_coarse_graph.aggregate_coarse_edges=0.019 partitioning.coarsening.level[4].contract_graph.construct_coarse_graph.aggregate_coarse_edges.first_phase=0.017 partitioning.coarsening.level[4].contract_graph.construct_coarse_graph.aggregate_coarse_edges.second_phase=0.001 partitioning.coarsening.level[4].contract_graph.construct_coarse_graph.remap_coarse_edges_and_mapping=0.001 partitioning.coarsening.level[5]=0.052 partitioning.coarsening.level[5].label_propagation=0.027 partitioning.coarsening.level[5].label_propagation.iteration[0]=0.027 partitioning.coarsening.level[5].label_propagation.iteration[0].first_phase=0.024 partitioning.coarsening.level[5].label_propagation.iteration[0].second_phase=0.002 partitioning.coarsening.level[5].label_propagation.handle_isolated_nodes=0.000 partitioning.coarsening.level[5].label_propagation.handle_two-hop_nodes=0.000 partitioning.coarsening.level[5].contract_graph=0.025 partitioning.coarsening.level[5].contract_graph.allocation=0.000 partitioning.coarsening.level[5].contract_graph.preprocessing=0.000 partitioning.coarsening.level[5].contract_graph.deallocation=0.000 partitioning.coarsening.level[5].contract_graph.construct_coarse_graph=0.023 partitioning.coarsening.level[5].contract_graph.construct_coarse_graph.aggregate_coarse_edges=0.022 partitioning.coarsening.level[5].contract_graph.construct_coarse_graph.aggregate_coarse_edges.first_phase=0.022 partitioning.coarsening.level[5].contract_graph.construct_coarse_graph.aggregate_coarse_edges.second_phase=0.000 partitioning.coarsening.level[5].contract_graph.construct_coarse_graph.remap_coarse_edges_and_mapping=0.001 partitioning.coarsening.level[6]=0.031 partitioning.coarsening.level[6].label_propagation=0.013 partitioning.coarsening.level[6].label_propagation.iteration[0]=0.013 partitioning.coarsening.level[6].label_propagation.iteration[0].first_phase=0.011 partitioning.coarsening.level[6].label_propagation.iteration[0].second_phase=0.002 partitioning.coarsening.level[6].label_propagation.handle_isolated_nodes=0.000 partitioning.coarsening.level[6].label_propagation.handle_two-hop_nodes=0.000 partitioning.coarsening.level[6].contract_graph=0.017 partitioning.coarsening.level[6].contract_graph.allocation=0.000 partitioning.coarsening.level[6].contract_graph.preprocessing=0.000 partitioning.coarsening.level[6].contract_graph.deallocation=0.000 partitioning.coarsening.level[6].contract_graph.construct_coarse_graph=0.016 partitioning.coarsening.level[6].contract_graph.construct_coarse_graph.aggregate_coarse_edges=0.015 partitioning.coarsening.level[6].contract_graph.construct_coarse_graph.aggregate_coarse_edges.first_phase=0.015 partitioning.coarsening.level[6].contract_graph.construct_coarse_graph.aggregate_coarse_edges.second_phase=0.000 partitioning.coarsening.level[6].contract_graph.construct_coarse_graph.remap_coarse_edges_and_mapping=0.001 partitioning.coarsening.level[7]=0.020 partitioning.coarsening.level[7].label_propagation=0.002 partitioning.coarsening.level[7].label_propagation.iteration[0]=0.002 partitioning.coarsening.level[7].label_propagation.iteration[0].first_phase=0.001 partitioning.coarsening.level[7].label_propagation.iteration[0].second_phase=0.001 partitioning.coarsening.level[7].label_propagation.handle_isolated_nodes=0.000 partitioning.coarsening.level[7].label_propagation.handle_two-hop_nodes=0.000 partitioning.coarsening.level[7].contract_graph=0.017 partitioning.coarsening.level[7].contract_graph.allocation=0.000 partitioning.coarsening.level[7].contract_graph.preprocessing=0.000 partitioning.coarsening.level[7].contract_graph.deallocation=0.000 partitioning.coarsening.level[7].contract_graph.construct_coarse_graph=0.016 partitioning.coarsening.level[7].contract_graph.construct_coarse_graph.aggregate_coarse_edges=0.015 partitioning.coarsening.level[7].contract_graph.construct_coarse_graph.aggregate_coarse_edges.first_phase=0.014 partitioning.coarsening.level[7].contract_graph.construct_coarse_graph.aggregate_coarse_edges.second_phase=0.000 partitioning.coarsening.level[7].contract_graph.construct_coarse_graph.remap_coarse_edges_and_mapping=0.000 partitioning.coarsening.level[8]=0.017 partitioning.coarsening.level[8].label_propagation=0.002 partitioning.coarsening.level[8].label_propagation.iteration[0]=0.002 partitioning.coarsening.level[8].label_propagation.iteration[0].first_phase=0.001 partitioning.coarsening.level[8].label_propagation.iteration[0].second_phase=0.000 partitioning.coarsening.level[8].label_propagation.handle_isolated_nodes=0.000 partitioning.coarsening.level[8].label_propagation.handle_two-hop_nodes=0.000 partitioning.coarsening.level[8].contract_graph=0.014 partitioning.coarsening.level[8].contract_graph.allocation=0.000 partitioning.coarsening.level[8].contract_graph.preprocessing=0.000 partitioning.coarsening.level[8].contract_graph.deallocation=0.000 partitioning.coarsening.level[8].contract_graph.construct_coarse_graph=0.014 partitioning.coarsening.level[8].contract_graph.construct_coarse_graph.aggregate_coarse_edges=0.013 partitioning.coarsening.level[8].contract_graph.construct_coarse_graph.aggregate_coarse_edges.first_phase=0.013 partitioning.coarsening.level[8].contract_graph.construct_coarse_graph.aggregate_coarse_edges.second_phase=0.000 partitioning.coarsening.level[8].contract_graph.construct_coarse_graph.remap_coarse_edges_and_mapping=0.000 partitioning.coarsening.level[9]=0.019 partitioning.coarsening.level[9].label_propagation=0.001 partitioning.coarsening.level[9].label_propagation.iteration[0]=0.001 partitioning.coarsening.level[9].label_propagation.iteration[0].first_phase=0.001 partitioning.coarsening.level[9].label_propagation.handle_isolated_nodes=0.000 partitioning.coarsening.level[9].label_propagation.handle_two-hop_nodes=0.000 partitioning.coarsening.level[9].contract_graph=0.017 partitioning.coarsening.level[9].contract_graph.allocation=0.000 partitioning.coarsening.level[9].contract_graph.preprocessing=0.000 partitioning.coarsening.level[9].contract_graph.deallocation=0.000 partitioning.coarsening.level[9].contract_graph.construct_coarse_graph=0.016 partitioning.coarsening.level[9].contract_graph.construct_coarse_graph.aggregate_coarse_edges=0.015 partitioning.coarsening.level[9].contract_graph.construct_coarse_graph.aggregate_coarse_edges.first_phase=0.015 partitioning.coarsening.level[9].contract_graph.construct_coarse_graph.aggregate_coarse_edges.second_phase=0.000 partitioning.coarsening.level[9].contract_graph.construct_coarse_graph.remap_coarse_edges_and_mapping=0.000 partitioning.coarsening.level[10]=0.016 partitioning.coarsening.level[10].label_propagation=0.001 partitioning.coarsening.level[10].label_propagation.iteration[0]=0.001 partitioning.coarsening.level[10].label_propagation.iteration[0].first_phase=0.001 partitioning.coarsening.level[10].label_propagation.handle_isolated_nodes=0.000 partitioning.coarsening.level[10].label_propagation.handle_two-hop_nodes=0.000 partitioning.coarsening.level[10].contract_graph=0.014 partitioning.coarsening.level[10].contract_graph.allocation=0.000 partitioning.coarsening.level[10].contract_graph.preprocessing=0.000 partitioning.coarsening.level[10].contract_graph.deallocation=0.000 partitioning.coarsening.level[10].contract_graph.construct_coarse_graph=0.014 partitioning.coarsening.level[10].contract_graph.construct_coarse_graph.aggregate_coarse_edges=0.013 partitioning.coarsening.level[10].contract_graph.construct_coarse_graph.aggregate_coarse_edges.first_phase=0.013 partitioning.coarsening.level[10].contract_graph.construct_coarse_graph.aggregate_coarse_edges.second_phase=0.000 partitioning.coarsening.level[10].contract_graph.construct_coarse_graph.remap_coarse_edges_and_mapping=0.000 partitioning.coarsening.deallocation=0.000 partitioning.initial_partitioning_scheme=0.452 partitioning.uncoarsening=0.332 partitioning.uncoarsening.level[10]=0.007 partitioning.uncoarsening.level[10].allocation=0.000 partitioning.uncoarsening.level[10].project_partition=0.000 partitioning.uncoarsening.level[10].create_graph=0.000 partitioning.uncoarsening.level[10].refinement=0.005 partitioning.uncoarsening.level[10].refinement.greedy_balancer=0.000 partitioning.uncoarsening.level[10].refinement.label_propagation=0.005 partitioning.uncoarsening.level[10].refinement.label_propagation.allocation=0.004 partitioning.uncoarsening.level[10].refinement.label_propagation.iteration[0]=0.001 partitioning.uncoarsening.level[10].refinement.label_propagation.iteration[1]=0.000 partitioning.uncoarsening.level[9]=0.003 partitioning.uncoarsening.level[9].allocation=0.000 partitioning.uncoarsening.level[9].project_partition=0.000 partitioning.uncoarsening.level[9].create_graph=0.000 partitioning.uncoarsening.level[9].refinement=0.001 partitioning.uncoarsening.level[9].refinement.greedy_balancer=0.000 partitioning.uncoarsening.level[9].refinement.label_propagation=0.001 partitioning.uncoarsening.level[9].refinement.label_propagation.iteration[0]=0.001 partitioning.uncoarsening.level[9].refinement.label_propagation.iteration[1]=0.000 partitioning.uncoarsening.level[8]=0.003 partitioning.uncoarsening.level[8].allocation=0.000 partitioning.uncoarsening.level[8].project_partition=0.000 partitioning.uncoarsening.level[8].create_graph=0.000 partitioning.uncoarsening.level[8].refinement=0.001 partitioning.uncoarsening.level[8].refinement.greedy_balancer=0.000 partitioning.uncoarsening.level[8].refinement.label_propagation=0.001 partitioning.uncoarsening.level[8].refinement.label_propagation.iteration[0]=0.001 partitioning.uncoarsening.level[8].refinement.label_propagation.iteration[1]=0.000 partitioning.uncoarsening.level[7]=0.003 partitioning.uncoarsening.level[7].allocation=0.000 partitioning.uncoarsening.level[7].project_partition=0.000 partitioning.uncoarsening.level[7].create_graph=0.000 partitioning.uncoarsening.level[7].refinement=0.001 partitioning.uncoarsening.level[7].refinement.greedy_balancer=0.000 partitioning.uncoarsening.level[7].refinement.label_propagation=0.001 partitioning.uncoarsening.level[7].refinement.label_propagation.iteration[0]=0.001 partitioning.uncoarsening.level[7].refinement.label_propagation.iteration[1]=0.000 partitioning.uncoarsening.level[6]=0.003 partitioning.uncoarsening.level[6].allocation=0.000 partitioning.uncoarsening.level[6].project_partition=0.000 partitioning.uncoarsening.level[6].create_graph=0.000 partitioning.uncoarsening.level[6].refinement=0.002 partitioning.uncoarsening.level[6].refinement.greedy_balancer=0.000 partitioning.uncoarsening.level[6].refinement.label_propagation=0.002 partitioning.uncoarsening.level[6].refinement.label_propagation.iteration[0]=0.001 partitioning.uncoarsening.level[6].refinement.label_propagation.iteration[1]=0.000 partitioning.uncoarsening.level[5]=0.003 partitioning.uncoarsening.level[5].allocation=0.000 partitioning.uncoarsening.level[5].project_partition=0.000 partitioning.uncoarsening.level[5].create_graph=0.000 partitioning.uncoarsening.level[5].refinement=0.002 partitioning.uncoarsening.level[5].refinement.greedy_balancer=0.000 partitioning.uncoarsening.level[5].refinement.label_propagation=0.002 partitioning.uncoarsening.level[5].refinement.label_propagation.iteration[0]=0.001 partitioning.uncoarsening.level[5].refinement.label_propagation.iteration[1]=0.000 partitioning.uncoarsening.level[4]=0.004 partitioning.uncoarsening.level[4].allocation=0.000 partitioning.uncoarsening.level[4].project_partition=0.000 partitioning.uncoarsening.level[4].create_graph=0.000 partitioning.uncoarsening.level[4].refinement=0.003 partitioning.uncoarsening.level[4].refinement.greedy_balancer=0.000 partitioning.uncoarsening.level[4].refinement.label_propagation=0.003 partitioning.uncoarsening.level[4].refinement.label_propagation.iteration[0]=0.002 partitioning.uncoarsening.level[4].refinement.label_propagation.iteration[1]=0.000 partitioning.uncoarsening.level[3]=0.007 partitioning.uncoarsening.level[3].allocation=0.000 partitioning.uncoarsening.level[3].project_partition=0.000 partitioning.uncoarsening.level[3].create_graph=0.000 partitioning.uncoarsening.level[3].refinement=0.006 partitioning.uncoarsening.level[3].refinement.greedy_balancer=0.000 partitioning.uncoarsening.level[3].refinement.label_propagation=0.006 partitioning.uncoarsening.level[3].refinement.label_propagation.iteration[0]=0.003 partitioning.uncoarsening.level[3].refinement.label_propagation.iteration[1]=0.001 partitioning.uncoarsening.level[3].refinement.label_propagation.iteration[2]=0.000 partitioning.uncoarsening.level[3].refinement.label_propagation.iteration[3]=0.000 partitioning.uncoarsening.level[2]=0.028 partitioning.uncoarsening.level[2].allocation=0.000 partitioning.uncoarsening.level[2].project_partition=0.000 partitioning.uncoarsening.level[2].create_graph=0.000 partitioning.uncoarsening.level[2].refinement=0.026 partitioning.uncoarsening.level[2].refinement.greedy_balancer=0.000 partitioning.uncoarsening.level[2].refinement.label_propagation=0.026 partitioning.uncoarsening.level[2].refinement.label_propagation.iteration[0]=0.014 partitioning.uncoarsening.level[2].refinement.label_propagation.iteration[1]=0.004 partitioning.uncoarsening.level[2].refinement.label_propagation.iteration[2]=0.003 partitioning.uncoarsening.level[2].refinement.label_propagation.iteration[3]=0.002 partitioning.uncoarsening.level[2].refinement.label_propagation.iteration[4]=0.001 partitioning.uncoarsening.level[1]=0.112 partitioning.uncoarsening.level[1].allocation=0.004 partitioning.uncoarsening.level[1].project_partition=0.000 partitioning.uncoarsening.level[1].create_graph=0.000 partitioning.uncoarsening.level[1].refinement=0.106 partitioning.uncoarsening.level[1].refinement.greedy_balancer=0.000 partitioning.uncoarsening.level[1].refinement.label_propagation=0.106 partitioning.uncoarsening.level[1].refinement.label_propagation.iteration[0]=0.056 partitioning.uncoarsening.level[1].refinement.label_propagation.iteration[1]=0.020 partitioning.uncoarsening.level[1].refinement.label_propagation.iteration[2]=0.012 partitioning.uncoarsening.level[1].refinement.label_propagation.iteration[3]=0.007 partitioning.uncoarsening.level[1].refinement.label_propagation.iteration[4]=0.008 partitioning.uncoarsening.level[0]=0.154 partitioning.uncoarsening.level[0].allocation=0.003 partitioning.uncoarsening.level[0].project_partition=0.000 partitioning.uncoarsening.level[0].create_graph=0.000 partitioning.uncoarsening.level[0].refinement=0.147 partitioning.uncoarsening.level[0].refinement.greedy_balancer=0.000 partitioning.uncoarsening.level[0].refinement.label_propagation=0.146 partitioning.uncoarsening.level[0].refinement.label_propagation.iteration[0]=0.090 partitioning.uncoarsening.level[0].refinement.label_propagation.iteration[1]=0.017 partitioning.uncoarsening.level[0].refinement.label_propagation.iteration[2]=0.013 partitioning.uncoarsening.level[0].refinement.label_propagation.iteration[3]=0.011 partitioning.uncoarsening.level[0].refinement.label_propagation.iteration[4]=0.012 partitioning.deallocation=0.004 partitioning.re-integrate_isolated_nodes=0.006 io=0.000 
MEMORY disabled

Global Timer: ................................... 2.877 s    
|- Read input graph: ............................ 0.659 s    
|- Partitioning: ................................ 2.214 s    
|  |- Rearrange by degree-buckets: .............. 0.071 s    
|  |  |- Sort nodes by integer buckets: ......... 0.011 s    
|  |  |- Rearrange input graph: ................. 0.049 s    
|  |  `- Deallocation: .......................... 0.003 s    
|  |- Refinement: ............................... 0.000 s    
|  |  `- Allocation: ............................ 0.000 s    
|  |- Coarsening: ............................... 1.346 s    
|  |  |- Level (0): ............................. 0.327 s    
|  |  |  |- Label Propagation: .................. 0.050 s    
|  |  |  |  |- Allocation: ...................... 0.007 s    
|  |  |  |  |- Iteration (0): ................... 0.036 s    
|  |  |  |  |  `- First phase: .................. 0.033 s    
|  |  |  |  |- Handle isolated nodes: ........... 0.000 s    
|  |  |  |  |- Handle two-hop nodes: ............ 0.000 s    
|  |  |  |  `- Free: ............................ 0.005 s    
|  |  |  `- Contract graph: ..................... 0.276 s    
|  |  |     |- Allocation: ...................... 0.000 s (3)
|  |  |     |- Preprocessing: ................... 0.018 s (3)
|  |  |     |- Deallocation: .................... 0.000 s    
|  |  |     `- Construct coarse graph: .......... 0.254 s    
|  |  |        |- Aggregate coarse edges: ....... 0.240 s    
|  |  |        |  |- First phase: ............... 0.109 s    
|  |  |        |  `- Second phase: .............. 0.119 s    
|  |  |        `- Remap coarse edges and mapping: 0.012 s    
|  |  |- Level (1): ............................. 0.402 s    
|  |  |  |- Label Propagation: .................. 0.251 s    
|  |  |  |  |- Allocation: ...................... 0.000 s    
|  |  |  |  |- Iteration (0): ................... 0.250 s    
|  |  |  |  |  |- First phase: .................. 0.185 s    
|  |  |  |  |  `- Second phase: ................. 0.064 s    
|  |  |  |  |- Handle isolated nodes: ........... 0.000 s    
|  |  |  |  `- Handle two-hop nodes: ............ 0.000 s    
|  |  |  `- Contract graph: ..................... 0.151 s    
|  |  |     |- Allocation: ...................... 0.001 s (3)
|  |  |     |- Preprocessing: ................... 0.022 s (3)
|  |  |     |- Deallocation: .................... 0.000 s    
|  |  |     `- Construct coarse graph: .......... 0.126 s    
|  |  |        |- Aggregate coarse edges: ....... 0.121 s    
|  |  |        |  |- First phase: ............... 0.057 s    
|  |  |        |  `- Second phase: .............. 0.063 s    
|  |  |        `- Remap coarse edges and mapping: 0.004 s    
|  |  |- Level (2): ............................. 0.247 s    
|  |  |  |- Label Propagation: .................. 0.198 s    
|  |  |  |  |- Iteration (0): ................... 0.197 s    
|  |  |  |  |  |- First phase: .................. 0.179 s    
|  |  |  |  |  `- Second phase: ................. 0.018 s    
|  |  |  |  |- Handle isolated nodes: ........... 0.000 s    
|  |  |  |  `- Handle two-hop nodes: ............ 0.000 s    
|  |  |  `- Contract graph: ..................... 0.049 s    
|  |  |     |- Allocation: ...................... 0.000 s (3)
|  |  |     |- Preprocessing: ................... 0.004 s (3)
|  |  |     |- Deallocation: .................... 0.000 s    
|  |  |     `- Construct coarse graph: .......... 0.043 s    
|  |  |        |- Aggregate coarse edges: ....... 0.041 s    
|  |  |        |  |- First phase: ............... 0.034 s    
|  |  |        |  `- Second phase: .............. 0.006 s    
|  |  |        `- Remap coarse edges and mapping: 0.002 s    
|  |  |- Level (3): ............................. 0.141 s    
|  |  |  |- Label Propagation: .................. 0.119 s    
|  |  |  |  |- Iteration (0): ................... 0.118 s    
|  |  |  |  |  |- First phase: .................. 0.112 s    
|  |  |  |  |  `- Second phase: ................. 0.005 s    
|  |  |  |  |- Handle isolated nodes: ........... 0.000 s    
|  |  |  |  `- Handle two-hop nodes: ............ 0.000 s    
|  |  |  `- Contract graph: ..................... 0.022 s    
|  |  |     |- Allocation: ...................... 0.000 s (3)
|  |  |     |- Preprocessing: ................... 0.001 s (3)
|  |  |     |- Deallocation: .................... 0.000 s    
|  |  |     `- Construct coarse graph: .......... 0.019 s    
|  |  |        |- Aggregate coarse edges: ....... 0.018 s    
|  |  |        |  |- First phase: ............... 0.017 s    
|  |  |        |  `- Second phase: .............. 0.001 s    
|  |  |        `- Remap coarse edges and mapping: 0.001 s    
|  |  |- Level (4): ............................. 0.069 s    
|  |  |  |- Label Propagation: .................. 0.047 s    
|  |  |  |  |- Iteration (0): ................... 0.047 s    
|  |  |  |  |  |- First phase: .................. 0.044 s    
|  |  |  |  |  `- Second phase: ................. 0.003 s    
|  |  |  |  |- Handle isolated nodes: ........... 0.000 s    
|  |  |  |  `- Handle two-hop nodes: ............ 0.000 s    
|  |  |  `- Contract graph: ..................... 0.021 s    
|  |  |     |- Allocation: ...................... 0.000 s (3)
|  |  |     |- Preprocessing: ................... 0.000 s (3)
|  |  |     |- Deallocation: .................... 0.000 s    
|  |  |     `- Construct coarse graph: .......... 0.020 s    
|  |  |        |- Aggregate coarse edges: ....... 0.019 s    
|  |  |        |  |- First phase: ............... 0.017 s    
|  |  |        |  `- Second phase: .............. 0.001 s    
|  |  |        `- Remap coarse edges and mapping: 0.001 s    
|  |  |- Level (5): ............................. 0.052 s    
|  |  |  |- Label Propagation: .................. 0.027 s    
|  |  |  |  |- Iteration (0): ................... 0.027 s    
|  |  |  |  |  |- First phase: .................. 0.024 s    
|  |  |  |  |  `- Second phase: ................. 0.002 s    
|  |  |  |  |- Handle isolated nodes: ........... 0.000 s    
|  |  |  |  `- Handle two-hop nodes: ............ 0.000 s    
|  |  |  `- Contract graph: ..................... 0.025 s    
|  |  |     |- Allocation: ...................... 0.000 s (3)
|  |  |     |- Preprocessing: ................... 0.000 s (3)
|  |  |     |- Deallocation: .................... 0.000 s    
|  |  |     `- Construct coarse graph: .......... 0.023 s    
|  |  |        |- Aggregate coarse edges: ....... 0.022 s    
|  |  |        |  |- First phase: ............... 0.022 s    
|  |  |        |  `- Second phase: .............. 0.000 s    
|  |  |        `- Remap coarse edges and mapping: 0.001 s    
|  |  |- Level (6): ............................. 0.031 s    
|  |  |  |- Label Propagation: .................. 0.013 s    
|  |  |  |  |- Iteration (0): ................... 0.013 s    
|  |  |  |  |  |- First phase: .................. 0.011 s    
|  |  |  |  |  `- Second phase: ................. 0.002 s    
|  |  |  |  |- Handle isolated nodes: ........... 0.000 s    
|  |  |  |  `- Handle two-hop nodes: ............ 0.000 s    
|  |  |  `- Contract graph: ..................... 0.017 s    
|  |  |     |- Allocation: ...................... 0.000 s (3)
|  |  |     |- Preprocessing: ................... 0.000 s (3)
|  |  |     |- Deallocation: .................... 0.000 s    
|  |  |     `- Construct coarse graph: .......... 0.016 s    
|  |  |        |- Aggregate coarse edges: ....... 0.015 s    
|  |  |        |  |- First phase: ............... 0.015 s    
|  |  |        |  `- Second phase: .............. 0.000 s    
|  |  |        `- Remap coarse edges and mapping: 0.001 s    
|  |  |- Level (7): ............................. 0.020 s    
|  |  |  |- Label Propagation: .................. 0.002 s    
|  |  |  |  |- Iteration (0): ................... 0.002 s    
|  |  |  |  |  |- First phase: .................. 0.001 s    
|  |  |  |  |  `- Second phase: ................. 0.001 s    
|  |  |  |  |- Handle isolated nodes: ........... 0.000 s    
|  |  |  |  `- Handle two-hop nodes: ............ 0.000 s    
|  |  |  `- Contract graph: ..................... 0.017 s    
|  |  |     |- Allocation: ...................... 0.000 s (3)
|  |  |     |- Preprocessing: ................... 0.000 s (3)
|  |  |     |- Deallocation: .................... 0.000 s    
|  |  |     `- Construct coarse graph: .......... 0.016 s    
|  |  |        |- Aggregate coarse edges: ....... 0.015 s    
|  |  |        |  |- First phase: ............... 0.014 s    
|  |  |        |  `- Second phase: .............. 0.000 s    
|  |  |        `- Remap coarse edges and mapping: 0.000 s    
|  |  |- Level (8): ............................. 0.017 s    
|  |  |  |- Label Propagation: .................. 0.002 s    
|  |  |  |  |- Iteration (0): ................... 0.002 s    
|  |  |  |  |  |- First phase: .................. 0.001 s    
|  |  |  |  |  `- Second phase: ................. 0.000 s    
|  |  |  |  |- Handle isolated nodes: ........... 0.000 s    
|  |  |  |  `- Handle two-hop nodes: ............ 0.000 s    
|  |  |  `- Contract graph: ..................... 0.014 s    
|  |  |     |- Allocation: ...................... 0.000 s (3)
|  |  |     |- Preprocessing: ................... 0.000 s (3)
|  |  |     |- Deallocation: .................... 0.000 s    
|  |  |     `- Construct coarse graph: .......... 0.014 s    
|  |  |        |- Aggregate coarse edges: ....... 0.013 s    
|  |  |        |  |- First phase: ............... 0.013 s    
|  |  |        |  `- Second phase: .............. 0.000 s    
|  |  |        `- Remap coarse edges and mapping: 0.000 s    
|  |  |- Level (9): ............................. 0.019 s    
|  |  |  |- Label Propagation: .................. 0.001 s    
|  |  |  |  |- Iteration (0): ................... 0.001 s    
|  |  |  |  |  `- First phase: .................. 0.001 s    
|  |  |  |  |- Handle isolated nodes: ........... 0.000 s    
|  |  |  |  `- Handle two-hop nodes: ............ 0.000 s    
|  |  |  `- Contract graph: ..................... 0.017 s    
|  |  |     |- Allocation: ...................... 0.000 s (3)
|  |  |     |- Preprocessing: ................... 0.000 s (3)
|  |  |     |- Deallocation: .................... 0.000 s    
|  |  |     `- Construct coarse graph: .......... 0.016 s    
|  |  |        |- Aggregate coarse edges: ....... 0.015 s    
|  |  |        |  |- First phase: ............... 0.015 s    
|  |  |        |  `- Second phase: .............. 0.000 s    
|  |  |        `- Remap coarse edges and mapping: 0.000 s    
|  |  |- Level (10): ............................ 0.016 s    
|  |  |  |- Label Propagation: .................. 0.001 s    
|  |  |  |  |- Iteration (0): ................... 0.001 s    
|  |  |  |  |  `- First phase: .................. 0.001 s    
|  |  |  |  |- Handle isolated nodes: ........... 0.000 s    
|  |  |  |  `- Handle two-hop nodes: ............ 0.000 s    
|  |  |  `- Contract graph: ..................... 0.014 s    
|  |  |     |- Allocation: ...................... 0.000 s (3)
|  |  |     |- Preprocessing: ................... 0.000 s (3)
|  |  |     |- Deallocation: .................... 0.000 s    
|  |  |     `- Construct coarse graph: .......... 0.014 s    
|  |  |        |- Aggregate coarse edges: ....... 0.013 s    
|  |  |        |  |- First phase: ............... 0.013 s    
|  |  |        |  `- Second phase: .............. 0.000 s    
|  |  |        `- Remap coarse edges and mapping: 0.000 s    
|  |  `- Deallocation: .......................... 0.000 s    
|  |- Initial partitioning scheme: .............. 0.452 s    
|  |- Uncoarsening: ............................. 0.332 s    
|  |  |- Level (10): ............................ 0.007 s    
|  |  |  |- Allocation: ......................... 0.000 s    
|  |  |  |- Project partition: .................. 0.000 s    
|  |  |  |- Create graph: ....................... 0.000 s    
|  |  |  `- Refinement: ......................... 0.005 s    
|  |  |     |- Greedy Balancer: ................. 0.000 s    
|  |  |     `- Label Propagation: ............... 0.005 s    
|  |  |        |- Allocation: ................... 0.004 s    
|  |  |        |- Iteration (0): ................ 0.001 s    
|  |  |        `- Iteration (1): ................ 0.000 s    
|  |  |- Level (9): ............................. 0.003 s    
|  |  |  |- Allocation: ......................... 0.000 s    
|  |  |  |- Project partition: .................. 0.000 s    
|  |  |  |- Create graph: ....................... 0.000 s    
|  |  |  `- Refinement: ......................... 0.001 s    
|  |  |     |- Greedy Balancer: ................. 0.000 s    
|  |  |     `- Label Propagation: ............... 0.001 s    
|  |  |        |- Iteration (0): ................ 0.001 s    
|  |  |        `- Iteration (1): ................ 0.000 s    
|  |  |- Level (8): ............................. 0.003 s    
|  |  |  |- Allocation: ......................... 0.000 s    
|  |  |  |- Project partition: .................. 0.000 s    
|  |  |  |- Create graph: ....................... 0.000 s    
|  |  |  `- Refinement: ......................... 0.001 s    
|  |  |     |- Greedy Balancer: ................. 0.000 s    
|  |  |     `- Label Propagation: ............... 0.001 s    
|  |  |        |- Iteration (0): ................ 0.001 s    
|  |  |        `- Iteration (1): ................ 0.000 s    
|  |  |- Level (7): ............................. 0.003 s    
|  |  |  |- Allocation: ......................... 0.000 s    
|  |  |  |- Project partition: .................. 0.000 s    
|  |  |  |- Create graph: ....................... 0.000 s    
|  |  |  `- Refinement: ......................... 0.001 s    
|  |  |     |- Greedy Balancer: ................. 0.000 s    
|  |  |     `- Label Propagation: ............... 0.001 s    
|  |  |        |- Iteration (0): ................ 0.001 s    
|  |  |        `- Iteration (1): ................ 0.000 s    
|  |  |- Level (6): ............................. 0.003 s    
|  |  |  |- Allocation: ......................... 0.000 s    
|  |  |  |- Project partition: .................. 0.000 s    
|  |  |  |- Create graph: ....................... 0.000 s    
|  |  |  `- Refinement: ......................... 0.002 s    
|  |  |     |- Greedy Balancer: ................. 0.000 s    
|  |  |     `- Label Propagation: ............... 0.002 s    
|  |  |        |- Iteration (0): ................ 0.001 s    
|  |  |        `- Iteration (1): ................ 0.000 s    
|  |  |- Level (5): ............................. 0.003 s    
|  |  |  |- Allocation: ......................... 0.000 s    
|  |  |  |- Project partition: .................. 0.000 s    
|  |  |  |- Create graph: ....................... 0.000 s    
|  |  |  `- Refinement: ......................... 0.002 s    
|  |  |     |- Greedy Balancer: ................. 0.000 s    
|  |  |     `- Label Propagation: ............... 0.002 s    
|  |  |        |- Iteration (0): ................ 0.001 s    
|  |  |        `- Iteration (1): ................ 0.000 s    
|  |  |- Level (4): ............................. 0.004 s    
|  |  |  |- Allocation: ......................... 0.000 s    
|  |  |  |- Project partition: .................. 0.000 s    
|  |  |  |- Create graph: ....................... 0.000 s    
|  |  |  `- Refinement: ......................... 0.003 s    
|  |  |     |- Greedy Balancer: ................. 0.000 s    
|  |  |     `- Label Propagation: ............... 0.003 s    
|  |  |        |- Iteration (0): ................ 0.002 s    
|  |  |        `- Iteration (1): ................ 0.000 s    
|  |  |- Level (3): ............................. 0.007 s    
|  |  |  |- Allocation: ......................... 0.000 s    
|  |  |  |- Project partition: .................. 0.000 s    
|  |  |  |- Create graph: ....................... 0.000 s    
|  |  |  `- Refinement: ......................... 0.006 s    
|  |  |     |- Greedy Balancer: ................. 0.000 s    
|  |  |     `- Label Propagation: ............... 0.006 s    
|  |  |        |- Iteration (0): ................ 0.003 s    
|  |  |        |- Iteration (1): ................ 0.001 s    
|  |  |        |- Iteration (2): ................ 0.000 s    
|  |  |        `- Iteration (3): ................ 0.000 s    
|  |  |- Level (2): ............................. 0.028 s    
|  |  |  |- Allocation: ......................... 0.000 s    
|  |  |  |- Project partition: .................. 0.000 s    
|  |  |  |- Create graph: ....................... 0.000 s    
|  |  |  `- Refinement: ......................... 0.026 s    
|  |  |     |- Greedy Balancer: ................. 0.000 s    
|  |  |     `- Label Propagation: ............... 0.026 s    
|  |  |        |- Iteration (0): ................ 0.014 s    
|  |  |        |- Iteration (1): ................ 0.004 s    
|  |  |        |- Iteration (2): ................ 0.003 s    
|  |  |        |- Iteration (3): ................ 0.002 s    
|  |  |        `- Iteration (4): ................ 0.001 s    
|  |  |- Level (1): ............................. 0.112 s    
|  |  |  |- Allocation: ......................... 0.004 s    
|  |  |  |- Project partition: .................. 0.000 s    
|  |  |  |- Create graph: ....................... 0.000 s    
|  |  |  `- Refinement: ......................... 0.106 s    
|  |  |     |- Greedy Balancer: ................. 0.000 s    
|  |  |     `- Label Propagation: ............... 0.106 s    
|  |  |        |- Iteration (0): ................ 0.056 s    
|  |  |        |- Iteration (1): ................ 0.020 s    
|  |  |        |- Iteration (2): ................ 0.012 s    
|  |  |        |- Iteration (3): ................ 0.007 s    
|  |  |        `- Iteration (4): ................ 0.008 s    
|  |  `- Level (0): ............................. 0.154 s    
|  |     |- Allocation: ......................... 0.003 s    
|  |     |- Project partition: .................. 0.000 s    
|  |     |- Create graph: ....................... 0.000 s    
|  |     `- Refinement: ......................... 0.147 s    
|  |        |- Greedy Balancer: ................. 0.000 s    
|  |        `- Label Propagation: ............... 0.146 s    
|  |           |- Iteration (0): ................ 0.090 s    
|  |           |- Iteration (1): ................ 0.017 s    
|  |           |- Iteration (2): ................ 0.013 s    
|  |           |- Iteration (3): ................ 0.011 s    
|  |           `- Iteration (4): ................ 0.012 s    
|  |- Deallocation: ............................. 0.004 s    
|  `- Re-integrate isolated nodes: .............. 0.006 s    
`- IO: .......................................... 0.000 s    

Partition summary:
  Number of blocks: 16
  Edge cut:         46029063
  Imbalance:        0.0299994
  Feasible:         yes

Block weights:
  w(0 ) = 208133    w(1 ) = 208132    w(2 ) = 208133    w(3 ) = 192942  
  w(4 ) = 208133    w(5 ) = 208133    w(6 ) = 126323    w(7 ) = 208133  
  w(8 ) = 208133    w(9 ) = 208133    w(10) = 208133    w(11) = 208132  
  w(12) = 208133    w(13) = 208133    w(14) = 208133    w(15) = 208133  

Maximum resident set size: 2815464 KiB
