################################################################################
#                _  __       __  __  _         ____                            #
#               | |/ / __ _ |  \/  |(_) _ __  |  _ \  __ _  _ __               #
#               | ' / / _` || |\/| || || '_ \ | |_) |/ _` || '__|              #
#               | . \| (_| || |  | || || | | ||  __/| (_| || |                 #
#               |_|\_\\__,_||_|  |_||_||_| |_||_|    \__,_||_|                 #
#                                                                              #
################################################################################
Current commit hash:          99c62314d27845b3825829ec1e3e97256490627d
Assertion level:              always+light
Statistics:                   disabled
Built on:                     liskov
Data type sizes:
  Nodes IDs: 4 bytes | Node weights: 4 bytes
  Edges IDs: 4 bytes | Edge weights: 4 bytes
############################################################## Input Summary ###
Execution mode:               64
Seed:                         1
Graph:                        recomp_proteins1GB_9 [node ordering: deg-buckets] [edge ordering: natural]
  Number of nodes:             14537567 (unweighted)
  Number of edges:            148617134 (total weight: 510239704)
Number of blocks:             16
Maximum block weight:         935855 (908598 + 3% / 3%)
---------------------------------------------------------- Graph Compression ---
Enabled:                      no
-------------------------------------------------------- Partitioning Scheme ---
Partitioning mode:            deep
  Deep initial part. mode:    async-parallel
  Deep initial part. load:    1
Subgraph memory:              Lazy
----------------------------------------------------------------- Coarsening ---
Contraction limit:            160
Coarsening algorithm:         clustering
  Cluster weight limit:       static-block-weight x 0.00625
  Shrink factor:              2.5
  Max mem-free level:         1
  Clustering algorithm:       lp
    Number of iterations:     1
    High degree threshold:    4294967295
    Max degree:               4294967295
    Tie breaking strategy:    uniform
    Implementation:           two-phase
      Relabel:                no
    2-hop clustering:         match-threadwise, if |Vcoarse| > 0.500000 * |V|
    Isolated nodes:           match-during-two-hop
  Forced hierarchy levels:    <none> (leeway: U=10.000000, L=1.100000)
Contraction algorithm:        unbuffered
  Implementation:             two-phase
------------------------------------------------------- Initial Partitioning ---
Adaptive algorithm selection: yes
----------------------------------------------------------------- Refinement ---
Refinement algorithms:        [greedy-balancer -> lp]
Label propagation:
  Number of iterations:       5
  Tie breaking strategy:      uniform
  Implementation:             single-phase
############################################################## Preprocessing ###
Removed 0 isolated nodes
  Remaining nodes:             14537567
  Remaining total node weight: 14537567
############################################################### Partitioning ###
Input graph:
 Number of nodes: 14537567 | Number of edges: 148617134
 Maximum node weight: 1

Coarsening -> Level 1 [max cluster weight: 5849]:
 Total edge weight:   476967104
 Number of nodes:     5621775 | Number of edges: 123222326
 Maximum node weight: 5851

Coarsening -> Level 2 [max cluster weight: 5849]:
 Total edge weight:   428995200
 Number of nodes:     2192716 | Number of edges: 83538322
 Maximum node weight: 5851

Coarsening -> Level 3 [max cluster weight: 5849]:
 Total edge weight:   412237466
 Number of nodes:     646436 | Number of edges: 42801754
 Maximum node weight: 5851

Coarsening -> Level 4 [max cluster weight: 5849]:
 Total edge weight:   409688640
 Number of nodes:     294003 | Number of edges: 17203930
 Maximum node weight: 11698

Coarsening -> Level 5 [max cluster weight: 5849]:
 Total edge weight:   409409938
 Number of nodes:     153850 | Number of edges: 9465398
 Maximum node weight: 11698

Coarsening -> Level 6 [max cluster weight: 5849]:
 Total edge weight:   409382258
 Number of nodes:     86449 | Number of edges: 7873000
 Maximum node weight: 11698

Coarsening -> Level 7 [max cluster weight: 5849]:
 Total edge weight:   409379226
 Number of nodes:     52236 | Number of edges: 7386030
 Maximum node weight: 11698

Coarsening -> Level 8 [max cluster weight: 5849]:
 Total edge weight:   409378034
 Number of nodes:     34187 | Number of edges: 7064012
 Maximum node weight: 11698

Coarsening -> Level 9 [max cluster weight: 5849]:
 Total edge weight:   409378034
 Number of nodes:     24389 | Number of edges: 6814952
 Maximum node weight: 11698

Coarsening -> Level 10 [max cluster weight: 5849]:
 Total edge weight:   409378034
 Number of nodes:     19079 | Number of edges: 6607542
 Maximum node weight: 11698

Coarsening -> Level 11 [max cluster weight: 5849]:
 Total edge weight:   409378034
 Number of nodes:     15949 | Number of edges: 6442344
 Maximum node weight: 11698

Coarsening -> Level 12 [max cluster weight: 5849]:
 Total edge weight:   409378034
 Number of nodes:     12791 | Number of edges: 6269978
 Maximum node weight: 11698

Coarsening -> Level 13 [max cluster weight: 5849]:
 Total edge weight:   409378034
 Number of nodes:     10938 | Number of edges: 6144374
 Maximum node weight: 11698

Coarsening -> Level 14 [max cluster weight: 5849]:
 Total edge weight:   409378034
 Number of nodes:     9670 | Number of edges: 6046136
 Maximum node weight: 11698

==> Coarsening terminated with less than 10240 nodes

Initial partitioning:
 Number of blocks: 16

Uncoarsening -> Level 13
 Number of nodes: 10938 | Number of edges: 6144374
  Running refinement on 16 blocks
   1. Greedy Balancer
   2. Label Propagation

Uncoarsening -> Level 12
 Number of nodes: 12791 | Number of edges: 6269978
  Running refinement on 16 blocks
   1. Greedy Balancer
   2. Label Propagation

Uncoarsening -> Level 11
 Number of nodes: 15949 | Number of edges: 6442344
  Running refinement on 16 blocks
   1. Greedy Balancer
   2. Label Propagation

Uncoarsening -> Level 10
 Number of nodes: 19079 | Number of edges: 6607542
  Running refinement on 16 blocks
   1. Greedy Balancer
   2. Label Propagation

Uncoarsening -> Level 9
 Number of nodes: 24389 | Number of edges: 6814952
  Running refinement on 16 blocks
   1. Greedy Balancer
   2. Label Propagation

Uncoarsening -> Level 8
 Number of nodes: 34187 | Number of edges: 7064012
  Running refinement on 16 blocks
   1. Greedy Balancer
   2. Label Propagation

Uncoarsening -> Level 7
 Number of nodes: 52236 | Number of edges: 7386030
  Running refinement on 16 blocks
   1. Greedy Balancer
   2. Label Propagation

Uncoarsening -> Level 6
 Number of nodes: 86449 | Number of edges: 7873000
  Running refinement on 16 blocks
   1. Greedy Balancer
   2. Label Propagation

Uncoarsening -> Level 5
 Number of nodes: 153850 | Number of edges: 9465398
  Running refinement on 16 blocks
   1. Greedy Balancer
   2. Label Propagation

Uncoarsening -> Level 4
 Number of nodes: 294003 | Number of edges: 17203930
  Running refinement on 16 blocks
   1. Greedy Balancer
   2. Label Propagation

Uncoarsening -> Level 3
 Number of nodes: 646436 | Number of edges: 42801754
  Running refinement on 16 blocks
   1. Greedy Balancer
   2. Label Propagation

Uncoarsening -> Level 2
 Number of nodes: 2192716 | Number of edges: 83538322
  Running refinement on 16 blocks
   1. Greedy Balancer
   2. Label Propagation

Uncoarsening -> Level 1
 Number of nodes: 5621775 | Number of edges: 123222326
  Running refinement on 16 blocks
   1. Greedy Balancer
   2. Label Propagation

Uncoarsening -> Level 0
 Number of nodes: 14537567 | Number of edges: 148617134
  Running refinement on 16 blocks
   1. Greedy Balancer
   2. Label Propagation
############################################################# Result Summary ###
RESULT cut=174710653 imbalance=0.029999 feasible=1 k=16
TIME read_input_graph=2.020 partitioning=5.266 partitioning.rearrange_by_degree-buckets=0.198 partitioning.rearrange_by_degree-buckets.sort_nodes_by_integer_buckets=0.013 partitioning.rearrange_by_degree-buckets.rearrange_input_graph=0.168 partitioning.rearrange_by_degree-buckets.deallocation=0.006 partitioning.refinement=0.000 partitioning.refinement.allocation=0.000 partitioning.coarsening=2.956 partitioning.coarsening.level[0]=1.119 partitioning.coarsening.level[0].label_propagation=0.164 partitioning.coarsening.level[0].label_propagation.allocation=0.010 partitioning.coarsening.level[0].label_propagation.iteration[0]=0.145 partitioning.coarsening.level[0].label_propagation.iteration[0].first_phase=0.141 partitioning.coarsening.level[0].label_propagation.handle_isolated_nodes=0.000 partitioning.coarsening.level[0].label_propagation.handle_two-hop_nodes=0.000 partitioning.coarsening.level[0].label_propagation.free=0.006 partitioning.coarsening.level[0].contract_graph=0.954 partitioning.coarsening.level[0].contract_graph.allocation=0.001 partitioning.coarsening.level[0].contract_graph.preprocessing=0.193 partitioning.coarsening.level[0].contract_graph.deallocation=0.000 partitioning.coarsening.level[0].contract_graph.construct_coarse_graph=0.752 partitioning.coarsening.level[0].contract_graph.construct_coarse_graph.aggregate_coarse_edges=0.725 partitioning.coarsening.level[0].contract_graph.construct_coarse_graph.aggregate_coarse_edges.first_phase=0.241 partitioning.coarsening.level[0].contract_graph.construct_coarse_graph.aggregate_coarse_edges.second_phase=0.479 partitioning.coarsening.level[0].contract_graph.construct_coarse_graph.remap_coarse_edges_and_mapping=0.023 partitioning.coarsening.level[1]=0.790 partitioning.coarsening.level[1].label_propagation=0.354 partitioning.coarsening.level[1].label_propagation.allocation=0.013 partitioning.coarsening.level[1].label_propagation.iteration[0]=0.340 partitioning.coarsening.level[1].label_propagation.iteration[0].first_phase=0.201 partitioning.coarsening.level[1].label_propagation.iteration[0].second_phase=0.137 partitioning.coarsening.level[1].label_propagation.handle_isolated_nodes=0.000 partitioning.coarsening.level[1].label_propagation.handle_two-hop_nodes=0.000 partitioning.coarsening.level[1].contract_graph=0.436 partitioning.coarsening.level[1].contract_graph.allocation=0.002 partitioning.coarsening.level[1].contract_graph.preprocessing=0.051 partitioning.coarsening.level[1].contract_graph.deallocation=0.000 partitioning.coarsening.level[1].contract_graph.construct_coarse_graph=0.379 partitioning.coarsening.level[1].contract_graph.construct_coarse_graph.aggregate_coarse_edges=0.363 partitioning.coarsening.level[1].contract_graph.construct_coarse_graph.aggregate_coarse_edges.first_phase=0.174 partitioning.coarsening.level[1].contract_graph.construct_coarse_graph.aggregate_coarse_edges.second_phase=0.188 partitioning.coarsening.level[1].contract_graph.construct_coarse_graph.remap_coarse_edges_and_mapping=0.014 partitioning.coarsening.level[2]=0.496 partitioning.coarsening.level[2].label_propagation=0.334 partitioning.coarsening.level[2].label_propagation.iteration[0]=0.326 partitioning.coarsening.level[2].label_propagation.iteration[0].first_phase=0.137 partitioning.coarsening.level[2].label_propagation.iteration[0].second_phase=0.188 partitioning.coarsening.level[2].label_propagation.handle_isolated_nodes=0.000 partitioning.coarsening.level[2].label_propagation.handle_two-hop_nodes=0.000 partitioning.coarsening.level[2].contract_graph=0.162 partitioning.coarsening.level[2].contract_graph.allocation=0.001 partitioning.coarsening.level[2].contract_graph.preprocessing=0.020 partitioning.coarsening.level[2].contract_graph.deallocation=0.000 partitioning.coarsening.level[2].contract_graph.construct_coarse_graph=0.137 partitioning.coarsening.level[2].contract_graph.construct_coarse_graph.aggregate_coarse_edges=0.130 partitioning.coarsening.level[2].contract_graph.construct_coarse_graph.aggregate_coarse_edges.first_phase=0.090 partitioning.coarsening.level[2].contract_graph.construct_coarse_graph.aggregate_coarse_edges.second_phase=0.039 partitioning.coarsening.level[2].contract_graph.construct_coarse_graph.remap_coarse_edges_and_mapping=0.007 partitioning.coarsening.level[3]=0.163 partitioning.coarsening.level[3].label_propagation=0.095 partitioning.coarsening.level[3].label_propagation.iteration[0]=0.095 partitioning.coarsening.level[3].label_propagation.iteration[0].first_phase=0.058 partitioning.coarsening.level[3].label_propagation.iteration[0].second_phase=0.036 partitioning.coarsening.level[3].label_propagation.handle_isolated_nodes=0.000 partitioning.coarsening.level[3].label_propagation.handle_two-hop_nodes=0.000 partitioning.coarsening.level[3].contract_graph=0.067 partitioning.coarsening.level[3].contract_graph.allocation=0.000 partitioning.coarsening.level[3].contract_graph.preprocessing=0.002 partitioning.coarsening.level[3].contract_graph.deallocation=0.000 partitioning.coarsening.level[3].contract_graph.construct_coarse_graph=0.063 partitioning.coarsening.level[3].contract_graph.construct_coarse_graph.aggregate_coarse_edges=0.059 partitioning.coarsening.level[3].contract_graph.construct_coarse_graph.aggregate_coarse_edges.first_phase=0.047 partitioning.coarsening.level[3].contract_graph.construct_coarse_graph.aggregate_coarse_edges.second_phase=0.012 partitioning.coarsening.level[3].contract_graph.construct_coarse_graph.remap_coarse_edges_and_mapping=0.002 partitioning.coarsening.level[4]=0.092 partitioning.coarsening.level[4].label_propagation=0.047 partitioning.coarsening.level[4].label_propagation.iteration[0]=0.046 partitioning.coarsening.level[4].label_propagation.iteration[0].first_phase=0.027 partitioning.coarsening.level[4].label_propagation.iteration[0].second_phase=0.019 partitioning.coarsening.level[4].label_propagation.handle_isolated_nodes=0.000 partitioning.coarsening.level[4].label_propagation.handle_two-hop_nodes=0.000 partitioning.coarsening.level[4].contract_graph=0.044 partitioning.coarsening.level[4].contract_graph.allocation=0.000 partitioning.coarsening.level[4].contract_graph.preprocessing=0.002 partitioning.coarsening.level[4].contract_graph.deallocation=0.000 partitioning.coarsening.level[4].contract_graph.construct_coarse_graph=0.040 partitioning.coarsening.level[4].contract_graph.construct_coarse_graph.aggregate_coarse_edges=0.038 partitioning.coarsening.level[4].contract_graph.construct_coarse_graph.aggregate_coarse_edges.first_phase=0.032 partitioning.coarsening.level[4].contract_graph.construct_coarse_graph.aggregate_coarse_edges.second_phase=0.006 partitioning.coarsening.level[4].contract_graph.construct_coarse_graph.remap_coarse_edges_and_mapping=0.001 partitioning.coarsening.level[5]=0.051 partitioning.coarsening.level[5].label_propagation=0.024 partitioning.coarsening.level[5].label_propagation.iteration[0]=0.023 partitioning.coarsening.level[5].label_propagation.iteration[0].first_phase=0.013 partitioning.coarsening.level[5].label_propagation.iteration[0].second_phase=0.010 partitioning.coarsening.level[5].label_propagation.handle_isolated_nodes=0.000 partitioning.coarsening.level[5].label_propagation.handle_two-hop_nodes=0.000 partitioning.coarsening.level[5].contract_graph=0.027 partitioning.coarsening.level[5].contract_graph.allocation=0.000 partitioning.coarsening.level[5].contract_graph.preprocessing=0.000 partitioning.coarsening.level[5].contract_graph.deallocation=0.000 partitioning.coarsening.level[5].contract_graph.construct_coarse_graph=0.026 partitioning.coarsening.level[5].contract_graph.construct_coarse_graph.aggregate_coarse_edges=0.024 partitioning.coarsening.level[5].contract_graph.construct_coarse_graph.aggregate_coarse_edges.first_phase=0.020 partitioning.coarsening.level[5].contract_graph.construct_coarse_graph.aggregate_coarse_edges.second_phase=0.003 partitioning.coarsening.level[5].contract_graph.construct_coarse_graph.remap_coarse_edges_and_mapping=0.001 partitioning.coarsening.level[6]=0.047 partitioning.coarsening.level[6].label_propagation=0.020 partitioning.coarsening.level[6].label_propagation.iteration[0]=0.019 partitioning.coarsening.level[6].label_propagation.iteration[0].first_phase=0.009 partitioning.coarsening.level[6].label_propagation.iteration[0].second_phase=0.010 partitioning.coarsening.level[6].label_propagation.handle_isolated_nodes=0.000 partitioning.coarsening.level[6].label_propagation.handle_two-hop_nodes=0.000 partitioning.coarsening.level[6].contract_graph=0.027 partitioning.coarsening.level[6].contract_graph.allocation=0.000 partitioning.coarsening.level[6].contract_graph.preprocessing=0.000 partitioning.coarsening.level[6].contract_graph.deallocation=0.000 partitioning.coarsening.level[6].contract_graph.construct_coarse_graph=0.026 partitioning.coarsening.level[6].contract_graph.construct_coarse_graph.aggregate_coarse_edges=0.024 partitioning.coarsening.level[6].contract_graph.construct_coarse_graph.aggregate_coarse_edges.first_phase=0.020 partitioning.coarsening.level[6].contract_graph.construct_coarse_graph.aggregate_coarse_edges.second_phase=0.004 partitioning.coarsening.level[6].contract_graph.construct_coarse_graph.remap_coarse_edges_and_mapping=0.001 partitioning.coarsening.level[7]=0.036 partitioning.coarsening.level[7].label_propagation=0.015 partitioning.coarsening.level[7].label_propagation.iteration[0]=0.014 partitioning.coarsening.level[7].label_propagation.iteration[0].first_phase=0.006 partitioning.coarsening.level[7].label_propagation.iteration[0].second_phase=0.008 partitioning.coarsening.level[7].label_propagation.handle_isolated_nodes=0.000 partitioning.coarsening.level[7].label_propagation.handle_two-hop_nodes=0.000 partitioning.coarsening.level[7].contract_graph=0.021 partitioning.coarsening.level[7].contract_graph.allocation=0.000 partitioning.coarsening.level[7].contract_graph.preprocessing=0.000 partitioning.coarsening.level[7].contract_graph.deallocation=0.000 partitioning.coarsening.level[7].contract_graph.construct_coarse_graph=0.019 partitioning.coarsening.level[7].contract_graph.construct_coarse_graph.aggregate_coarse_edges=0.018 partitioning.coarsening.level[7].contract_graph.construct_coarse_graph.aggregate_coarse_edges.first_phase=0.018 partitioning.coarsening.level[7].contract_graph.construct_coarse_graph.aggregate_coarse_edges.second_phase=0.000 partitioning.coarsening.level[7].contract_graph.construct_coarse_graph.remap_coarse_edges_and_mapping=0.001 partitioning.coarsening.level[8]=0.030 partitioning.coarsening.level[8].label_propagation=0.008 partitioning.coarsening.level[8].label_propagation.iteration[0]=0.008 partitioning.coarsening.level[8].label_propagation.iteration[0].first_phase=0.001 partitioning.coarsening.level[8].label_propagation.iteration[0].second_phase=0.006 partitioning.coarsening.level[8].label_propagation.handle_isolated_nodes=0.000 partitioning.coarsening.level[8].label_propagation.handle_two-hop_nodes=0.000 partitioning.coarsening.level[8].contract_graph=0.021 partitioning.coarsening.level[8].contract_graph.allocation=0.000 partitioning.coarsening.level[8].contract_graph.preprocessing=0.000 partitioning.coarsening.level[8].contract_graph.deallocation=0.000 partitioning.coarsening.level[8].contract_graph.construct_coarse_graph=0.020 partitioning.coarsening.level[8].contract_graph.construct_coarse_graph.aggregate_coarse_edges=0.019 partitioning.coarsening.level[8].contract_graph.construct_coarse_graph.aggregate_coarse_edges.first_phase=0.019 partitioning.coarsening.level[8].contract_graph.construct_coarse_graph.aggregate_coarse_edges.second_phase=0.000 partitioning.coarsening.level[8].contract_graph.construct_coarse_graph.remap_coarse_edges_and_mapping=0.001 partitioning.coarsening.level[9]=0.033 partitioning.coarsening.level[9].label_propagation=0.007 partitioning.coarsening.level[9].label_propagation.iteration[0]=0.006 partitioning.coarsening.level[9].label_propagation.iteration[0].first_phase=0.001 partitioning.coarsening.level[9].label_propagation.iteration[0].second_phase=0.005 partitioning.coarsening.level[9].label_propagation.handle_isolated_nodes=0.000 partitioning.coarsening.level[9].label_propagation.handle_two-hop_nodes=0.000 partitioning.coarsening.level[9].contract_graph=0.026 partitioning.coarsening.level[9].contract_graph.allocation=0.000 partitioning.coarsening.level[9].contract_graph.preprocessing=0.000 partitioning.coarsening.level[9].contract_graph.deallocation=0.000 partitioning.coarsening.level[9].contract_graph.construct_coarse_graph=0.024 partitioning.coarsening.level[9].contract_graph.construct_coarse_graph.aggregate_coarse_edges=0.023 partitioning.coarsening.level[9].contract_graph.construct_coarse_graph.aggregate_coarse_edges.first_phase=0.023 partitioning.coarsening.level[9].contract_graph.construct_coarse_graph.aggregate_coarse_edges.second_phase=0.000 partitioning.coarsening.level[9].contract_graph.construct_coarse_graph.remap_coarse_edges_and_mapping=0.001 partitioning.coarsening.level[10]=0.029 partitioning.coarsening.level[10].label_propagation=0.005 partitioning.coarsening.level[10].label_propagation.iteration[0]=0.005 partitioning.coarsening.level[10].label_propagation.iteration[0].first_phase=0.001 partitioning.coarsening.level[10].label_propagation.iteration[0].second_phase=0.003 partitioning.coarsening.level[10].label_propagation.handle_isolated_nodes=0.000 partitioning.coarsening.level[10].label_propagation.handle_two-hop_nodes=0.000 partitioning.coarsening.level[10].contract_graph=0.024 partitioning.coarsening.level[10].contract_graph.allocation=0.000 partitioning.coarsening.level[10].contract_graph.preprocessing=0.000 partitioning.coarsening.level[10].contract_graph.deallocation=0.000 partitioning.coarsening.level[10].contract_graph.construct_coarse_graph=0.023 partitioning.coarsening.level[10].contract_graph.construct_coarse_graph.aggregate_coarse_edges=0.021 partitioning.coarsening.level[10].contract_graph.construct_coarse_graph.aggregate_coarse_edges.first_phase=0.021 partitioning.coarsening.level[10].contract_graph.construct_coarse_graph.aggregate_coarse_edges.second_phase=0.000 partitioning.coarsening.level[10].contract_graph.construct_coarse_graph.remap_coarse_edges_and_mapping=0.001 partitioning.coarsening.level[11]=0.022 partitioning.coarsening.level[11].label_propagation=0.001 partitioning.coarsening.level[11].label_propagation.iteration[0]=0.001 partitioning.coarsening.level[11].label_propagation.iteration[0].first_phase=0.001 partitioning.coarsening.level[11].label_propagation.handle_isolated_nodes=0.000 partitioning.coarsening.level[11].label_propagation.handle_two-hop_nodes=0.000 partitioning.coarsening.level[11].contract_graph=0.020 partitioning.coarsening.level[11].contract_graph.allocation=0.000 partitioning.coarsening.level[11].contract_graph.preprocessing=0.000 partitioning.coarsening.level[11].contract_graph.deallocation=0.000 partitioning.coarsening.level[11].contract_graph.construct_coarse_graph=0.019 partitioning.coarsening.level[11].contract_graph.construct_coarse_graph.aggregate_coarse_edges=0.018 partitioning.coarsening.level[11].contract_graph.construct_coarse_graph.aggregate_coarse_edges.first_phase=0.018 partitioning.coarsening.level[11].contract_graph.construct_coarse_graph.aggregate_coarse_edges.second_phase=0.000 partitioning.coarsening.level[11].contract_graph.construct_coarse_graph.remap_coarse_edges_and_mapping=0.001 partitioning.coarsening.level[12]=0.020 partitioning.coarsening.level[12].label_propagation=0.001 partitioning.coarsening.level[12].label_propagation.iteration[0]=0.001 partitioning.coarsening.level[12].label_propagation.iteration[0].first_phase=0.001 partitioning.coarsening.level[12].label_propagation.handle_isolated_nodes=0.000 partitioning.coarsening.level[12].label_propagation.handle_two-hop_nodes=0.000 partitioning.coarsening.level[12].contract_graph=0.018 partitioning.coarsening.level[12].contract_graph.allocation=0.000 partitioning.coarsening.level[12].contract_graph.preprocessing=0.000 partitioning.coarsening.level[12].contract_graph.deallocation=0.000 partitioning.coarsening.level[12].contract_graph.construct_coarse_graph=0.017 partitioning.coarsening.level[12].contract_graph.construct_coarse_graph.aggregate_coarse_edges=0.016 partitioning.coarsening.level[12].contract_graph.construct_coarse_graph.aggregate_coarse_edges.first_phase=0.016 partitioning.coarsening.level[12].contract_graph.construct_coarse_graph.aggregate_coarse_edges.second_phase=0.000 partitioning.coarsening.level[12].contract_graph.construct_coarse_graph.remap_coarse_edges_and_mapping=0.000 partitioning.coarsening.level[13]=0.021 partitioning.coarsening.level[13].label_propagation=0.001 partitioning.coarsening.level[13].label_propagation.iteration[0]=0.001 partitioning.coarsening.level[13].label_propagation.iteration[0].first_phase=0.001 partitioning.coarsening.level[13].label_propagation.handle_isolated_nodes=0.000 partitioning.coarsening.level[13].label_propagation.handle_two-hop_nodes=0.000 partitioning.coarsening.level[13].contract_graph=0.019 partitioning.coarsening.level[13].contract_graph.allocation=0.000 partitioning.coarsening.level[13].contract_graph.preprocessing=0.000 partitioning.coarsening.level[13].contract_graph.deallocation=0.000 partitioning.coarsening.level[13].contract_graph.construct_coarse_graph=0.018 partitioning.coarsening.level[13].contract_graph.construct_coarse_graph.aggregate_coarse_edges=0.017 partitioning.coarsening.level[13].contract_graph.construct_coarse_graph.aggregate_coarse_edges.first_phase=0.017 partitioning.coarsening.level[13].contract_graph.construct_coarse_graph.aggregate_coarse_edges.second_phase=0.000 partitioning.coarsening.level[13].contract_graph.construct_coarse_graph.remap_coarse_edges_and_mapping=0.001 partitioning.coarsening.deallocation=0.000 partitioning.initial_partitioning_scheme=0.537 partitioning.uncoarsening=1.555 partitioning.uncoarsening.level[13]=0.007 partitioning.uncoarsening.level[13].allocation=0.000 partitioning.uncoarsening.level[13].project_partition=0.000 partitioning.uncoarsening.level[13].create_graph=0.000 partitioning.uncoarsening.level[13].refinement=0.006 partitioning.uncoarsening.level[13].refinement.greedy_balancer=0.000 partitioning.uncoarsening.level[13].refinement.label_propagation=0.006 partitioning.uncoarsening.level[13].refinement.label_propagation.allocation=0.004 partitioning.uncoarsening.level[13].refinement.label_propagation.iteration[0]=0.001 partitioning.uncoarsening.level[13].refinement.label_propagation.iteration[1]=0.000 partitioning.uncoarsening.level[12]=0.002 partitioning.uncoarsening.level[12].allocation=0.000 partitioning.uncoarsening.level[12].project_partition=0.000 partitioning.uncoarsening.level[12].create_graph=0.000 partitioning.uncoarsening.level[12].refinement=0.001 partitioning.uncoarsening.level[12].refinement.greedy_balancer=0.000 partitioning.uncoarsening.level[12].refinement.label_propagation=0.001 partitioning.uncoarsening.level[12].refinement.label_propagation.iteration[0]=0.001 partitioning.uncoarsening.level[12].refinement.label_propagation.iteration[1]=0.000 partitioning.uncoarsening.level[11]=0.002 partitioning.uncoarsening.level[11].allocation=0.000 partitioning.uncoarsening.level[11].project_partition=0.000 partitioning.uncoarsening.level[11].create_graph=0.000 partitioning.uncoarsening.level[11].refinement=0.001 partitioning.uncoarsening.level[11].refinement.greedy_balancer=0.000 partitioning.uncoarsening.level[11].refinement.label_propagation=0.001 partitioning.uncoarsening.level[11].refinement.label_propagation.iteration[0]=0.001 partitioning.uncoarsening.level[11].refinement.label_propagation.iteration[1]=0.000 partitioning.uncoarsening.level[10]=0.002 partitioning.uncoarsening.level[10].allocation=0.000 partitioning.uncoarsening.level[10].project_partition=0.000 partitioning.uncoarsening.level[10].create_graph=0.000 partitioning.uncoarsening.level[10].refinement=0.001 partitioning.uncoarsening.level[10].refinement.greedy_balancer=0.000 partitioning.uncoarsening.level[10].refinement.label_propagation=0.001 partitioning.uncoarsening.level[10].refinement.label_propagation.iteration[0]=0.001 partitioning.uncoarsening.level[10].refinement.label_propagation.iteration[1]=0.000 partitioning.uncoarsening.level[9]=0.002 partitioning.uncoarsening.level[9].allocation=0.000 partitioning.uncoarsening.level[9].project_partition=0.000 partitioning.uncoarsening.level[9].create_graph=0.000 partitioning.uncoarsening.level[9].refinement=0.001 partitioning.uncoarsening.level[9].refinement.greedy_balancer=0.000 partitioning.uncoarsening.level[9].refinement.label_propagation=0.001 partitioning.uncoarsening.level[9].refinement.label_propagation.iteration[0]=0.001 partitioning.uncoarsening.level[9].refinement.label_propagation.iteration[1]=0.000 partitioning.uncoarsening.level[8]=0.003 partitioning.uncoarsening.level[8].allocation=0.000 partitioning.uncoarsening.level[8].project_partition=0.000 partitioning.uncoarsening.level[8].create_graph=0.000 partitioning.uncoarsening.level[8].refinement=0.002 partitioning.uncoarsening.level[8].refinement.greedy_balancer=0.000 partitioning.uncoarsening.level[8].refinement.label_propagation=0.002 partitioning.uncoarsening.level[8].refinement.label_propagation.iteration[0]=0.001 partitioning.uncoarsening.level[8].refinement.label_propagation.iteration[1]=0.000 partitioning.uncoarsening.level[7]=0.003 partitioning.uncoarsening.level[7].allocation=0.000 partitioning.uncoarsening.level[7].project_partition=0.000 partitioning.uncoarsening.level[7].create_graph=0.000 partitioning.uncoarsening.level[7].refinement=0.002 partitioning.uncoarsening.level[7].refinement.greedy_balancer=0.000 partitioning.uncoarsening.level[7].refinement.label_propagation=0.002 partitioning.uncoarsening.level[7].refinement.label_propagation.iteration[0]=0.001 partitioning.uncoarsening.level[7].refinement.label_propagation.iteration[1]=0.000 partitioning.uncoarsening.level[6]=0.003 partitioning.uncoarsening.level[6].allocation=0.000 partitioning.uncoarsening.level[6].project_partition=0.000 partitioning.uncoarsening.level[6].create_graph=0.000 partitioning.uncoarsening.level[6].refinement=0.002 partitioning.uncoarsening.level[6].refinement.greedy_balancer=0.000 partitioning.uncoarsening.level[6].refinement.label_propagation=0.002 partitioning.uncoarsening.level[6].refinement.label_propagation.iteration[0]=0.002 partitioning.uncoarsening.level[6].refinement.label_propagation.iteration[1]=0.000 partitioning.uncoarsening.level[5]=0.004 partitioning.uncoarsening.level[5].allocation=0.000 partitioning.uncoarsening.level[5].project_partition=0.000 partitioning.uncoarsening.level[5].create_graph=0.000 partitioning.uncoarsening.level[5].refinement=0.003 partitioning.uncoarsening.level[5].refinement.greedy_balancer=0.000 partitioning.uncoarsening.level[5].refinement.label_propagation=0.003 partitioning.uncoarsening.level[5].refinement.label_propagation.iteration[0]=0.002 partitioning.uncoarsening.level[5].refinement.label_propagation.iteration[1]=0.000 partitioning.uncoarsening.level[4]=0.007 partitioning.uncoarsening.level[4].allocation=0.000 partitioning.uncoarsening.level[4].project_partition=0.000 partitioning.uncoarsening.level[4].create_graph=0.000 partitioning.uncoarsening.level[4].refinement=0.006 partitioning.uncoarsening.level[4].refinement.greedy_balancer=0.000 partitioning.uncoarsening.level[4].refinement.label_propagation=0.006 partitioning.uncoarsening.level[4].refinement.label_propagation.iteration[0]=0.004 partitioning.uncoarsening.level[4].refinement.label_propagation.iteration[1]=0.001 partitioning.uncoarsening.level[4].refinement.label_propagation.iteration[2]=0.000 partitioning.uncoarsening.level[3]=0.033 partitioning.uncoarsening.level[3].allocation=0.005 partitioning.uncoarsening.level[3].project_partition=0.000 partitioning.uncoarsening.level[3].create_graph=0.000 partitioning.uncoarsening.level[3].refinement=0.025 partitioning.uncoarsening.level[3].refinement.greedy_balancer=0.000 partitioning.uncoarsening.level[3].refinement.label_propagation=0.025 partitioning.uncoarsening.level[3].refinement.label_propagation.iteration[0]=0.016 partitioning.uncoarsening.level[3].refinement.label_propagation.iteration[1]=0.004 partitioning.uncoarsening.level[3].refinement.label_propagation.iteration[2]=0.002 partitioning.uncoarsening.level[3].refinement.label_propagation.iteration[3]=0.001 partitioning.uncoarsening.level[3].refinement.label_propagation.iteration[4]=0.001 partitioning.uncoarsening.level[2]=0.150 partitioning.uncoarsening.level[2].allocation=0.003 partitioning.uncoarsening.level[2].project_partition=0.000 partitioning.uncoarsening.level[2].create_graph=0.000 partitioning.uncoarsening.level[2].refinement=0.144 partitioning.uncoarsening.level[2].refinement.greedy_balancer=0.000 partitioning.uncoarsening.level[2].refinement.label_propagation=0.144 partitioning.uncoarsening.level[2].refinement.label_propagation.iteration[0]=0.101 partitioning.uncoarsening.level[2].refinement.label_propagation.iteration[1]=0.015 partitioning.uncoarsening.level[2].refinement.label_propagation.iteration[2]=0.012 partitioning.uncoarsening.level[2].refinement.label_propagation.iteration[3]=0.008 partitioning.uncoarsening.level[2].refinement.label_propagation.iteration[4]=0.006 partitioning.uncoarsening.level[1]=0.422 partitioning.uncoarsening.level[1].allocation=0.004 partitioning.uncoarsening.level[1].project_partition=0.001 partitioning.uncoarsening.level[1].create_graph=0.001 partitioning.uncoarsening.level[1].refinement=0.412 partitioning.uncoarsening.level[1].refinement.greedy_balancer=0.000 partitioning.uncoarsening.level[1].refinement.label_propagation=0.411 partitioning.uncoarsening.level[1].refinement.label_propagation.iteration[0]=0.286 partitioning.uncoarsening.level[1].refinement.label_propagation.iteration[1]=0.050 partitioning.uncoarsening.level[1].refinement.label_propagation.iteration[2]=0.034 partitioning.uncoarsening.level[1].refinement.label_propagation.iteration[3]=0.021 partitioning.uncoarsening.level[1].refinement.label_propagation.iteration[4]=0.018 partitioning.uncoarsening.level[0]=0.910 partitioning.uncoarsening.level[0].allocation=0.006 partitioning.uncoarsening.level[0].project_partition=0.001 partitioning.uncoarsening.level[0].create_graph=0.001 partitioning.uncoarsening.level[0].refinement=0.896 partitioning.uncoarsening.level[0].refinement.greedy_balancer=0.000 partitioning.uncoarsening.level[0].refinement.label_propagation=0.895 partitioning.uncoarsening.level[0].refinement.label_propagation.iteration[0]=0.528 partitioning.uncoarsening.level[0].refinement.label_propagation.iteration[1]=0.128 partitioning.uncoarsening.level[0].refinement.label_propagation.iteration[2]=0.091 partitioning.uncoarsening.level[0].refinement.label_propagation.iteration[3]=0.072 partitioning.uncoarsening.level[0].refinement.label_propagation.iteration[4]=0.073 partitioning.deallocation=0.005 partitioning.re-integrate_isolated_nodes=0.009 io=0.001 
MEMORY disabled

Global Timer: ................................... 7.301 s    
|- Read input graph: ............................ 2.020 s    
|- Partitioning: ................................ 5.266 s    
|  |- Rearrange by degree-buckets: .............. 0.198 s    
|  |  |- Sort nodes by integer buckets: ......... 0.013 s    
|  |  |- Rearrange input graph: ................. 0.168 s    
|  |  `- Deallocation: .......................... 0.006 s    
|  |- Refinement: ............................... 0.000 s    
|  |  `- Allocation: ............................ 0.000 s    
|  |- Coarsening: ............................... 2.956 s    
|  |  |- Level (0): ............................. 1.119 s    
|  |  |  |- Label Propagation: .................. 0.164 s    
|  |  |  |  |- Allocation: ...................... 0.010 s    
|  |  |  |  |- Iteration (0): ................... 0.145 s    
|  |  |  |  |  `- First phase: .................. 0.141 s    
|  |  |  |  |- Handle isolated nodes: ........... 0.000 s    
|  |  |  |  |- Handle two-hop nodes: ............ 0.000 s    
|  |  |  |  `- Free: ............................ 0.006 s    
|  |  |  `- Contract graph: ..................... 0.954 s    
|  |  |     |- Allocation: ...................... 0.001 s (3)
|  |  |     |- Preprocessing: ................... 0.193 s (3)
|  |  |     |- Deallocation: .................... 0.000 s    
|  |  |     `- Construct coarse graph: .......... 0.752 s    
|  |  |        |- Aggregate coarse edges: ....... 0.725 s    
|  |  |        |  |- First phase: ............... 0.241 s    
|  |  |        |  `- Second phase: .............. 0.479 s    
|  |  |        `- Remap coarse edges and mapping: 0.023 s    
|  |  |- Level (1): ............................. 0.790 s    
|  |  |  |- Label Propagation: .................. 0.354 s    
|  |  |  |  |- Allocation: ...................... 0.013 s    
|  |  |  |  |- Iteration (0): ................... 0.340 s    
|  |  |  |  |  |- First phase: .................. 0.201 s    
|  |  |  |  |  `- Second phase: ................. 0.137 s    
|  |  |  |  |- Handle isolated nodes: ........... 0.000 s    
|  |  |  |  `- Handle two-hop nodes: ............ 0.000 s    
|  |  |  `- Contract graph: ..................... 0.436 s    
|  |  |     |- Allocation: ...................... 0.002 s (3)
|  |  |     |- Preprocessing: ................... 0.051 s (3)
|  |  |     |- Deallocation: .................... 0.000 s    
|  |  |     `- Construct coarse graph: .......... 0.379 s    
|  |  |        |- Aggregate coarse edges: ....... 0.363 s    
|  |  |        |  |- First phase: ............... 0.174 s    
|  |  |        |  `- Second phase: .............. 0.188 s    
|  |  |        `- Remap coarse edges and mapping: 0.014 s    
|  |  |- Level (2): ............................. 0.496 s    
|  |  |  |- Label Propagation: .................. 0.334 s    
|  |  |  |  |- Iteration (0): ................... 0.326 s    
|  |  |  |  |  |- First phase: .................. 0.137 s    
|  |  |  |  |  `- Second phase: ................. 0.188 s    
|  |  |  |  |- Handle isolated nodes: ........... 0.000 s    
|  |  |  |  `- Handle two-hop nodes: ............ 0.000 s    
|  |  |  `- Contract graph: ..................... 0.162 s    
|  |  |     |- Allocation: ...................... 0.001 s (3)
|  |  |     |- Preprocessing: ................... 0.020 s (3)
|  |  |     |- Deallocation: .................... 0.000 s    
|  |  |     `- Construct coarse graph: .......... 0.137 s    
|  |  |        |- Aggregate coarse edges: ....... 0.130 s    
|  |  |        |  |- First phase: ............... 0.090 s    
|  |  |        |  `- Second phase: .............. 0.039 s    
|  |  |        `- Remap coarse edges and mapping: 0.007 s    
|  |  |- Level (3): ............................. 0.163 s    
|  |  |  |- Label Propagation: .................. 0.095 s    
|  |  |  |  |- Iteration (0): ................... 0.095 s    
|  |  |  |  |  |- First phase: .................. 0.058 s    
|  |  |  |  |  `- Second phase: ................. 0.036 s    
|  |  |  |  |- Handle isolated nodes: ........... 0.000 s    
|  |  |  |  `- Handle two-hop nodes: ............ 0.000 s    
|  |  |  `- Contract graph: ..................... 0.067 s    
|  |  |     |- Allocation: ...................... 0.000 s (3)
|  |  |     |- Preprocessing: ................... 0.002 s (3)
|  |  |     |- Deallocation: .................... 0.000 s    
|  |  |     `- Construct coarse graph: .......... 0.063 s    
|  |  |        |- Aggregate coarse edges: ....... 0.059 s    
|  |  |        |  |- First phase: ............... 0.047 s    
|  |  |        |  `- Second phase: .............. 0.012 s    
|  |  |        `- Remap coarse edges and mapping: 0.002 s    
|  |  |- Level (4): ............................. 0.092 s    
|  |  |  |- Label Propagation: .................. 0.047 s    
|  |  |  |  |- Iteration (0): ................... 0.046 s    
|  |  |  |  |  |- First phase: .................. 0.027 s    
|  |  |  |  |  `- Second phase: ................. 0.019 s    
|  |  |  |  |- Handle isolated nodes: ........... 0.000 s    
|  |  |  |  `- Handle two-hop nodes: ............ 0.000 s    
|  |  |  `- Contract graph: ..................... 0.044 s    
|  |  |     |- Allocation: ...................... 0.000 s (3)
|  |  |     |- Preprocessing: ................... 0.002 s (3)
|  |  |     |- Deallocation: .................... 0.000 s    
|  |  |     `- Construct coarse graph: .......... 0.040 s    
|  |  |        |- Aggregate coarse edges: ....... 0.038 s    
|  |  |        |  |- First phase: ............... 0.032 s    
|  |  |        |  `- Second phase: .............. 0.006 s    
|  |  |        `- Remap coarse edges and mapping: 0.001 s    
|  |  |- Level (5): ............................. 0.051 s    
|  |  |  |- Label Propagation: .................. 0.024 s    
|  |  |  |  |- Iteration (0): ................... 0.023 s    
|  |  |  |  |  |- First phase: .................. 0.013 s    
|  |  |  |  |  `- Second phase: ................. 0.010 s    
|  |  |  |  |- Handle isolated nodes: ........... 0.000 s    
|  |  |  |  `- Handle two-hop nodes: ............ 0.000 s    
|  |  |  `- Contract graph: ..................... 0.027 s    
|  |  |     |- Allocation: ...................... 0.000 s (3)
|  |  |     |- Preprocessing: ................... 0.000 s (3)
|  |  |     |- Deallocation: .................... 0.000 s    
|  |  |     `- Construct coarse graph: .......... 0.026 s    
|  |  |        |- Aggregate coarse edges: ....... 0.024 s    
|  |  |        |  |- First phase: ............... 0.020 s    
|  |  |        |  `- Second phase: .............. 0.003 s    
|  |  |        `- Remap coarse edges and mapping: 0.001 s    
|  |  |- Level (6): ............................. 0.047 s    
|  |  |  |- Label Propagation: .................. 0.020 s    
|  |  |  |  |- Iteration (0): ................... 0.019 s    
|  |  |  |  |  |- First phase: .................. 0.009 s    
|  |  |  |  |  `- Second phase: ................. 0.010 s    
|  |  |  |  |- Handle isolated nodes: ........... 0.000 s    
|  |  |  |  `- Handle two-hop nodes: ............ 0.000 s    
|  |  |  `- Contract graph: ..................... 0.027 s    
|  |  |     |- Allocation: ...................... 0.000 s (3)
|  |  |     |- Preprocessing: ................... 0.000 s (3)
|  |  |     |- Deallocation: .................... 0.000 s    
|  |  |     `- Construct coarse graph: .......... 0.026 s    
|  |  |        |- Aggregate coarse edges: ....... 0.024 s    
|  |  |        |  |- First phase: ............... 0.020 s    
|  |  |        |  `- Second phase: .............. 0.004 s    
|  |  |        `- Remap coarse edges and mapping: 0.001 s    
|  |  |- Level (7): ............................. 0.036 s    
|  |  |  |- Label Propagation: .................. 0.015 s    
|  |  |  |  |- Iteration (0): ................... 0.014 s    
|  |  |  |  |  |- First phase: .................. 0.006 s    
|  |  |  |  |  `- Second phase: ................. 0.008 s    
|  |  |  |  |- Handle isolated nodes: ........... 0.000 s    
|  |  |  |  `- Handle two-hop nodes: ............ 0.000 s    
|  |  |  `- Contract graph: ..................... 0.021 s    
|  |  |     |- Allocation: ...................... 0.000 s (3)
|  |  |     |- Preprocessing: ................... 0.000 s (3)
|  |  |     |- Deallocation: .................... 0.000 s    
|  |  |     `- Construct coarse graph: .......... 0.019 s    
|  |  |        |- Aggregate coarse edges: ....... 0.018 s    
|  |  |        |  |- First phase: ............... 0.018 s    
|  |  |        |  `- Second phase: .............. 0.000 s    
|  |  |        `- Remap coarse edges and mapping: 0.001 s    
|  |  |- Level (8): ............................. 0.030 s    
|  |  |  |- Label Propagation: .................. 0.008 s    
|  |  |  |  |- Iteration (0): ................... 0.008 s    
|  |  |  |  |  |- First phase: .................. 0.001 s    
|  |  |  |  |  `- Second phase: ................. 0.006 s    
|  |  |  |  |- Handle isolated nodes: ........... 0.000 s    
|  |  |  |  `- Handle two-hop nodes: ............ 0.000 s    
|  |  |  `- Contract graph: ..................... 0.021 s    
|  |  |     |- Allocation: ...................... 0.000 s (3)
|  |  |     |- Preprocessing: ................... 0.000 s (3)
|  |  |     |- Deallocation: .................... 0.000 s    
|  |  |     `- Construct coarse graph: .......... 0.020 s    
|  |  |        |- Aggregate coarse edges: ....... 0.019 s    
|  |  |        |  |- First phase: ............... 0.019 s    
|  |  |        |  `- Second phase: .............. 0.000 s    
|  |  |        `- Remap coarse edges and mapping: 0.001 s    
|  |  |- Level (9): ............................. 0.033 s    
|  |  |  |- Label Propagation: .................. 0.007 s    
|  |  |  |  |- Iteration (0): ................... 0.006 s    
|  |  |  |  |  |- First phase: .................. 0.001 s    
|  |  |  |  |  `- Second phase: ................. 0.005 s    
|  |  |  |  |- Handle isolated nodes: ........... 0.000 s    
|  |  |  |  `- Handle two-hop nodes: ............ 0.000 s    
|  |  |  `- Contract graph: ..................... 0.026 s    
|  |  |     |- Allocation: ...................... 0.000 s (3)
|  |  |     |- Preprocessing: ................... 0.000 s (3)
|  |  |     |- Deallocation: .................... 0.000 s    
|  |  |     `- Construct coarse graph: .......... 0.024 s    
|  |  |        |- Aggregate coarse edges: ....... 0.023 s    
|  |  |        |  |- First phase: ............... 0.023 s    
|  |  |        |  `- Second phase: .............. 0.000 s    
|  |  |        `- Remap coarse edges and mapping: 0.001 s    
|  |  |- Level (10): ............................ 0.029 s    
|  |  |  |- Label Propagation: .................. 0.005 s    
|  |  |  |  |- Iteration (0): ................... 0.005 s    
|  |  |  |  |  |- First phase: .................. 0.001 s    
|  |  |  |  |  `- Second phase: ................. 0.003 s    
|  |  |  |  |- Handle isolated nodes: ........... 0.000 s    
|  |  |  |  `- Handle two-hop nodes: ............ 0.000 s    
|  |  |  `- Contract graph: ..................... 0.024 s    
|  |  |     |- Allocation: ...................... 0.000 s (3)
|  |  |     |- Preprocessing: ................... 0.000 s (3)
|  |  |     |- Deallocation: .................... 0.000 s    
|  |  |     `- Construct coarse graph: .......... 0.023 s    
|  |  |        |- Aggregate coarse edges: ....... 0.021 s    
|  |  |        |  |- First phase: ............... 0.021 s    
|  |  |        |  `- Second phase: .............. 0.000 s    
|  |  |        `- Remap coarse edges and mapping: 0.001 s    
|  |  |- Level (11): ............................ 0.022 s    
|  |  |  |- Label Propagation: .................. 0.001 s    
|  |  |  |  |- Iteration (0): ................... 0.001 s    
|  |  |  |  |  `- First phase: .................. 0.001 s    
|  |  |  |  |- Handle isolated nodes: ........... 0.000 s    
|  |  |  |  `- Handle two-hop nodes: ............ 0.000 s    
|  |  |  `- Contract graph: ..................... 0.020 s    
|  |  |     |- Allocation: ...................... 0.000 s (3)
|  |  |     |- Preprocessing: ................... 0.000 s (3)
|  |  |     |- Deallocation: .................... 0.000 s    
|  |  |     `- Construct coarse graph: .......... 0.019 s    
|  |  |        |- Aggregate coarse edges: ....... 0.018 s    
|  |  |        |  |- First phase: ............... 0.018 s    
|  |  |        |  `- Second phase: .............. 0.000 s    
|  |  |        `- Remap coarse edges and mapping: 0.001 s    
|  |  |- Level (12): ............................ 0.020 s    
|  |  |  |- Label Propagation: .................. 0.001 s    
|  |  |  |  |- Iteration (0): ................... 0.001 s    
|  |  |  |  |  `- First phase: .................. 0.001 s    
|  |  |  |  |- Handle isolated nodes: ........... 0.000 s    
|  |  |  |  `- Handle two-hop nodes: ............ 0.000 s    
|  |  |  `- Contract graph: ..................... 0.018 s    
|  |  |     |- Allocation: ...................... 0.000 s (3)
|  |  |     |- Preprocessing: ................... 0.000 s (3)
|  |  |     |- Deallocation: .................... 0.000 s    
|  |  |     `- Construct coarse graph: .......... 0.017 s    
|  |  |        |- Aggregate coarse edges: ....... 0.016 s    
|  |  |        |  |- First phase: ............... 0.016 s    
|  |  |        |  `- Second phase: .............. 0.000 s    
|  |  |        `- Remap coarse edges and mapping: 0.000 s    
|  |  |- Level (13): ............................ 0.021 s    
|  |  |  |- Label Propagation: .................. 0.001 s    
|  |  |  |  |- Iteration (0): ................... 0.001 s    
|  |  |  |  |  `- First phase: .................. 0.001 s    
|  |  |  |  |- Handle isolated nodes: ........... 0.000 s    
|  |  |  |  `- Handle two-hop nodes: ............ 0.000 s    
|  |  |  `- Contract graph: ..................... 0.019 s    
|  |  |     |- Allocation: ...................... 0.000 s (3)
|  |  |     |- Preprocessing: ................... 0.000 s (3)
|  |  |     |- Deallocation: .................... 0.000 s    
|  |  |     `- Construct coarse graph: .......... 0.018 s    
|  |  |        |- Aggregate coarse edges: ....... 0.017 s    
|  |  |        |  |- First phase: ............... 0.017 s    
|  |  |        |  `- Second phase: .............. 0.000 s    
|  |  |        `- Remap coarse edges and mapping: 0.001 s    
|  |  `- Deallocation: .......................... 0.000 s    
|  |- Initial partitioning scheme: .............. 0.537 s    
|  |- Uncoarsening: ............................. 1.555 s    
|  |  |- Level (13): ............................ 0.007 s    
|  |  |  |- Allocation: ......................... 0.000 s    
|  |  |  |- Project partition: .................. 0.000 s    
|  |  |  |- Create graph: ....................... 0.000 s    
|  |  |  `- Refinement: ......................... 0.006 s    
|  |  |     |- Greedy Balancer: ................. 0.000 s    
|  |  |     `- Label Propagation: ............... 0.006 s    
|  |  |        |- Allocation: ................... 0.004 s    
|  |  |        |- Iteration (0): ................ 0.001 s    
|  |  |        `- Iteration (1): ................ 0.000 s    
|  |  |- Level (12): ............................ 0.002 s    
|  |  |  |- Allocation: ......................... 0.000 s    
|  |  |  |- Project partition: .................. 0.000 s    
|  |  |  |- Create graph: ....................... 0.000 s    
|  |  |  `- Refinement: ......................... 0.001 s    
|  |  |     |- Greedy Balancer: ................. 0.000 s    
|  |  |     `- Label Propagation: ............... 0.001 s    
|  |  |        |- Iteration (0): ................ 0.001 s    
|  |  |        `- Iteration (1): ................ 0.000 s    
|  |  |- Level (11): ............................ 0.002 s    
|  |  |  |- Allocation: ......................... 0.000 s    
|  |  |  |- Project partition: .................. 0.000 s    
|  |  |  |- Create graph: ....................... 0.000 s    
|  |  |  `- Refinement: ......................... 0.001 s    
|  |  |     |- Greedy Balancer: ................. 0.000 s    
|  |  |     `- Label Propagation: ............... 0.001 s    
|  |  |        |- Iteration (0): ................ 0.001 s    
|  |  |        `- Iteration (1): ................ 0.000 s    
|  |  |- Level (10): ............................ 0.002 s    
|  |  |  |- Allocation: ......................... 0.000 s    
|  |  |  |- Project partition: .................. 0.000 s    
|  |  |  |- Create graph: ....................... 0.000 s    
|  |  |  `- Refinement: ......................... 0.001 s    
|  |  |     |- Greedy Balancer: ................. 0.000 s    
|  |  |     `- Label Propagation: ............... 0.001 s    
|  |  |        |- Iteration (0): ................ 0.001 s    
|  |  |        `- Iteration (1): ................ 0.000 s    
|  |  |- Level (9): ............................. 0.002 s    
|  |  |  |- Allocation: ......................... 0.000 s    
|  |  |  |- Project partition: .................. 0.000 s    
|  |  |  |- Create graph: ....................... 0.000 s    
|  |  |  `- Refinement: ......................... 0.001 s    
|  |  |     |- Greedy Balancer: ................. 0.000 s    
|  |  |     `- Label Propagation: ............... 0.001 s    
|  |  |        |- Iteration (0): ................ 0.001 s    
|  |  |        `- Iteration (1): ................ 0.000 s    
|  |  |- Level (8): ............................. 0.003 s    
|  |  |  |- Allocation: ......................... 0.000 s    
|  |  |  |- Project partition: .................. 0.000 s    
|  |  |  |- Create graph: ....................... 0.000 s    
|  |  |  `- Refinement: ......................... 0.002 s    
|  |  |     |- Greedy Balancer: ................. 0.000 s    
|  |  |     `- Label Propagation: ............... 0.002 s    
|  |  |        |- Iteration (0): ................ 0.001 s    
|  |  |        `- Iteration (1): ................ 0.000 s    
|  |  |- Level (7): ............................. 0.003 s    
|  |  |  |- Allocation: ......................... 0.000 s    
|  |  |  |- Project partition: .................. 0.000 s    
|  |  |  |- Create graph: ....................... 0.000 s    
|  |  |  `- Refinement: ......................... 0.002 s    
|  |  |     |- Greedy Balancer: ................. 0.000 s    
|  |  |     `- Label Propagation: ............... 0.002 s    
|  |  |        |- Iteration (0): ................ 0.001 s    
|  |  |        `- Iteration (1): ................ 0.000 s    
|  |  |- Level (6): ............................. 0.003 s    
|  |  |  |- Allocation: ......................... 0.000 s    
|  |  |  |- Project partition: .................. 0.000 s    
|  |  |  |- Create graph: ....................... 0.000 s    
|  |  |  `- Refinement: ......................... 0.002 s    
|  |  |     |- Greedy Balancer: ................. 0.000 s    
|  |  |     `- Label Propagation: ............... 0.002 s    
|  |  |        |- Iteration (0): ................ 0.002 s    
|  |  |        `- Iteration (1): ................ 0.000 s    
|  |  |- Level (5): ............................. 0.004 s    
|  |  |  |- Allocation: ......................... 0.000 s    
|  |  |  |- Project partition: .................. 0.000 s    
|  |  |  |- Create graph: ....................... 0.000 s    
|  |  |  `- Refinement: ......................... 0.003 s    
|  |  |     |- Greedy Balancer: ................. 0.000 s    
|  |  |     `- Label Propagation: ............... 0.003 s    
|  |  |        |- Iteration (0): ................ 0.002 s    
|  |  |        `- Iteration (1): ................ 0.000 s    
|  |  |- Level (4): ............................. 0.007 s    
|  |  |  |- Allocation: ......................... 0.000 s    
|  |  |  |- Project partition: .................. 0.000 s    
|  |  |  |- Create graph: ....................... 0.000 s    
|  |  |  `- Refinement: ......................... 0.006 s    
|  |  |     |- Greedy Balancer: ................. 0.000 s    
|  |  |     `- Label Propagation: ............... 0.006 s    
|  |  |        |- Iteration (0): ................ 0.004 s    
|  |  |        |- Iteration (1): ................ 0.001 s    
|  |  |        `- Iteration (2): ................ 0.000 s    
|  |  |- Level (3): ............................. 0.033 s    
|  |  |  |- Allocation: ......................... 0.005 s    
|  |  |  |- Project partition: .................. 0.000 s    
|  |  |  |- Create graph: ....................... 0.000 s    
|  |  |  `- Refinement: ......................... 0.025 s    
|  |  |     |- Greedy Balancer: ................. 0.000 s    
|  |  |     `- Label Propagation: ............... 0.025 s    
|  |  |        |- Iteration (0): ................ 0.016 s    
|  |  |        |- Iteration (1): ................ 0.004 s    
|  |  |        |- Iteration (2): ................ 0.002 s    
|  |  |        |- Iteration (3): ................ 0.001 s    
|  |  |        `- Iteration (4): ................ 0.001 s    
|  |  |- Level (2): ............................. 0.150 s    
|  |  |  |- Allocation: ......................... 0.003 s    
|  |  |  |- Project partition: .................. 0.000 s    
|  |  |  |- Create graph: ....................... 0.000 s    
|  |  |  `- Refinement: ......................... 0.144 s    
|  |  |     |- Greedy Balancer: ................. 0.000 s    
|  |  |     `- Label Propagation: ............... 0.144 s    
|  |  |        |- Iteration (0): ................ 0.101 s    
|  |  |        |- Iteration (1): ................ 0.015 s    
|  |  |        |- Iteration (2): ................ 0.012 s    
|  |  |        |- Iteration (3): ................ 0.008 s    
|  |  |        `- Iteration (4): ................ 0.006 s    
|  |  |- Level (1): ............................. 0.422 s    
|  |  |  |- Allocation: ......................... 0.004 s    
|  |  |  |- Project partition: .................. 0.001 s    
|  |  |  |- Create graph: ....................... 0.001 s    
|  |  |  `- Refinement: ......................... 0.412 s    
|  |  |     |- Greedy Balancer: ................. 0.000 s    
|  |  |     `- Label Propagation: ............... 0.411 s    
|  |  |        |- Iteration (0): ................ 0.286 s    
|  |  |        |- Iteration (1): ................ 0.050 s    
|  |  |        |- Iteration (2): ................ 0.034 s    
|  |  |        |- Iteration (3): ................ 0.021 s    
|  |  |        `- Iteration (4): ................ 0.018 s    
|  |  `- Level (0): ............................. 0.910 s    
|  |     |- Allocation: ......................... 0.006 s    
|  |     |- Project partition: .................. 0.001 s    
|  |     |- Create graph: ....................... 0.001 s    
|  |     `- Refinement: ......................... 0.896 s    
|  |        |- Greedy Balancer: ................. 0.000 s    
|  |        `- Label Propagation: ............... 0.895 s    
|  |           |- Iteration (0): ................ 0.528 s    
|  |           |- Iteration (1): ................ 0.128 s    
|  |           |- Iteration (2): ................ 0.091 s    
|  |           |- Iteration (3): ................ 0.072 s    
|  |           `- Iteration (4): ................ 0.073 s    
|  |- Deallocation: ............................. 0.005 s    
|  `- Re-integrate isolated nodes: .............. 0.009 s    
`- IO: .......................................... 0.001 s    

Partition summary:
  Number of blocks: 16
  Edge cut:         174710653
  Imbalance:        0.029999
  Feasible:         yes

Block weights:
  w(0 ) = 935854     w(1 ) = 929173     w(2 ) = 930369     w(3 ) = 935855   
  w(4 ) = 935854     w(5 ) = 935855     w(6 ) = 930360     w(7 ) = 935854   
  w(8 ) = 930372     w(9 ) = 927867     w(10) = 935855     w(11) = 535903   
  w(12) = 930832     w(13) = 935854     w(14) = 935855     w(15) = 935855   

Maximum resident set size: 5714004 KiB
