################################################################################
#                _  __       __  __  _         ____                            #
#               | |/ / __ _ |  \/  |(_) _ __  |  _ \  __ _  _ __               #
#               | ' / / _` || |\/| || || '_ \ | |_) |/ _` || '__|              #
#               | . \| (_| || |  | || || | | ||  __/| (_| || |                 #
#               |_|\_\\__,_||_|  |_||_||_| |_||_|    \__,_||_|                 #
#                                                                              #
################################################################################
Current commit hash:          99c62314d27845b3825829ec1e3e97256490627d
Assertion level:              always+light
Statistics:                   disabled
Built on:                     liskov
Data type sizes:
  Nodes IDs: 4 bytes | Node weights: 4 bytes
  Edges IDs: 4 bytes | Edge weights: 4 bytes
############################################################## Input Summary ###
Execution mode:               64
Seed:                         1
Graph:                        recomp_proteins1GB_7 [node ordering: deg-buckets] [edge ordering: natural]
  Number of nodes:             2825742 (unweighted)
  Number of edges:            87714764 (total weight: 716946180)
Number of blocks:             16
Maximum block weight:         181907 (176609 + 3% / 3%)
---------------------------------------------------------- Graph Compression ---
Enabled:                      no
-------------------------------------------------------- Partitioning Scheme ---
Partitioning mode:            deep
  Deep initial part. mode:    async-parallel
  Deep initial part. load:    1
Subgraph memory:              Lazy
----------------------------------------------------------------- Coarsening ---
Contraction limit:            160
Coarsening algorithm:         clustering
  Cluster weight limit:       static-block-weight x 0.00625
  Shrink factor:              2.5
  Max mem-free level:         1
  Clustering algorithm:       lp
    Number of iterations:     1
    High degree threshold:    4294967295
    Max degree:               4294967295
    Tie breaking strategy:    uniform
    Implementation:           two-phase
      Relabel:                no
    2-hop clustering:         match-threadwise, if |Vcoarse| > 0.500000 * |V|
    Isolated nodes:           match-during-two-hop
  Forced hierarchy levels:    <none> (leeway: U=10.000000, L=1.100000)
Contraction algorithm:        unbuffered
  Implementation:             two-phase
------------------------------------------------------- Initial Partitioning ---
Adaptive algorithm selection: yes
----------------------------------------------------------------- Refinement ---
Refinement algorithms:        [greedy-balancer -> lp]
Label propagation:
  Number of iterations:       5
  Tie breaking strategy:      uniform
  Implementation:             single-phase
############################################################## Preprocessing ###
Removed 0 isolated nodes
  Remaining nodes:             2825742
  Remaining total node weight: 2825742
############################################################### Partitioning ###
Input graph:
 Number of nodes: 2825742 | Number of edges: 87714764
 Maximum node weight: 1

Coarsening -> Level 1 [max cluster weight: 1136]:
 Total edge weight:   708898922
 Number of nodes:     1040821 | Number of edges: 79576626
 Maximum node weight: 1139

Coarsening -> Level 2 [max cluster weight: 1136]:
 Total edge weight:   684948498
 Number of nodes:     472794 | Number of edges: 35455668
 Maximum node weight: 1139

Coarsening -> Level 3 [max cluster weight: 1136]:
 Total edge weight:   682025220
 Number of nodes:     216766 | Number of edges: 13853910
 Maximum node weight: 1139

Coarsening -> Level 4 [max cluster weight: 1136]:
 Total edge weight:   681746272
 Number of nodes:     112051 | Number of edges: 7331768
 Maximum node weight: 2272

Coarsening -> Level 5 [max cluster weight: 1136]:
 Total edge weight:   681719506
 Number of nodes:     61727 | Number of edges: 5961924
 Maximum node weight: 2272

Coarsening -> Level 6 [max cluster weight: 1136]:
 Total edge weight:   681711960
 Number of nodes:     36404 | Number of edges: 5592192
 Maximum node weight: 2907

Coarsening -> Level 7 [max cluster weight: 1136]:
 Total edge weight:   681711560
 Number of nodes:     22980 | Number of edges: 5446676
 Maximum node weight: 2907

Coarsening -> Level 8 [max cluster weight: 1136]:
 Total edge weight:   681711560
 Number of nodes:     16037 | Number of edges: 5333166
 Maximum node weight: 2907

Coarsening -> Level 9 [max cluster weight: 1136]:
 Total edge weight:   681711560
 Number of nodes:     11092 | Number of edges: 5214122
 Maximum node weight: 2907

Coarsening -> Level 10 [max cluster weight: 1136]:
 Total edge weight:   681711560
 Number of nodes:     8564 | Number of edges: 5114854
 Maximum node weight: 2907

==> Coarsening terminated with less than 10240 nodes

Initial partitioning:
 Number of blocks: 16

Uncoarsening -> Level 9
 Number of nodes: 11092 | Number of edges: 5214122
  Running refinement on 16 blocks
   1. Greedy Balancer
   2. Label Propagation

Uncoarsening -> Level 8
 Number of nodes: 16037 | Number of edges: 5333166
  Running refinement on 16 blocks
   1. Greedy Balancer
   2. Label Propagation

Uncoarsening -> Level 7
 Number of nodes: 22980 | Number of edges: 5446676
  Running refinement on 16 blocks
   1. Greedy Balancer
   2. Label Propagation

Uncoarsening -> Level 6
 Number of nodes: 36404 | Number of edges: 5592192
  Running refinement on 16 blocks
   1. Greedy Balancer
   2. Label Propagation

Uncoarsening -> Level 5
 Number of nodes: 61727 | Number of edges: 5961924
  Running refinement on 16 blocks
   1. Greedy Balancer
   2. Label Propagation

Uncoarsening -> Level 4
 Number of nodes: 112051 | Number of edges: 7331768
  Running refinement on 16 blocks
   1. Greedy Balancer
   2. Label Propagation

Uncoarsening -> Level 3
 Number of nodes: 216766 | Number of edges: 13853910
  Running refinement on 16 blocks
   1. Greedy Balancer
   2. Label Propagation

Uncoarsening -> Level 2
 Number of nodes: 472794 | Number of edges: 35455668
  Running refinement on 16 blocks
   1. Greedy Balancer
   2. Label Propagation

Uncoarsening -> Level 1
 Number of nodes: 1040821 | Number of edges: 79576626
  Running refinement on 16 blocks
   1. Greedy Balancer
   2. Label Propagation

Uncoarsening -> Level 0
 Number of nodes: 2825742 | Number of edges: 87714764
  Running refinement on 16 blocks
   1. Greedy Balancer
   2. Label Propagation
############################################################# Result Summary ###
RESULT cut=277332499 imbalance=0.0299985 feasible=1 k=16
TIME read_input_graph=1.125 partitioning=2.891 partitioning.rearrange_by_degree-buckets=0.104 partitioning.rearrange_by_degree-buckets.sort_nodes_by_integer_buckets=0.009 partitioning.rearrange_by_degree-buckets.rearrange_input_graph=0.084 partitioning.rearrange_by_degree-buckets.deallocation=0.004 partitioning.refinement=0.000 partitioning.refinement.allocation=0.000 partitioning.coarsening=2.007 partitioning.coarsening.level[0]=0.502 partitioning.coarsening.level[0].label_propagation=0.065 partitioning.coarsening.level[0].label_propagation.allocation=0.008 partitioning.coarsening.level[0].label_propagation.iteration[0]=0.051 partitioning.coarsening.level[0].label_propagation.iteration[0].first_phase=0.048 partitioning.coarsening.level[0].label_propagation.handle_isolated_nodes=0.000 partitioning.coarsening.level[0].label_propagation.handle_two-hop_nodes=0.000 partitioning.coarsening.level[0].label_propagation.free=0.006 partitioning.coarsening.level[0].contract_graph=0.436 partitioning.coarsening.level[0].contract_graph.allocation=0.001 partitioning.coarsening.level[0].contract_graph.preprocessing=0.018 partitioning.coarsening.level[0].contract_graph.deallocation=0.000 partitioning.coarsening.level[0].contract_graph.construct_coarse_graph=0.412 partitioning.coarsening.level[0].contract_graph.construct_coarse_graph.aggregate_coarse_edges=0.398 partitioning.coarsening.level[0].contract_graph.construct_coarse_graph.aggregate_coarse_edges.first_phase=0.125 partitioning.coarsening.level[0].contract_graph.construct_coarse_graph.aggregate_coarse_edges.second_phase=0.267 partitioning.coarsening.level[0].contract_graph.construct_coarse_graph.remap_coarse_edges_and_mapping=0.012 partitioning.coarsening.level[1]=0.731 partitioning.coarsening.level[1].label_propagation=0.580 partitioning.coarsening.level[1].label_propagation.allocation=0.000 partitioning.coarsening.level[1].label_propagation.iteration[0]=0.579 partitioning.coarsening.level[1].label_propagation.iteration[0].first_phase=0.460 partitioning.coarsening.level[1].label_propagation.iteration[0].second_phase=0.118 partitioning.coarsening.level[1].label_propagation.handle_isolated_nodes=0.000 partitioning.coarsening.level[1].label_propagation.handle_two-hop_nodes=0.000 partitioning.coarsening.level[1].contract_graph=0.151 partitioning.coarsening.level[1].contract_graph.allocation=0.001 partitioning.coarsening.level[1].contract_graph.preprocessing=0.014 partitioning.coarsening.level[1].contract_graph.deallocation=0.000 partitioning.coarsening.level[1].contract_graph.construct_coarse_graph=0.133 partitioning.coarsening.level[1].contract_graph.construct_coarse_graph.aggregate_coarse_edges=0.127 partitioning.coarsening.level[1].contract_graph.construct_coarse_graph.aggregate_coarse_edges.first_phase=0.073 partitioning.coarsening.level[1].contract_graph.construct_coarse_graph.aggregate_coarse_edges.second_phase=0.054 partitioning.coarsening.level[1].contract_graph.construct_coarse_graph.remap_coarse_edges_and_mapping=0.005 partitioning.coarsening.level[2]=0.371 partitioning.coarsening.level[2].label_propagation=0.321 partitioning.coarsening.level[2].label_propagation.iteration[0]=0.320 partitioning.coarsening.level[2].label_propagation.iteration[0].first_phase=0.281 partitioning.coarsening.level[2].label_propagation.iteration[0].second_phase=0.038 partitioning.coarsening.level[2].label_propagation.handle_isolated_nodes=0.000 partitioning.coarsening.level[2].label_propagation.handle_two-hop_nodes=0.000 partitioning.coarsening.level[2].contract_graph=0.049 partitioning.coarsening.level[2].contract_graph.allocation=0.000 partitioning.coarsening.level[2].contract_graph.preprocessing=0.004 partitioning.coarsening.level[2].contract_graph.deallocation=0.000 partitioning.coarsening.level[2].contract_graph.construct_coarse_graph=0.044 partitioning.coarsening.level[2].contract_graph.construct_coarse_graph.aggregate_coarse_edges=0.041 partitioning.coarsening.level[2].contract_graph.construct_coarse_graph.aggregate_coarse_edges.first_phase=0.028 partitioning.coarsening.level[2].contract_graph.construct_coarse_graph.aggregate_coarse_edges.second_phase=0.013 partitioning.coarsening.level[2].contract_graph.construct_coarse_graph.remap_coarse_edges_and_mapping=0.002 partitioning.coarsening.level[3]=0.185 partitioning.coarsening.level[3].label_propagation=0.160 partitioning.coarsening.level[3].label_propagation.iteration[0]=0.160 partitioning.coarsening.level[3].label_propagation.iteration[0].first_phase=0.152 partitioning.coarsening.level[3].label_propagation.iteration[0].second_phase=0.007 partitioning.coarsening.level[3].label_propagation.handle_isolated_nodes=0.000 partitioning.coarsening.level[3].label_propagation.handle_two-hop_nodes=0.000 partitioning.coarsening.level[3].contract_graph=0.024 partitioning.coarsening.level[3].contract_graph.allocation=0.000 partitioning.coarsening.level[3].contract_graph.preprocessing=0.002 partitioning.coarsening.level[3].contract_graph.deallocation=0.000 partitioning.coarsening.level[3].contract_graph.construct_coarse_graph=0.021 partitioning.coarsening.level[3].contract_graph.construct_coarse_graph.aggregate_coarse_edges=0.020 partitioning.coarsening.level[3].contract_graph.construct_coarse_graph.aggregate_coarse_edges.first_phase=0.016 partitioning.coarsening.level[3].contract_graph.construct_coarse_graph.aggregate_coarse_edges.second_phase=0.003 partitioning.coarsening.level[3].contract_graph.construct_coarse_graph.remap_coarse_edges_and_mapping=0.001 partitioning.coarsening.level[4]=0.088 partitioning.coarsening.level[4].label_propagation=0.068 partitioning.coarsening.level[4].label_propagation.iteration[0]=0.067 partitioning.coarsening.level[4].label_propagation.iteration[0].first_phase=0.062 partitioning.coarsening.level[4].label_propagation.iteration[0].second_phase=0.004 partitioning.coarsening.level[4].label_propagation.handle_isolated_nodes=0.000 partitioning.coarsening.level[4].label_propagation.handle_two-hop_nodes=0.000 partitioning.coarsening.level[4].contract_graph=0.020 partitioning.coarsening.level[4].contract_graph.allocation=0.000 partitioning.coarsening.level[4].contract_graph.preprocessing=0.000 partitioning.coarsening.level[4].contract_graph.deallocation=0.000 partitioning.coarsening.level[4].contract_graph.construct_coarse_graph=0.018 partitioning.coarsening.level[4].contract_graph.construct_coarse_graph.aggregate_coarse_edges=0.017 partitioning.coarsening.level[4].contract_graph.construct_coarse_graph.aggregate_coarse_edges.first_phase=0.017 partitioning.coarsening.level[4].contract_graph.construct_coarse_graph.aggregate_coarse_edges.second_phase=0.000 partitioning.coarsening.level[4].contract_graph.construct_coarse_graph.remap_coarse_edges_and_mapping=0.001 partitioning.coarsening.level[5]=0.049 partitioning.coarsening.level[5].label_propagation=0.029 partitioning.coarsening.level[5].label_propagation.iteration[0]=0.029 partitioning.coarsening.level[5].label_propagation.iteration[0].first_phase=0.025 partitioning.coarsening.level[5].label_propagation.iteration[0].second_phase=0.004 partitioning.coarsening.level[5].label_propagation.handle_isolated_nodes=0.000 partitioning.coarsening.level[5].label_propagation.handle_two-hop_nodes=0.000 partitioning.coarsening.level[5].contract_graph=0.019 partitioning.coarsening.level[5].contract_graph.allocation=0.000 partitioning.coarsening.level[5].contract_graph.preprocessing=0.000 partitioning.coarsening.level[5].contract_graph.deallocation=0.000 partitioning.coarsening.level[5].contract_graph.construct_coarse_graph=0.018 partitioning.coarsening.level[5].contract_graph.construct_coarse_graph.aggregate_coarse_edges=0.017 partitioning.coarsening.level[5].contract_graph.construct_coarse_graph.aggregate_coarse_edges.first_phase=0.017 partitioning.coarsening.level[5].contract_graph.construct_coarse_graph.aggregate_coarse_edges.second_phase=0.000 partitioning.coarsening.level[5].contract_graph.construct_coarse_graph.remap_coarse_edges_and_mapping=0.001 partitioning.coarsening.level[6]=0.026 partitioning.coarsening.level[6].label_propagation=0.009 partitioning.coarsening.level[6].label_propagation.iteration[0]=0.009 partitioning.coarsening.level[6].label_propagation.iteration[0].first_phase=0.005 partitioning.coarsening.level[6].label_propagation.iteration[0].second_phase=0.003 partitioning.coarsening.level[6].label_propagation.handle_isolated_nodes=0.000 partitioning.coarsening.level[6].label_propagation.handle_two-hop_nodes=0.000 partitioning.coarsening.level[6].contract_graph=0.016 partitioning.coarsening.level[6].contract_graph.allocation=0.000 partitioning.coarsening.level[6].contract_graph.preprocessing=0.000 partitioning.coarsening.level[6].contract_graph.deallocation=0.000 partitioning.coarsening.level[6].contract_graph.construct_coarse_graph=0.015 partitioning.coarsening.level[6].contract_graph.construct_coarse_graph.aggregate_coarse_edges=0.014 partitioning.coarsening.level[6].contract_graph.construct_coarse_graph.aggregate_coarse_edges.first_phase=0.014 partitioning.coarsening.level[6].contract_graph.construct_coarse_graph.aggregate_coarse_edges.second_phase=0.000 partitioning.coarsening.level[6].contract_graph.construct_coarse_graph.remap_coarse_edges_and_mapping=0.000 partitioning.coarsening.level[7]=0.017 partitioning.coarsening.level[7].label_propagation=0.005 partitioning.coarsening.level[7].label_propagation.iteration[0]=0.005 partitioning.coarsening.level[7].label_propagation.iteration[0].first_phase=0.001 partitioning.coarsening.level[7].label_propagation.iteration[0].second_phase=0.003 partitioning.coarsening.level[7].label_propagation.handle_isolated_nodes=0.000 partitioning.coarsening.level[7].label_propagation.handle_two-hop_nodes=0.000 partitioning.coarsening.level[7].contract_graph=0.012 partitioning.coarsening.level[7].contract_graph.allocation=0.000 partitioning.coarsening.level[7].contract_graph.preprocessing=0.000 partitioning.coarsening.level[7].contract_graph.deallocation=0.000 partitioning.coarsening.level[7].contract_graph.construct_coarse_graph=0.011 partitioning.coarsening.level[7].contract_graph.construct_coarse_graph.aggregate_coarse_edges=0.010 partitioning.coarsening.level[7].contract_graph.construct_coarse_graph.aggregate_coarse_edges.first_phase=0.010 partitioning.coarsening.level[7].contract_graph.construct_coarse_graph.aggregate_coarse_edges.second_phase=0.000 partitioning.coarsening.level[7].contract_graph.construct_coarse_graph.remap_coarse_edges_and_mapping=0.000 partitioning.coarsening.level[8]=0.021 partitioning.coarsening.level[8].label_propagation=0.003 partitioning.coarsening.level[8].label_propagation.iteration[0]=0.003 partitioning.coarsening.level[8].label_propagation.iteration[0].first_phase=0.001 partitioning.coarsening.level[8].label_propagation.iteration[0].second_phase=0.002 partitioning.coarsening.level[8].label_propagation.handle_isolated_nodes=0.000 partitioning.coarsening.level[8].label_propagation.handle_two-hop_nodes=0.000 partitioning.coarsening.level[8].contract_graph=0.017 partitioning.coarsening.level[8].contract_graph.allocation=0.000 partitioning.coarsening.level[8].contract_graph.preprocessing=0.000 partitioning.coarsening.level[8].contract_graph.deallocation=0.000 partitioning.coarsening.level[8].contract_graph.construct_coarse_graph=0.016 partitioning.coarsening.level[8].contract_graph.construct_coarse_graph.aggregate_coarse_edges=0.015 partitioning.coarsening.level[8].contract_graph.construct_coarse_graph.aggregate_coarse_edges.first_phase=0.015 partitioning.coarsening.level[8].contract_graph.construct_coarse_graph.aggregate_coarse_edges.second_phase=0.000 partitioning.coarsening.level[8].contract_graph.construct_coarse_graph.remap_coarse_edges_and_mapping=0.000 partitioning.coarsening.level[9]=0.013 partitioning.coarsening.level[9].label_propagation=0.001 partitioning.coarsening.level[9].label_propagation.iteration[0]=0.001 partitioning.coarsening.level[9].label_propagation.iteration[0].first_phase=0.001 partitioning.coarsening.level[9].label_propagation.handle_isolated_nodes=0.000 partitioning.coarsening.level[9].label_propagation.handle_two-hop_nodes=0.000 partitioning.coarsening.level[9].contract_graph=0.012 partitioning.coarsening.level[9].contract_graph.allocation=0.000 partitioning.coarsening.level[9].contract_graph.preprocessing=0.000 partitioning.coarsening.level[9].contract_graph.deallocation=0.000 partitioning.coarsening.level[9].contract_graph.construct_coarse_graph=0.011 partitioning.coarsening.level[9].contract_graph.construct_coarse_graph.aggregate_coarse_edges=0.010 partitioning.coarsening.level[9].contract_graph.construct_coarse_graph.aggregate_coarse_edges.first_phase=0.010 partitioning.coarsening.level[9].contract_graph.construct_coarse_graph.aggregate_coarse_edges.second_phase=0.000 partitioning.coarsening.level[9].contract_graph.construct_coarse_graph.remap_coarse_edges_and_mapping=0.000 partitioning.coarsening.deallocation=0.000 partitioning.initial_partitioning_scheme=0.546 partitioning.uncoarsening=0.228 partitioning.uncoarsening.level[9]=0.006 partitioning.uncoarsening.level[9].allocation=0.000 partitioning.uncoarsening.level[9].project_partition=0.000 partitioning.uncoarsening.level[9].create_graph=0.000 partitioning.uncoarsening.level[9].refinement=0.005 partitioning.uncoarsening.level[9].refinement.greedy_balancer=0.000 partitioning.uncoarsening.level[9].refinement.label_propagation=0.005 partitioning.uncoarsening.level[9].refinement.label_propagation.allocation=0.004 partitioning.uncoarsening.level[9].refinement.label_propagation.iteration[0]=0.001 partitioning.uncoarsening.level[9].refinement.label_propagation.iteration[1]=0.000 partitioning.uncoarsening.level[8]=0.002 partitioning.uncoarsening.level[8].allocation=0.000 partitioning.uncoarsening.level[8].project_partition=0.000 partitioning.uncoarsening.level[8].create_graph=0.000 partitioning.uncoarsening.level[8].refinement=0.001 partitioning.uncoarsening.level[8].refinement.greedy_balancer=0.000 partitioning.uncoarsening.level[8].refinement.label_propagation=0.001 partitioning.uncoarsening.level[8].refinement.label_propagation.iteration[0]=0.001 partitioning.uncoarsening.level[8].refinement.label_propagation.iteration[1]=0.000 partitioning.uncoarsening.level[7]=0.002 partitioning.uncoarsening.level[7].allocation=0.000 partitioning.uncoarsening.level[7].project_partition=0.000 partitioning.uncoarsening.level[7].create_graph=0.000 partitioning.uncoarsening.level[7].refinement=0.001 partitioning.uncoarsening.level[7].refinement.greedy_balancer=0.000 partitioning.uncoarsening.level[7].refinement.label_propagation=0.001 partitioning.uncoarsening.level[7].refinement.label_propagation.iteration[0]=0.001 partitioning.uncoarsening.level[7].refinement.label_propagation.iteration[1]=0.000 partitioning.uncoarsening.level[6]=0.002 partitioning.uncoarsening.level[6].allocation=0.000 partitioning.uncoarsening.level[6].project_partition=0.000 partitioning.uncoarsening.level[6].create_graph=0.000 partitioning.uncoarsening.level[6].refinement=0.001 partitioning.uncoarsening.level[6].refinement.greedy_balancer=0.000 partitioning.uncoarsening.level[6].refinement.label_propagation=0.001 partitioning.uncoarsening.level[6].refinement.label_propagation.iteration[0]=0.001 partitioning.uncoarsening.level[6].refinement.label_propagation.iteration[1]=0.000 partitioning.uncoarsening.level[5]=0.002 partitioning.uncoarsening.level[5].allocation=0.000 partitioning.uncoarsening.level[5].project_partition=0.000 partitioning.uncoarsening.level[5].create_graph=0.000 partitioning.uncoarsening.level[5].refinement=0.001 partitioning.uncoarsening.level[5].refinement.greedy_balancer=0.000 partitioning.uncoarsening.level[5].refinement.label_propagation=0.001 partitioning.uncoarsening.level[5].refinement.label_propagation.iteration[0]=0.001 partitioning.uncoarsening.level[5].refinement.label_propagation.iteration[1]=0.000 partitioning.uncoarsening.level[4]=0.004 partitioning.uncoarsening.level[4].allocation=0.000 partitioning.uncoarsening.level[4].project_partition=0.000 partitioning.uncoarsening.level[4].create_graph=0.000 partitioning.uncoarsening.level[4].refinement=0.002 partitioning.uncoarsening.level[4].refinement.greedy_balancer=0.000 partitioning.uncoarsening.level[4].refinement.label_propagation=0.002 partitioning.uncoarsening.level[4].refinement.label_propagation.iteration[0]=0.002 partitioning.uncoarsening.level[4].refinement.label_propagation.iteration[1]=0.000 partitioning.uncoarsening.level[3]=0.005 partitioning.uncoarsening.level[3].allocation=0.000 partitioning.uncoarsening.level[3].project_partition=0.000 partitioning.uncoarsening.level[3].create_graph=0.000 partitioning.uncoarsening.level[3].refinement=0.003 partitioning.uncoarsening.level[3].refinement.greedy_balancer=0.000 partitioning.uncoarsening.level[3].refinement.label_propagation=0.003 partitioning.uncoarsening.level[3].refinement.label_propagation.iteration[0]=0.002 partitioning.uncoarsening.level[3].refinement.label_propagation.iteration[1]=0.000 partitioning.uncoarsening.level[2]=0.013 partitioning.uncoarsening.level[2].allocation=0.000 partitioning.uncoarsening.level[2].project_partition=0.000 partitioning.uncoarsening.level[2].create_graph=0.000 partitioning.uncoarsening.level[2].refinement=0.012 partitioning.uncoarsening.level[2].refinement.greedy_balancer=0.000 partitioning.uncoarsening.level[2].refinement.label_propagation=0.012 partitioning.uncoarsening.level[2].refinement.label_propagation.iteration[0]=0.007 partitioning.uncoarsening.level[2].refinement.label_propagation.iteration[1]=0.003 partitioning.uncoarsening.level[2].refinement.label_propagation.iteration[2]=0.001 partitioning.uncoarsening.level[1]=0.062 partitioning.uncoarsening.level[1].allocation=0.004 partitioning.uncoarsening.level[1].project_partition=0.000 partitioning.uncoarsening.level[1].create_graph=0.000 partitioning.uncoarsening.level[1].refinement=0.056 partitioning.uncoarsening.level[1].refinement.greedy_balancer=0.000 partitioning.uncoarsening.level[1].refinement.label_propagation=0.056 partitioning.uncoarsening.level[1].refinement.label_propagation.iteration[0]=0.021 partitioning.uncoarsening.level[1].refinement.label_propagation.iteration[1]=0.013 partitioning.uncoarsening.level[1].refinement.label_propagation.iteration[2]=0.009 partitioning.uncoarsening.level[1].refinement.label_propagation.iteration[3]=0.007 partitioning.uncoarsening.level[1].refinement.label_propagation.iteration[4]=0.005 partitioning.uncoarsening.level[0]=0.123 partitioning.uncoarsening.level[0].allocation=0.004 partitioning.uncoarsening.level[0].project_partition=0.000 partitioning.uncoarsening.level[0].create_graph=0.000 partitioning.uncoarsening.level[0].refinement=0.114 partitioning.uncoarsening.level[0].refinement.greedy_balancer=0.000 partitioning.uncoarsening.level[0].refinement.label_propagation=0.114 partitioning.uncoarsening.level[0].refinement.label_propagation.iteration[0]=0.063 partitioning.uncoarsening.level[0].refinement.label_propagation.iteration[1]=0.014 partitioning.uncoarsening.level[0].refinement.label_propagation.iteration[2]=0.012 partitioning.uncoarsening.level[0].refinement.label_propagation.iteration[3]=0.013 partitioning.uncoarsening.level[0].refinement.label_propagation.iteration[4]=0.010 partitioning.deallocation=0.002 partitioning.re-integrate_isolated_nodes=0.001 io=0.000 
MEMORY disabled

Global Timer: ................................... 4.022 s    
|- Read input graph: ............................ 1.125 s    
|- Partitioning: ................................ 2.891 s    
|  |- Rearrange by degree-buckets: .............. 0.104 s    
|  |  |- Sort nodes by integer buckets: ......... 0.009 s    
|  |  |- Rearrange input graph: ................. 0.084 s    
|  |  `- Deallocation: .......................... 0.004 s    
|  |- Refinement: ............................... 0.000 s    
|  |  `- Allocation: ............................ 0.000 s    
|  |- Coarsening: ............................... 2.007 s    
|  |  |- Level (0): ............................. 0.502 s    
|  |  |  |- Label Propagation: .................. 0.065 s    
|  |  |  |  |- Allocation: ...................... 0.008 s    
|  |  |  |  |- Iteration (0): ................... 0.051 s    
|  |  |  |  |  `- First phase: .................. 0.048 s    
|  |  |  |  |- Handle isolated nodes: ........... 0.000 s    
|  |  |  |  |- Handle two-hop nodes: ............ 0.000 s    
|  |  |  |  `- Free: ............................ 0.006 s    
|  |  |  `- Contract graph: ..................... 0.436 s    
|  |  |     |- Allocation: ...................... 0.001 s (3)
|  |  |     |- Preprocessing: ................... 0.018 s (3)
|  |  |     |- Deallocation: .................... 0.000 s    
|  |  |     `- Construct coarse graph: .......... 0.412 s    
|  |  |        |- Aggregate coarse edges: ....... 0.398 s    
|  |  |        |  |- First phase: ............... 0.125 s    
|  |  |        |  `- Second phase: .............. 0.267 s    
|  |  |        `- Remap coarse edges and mapping: 0.012 s    
|  |  |- Level (1): ............................. 0.731 s    
|  |  |  |- Label Propagation: .................. 0.580 s    
|  |  |  |  |- Allocation: ...................... 0.000 s    
|  |  |  |  |- Iteration (0): ................... 0.579 s    
|  |  |  |  |  |- First phase: .................. 0.460 s    
|  |  |  |  |  `- Second phase: ................. 0.118 s    
|  |  |  |  |- Handle isolated nodes: ........... 0.000 s    
|  |  |  |  `- Handle two-hop nodes: ............ 0.000 s    
|  |  |  `- Contract graph: ..................... 0.151 s    
|  |  |     |- Allocation: ...................... 0.001 s (3)
|  |  |     |- Preprocessing: ................... 0.014 s (3)
|  |  |     |- Deallocation: .................... 0.000 s    
|  |  |     `- Construct coarse graph: .......... 0.133 s    
|  |  |        |- Aggregate coarse edges: ....... 0.127 s    
|  |  |        |  |- First phase: ............... 0.073 s    
|  |  |        |  `- Second phase: .............. 0.054 s    
|  |  |        `- Remap coarse edges and mapping: 0.005 s    
|  |  |- Level (2): ............................. 0.371 s    
|  |  |  |- Label Propagation: .................. 0.321 s    
|  |  |  |  |- Iteration (0): ................... 0.320 s    
|  |  |  |  |  |- First phase: .................. 0.281 s    
|  |  |  |  |  `- Second phase: ................. 0.038 s    
|  |  |  |  |- Handle isolated nodes: ........... 0.000 s    
|  |  |  |  `- Handle two-hop nodes: ............ 0.000 s    
|  |  |  `- Contract graph: ..................... 0.049 s    
|  |  |     |- Allocation: ...................... 0.000 s (3)
|  |  |     |- Preprocessing: ................... 0.004 s (3)
|  |  |     |- Deallocation: .................... 0.000 s    
|  |  |     `- Construct coarse graph: .......... 0.044 s    
|  |  |        |- Aggregate coarse edges: ....... 0.041 s    
|  |  |        |  |- First phase: ............... 0.028 s    
|  |  |        |  `- Second phase: .............. 0.013 s    
|  |  |        `- Remap coarse edges and mapping: 0.002 s    
|  |  |- Level (3): ............................. 0.185 s    
|  |  |  |- Label Propagation: .................. 0.160 s    
|  |  |  |  |- Iteration (0): ................... 0.160 s    
|  |  |  |  |  |- First phase: .................. 0.152 s    
|  |  |  |  |  `- Second phase: ................. 0.007 s    
|  |  |  |  |- Handle isolated nodes: ........... 0.000 s    
|  |  |  |  `- Handle two-hop nodes: ............ 0.000 s    
|  |  |  `- Contract graph: ..................... 0.024 s    
|  |  |     |- Allocation: ...................... 0.000 s (3)
|  |  |     |- Preprocessing: ................... 0.002 s (3)
|  |  |     |- Deallocation: .................... 0.000 s    
|  |  |     `- Construct coarse graph: .......... 0.021 s    
|  |  |        |- Aggregate coarse edges: ....... 0.020 s    
|  |  |        |  |- First phase: ............... 0.016 s    
|  |  |        |  `- Second phase: .............. 0.003 s    
|  |  |        `- Remap coarse edges and mapping: 0.001 s    
|  |  |- Level (4): ............................. 0.088 s    
|  |  |  |- Label Propagation: .................. 0.068 s    
|  |  |  |  |- Iteration (0): ................... 0.067 s    
|  |  |  |  |  |- First phase: .................. 0.062 s    
|  |  |  |  |  `- Second phase: ................. 0.004 s    
|  |  |  |  |- Handle isolated nodes: ........... 0.000 s    
|  |  |  |  `- Handle two-hop nodes: ............ 0.000 s    
|  |  |  `- Contract graph: ..................... 0.020 s    
|  |  |     |- Allocation: ...................... 0.000 s (3)
|  |  |     |- Preprocessing: ................... 0.000 s (3)
|  |  |     |- Deallocation: .................... 0.000 s    
|  |  |     `- Construct coarse graph: .......... 0.018 s    
|  |  |        |- Aggregate coarse edges: ....... 0.017 s    
|  |  |        |  |- First phase: ............... 0.017 s    
|  |  |        |  `- Second phase: .............. 0.000 s    
|  |  |        `- Remap coarse edges and mapping: 0.001 s    
|  |  |- Level (5): ............................. 0.049 s    
|  |  |  |- Label Propagation: .................. 0.029 s    
|  |  |  |  |- Iteration (0): ................... 0.029 s    
|  |  |  |  |  |- First phase: .................. 0.025 s    
|  |  |  |  |  `- Second phase: ................. 0.004 s    
|  |  |  |  |- Handle isolated nodes: ........... 0.000 s    
|  |  |  |  `- Handle two-hop nodes: ............ 0.000 s    
|  |  |  `- Contract graph: ..................... 0.019 s    
|  |  |     |- Allocation: ...................... 0.000 s (3)
|  |  |     |- Preprocessing: ................... 0.000 s (3)
|  |  |     |- Deallocation: .................... 0.000 s    
|  |  |     `- Construct coarse graph: .......... 0.018 s    
|  |  |        |- Aggregate coarse edges: ....... 0.017 s    
|  |  |        |  |- First phase: ............... 0.017 s    
|  |  |        |  `- Second phase: .............. 0.000 s    
|  |  |        `- Remap coarse edges and mapping: 0.001 s    
|  |  |- Level (6): ............................. 0.026 s    
|  |  |  |- Label Propagation: .................. 0.009 s    
|  |  |  |  |- Iteration (0): ................... 0.009 s    
|  |  |  |  |  |- First phase: .................. 0.005 s    
|  |  |  |  |  `- Second phase: ................. 0.003 s    
|  |  |  |  |- Handle isolated nodes: ........... 0.000 s    
|  |  |  |  `- Handle two-hop nodes: ............ 0.000 s    
|  |  |  `- Contract graph: ..................... 0.016 s    
|  |  |     |- Allocation: ...................... 0.000 s (3)
|  |  |     |- Preprocessing: ................... 0.000 s (3)
|  |  |     |- Deallocation: .................... 0.000 s    
|  |  |     `- Construct coarse graph: .......... 0.015 s    
|  |  |        |- Aggregate coarse edges: ....... 0.014 s    
|  |  |        |  |- First phase: ............... 0.014 s    
|  |  |        |  `- Second phase: .............. 0.000 s    
|  |  |        `- Remap coarse edges and mapping: 0.000 s    
|  |  |- Level (7): ............................. 0.017 s    
|  |  |  |- Label Propagation: .................. 0.005 s    
|  |  |  |  |- Iteration (0): ................... 0.005 s    
|  |  |  |  |  |- First phase: .................. 0.001 s    
|  |  |  |  |  `- Second phase: ................. 0.003 s    
|  |  |  |  |- Handle isolated nodes: ........... 0.000 s    
|  |  |  |  `- Handle two-hop nodes: ............ 0.000 s    
|  |  |  `- Contract graph: ..................... 0.012 s    
|  |  |     |- Allocation: ...................... 0.000 s (3)
|  |  |     |- Preprocessing: ................... 0.000 s (3)
|  |  |     |- Deallocation: .................... 0.000 s    
|  |  |     `- Construct coarse graph: .......... 0.011 s    
|  |  |        |- Aggregate coarse edges: ....... 0.010 s    
|  |  |        |  |- First phase: ............... 0.010 s    
|  |  |        |  `- Second phase: .............. 0.000 s    
|  |  |        `- Remap coarse edges and mapping: 0.000 s    
|  |  |- Level (8): ............................. 0.021 s    
|  |  |  |- Label Propagation: .................. 0.003 s    
|  |  |  |  |- Iteration (0): ................... 0.003 s    
|  |  |  |  |  |- First phase: .................. 0.001 s    
|  |  |  |  |  `- Second phase: ................. 0.002 s    
|  |  |  |  |- Handle isolated nodes: ........... 0.000 s    
|  |  |  |  `- Handle two-hop nodes: ............ 0.000 s    
|  |  |  `- Contract graph: ..................... 0.017 s    
|  |  |     |- Allocation: ...................... 0.000 s (3)
|  |  |     |- Preprocessing: ................... 0.000 s (3)
|  |  |     |- Deallocation: .................... 0.000 s    
|  |  |     `- Construct coarse graph: .......... 0.016 s    
|  |  |        |- Aggregate coarse edges: ....... 0.015 s    
|  |  |        |  |- First phase: ............... 0.015 s    
|  |  |        |  `- Second phase: .............. 0.000 s    
|  |  |        `- Remap coarse edges and mapping: 0.000 s    
|  |  |- Level (9): ............................. 0.013 s    
|  |  |  |- Label Propagation: .................. 0.001 s    
|  |  |  |  |- Iteration (0): ................... 0.001 s    
|  |  |  |  |  `- First phase: .................. 0.001 s    
|  |  |  |  |- Handle isolated nodes: ........... 0.000 s    
|  |  |  |  `- Handle two-hop nodes: ............ 0.000 s    
|  |  |  `- Contract graph: ..................... 0.012 s    
|  |  |     |- Allocation: ...................... 0.000 s (3)
|  |  |     |- Preprocessing: ................... 0.000 s (3)
|  |  |     |- Deallocation: .................... 0.000 s    
|  |  |     `- Construct coarse graph: .......... 0.011 s    
|  |  |        |- Aggregate coarse edges: ....... 0.010 s    
|  |  |        |  |- First phase: ............... 0.010 s    
|  |  |        |  `- Second phase: .............. 0.000 s    
|  |  |        `- Remap coarse edges and mapping: 0.000 s    
|  |  `- Deallocation: .......................... 0.000 s    
|  |- Initial partitioning scheme: .............. 0.546 s    
|  |- Uncoarsening: ............................. 0.228 s    
|  |  |- Level (9): ............................. 0.006 s    
|  |  |  |- Allocation: ......................... 0.000 s    
|  |  |  |- Project partition: .................. 0.000 s    
|  |  |  |- Create graph: ....................... 0.000 s    
|  |  |  `- Refinement: ......................... 0.005 s    
|  |  |     |- Greedy Balancer: ................. 0.000 s    
|  |  |     `- Label Propagation: ............... 0.005 s    
|  |  |        |- Allocation: ................... 0.004 s    
|  |  |        |- Iteration (0): ................ 0.001 s    
|  |  |        `- Iteration (1): ................ 0.000 s    
|  |  |- Level (8): ............................. 0.002 s    
|  |  |  |- Allocation: ......................... 0.000 s    
|  |  |  |- Project partition: .................. 0.000 s    
|  |  |  |- Create graph: ....................... 0.000 s    
|  |  |  `- Refinement: ......................... 0.001 s    
|  |  |     |- Greedy Balancer: ................. 0.000 s    
|  |  |     `- Label Propagation: ............... 0.001 s    
|  |  |        |- Iteration (0): ................ 0.001 s    
|  |  |        `- Iteration (1): ................ 0.000 s    
|  |  |- Level (7): ............................. 0.002 s    
|  |  |  |- Allocation: ......................... 0.000 s    
|  |  |  |- Project partition: .................. 0.000 s    
|  |  |  |- Create graph: ....................... 0.000 s    
|  |  |  `- Refinement: ......................... 0.001 s    
|  |  |     |- Greedy Balancer: ................. 0.000 s    
|  |  |     `- Label Propagation: ............... 0.001 s    
|  |  |        |- Iteration (0): ................ 0.001 s    
|  |  |        `- Iteration (1): ................ 0.000 s    
|  |  |- Level (6): ............................. 0.002 s    
|  |  |  |- Allocation: ......................... 0.000 s    
|  |  |  |- Project partition: .................. 0.000 s    
|  |  |  |- Create graph: ....................... 0.000 s    
|  |  |  `- Refinement: ......................... 0.001 s    
|  |  |     |- Greedy Balancer: ................. 0.000 s    
|  |  |     `- Label Propagation: ............... 0.001 s    
|  |  |        |- Iteration (0): ................ 0.001 s    
|  |  |        `- Iteration (1): ................ 0.000 s    
|  |  |- Level (5): ............................. 0.002 s    
|  |  |  |- Allocation: ......................... 0.000 s    
|  |  |  |- Project partition: .................. 0.000 s    
|  |  |  |- Create graph: ....................... 0.000 s    
|  |  |  `- Refinement: ......................... 0.001 s    
|  |  |     |- Greedy Balancer: ................. 0.000 s    
|  |  |     `- Label Propagation: ............... 0.001 s    
|  |  |        |- Iteration (0): ................ 0.001 s    
|  |  |        `- Iteration (1): ................ 0.000 s    
|  |  |- Level (4): ............................. 0.004 s    
|  |  |  |- Allocation: ......................... 0.000 s    
|  |  |  |- Project partition: .................. 0.000 s    
|  |  |  |- Create graph: ....................... 0.000 s    
|  |  |  `- Refinement: ......................... 0.002 s    
|  |  |     |- Greedy Balancer: ................. 0.000 s    
|  |  |     `- Label Propagation: ............... 0.002 s    
|  |  |        |- Iteration (0): ................ 0.002 s    
|  |  |        `- Iteration (1): ................ 0.000 s    
|  |  |- Level (3): ............................. 0.005 s    
|  |  |  |- Allocation: ......................... 0.000 s    
|  |  |  |- Project partition: .................. 0.000 s    
|  |  |  |- Create graph: ....................... 0.000 s    
|  |  |  `- Refinement: ......................... 0.003 s    
|  |  |     |- Greedy Balancer: ................. 0.000 s    
|  |  |     `- Label Propagation: ............... 0.003 s    
|  |  |        |- Iteration (0): ................ 0.002 s    
|  |  |        `- Iteration (1): ................ 0.000 s    
|  |  |- Level (2): ............................. 0.013 s    
|  |  |  |- Allocation: ......................... 0.000 s    
|  |  |  |- Project partition: .................. 0.000 s    
|  |  |  |- Create graph: ....................... 0.000 s    
|  |  |  `- Refinement: ......................... 0.012 s    
|  |  |     |- Greedy Balancer: ................. 0.000 s    
|  |  |     `- Label Propagation: ............... 0.012 s    
|  |  |        |- Iteration (0): ................ 0.007 s    
|  |  |        |- Iteration (1): ................ 0.003 s    
|  |  |        `- Iteration (2): ................ 0.001 s    
|  |  |- Level (1): ............................. 0.062 s    
|  |  |  |- Allocation: ......................... 0.004 s    
|  |  |  |- Project partition: .................. 0.000 s    
|  |  |  |- Create graph: ....................... 0.000 s    
|  |  |  `- Refinement: ......................... 0.056 s    
|  |  |     |- Greedy Balancer: ................. 0.000 s    
|  |  |     `- Label Propagation: ............... 0.056 s    
|  |  |        |- Iteration (0): ................ 0.021 s    
|  |  |        |- Iteration (1): ................ 0.013 s    
|  |  |        |- Iteration (2): ................ 0.009 s    
|  |  |        |- Iteration (3): ................ 0.007 s    
|  |  |        `- Iteration (4): ................ 0.005 s    
|  |  `- Level (0): ............................. 0.123 s    
|  |     |- Allocation: ......................... 0.004 s    
|  |     |- Project partition: .................. 0.000 s    
|  |     |- Create graph: ....................... 0.000 s    
|  |     `- Refinement: ......................... 0.114 s    
|  |        |- Greedy Balancer: ................. 0.000 s    
|  |        `- Label Propagation: ............... 0.114 s    
|  |           |- Iteration (0): ................ 0.063 s    
|  |           |- Iteration (1): ................ 0.014 s    
|  |           |- Iteration (2): ................ 0.012 s    
|  |           |- Iteration (3): ................ 0.013 s    
|  |           `- Iteration (4): ................ 0.010 s    
|  |- Deallocation: ............................. 0.002 s    
|  `- Re-integrate isolated nodes: .............. 0.001 s    
`- IO: .......................................... 0.000 s    

Partition summary:
  Number of blocks: 16
  Edge cut:         277332499
  Imbalance:        0.0299985
  Feasible:         yes

Block weights:
  w(0 ) = 181907    w(1 ) = 181907    w(2 ) = 181907    w(3 ) = 97142   
  w(4 ) = 181907    w(5 ) = 181906    w(6 ) = 181907    w(7 ) = 181906  
  w(8 ) = 181906    w(9 ) = 181906    w(10) = 181907    w(11) = 181907  
  w(12) = 181907    w(13) = 181907    w(14) = 181907    w(15) = 181906  

Maximum resident set size: 3299156 KiB
