################################################################################
#                _  __       __  __  _         ____                            #
#               | |/ / __ _ |  \/  |(_) _ __  |  _ \  __ _  _ __               #
#               | ' / / _` || |\/| || || '_ \ | |_) |/ _` || '__|              #
#               | . \| (_| || |  | || || | | ||  __/| (_| || |                 #
#               |_|\_\\__,_||_|  |_||_||_| |_||_|    \__,_||_|                 #
#                                                                              #
################################################################################
Current commit hash:          99c62314d27845b3825829ec1e3e97256490627d
Assertion level:              always+light
Statistics:                   disabled
Built on:                     liskov
Data type sizes:
  Nodes IDs: 4 bytes | Node weights: 4 bytes
  Edges IDs: 4 bytes | Edge weights: 4 bytes
############################################################## Input Summary ###
Execution mode:               64
Seed:                         1
Graph:                        rmat_n16_m24 [node ordering: deg-buckets] [edge ordering: natural]
  Number of nodes:               65527 (unweighted)
  Number of edges:            33554422 (unweighted)
Number of blocks:             16
Maximum block weight:         4218 (4096 + 3% / 3%)
---------------------------------------------------------- Graph Compression ---
Enabled:                      no
-------------------------------------------------------- Partitioning Scheme ---
Partitioning mode:            deep
  Deep initial part. mode:    async-parallel
  Deep initial part. load:    1
Subgraph memory:              Lazy
----------------------------------------------------------------- Coarsening ---
Contraction limit:            160
Coarsening algorithm:         clustering
  Cluster weight limit:       static-block-weight x 0.00625
  Shrink factor:              2.5
  Max mem-free level:         1
  Clustering algorithm:       lp
    Number of iterations:     1
    High degree threshold:    4294967295
    Max degree:               4294967295
    Tie breaking strategy:    uniform
    Implementation:           two-phase
      Relabel:                no
    2-hop clustering:         match-threadwise, if |Vcoarse| > 0.500000 * |V|
    Isolated nodes:           match-during-two-hop
  Forced hierarchy levels:    <none> (leeway: U=10.000000, L=1.100000)
Contraction algorithm:        unbuffered
  Implementation:             two-phase
------------------------------------------------------- Initial Partitioning ---
Adaptive algorithm selection: yes
----------------------------------------------------------------- Refinement ---
Refinement algorithms:        [greedy-balancer -> lp]
Label propagation:
  Number of iterations:       5
  Tie breaking strategy:      uniform
  Implementation:             single-phase
############################################################## Preprocessing ###
Removed 0 isolated nodes
  Remaining nodes:             65527
  Remaining total node weight: 65527
############################################################### Partitioning ###
Input graph:
 Number of nodes: 65527 | Number of edges: 33554422
 Maximum node weight: 1

Coarsening -> Level 1 [max cluster weight: 26]:
 Total edge weight:   33455158
 Number of nodes:     25393 | Number of edges: 29794168
 Maximum node weight: 26

Coarsening -> Level 2 [max cluster weight: 26]:
 Total edge weight:   33382826
 Number of nodes:     9762 | Number of edges: 13051628
 Maximum node weight: 26

==> Coarsening terminated with less than 10240 nodes

Initial partitioning:
 Number of blocks: 16

Uncoarsening -> Level 1
 Number of nodes: 25393 | Number of edges: 29794168
  Running refinement on 16 blocks
   1. Greedy Balancer
   2. Label Propagation

Uncoarsening -> Level 0
 Number of nodes: 65527 | Number of edges: 33554422
  Running refinement on 16 blocks
   1. Greedy Balancer
   2. Label Propagation
############################################################# Result Summary ###
RESULT cut=15465111 imbalance=0.0297852 feasible=1 k=16
TIME read_input_graph=0.315 partitioning=1.488 partitioning.rearrange_by_degree-buckets=0.017 partitioning.rearrange_by_degree-buckets.sort_nodes_by_integer_buckets=0.002 partitioning.rearrange_by_degree-buckets.rearrange_input_graph=0.012 partitioning.rearrange_by_degree-buckets.deallocation=0.000 partitioning.refinement=0.000 partitioning.refinement.allocation=0.000 partitioning.coarsening=0.497 partitioning.coarsening.level[0]=0.108 partitioning.coarsening.level[0].label_propagation=0.034 partitioning.coarsening.level[0].label_propagation.allocation=0.000 partitioning.coarsening.level[0].label_propagation.iteration[0]=0.028 partitioning.coarsening.level[0].label_propagation.iteration[0].first_phase=0.026 partitioning.coarsening.level[0].label_propagation.handle_isolated_nodes=0.000 partitioning.coarsening.level[0].label_propagation.handle_two-hop_nodes=0.000 partitioning.coarsening.level[0].label_propagation.free=0.005 partitioning.coarsening.level[0].contract_graph=0.073 partitioning.coarsening.level[0].contract_graph.allocation=0.000 partitioning.coarsening.level[0].contract_graph.preprocessing=0.000 partitioning.coarsening.level[0].contract_graph.deallocation=0.000 partitioning.coarsening.level[0].contract_graph.construct_coarse_graph=0.071 partitioning.coarsening.level[0].contract_graph.construct_coarse_graph.aggregate_coarse_edges=0.065 partitioning.coarsening.level[0].contract_graph.construct_coarse_graph.aggregate_coarse_edges.first_phase=0.052 partitioning.coarsening.level[0].contract_graph.construct_coarse_graph.aggregate_coarse_edges.second_phase=0.000 partitioning.coarsening.level[0].contract_graph.construct_coarse_graph.remap_coarse_edges_and_mapping=0.005 partitioning.coarsening.level[1]=0.389 partitioning.coarsening.level[1].label_propagation=0.351 partitioning.coarsening.level[1].label_propagation.allocation=0.000 partitioning.coarsening.level[1].label_propagation.iteration[0]=0.351 partitioning.coarsening.level[1].label_propagation.iteration[0].first_phase=0.350 partitioning.coarsening.level[1].label_propagation.iteration[0].second_phase=0.001 partitioning.coarsening.level[1].label_propagation.handle_isolated_nodes=0.000 partitioning.coarsening.level[1].label_propagation.handle_two-hop_nodes=0.000 partitioning.coarsening.level[1].contract_graph=0.037 partitioning.coarsening.level[1].contract_graph.allocation=0.000 partitioning.coarsening.level[1].contract_graph.preprocessing=0.000 partitioning.coarsening.level[1].contract_graph.deallocation=0.000 partitioning.coarsening.level[1].contract_graph.construct_coarse_graph=0.036 partitioning.coarsening.level[1].contract_graph.construct_coarse_graph.aggregate_coarse_edges=0.034 partitioning.coarsening.level[1].contract_graph.construct_coarse_graph.aggregate_coarse_edges.first_phase=0.034 partitioning.coarsening.level[1].contract_graph.construct_coarse_graph.aggregate_coarse_edges.second_phase=0.000 partitioning.coarsening.level[1].contract_graph.construct_coarse_graph.remap_coarse_edges_and_mapping=0.002 partitioning.coarsening.deallocation=0.000 partitioning.initial_partitioning_scheme=0.883 partitioning.uncoarsening=0.084 partitioning.uncoarsening.level[1]=0.030 partitioning.uncoarsening.level[1].allocation=0.000 partitioning.uncoarsening.level[1].project_partition=0.000 partitioning.uncoarsening.level[1].create_graph=0.000 partitioning.uncoarsening.level[1].refinement=0.029 partitioning.uncoarsening.level[1].refinement.greedy_balancer=0.000 partitioning.uncoarsening.level[1].refinement.label_propagation=0.029 partitioning.uncoarsening.level[1].refinement.label_propagation.allocation=0.000 partitioning.uncoarsening.level[1].refinement.label_propagation.iteration[0]=0.013 partitioning.uncoarsening.level[1].refinement.label_propagation.iteration[1]=0.006 partitioning.uncoarsening.level[1].refinement.label_propagation.iteration[2]=0.004 partitioning.uncoarsening.level[1].refinement.label_propagation.iteration[3]=0.003 partitioning.uncoarsening.level[1].refinement.label_propagation.iteration[4]=0.001 partitioning.uncoarsening.level[0]=0.053 partitioning.uncoarsening.level[0].allocation=0.000 partitioning.uncoarsening.level[0].project_partition=0.000 partitioning.uncoarsening.level[0].create_graph=0.000 partitioning.uncoarsening.level[0].refinement=0.050 partitioning.uncoarsening.level[0].refinement.greedy_balancer=0.000 partitioning.uncoarsening.level[0].refinement.label_propagation=0.050 partitioning.uncoarsening.level[0].refinement.label_propagation.iteration[0]=0.016 partitioning.uncoarsening.level[0].refinement.label_propagation.iteration[1]=0.010 partitioning.uncoarsening.level[0].refinement.label_propagation.iteration[2]=0.010 partitioning.uncoarsening.level[0].refinement.label_propagation.iteration[3]=0.007 partitioning.uncoarsening.level[0].refinement.label_propagation.iteration[4]=0.005 partitioning.deallocation=0.005 partitioning.re-integrate_isolated_nodes=0.000 io=0.000 
MEMORY disabled

Global Timer: ................................... 1.808 s    
|- Read input graph: ............................ 0.315 s    
|- Partitioning: ................................ 1.488 s    
|  |- Rearrange by degree-buckets: .............. 0.017 s    
|  |  |- Sort nodes by integer buckets: ......... 0.002 s    
|  |  |- Rearrange input graph: ................. 0.012 s    
|  |  `- Deallocation: .......................... 0.000 s    
|  |- Refinement: ............................... 0.000 s    
|  |  `- Allocation: ............................ 0.000 s    
|  |- Coarsening: ............................... 0.497 s    
|  |  |- Level (0): ............................. 0.108 s    
|  |  |  |- Label Propagation: .................. 0.034 s    
|  |  |  |  |- Allocation: ...................... 0.000 s    
|  |  |  |  |- Iteration (0): ................... 0.028 s    
|  |  |  |  |  `- First phase: .................. 0.026 s    
|  |  |  |  |- Handle isolated nodes: ........... 0.000 s    
|  |  |  |  |- Handle two-hop nodes: ............ 0.000 s    
|  |  |  |  `- Free: ............................ 0.005 s    
|  |  |  `- Contract graph: ..................... 0.073 s    
|  |  |     |- Allocation: ...................... 0.000 s (3)
|  |  |     |- Preprocessing: ................... 0.000 s (3)
|  |  |     |- Deallocation: .................... 0.000 s    
|  |  |     `- Construct coarse graph: .......... 0.071 s    
|  |  |        |- Aggregate coarse edges: ....... 0.065 s    
|  |  |        |  |- First phase: ............... 0.052 s    
|  |  |        |  `- Second phase: .............. 0.000 s    
|  |  |        `- Remap coarse edges and mapping: 0.005 s    
|  |  |- Level (1): ............................. 0.389 s    
|  |  |  |- Label Propagation: .................. 0.351 s    
|  |  |  |  |- Allocation: ...................... 0.000 s    
|  |  |  |  |- Iteration (0): ................... 0.351 s    
|  |  |  |  |  |- First phase: .................. 0.350 s    
|  |  |  |  |  `- Second phase: ................. 0.001 s    
|  |  |  |  |- Handle isolated nodes: ........... 0.000 s    
|  |  |  |  `- Handle two-hop nodes: ............ 0.000 s    
|  |  |  `- Contract graph: ..................... 0.037 s    
|  |  |     |- Allocation: ...................... 0.000 s (3)
|  |  |     |- Preprocessing: ................... 0.000 s (3)
|  |  |     |- Deallocation: .................... 0.000 s    
|  |  |     `- Construct coarse graph: .......... 0.036 s    
|  |  |        |- Aggregate coarse edges: ....... 0.034 s    
|  |  |        |  |- First phase: ............... 0.034 s    
|  |  |        |  `- Second phase: .............. 0.000 s    
|  |  |        `- Remap coarse edges and mapping: 0.002 s    
|  |  `- Deallocation: .......................... 0.000 s    
|  |- Initial partitioning scheme: .............. 0.883 s    
|  |- Uncoarsening: ............................. 0.084 s    
|  |  |- Level (1): ............................. 0.030 s    
|  |  |  |- Allocation: ......................... 0.000 s    
|  |  |  |- Project partition: .................. 0.000 s    
|  |  |  |- Create graph: ....................... 0.000 s    
|  |  |  `- Refinement: ......................... 0.029 s    
|  |  |     |- Greedy Balancer: ................. 0.000 s    
|  |  |     `- Label Propagation: ............... 0.029 s    
|  |  |        |- Allocation: ................... 0.000 s    
|  |  |        |- Iteration (0): ................ 0.013 s    
|  |  |        |- Iteration (1): ................ 0.006 s    
|  |  |        |- Iteration (2): ................ 0.004 s    
|  |  |        |- Iteration (3): ................ 0.003 s    
|  |  |        `- Iteration (4): ................ 0.001 s    
|  |  `- Level (0): ............................. 0.053 s    
|  |     |- Allocation: ......................... 0.000 s    
|  |     |- Project partition: .................. 0.000 s    
|  |     |- Create graph: ....................... 0.000 s    
|  |     `- Refinement: ......................... 0.050 s    
|  |        |- Greedy Balancer: ................. 0.000 s    
|  |        `- Label Propagation: ............... 0.050 s    
|  |           |- Iteration (0): ................ 0.016 s    
|  |           |- Iteration (1): ................ 0.010 s    
|  |           |- Iteration (2): ................ 0.010 s    
|  |           |- Iteration (3): ................ 0.007 s    
|  |           `- Iteration (4): ................ 0.005 s    
|  |- Deallocation: ............................. 0.005 s    
|  `- Re-integrate isolated nodes: .............. 0.000 s    
`- IO: .......................................... 0.000 s    

Partition summary:
  Number of blocks: 16
  Edge cut:         15465111
  Imbalance:        0.0297852
  Feasible:         yes

Block weights:
  w(0 ) = 4218    w(1 ) = 4218    w(2 ) = 4218    w(3 ) = 4218  
  w(4 ) = 4217    w(5 ) = 2258    w(6 ) = 4218    w(7 ) = 4218  
  w(8 ) = 4218    w(9 ) = 4218    w(10) = 4218    w(11) = 4218  
  w(12) = 4218    w(13) = 4218    w(14) = 4218    w(15) = 4218  

Maximum resident set size: 1582836 KiB
