################################################################################
#                _  __       __  __  _         ____                            #
#               | |/ / __ _ |  \/  |(_) _ __  |  _ \  __ _  _ __               #
#               | ' / / _` || |\/| || || '_ \ | |_) |/ _` || '__|              #
#               | . \| (_| || |  | || || | | ||  __/| (_| || |                 #
#               |_|\_\\__,_||_|  |_||_||_| |_||_|    \__,_||_|                 #
#                                                                              #
################################################################################
Current commit hash:          99c62314d27845b3825829ec1e3e97256490627d
Assertion level:              always+light
Statistics:                   disabled
Built on:                     liskov
Data type sizes:
  Nodes IDs: 4 bytes | Node weights: 4 bytes
  Edges IDs: 4 bytes | Edge weights: 4 bytes
############################################################## Input Summary ###
Execution mode:               64
Seed:                         1
Graph:                        soc-flickr-und [node ordering: deg-buckets] [edge ordering: natural]
  Number of nodes:             1715255 (unweighted)
  Number of edges:            31110082 (unweighted)
Number of blocks:             16
Maximum block weight:         110420 (107204 + 3% / 3%)
---------------------------------------------------------- Graph Compression ---
Enabled:                      no
-------------------------------------------------------- Partitioning Scheme ---
Partitioning mode:            deep
  Deep initial part. mode:    async-parallel
  Deep initial part. load:    1
Subgraph memory:              Lazy
----------------------------------------------------------------- Coarsening ---
Contraction limit:            160
Coarsening algorithm:         clustering
  Cluster weight limit:       static-block-weight x 0.00625
  Shrink factor:              2.5
  Max mem-free level:         1
  Clustering algorithm:       lp
    Number of iterations:     1
    High degree threshold:    4294967295
    Max degree:               4294967295
    Tie breaking strategy:    uniform
    Implementation:           two-phase
      Relabel:                no
    2-hop clustering:         match-threadwise, if |Vcoarse| > 0.500000 * |V|
    Isolated nodes:           match-during-two-hop
  Forced hierarchy levels:    <none> (leeway: U=10.000000, L=1.100000)
Contraction algorithm:        unbuffered
  Implementation:             two-phase
------------------------------------------------------- Initial Partitioning ---
Adaptive algorithm selection: yes
----------------------------------------------------------------- Refinement ---
Refinement algorithms:        [greedy-balancer -> lp]
Label propagation:
  Number of iterations:       5
  Tie breaking strategy:      uniform
  Implementation:             single-phase
############################################################## Preprocessing ###
Removed 0 isolated nodes
  Remaining nodes:             1715255
  Remaining total node weight: 1715255
############################################################### Partitioning ###
Input graph:
 Number of nodes: 1715255 | Number of edges: 31110082
 Maximum node weight: 1

Coarsening -> Level 1 [max cluster weight: 690]:
 Total edge weight:   28892570
 Number of nodes:     618242 | Number of edges: 28546966
 Maximum node weight: 690

Coarsening -> Level 2 [max cluster weight: 690]:
 Total edge weight:   26861950
 Number of nodes:     243341 | Number of edges: 9569012
 Maximum node weight: 690

Coarsening -> Level 3 [max cluster weight: 690]:
 Total edge weight:   25835792
 Number of nodes:     94647 | Number of edges: 5161154
 Maximum node weight: 690

Coarsening -> Level 4 [max cluster weight: 690]:
 Total edge weight:   25552924
 Number of nodes:     35618 | Number of edges: 3403942
 Maximum node weight: 696

Coarsening -> Level 5 [max cluster weight: 690]:
 Total edge weight:   25515502
 Number of nodes:     20285 | Number of edges: 2837826
 Maximum node weight: 696

Coarsening -> Level 6 [max cluster weight: 690]:
 Total edge weight:   25511450
 Number of nodes:     14998 | Number of edges: 2700550
 Maximum node weight: 1380

Coarsening -> Level 7 [max cluster weight: 690]:
 Total edge weight:   25511162
 Number of nodes:     12034 | Number of edges: 2681638
 Maximum node weight: 1380

Coarsening -> Level 8 [max cluster weight: 690]:
 Total edge weight:   25511134
 Number of nodes:     10269 | Number of edges: 2672338
 Maximum node weight: 1380

Coarsening -> Level 9 [max cluster weight: 690]:
 Total edge weight:   25511134
 Number of nodes:     9166 | Number of edges: 2669534
 Maximum node weight: 1380

==> Coarsening terminated with less than 10240 nodes

Initial partitioning:
 Number of blocks: 16

Uncoarsening -> Level 8
 Number of nodes: 10269 | Number of edges: 2672338
  Running refinement on 16 blocks
   1. Greedy Balancer
   2. Label Propagation

Uncoarsening -> Level 7
 Number of nodes: 12034 | Number of edges: 2681638
  Running refinement on 16 blocks
   1. Greedy Balancer
   2. Label Propagation

Uncoarsening -> Level 6
 Number of nodes: 14998 | Number of edges: 2700550
  Running refinement on 16 blocks
   1. Greedy Balancer
   2. Label Propagation

Uncoarsening -> Level 5
 Number of nodes: 20285 | Number of edges: 2837826
  Running refinement on 16 blocks
   1. Greedy Balancer
   2. Label Propagation

Uncoarsening -> Level 4
 Number of nodes: 35618 | Number of edges: 3403942
  Running refinement on 16 blocks
   1. Greedy Balancer
   2. Label Propagation

Uncoarsening -> Level 3
 Number of nodes: 94647 | Number of edges: 5161154
  Running refinement on 16 blocks
   1. Greedy Balancer
   2. Label Propagation

Uncoarsening -> Level 2
 Number of nodes: 243341 | Number of edges: 9569012
  Running refinement on 16 blocks
   1. Greedy Balancer
   2. Label Propagation

Uncoarsening -> Level 1
 Number of nodes: 618242 | Number of edges: 28546966
  Running refinement on 16 blocks
   1. Greedy Balancer
   2. Label Propagation

Uncoarsening -> Level 0
 Number of nodes: 1715255 | Number of edges: 31110082
  Running refinement on 16 blocks
   1. Greedy Balancer
   2. Label Propagation
############################################################# Result Summary ###
RESULT cut=4895688 imbalance=0.0299989 feasible=1 k=16
TIME read_input_graph=0.266 partitioning=1.096 partitioning.rearrange_by_degree-buckets=0.034 partitioning.rearrange_by_degree-buckets.sort_nodes_by_integer_buckets=0.010 partitioning.rearrange_by_degree-buckets.rearrange_input_graph=0.019 partitioning.rearrange_by_degree-buckets.deallocation=0.000 partitioning.refinement=0.000 partitioning.refinement.allocation=0.000 partitioning.coarsening=0.593 partitioning.coarsening.level[0]=0.136 partitioning.coarsening.level[0].label_propagation=0.029 partitioning.coarsening.level[0].label_propagation.allocation=0.012 partitioning.coarsening.level[0].label_propagation.iteration[0]=0.010 partitioning.coarsening.level[0].label_propagation.iteration[0].first_phase=0.008 partitioning.coarsening.level[0].label_propagation.handle_isolated_nodes=0.000 partitioning.coarsening.level[0].label_propagation.handle_two-hop_nodes=0.000 partitioning.coarsening.level[0].label_propagation.free=0.005 partitioning.coarsening.level[0].contract_graph=0.107 partitioning.coarsening.level[0].contract_graph.allocation=0.000 partitioning.coarsening.level[0].contract_graph.preprocessing=0.011 partitioning.coarsening.level[0].contract_graph.deallocation=0.000 partitioning.coarsening.level[0].contract_graph.construct_coarse_graph=0.092 partitioning.coarsening.level[0].contract_graph.construct_coarse_graph.aggregate_coarse_edges=0.086 partitioning.coarsening.level[0].contract_graph.construct_coarse_graph.aggregate_coarse_edges.first_phase=0.066 partitioning.coarsening.level[0].contract_graph.construct_coarse_graph.aggregate_coarse_edges.second_phase=0.006 partitioning.coarsening.level[0].contract_graph.construct_coarse_graph.remap_coarse_edges_and_mapping=0.005 partitioning.coarsening.level[1]=0.197 partitioning.coarsening.level[1].label_propagation=0.155 partitioning.coarsening.level[1].label_propagation.allocation=0.000 partitioning.coarsening.level[1].label_propagation.iteration[0]=0.154 partitioning.coarsening.level[1].label_propagation.iteration[0].first_phase=0.152 partitioning.coarsening.level[1].label_propagation.iteration[0].second_phase=0.001 partitioning.coarsening.level[1].label_propagation.handle_isolated_nodes=0.000 partitioning.coarsening.level[1].label_propagation.handle_two-hop_nodes=0.000 partitioning.coarsening.level[1].contract_graph=0.042 partitioning.coarsening.level[1].contract_graph.allocation=0.001 partitioning.coarsening.level[1].contract_graph.preprocessing=0.008 partitioning.coarsening.level[1].contract_graph.deallocation=0.000 partitioning.coarsening.level[1].contract_graph.construct_coarse_graph=0.031 partitioning.coarsening.level[1].contract_graph.construct_coarse_graph.aggregate_coarse_edges=0.029 partitioning.coarsening.level[1].contract_graph.construct_coarse_graph.aggregate_coarse_edges.first_phase=0.029 partitioning.coarsening.level[1].contract_graph.construct_coarse_graph.aggregate_coarse_edges.second_phase=0.000 partitioning.coarsening.level[1].contract_graph.construct_coarse_graph.remap_coarse_edges_and_mapping=0.001 partitioning.coarsening.level[2]=0.079 partitioning.coarsening.level[2].label_propagation=0.057 partitioning.coarsening.level[2].label_propagation.iteration[0]=0.057 partitioning.coarsening.level[2].label_propagation.iteration[0].first_phase=0.055 partitioning.coarsening.level[2].label_propagation.iteration[0].second_phase=0.001 partitioning.coarsening.level[2].label_propagation.handle_isolated_nodes=0.000 partitioning.coarsening.level[2].label_propagation.handle_two-hop_nodes=0.000 partitioning.coarsening.level[2].contract_graph=0.022 partitioning.coarsening.level[2].contract_graph.allocation=0.000 partitioning.coarsening.level[2].contract_graph.preprocessing=0.003 partitioning.coarsening.level[2].contract_graph.deallocation=0.000 partitioning.coarsening.level[2].contract_graph.construct_coarse_graph=0.017 partitioning.coarsening.level[2].contract_graph.construct_coarse_graph.aggregate_coarse_edges=0.016 partitioning.coarsening.level[2].contract_graph.construct_coarse_graph.aggregate_coarse_edges.first_phase=0.016 partitioning.coarsening.level[2].contract_graph.construct_coarse_graph.aggregate_coarse_edges.second_phase=0.000 partitioning.coarsening.level[2].contract_graph.construct_coarse_graph.remap_coarse_edges_and_mapping=0.001 partitioning.coarsening.level[3]=0.061 partitioning.coarsening.level[3].label_propagation=0.043 partitioning.coarsening.level[3].label_propagation.iteration[0]=0.043 partitioning.coarsening.level[3].label_propagation.iteration[0].first_phase=0.043 partitioning.coarsening.level[3].label_propagation.handle_isolated_nodes=0.000 partitioning.coarsening.level[3].label_propagation.handle_two-hop_nodes=0.000 partitioning.coarsening.level[3].contract_graph=0.017 partitioning.coarsening.level[3].contract_graph.allocation=0.000 partitioning.coarsening.level[3].contract_graph.preprocessing=0.001 partitioning.coarsening.level[3].contract_graph.deallocation=0.000 partitioning.coarsening.level[3].contract_graph.construct_coarse_graph=0.015 partitioning.coarsening.level[3].contract_graph.construct_coarse_graph.aggregate_coarse_edges=0.015 partitioning.coarsening.level[3].contract_graph.construct_coarse_graph.aggregate_coarse_edges.first_phase=0.014 partitioning.coarsening.level[3].contract_graph.construct_coarse_graph.aggregate_coarse_edges.second_phase=0.000 partitioning.coarsening.level[3].contract_graph.construct_coarse_graph.remap_coarse_edges_and_mapping=0.000 partitioning.coarsening.level[4]=0.046 partitioning.coarsening.level[4].label_propagation=0.033 partitioning.coarsening.level[4].label_propagation.iteration[0]=0.033 partitioning.coarsening.level[4].label_propagation.iteration[0].first_phase=0.033 partitioning.coarsening.level[4].label_propagation.handle_isolated_nodes=0.000 partitioning.coarsening.level[4].label_propagation.handle_two-hop_nodes=0.000 partitioning.coarsening.level[4].contract_graph=0.012 partitioning.coarsening.level[4].contract_graph.allocation=0.000 partitioning.coarsening.level[4].contract_graph.preprocessing=0.000 partitioning.coarsening.level[4].contract_graph.deallocation=0.000 partitioning.coarsening.level[4].contract_graph.construct_coarse_graph=0.011 partitioning.coarsening.level[4].contract_graph.construct_coarse_graph.aggregate_coarse_edges=0.010 partitioning.coarsening.level[4].contract_graph.construct_coarse_graph.aggregate_coarse_edges.first_phase=0.010 partitioning.coarsening.level[4].contract_graph.construct_coarse_graph.aggregate_coarse_edges.second_phase=0.000 partitioning.coarsening.level[4].contract_graph.construct_coarse_graph.remap_coarse_edges_and_mapping=0.000 partitioning.coarsening.level[5]=0.033 partitioning.coarsening.level[5].label_propagation=0.025 partitioning.coarsening.level[5].label_propagation.iteration[0]=0.025 partitioning.coarsening.level[5].label_propagation.iteration[0].first_phase=0.025 partitioning.coarsening.level[5].label_propagation.handle_isolated_nodes=0.000 partitioning.coarsening.level[5].label_propagation.handle_two-hop_nodes=0.000 partitioning.coarsening.level[5].contract_graph=0.007 partitioning.coarsening.level[5].contract_graph.allocation=0.000 partitioning.coarsening.level[5].contract_graph.preprocessing=0.000 partitioning.coarsening.level[5].contract_graph.deallocation=0.000 partitioning.coarsening.level[5].contract_graph.construct_coarse_graph=0.007 partitioning.coarsening.level[5].contract_graph.construct_coarse_graph.aggregate_coarse_edges=0.006 partitioning.coarsening.level[5].contract_graph.construct_coarse_graph.aggregate_coarse_edges.first_phase=0.006 partitioning.coarsening.level[5].contract_graph.construct_coarse_graph.aggregate_coarse_edges.second_phase=0.000 partitioning.coarsening.level[5].contract_graph.construct_coarse_graph.remap_coarse_edges_and_mapping=0.000 partitioning.coarsening.level[6]=0.019 partitioning.coarsening.level[6].label_propagation=0.011 partitioning.coarsening.level[6].label_propagation.iteration[0]=0.011 partitioning.coarsening.level[6].label_propagation.iteration[0].first_phase=0.010 partitioning.coarsening.level[6].label_propagation.handle_isolated_nodes=0.000 partitioning.coarsening.level[6].label_propagation.handle_two-hop_nodes=0.000 partitioning.coarsening.level[6].contract_graph=0.007 partitioning.coarsening.level[6].contract_graph.allocation=0.000 partitioning.coarsening.level[6].contract_graph.preprocessing=0.000 partitioning.coarsening.level[6].contract_graph.deallocation=0.000 partitioning.coarsening.level[6].contract_graph.construct_coarse_graph=0.007 partitioning.coarsening.level[6].contract_graph.construct_coarse_graph.aggregate_coarse_edges=0.006 partitioning.coarsening.level[6].contract_graph.construct_coarse_graph.aggregate_coarse_edges.first_phase=0.006 partitioning.coarsening.level[6].contract_graph.construct_coarse_graph.aggregate_coarse_edges.second_phase=0.000 partitioning.coarsening.level[6].contract_graph.construct_coarse_graph.remap_coarse_edges_and_mapping=0.000 partitioning.coarsening.level[7]=0.010 partitioning.coarsening.level[7].label_propagation=0.003 partitioning.coarsening.level[7].label_propagation.iteration[0]=0.003 partitioning.coarsening.level[7].label_propagation.iteration[0].first_phase=0.003 partitioning.coarsening.level[7].label_propagation.handle_isolated_nodes=0.000 partitioning.coarsening.level[7].label_propagation.handle_two-hop_nodes=0.000 partitioning.coarsening.level[7].contract_graph=0.006 partitioning.coarsening.level[7].contract_graph.allocation=0.000 partitioning.coarsening.level[7].contract_graph.preprocessing=0.000 partitioning.coarsening.level[7].contract_graph.deallocation=0.000 partitioning.coarsening.level[7].contract_graph.construct_coarse_graph=0.005 partitioning.coarsening.level[7].contract_graph.construct_coarse_graph.aggregate_coarse_edges=0.005 partitioning.coarsening.level[7].contract_graph.construct_coarse_graph.aggregate_coarse_edges.first_phase=0.005 partitioning.coarsening.level[7].contract_graph.construct_coarse_graph.aggregate_coarse_edges.second_phase=0.000 partitioning.coarsening.level[7].contract_graph.construct_coarse_graph.remap_coarse_edges_and_mapping=0.000 partitioning.coarsening.level[8]=0.008 partitioning.coarsening.level[8].label_propagation=0.000 partitioning.coarsening.level[8].label_propagation.iteration[0]=0.000 partitioning.coarsening.level[8].label_propagation.iteration[0].first_phase=0.000 partitioning.coarsening.level[8].label_propagation.handle_isolated_nodes=0.000 partitioning.coarsening.level[8].label_propagation.handle_two-hop_nodes=0.000 partitioning.coarsening.level[8].contract_graph=0.007 partitioning.coarsening.level[8].contract_graph.allocation=0.000 partitioning.coarsening.level[8].contract_graph.preprocessing=0.000 partitioning.coarsening.level[8].contract_graph.deallocation=0.000 partitioning.coarsening.level[8].contract_graph.construct_coarse_graph=0.007 partitioning.coarsening.level[8].contract_graph.construct_coarse_graph.aggregate_coarse_edges=0.006 partitioning.coarsening.level[8].contract_graph.construct_coarse_graph.aggregate_coarse_edges.first_phase=0.006 partitioning.coarsening.level[8].contract_graph.construct_coarse_graph.aggregate_coarse_edges.second_phase=0.000 partitioning.coarsening.level[8].contract_graph.construct_coarse_graph.remap_coarse_edges_and_mapping=0.000 partitioning.coarsening.deallocation=0.000 partitioning.initial_partitioning_scheme=0.346 partitioning.uncoarsening=0.114 partitioning.uncoarsening.level[8]=0.003 partitioning.uncoarsening.level[8].allocation=0.000 partitioning.uncoarsening.level[8].project_partition=0.000 partitioning.uncoarsening.level[8].create_graph=0.000 partitioning.uncoarsening.level[8].refinement=0.001 partitioning.uncoarsening.level[8].refinement.greedy_balancer=0.000 partitioning.uncoarsening.level[8].refinement.label_propagation=0.001 partitioning.uncoarsening.level[8].refinement.label_propagation.allocation=0.000 partitioning.uncoarsening.level[8].refinement.label_propagation.iteration[0]=0.001 partitioning.uncoarsening.level[8].refinement.label_propagation.iteration[1]=0.000 partitioning.uncoarsening.level[7]=0.003 partitioning.uncoarsening.level[7].allocation=0.000 partitioning.uncoarsening.level[7].project_partition=0.000 partitioning.uncoarsening.level[7].create_graph=0.000 partitioning.uncoarsening.level[7].refinement=0.001 partitioning.uncoarsening.level[7].refinement.greedy_balancer=0.000 partitioning.uncoarsening.level[7].refinement.label_propagation=0.001 partitioning.uncoarsening.level[7].refinement.label_propagation.iteration[0]=0.001 partitioning.uncoarsening.level[7].refinement.label_propagation.iteration[1]=0.000 partitioning.uncoarsening.level[6]=0.001 partitioning.uncoarsening.level[6].allocation=0.000 partitioning.uncoarsening.level[6].project_partition=0.000 partitioning.uncoarsening.level[6].create_graph=0.000 partitioning.uncoarsening.level[6].refinement=0.000 partitioning.uncoarsening.level[6].refinement.greedy_balancer=0.000 partitioning.uncoarsening.level[6].refinement.label_propagation=0.000 partitioning.uncoarsening.level[6].refinement.label_propagation.iteration[0]=0.000 partitioning.uncoarsening.level[6].refinement.label_propagation.iteration[1]=0.000 partitioning.uncoarsening.level[5]=0.003 partitioning.uncoarsening.level[5].allocation=0.000 partitioning.uncoarsening.level[5].project_partition=0.000 partitioning.uncoarsening.level[5].create_graph=0.000 partitioning.uncoarsening.level[5].refinement=0.002 partitioning.uncoarsening.level[5].refinement.greedy_balancer=0.000 partitioning.uncoarsening.level[5].refinement.label_propagation=0.002 partitioning.uncoarsening.level[5].refinement.label_propagation.iteration[0]=0.001 partitioning.uncoarsening.level[5].refinement.label_propagation.iteration[1]=0.001 partitioning.uncoarsening.level[5].refinement.label_propagation.iteration[2]=0.000 partitioning.uncoarsening.level[4]=0.004 partitioning.uncoarsening.level[4].allocation=0.000 partitioning.uncoarsening.level[4].project_partition=0.000 partitioning.uncoarsening.level[4].create_graph=0.000 partitioning.uncoarsening.level[4].refinement=0.003 partitioning.uncoarsening.level[4].refinement.greedy_balancer=0.000 partitioning.uncoarsening.level[4].refinement.label_propagation=0.003 partitioning.uncoarsening.level[4].refinement.label_propagation.iteration[0]=0.001 partitioning.uncoarsening.level[4].refinement.label_propagation.iteration[1]=0.001 partitioning.uncoarsening.level[4].refinement.label_propagation.iteration[2]=0.000 partitioning.uncoarsening.level[4].refinement.label_propagation.iteration[3]=0.000 partitioning.uncoarsening.level[3]=0.008 partitioning.uncoarsening.level[3].allocation=0.000 partitioning.uncoarsening.level[3].project_partition=0.000 partitioning.uncoarsening.level[3].create_graph=0.000 partitioning.uncoarsening.level[3].refinement=0.006 partitioning.uncoarsening.level[3].refinement.greedy_balancer=0.000 partitioning.uncoarsening.level[3].refinement.label_propagation=0.006 partitioning.uncoarsening.level[3].refinement.label_propagation.iteration[0]=0.003 partitioning.uncoarsening.level[3].refinement.label_propagation.iteration[1]=0.001 partitioning.uncoarsening.level[3].refinement.label_propagation.iteration[2]=0.000 partitioning.uncoarsening.level[3].refinement.label_propagation.iteration[3]=0.000 partitioning.uncoarsening.level[3].refinement.label_propagation.iteration[4]=0.000 partitioning.uncoarsening.level[2]=0.016 partitioning.uncoarsening.level[2].allocation=0.000 partitioning.uncoarsening.level[2].project_partition=0.000 partitioning.uncoarsening.level[2].create_graph=0.000 partitioning.uncoarsening.level[2].refinement=0.014 partitioning.uncoarsening.level[2].refinement.greedy_balancer=0.000 partitioning.uncoarsening.level[2].refinement.label_propagation=0.014 partitioning.uncoarsening.level[2].refinement.label_propagation.iteration[0]=0.006 partitioning.uncoarsening.level[2].refinement.label_propagation.iteration[1]=0.002 partitioning.uncoarsening.level[2].refinement.label_propagation.iteration[2]=0.001 partitioning.uncoarsening.level[2].refinement.label_propagation.iteration[3]=0.001 partitioning.uncoarsening.level[2].refinement.label_propagation.iteration[4]=0.001 partitioning.uncoarsening.level[1]=0.038 partitioning.uncoarsening.level[1].allocation=0.000 partitioning.uncoarsening.level[1].project_partition=0.000 partitioning.uncoarsening.level[1].create_graph=0.000 partitioning.uncoarsening.level[1].refinement=0.036 partitioning.uncoarsening.level[1].refinement.greedy_balancer=0.000 partitioning.uncoarsening.level[1].refinement.label_propagation=0.036 partitioning.uncoarsening.level[1].refinement.label_propagation.iteration[0]=0.015 partitioning.uncoarsening.level[1].refinement.label_propagation.iteration[1]=0.007 partitioning.uncoarsening.level[1].refinement.label_propagation.iteration[2]=0.005 partitioning.uncoarsening.level[1].refinement.label_propagation.iteration[3]=0.004 partitioning.uncoarsening.level[1].refinement.label_propagation.iteration[4]=0.003 partitioning.uncoarsening.level[0]=0.034 partitioning.uncoarsening.level[0].allocation=0.006 partitioning.uncoarsening.level[0].project_partition=0.000 partitioning.uncoarsening.level[0].create_graph=0.000 partitioning.uncoarsening.level[0].refinement=0.025 partitioning.uncoarsening.level[0].refinement.greedy_balancer=0.000 partitioning.uncoarsening.level[0].refinement.label_propagation=0.025 partitioning.uncoarsening.level[0].refinement.label_propagation.iteration[0]=0.013 partitioning.uncoarsening.level[0].refinement.label_propagation.iteration[1]=0.004 partitioning.uncoarsening.level[0].refinement.label_propagation.iteration[2]=0.003 partitioning.uncoarsening.level[0].refinement.label_propagation.iteration[3]=0.002 partitioning.uncoarsening.level[0].refinement.label_propagation.iteration[4]=0.001 partitioning.deallocation=0.005 partitioning.re-integrate_isolated_nodes=0.000 io=0.000 
MEMORY disabled

Global Timer: ................................... 1.365 s    
|- Read input graph: ............................ 0.266 s    
|- Partitioning: ................................ 1.096 s    
|  |- Rearrange by degree-buckets: .............. 0.034 s    
|  |  |- Sort nodes by integer buckets: ......... 0.010 s    
|  |  |- Rearrange input graph: ................. 0.019 s    
|  |  `- Deallocation: .......................... 0.000 s    
|  |- Refinement: ............................... 0.000 s    
|  |  `- Allocation: ............................ 0.000 s    
|  |- Coarsening: ............................... 0.593 s    
|  |  |- Level (0): ............................. 0.136 s    
|  |  |  |- Label Propagation: .................. 0.029 s    
|  |  |  |  |- Allocation: ...................... 0.012 s    
|  |  |  |  |- Iteration (0): ................... 0.010 s    
|  |  |  |  |  `- First phase: .................. 0.008 s    
|  |  |  |  |- Handle isolated nodes: ........... 0.000 s    
|  |  |  |  |- Handle two-hop nodes: ............ 0.000 s    
|  |  |  |  `- Free: ............................ 0.005 s    
|  |  |  `- Contract graph: ..................... 0.107 s    
|  |  |     |- Allocation: ...................... 0.000 s (3)
|  |  |     |- Preprocessing: ................... 0.011 s (3)
|  |  |     |- Deallocation: .................... 0.000 s    
|  |  |     `- Construct coarse graph: .......... 0.092 s    
|  |  |        |- Aggregate coarse edges: ....... 0.086 s    
|  |  |        |  |- First phase: ............... 0.066 s    
|  |  |        |  `- Second phase: .............. 0.006 s    
|  |  |        `- Remap coarse edges and mapping: 0.005 s    
|  |  |- Level (1): ............................. 0.197 s    
|  |  |  |- Label Propagation: .................. 0.155 s    
|  |  |  |  |- Allocation: ...................... 0.000 s    
|  |  |  |  |- Iteration (0): ................... 0.154 s    
|  |  |  |  |  |- First phase: .................. 0.152 s    
|  |  |  |  |  `- Second phase: ................. 0.001 s    
|  |  |  |  |- Handle isolated nodes: ........... 0.000 s    
|  |  |  |  `- Handle two-hop nodes: ............ 0.000 s    
|  |  |  `- Contract graph: ..................... 0.042 s    
|  |  |     |- Allocation: ...................... 0.001 s (3)
|  |  |     |- Preprocessing: ................... 0.008 s (3)
|  |  |     |- Deallocation: .................... 0.000 s    
|  |  |     `- Construct coarse graph: .......... 0.031 s    
|  |  |        |- Aggregate coarse edges: ....... 0.029 s    
|  |  |        |  |- First phase: ............... 0.029 s    
|  |  |        |  `- Second phase: .............. 0.000 s    
|  |  |        `- Remap coarse edges and mapping: 0.001 s    
|  |  |- Level (2): ............................. 0.079 s    
|  |  |  |- Label Propagation: .................. 0.057 s    
|  |  |  |  |- Iteration (0): ................... 0.057 s    
|  |  |  |  |  |- First phase: .................. 0.055 s    
|  |  |  |  |  `- Second phase: ................. 0.001 s    
|  |  |  |  |- Handle isolated nodes: ........... 0.000 s    
|  |  |  |  `- Handle two-hop nodes: ............ 0.000 s    
|  |  |  `- Contract graph: ..................... 0.022 s    
|  |  |     |- Allocation: ...................... 0.000 s (3)
|  |  |     |- Preprocessing: ................... 0.003 s (3)
|  |  |     |- Deallocation: .................... 0.000 s    
|  |  |     `- Construct coarse graph: .......... 0.017 s    
|  |  |        |- Aggregate coarse edges: ....... 0.016 s    
|  |  |        |  |- First phase: ............... 0.016 s    
|  |  |        |  `- Second phase: .............. 0.000 s    
|  |  |        `- Remap coarse edges and mapping: 0.001 s    
|  |  |- Level (3): ............................. 0.061 s    
|  |  |  |- Label Propagation: .................. 0.043 s    
|  |  |  |  |- Iteration (0): ................... 0.043 s    
|  |  |  |  |  `- First phase: .................. 0.043 s    
|  |  |  |  |- Handle isolated nodes: ........... 0.000 s    
|  |  |  |  `- Handle two-hop nodes: ............ 0.000 s    
|  |  |  `- Contract graph: ..................... 0.017 s    
|  |  |     |- Allocation: ...................... 0.000 s (3)
|  |  |     |- Preprocessing: ................... 0.001 s (3)
|  |  |     |- Deallocation: .................... 0.000 s    
|  |  |     `- Construct coarse graph: .......... 0.015 s    
|  |  |        |- Aggregate coarse edges: ....... 0.015 s    
|  |  |        |  |- First phase: ............... 0.014 s    
|  |  |        |  `- Second phase: .............. 0.000 s    
|  |  |        `- Remap coarse edges and mapping: 0.000 s    
|  |  |- Level (4): ............................. 0.046 s    
|  |  |  |- Label Propagation: .................. 0.033 s    
|  |  |  |  |- Iteration (0): ................... 0.033 s    
|  |  |  |  |  `- First phase: .................. 0.033 s    
|  |  |  |  |- Handle isolated nodes: ........... 0.000 s    
|  |  |  |  `- Handle two-hop nodes: ............ 0.000 s    
|  |  |  `- Contract graph: ..................... 0.012 s    
|  |  |     |- Allocation: ...................... 0.000 s (3)
|  |  |     |- Preprocessing: ................... 0.000 s (3)
|  |  |     |- Deallocation: .................... 0.000 s    
|  |  |     `- Construct coarse graph: .......... 0.011 s    
|  |  |        |- Aggregate coarse edges: ....... 0.010 s    
|  |  |        |  |- First phase: ............... 0.010 s    
|  |  |        |  `- Second phase: .............. 0.000 s    
|  |  |        `- Remap coarse edges and mapping: 0.000 s    
|  |  |- Level (5): ............................. 0.033 s    
|  |  |  |- Label Propagation: .................. 0.025 s    
|  |  |  |  |- Iteration (0): ................... 0.025 s    
|  |  |  |  |  `- First phase: .................. 0.025 s    
|  |  |  |  |- Handle isolated nodes: ........... 0.000 s    
|  |  |  |  `- Handle two-hop nodes: ............ 0.000 s    
|  |  |  `- Contract graph: ..................... 0.007 s    
|  |  |     |- Allocation: ...................... 0.000 s (3)
|  |  |     |- Preprocessing: ................... 0.000 s (3)
|  |  |     |- Deallocation: .................... 0.000 s    
|  |  |     `- Construct coarse graph: .......... 0.007 s    
|  |  |        |- Aggregate coarse edges: ....... 0.006 s    
|  |  |        |  |- First phase: ............... 0.006 s    
|  |  |        |  `- Second phase: .............. 0.000 s    
|  |  |        `- Remap coarse edges and mapping: 0.000 s    
|  |  |- Level (6): ............................. 0.019 s    
|  |  |  |- Label Propagation: .................. 0.011 s    
|  |  |  |  |- Iteration (0): ................... 0.011 s    
|  |  |  |  |  `- First phase: .................. 0.010 s    
|  |  |  |  |- Handle isolated nodes: ........... 0.000 s    
|  |  |  |  `- Handle two-hop nodes: ............ 0.000 s    
|  |  |  `- Contract graph: ..................... 0.007 s    
|  |  |     |- Allocation: ...................... 0.000 s (3)
|  |  |     |- Preprocessing: ................... 0.000 s (3)
|  |  |     |- Deallocation: .................... 0.000 s    
|  |  |     `- Construct coarse graph: .......... 0.007 s    
|  |  |        |- Aggregate coarse edges: ....... 0.006 s    
|  |  |        |  |- First phase: ............... 0.006 s    
|  |  |        |  `- Second phase: .............. 0.000 s    
|  |  |        `- Remap coarse edges and mapping: 0.000 s    
|  |  |- Level (7): ............................. 0.010 s    
|  |  |  |- Label Propagation: .................. 0.003 s    
|  |  |  |  |- Iteration (0): ................... 0.003 s    
|  |  |  |  |  `- First phase: .................. 0.003 s    
|  |  |  |  |- Handle isolated nodes: ........... 0.000 s    
|  |  |  |  `- Handle two-hop nodes: ............ 0.000 s    
|  |  |  `- Contract graph: ..................... 0.006 s    
|  |  |     |- Allocation: ...................... 0.000 s (3)
|  |  |     |- Preprocessing: ................... 0.000 s (3)
|  |  |     |- Deallocation: .................... 0.000 s    
|  |  |     `- Construct coarse graph: .......... 0.005 s    
|  |  |        |- Aggregate coarse edges: ....... 0.005 s    
|  |  |        |  |- First phase: ............... 0.005 s    
|  |  |        |  `- Second phase: .............. 0.000 s    
|  |  |        `- Remap coarse edges and mapping: 0.000 s    
|  |  |- Level (8): ............................. 0.008 s    
|  |  |  |- Label Propagation: .................. 0.000 s    
|  |  |  |  |- Iteration (0): ................... 0.000 s    
|  |  |  |  |  `- First phase: .................. 0.000 s    
|  |  |  |  |- Handle isolated nodes: ........... 0.000 s    
|  |  |  |  `- Handle two-hop nodes: ............ 0.000 s    
|  |  |  `- Contract graph: ..................... 0.007 s    
|  |  |     |- Allocation: ...................... 0.000 s (3)
|  |  |     |- Preprocessing: ................... 0.000 s (3)
|  |  |     |- Deallocation: .................... 0.000 s    
|  |  |     `- Construct coarse graph: .......... 0.007 s    
|  |  |        |- Aggregate coarse edges: ....... 0.006 s    
|  |  |        |  |- First phase: ............... 0.006 s    
|  |  |        |  `- Second phase: .............. 0.000 s    
|  |  |        `- Remap coarse edges and mapping: 0.000 s    
|  |  `- Deallocation: .......................... 0.000 s    
|  |- Initial partitioning scheme: .............. 0.346 s    
|  |- Uncoarsening: ............................. 0.114 s    
|  |  |- Level (8): ............................. 0.003 s    
|  |  |  |- Allocation: ......................... 0.000 s    
|  |  |  |- Project partition: .................. 0.000 s    
|  |  |  |- Create graph: ....................... 0.000 s    
|  |  |  `- Refinement: ......................... 0.001 s    
|  |  |     |- Greedy Balancer: ................. 0.000 s    
|  |  |     `- Label Propagation: ............... 0.001 s    
|  |  |        |- Allocation: ................... 0.000 s    
|  |  |        |- Iteration (0): ................ 0.001 s    
|  |  |        `- Iteration (1): ................ 0.000 s    
|  |  |- Level (7): ............................. 0.003 s    
|  |  |  |- Allocation: ......................... 0.000 s    
|  |  |  |- Project partition: .................. 0.000 s    
|  |  |  |- Create graph: ....................... 0.000 s    
|  |  |  `- Refinement: ......................... 0.001 s    
|  |  |     |- Greedy Balancer: ................. 0.000 s    
|  |  |     `- Label Propagation: ............... 0.001 s    
|  |  |        |- Iteration (0): ................ 0.001 s    
|  |  |        `- Iteration (1): ................ 0.000 s    
|  |  |- Level (6): ............................. 0.001 s    
|  |  |  |- Allocation: ......................... 0.000 s    
|  |  |  |- Project partition: .................. 0.000 s    
|  |  |  |- Create graph: ....................... 0.000 s    
|  |  |  `- Refinement: ......................... 0.000 s    
|  |  |     |- Greedy Balancer: ................. 0.000 s    
|  |  |     `- Label Propagation: ............... 0.000 s    
|  |  |        |- Iteration (0): ................ 0.000 s    
|  |  |        `- Iteration (1): ................ 0.000 s    
|  |  |- Level (5): ............................. 0.003 s    
|  |  |  |- Allocation: ......................... 0.000 s    
|  |  |  |- Project partition: .................. 0.000 s    
|  |  |  |- Create graph: ....................... 0.000 s    
|  |  |  `- Refinement: ......................... 0.002 s    
|  |  |     |- Greedy Balancer: ................. 0.000 s    
|  |  |     `- Label Propagation: ............... 0.002 s    
|  |  |        |- Iteration (0): ................ 0.001 s    
|  |  |        |- Iteration (1): ................ 0.001 s    
|  |  |        `- Iteration (2): ................ 0.000 s    
|  |  |- Level (4): ............................. 0.004 s    
|  |  |  |- Allocation: ......................... 0.000 s    
|  |  |  |- Project partition: .................. 0.000 s    
|  |  |  |- Create graph: ....................... 0.000 s    
|  |  |  `- Refinement: ......................... 0.003 s    
|  |  |     |- Greedy Balancer: ................. 0.000 s    
|  |  |     `- Label Propagation: ............... 0.003 s    
|  |  |        |- Iteration (0): ................ 0.001 s    
|  |  |        |- Iteration (1): ................ 0.001 s    
|  |  |        |- Iteration (2): ................ 0.000 s    
|  |  |        `- Iteration (3): ................ 0.000 s    
|  |  |- Level (3): ............................. 0.008 s    
|  |  |  |- Allocation: ......................... 0.000 s    
|  |  |  |- Project partition: .................. 0.000 s    
|  |  |  |- Create graph: ....................... 0.000 s    
|  |  |  `- Refinement: ......................... 0.006 s    
|  |  |     |- Greedy Balancer: ................. 0.000 s    
|  |  |     `- Label Propagation: ............... 0.006 s    
|  |  |        |- Iteration (0): ................ 0.003 s    
|  |  |        |- Iteration (1): ................ 0.001 s    
|  |  |        |- Iteration (2): ................ 0.000 s    
|  |  |        |- Iteration (3): ................ 0.000 s    
|  |  |        `- Iteration (4): ................ 0.000 s    
|  |  |- Level (2): ............................. 0.016 s    
|  |  |  |- Allocation: ......................... 0.000 s    
|  |  |  |- Project partition: .................. 0.000 s    
|  |  |  |- Create graph: ....................... 0.000 s    
|  |  |  `- Refinement: ......................... 0.014 s    
|  |  |     |- Greedy Balancer: ................. 0.000 s    
|  |  |     `- Label Propagation: ............... 0.014 s    
|  |  |        |- Iteration (0): ................ 0.006 s    
|  |  |        |- Iteration (1): ................ 0.002 s    
|  |  |        |- Iteration (2): ................ 0.001 s    
|  |  |        |- Iteration (3): ................ 0.001 s    
|  |  |        `- Iteration (4): ................ 0.001 s    
|  |  |- Level (1): ............................. 0.038 s    
|  |  |  |- Allocation: ......................... 0.000 s    
|  |  |  |- Project partition: .................. 0.000 s    
|  |  |  |- Create graph: ....................... 0.000 s    
|  |  |  `- Refinement: ......................... 0.036 s    
|  |  |     |- Greedy Balancer: ................. 0.000 s    
|  |  |     `- Label Propagation: ............... 0.036 s    
|  |  |        |- Iteration (0): ................ 0.015 s    
|  |  |        |- Iteration (1): ................ 0.007 s    
|  |  |        |- Iteration (2): ................ 0.005 s    
|  |  |        |- Iteration (3): ................ 0.004 s    
|  |  |        `- Iteration (4): ................ 0.003 s    
|  |  `- Level (0): ............................. 0.034 s    
|  |     |- Allocation: ......................... 0.006 s    
|  |     |- Project partition: .................. 0.000 s    
|  |     |- Create graph: ....................... 0.000 s    
|  |     `- Refinement: ......................... 0.025 s    
|  |        |- Greedy Balancer: ................. 0.000 s    
|  |        `- Label Propagation: ............... 0.025 s    
|  |           |- Iteration (0): ................ 0.013 s    
|  |           |- Iteration (1): ................ 0.004 s    
|  |           |- Iteration (2): ................ 0.003 s    
|  |           |- Iteration (3): ................ 0.002 s    
|  |           `- Iteration (4): ................ 0.001 s    
|  |- Deallocation: ............................. 0.005 s    
|  `- Re-integrate isolated nodes: .............. 0.000 s    
`- IO: .......................................... 0.000 s    

Partition summary:
  Number of blocks: 16
  Edge cut:         4895688
  Imbalance:        0.0299989
  Feasible:         yes

Block weights:
  w(0 ) = 83501     w(1 ) = 87105     w(2 ) = 110067    w(3 ) = 110161  
  w(4 ) = 110416    w(5 ) = 110418    w(6 ) = 110164    w(7 ) = 110419  
  w(8 ) = 110420    w(9 ) = 110420    w(10) = 110419    w(11) = 110420  
  w(12) = 110413    w(13) = 110419    w(14) = 110073    w(15) = 110420  

Maximum resident set size: 2246384 KiB
