[33m[Warning] [0m[33mThe edge weight type is not large enough to store the sum of all edge weights. [0m[33mThis might cause overflows for very large cuts.[0m
################################################################################
#                _  __       __  __  _         ____                            #
#               | |/ / __ _ |  \/  |(_) _ __  |  _ \  __ _  _ __               #
#               | ' / / _` || |\/| || || '_ \ | |_) |/ _` || '__|              #
#               | . \| (_| || |  | || || | | ||  __/| (_| || |                 #
#               |_|\_\\__,_||_|  |_||_||_| |_||_|    \__,_||_|                 #
#                                                                              #
################################################################################
Current commit hash:          99c62314d27845b3825829ec1e3e97256490627d
Assertion level:              always+light
Statistics:                   disabled
Built on:                     liskov
Data type sizes:
  Nodes IDs: 4 bytes | Node weights: 4 bytes
  Edges IDs: 4 bytes | Edge weights: 4 bytes
############################################################## Input Summary ###
Execution mode:               64
Seed:                         1
Graph:                        twitter-2010 [node ordering: deg-buckets] [edge ordering: natural]
  Number of nodes:              41652230 (unweighted)
  Number of edges:            2405026092 (unweighted)
Number of blocks:             16
Maximum block weight:         2681362 (2603265 + 3% / 3%)
---------------------------------------------------------- Graph Compression ---
Enabled:                      no
-------------------------------------------------------- Partitioning Scheme ---
Partitioning mode:            deep
  Deep initial part. mode:    async-parallel
  Deep initial part. load:    1
Subgraph memory:              Lazy
----------------------------------------------------------------- Coarsening ---
Contraction limit:            160
Coarsening algorithm:         clustering
  Cluster weight limit:       static-block-weight x 0.00625
  Shrink factor:              2.5
  Max mem-free level:         1
  Clustering algorithm:       lp
    Number of iterations:     1
    High degree threshold:    4294967295
    Max degree:               4294967295
    Tie breaking strategy:    uniform
    Implementation:           two-phase
      Relabel:                no
    2-hop clustering:         match-threadwise, if |Vcoarse| > 0.500000 * |V|
    Isolated nodes:           match-during-two-hop
  Forced hierarchy levels:    <none> (leeway: U=10.000000, L=1.100000)
Contraction algorithm:        unbuffered
  Implementation:             two-phase
------------------------------------------------------- Initial Partitioning ---
Adaptive algorithm selection: yes
----------------------------------------------------------------- Refinement ---
Refinement algorithms:        [greedy-balancer -> lp]
Label propagation:
  Number of iterations:       5
  Tie breaking strategy:      uniform
  Implementation:             single-phase
############################################################## Preprocessing ###
Removed 0 isolated nodes
  Remaining nodes:             41652230
  Remaining total node weight: 41652230
############################################################### Partitioning ###
Input graph:
 Number of nodes: 41652230 | Number of edges: 2405026092
 Maximum node weight: 1

Coarsening -> Level 1 [max cluster weight: 16758]:
 Total edge weight:   18446744071767272722
 Number of nodes:     16549903 | Number of edges: 2221556128
 Maximum node weight: 16761

Coarsening -> Level 2 [max cluster weight: 16758]:
 Total edge weight:   18446744071674811670
 Number of nodes:     6579386 | Number of edges: 1009289132
 Maximum node weight: 16761

Coarsening -> Level 3 [max cluster weight: 16758]:
 Total edge weight:   18446744071617123226
 Number of nodes:     2615110 | Number of edges: 477793122
 Maximum node weight: 16761

Coarsening -> Level 4 [max cluster weight: 16758]:
 Total edge weight:   18446744071590521606
 Number of nodes:     1033181 | Number of edges: 217324758
 Maximum node weight: 16761

Coarsening -> Level 5 [max cluster weight: 16758]:
 Total edge weight:   18446744071578230388
 Number of nodes:     406372 | Number of edges: 85318098
 Maximum node weight: 16761

Coarsening -> Level 6 [max cluster weight: 16758]:
 Total edge weight:   18446744071572965556
 Number of nodes:     158936 | Number of edges: 21471040
 Maximum node weight: 16761

Coarsening -> Level 7 [max cluster weight: 16758]:
 Total edge weight:   18446744071572225118
 Number of nodes:     78053 | Number of edges: 9103444
 Maximum node weight: 33516

Coarsening -> Level 8 [max cluster weight: 16758]:
 Total edge weight:   18446744071572159016
 Number of nodes:     51895 | Number of edges: 7312042
 Maximum node weight: 33516

Coarsening -> Level 9 [max cluster weight: 16758]:
 Total edge weight:   18446744071572144966
 Number of nodes:     38136 | Number of edges: 7028290
 Maximum node weight: 47754

Coarsening -> Level 10 [max cluster weight: 16758]:
 Total edge weight:   18446744071572137146
 Number of nodes:     29851 | Number of edges: 6924886
 Maximum node weight: 47754

Coarsening -> Level 11 [max cluster weight: 16758]:
 Total edge weight:   18446744071572137146
 Number of nodes:     24784 | Number of edges: 6894422
 Maximum node weight: 47754

Coarsening -> Level 12 [max cluster weight: 16758]:
 Total edge weight:   18446744071572137146
 Number of nodes:     21571 | Number of edges: 6870708
 Maximum node weight: 47754

Coarsening -> Level 13 [max cluster weight: 16758]:
 Total edge weight:   18446744071572137146
 Number of nodes:     19299 | Number of edges: 6848862
 Maximum node weight: 47754

Coarsening -> Level 14 [max cluster weight: 16758]:
 Total edge weight:   18446744071572137146
 Number of nodes:     17558 | Number of edges: 6830652
 Maximum node weight: 47754

Coarsening -> Level 15 [max cluster weight: 16758]:
 Total edge weight:   18446744071572137146
 Number of nodes:     16215 | Number of edges: 6815634
 Maximum node weight: 47754

Coarsening -> Level 16 [max cluster weight: 16758]:
 Total edge weight:   18446744071572137146
 Number of nodes:     14270 | Number of edges: 6791898
 Maximum node weight: 47754

Coarsening -> Level 17 [max cluster weight: 16758]:
 Total edge weight:   18446744071572137146
 Number of nodes:     12865 | Number of edges: 6769090
 Maximum node weight: 47754

Coarsening -> Level 18 [max cluster weight: 16758]:
 Total edge weight:   18446744071572137146
 Number of nodes:     11801 | Number of edges: 6747628
 Maximum node weight: 47754

Coarsening -> Level 19 [max cluster weight: 16758]:
 Total edge weight:   18446744071572137146
 Number of nodes:     10947 | Number of edges: 6728510
 Maximum node weight: 47754

Coarsening -> Level 20 [max cluster weight: 16758]:
 Total edge weight:   18446744071572137146
 Number of nodes:     10280 | Number of edges: 6713118
 Maximum node weight: 47754

Coarsening -> Level 21 [max cluster weight: 16758]:
 Total edge weight:   18446744071572137146
 Number of nodes:     9672 | Number of edges: 6697916
 Maximum node weight: 47754

==> Coarsening terminated with less than 10240 nodes

Initial partitioning:
 Number of blocks: 16

Uncoarsening -> Level 20
 Number of nodes: 10280 | Number of edges: 6713118
  Running refinement on 16 blocks
   1. Greedy Balancer
   2. Label Propagation

Uncoarsening -> Level 19
 Number of nodes: 10947 | Number of edges: 6728510
  Running refinement on 16 blocks
   1. Greedy Balancer
   2. Label Propagation

Uncoarsening -> Level 18
 Number of nodes: 11801 | Number of edges: 6747628
  Running refinement on 16 blocks
   1. Greedy Balancer
   2. Label Propagation

Uncoarsening -> Level 17
 Number of nodes: 12865 | Number of edges: 6769090
  Running refinement on 16 blocks
   1. Greedy Balancer
   2. Label Propagation

Uncoarsening -> Level 16
 Number of nodes: 14270 | Number of edges: 6791898
  Running refinement on 16 blocks
   1. Greedy Balancer
   2. Label Propagation

Uncoarsening -> Level 15
 Number of nodes: 16215 | Number of edges: 6815634
  Running refinement on 16 blocks
   1. Greedy Balancer
   2. Label Propagation

Uncoarsening -> Level 14
 Number of nodes: 17558 | Number of edges: 6830652
  Running refinement on 16 blocks
   1. Greedy Balancer
   2. Label Propagation

Uncoarsening -> Level 13
 Number of nodes: 19299 | Number of edges: 6848862
  Running refinement on 16 blocks
   1. Greedy Balancer
   2. Label Propagation

Uncoarsening -> Level 12
 Number of nodes: 21571 | Number of edges: 6870708
  Running refinement on 16 blocks
   1. Greedy Balancer
   2. Label Propagation

Uncoarsening -> Level 11
 Number of nodes: 24784 | Number of edges: 6894422
  Running refinement on 16 blocks
   1. Greedy Balancer
   2. Label Propagation

Uncoarsening -> Level 10
 Number of nodes: 29851 | Number of edges: 6924886
  Running refinement on 16 blocks
   1. Greedy Balancer
   2. Label Propagation

Uncoarsening -> Level 9
 Number of nodes: 38136 | Number of edges: 7028290
  Running refinement on 16 blocks
   1. Greedy Balancer
   2. Label Propagation

Uncoarsening -> Level 8
 Number of nodes: 51895 | Number of edges: 7312042
  Running refinement on 16 blocks
   1. Greedy Balancer
   2. Label Propagation

Uncoarsening -> Level 7
 Number of nodes: 78053 | Number of edges: 9103444
  Running refinement on 16 blocks
   1. Greedy Balancer
   2. Label Propagation

Uncoarsening -> Level 6
 Number of nodes: 158936 | Number of edges: 21471040
  Running refinement on 16 blocks
   1. Greedy Balancer
   2. Label Propagation

Uncoarsening -> Level 5
 Number of nodes: 406372 | Number of edges: 85318098
  Running refinement on 16 blocks
   1. Greedy Balancer
   2. Label Propagation

Uncoarsening -> Level 4
 Number of nodes: 1033181 | Number of edges: 217324758
  Running refinement on 16 blocks
   1. Greedy Balancer
   2. Label Propagation

Uncoarsening -> Level 3
 Number of nodes: 2615110 | Number of edges: 477793122
  Running refinement on 16 blocks
   1. Greedy Balancer
   2. Label Propagation

Uncoarsening -> Level 2
 Number of nodes: 6579386 | Number of edges: 1009289132
  Running refinement on 16 blocks
   1. Greedy Balancer
   2. Label Propagation

Uncoarsening -> Level 1
 Number of nodes: 16549903 | Number of edges: 2221556128
  Running refinement on 16 blocks
   1. Greedy Balancer
   2. Label Propagation

Uncoarsening -> Level 0
 Number of nodes: 41652230 | Number of edges: 2405026092
  Running refinement on 16 blocks
   1. Greedy Balancer
   2. Label Propagation
############################################################# Result Summary ###
RESULT cut=663622942 imbalance=0.0299996 feasible=1 k=16
TIME read_input_graph=23.597 partitioning=51.492 partitioning.rearrange_by_degree-buckets=0.833 partitioning.rearrange_by_degree-buckets.sort_nodes_by_integer_buckets=0.020 partitioning.rearrange_by_degree-buckets.rearrange_input_graph=0.763 partitioning.rearrange_by_degree-buckets.deallocation=0.041 partitioning.refinement=0.000 partitioning.refinement.allocation=0.000 partitioning.coarsening=34.873 partitioning.coarsening.level[0]=9.454 partitioning.coarsening.level[0].label_propagation=0.981 partitioning.coarsening.level[0].label_propagation.allocation=0.015 partitioning.coarsening.level[0].label_propagation.iteration[0]=0.944 partitioning.coarsening.level[0].label_propagation.iteration[0].first_phase=0.935 partitioning.coarsening.level[0].label_propagation.handle_isolated_nodes=0.000 partitioning.coarsening.level[0].label_propagation.handle_two-hop_nodes=0.000 partitioning.coarsening.level[0].label_propagation.free=0.012 partitioning.coarsening.level[0].contract_graph=8.472 partitioning.coarsening.level[0].contract_graph.allocation=0.003 partitioning.coarsening.level[0].contract_graph.preprocessing=0.272 partitioning.coarsening.level[0].contract_graph.deallocation=0.000 partitioning.coarsening.level[0].contract_graph.construct_coarse_graph=8.127 partitioning.coarsening.level[0].contract_graph.construct_coarse_graph.aggregate_coarse_edges=7.691 partitioning.coarsening.level[0].contract_graph.construct_coarse_graph.aggregate_coarse_edges.first_phase=4.681 partitioning.coarsening.level[0].contract_graph.construct_coarse_graph.aggregate_coarse_edges.second_phase=3.003 partitioning.coarsening.level[0].contract_graph.construct_coarse_graph.remap_coarse_edges_and_mapping=0.428 partitioning.coarsening.level[1]=10.440 partitioning.coarsening.level[1].label_propagation=3.167 partitioning.coarsening.level[1].label_propagation.allocation=0.013 partitioning.coarsening.level[1].label_propagation.iteration[0]=3.151 partitioning.coarsening.level[1].label_propagation.iteration[0].first_phase=1.778 partitioning.coarsening.level[1].label_propagation.iteration[0].second_phase=1.369 partitioning.coarsening.level[1].label_propagation.handle_isolated_nodes=0.000 partitioning.coarsening.level[1].label_propagation.handle_two-hop_nodes=0.000 partitioning.coarsening.level[1].contract_graph=7.273 partitioning.coarsening.level[1].contract_graph.allocation=0.002 partitioning.coarsening.level[1].contract_graph.preprocessing=0.058 partitioning.coarsening.level[1].contract_graph.deallocation=0.000 partitioning.coarsening.level[1].contract_graph.construct_coarse_graph=7.180 partitioning.coarsening.level[1].contract_graph.construct_coarse_graph.aggregate_coarse_edges=7.017 partitioning.coarsening.level[1].contract_graph.construct_coarse_graph.aggregate_coarse_edges.first_phase=1.657 partitioning.coarsening.level[1].contract_graph.construct_coarse_graph.aggregate_coarse_edges.second_phase=5.360 partitioning.coarsening.level[1].contract_graph.construct_coarse_graph.remap_coarse_edges_and_mapping=0.159 partitioning.coarsening.level[2]=8.068 partitioning.coarsening.level[2].label_propagation=3.144 partitioning.coarsening.level[2].label_propagation.iteration[0]=3.140 partitioning.coarsening.level[2].label_propagation.iteration[0].first_phase=2.337 partitioning.coarsening.level[2].label_propagation.iteration[0].second_phase=0.800 partitioning.coarsening.level[2].label_propagation.handle_isolated_nodes=0.000 partitioning.coarsening.level[2].label_propagation.handle_two-hop_nodes=0.000 partitioning.coarsening.level[2].contract_graph=4.922 partitioning.coarsening.level[2].contract_graph.allocation=0.001 partitioning.coarsening.level[2].contract_graph.preprocessing=0.061 partitioning.coarsening.level[2].contract_graph.deallocation=0.000 partitioning.coarsening.level[2].contract_graph.construct_coarse_graph=4.842 partitioning.coarsening.level[2].contract_graph.construct_coarse_graph.aggregate_coarse_edges=4.769 partitioning.coarsening.level[2].contract_graph.construct_coarse_graph.aggregate_coarse_edges.first_phase=0.764 partitioning.coarsening.level[2].contract_graph.construct_coarse_graph.aggregate_coarse_edges.second_phase=4.005 partitioning.coarsening.level[2].contract_graph.construct_coarse_graph.remap_coarse_edges_and_mapping=0.071 partitioning.coarsening.level[3]=4.031 partitioning.coarsening.level[3].label_propagation=2.265 partitioning.coarsening.level[3].label_propagation.iteration[0]=2.264 partitioning.coarsening.level[3].label_propagation.iteration[0].first_phase=1.300 partitioning.coarsening.level[3].label_propagation.iteration[0].second_phase=0.962 partitioning.coarsening.level[3].label_propagation.handle_isolated_nodes=0.000 partitioning.coarsening.level[3].label_propagation.handle_two-hop_nodes=0.000 partitioning.coarsening.level[3].contract_graph=1.765 partitioning.coarsening.level[3].contract_graph.allocation=0.001 partitioning.coarsening.level[3].contract_graph.preprocessing=0.026 partitioning.coarsening.level[3].contract_graph.deallocation=0.000 partitioning.coarsening.level[3].contract_graph.construct_coarse_graph=1.731 partitioning.coarsening.level[3].contract_graph.construct_coarse_graph.aggregate_coarse_edges=1.697 partitioning.coarsening.level[3].contract_graph.construct_coarse_graph.aggregate_coarse_edges.first_phase=0.353 partitioning.coarsening.level[3].contract_graph.construct_coarse_graph.aggregate_coarse_edges.second_phase=1.343 partitioning.coarsening.level[3].contract_graph.construct_coarse_graph.remap_coarse_edges_and_mapping=0.033 partitioning.coarsening.level[4]=1.661 partitioning.coarsening.level[4].label_propagation=1.164 partitioning.coarsening.level[4].label_propagation.iteration[0]=1.164 partitioning.coarsening.level[4].label_propagation.iteration[0].first_phase=0.659 partitioning.coarsening.level[4].label_propagation.iteration[0].second_phase=0.504 partitioning.coarsening.level[4].label_propagation.handle_isolated_nodes=0.000 partitioning.coarsening.level[4].label_propagation.handle_two-hop_nodes=0.000 partitioning.coarsening.level[4].contract_graph=0.497 partitioning.coarsening.level[4].contract_graph.allocation=0.000 partitioning.coarsening.level[4].contract_graph.preprocessing=0.009 partitioning.coarsening.level[4].contract_graph.deallocation=0.000 partitioning.coarsening.level[4].contract_graph.construct_coarse_graph=0.484 partitioning.coarsening.level[4].contract_graph.construct_coarse_graph.aggregate_coarse_edges=0.469 partitioning.coarsening.level[4].contract_graph.construct_coarse_graph.aggregate_coarse_edges.first_phase=0.172 partitioning.coarsening.level[4].contract_graph.construct_coarse_graph.aggregate_coarse_edges.second_phase=0.296 partitioning.coarsening.level[4].contract_graph.construct_coarse_graph.remap_coarse_edges_and_mapping=0.014 partitioning.coarsening.level[5]=0.581 partitioning.coarsening.level[5].label_propagation=0.523 partitioning.coarsening.level[5].label_propagation.iteration[0]=0.522 partitioning.coarsening.level[5].label_propagation.iteration[0].first_phase=0.407 partitioning.coarsening.level[5].label_propagation.iteration[0].second_phase=0.114 partitioning.coarsening.level[5].label_propagation.handle_isolated_nodes=0.000 partitioning.coarsening.level[5].label_propagation.handle_two-hop_nodes=0.000 partitioning.coarsening.level[5].contract_graph=0.058 partitioning.coarsening.level[5].contract_graph.allocation=0.000 partitioning.coarsening.level[5].contract_graph.preprocessing=0.004 partitioning.coarsening.level[5].contract_graph.deallocation=0.000 partitioning.coarsening.level[5].contract_graph.construct_coarse_graph=0.052 partitioning.coarsening.level[5].contract_graph.construct_coarse_graph.aggregate_coarse_edges=0.049 partitioning.coarsening.level[5].contract_graph.construct_coarse_graph.aggregate_coarse_edges.first_phase=0.048 partitioning.coarsening.level[5].contract_graph.construct_coarse_graph.aggregate_coarse_edges.second_phase=0.000 partitioning.coarsening.level[5].contract_graph.construct_coarse_graph.remap_coarse_edges_and_mapping=0.003 partitioning.coarsening.level[6]=0.196 partitioning.coarsening.level[6].label_propagation=0.166 partitioning.coarsening.level[6].label_propagation.iteration[0]=0.166 partitioning.coarsening.level[6].label_propagation.iteration[0].first_phase=0.165 partitioning.coarsening.level[6].label_propagation.iteration[0].second_phase=0.000 partitioning.coarsening.level[6].label_propagation.handle_isolated_nodes=0.000 partitioning.coarsening.level[6].label_propagation.handle_two-hop_nodes=0.000 partitioning.coarsening.level[6].contract_graph=0.029 partitioning.coarsening.level[6].contract_graph.allocation=0.000 partitioning.coarsening.level[6].contract_graph.preprocessing=0.000 partitioning.coarsening.level[6].contract_graph.deallocation=0.000 partitioning.coarsening.level[6].contract_graph.construct_coarse_graph=0.027 partitioning.coarsening.level[6].contract_graph.construct_coarse_graph.aggregate_coarse_edges=0.025 partitioning.coarsening.level[6].contract_graph.construct_coarse_graph.aggregate_coarse_edges.first_phase=0.025 partitioning.coarsening.level[6].contract_graph.construct_coarse_graph.aggregate_coarse_edges.second_phase=0.000 partitioning.coarsening.level[6].contract_graph.construct_coarse_graph.remap_coarse_edges_and_mapping=0.001 partitioning.coarsening.level[7]=0.086 partitioning.coarsening.level[7].label_propagation=0.068 partitioning.coarsening.level[7].label_propagation.iteration[0]=0.068 partitioning.coarsening.level[7].label_propagation.iteration[0].first_phase=0.068 partitioning.coarsening.level[7].label_propagation.iteration[0].second_phase=0.000 partitioning.coarsening.level[7].label_propagation.handle_isolated_nodes=0.000 partitioning.coarsening.level[7].label_propagation.handle_two-hop_nodes=0.000 partitioning.coarsening.level[7].contract_graph=0.017 partitioning.coarsening.level[7].contract_graph.allocation=0.000 partitioning.coarsening.level[7].contract_graph.preprocessing=0.000 partitioning.coarsening.level[7].contract_graph.deallocation=0.000 partitioning.coarsening.level[7].contract_graph.construct_coarse_graph=0.016 partitioning.coarsening.level[7].contract_graph.construct_coarse_graph.aggregate_coarse_edges=0.015 partitioning.coarsening.level[7].contract_graph.construct_coarse_graph.aggregate_coarse_edges.first_phase=0.015 partitioning.coarsening.level[7].contract_graph.construct_coarse_graph.aggregate_coarse_edges.second_phase=0.000 partitioning.coarsening.level[7].contract_graph.construct_coarse_graph.remap_coarse_edges_and_mapping=0.001 partitioning.coarsening.level[8]=0.061 partitioning.coarsening.level[8].label_propagation=0.039 partitioning.coarsening.level[8].label_propagation.iteration[0]=0.038 partitioning.coarsening.level[8].label_propagation.iteration[0].first_phase=0.038 partitioning.coarsening.level[8].label_propagation.iteration[0].second_phase=0.000 partitioning.coarsening.level[8].label_propagation.handle_isolated_nodes=0.000 partitioning.coarsening.level[8].label_propagation.handle_two-hop_nodes=0.000 partitioning.coarsening.level[8].contract_graph=0.022 partitioning.coarsening.level[8].contract_graph.allocation=0.000 partitioning.coarsening.level[8].contract_graph.preprocessing=0.000 partitioning.coarsening.level[8].contract_graph.deallocation=0.000 partitioning.coarsening.level[8].contract_graph.construct_coarse_graph=0.021 partitioning.coarsening.level[8].contract_graph.construct_coarse_graph.aggregate_coarse_edges=0.020 partitioning.coarsening.level[8].contract_graph.construct_coarse_graph.aggregate_coarse_edges.first_phase=0.019 partitioning.coarsening.level[8].contract_graph.construct_coarse_graph.aggregate_coarse_edges.second_phase=0.000 partitioning.coarsening.level[8].contract_graph.construct_coarse_graph.remap_coarse_edges_and_mapping=0.001 partitioning.coarsening.level[9]=0.030 partitioning.coarsening.level[9].label_propagation=0.008 partitioning.coarsening.level[9].label_propagation.iteration[0]=0.008 partitioning.coarsening.level[9].label_propagation.iteration[0].first_phase=0.008 partitioning.coarsening.level[9].label_propagation.handle_isolated_nodes=0.000 partitioning.coarsening.level[9].label_propagation.handle_two-hop_nodes=0.000 partitioning.coarsening.level[9].contract_graph=0.021 partitioning.coarsening.level[9].contract_graph.allocation=0.000 partitioning.coarsening.level[9].contract_graph.preprocessing=0.000 partitioning.coarsening.level[9].contract_graph.deallocation=0.000 partitioning.coarsening.level[9].contract_graph.construct_coarse_graph=0.020 partitioning.coarsening.level[9].contract_graph.construct_coarse_graph.aggregate_coarse_edges=0.019 partitioning.coarsening.level[9].contract_graph.construct_coarse_graph.aggregate_coarse_edges.first_phase=0.019 partitioning.coarsening.level[9].contract_graph.construct_coarse_graph.aggregate_coarse_edges.second_phase=0.000 partitioning.coarsening.level[9].contract_graph.construct_coarse_graph.remap_coarse_edges_and_mapping=0.001 partitioning.coarsening.level[10]=0.024 partitioning.coarsening.level[10].label_propagation=0.001 partitioning.coarsening.level[10].label_propagation.iteration[0]=0.001 partitioning.coarsening.level[10].label_propagation.iteration[0].first_phase=0.001 partitioning.coarsening.level[10].label_propagation.handle_isolated_nodes=0.000 partitioning.coarsening.level[10].label_propagation.handle_two-hop_nodes=0.000 partitioning.coarsening.level[10].contract_graph=0.022 partitioning.coarsening.level[10].contract_graph.allocation=0.000 partitioning.coarsening.level[10].contract_graph.preprocessing=0.000 partitioning.coarsening.level[10].contract_graph.deallocation=0.000 partitioning.coarsening.level[10].contract_graph.construct_coarse_graph=0.021 partitioning.coarsening.level[10].contract_graph.construct_coarse_graph.aggregate_coarse_edges=0.020 partitioning.coarsening.level[10].contract_graph.construct_coarse_graph.aggregate_coarse_edges.first_phase=0.020 partitioning.coarsening.level[10].contract_graph.construct_coarse_graph.aggregate_coarse_edges.second_phase=0.000 partitioning.coarsening.level[10].contract_graph.construct_coarse_graph.remap_coarse_edges_and_mapping=0.001 partitioning.coarsening.level[11]=0.029 partitioning.coarsening.level[11].label_propagation=0.001 partitioning.coarsening.level[11].label_propagation.iteration[0]=0.001 partitioning.coarsening.level[11].label_propagation.iteration[0].first_phase=0.001 partitioning.coarsening.level[11].label_propagation.handle_isolated_nodes=0.000 partitioning.coarsening.level[11].label_propagation.handle_two-hop_nodes=0.000 partitioning.coarsening.level[11].contract_graph=0.027 partitioning.coarsening.level[11].contract_graph.allocation=0.000 partitioning.coarsening.level[11].contract_graph.preprocessing=0.000 partitioning.coarsening.level[11].contract_graph.deallocation=0.000 partitioning.coarsening.level[11].contract_graph.construct_coarse_graph=0.026 partitioning.coarsening.level[11].contract_graph.construct_coarse_graph.aggregate_coarse_edges=0.024 partitioning.coarsening.level[11].contract_graph.construct_coarse_graph.aggregate_coarse_edges.first_phase=0.024 partitioning.coarsening.level[11].contract_graph.construct_coarse_graph.aggregate_coarse_edges.second_phase=0.000 partitioning.coarsening.level[11].contract_graph.construct_coarse_graph.remap_coarse_edges_and_mapping=0.001 partitioning.coarsening.level[12]=0.024 partitioning.coarsening.level[12].label_propagation=0.001 partitioning.coarsening.level[12].label_propagation.iteration[0]=0.001 partitioning.coarsening.level[12].label_propagation.iteration[0].first_phase=0.001 partitioning.coarsening.level[12].label_propagation.handle_isolated_nodes=0.000 partitioning.coarsening.level[12].label_propagation.handle_two-hop_nodes=0.000 partitioning.coarsening.level[12].contract_graph=0.022 partitioning.coarsening.level[12].contract_graph.allocation=0.000 partitioning.coarsening.level[12].contract_graph.preprocessing=0.000 partitioning.coarsening.level[12].contract_graph.deallocation=0.000 partitioning.coarsening.level[12].contract_graph.construct_coarse_graph=0.022 partitioning.coarsening.level[12].contract_graph.construct_coarse_graph.aggregate_coarse_edges=0.020 partitioning.coarsening.level[12].contract_graph.construct_coarse_graph.aggregate_coarse_edges.first_phase=0.020 partitioning.coarsening.level[12].contract_graph.construct_coarse_graph.aggregate_coarse_edges.second_phase=0.000 partitioning.coarsening.level[12].contract_graph.construct_coarse_graph.remap_coarse_edges_and_mapping=0.001 partitioning.coarsening.level[13]=0.023 partitioning.coarsening.level[13].label_propagation=0.001 partitioning.coarsening.level[13].label_propagation.iteration[0]=0.001 partitioning.coarsening.level[13].label_propagation.iteration[0].first_phase=0.001 partitioning.coarsening.level[13].label_propagation.handle_isolated_nodes=0.000 partitioning.coarsening.level[13].label_propagation.handle_two-hop_nodes=0.000 partitioning.coarsening.level[13].contract_graph=0.021 partitioning.coarsening.level[13].contract_graph.allocation=0.000 partitioning.coarsening.level[13].contract_graph.preprocessing=0.000 partitioning.coarsening.level[13].contract_graph.deallocation=0.000 partitioning.coarsening.level[13].contract_graph.construct_coarse_graph=0.020 partitioning.coarsening.level[13].contract_graph.construct_coarse_graph.aggregate_coarse_edges=0.019 partitioning.coarsening.level[13].contract_graph.construct_coarse_graph.aggregate_coarse_edges.first_phase=0.019 partitioning.coarsening.level[13].contract_graph.construct_coarse_graph.aggregate_coarse_edges.second_phase=0.000 partitioning.coarsening.level[13].contract_graph.construct_coarse_graph.remap_coarse_edges_and_mapping=0.001 partitioning.coarsening.level[14]=0.024 partitioning.coarsening.level[14].label_propagation=0.001 partitioning.coarsening.level[14].label_propagation.iteration[0]=0.001 partitioning.coarsening.level[14].label_propagation.iteration[0].first_phase=0.001 partitioning.coarsening.level[14].label_propagation.handle_isolated_nodes=0.000 partitioning.coarsening.level[14].label_propagation.handle_two-hop_nodes=0.000 partitioning.coarsening.level[14].contract_graph=0.022 partitioning.coarsening.level[14].contract_graph.allocation=0.000 partitioning.coarsening.level[14].contract_graph.preprocessing=0.000 partitioning.coarsening.level[14].contract_graph.deallocation=0.000 partitioning.coarsening.level[14].contract_graph.construct_coarse_graph=0.021 partitioning.coarsening.level[14].contract_graph.construct_coarse_graph.aggregate_coarse_edges=0.020 partitioning.coarsening.level[14].contract_graph.construct_coarse_graph.aggregate_coarse_edges.first_phase=0.020 partitioning.coarsening.level[14].contract_graph.construct_coarse_graph.aggregate_coarse_edges.second_phase=0.000 partitioning.coarsening.level[14].contract_graph.construct_coarse_graph.remap_coarse_edges_and_mapping=0.001 partitioning.coarsening.level[15]=0.024 partitioning.coarsening.level[15].label_propagation=0.001 partitioning.coarsening.level[15].label_propagation.iteration[0]=0.001 partitioning.coarsening.level[15].label_propagation.iteration[0].first_phase=0.001 partitioning.coarsening.level[15].label_propagation.handle_isolated_nodes=0.000 partitioning.coarsening.level[15].label_propagation.handle_two-hop_nodes=0.000 partitioning.coarsening.level[15].contract_graph=0.023 partitioning.coarsening.level[15].contract_graph.allocation=0.000 partitioning.coarsening.level[15].contract_graph.preprocessing=0.000 partitioning.coarsening.level[15].contract_graph.deallocation=0.000 partitioning.coarsening.level[15].contract_graph.construct_coarse_graph=0.021 partitioning.coarsening.level[15].contract_graph.construct_coarse_graph.aggregate_coarse_edges=0.020 partitioning.coarsening.level[15].contract_graph.construct_coarse_graph.aggregate_coarse_edges.first_phase=0.020 partitioning.coarsening.level[15].contract_graph.construct_coarse_graph.aggregate_coarse_edges.second_phase=0.000 partitioning.coarsening.level[15].contract_graph.construct_coarse_graph.remap_coarse_edges_and_mapping=0.001 partitioning.coarsening.level[16]=0.019 partitioning.coarsening.level[16].label_propagation=0.001 partitioning.coarsening.level[16].label_propagation.iteration[0]=0.001 partitioning.coarsening.level[16].label_propagation.iteration[0].first_phase=0.001 partitioning.coarsening.level[16].label_propagation.handle_isolated_nodes=0.000 partitioning.coarsening.level[16].label_propagation.handle_two-hop_nodes=0.000 partitioning.coarsening.level[16].contract_graph=0.017 partitioning.coarsening.level[16].contract_graph.allocation=0.000 partitioning.coarsening.level[16].contract_graph.preprocessing=0.000 partitioning.coarsening.level[16].contract_graph.deallocation=0.000 partitioning.coarsening.level[16].contract_graph.construct_coarse_graph=0.016 partitioning.coarsening.level[16].contract_graph.construct_coarse_graph.aggregate_coarse_edges=0.015 partitioning.coarsening.level[16].contract_graph.construct_coarse_graph.aggregate_coarse_edges.first_phase=0.015 partitioning.coarsening.level[16].contract_graph.construct_coarse_graph.aggregate_coarse_edges.second_phase=0.000 partitioning.coarsening.level[16].contract_graph.construct_coarse_graph.remap_coarse_edges_and_mapping=0.001 partitioning.coarsening.level[17]=0.023 partitioning.coarsening.level[17].label_propagation=0.001 partitioning.coarsening.level[17].label_propagation.iteration[0]=0.001 partitioning.coarsening.level[17].label_propagation.iteration[0].first_phase=0.001 partitioning.coarsening.level[17].label_propagation.handle_isolated_nodes=0.000 partitioning.coarsening.level[17].label_propagation.handle_two-hop_nodes=0.000 partitioning.coarsening.level[17].contract_graph=0.022 partitioning.coarsening.level[17].contract_graph.allocation=0.000 partitioning.coarsening.level[17].contract_graph.preprocessing=0.000 partitioning.coarsening.level[17].contract_graph.deallocation=0.000 partitioning.coarsening.level[17].contract_graph.construct_coarse_graph=0.021 partitioning.coarsening.level[17].contract_graph.construct_coarse_graph.aggregate_coarse_edges=0.020 partitioning.coarsening.level[17].contract_graph.construct_coarse_graph.aggregate_coarse_edges.first_phase=0.020 partitioning.coarsening.level[17].contract_graph.construct_coarse_graph.aggregate_coarse_edges.second_phase=0.000 partitioning.coarsening.level[17].contract_graph.construct_coarse_graph.remap_coarse_edges_and_mapping=0.001 partitioning.coarsening.level[18]=0.020 partitioning.coarsening.level[18].label_propagation=0.001 partitioning.coarsening.level[18].label_propagation.iteration[0]=0.001 partitioning.coarsening.level[18].label_propagation.iteration[0].first_phase=0.001 partitioning.coarsening.level[18].label_propagation.handle_isolated_nodes=0.000 partitioning.coarsening.level[18].label_propagation.handle_two-hop_nodes=0.000 partitioning.coarsening.level[18].contract_graph=0.018 partitioning.coarsening.level[18].contract_graph.allocation=0.000 partitioning.coarsening.level[18].contract_graph.preprocessing=0.000 partitioning.coarsening.level[18].contract_graph.deallocation=0.000 partitioning.coarsening.level[18].contract_graph.construct_coarse_graph=0.017 partitioning.coarsening.level[18].contract_graph.construct_coarse_graph.aggregate_coarse_edges=0.016 partitioning.coarsening.level[18].contract_graph.construct_coarse_graph.aggregate_coarse_edges.first_phase=0.016 partitioning.coarsening.level[18].contract_graph.construct_coarse_graph.aggregate_coarse_edges.second_phase=0.000 partitioning.coarsening.level[18].contract_graph.construct_coarse_graph.remap_coarse_edges_and_mapping=0.001 partitioning.coarsening.level[19]=0.021 partitioning.coarsening.level[19].label_propagation=0.001 partitioning.coarsening.level[19].label_propagation.iteration[0]=0.001 partitioning.coarsening.level[19].label_propagation.iteration[0].first_phase=0.001 partitioning.coarsening.level[19].label_propagation.handle_isolated_nodes=0.000 partitioning.coarsening.level[19].label_propagation.handle_two-hop_nodes=0.000 partitioning.coarsening.level[19].contract_graph=0.020 partitioning.coarsening.level[19].contract_graph.allocation=0.000 partitioning.coarsening.level[19].contract_graph.preprocessing=0.000 partitioning.coarsening.level[19].contract_graph.deallocation=0.000 partitioning.coarsening.level[19].contract_graph.construct_coarse_graph=0.019 partitioning.coarsening.level[19].contract_graph.construct_coarse_graph.aggregate_coarse_edges=0.018 partitioning.coarsening.level[19].contract_graph.construct_coarse_graph.aggregate_coarse_edges.first_phase=0.017 partitioning.coarsening.level[19].contract_graph.construct_coarse_graph.aggregate_coarse_edges.second_phase=0.000 partitioning.coarsening.level[19].contract_graph.construct_coarse_graph.remap_coarse_edges_and_mapping=0.001 partitioning.coarsening.level[20]=0.023 partitioning.coarsening.level[20].label_propagation=0.001 partitioning.coarsening.level[20].label_propagation.iteration[0]=0.001 partitioning.coarsening.level[20].label_propagation.iteration[0].first_phase=0.001 partitioning.coarsening.level[20].label_propagation.handle_isolated_nodes=0.000 partitioning.coarsening.level[20].label_propagation.handle_two-hop_nodes=0.000 partitioning.coarsening.level[20].contract_graph=0.021 partitioning.coarsening.level[20].contract_graph.allocation=0.000 partitioning.coarsening.level[20].contract_graph.preprocessing=0.000 partitioning.coarsening.level[20].contract_graph.deallocation=0.000 partitioning.coarsening.level[20].contract_graph.construct_coarse_graph=0.020 partitioning.coarsening.level[20].contract_graph.construct_coarse_graph.aggregate_coarse_edges=0.019 partitioning.coarsening.level[20].contract_graph.construct_coarse_graph.aggregate_coarse_edges.first_phase=0.019 partitioning.coarsening.level[20].contract_graph.construct_coarse_graph.aggregate_coarse_edges.second_phase=0.000 partitioning.coarsening.level[20].contract_graph.construct_coarse_graph.remap_coarse_edges_and_mapping=0.001 partitioning.coarsening.deallocation=0.000 partitioning.initial_partitioning_scheme=0.465 partitioning.uncoarsening=15.298 partitioning.uncoarsening.level[20]=0.013 partitioning.uncoarsening.level[20].allocation=0.000 partitioning.uncoarsening.level[20].project_partition=0.000 partitioning.uncoarsening.level[20].create_graph=0.000 partitioning.uncoarsening.level[20].refinement=0.011 partitioning.uncoarsening.level[20].refinement.greedy_balancer=0.003 partitioning.uncoarsening.level[20].refinement.greedy_balancer.allocation=0.000 partitioning.uncoarsening.level[20].refinement.greedy_balancer.initialize_balancer_pq=0.002 partitioning.uncoarsening.level[20].refinement.greedy_balancer.initialize_balancer_pq.thread-local=0.002 partitioning.uncoarsening.level[20].refinement.greedy_balancer.initialize_balancer_pq.merge_thread-local_pqs=0.000 partitioning.uncoarsening.level[20].refinement.greedy_balancer.main_loop=0.000 partitioning.uncoarsening.level[20].refinement.label_propagation=0.008 partitioning.uncoarsening.level[20].refinement.label_propagation.allocation=0.003 partitioning.uncoarsening.level[20].refinement.label_propagation.iteration[0]=0.002 partitioning.uncoarsening.level[20].refinement.label_propagation.iteration[1]=0.001 partitioning.uncoarsening.level[20].refinement.label_propagation.iteration[2]=0.000 partitioning.uncoarsening.level[20].refinement.label_propagation.iteration[3]=0.000 partitioning.uncoarsening.level[19]=0.002 partitioning.uncoarsening.level[19].allocation=0.000 partitioning.uncoarsening.level[19].project_partition=0.000 partitioning.uncoarsening.level[19].create_graph=0.000 partitioning.uncoarsening.level[19].refinement=0.001 partitioning.uncoarsening.level[19].refinement.greedy_balancer=0.000 partitioning.uncoarsening.level[19].refinement.label_propagation=0.001 partitioning.uncoarsening.level[19].refinement.label_propagation.iteration[0]=0.001 partitioning.uncoarsening.level[19].refinement.label_propagation.iteration[1]=0.000 partitioning.uncoarsening.level[18]=0.002 partitioning.uncoarsening.level[18].allocation=0.000 partitioning.uncoarsening.level[18].project_partition=0.000 partitioning.uncoarsening.level[18].create_graph=0.000 partitioning.uncoarsening.level[18].refinement=0.001 partitioning.uncoarsening.level[18].refinement.greedy_balancer=0.000 partitioning.uncoarsening.level[18].refinement.label_propagation=0.001 partitioning.uncoarsening.level[18].refinement.label_propagation.iteration[0]=0.001 partitioning.uncoarsening.level[18].refinement.label_propagation.iteration[1]=0.000 partitioning.uncoarsening.level[17]=0.002 partitioning.uncoarsening.level[17].allocation=0.000 partitioning.uncoarsening.level[17].project_partition=0.000 partitioning.uncoarsening.level[17].create_graph=0.000 partitioning.uncoarsening.level[17].refinement=0.001 partitioning.uncoarsening.level[17].refinement.greedy_balancer=0.000 partitioning.uncoarsening.level[17].refinement.label_propagation=0.001 partitioning.uncoarsening.level[17].refinement.label_propagation.iteration[0]=0.001 partitioning.uncoarsening.level[17].refinement.label_propagation.iteration[1]=0.000 partitioning.uncoarsening.level[16]=0.002 partitioning.uncoarsening.level[16].allocation=0.000 partitioning.uncoarsening.level[16].project_partition=0.000 partitioning.uncoarsening.level[16].create_graph=0.000 partitioning.uncoarsening.level[16].refinement=0.001 partitioning.uncoarsening.level[16].refinement.greedy_balancer=0.000 partitioning.uncoarsening.level[16].refinement.label_propagation=0.001 partitioning.uncoarsening.level[16].refinement.label_propagation.iteration[0]=0.001 partitioning.uncoarsening.level[16].refinement.label_propagation.iteration[1]=0.000 partitioning.uncoarsening.level[15]=0.002 partitioning.uncoarsening.level[15].allocation=0.000 partitioning.uncoarsening.level[15].project_partition=0.000 partitioning.uncoarsening.level[15].create_graph=0.000 partitioning.uncoarsening.level[15].refinement=0.001 partitioning.uncoarsening.level[15].refinement.greedy_balancer=0.000 partitioning.uncoarsening.level[15].refinement.label_propagation=0.001 partitioning.uncoarsening.level[15].refinement.label_propagation.iteration[0]=0.001 partitioning.uncoarsening.level[15].refinement.label_propagation.iteration[1]=0.000 partitioning.uncoarsening.level[14]=0.002 partitioning.uncoarsening.level[14].allocation=0.000 partitioning.uncoarsening.level[14].project_partition=0.000 partitioning.uncoarsening.level[14].create_graph=0.000 partitioning.uncoarsening.level[14].refinement=0.001 partitioning.uncoarsening.level[14].refinement.greedy_balancer=0.000 partitioning.uncoarsening.level[14].refinement.label_propagation=0.001 partitioning.uncoarsening.level[14].refinement.label_propagation.iteration[0]=0.001 partitioning.uncoarsening.level[14].refinement.label_propagation.iteration[1]=0.000 partitioning.uncoarsening.level[13]=0.002 partitioning.uncoarsening.level[13].allocation=0.000 partitioning.uncoarsening.level[13].project_partition=0.000 partitioning.uncoarsening.level[13].create_graph=0.000 partitioning.uncoarsening.level[13].refinement=0.001 partitioning.uncoarsening.level[13].refinement.greedy_balancer=0.000 partitioning.uncoarsening.level[13].refinement.label_propagation=0.001 partitioning.uncoarsening.level[13].refinement.label_propagation.iteration[0]=0.001 partitioning.uncoarsening.level[13].refinement.label_propagation.iteration[1]=0.000 partitioning.uncoarsening.level[12]=0.002 partitioning.uncoarsening.level[12].allocation=0.000 partitioning.uncoarsening.level[12].project_partition=0.000 partitioning.uncoarsening.level[12].create_graph=0.000 partitioning.uncoarsening.level[12].refinement=0.001 partitioning.uncoarsening.level[12].refinement.greedy_balancer=0.000 partitioning.uncoarsening.level[12].refinement.label_propagation=0.001 partitioning.uncoarsening.level[12].refinement.label_propagation.iteration[0]=0.001 partitioning.uncoarsening.level[12].refinement.label_propagation.iteration[1]=0.000 partitioning.uncoarsening.level[11]=0.002 partitioning.uncoarsening.level[11].allocation=0.000 partitioning.uncoarsening.level[11].project_partition=0.000 partitioning.uncoarsening.level[11].create_graph=0.000 partitioning.uncoarsening.level[11].refinement=0.001 partitioning.uncoarsening.level[11].refinement.greedy_balancer=0.000 partitioning.uncoarsening.level[11].refinement.label_propagation=0.001 partitioning.uncoarsening.level[11].refinement.label_propagation.iteration[0]=0.001 partitioning.uncoarsening.level[11].refinement.label_propagation.iteration[1]=0.000 partitioning.uncoarsening.level[10]=0.002 partitioning.uncoarsening.level[10].allocation=0.000 partitioning.uncoarsening.level[10].project_partition=0.000 partitioning.uncoarsening.level[10].create_graph=0.000 partitioning.uncoarsening.level[10].refinement=0.002 partitioning.uncoarsening.level[10].refinement.greedy_balancer=0.000 partitioning.uncoarsening.level[10].refinement.label_propagation=0.002 partitioning.uncoarsening.level[10].refinement.label_propagation.iteration[0]=0.001 partitioning.uncoarsening.level[10].refinement.label_propagation.iteration[1]=0.000 partitioning.uncoarsening.level[9]=0.003 partitioning.uncoarsening.level[9].allocation=0.000 partitioning.uncoarsening.level[9].project_partition=0.000 partitioning.uncoarsening.level[9].create_graph=0.000 partitioning.uncoarsening.level[9].refinement=0.002 partitioning.uncoarsening.level[9].refinement.greedy_balancer=0.000 partitioning.uncoarsening.level[9].refinement.label_propagation=0.002 partitioning.uncoarsening.level[9].refinement.label_propagation.iteration[0]=0.001 partitioning.uncoarsening.level[9].refinement.label_propagation.iteration[1]=0.000 partitioning.uncoarsening.level[8]=0.004 partitioning.uncoarsening.level[8].allocation=0.000 partitioning.uncoarsening.level[8].project_partition=0.000 partitioning.uncoarsening.level[8].create_graph=0.000 partitioning.uncoarsening.level[8].refinement=0.003 partitioning.uncoarsening.level[8].refinement.greedy_balancer=0.000 partitioning.uncoarsening.level[8].refinement.label_propagation=0.003 partitioning.uncoarsening.level[8].refinement.label_propagation.iteration[0]=0.002 partitioning.uncoarsening.level[8].refinement.label_propagation.iteration[1]=0.001 partitioning.uncoarsening.level[8].refinement.label_propagation.iteration[2]=0.000 partitioning.uncoarsening.level[8].refinement.label_propagation.iteration[3]=0.000 partitioning.uncoarsening.level[7]=0.008 partitioning.uncoarsening.level[7].allocation=0.000 partitioning.uncoarsening.level[7].project_partition=0.000 partitioning.uncoarsening.level[7].create_graph=0.000 partitioning.uncoarsening.level[7].refinement=0.007 partitioning.uncoarsening.level[7].refinement.greedy_balancer=0.000 partitioning.uncoarsening.level[7].refinement.label_propagation=0.007 partitioning.uncoarsening.level[7].refinement.label_propagation.iteration[0]=0.003 partitioning.uncoarsening.level[7].refinement.label_propagation.iteration[1]=0.001 partitioning.uncoarsening.level[7].refinement.label_propagation.iteration[2]=0.001 partitioning.uncoarsening.level[7].refinement.label_propagation.iteration[3]=0.001 partitioning.uncoarsening.level[7].refinement.label_propagation.iteration[4]=0.000 partitioning.uncoarsening.level[6]=0.028 partitioning.uncoarsening.level[6].allocation=0.000 partitioning.uncoarsening.level[6].project_partition=0.000 partitioning.uncoarsening.level[6].create_graph=0.000 partitioning.uncoarsening.level[6].refinement=0.026 partitioning.uncoarsening.level[6].refinement.greedy_balancer=0.000 partitioning.uncoarsening.level[6].refinement.label_propagation=0.026 partitioning.uncoarsening.level[6].refinement.label_propagation.iteration[0]=0.012 partitioning.uncoarsening.level[6].refinement.label_propagation.iteration[1]=0.004 partitioning.uncoarsening.level[6].refinement.label_propagation.iteration[2]=0.003 partitioning.uncoarsening.level[6].refinement.label_propagation.iteration[3]=0.003 partitioning.uncoarsening.level[6].refinement.label_propagation.iteration[4]=0.002 partitioning.uncoarsening.level[5]=0.086 partitioning.uncoarsening.level[5].allocation=0.000 partitioning.uncoarsening.level[5].project_partition=0.000 partitioning.uncoarsening.level[5].create_graph=0.000 partitioning.uncoarsening.level[5].refinement=0.084 partitioning.uncoarsening.level[5].refinement.greedy_balancer=0.000 partitioning.uncoarsening.level[5].refinement.label_propagation=0.084 partitioning.uncoarsening.level[5].refinement.label_propagation.iteration[0]=0.039 partitioning.uncoarsening.level[5].refinement.label_propagation.iteration[1]=0.013 partitioning.uncoarsening.level[5].refinement.label_propagation.iteration[2]=0.013 partitioning.uncoarsening.level[5].refinement.label_propagation.iteration[3]=0.011 partitioning.uncoarsening.level[5].refinement.label_propagation.iteration[4]=0.007 partitioning.uncoarsening.level[4]=0.233 partitioning.uncoarsening.level[4].allocation=0.006 partitioning.uncoarsening.level[4].project_partition=0.000 partitioning.uncoarsening.level[4].create_graph=0.000 partitioning.uncoarsening.level[4].refinement=0.222 partitioning.uncoarsening.level[4].refinement.greedy_balancer=0.000 partitioning.uncoarsening.level[4].refinement.label_propagation=0.222 partitioning.uncoarsening.level[4].refinement.label_propagation.iteration[0]=0.090 partitioning.uncoarsening.level[4].refinement.label_propagation.iteration[1]=0.040 partitioning.uncoarsening.level[4].refinement.label_propagation.iteration[2]=0.033 partitioning.uncoarsening.level[4].refinement.label_propagation.iteration[3]=0.031 partitioning.uncoarsening.level[4].refinement.label_propagation.iteration[4]=0.026 partitioning.uncoarsening.level[3]=0.536 partitioning.uncoarsening.level[3].allocation=0.005 partitioning.uncoarsening.level[3].project_partition=0.000 partitioning.uncoarsening.level[3].create_graph=0.000 partitioning.uncoarsening.level[3].refinement=0.521 partitioning.uncoarsening.level[3].refinement.greedy_balancer=0.000 partitioning.uncoarsening.level[3].refinement.label_propagation=0.521 partitioning.uncoarsening.level[3].refinement.label_propagation.iteration[0]=0.207 partitioning.uncoarsening.level[3].refinement.label_propagation.iteration[1]=0.094 partitioning.uncoarsening.level[3].refinement.label_propagation.iteration[2]=0.078 partitioning.uncoarsening.level[3].refinement.label_propagation.iteration[3]=0.073 partitioning.uncoarsening.level[3].refinement.label_propagation.iteration[4]=0.067 partitioning.uncoarsening.level[2]=1.304 partitioning.uncoarsening.level[2].allocation=0.000 partitioning.uncoarsening.level[2].project_partition=0.001 partitioning.uncoarsening.level[2].create_graph=0.000 partitioning.uncoarsening.level[2].refinement=1.284 partitioning.uncoarsening.level[2].refinement.greedy_balancer=0.000 partitioning.uncoarsening.level[2].refinement.label_propagation=1.284 partitioning.uncoarsening.level[2].refinement.label_propagation.iteration[0]=0.492 partitioning.uncoarsening.level[2].refinement.label_propagation.iteration[1]=0.235 partitioning.uncoarsening.level[2].refinement.label_propagation.iteration[2]=0.203 partitioning.uncoarsening.level[2].refinement.label_propagation.iteration[3]=0.178 partitioning.uncoarsening.level[2].refinement.label_propagation.iteration[4]=0.174 partitioning.uncoarsening.level[1]=5.453 partitioning.uncoarsening.level[1].allocation=0.005 partitioning.uncoarsening.level[1].project_partition=0.002 partitioning.uncoarsening.level[1].create_graph=0.001 partitioning.uncoarsening.level[1].refinement=5.408 partitioning.uncoarsening.level[1].refinement.greedy_balancer=0.000 partitioning.uncoarsening.level[1].refinement.label_propagation=5.408 partitioning.uncoarsening.level[1].refinement.label_propagation.iteration[0]=1.603 partitioning.uncoarsening.level[1].refinement.label_propagation.iteration[1]=1.072 partitioning.uncoarsening.level[1].refinement.label_propagation.iteration[2]=0.958 partitioning.uncoarsening.level[1].refinement.label_propagation.iteration[3]=0.902 partitioning.uncoarsening.level[1].refinement.label_propagation.iteration[4]=0.869 partitioning.uncoarsening.level[0]=7.597 partitioning.uncoarsening.level[0].allocation=0.005 partitioning.uncoarsening.level[0].project_partition=0.005 partitioning.uncoarsening.level[0].create_graph=0.003 partitioning.uncoarsening.level[0].refinement=7.509 partitioning.uncoarsening.level[0].refinement.greedy_balancer=0.000 partitioning.uncoarsening.level[0].refinement.label_propagation=7.509 partitioning.uncoarsening.level[0].refinement.label_propagation.iteration[0]=2.464 partitioning.uncoarsening.level[0].refinement.label_propagation.iteration[1]=1.613 partitioning.uncoarsening.level[0].refinement.label_propagation.iteration[2]=1.361 partitioning.uncoarsening.level[0].refinement.label_propagation.iteration[3]=1.153 partitioning.uncoarsening.level[0].refinement.label_propagation.iteration[4]=0.912 partitioning.deallocation=0.005 partitioning.re-integrate_isolated_nodes=0.013 io=0.004 
MEMORY disabled

Global Timer: ................................... 75.122 s    
|- Read input graph: ............................ 23.597 s    
|- Partitioning: ................................ 51.492 s    
|  |- Rearrange by degree-buckets: .............. 0.833 s     
|  |  |- Sort nodes by integer buckets: ......... 0.020 s     
|  |  |- Rearrange input graph: ................. 0.763 s     
|  |  `- Deallocation: .......................... 0.041 s     
|  |- Refinement: ............................... 0.000 s     
|  |  `- Allocation: ............................ 0.000 s     
|  |- Coarsening: ............................... 34.873 s    
|  |  |- Level (0): ............................. 9.454 s     
|  |  |  |- Label Propagation: .................. 0.981 s     
|  |  |  |  |- Allocation: ...................... 0.015 s     
|  |  |  |  |- Iteration (0): ................... 0.944 s     
|  |  |  |  |  `- First phase: .................. 0.935 s     
|  |  |  |  |- Handle isolated nodes: ........... 0.000 s     
|  |  |  |  |- Handle two-hop nodes: ............ 0.000 s     
|  |  |  |  `- Free: ............................ 0.012 s     
|  |  |  `- Contract graph: ..................... 8.472 s     
|  |  |     |- Allocation: ...................... 0.003 s  (3)
|  |  |     |- Preprocessing: ................... 0.272 s  (3)
|  |  |     |- Deallocation: .................... 0.000 s     
|  |  |     `- Construct coarse graph: .......... 8.127 s     
|  |  |        |- Aggregate coarse edges: ....... 7.691 s     
|  |  |        |  |- First phase: ............... 4.681 s     
|  |  |        |  `- Second phase: .............. 3.003 s     
|  |  |        `- Remap coarse edges and mapping: 0.428 s     
|  |  |- Level (1): ............................. 10.440 s    
|  |  |  |- Label Propagation: .................. 3.167 s     
|  |  |  |  |- Allocation: ...................... 0.013 s     
|  |  |  |  |- Iteration (0): ................... 3.151 s     
|  |  |  |  |  |- First phase: .................. 1.778 s     
|  |  |  |  |  `- Second phase: ................. 1.369 s     
|  |  |  |  |- Handle isolated nodes: ........... 0.000 s     
|  |  |  |  `- Handle two-hop nodes: ............ 0.000 s     
|  |  |  `- Contract graph: ..................... 7.273 s     
|  |  |     |- Allocation: ...................... 0.002 s  (3)
|  |  |     |- Preprocessing: ................... 0.058 s  (3)
|  |  |     |- Deallocation: .................... 0.000 s     
|  |  |     `- Construct coarse graph: .......... 7.180 s     
|  |  |        |- Aggregate coarse edges: ....... 7.017 s     
|  |  |        |  |- First phase: ............... 1.657 s     
|  |  |        |  `- Second phase: .............. 5.360 s     
|  |  |        `- Remap coarse edges and mapping: 0.159 s     
|  |  |- Level (2): ............................. 8.068 s     
|  |  |  |- Label Propagation: .................. 3.144 s     
|  |  |  |  |- Iteration (0): ................... 3.140 s     
|  |  |  |  |  |- First phase: .................. 2.337 s     
|  |  |  |  |  `- Second phase: ................. 0.800 s     
|  |  |  |  |- Handle isolated nodes: ........... 0.000 s     
|  |  |  |  `- Handle two-hop nodes: ............ 0.000 s     
|  |  |  `- Contract graph: ..................... 4.922 s     
|  |  |     |- Allocation: ...................... 0.001 s  (3)
|  |  |     |- Preprocessing: ................... 0.061 s  (3)
|  |  |     |- Deallocation: .................... 0.000 s     
|  |  |     `- Construct coarse graph: .......... 4.842 s     
|  |  |        |- Aggregate coarse edges: ....... 4.769 s     
|  |  |        |  |- First phase: ............... 0.764 s     
|  |  |        |  `- Second phase: .............. 4.005 s     
|  |  |        `- Remap coarse edges and mapping: 0.071 s     
|  |  |- Level (3): ............................. 4.031 s     
|  |  |  |- Label Propagation: .................. 2.265 s     
|  |  |  |  |- Iteration (0): ................... 2.264 s     
|  |  |  |  |  |- First phase: .................. 1.300 s     
|  |  |  |  |  `- Second phase: ................. 0.962 s     
|  |  |  |  |- Handle isolated nodes: ........... 0.000 s     
|  |  |  |  `- Handle two-hop nodes: ............ 0.000 s     
|  |  |  `- Contract graph: ..................... 1.765 s     
|  |  |     |- Allocation: ...................... 0.001 s  (3)
|  |  |     |- Preprocessing: ................... 0.026 s  (3)
|  |  |     |- Deallocation: .................... 0.000 s     
|  |  |     `- Construct coarse graph: .......... 1.731 s     
|  |  |        |- Aggregate coarse edges: ....... 1.697 s     
|  |  |        |  |- First phase: ............... 0.353 s     
|  |  |        |  `- Second phase: .............. 1.343 s     
|  |  |        `- Remap coarse edges and mapping: 0.033 s     
|  |  |- Level (4): ............................. 1.661 s     
|  |  |  |- Label Propagation: .................. 1.164 s     
|  |  |  |  |- Iteration (0): ................... 1.164 s     
|  |  |  |  |  |- First phase: .................. 0.659 s     
|  |  |  |  |  `- Second phase: ................. 0.504 s     
|  |  |  |  |- Handle isolated nodes: ........... 0.000 s     
|  |  |  |  `- Handle two-hop nodes: ............ 0.000 s     
|  |  |  `- Contract graph: ..................... 0.497 s     
|  |  |     |- Allocation: ...................... 0.000 s  (3)
|  |  |     |- Preprocessing: ................... 0.009 s  (3)
|  |  |     |- Deallocation: .................... 0.000 s     
|  |  |     `- Construct coarse graph: .......... 0.484 s     
|  |  |        |- Aggregate coarse edges: ....... 0.469 s     
|  |  |        |  |- First phase: ............... 0.172 s     
|  |  |        |  `- Second phase: .............. 0.296 s     
|  |  |        `- Remap coarse edges and mapping: 0.014 s     
|  |  |- Level (5): ............................. 0.581 s     
|  |  |  |- Label Propagation: .................. 0.523 s     
|  |  |  |  |- Iteration (0): ................... 0.522 s     
|  |  |  |  |  |- First phase: .................. 0.407 s     
|  |  |  |  |  `- Second phase: ................. 0.114 s     
|  |  |  |  |- Handle isolated nodes: ........... 0.000 s     
|  |  |  |  `- Handle two-hop nodes: ............ 0.000 s     
|  |  |  `- Contract graph: ..................... 0.058 s     
|  |  |     |- Allocation: ...................... 0.000 s  (3)
|  |  |     |- Preprocessing: ................... 0.004 s  (3)
|  |  |     |- Deallocation: .................... 0.000 s     
|  |  |     `- Construct coarse graph: .......... 0.052 s     
|  |  |        |- Aggregate coarse edges: ....... 0.049 s     
|  |  |        |  |- First phase: ............... 0.048 s     
|  |  |        |  `- Second phase: .............. 0.000 s     
|  |  |        `- Remap coarse edges and mapping: 0.003 s     
|  |  |- Level (6): ............................. 0.196 s     
|  |  |  |- Label Propagation: .................. 0.166 s     
|  |  |  |  |- Iteration (0): ................... 0.166 s     
|  |  |  |  |  |- First phase: .................. 0.165 s     
|  |  |  |  |  `- Second phase: ................. 0.000 s     
|  |  |  |  |- Handle isolated nodes: ........... 0.000 s     
|  |  |  |  `- Handle two-hop nodes: ............ 0.000 s     
|  |  |  `- Contract graph: ..................... 0.029 s     
|  |  |     |- Allocation: ...................... 0.000 s  (3)
|  |  |     |- Preprocessing: ................... 0.000 s  (3)
|  |  |     |- Deallocation: .................... 0.000 s     
|  |  |     `- Construct coarse graph: .......... 0.027 s     
|  |  |        |- Aggregate coarse edges: ....... 0.025 s     
|  |  |        |  |- First phase: ............... 0.025 s     
|  |  |        |  `- Second phase: .............. 0.000 s     
|  |  |        `- Remap coarse edges and mapping: 0.001 s     
|  |  |- Level (7): ............................. 0.086 s     
|  |  |  |- Label Propagation: .................. 0.068 s     
|  |  |  |  |- Iteration (0): ................... 0.068 s     
|  |  |  |  |  |- First phase: .................. 0.068 s     
|  |  |  |  |  `- Second phase: ................. 0.000 s     
|  |  |  |  |- Handle isolated nodes: ........... 0.000 s     
|  |  |  |  `- Handle two-hop nodes: ............ 0.000 s     
|  |  |  `- Contract graph: ..................... 0.017 s     
|  |  |     |- Allocation: ...................... 0.000 s  (3)
|  |  |     |- Preprocessing: ................... 0.000 s  (3)
|  |  |     |- Deallocation: .................... 0.000 s     
|  |  |     `- Construct coarse graph: .......... 0.016 s     
|  |  |        |- Aggregate coarse edges: ....... 0.015 s     
|  |  |        |  |- First phase: ............... 0.015 s     
|  |  |        |  `- Second phase: .............. 0.000 s     
|  |  |        `- Remap coarse edges and mapping: 0.001 s     
|  |  |- Level (8): ............................. 0.061 s     
|  |  |  |- Label Propagation: .................. 0.039 s     
|  |  |  |  |- Iteration (0): ................... 0.038 s     
|  |  |  |  |  |- First phase: .................. 0.038 s     
|  |  |  |  |  `- Second phase: ................. 0.000 s     
|  |  |  |  |- Handle isolated nodes: ........... 0.000 s     
|  |  |  |  `- Handle two-hop nodes: ............ 0.000 s     
|  |  |  `- Contract graph: ..................... 0.022 s     
|  |  |     |- Allocation: ...................... 0.000 s  (3)
|  |  |     |- Preprocessing: ................... 0.000 s  (3)
|  |  |     |- Deallocation: .................... 0.000 s     
|  |  |     `- Construct coarse graph: .......... 0.021 s     
|  |  |        |- Aggregate coarse edges: ....... 0.020 s     
|  |  |        |  |- First phase: ............... 0.019 s     
|  |  |        |  `- Second phase: .............. 0.000 s     
|  |  |        `- Remap coarse edges and mapping: 0.001 s     
|  |  |- Level (9): ............................. 0.030 s     
|  |  |  |- Label Propagation: .................. 0.008 s     
|  |  |  |  |- Iteration (0): ................... 0.008 s     
|  |  |  |  |  `- First phase: .................. 0.008 s     
|  |  |  |  |- Handle isolated nodes: ........... 0.000 s     
|  |  |  |  `- Handle two-hop nodes: ............ 0.000 s     
|  |  |  `- Contract graph: ..................... 0.021 s     
|  |  |     |- Allocation: ...................... 0.000 s  (3)
|  |  |     |- Preprocessing: ................... 0.000 s  (3)
|  |  |     |- Deallocation: .................... 0.000 s     
|  |  |     `- Construct coarse graph: .......... 0.020 s     
|  |  |        |- Aggregate coarse edges: ....... 0.019 s     
|  |  |        |  |- First phase: ............... 0.019 s     
|  |  |        |  `- Second phase: .............. 0.000 s     
|  |  |        `- Remap coarse edges and mapping: 0.001 s     
|  |  |- Level (10): ............................ 0.024 s     
|  |  |  |- Label Propagation: .................. 0.001 s     
|  |  |  |  |- Iteration (0): ................... 0.001 s     
|  |  |  |  |  `- First phase: .................. 0.001 s     
|  |  |  |  |- Handle isolated nodes: ........... 0.000 s     
|  |  |  |  `- Handle two-hop nodes: ............ 0.000 s     
|  |  |  `- Contract graph: ..................... 0.022 s     
|  |  |     |- Allocation: ...................... 0.000 s  (3)
|  |  |     |- Preprocessing: ................... 0.000 s  (3)
|  |  |     |- Deallocation: .................... 0.000 s     
|  |  |     `- Construct coarse graph: .......... 0.021 s     
|  |  |        |- Aggregate coarse edges: ....... 0.020 s     
|  |  |        |  |- First phase: ............... 0.020 s     
|  |  |        |  `- Second phase: .............. 0.000 s     
|  |  |        `- Remap coarse edges and mapping: 0.001 s     
|  |  |- Level (11): ............................ 0.029 s     
|  |  |  |- Label Propagation: .................. 0.001 s     
|  |  |  |  |- Iteration (0): ................... 0.001 s     
|  |  |  |  |  `- First phase: .................. 0.001 s     
|  |  |  |  |- Handle isolated nodes: ........... 0.000 s     
|  |  |  |  `- Handle two-hop nodes: ............ 0.000 s     
|  |  |  `- Contract graph: ..................... 0.027 s     
|  |  |     |- Allocation: ...................... 0.000 s  (3)
|  |  |     |- Preprocessing: ................... 0.000 s  (3)
|  |  |     |- Deallocation: .................... 0.000 s     
|  |  |     `- Construct coarse graph: .......... 0.026 s     
|  |  |        |- Aggregate coarse edges: ....... 0.024 s     
|  |  |        |  |- First phase: ............... 0.024 s     
|  |  |        |  `- Second phase: .............. 0.000 s     
|  |  |        `- Remap coarse edges and mapping: 0.001 s     
|  |  |- Level (12): ............................ 0.024 s     
|  |  |  |- Label Propagation: .................. 0.001 s     
|  |  |  |  |- Iteration (0): ................... 0.001 s     
|  |  |  |  |  `- First phase: .................. 0.001 s     
|  |  |  |  |- Handle isolated nodes: ........... 0.000 s     
|  |  |  |  `- Handle two-hop nodes: ............ 0.000 s     
|  |  |  `- Contract graph: ..................... 0.022 s     
|  |  |     |- Allocation: ...................... 0.000 s  (3)
|  |  |     |- Preprocessing: ................... 0.000 s  (3)
|  |  |     |- Deallocation: .................... 0.000 s     
|  |  |     `- Construct coarse graph: .......... 0.022 s     
|  |  |        |- Aggregate coarse edges: ....... 0.020 s     
|  |  |        |  |- First phase: ............... 0.020 s     
|  |  |        |  `- Second phase: .............. 0.000 s     
|  |  |        `- Remap coarse edges and mapping: 0.001 s     
|  |  |- Level (13): ............................ 0.023 s     
|  |  |  |- Label Propagation: .................. 0.001 s     
|  |  |  |  |- Iteration (0): ................... 0.001 s     
|  |  |  |  |  `- First phase: .................. 0.001 s     
|  |  |  |  |- Handle isolated nodes: ........... 0.000 s     
|  |  |  |  `- Handle two-hop nodes: ............ 0.000 s     
|  |  |  `- Contract graph: ..................... 0.021 s     
|  |  |     |- Allocation: ...................... 0.000 s  (3)
|  |  |     |- Preprocessing: ................... 0.000 s  (3)
|  |  |     |- Deallocation: .................... 0.000 s     
|  |  |     `- Construct coarse graph: .......... 0.020 s     
|  |  |        |- Aggregate coarse edges: ....... 0.019 s     
|  |  |        |  |- First phase: ............... 0.019 s     
|  |  |        |  `- Second phase: .............. 0.000 s     
|  |  |        `- Remap coarse edges and mapping: 0.001 s     
|  |  |- Level (14): ............................ 0.024 s     
|  |  |  |- Label Propagation: .................. 0.001 s     
|  |  |  |  |- Iteration (0): ................... 0.001 s     
|  |  |  |  |  `- First phase: .................. 0.001 s     
|  |  |  |  |- Handle isolated nodes: ........... 0.000 s     
|  |  |  |  `- Handle two-hop nodes: ............ 0.000 s     
|  |  |  `- Contract graph: ..................... 0.022 s     
|  |  |     |- Allocation: ...................... 0.000 s  (3)
|  |  |     |- Preprocessing: ................... 0.000 s  (3)
|  |  |     |- Deallocation: .................... 0.000 s     
|  |  |     `- Construct coarse graph: .......... 0.021 s     
|  |  |        |- Aggregate coarse edges: ....... 0.020 s     
|  |  |        |  |- First phase: ............... 0.020 s     
|  |  |        |  `- Second phase: .............. 0.000 s     
|  |  |        `- Remap coarse edges and mapping: 0.001 s     
|  |  |- Level (15): ............................ 0.024 s     
|  |  |  |- Label Propagation: .................. 0.001 s     
|  |  |  |  |- Iteration (0): ................... 0.001 s     
|  |  |  |  |  `- First phase: .................. 0.001 s     
|  |  |  |  |- Handle isolated nodes: ........... 0.000 s     
|  |  |  |  `- Handle two-hop nodes: ............ 0.000 s     
|  |  |  `- Contract graph: ..................... 0.023 s     
|  |  |     |- Allocation: ...................... 0.000 s  (3)
|  |  |     |- Preprocessing: ................... 0.000 s  (3)
|  |  |     |- Deallocation: .................... 0.000 s     
|  |  |     `- Construct coarse graph: .......... 0.021 s     
|  |  |        |- Aggregate coarse edges: ....... 0.020 s     
|  |  |        |  |- First phase: ............... 0.020 s     
|  |  |        |  `- Second phase: .............. 0.000 s     
|  |  |        `- Remap coarse edges and mapping: 0.001 s     
|  |  |- Level (16): ............................ 0.019 s     
|  |  |  |- Label Propagation: .................. 0.001 s     
|  |  |  |  |- Iteration (0): ................... 0.001 s     
|  |  |  |  |  `- First phase: .................. 0.001 s     
|  |  |  |  |- Handle isolated nodes: ........... 0.000 s     
|  |  |  |  `- Handle two-hop nodes: ............ 0.000 s     
|  |  |  `- Contract graph: ..................... 0.017 s     
|  |  |     |- Allocation: ...................... 0.000 s  (3)
|  |  |     |- Preprocessing: ................... 0.000 s  (3)
|  |  |     |- Deallocation: .................... 0.000 s     
|  |  |     `- Construct coarse graph: .......... 0.016 s     
|  |  |        |- Aggregate coarse edges: ....... 0.015 s     
|  |  |        |  |- First phase: ............... 0.015 s     
|  |  |        |  `- Second phase: .............. 0.000 s     
|  |  |        `- Remap coarse edges and mapping: 0.001 s     
|  |  |- Level (17): ............................ 0.023 s     
|  |  |  |- Label Propagation: .................. 0.001 s     
|  |  |  |  |- Iteration (0): ................... 0.001 s     
|  |  |  |  |  `- First phase: .................. 0.001 s     
|  |  |  |  |- Handle isolated nodes: ........... 0.000 s     
|  |  |  |  `- Handle two-hop nodes: ............ 0.000 s     
|  |  |  `- Contract graph: ..................... 0.022 s     
|  |  |     |- Allocation: ...................... 0.000 s  (3)
|  |  |     |- Preprocessing: ................... 0.000 s  (3)
|  |  |     |- Deallocation: .................... 0.000 s     
|  |  |     `- Construct coarse graph: .......... 0.021 s     
|  |  |        |- Aggregate coarse edges: ....... 0.020 s     
|  |  |        |  |- First phase: ............... 0.020 s     
|  |  |        |  `- Second phase: .............. 0.000 s     
|  |  |        `- Remap coarse edges and mapping: 0.001 s     
|  |  |- Level (18): ............................ 0.020 s     
|  |  |  |- Label Propagation: .................. 0.001 s     
|  |  |  |  |- Iteration (0): ................... 0.001 s     
|  |  |  |  |  `- First phase: .................. 0.001 s     
|  |  |  |  |- Handle isolated nodes: ........... 0.000 s     
|  |  |  |  `- Handle two-hop nodes: ............ 0.000 s     
|  |  |  `- Contract graph: ..................... 0.018 s     
|  |  |     |- Allocation: ...................... 0.000 s  (3)
|  |  |     |- Preprocessing: ................... 0.000 s  (3)
|  |  |     |- Deallocation: .................... 0.000 s     
|  |  |     `- Construct coarse graph: .......... 0.017 s     
|  |  |        |- Aggregate coarse edges: ....... 0.016 s     
|  |  |        |  |- First phase: ............... 0.016 s     
|  |  |        |  `- Second phase: .............. 0.000 s     
|  |  |        `- Remap coarse edges and mapping: 0.001 s     
|  |  |- Level (19): ............................ 0.021 s     
|  |  |  |- Label Propagation: .................. 0.001 s     
|  |  |  |  |- Iteration (0): ................... 0.001 s     
|  |  |  |  |  `- First phase: .................. 0.001 s     
|  |  |  |  |- Handle isolated nodes: ........... 0.000 s     
|  |  |  |  `- Handle two-hop nodes: ............ 0.000 s     
|  |  |  `- Contract graph: ..................... 0.020 s     
|  |  |     |- Allocation: ...................... 0.000 s  (3)
|  |  |     |- Preprocessing: ................... 0.000 s  (3)
|  |  |     |- Deallocation: .................... 0.000 s     
|  |  |     `- Construct coarse graph: .......... 0.019 s     
|  |  |        |- Aggregate coarse edges: ....... 0.018 s     
|  |  |        |  |- First phase: ............... 0.017 s     
|  |  |        |  `- Second phase: .............. 0.000 s     
|  |  |        `- Remap coarse edges and mapping: 0.001 s     
|  |  |- Level (20): ............................ 0.023 s     
|  |  |  |- Label Propagation: .................. 0.001 s     
|  |  |  |  |- Iteration (0): ................... 0.001 s     
|  |  |  |  |  `- First phase: .................. 0.001 s     
|  |  |  |  |- Handle isolated nodes: ........... 0.000 s     
|  |  |  |  `- Handle two-hop nodes: ............ 0.000 s     
|  |  |  `- Contract graph: ..................... 0.021 s     
|  |  |     |- Allocation: ...................... 0.000 s  (3)
|  |  |     |- Preprocessing: ................... 0.000 s  (3)
|  |  |     |- Deallocation: .................... 0.000 s     
|  |  |     `- Construct coarse graph: .......... 0.020 s     
|  |  |        |- Aggregate coarse edges: ....... 0.019 s     
|  |  |        |  |- First phase: ............... 0.019 s     
|  |  |        |  `- Second phase: .............. 0.000 s     
|  |  |        `- Remap coarse edges and mapping: 0.001 s     
|  |  `- Deallocation: .......................... 0.000 s     
|  |- Initial partitioning scheme: .............. 0.465 s     
|  |- Uncoarsening: ............................. 15.298 s    
|  |  |- Level (20): ............................ 0.013 s     
|  |  |  |- Allocation: ......................... 0.000 s     
|  |  |  |- Project partition: .................. 0.000 s     
|  |  |  |- Create graph: ....................... 0.000 s     
|  |  |  `- Refinement: ......................... 0.011 s     
|  |  |     |- Greedy Balancer: ................. 0.003 s     
|  |  |     |  |- Allocation: ................... 0.000 s     
|  |  |     |  |- Initialize balancer PQ: ....... 0.002 s     
|  |  |     |  |  |- Thread-local: .............. 0.002 s     
|  |  |     |  |  `- Merge thread-local PQs: .... 0.000 s     
|  |  |     |  `- Main loop: .................... 0.000 s     
|  |  |     `- Label Propagation: ............... 0.008 s     
|  |  |        |- Allocation: ................... 0.003 s     
|  |  |        |- Iteration (0): ................ 0.002 s     
|  |  |        |- Iteration (1): ................ 0.001 s     
|  |  |        |- Iteration (2): ................ 0.000 s     
|  |  |        `- Iteration (3): ................ 0.000 s     
|  |  |- Level (19): ............................ 0.002 s     
|  |  |  |- Allocation: ......................... 0.000 s     
|  |  |  |- Project partition: .................. 0.000 s     
|  |  |  |- Create graph: ....................... 0.000 s     
|  |  |  `- Refinement: ......................... 0.001 s     
|  |  |     |- Greedy Balancer: ................. 0.000 s     
|  |  |     `- Label Propagation: ............... 0.001 s     
|  |  |        |- Iteration (0): ................ 0.001 s     
|  |  |        `- Iteration (1): ................ 0.000 s     
|  |  |- Level (18): ............................ 0.002 s     
|  |  |  |- Allocation: ......................... 0.000 s     
|  |  |  |- Project partition: .................. 0.000 s     
|  |  |  |- Create graph: ....................... 0.000 s     
|  |  |  `- Refinement: ......................... 0.001 s     
|  |  |     |- Greedy Balancer: ................. 0.000 s     
|  |  |     `- Label Propagation: ............... 0.001 s     
|  |  |        |- Iteration (0): ................ 0.001 s     
|  |  |        `- Iteration (1): ................ 0.000 s     
|  |  |- Level (17): ............................ 0.002 s     
|  |  |  |- Allocation: ......................... 0.000 s     
|  |  |  |- Project partition: .................. 0.000 s     
|  |  |  |- Create graph: ....................... 0.000 s     
|  |  |  `- Refinement: ......................... 0.001 s     
|  |  |     |- Greedy Balancer: ................. 0.000 s     
|  |  |     `- Label Propagation: ............... 0.001 s     
|  |  |        |- Iteration (0): ................ 0.001 s     
|  |  |        `- Iteration (1): ................ 0.000 s     
|  |  |- Level (16): ............................ 0.002 s     
|  |  |  |- Allocation: ......................... 0.000 s     
|  |  |  |- Project partition: .................. 0.000 s     
|  |  |  |- Create graph: ....................... 0.000 s     
|  |  |  `- Refinement: ......................... 0.001 s     
|  |  |     |- Greedy Balancer: ................. 0.000 s     
|  |  |     `- Label Propagation: ............... 0.001 s     
|  |  |        |- Iteration (0): ................ 0.001 s     
|  |  |        `- Iteration (1): ................ 0.000 s     
|  |  |- Level (15): ............................ 0.002 s     
|  |  |  |- Allocation: ......................... 0.000 s     
|  |  |  |- Project partition: .................. 0.000 s     
|  |  |  |- Create graph: ....................... 0.000 s     
|  |  |  `- Refinement: ......................... 0.001 s     
|  |  |     |- Greedy Balancer: ................. 0.000 s     
|  |  |     `- Label Propagation: ............... 0.001 s     
|  |  |        |- Iteration (0): ................ 0.001 s     
|  |  |        `- Iteration (1): ................ 0.000 s     
|  |  |- Level (14): ............................ 0.002 s     
|  |  |  |- Allocation: ......................... 0.000 s     
|  |  |  |- Project partition: .................. 0.000 s     
|  |  |  |- Create graph: ....................... 0.000 s     
|  |  |  `- Refinement: ......................... 0.001 s     
|  |  |     |- Greedy Balancer: ................. 0.000 s     
|  |  |     `- Label Propagation: ............... 0.001 s     
|  |  |        |- Iteration (0): ................ 0.001 s     
|  |  |        `- Iteration (1): ................ 0.000 s     
|  |  |- Level (13): ............................ 0.002 s     
|  |  |  |- Allocation: ......................... 0.000 s     
|  |  |  |- Project partition: .................. 0.000 s     
|  |  |  |- Create graph: ....................... 0.000 s     
|  |  |  `- Refinement: ......................... 0.001 s     
|  |  |     |- Greedy Balancer: ................. 0.000 s     
|  |  |     `- Label Propagation: ............... 0.001 s     
|  |  |        |- Iteration (0): ................ 0.001 s     
|  |  |        `- Iteration (1): ................ 0.000 s     
|  |  |- Level (12): ............................ 0.002 s     
|  |  |  |- Allocation: ......................... 0.000 s     
|  |  |  |- Project partition: .................. 0.000 s     
|  |  |  |- Create graph: ....................... 0.000 s     
|  |  |  `- Refinement: ......................... 0.001 s     
|  |  |     |- Greedy Balancer: ................. 0.000 s     
|  |  |     `- Label Propagation: ............... 0.001 s     
|  |  |        |- Iteration (0): ................ 0.001 s     
|  |  |        `- Iteration (1): ................ 0.000 s     
|  |  |- Level (11): ............................ 0.002 s     
|  |  |  |- Allocation: ......................... 0.000 s     
|  |  |  |- Project partition: .................. 0.000 s     
|  |  |  |- Create graph: ....................... 0.000 s     
|  |  |  `- Refinement: ......................... 0.001 s     
|  |  |     |- Greedy Balancer: ................. 0.000 s     
|  |  |     `- Label Propagation: ............... 0.001 s     
|  |  |        |- Iteration (0): ................ 0.001 s     
|  |  |        `- Iteration (1): ................ 0.000 s     
|  |  |- Level (10): ............................ 0.002 s     
|  |  |  |- Allocation: ......................... 0.000 s     
|  |  |  |- Project partition: .................. 0.000 s     
|  |  |  |- Create graph: ....................... 0.000 s     
|  |  |  `- Refinement: ......................... 0.002 s     
|  |  |     |- Greedy Balancer: ................. 0.000 s     
|  |  |     `- Label Propagation: ............... 0.002 s     
|  |  |        |- Iteration (0): ................ 0.001 s     
|  |  |        `- Iteration (1): ................ 0.000 s     
|  |  |- Level (9): ............................. 0.003 s     
|  |  |  |- Allocation: ......................... 0.000 s     
|  |  |  |- Project partition: .................. 0.000 s     
|  |  |  |- Create graph: ....................... 0.000 s     
|  |  |  `- Refinement: ......................... 0.002 s     
|  |  |     |- Greedy Balancer: ................. 0.000 s     
|  |  |     `- Label Propagation: ............... 0.002 s     
|  |  |        |- Iteration (0): ................ 0.001 s     
|  |  |        `- Iteration (1): ................ 0.000 s     
|  |  |- Level (8): ............................. 0.004 s     
|  |  |  |- Allocation: ......................... 0.000 s     
|  |  |  |- Project partition: .................. 0.000 s     
|  |  |  |- Create graph: ....................... 0.000 s     
|  |  |  `- Refinement: ......................... 0.003 s     
|  |  |     |- Greedy Balancer: ................. 0.000 s     
|  |  |     `- Label Propagation: ............... 0.003 s     
|  |  |        |- Iteration (0): ................ 0.002 s     
|  |  |        |- Iteration (1): ................ 0.001 s     
|  |  |        |- Iteration (2): ................ 0.000 s     
|  |  |        `- Iteration (3): ................ 0.000 s     
|  |  |- Level (7): ............................. 0.008 s     
|  |  |  |- Allocation: ......................... 0.000 s     
|  |  |  |- Project partition: .................. 0.000 s     
|  |  |  |- Create graph: ....................... 0.000 s     
|  |  |  `- Refinement: ......................... 0.007 s     
|  |  |     |- Greedy Balancer: ................. 0.000 s     
|  |  |     `- Label Propagation: ............... 0.007 s     
|  |  |        |- Iteration (0): ................ 0.003 s     
|  |  |        |- Iteration (1): ................ 0.001 s     
|  |  |        |- Iteration (2): ................ 0.001 s     
|  |  |        |- Iteration (3): ................ 0.001 s     
|  |  |        `- Iteration (4): ................ 0.000 s     
|  |  |- Level (6): ............................. 0.028 s     
|  |  |  |- Allocation: ......................... 0.000 s     
|  |  |  |- Project partition: .................. 0.000 s     
|  |  |  |- Create graph: ....................... 0.000 s     
|  |  |  `- Refinement: ......................... 0.026 s     
|  |  |     |- Greedy Balancer: ................. 0.000 s     
|  |  |     `- Label Propagation: ............... 0.026 s     
|  |  |        |- Iteration (0): ................ 0.012 s     
|  |  |        |- Iteration (1): ................ 0.004 s     
|  |  |        |- Iteration (2): ................ 0.003 s     
|  |  |        |- Iteration (3): ................ 0.003 s     
|  |  |        `- Iteration (4): ................ 0.002 s     
|  |  |- Level (5): ............................. 0.086 s     
|  |  |  |- Allocation: ......................... 0.000 s     
|  |  |  |- Project partition: .................. 0.000 s     
|  |  |  |- Create graph: ....................... 0.000 s     
|  |  |  `- Refinement: ......................... 0.084 s     
|  |  |     |- Greedy Balancer: ................. 0.000 s     
|  |  |     `- Label Propagation: ............... 0.084 s     
|  |  |        |- Iteration (0): ................ 0.039 s     
|  |  |        |- Iteration (1): ................ 0.013 s     
|  |  |        |- Iteration (2): ................ 0.013 s     
|  |  |        |- Iteration (3): ................ 0.011 s     
|  |  |        `- Iteration (4): ................ 0.007 s     
|  |  |- Level (4): ............................. 0.233 s     
|  |  |  |- Allocation: ......................... 0.006 s     
|  |  |  |- Project partition: .................. 0.000 s     
|  |  |  |- Create graph: ....................... 0.000 s     
|  |  |  `- Refinement: ......................... 0.222 s     
|  |  |     |- Greedy Balancer: ................. 0.000 s     
|  |  |     `- Label Propagation: ............... 0.222 s     
|  |  |        |- Iteration (0): ................ 0.090 s     
|  |  |        |- Iteration (1): ................ 0.040 s     
|  |  |        |- Iteration (2): ................ 0.033 s     
|  |  |        |- Iteration (3): ................ 0.031 s     
|  |  |        `- Iteration (4): ................ 0.026 s     
|  |  |- Level (3): ............................. 0.536 s     
|  |  |  |- Allocation: ......................... 0.005 s     
|  |  |  |- Project partition: .................. 0.000 s     
|  |  |  |- Create graph: ....................... 0.000 s     
|  |  |  `- Refinement: ......................... 0.521 s     
|  |  |     |- Greedy Balancer: ................. 0.000 s     
|  |  |     `- Label Propagation: ............... 0.521 s     
|  |  |        |- Iteration (0): ................ 0.207 s     
|  |  |        |- Iteration (1): ................ 0.094 s     
|  |  |        |- Iteration (2): ................ 0.078 s     
|  |  |        |- Iteration (3): ................ 0.073 s     
|  |  |        `- Iteration (4): ................ 0.067 s     
|  |  |- Level (2): ............................. 1.304 s     
|  |  |  |- Allocation: ......................... 0.000 s     
|  |  |  |- Project partition: .................. 0.001 s     
|  |  |  |- Create graph: ....................... 0.000 s     
|  |  |  `- Refinement: ......................... 1.284 s     
|  |  |     |- Greedy Balancer: ................. 0.000 s     
|  |  |     `- Label Propagation: ............... 1.284 s     
|  |  |        |- Iteration (0): ................ 0.492 s     
|  |  |        |- Iteration (1): ................ 0.235 s     
|  |  |        |- Iteration (2): ................ 0.203 s     
|  |  |        |- Iteration (3): ................ 0.178 s     
|  |  |        `- Iteration (4): ................ 0.174 s     
|  |  |- Level (1): ............................. 5.453 s     
|  |  |  |- Allocation: ......................... 0.005 s     
|  |  |  |- Project partition: .................. 0.002 s     
|  |  |  |- Create graph: ....................... 0.001 s     
|  |  |  `- Refinement: ......................... 5.408 s     
|  |  |     |- Greedy Balancer: ................. 0.000 s     
|  |  |     `- Label Propagation: ............... 5.408 s     
|  |  |        |- Iteration (0): ................ 1.603 s     
|  |  |        |- Iteration (1): ................ 1.072 s     
|  |  |        |- Iteration (2): ................ 0.958 s     
|  |  |        |- Iteration (3): ................ 0.902 s     
|  |  |        `- Iteration (4): ................ 0.869 s     
|  |  `- Level (0): ............................. 7.597 s     
|  |     |- Allocation: ......................... 0.005 s     
|  |     |- Project partition: .................. 0.005 s     
|  |     |- Create graph: ....................... 0.003 s     
|  |     `- Refinement: ......................... 7.509 s     
|  |        |- Greedy Balancer: ................. 0.000 s     
|  |        `- Label Propagation: ............... 7.509 s     
|  |           |- Iteration (0): ................ 2.464 s     
|  |           |- Iteration (1): ................ 1.613 s     
|  |           |- Iteration (2): ................ 1.361 s     
|  |           |- Iteration (3): ................ 1.153 s     
|  |           `- Iteration (4): ................ 0.912 s     
|  |- Deallocation: ............................. 0.005 s     
|  `- Re-integrate isolated nodes: .............. 0.013 s     
`- IO: .......................................... 0.004 s     

Partition summary:
  Number of blocks: 16
  Edge cut:         663622942
  Imbalance:        0.0299996
  Feasible:         yes

Block weights:
  w(0 ) = 2678914    w(1 ) = 2681361    w(2 ) = 2681362    w(3 ) = 2681362  
  w(4 ) = 2681362    w(5 ) = 2681362    w(6 ) = 2681362    w(7 ) = 2681362  
  w(8 ) = 2681361    w(9 ) = 2681361    w(10) = 1623833    w(11) = 2681353  
  w(12) = 2618239    w(13) = 2618052    w(14) = 2681361    w(15) = 2618223  

Maximum resident set size: 44645104 KiB
