################################################################################
#                _  __       __  __  _         ____                            #
#               | |/ / __ _ |  \/  |(_) _ __  |  _ \  __ _  _ __               #
#               | ' / / _` || |\/| || || '_ \ | |_) |/ _` || '__|              #
#               | . \| (_| || |  | || || | | ||  __/| (_| || |                 #
#               |_|\_\\__,_||_|  |_||_||_| |_||_|    \__,_||_|                 #
#                                                                              #
################################################################################
Current commit hash:          99c62314d27845b3825829ec1e3e97256490627d
Assertion level:              always+light
Statistics:                   disabled
Built on:                     liskov
Data type sizes:
  Nodes IDs: 4 bytes | Node weights: 4 bytes
  Edges IDs: 4 bytes | Edge weights: 4 bytes
############################################################## Input Summary ###
Execution mode:               64
Seed:                         1
Graph:                        af_shell10 [node ordering: deg-buckets] [edge ordering: natural]
  Number of nodes:             1508065 (unweighted)
  Number of edges:            51164260 (unweighted)
Number of blocks:             16
Maximum block weight:         97082 (94255 + 3% / 3%)
---------------------------------------------------------- Graph Compression ---
Enabled:                      no
-------------------------------------------------------- Partitioning Scheme ---
Partitioning mode:            deep
  Deep initial part. mode:    async-parallel
  Deep initial part. load:    1
Subgraph memory:              Lazy
----------------------------------------------------------------- Coarsening ---
Contraction limit:            2000
Coarsening algorithm:         clustering
  Cluster weight limit:       epsilon-block-weight x 1
  Shrink factor:              1.79769e+308
  Max mem-free level:         1
  Clustering algorithm:       lp
    Number of iterations:     5
    High degree threshold:    4294967295
    Max degree:               4294967295
    Tie breaking strategy:    uniform
    Implementation:           two-phase
      Relabel:                no
    2-hop clustering:         match-threadwise, if |Vcoarse| > 0.500000 * |V|
    Isolated nodes:           match-during-two-hop
  Forced hierarchy levels:    <none> (leeway: U=10.000000, L=1.100000)
Contraction algorithm:        unbuffered
  Implementation:             two-phase
------------------------------------------------------- Initial Partitioning ---
Adaptive algorithm selection: yes
----------------------------------------------------------------- Refinement ---
Refinement algorithms:        [greedy-balancer -> lp]
Label propagation:
  Number of iterations:       5
  Tie breaking strategy:      uniform
  Implementation:             single-phase
############################################################## Preprocessing ###
Removed 0 isolated nodes
  Remaining nodes:             1508065
  Remaining total node weight: 1508065
############################################################### Partitioning ###
Input graph:
 Number of nodes: 1508065 | Number of edges: 51164260
 Maximum node weight: 1

Coarsening -> Level 1 [max cluster weight: 2827]:
 Total edge weight:   16498100
 Number of nodes:     29752 | Number of edges: 177140
 Maximum node weight: 300

==> Coarsening terminated with less than 128000 nodes

Initial partitioning:
 Number of blocks: 16

Uncoarsening -> Level 0
 Number of nodes: 1508065 | Number of edges: 51164260
  Running refinement on 16 blocks
   1. Greedy Balancer
   2. Label Propagation
############################################################# Result Summary ###
RESULT cut=185600 imbalance=0.0298658 feasible=1 k=16
TIME read_input_graph=3.230 partitioning=0.257 partitioning.rearrange_by_degree-buckets=0.045 partitioning.rearrange_by_degree-buckets.sort_nodes_by_integer_buckets=0.016 partitioning.rearrange_by_degree-buckets.rearrange_input_graph=0.023 partitioning.rearrange_by_degree-buckets.deallocation=0.001 partitioning.refinement=0.000 partitioning.refinement.allocation=0.000 partitioning.coarsening=0.088 partitioning.coarsening.level[0]=0.088 partitioning.coarsening.level[0].label_propagation=0.059 partitioning.coarsening.level[0].label_propagation.allocation=0.011 partitioning.coarsening.level[0].label_propagation.iteration[0]=0.022 partitioning.coarsening.level[0].label_propagation.iteration[0].first_phase=0.020 partitioning.coarsening.level[0].label_propagation.iteration[1]=0.010 partitioning.coarsening.level[0].label_propagation.iteration[1].first_phase=0.009 partitioning.coarsening.level[0].label_propagation.iteration[2]=0.006 partitioning.coarsening.level[0].label_propagation.iteration[2].first_phase=0.006 partitioning.coarsening.level[0].label_propagation.iteration[3]=0.002 partitioning.coarsening.level[0].label_propagation.iteration[3].first_phase=0.001 partitioning.coarsening.level[0].label_propagation.iteration[4]=0.001 partitioning.coarsening.level[0].label_propagation.iteration[4].first_phase=0.000 partitioning.coarsening.level[0].label_propagation.handle_isolated_nodes=0.000 partitioning.coarsening.level[0].label_propagation.handle_two-hop_nodes=0.000 partitioning.coarsening.level[0].label_propagation.free=0.005 partitioning.coarsening.level[0].contract_graph=0.028 partitioning.coarsening.level[0].contract_graph.allocation=0.000 partitioning.coarsening.level[0].contract_graph.preprocessing=0.002 partitioning.coarsening.level[0].contract_graph.deallocation=0.000 partitioning.coarsening.level[0].contract_graph.construct_coarse_graph=0.025 partitioning.coarsening.level[0].contract_graph.construct_coarse_graph.aggregate_coarse_edges=0.025 partitioning.coarsening.level[0].contract_graph.construct_coarse_graph.aggregate_coarse_edges.first_phase=0.014 partitioning.coarsening.level[0].contract_graph.construct_coarse_graph.aggregate_coarse_edges.second_phase=0.000 partitioning.coarsening.level[0].contract_graph.construct_coarse_graph.remap_coarse_edges_and_mapping=0.000 partitioning.coarsening.deallocation=0.000 partitioning.initial_partitioning_scheme=0.088 partitioning.uncoarsening=0.019 partitioning.uncoarsening.level[0]=0.019 partitioning.uncoarsening.level[0].allocation=0.006 partitioning.uncoarsening.level[0].project_partition=0.000 partitioning.uncoarsening.level[0].create_graph=0.000 partitioning.uncoarsening.level[0].refinement=0.011 partitioning.uncoarsening.level[0].refinement.greedy_balancer=0.000 partitioning.uncoarsening.level[0].refinement.label_propagation=0.011 partitioning.uncoarsening.level[0].refinement.label_propagation.allocation=0.000 partitioning.uncoarsening.level[0].refinement.label_propagation.iteration[0]=0.011 partitioning.uncoarsening.level[0].refinement.label_propagation.iteration[1]=0.000 partitioning.deallocation=0.008 partitioning.re-integrate_isolated_nodes=0.006 io=0.000 
MEMORY disabled

Global Timer: ................................... 3.490 s    
|- Read input graph: ............................ 3.230 s    
|- Partitioning: ................................ 0.257 s    
|  |- Rearrange by degree-buckets: .............. 0.045 s    
|  |  |- Sort nodes by integer buckets: ......... 0.016 s    
|  |  |- Rearrange input graph: ................. 0.023 s    
|  |  `- Deallocation: .......................... 0.001 s    
|  |- Refinement: ............................... 0.000 s    
|  |  `- Allocation: ............................ 0.000 s    
|  |- Coarsening: ............................... 0.088 s    
|  |  |- Level (0): ............................. 0.088 s    
|  |  |  |- Label Propagation: .................. 0.059 s    
|  |  |  |  |- Allocation: ...................... 0.011 s    
|  |  |  |  |- Iteration (0): ................... 0.022 s    
|  |  |  |  |  `- First phase: .................. 0.020 s    
|  |  |  |  |- Iteration (1): ................... 0.010 s    
|  |  |  |  |  `- First phase: .................. 0.009 s    
|  |  |  |  |- Iteration (2): ................... 0.006 s    
|  |  |  |  |  `- First phase: .................. 0.006 s    
|  |  |  |  |- Iteration (3): ................... 0.002 s    
|  |  |  |  |  `- First phase: .................. 0.001 s    
|  |  |  |  |- Iteration (4): ................... 0.001 s    
|  |  |  |  |  `- First phase: .................. 0.000 s    
|  |  |  |  |- Handle isolated nodes: ........... 0.000 s    
|  |  |  |  |- Handle two-hop nodes: ............ 0.000 s    
|  |  |  |  `- Free: ............................ 0.005 s    
|  |  |  `- Contract graph: ..................... 0.028 s    
|  |  |     |- Allocation: ...................... 0.000 s (3)
|  |  |     |- Preprocessing: ................... 0.002 s (3)
|  |  |     |- Deallocation: .................... 0.000 s    
|  |  |     `- Construct coarse graph: .......... 0.025 s    
|  |  |        |- Aggregate coarse edges: ....... 0.025 s    
|  |  |        |  |- First phase: ............... 0.014 s    
|  |  |        |  `- Second phase: .............. 0.000 s    
|  |  |        `- Remap coarse edges and mapping: 0.000 s    
|  |  `- Deallocation: .......................... 0.000 s    
|  |- Initial partitioning scheme: .............. 0.088 s    
|  |- Uncoarsening: ............................. 0.019 s    
|  |  `- Level (0): ............................. 0.019 s    
|  |     |- Allocation: ......................... 0.006 s    
|  |     |- Project partition: .................. 0.000 s    
|  |     |- Create graph: ....................... 0.000 s    
|  |     `- Refinement: ......................... 0.011 s    
|  |        |- Greedy Balancer: ................. 0.000 s    
|  |        `- Label Propagation: ............... 0.011 s    
|  |           |- Allocation: ................... 0.000 s    
|  |           |- Iteration (0): ................ 0.011 s    
|  |           `- Iteration (1): ................ 0.000 s    
|  |- Deallocation: ............................. 0.008 s    
|  `- Re-integrate isolated nodes: .............. 0.006 s    
`- IO: .......................................... 0.000 s    

Partition summary:
  Number of blocks: 16
  Edge cut:         185600
  Imbalance:        0.0298658
  Feasible:         yes

Block weights:
  w(0 ) = 89130     w(1 ) = 96050     w(2 ) = 96115     w(3 ) = 92750   
  w(4 ) = 95200     w(5 ) = 95305     w(6 ) = 93080     w(7 ) = 97070   
  w(8 ) = 94255     w(9 ) = 95235     w(10) = 96930     w(11) = 93370   
  w(12) = 93000     w(13) = 93915     w(14) = 95850     w(15) = 90810   

Maximum resident set size: 643236 KiB
