################################################################################
#                _  __       __  __  _         ____                            #
#               | |/ / __ _ |  \/  |(_) _ __  |  _ \  __ _  _ __               #
#               | ' / / _` || |\/| || || '_ \ | |_) |/ _` || '__|              #
#               | . \| (_| || |  | || || | | ||  __/| (_| || |                 #
#               |_|\_\\__,_||_|  |_||_||_| |_||_|    \__,_||_|                 #
#                                                                              #
################################################################################
Current commit hash:          99c62314d27845b3825829ec1e3e97256490627d
Assertion level:              always+light
Statistics:                   disabled
Built on:                     liskov
Data type sizes:
  Nodes IDs: 4 bytes | Node weights: 4 bytes
  Edges IDs: 4 bytes | Edge weights: 4 bytes
############################################################## Input Summary ###
Execution mode:               64
Seed:                         1
Graph:                        asia.osm [node ordering: deg-buckets] [edge ordering: natural]
  Number of nodes:            11950757 (unweighted)
  Number of edges:            25423206 (unweighted)
Number of blocks:             16
Maximum block weight:         769330 (746923 + 3% / 3%)
---------------------------------------------------------- Graph Compression ---
Enabled:                      no
-------------------------------------------------------- Partitioning Scheme ---
Partitioning mode:            deep
  Deep initial part. mode:    async-parallel
  Deep initial part. load:    1
Subgraph memory:              Lazy
----------------------------------------------------------------- Coarsening ---
Contraction limit:            2000
Coarsening algorithm:         clustering
  Cluster weight limit:       epsilon-block-weight x 1
  Shrink factor:              1.79769e+308
  Max mem-free level:         1
  Clustering algorithm:       lp
    Number of iterations:     5
    High degree threshold:    4294967295
    Max degree:               4294967295
    Tie breaking strategy:    uniform
    Implementation:           two-phase
      Relabel:                no
    2-hop clustering:         match-threadwise, if |Vcoarse| > 0.500000 * |V|
    Isolated nodes:           match-during-two-hop
  Forced hierarchy levels:    <none> (leeway: U=10.000000, L=1.100000)
Contraction algorithm:        unbuffered
  Implementation:             two-phase
------------------------------------------------------- Initial Partitioning ---
Adaptive algorithm selection: yes
----------------------------------------------------------------- Refinement ---
Refinement algorithms:        [greedy-balancer -> lp]
Label propagation:
  Number of iterations:       5
  Tie breaking strategy:      uniform
  Implementation:             single-phase
############################################################## Preprocessing ###
Removed 0 isolated nodes
  Remaining nodes:             11950757
  Remaining total node weight: 11950757
############################################################### Partitioning ###
Input graph:
 Number of nodes: 11950757 | Number of edges: 25423206
 Maximum node weight: 1

Coarsening -> Level 1 [max cluster weight: 22407]:
 Total edge weight:   6765166
 Number of nodes:     2788656 | Number of edges: 6451304
 Maximum node weight: 43

Coarsening -> Level 2 [max cluster weight: 22407]:
 Total edge weight:   1826436
 Number of nodes:     627736 | Number of edges: 1567908
 Maximum node weight: 274

Coarsening -> Level 3 [max cluster weight: 22407]:
 Total edge weight:   490612
 Number of nodes:     137347 | Number of edges: 369530
 Maximum node weight: 1541

Coarsening -> Level 4 [max cluster weight: 22407]:
 Total edge weight:   131156
 Number of nodes:     29075 | Number of edges: 84424
 Maximum node weight: 7179

==> Coarsening terminated with less than 128000 nodes

Initial partitioning:
 Number of blocks: 16

Uncoarsening -> Level 3
 Number of nodes: 137347 | Number of edges: 369530
  Running refinement on 16 blocks
   1. Greedy Balancer
   2. Label Propagation

Uncoarsening -> Level 2
 Number of nodes: 627736 | Number of edges: 1567908
  Running refinement on 16 blocks
   1. Greedy Balancer
   2. Label Propagation

Uncoarsening -> Level 1
 Number of nodes: 2788656 | Number of edges: 6451304
  Running refinement on 16 blocks
   1. Greedy Balancer
   2. Label Propagation

Uncoarsening -> Level 0
 Number of nodes: 11950757 | Number of edges: 25423206
  Running refinement on 16 blocks
   1. Greedy Balancer
   2. Label Propagation
############################################################# Result Summary ###
RESULT cut=150 imbalance=0.0199579 feasible=1 k=16
TIME read_input_graph=1.844 partitioning=0.513 partitioning.rearrange_by_degree-buckets=0.031 partitioning.rearrange_by_degree-buckets.sort_nodes_by_integer_buckets=0.014 partitioning.rearrange_by_degree-buckets.rearrange_input_graph=0.013 partitioning.rearrange_by_degree-buckets.deallocation=0.000 partitioning.refinement=0.000 partitioning.refinement.allocation=0.000 partitioning.coarsening=0.310 partitioning.coarsening.level[0]=0.203 partitioning.coarsening.level[0].label_propagation=0.116 partitioning.coarsening.level[0].label_propagation.allocation=0.009 partitioning.coarsening.level[0].label_propagation.iteration[0]=0.038 partitioning.coarsening.level[0].label_propagation.iteration[0].first_phase=0.034 partitioning.coarsening.level[0].label_propagation.iteration[1]=0.022 partitioning.coarsening.level[0].label_propagation.iteration[1].first_phase=0.022 partitioning.coarsening.level[0].label_propagation.iteration[2]=0.017 partitioning.coarsening.level[0].label_propagation.iteration[2].first_phase=0.016 partitioning.coarsening.level[0].label_propagation.iteration[3]=0.012 partitioning.coarsening.level[0].label_propagation.iteration[3].first_phase=0.012 partitioning.coarsening.level[0].label_propagation.iteration[4]=0.008 partitioning.coarsening.level[0].label_propagation.iteration[4].first_phase=0.008 partitioning.coarsening.level[0].label_propagation.handle_isolated_nodes=0.000 partitioning.coarsening.level[0].label_propagation.handle_two-hop_nodes=0.000 partitioning.coarsening.level[0].label_propagation.free=0.005 partitioning.coarsening.level[0].contract_graph=0.087 partitioning.coarsening.level[0].contract_graph.allocation=0.001 partitioning.coarsening.level[0].contract_graph.preprocessing=0.022 partitioning.coarsening.level[0].contract_graph.deallocation=0.000 partitioning.coarsening.level[0].contract_graph.construct_coarse_graph=0.061 partitioning.coarsening.level[0].contract_graph.construct_coarse_graph.aggregate_coarse_edges=0.055 partitioning.coarsening.level[0].contract_graph.construct_coarse_graph.aggregate_coarse_edges.first_phase=0.045 partitioning.coarsening.level[0].contract_graph.construct_coarse_graph.aggregate_coarse_edges.second_phase=0.004 partitioning.coarsening.level[0].contract_graph.construct_coarse_graph.remap_coarse_edges_and_mapping=0.003 partitioning.coarsening.level[1]=0.078 partitioning.coarsening.level[1].label_propagation=0.044 partitioning.coarsening.level[1].label_propagation.allocation=0.007 partitioning.coarsening.level[1].label_propagation.iteration[0]=0.014 partitioning.coarsening.level[1].label_propagation.iteration[0].first_phase=0.013 partitioning.coarsening.level[1].label_propagation.iteration[1]=0.009 partitioning.coarsening.level[1].label_propagation.iteration[1].first_phase=0.009 partitioning.coarsening.level[1].label_propagation.iteration[2]=0.005 partitioning.coarsening.level[1].label_propagation.iteration[2].first_phase=0.005 partitioning.coarsening.level[1].label_propagation.iteration[3]=0.004 partitioning.coarsening.level[1].label_propagation.iteration[3].first_phase=0.004 partitioning.coarsening.level[1].label_propagation.iteration[4]=0.002 partitioning.coarsening.level[1].label_propagation.iteration[4].first_phase=0.002 partitioning.coarsening.level[1].label_propagation.handle_isolated_nodes=0.000 partitioning.coarsening.level[1].label_propagation.handle_two-hop_nodes=0.000 partitioning.coarsening.level[1].contract_graph=0.034 partitioning.coarsening.level[1].contract_graph.allocation=0.001 partitioning.coarsening.level[1].contract_graph.preprocessing=0.011 partitioning.coarsening.level[1].contract_graph.deallocation=0.000 partitioning.coarsening.level[1].contract_graph.construct_coarse_graph=0.019 partitioning.coarsening.level[1].contract_graph.construct_coarse_graph.aggregate_coarse_edges=0.017 partitioning.coarsening.level[1].contract_graph.construct_coarse_graph.aggregate_coarse_edges.first_phase=0.016 partitioning.coarsening.level[1].contract_graph.construct_coarse_graph.aggregate_coarse_edges.second_phase=0.001 partitioning.coarsening.level[1].contract_graph.construct_coarse_graph.remap_coarse_edges_and_mapping=0.001 partitioning.coarsening.level[2]=0.020 partitioning.coarsening.level[2].label_propagation=0.011 partitioning.coarsening.level[2].label_propagation.iteration[0]=0.003 partitioning.coarsening.level[2].label_propagation.iteration[0].first_phase=0.003 partitioning.coarsening.level[2].label_propagation.iteration[1]=0.002 partitioning.coarsening.level[2].label_propagation.iteration[1].first_phase=0.002 partitioning.coarsening.level[2].label_propagation.iteration[2]=0.001 partitioning.coarsening.level[2].label_propagation.iteration[2].first_phase=0.001 partitioning.coarsening.level[2].label_propagation.iteration[3]=0.001 partitioning.coarsening.level[2].label_propagation.iteration[3].first_phase=0.001 partitioning.coarsening.level[2].label_propagation.iteration[4]=0.000 partitioning.coarsening.level[2].label_propagation.iteration[4].first_phase=0.000 partitioning.coarsening.level[2].label_propagation.handle_isolated_nodes=0.000 partitioning.coarsening.level[2].label_propagation.handle_two-hop_nodes=0.000 partitioning.coarsening.level[2].contract_graph=0.008 partitioning.coarsening.level[2].contract_graph.allocation=0.000 partitioning.coarsening.level[2].contract_graph.preprocessing=0.002 partitioning.coarsening.level[2].contract_graph.deallocation=0.000 partitioning.coarsening.level[2].contract_graph.construct_coarse_graph=0.005 partitioning.coarsening.level[2].contract_graph.construct_coarse_graph.aggregate_coarse_edges=0.004 partitioning.coarsening.level[2].contract_graph.construct_coarse_graph.aggregate_coarse_edges.first_phase=0.004 partitioning.coarsening.level[2].contract_graph.construct_coarse_graph.aggregate_coarse_edges.second_phase=0.000 partitioning.coarsening.level[2].contract_graph.construct_coarse_graph.remap_coarse_edges_and_mapping=0.000 partitioning.coarsening.level[3]=0.008 partitioning.coarsening.level[3].label_propagation=0.003 partitioning.coarsening.level[3].label_propagation.iteration[0]=0.001 partitioning.coarsening.level[3].label_propagation.iteration[0].first_phase=0.001 partitioning.coarsening.level[3].label_propagation.iteration[1]=0.000 partitioning.coarsening.level[3].label_propagation.iteration[1].first_phase=0.000 partitioning.coarsening.level[3].label_propagation.iteration[2]=0.000 partitioning.coarsening.level[3].label_propagation.iteration[2].first_phase=0.000 partitioning.coarsening.level[3].label_propagation.iteration[3]=0.000 partitioning.coarsening.level[3].label_propagation.iteration[3].first_phase=0.000 partitioning.coarsening.level[3].label_propagation.iteration[4]=0.000 partitioning.coarsening.level[3].label_propagation.iteration[4].first_phase=0.000 partitioning.coarsening.level[3].label_propagation.handle_isolated_nodes=0.000 partitioning.coarsening.level[3].label_propagation.handle_two-hop_nodes=0.000 partitioning.coarsening.level[3].contract_graph=0.004 partitioning.coarsening.level[3].contract_graph.allocation=0.000 partitioning.coarsening.level[3].contract_graph.preprocessing=0.000 partitioning.coarsening.level[3].contract_graph.deallocation=0.000 partitioning.coarsening.level[3].contract_graph.construct_coarse_graph=0.003 partitioning.coarsening.level[3].contract_graph.construct_coarse_graph.aggregate_coarse_edges=0.003 partitioning.coarsening.level[3].contract_graph.construct_coarse_graph.aggregate_coarse_edges.first_phase=0.003 partitioning.coarsening.level[3].contract_graph.construct_coarse_graph.aggregate_coarse_edges.second_phase=0.000 partitioning.coarsening.level[3].contract_graph.construct_coarse_graph.remap_coarse_edges_and_mapping=0.000 partitioning.coarsening.deallocation=0.000 partitioning.initial_partitioning_scheme=0.106 partitioning.uncoarsening=0.055 partitioning.uncoarsening.level[3]=0.009 partitioning.uncoarsening.level[3].allocation=0.000 partitioning.uncoarsening.level[3].project_partition=0.000 partitioning.uncoarsening.level[3].create_graph=0.000 partitioning.uncoarsening.level[3].refinement=0.009 partitioning.uncoarsening.level[3].refinement.greedy_balancer=0.000 partitioning.uncoarsening.level[3].refinement.label_propagation=0.009 partitioning.uncoarsening.level[3].refinement.label_propagation.allocation=0.007 partitioning.uncoarsening.level[3].refinement.label_propagation.iteration[0]=0.000 partitioning.uncoarsening.level[3].refinement.label_propagation.iteration[1]=0.000 partitioning.uncoarsening.level[3].refinement.label_propagation.iteration[2]=0.000 partitioning.uncoarsening.level[3].refinement.label_propagation.iteration[3]=0.000 partitioning.uncoarsening.level[3].refinement.label_propagation.iteration[4]=0.000 partitioning.uncoarsening.level[2]=0.003 partitioning.uncoarsening.level[2].allocation=0.000 partitioning.uncoarsening.level[2].project_partition=0.000 partitioning.uncoarsening.level[2].create_graph=0.000 partitioning.uncoarsening.level[2].refinement=0.002 partitioning.uncoarsening.level[2].refinement.greedy_balancer=0.000 partitioning.uncoarsening.level[2].refinement.label_propagation=0.002 partitioning.uncoarsening.level[2].refinement.label_propagation.iteration[0]=0.002 partitioning.uncoarsening.level[2].refinement.label_propagation.iteration[1]=0.000 partitioning.uncoarsening.level[2].refinement.label_propagation.iteration[2]=0.000 partitioning.uncoarsening.level[2].refinement.label_propagation.iteration[3]=0.000 partitioning.uncoarsening.level[2].refinement.label_propagation.iteration[4]=0.000 partitioning.uncoarsening.level[1]=0.013 partitioning.uncoarsening.level[1].allocation=0.003 partitioning.uncoarsening.level[1].project_partition=0.000 partitioning.uncoarsening.level[1].create_graph=0.000 partitioning.uncoarsening.level[1].refinement=0.008 partitioning.uncoarsening.level[1].refinement.greedy_balancer=0.000 partitioning.uncoarsening.level[1].refinement.label_propagation=0.008 partitioning.uncoarsening.level[1].refinement.label_propagation.iteration[0]=0.006 partitioning.uncoarsening.level[1].refinement.label_propagation.iteration[1]=0.000 partitioning.uncoarsening.level[1].refinement.label_propagation.iteration[2]=0.000 partitioning.uncoarsening.level[1].refinement.label_propagation.iteration[3]=0.000 partitioning.uncoarsening.level[1].refinement.label_propagation.iteration[4]=0.000 partitioning.uncoarsening.level[0]=0.028 partitioning.uncoarsening.level[0].allocation=0.003 partitioning.uncoarsening.level[0].project_partition=0.001 partitioning.uncoarsening.level[0].create_graph=0.001 partitioning.uncoarsening.level[0].refinement=0.022 partitioning.uncoarsening.level[0].refinement.greedy_balancer=0.000 partitioning.uncoarsening.level[0].refinement.label_propagation=0.022 partitioning.uncoarsening.level[0].refinement.label_propagation.iteration[0]=0.018 partitioning.uncoarsening.level[0].refinement.label_propagation.iteration[1]=0.000 partitioning.uncoarsening.level[0].refinement.label_propagation.iteration[2]=0.000 partitioning.uncoarsening.level[0].refinement.label_propagation.iteration[3]=0.000 partitioning.uncoarsening.level[0].refinement.label_propagation.iteration[4]=0.000 partitioning.deallocation=0.001 partitioning.re-integrate_isolated_nodes=0.006 io=0.001 
MEMORY disabled

Global Timer: ................................... 2.369 s    
|- Read input graph: ............................ 1.844 s    
|- Partitioning: ................................ 0.513 s    
|  |- Rearrange by degree-buckets: .............. 0.031 s    
|  |  |- Sort nodes by integer buckets: ......... 0.014 s    
|  |  |- Rearrange input graph: ................. 0.013 s    
|  |  `- Deallocation: .......................... 0.000 s    
|  |- Refinement: ............................... 0.000 s    
|  |  `- Allocation: ............................ 0.000 s    
|  |- Coarsening: ............................... 0.310 s    
|  |  |- Level (0): ............................. 0.203 s    
|  |  |  |- Label Propagation: .................. 0.116 s    
|  |  |  |  |- Allocation: ...................... 0.009 s    
|  |  |  |  |- Iteration (0): ................... 0.038 s    
|  |  |  |  |  `- First phase: .................. 0.034 s    
|  |  |  |  |- Iteration (1): ................... 0.022 s    
|  |  |  |  |  `- First phase: .................. 0.022 s    
|  |  |  |  |- Iteration (2): ................... 0.017 s    
|  |  |  |  |  `- First phase: .................. 0.016 s    
|  |  |  |  |- Iteration (3): ................... 0.012 s    
|  |  |  |  |  `- First phase: .................. 0.012 s    
|  |  |  |  |- Iteration (4): ................... 0.008 s    
|  |  |  |  |  `- First phase: .................. 0.008 s    
|  |  |  |  |- Handle isolated nodes: ........... 0.000 s    
|  |  |  |  |- Handle two-hop nodes: ............ 0.000 s    
|  |  |  |  `- Free: ............................ 0.005 s    
|  |  |  `- Contract graph: ..................... 0.087 s    
|  |  |     |- Allocation: ...................... 0.001 s (3)
|  |  |     |- Preprocessing: ................... 0.022 s (3)
|  |  |     |- Deallocation: .................... 0.000 s    
|  |  |     `- Construct coarse graph: .......... 0.061 s    
|  |  |        |- Aggregate coarse edges: ....... 0.055 s    
|  |  |        |  |- First phase: ............... 0.045 s    
|  |  |        |  `- Second phase: .............. 0.004 s    
|  |  |        `- Remap coarse edges and mapping: 0.003 s    
|  |  |- Level (1): ............................. 0.078 s    
|  |  |  |- Label Propagation: .................. 0.044 s    
|  |  |  |  |- Allocation: ...................... 0.007 s    
|  |  |  |  |- Iteration (0): ................... 0.014 s    
|  |  |  |  |  `- First phase: .................. 0.013 s    
|  |  |  |  |- Iteration (1): ................... 0.009 s    
|  |  |  |  |  `- First phase: .................. 0.009 s    
|  |  |  |  |- Iteration (2): ................... 0.005 s    
|  |  |  |  |  `- First phase: .................. 0.005 s    
|  |  |  |  |- Iteration (3): ................... 0.004 s    
|  |  |  |  |  `- First phase: .................. 0.004 s    
|  |  |  |  |- Iteration (4): ................... 0.002 s    
|  |  |  |  |  `- First phase: .................. 0.002 s    
|  |  |  |  |- Handle isolated nodes: ........... 0.000 s    
|  |  |  |  `- Handle two-hop nodes: ............ 0.000 s    
|  |  |  `- Contract graph: ..................... 0.034 s    
|  |  |     |- Allocation: ...................... 0.001 s (3)
|  |  |     |- Preprocessing: ................... 0.011 s (3)
|  |  |     |- Deallocation: .................... 0.000 s    
|  |  |     `- Construct coarse graph: .......... 0.019 s    
|  |  |        |- Aggregate coarse edges: ....... 0.017 s    
|  |  |        |  |- First phase: ............... 0.016 s    
|  |  |        |  `- Second phase: .............. 0.001 s    
|  |  |        `- Remap coarse edges and mapping: 0.001 s    
|  |  |- Level (2): ............................. 0.020 s    
|  |  |  |- Label Propagation: .................. 0.011 s    
|  |  |  |  |- Iteration (0): ................... 0.003 s    
|  |  |  |  |  `- First phase: .................. 0.003 s    
|  |  |  |  |- Iteration (1): ................... 0.002 s    
|  |  |  |  |  `- First phase: .................. 0.002 s    
|  |  |  |  |- Iteration (2): ................... 0.001 s    
|  |  |  |  |  `- First phase: .................. 0.001 s    
|  |  |  |  |- Iteration (3): ................... 0.001 s    
|  |  |  |  |  `- First phase: .................. 0.001 s    
|  |  |  |  |- Iteration (4): ................... 0.000 s    
|  |  |  |  |  `- First phase: .................. 0.000 s    
|  |  |  |  |- Handle isolated nodes: ........... 0.000 s    
|  |  |  |  `- Handle two-hop nodes: ............ 0.000 s    
|  |  |  `- Contract graph: ..................... 0.008 s    
|  |  |     |- Allocation: ...................... 0.000 s (3)
|  |  |     |- Preprocessing: ................... 0.002 s (3)
|  |  |     |- Deallocation: .................... 0.000 s    
|  |  |     `- Construct coarse graph: .......... 0.005 s    
|  |  |        |- Aggregate coarse edges: ....... 0.004 s    
|  |  |        |  |- First phase: ............... 0.004 s    
|  |  |        |  `- Second phase: .............. 0.000 s    
|  |  |        `- Remap coarse edges and mapping: 0.000 s    
|  |  |- Level (3): ............................. 0.008 s    
|  |  |  |- Label Propagation: .................. 0.003 s    
|  |  |  |  |- Iteration (0): ................... 0.001 s    
|  |  |  |  |  `- First phase: .................. 0.001 s    
|  |  |  |  |- Iteration (1): ................... 0.000 s    
|  |  |  |  |  `- First phase: .................. 0.000 s    
|  |  |  |  |- Iteration (2): ................... 0.000 s    
|  |  |  |  |  `- First phase: .................. 0.000 s    
|  |  |  |  |- Iteration (3): ................... 0.000 s    
|  |  |  |  |  `- First phase: .................. 0.000 s    
|  |  |  |  |- Iteration (4): ................... 0.000 s    
|  |  |  |  |  `- First phase: .................. 0.000 s    
|  |  |  |  |- Handle isolated nodes: ........... 0.000 s    
|  |  |  |  `- Handle two-hop nodes: ............ 0.000 s    
|  |  |  `- Contract graph: ..................... 0.004 s    
|  |  |     |- Allocation: ...................... 0.000 s (3)
|  |  |     |- Preprocessing: ................... 0.000 s (3)
|  |  |     |- Deallocation: .................... 0.000 s    
|  |  |     `- Construct coarse graph: .......... 0.003 s    
|  |  |        |- Aggregate coarse edges: ....... 0.003 s    
|  |  |        |  |- First phase: ............... 0.003 s    
|  |  |        |  `- Second phase: .............. 0.000 s    
|  |  |        `- Remap coarse edges and mapping: 0.000 s    
|  |  `- Deallocation: .......................... 0.000 s    
|  |- Initial partitioning scheme: .............. 0.106 s    
|  |- Uncoarsening: ............................. 0.055 s    
|  |  |- Level (3): ............................. 0.009 s    
|  |  |  |- Allocation: ......................... 0.000 s    
|  |  |  |- Project partition: .................. 0.000 s    
|  |  |  |- Create graph: ....................... 0.000 s    
|  |  |  `- Refinement: ......................... 0.009 s    
|  |  |     |- Greedy Balancer: ................. 0.000 s    
|  |  |     `- Label Propagation: ............... 0.009 s    
|  |  |        |- Allocation: ................... 0.007 s    
|  |  |        |- Iteration (0): ................ 0.000 s    
|  |  |        |- Iteration (1): ................ 0.000 s    
|  |  |        |- Iteration (2): ................ 0.000 s    
|  |  |        |- Iteration (3): ................ 0.000 s    
|  |  |        `- Iteration (4): ................ 0.000 s    
|  |  |- Level (2): ............................. 0.003 s    
|  |  |  |- Allocation: ......................... 0.000 s    
|  |  |  |- Project partition: .................. 0.000 s    
|  |  |  |- Create graph: ....................... 0.000 s    
|  |  |  `- Refinement: ......................... 0.002 s    
|  |  |     |- Greedy Balancer: ................. 0.000 s    
|  |  |     `- Label Propagation: ............... 0.002 s    
|  |  |        |- Iteration (0): ................ 0.002 s    
|  |  |        |- Iteration (1): ................ 0.000 s    
|  |  |        |- Iteration (2): ................ 0.000 s    
|  |  |        |- Iteration (3): ................ 0.000 s    
|  |  |        `- Iteration (4): ................ 0.000 s    
|  |  |- Level (1): ............................. 0.013 s    
|  |  |  |- Allocation: ......................... 0.003 s    
|  |  |  |- Project partition: .................. 0.000 s    
|  |  |  |- Create graph: ....................... 0.000 s    
|  |  |  `- Refinement: ......................... 0.008 s    
|  |  |     |- Greedy Balancer: ................. 0.000 s    
|  |  |     `- Label Propagation: ............... 0.008 s    
|  |  |        |- Iteration (0): ................ 0.006 s    
|  |  |        |- Iteration (1): ................ 0.000 s    
|  |  |        |- Iteration (2): ................ 0.000 s    
|  |  |        |- Iteration (3): ................ 0.000 s    
|  |  |        `- Iteration (4): ................ 0.000 s    
|  |  `- Level (0): ............................. 0.028 s    
|  |     |- Allocation: ......................... 0.003 s    
|  |     |- Project partition: .................. 0.001 s    
|  |     |- Create graph: ....................... 0.001 s    
|  |     `- Refinement: ......................... 0.022 s    
|  |        |- Greedy Balancer: ................. 0.000 s    
|  |        `- Label Propagation: ............... 0.022 s    
|  |           |- Iteration (0): ................ 0.018 s    
|  |           |- Iteration (1): ................ 0.000 s    
|  |           |- Iteration (2): ................ 0.000 s    
|  |           |- Iteration (3): ................ 0.000 s    
|  |           `- Iteration (4): ................ 0.000 s    
|  |- Deallocation: ............................. 0.001 s    
|  `- Re-integrate isolated nodes: .............. 0.006 s    
`- IO: .......................................... 0.001 s    

Partition summary:
  Number of blocks: 16
  Edge cut:         150
  Imbalance:        0.0199579
  Feasible:         yes

Block weights:
  w(0 ) = 721944     w(1 ) = 758627     w(2 ) = 756309     w(3 ) = 751253   
  w(4 ) = 733851     w(5 ) = 758800     w(6 ) = 747661     w(7 ) = 761830   
  w(8 ) = 729073     w(9 ) = 748624     w(10) = 757082     w(11) = 757081   
  w(12) = 727247     w(13) = 751527     w(14) = 736532     w(15) = 753316   

Maximum resident set size: 1426812 KiB
