################################################################################
#                _  __       __  __  _         ____                            #
#               | |/ / __ _ |  \/  |(_) _ __  |  _ \  __ _  _ __               #
#               | ' / / _` || |\/| || || '_ \ | |_) |/ _` || '__|              #
#               | . \| (_| || |  | || || | | ||  __/| (_| || |                 #
#               |_|\_\\__,_||_|  |_||_||_| |_||_|    \__,_||_|                 #
#                                                                              #
################################################################################
Current commit hash:          99c62314d27845b3825829ec1e3e97256490627d
Assertion level:              always+light
Statistics:                   disabled
Built on:                     liskov
Data type sizes:
  Nodes IDs: 4 bytes | Node weights: 4 bytes
  Edges IDs: 4 bytes | Edge weights: 4 bytes
############################################################## Input Summary ###
Execution mode:               64
Seed:                         1
Graph:                        audikw1 [node ordering: deg-buckets] [edge ordering: natural]
  Number of nodes:              943695 (unweighted)
  Number of edges:            76708152 (unweighted)
Number of blocks:             16
Maximum block weight:         60750 (58981 + 3% / 3%)
---------------------------------------------------------- Graph Compression ---
Enabled:                      no
-------------------------------------------------------- Partitioning Scheme ---
Partitioning mode:            deep
  Deep initial part. mode:    async-parallel
  Deep initial part. load:    1
Subgraph memory:              Lazy
----------------------------------------------------------------- Coarsening ---
Contraction limit:            2000
Coarsening algorithm:         clustering
  Cluster weight limit:       epsilon-block-weight x 1
  Shrink factor:              1.79769e+308
  Max mem-free level:         1
  Clustering algorithm:       lp
    Number of iterations:     5
    High degree threshold:    4294967295
    Max degree:               4294967295
    Tie breaking strategy:    uniform
    Implementation:           two-phase
      Relabel:                no
    2-hop clustering:         match-threadwise, if |Vcoarse| > 0.500000 * |V|
    Isolated nodes:           match-during-two-hop
  Forced hierarchy levels:    <none> (leeway: U=10.000000, L=1.100000)
Contraction algorithm:        unbuffered
  Implementation:             two-phase
------------------------------------------------------- Initial Partitioning ---
Adaptive algorithm selection: yes
----------------------------------------------------------------- Refinement ---
Refinement algorithms:        [greedy-balancer -> lp]
Label propagation:
  Number of iterations:       5
  Tie breaking strategy:      uniform
  Implementation:             single-phase
############################################################## Preprocessing ###
Removed 0 isolated nodes
  Remaining nodes:             943695
  Remaining total node weight: 943695
############################################################### Partitioning ###
Input graph:
 Number of nodes: 943695 | Number of edges: 76708152
 Maximum node weight: 1

Coarsening -> Level 1 [max cluster weight: 1769]:
 Total edge weight:   31875888
 Number of nodes:     6582 | Number of edges: 93852
 Maximum node weight: 1222

==> Coarsening terminated with less than 128000 nodes

Initial partitioning:
 Number of blocks: 4

Uncoarsening -> Level 0
 Number of nodes: 943695 | Number of edges: 76708152
  Running refinement on 4 blocks
   1. Greedy Balancer
   2. Label Propagation
  Extending partition from 4 blocks to 16 blocks

Toplevel:
 Number of nodes: 943695 | Number of edges: 76708152
  Running refinement on 16 blocks
   1. Greedy Balancer
   2. Label Propagation
############################################################# Result Summary ###
RESULT cut=1417210 imbalance=0.0293315 feasible=1 k=16
TIME read_input_graph=4.489 partitioning=1.206 partitioning.rearrange_by_degree-buckets=0.028 partitioning.rearrange_by_degree-buckets.sort_nodes_by_integer_buckets=0.005 partitioning.rearrange_by_degree-buckets.rearrange_input_graph=0.017 partitioning.rearrange_by_degree-buckets.deallocation=0.001 partitioning.refinement=0.000 partitioning.refinement.allocation=0.000 partitioning.coarsening=0.125 partitioning.coarsening.level[0]=0.125 partitioning.coarsening.level[0].label_propagation=0.090 partitioning.coarsening.level[0].label_propagation.allocation=0.011 partitioning.coarsening.level[0].label_propagation.iteration[0]=0.027 partitioning.coarsening.level[0].label_propagation.iteration[0].first_phase=0.024 partitioning.coarsening.level[0].label_propagation.iteration[1]=0.013 partitioning.coarsening.level[0].label_propagation.iteration[1].first_phase=0.012 partitioning.coarsening.level[0].label_propagation.iteration[2]=0.011 partitioning.coarsening.level[0].label_propagation.iteration[2].first_phase=0.011 partitioning.coarsening.level[0].label_propagation.iteration[3]=0.010 partitioning.coarsening.level[0].label_propagation.iteration[3].first_phase=0.010 partitioning.coarsening.level[0].label_propagation.iteration[4]=0.009 partitioning.coarsening.level[0].label_propagation.iteration[4].first_phase=0.009 partitioning.coarsening.level[0].label_propagation.handle_isolated_nodes=0.000 partitioning.coarsening.level[0].label_propagation.handle_two-hop_nodes=0.000 partitioning.coarsening.level[0].label_propagation.free=0.005 partitioning.coarsening.level[0].contract_graph=0.034 partitioning.coarsening.level[0].contract_graph.allocation=0.000 partitioning.coarsening.level[0].contract_graph.preprocessing=0.004 partitioning.coarsening.level[0].contract_graph.deallocation=0.000 partitioning.coarsening.level[0].contract_graph.construct_coarse_graph=0.029 partitioning.coarsening.level[0].contract_graph.construct_coarse_graph.aggregate_coarse_edges=0.029 partitioning.coarsening.level[0].contract_graph.construct_coarse_graph.aggregate_coarse_edges.first_phase=0.018 partitioning.coarsening.level[0].contract_graph.construct_coarse_graph.aggregate_coarse_edges.second_phase=0.000 partitioning.coarsening.level[0].contract_graph.construct_coarse_graph.remap_coarse_edges_and_mapping=0.000 partitioning.coarsening.deallocation=0.000 partitioning.initial_partitioning_scheme=0.126 partitioning.uncoarsening=0.923 partitioning.uncoarsening.level[0]=0.906 partitioning.uncoarsening.level[0].allocation=0.000 partitioning.uncoarsening.level[0].project_partition=0.000 partitioning.uncoarsening.level[0].create_graph=0.000 partitioning.uncoarsening.level[0].refinement=0.019 partitioning.uncoarsening.level[0].refinement.greedy_balancer=0.000 partitioning.uncoarsening.level[0].refinement.label_propagation=0.019 partitioning.uncoarsening.level[0].refinement.label_propagation.allocation=0.000 partitioning.uncoarsening.level[0].refinement.label_propagation.iteration[0]=0.012 partitioning.uncoarsening.level[0].refinement.label_propagation.iteration[1]=0.002 partitioning.uncoarsening.level[0].refinement.label_propagation.iteration[2]=0.001 partitioning.uncoarsening.level[0].refinement.label_propagation.iteration[3]=0.001 partitioning.uncoarsening.level[0].refinement.label_propagation.iteration[4]=0.000 partitioning.uncoarsening.level[0].initial_partitioning=0.871 partitioning.uncoarsening.level[0].initial_partitioning.preprocessing=0.066 partitioning.uncoarsening.level[0].initial_partitioning.allocation=0.001 partitioning.uncoarsening.level[0].initial_partitioning.bipartitioning=0.797 partitioning.uncoarsening.level[0].initial_partitioning.copy_subgraph_partitions=0.006 partitioning.uncoarsening.level[0].deallocation=0.014 partitioning.uncoarsening.refinement=0.017 partitioning.uncoarsening.refinement.greedy_balancer=0.000 partitioning.uncoarsening.refinement.label_propagation=0.017 partitioning.uncoarsening.refinement.label_propagation.iteration[0]=0.012 partitioning.uncoarsening.refinement.label_propagation.iteration[1]=0.001 partitioning.uncoarsening.refinement.label_propagation.iteration[2]=0.001 partitioning.uncoarsening.refinement.label_propagation.iteration[3]=0.000 partitioning.uncoarsening.refinement.label_propagation.iteration[4]=0.000 partitioning.deallocation=0.001 partitioning.re-integrate_isolated_nodes=0.000 io=0.000 
MEMORY disabled

Global Timer: ................................... 5.698 s    
|- Read input graph: ............................ 4.489 s    
|- Partitioning: ................................ 1.206 s    
|  |- Rearrange by degree-buckets: .............. 0.028 s    
|  |  |- Sort nodes by integer buckets: ......... 0.005 s    
|  |  |- Rearrange input graph: ................. 0.017 s    
|  |  `- Deallocation: .......................... 0.001 s    
|  |- Refinement: ............................... 0.000 s    
|  |  `- Allocation: ............................ 0.000 s    
|  |- Coarsening: ............................... 0.125 s    
|  |  |- Level (0): ............................. 0.125 s    
|  |  |  |- Label Propagation: .................. 0.090 s    
|  |  |  |  |- Allocation: ...................... 0.011 s    
|  |  |  |  |- Iteration (0): ................... 0.027 s    
|  |  |  |  |  `- First phase: .................. 0.024 s    
|  |  |  |  |- Iteration (1): ................... 0.013 s    
|  |  |  |  |  `- First phase: .................. 0.012 s    
|  |  |  |  |- Iteration (2): ................... 0.011 s    
|  |  |  |  |  `- First phase: .................. 0.011 s    
|  |  |  |  |- Iteration (3): ................... 0.010 s    
|  |  |  |  |  `- First phase: .................. 0.010 s    
|  |  |  |  |- Iteration (4): ................... 0.009 s    
|  |  |  |  |  `- First phase: .................. 0.009 s    
|  |  |  |  |- Handle isolated nodes: ........... 0.000 s    
|  |  |  |  |- Handle two-hop nodes: ............ 0.000 s    
|  |  |  |  `- Free: ............................ 0.005 s    
|  |  |  `- Contract graph: ..................... 0.034 s    
|  |  |     |- Allocation: ...................... 0.000 s (3)
|  |  |     |- Preprocessing: ................... 0.004 s (3)
|  |  |     |- Deallocation: .................... 0.000 s    
|  |  |     `- Construct coarse graph: .......... 0.029 s    
|  |  |        |- Aggregate coarse edges: ....... 0.029 s    
|  |  |        |  |- First phase: ............... 0.018 s    
|  |  |        |  `- Second phase: .............. 0.000 s    
|  |  |        `- Remap coarse edges and mapping: 0.000 s    
|  |  `- Deallocation: .......................... 0.000 s    
|  |- Initial partitioning scheme: .............. 0.126 s    
|  |- Uncoarsening: ............................. 0.923 s    
|  |  |- Level (0): ............................. 0.906 s    
|  |  |  |- Allocation: ......................... 0.000 s    
|  |  |  |- Project partition: .................. 0.000 s    
|  |  |  |- Create graph: ....................... 0.000 s    
|  |  |  |- Refinement: ......................... 0.019 s    
|  |  |  |  |- Greedy Balancer: ................. 0.000 s    
|  |  |  |  `- Label Propagation: ............... 0.019 s    
|  |  |  |     |- Allocation: ................... 0.000 s    
|  |  |  |     |- Iteration (0): ................ 0.012 s    
|  |  |  |     |- Iteration (1): ................ 0.002 s    
|  |  |  |     |- Iteration (2): ................ 0.001 s    
|  |  |  |     |- Iteration (3): ................ 0.001 s    
|  |  |  |     `- Iteration (4): ................ 0.000 s    
|  |  |  |- Initial partitioning: ............... 0.871 s (2)
|  |  |  |  |- Preprocessing: ................... 0.066 s (2)
|  |  |  |  |- Allocation: ...................... 0.001 s (2)
|  |  |  |  |- Bipartitioning: .................. 0.797 s (2)
|  |  |  |  `- Copy subgraph partitions: ........ 0.006 s (2)
|  |  |  `- Deallocation: ....................... 0.014 s    
|  |  `- Refinement: ............................ 0.017 s    
|  |     |- Greedy Balancer: .................... 0.000 s    
|  |     `- Label Propagation: .................. 0.017 s    
|  |        |- Iteration (0): ................... 0.012 s    
|  |        |- Iteration (1): ................... 0.001 s    
|  |        |- Iteration (2): ................... 0.001 s    
|  |        |- Iteration (3): ................... 0.000 s    
|  |        `- Iteration (4): ................... 0.000 s    
|  |- Deallocation: ............................. 0.001 s    
|  `- Re-integrate isolated nodes: .............. 0.000 s    
`- IO: .......................................... 0.000 s    

Partition summary:
  Number of blocks: 16
  Edge cut:         1417210
  Imbalance:        0.0293315
  Feasible:         yes

Block weights:
  w(0 ) = 57258    w(1 ) = 60384    w(2 ) = 60392    w(3 ) = 53761  
  w(4 ) = 59561    w(5 ) = 59386    w(6 ) = 59868    w(7 ) = 58923  
  w(8 ) = 58989    w(9 ) = 59445    w(10) = 60711    w(11) = 59571  
  w(12) = 58812    w(13) = 58587    w(14) = 58863    w(15) = 59184  

Maximum resident set size: 1514512 KiB
