################################################################################
#                _  __       __  __  _         ____                            #
#               | |/ / __ _ |  \/  |(_) _ __  |  _ \  __ _  _ __               #
#               | ' / / _` || |\/| || || '_ \ | |_) |/ _` || '__|              #
#               | . \| (_| || |  | || || | | ||  __/| (_| || |                 #
#               |_|\_\\__,_||_|  |_||_||_| |_||_|    \__,_||_|                 #
#                                                                              #
################################################################################
Current commit hash:          99c62314d27845b3825829ec1e3e97256490627d
Assertion level:              always+light
Statistics:                   disabled
Built on:                     liskov
Data type sizes:
  Nodes IDs: 4 bytes | Node weights: 4 bytes
  Edges IDs: 4 bytes | Edge weights: 4 bytes
############################################################## Input Summary ###
Execution mode:               64
Seed:                         1
Graph:                        bn-human-Jung2015_M87117515 [node ordering: deg-buckets] [edge ordering: natural]
  Number of nodes:              891589 (unweighted)
  Number of edges:            97339212 (unweighted)
Number of blocks:             16
Maximum block weight:         57396 (55725 + 3% / 3%)
---------------------------------------------------------- Graph Compression ---
Enabled:                      no
-------------------------------------------------------- Partitioning Scheme ---
Partitioning mode:            deep
  Deep initial part. mode:    async-parallel
  Deep initial part. load:    1
Subgraph memory:              Lazy
----------------------------------------------------------------- Coarsening ---
Contraction limit:            2000
Coarsening algorithm:         clustering
  Cluster weight limit:       epsilon-block-weight x 1
  Shrink factor:              1.79769e+308
  Max mem-free level:         1
  Clustering algorithm:       lp
    Number of iterations:     5
    High degree threshold:    4294967295
    Max degree:               4294967295
    Tie breaking strategy:    uniform
    Implementation:           two-phase
      Relabel:                no
    2-hop clustering:         match-threadwise, if |Vcoarse| > 0.500000 * |V|
    Isolated nodes:           match-during-two-hop
  Forced hierarchy levels:    <none> (leeway: U=10.000000, L=1.100000)
Contraction algorithm:        unbuffered
  Implementation:             two-phase
------------------------------------------------------- Initial Partitioning ---
Adaptive algorithm selection: yes
----------------------------------------------------------------- Refinement ---
Refinement algorithms:        [greedy-balancer -> lp]
Label propagation:
  Number of iterations:       5
  Tie breaking strategy:      uniform
  Implementation:             single-phase
############################################################## Preprocessing ###
Removed 0 isolated nodes
  Remaining nodes:             891589
  Remaining total node weight: 891589
############################################################### Partitioning ###
Input graph:
 Number of nodes: 891589 | Number of edges: 97339212
 Maximum node weight: 1

Coarsening -> Level 1 [max cluster weight: 1671]:
 Total edge weight:   29536096
 Number of nodes:     14430 | Number of edges: 58784
 Maximum node weight: 1671

==> Coarsening terminated with less than 128000 nodes

Initial partitioning:
 Number of blocks: 8

Uncoarsening -> Level 0
 Number of nodes: 891589 | Number of edges: 97339212
  Running refinement on 8 blocks
   1. Greedy Balancer
   2. Label Propagation
  Extending partition from 8 blocks to 16 blocks

Toplevel:
 Number of nodes: 891589 | Number of edges: 97339212
  Running refinement on 16 blocks
   1. Greedy Balancer
   2. Label Propagation
############################################################# Result Summary ###
RESULT cut=1041320 imbalance=0.0299686 feasible=1 k=16
TIME read_input_graph=5.804 partitioning=0.987 partitioning.rearrange_by_degree-buckets=0.043 partitioning.rearrange_by_degree-buckets.sort_nodes_by_integer_buckets=0.015 partitioning.rearrange_by_degree-buckets.rearrange_input_graph=0.022 partitioning.rearrange_by_degree-buckets.deallocation=0.001 partitioning.refinement=0.000 partitioning.refinement.allocation=0.000 partitioning.coarsening=0.170 partitioning.coarsening.level[0]=0.170 partitioning.coarsening.level[0].label_propagation=0.139 partitioning.coarsening.level[0].label_propagation.allocation=0.005 partitioning.coarsening.level[0].label_propagation.iteration[0]=0.069 partitioning.coarsening.level[0].label_propagation.iteration[0].first_phase=0.067 partitioning.coarsening.level[0].label_propagation.iteration[1]=0.022 partitioning.coarsening.level[0].label_propagation.iteration[1].first_phase=0.022 partitioning.coarsening.level[0].label_propagation.iteration[2]=0.013 partitioning.coarsening.level[0].label_propagation.iteration[2].first_phase=0.013 partitioning.coarsening.level[0].label_propagation.iteration[3]=0.011 partitioning.coarsening.level[0].label_propagation.iteration[3].first_phase=0.011 partitioning.coarsening.level[0].label_propagation.iteration[4]=0.010 partitioning.coarsening.level[0].label_propagation.iteration[4].first_phase=0.010 partitioning.coarsening.level[0].label_propagation.handle_isolated_nodes=0.000 partitioning.coarsening.level[0].label_propagation.handle_two-hop_nodes=0.000 partitioning.coarsening.level[0].label_propagation.free=0.006 partitioning.coarsening.level[0].contract_graph=0.030 partitioning.coarsening.level[0].contract_graph.allocation=0.000 partitioning.coarsening.level[0].contract_graph.preprocessing=0.002 partitioning.coarsening.level[0].contract_graph.deallocation=0.000 partitioning.coarsening.level[0].contract_graph.construct_coarse_graph=0.028 partitioning.coarsening.level[0].contract_graph.construct_coarse_graph.aggregate_coarse_edges=0.027 partitioning.coarsening.level[0].contract_graph.construct_coarse_graph.aggregate_coarse_edges.first_phase=0.017 partitioning.coarsening.level[0].contract_graph.construct_coarse_graph.aggregate_coarse_edges.second_phase=0.000 partitioning.coarsening.level[0].contract_graph.construct_coarse_graph.remap_coarse_edges_and_mapping=0.000 partitioning.coarsening.deallocation=0.000 partitioning.initial_partitioning_scheme=0.156 partitioning.uncoarsening=0.613 partitioning.uncoarsening.level[0]=0.592 partitioning.uncoarsening.level[0].allocation=0.000 partitioning.uncoarsening.level[0].project_partition=0.000 partitioning.uncoarsening.level[0].create_graph=0.000 partitioning.uncoarsening.level[0].refinement=0.027 partitioning.uncoarsening.level[0].refinement.greedy_balancer=0.006 partitioning.uncoarsening.level[0].refinement.greedy_balancer.allocation=0.000 partitioning.uncoarsening.level[0].refinement.greedy_balancer.initialize_balancer_pq=0.004 partitioning.uncoarsening.level[0].refinement.greedy_balancer.initialize_balancer_pq.thread-local=0.002 partitioning.uncoarsening.level[0].refinement.greedy_balancer.initialize_balancer_pq.merge_thread-local_pqs=0.002 partitioning.uncoarsening.level[0].refinement.greedy_balancer.main_loop=0.001 partitioning.uncoarsening.level[0].refinement.label_propagation=0.021 partitioning.uncoarsening.level[0].refinement.label_propagation.allocation=0.000 partitioning.uncoarsening.level[0].refinement.label_propagation.iteration[0]=0.013 partitioning.uncoarsening.level[0].refinement.label_propagation.iteration[1]=0.002 partitioning.uncoarsening.level[0].refinement.label_propagation.iteration[2]=0.002 partitioning.uncoarsening.level[0].refinement.label_propagation.iteration[3]=0.001 partitioning.uncoarsening.level[0].refinement.label_propagation.iteration[4]=0.001 partitioning.uncoarsening.level[0].initial_partitioning=0.556 partitioning.uncoarsening.level[0].initial_partitioning.preprocessing=0.029 partitioning.uncoarsening.level[0].initial_partitioning.allocation=0.001 partitioning.uncoarsening.level[0].initial_partitioning.bipartitioning=0.520 partitioning.uncoarsening.level[0].initial_partitioning.copy_subgraph_partitions=0.004 partitioning.uncoarsening.level[0].deallocation=0.008 partitioning.uncoarsening.refinement=0.021 partitioning.uncoarsening.refinement.greedy_balancer=0.002 partitioning.uncoarsening.refinement.greedy_balancer.allocation=0.000 partitioning.uncoarsening.refinement.greedy_balancer.initialize_balancer_pq=0.002 partitioning.uncoarsening.refinement.greedy_balancer.initialize_balancer_pq.thread-local=0.002 partitioning.uncoarsening.refinement.greedy_balancer.initialize_balancer_pq.merge_thread-local_pqs=0.000 partitioning.uncoarsening.refinement.greedy_balancer.main_loop=0.000 partitioning.uncoarsening.refinement.label_propagation=0.018 partitioning.uncoarsening.refinement.label_propagation.iteration[0]=0.013 partitioning.uncoarsening.refinement.label_propagation.iteration[1]=0.001 partitioning.uncoarsening.refinement.label_propagation.iteration[2]=0.001 partitioning.uncoarsening.refinement.label_propagation.iteration[3]=0.000 partitioning.uncoarsening.refinement.label_propagation.iteration[4]=0.000 partitioning.deallocation=0.002 partitioning.re-integrate_isolated_nodes=0.000 io=0.000 
MEMORY disabled

Global Timer: ................................... 6.795 s    
|- Read input graph: ............................ 5.804 s    
|- Partitioning: ................................ 0.987 s    
|  |- Rearrange by degree-buckets: .............. 0.043 s    
|  |  |- Sort nodes by integer buckets: ......... 0.015 s    
|  |  |- Rearrange input graph: ................. 0.022 s    
|  |  `- Deallocation: .......................... 0.001 s    
|  |- Refinement: ............................... 0.000 s    
|  |  `- Allocation: ............................ 0.000 s    
|  |- Coarsening: ............................... 0.170 s    
|  |  |- Level (0): ............................. 0.170 s    
|  |  |  |- Label Propagation: .................. 0.139 s    
|  |  |  |  |- Allocation: ...................... 0.005 s    
|  |  |  |  |- Iteration (0): ................... 0.069 s    
|  |  |  |  |  `- First phase: .................. 0.067 s    
|  |  |  |  |- Iteration (1): ................... 0.022 s    
|  |  |  |  |  `- First phase: .................. 0.022 s    
|  |  |  |  |- Iteration (2): ................... 0.013 s    
|  |  |  |  |  `- First phase: .................. 0.013 s    
|  |  |  |  |- Iteration (3): ................... 0.011 s    
|  |  |  |  |  `- First phase: .................. 0.011 s    
|  |  |  |  |- Iteration (4): ................... 0.010 s    
|  |  |  |  |  `- First phase: .................. 0.010 s    
|  |  |  |  |- Handle isolated nodes: ........... 0.000 s    
|  |  |  |  |- Handle two-hop nodes: ............ 0.000 s    
|  |  |  |  `- Free: ............................ 0.006 s    
|  |  |  `- Contract graph: ..................... 0.030 s    
|  |  |     |- Allocation: ...................... 0.000 s (3)
|  |  |     |- Preprocessing: ................... 0.002 s (3)
|  |  |     |- Deallocation: .................... 0.000 s    
|  |  |     `- Construct coarse graph: .......... 0.028 s    
|  |  |        |- Aggregate coarse edges: ....... 0.027 s    
|  |  |        |  |- First phase: ............... 0.017 s    
|  |  |        |  `- Second phase: .............. 0.000 s    
|  |  |        `- Remap coarse edges and mapping: 0.000 s    
|  |  `- Deallocation: .......................... 0.000 s    
|  |- Initial partitioning scheme: .............. 0.156 s    
|  |- Uncoarsening: ............................. 0.613 s    
|  |  |- Level (0): ............................. 0.592 s    
|  |  |  |- Allocation: ......................... 0.000 s    
|  |  |  |- Project partition: .................. 0.000 s    
|  |  |  |- Create graph: ....................... 0.000 s    
|  |  |  |- Refinement: ......................... 0.027 s    
|  |  |  |  |- Greedy Balancer: ................. 0.006 s    
|  |  |  |  |  |- Allocation: ................... 0.000 s    
|  |  |  |  |  |- Initialize balancer PQ: ....... 0.004 s    
|  |  |  |  |  |  |- Thread-local: .............. 0.002 s    
|  |  |  |  |  |  `- Merge thread-local PQs: .... 0.002 s    
|  |  |  |  |  `- Main loop: .................... 0.001 s    
|  |  |  |  `- Label Propagation: ............... 0.021 s    
|  |  |  |     |- Allocation: ................... 0.000 s    
|  |  |  |     |- Iteration (0): ................ 0.013 s    
|  |  |  |     |- Iteration (1): ................ 0.002 s    
|  |  |  |     |- Iteration (2): ................ 0.002 s    
|  |  |  |     |- Iteration (3): ................ 0.001 s    
|  |  |  |     `- Iteration (4): ................ 0.001 s    
|  |  |  |- Initial partitioning: ............... 0.556 s    
|  |  |  |  |- Preprocessing: ................... 0.029 s    
|  |  |  |  |- Allocation: ...................... 0.001 s    
|  |  |  |  |- Bipartitioning: .................. 0.520 s    
|  |  |  |  `- Copy subgraph partitions: ........ 0.004 s    
|  |  |  `- Deallocation: ....................... 0.008 s    
|  |  `- Refinement: ............................ 0.021 s    
|  |     |- Greedy Balancer: .................... 0.002 s    
|  |     |  |- Allocation: ...................... 0.000 s    
|  |     |  |- Initialize balancer PQ: .......... 0.002 s    
|  |     |  |  |- Thread-local: ................. 0.002 s    
|  |     |  |  `- Merge thread-local PQs: ....... 0.000 s    
|  |     |  `- Main loop: ....................... 0.000 s    
|  |     `- Label Propagation: .................. 0.018 s    
|  |        |- Iteration (0): ................... 0.013 s    
|  |        |- Iteration (1): ................... 0.001 s    
|  |        |- Iteration (2): ................... 0.001 s    
|  |        |- Iteration (3): ................... 0.000 s    
|  |        `- Iteration (4): ................... 0.000 s    
|  |- Deallocation: ............................. 0.002 s    
|  `- Re-integrate isolated nodes: .............. 0.000 s    
`- IO: .......................................... 0.000 s    

Partition summary:
  Number of blocks: 16
  Edge cut:         1041320
  Imbalance:        0.0299686
  Feasible:         yes

Block weights:
  w(0 ) = 56683    w(1 ) = 56677    w(2 ) = 57395    w(3 ) = 57394  
  w(4 ) = 57390    w(5 ) = 56380    w(6 ) = 57143    w(7 ) = 52949  
  w(8 ) = 57395    w(9 ) = 55717    w(10) = 53302    w(11) = 55927  
  w(12) = 55523    w(13) = 54776    w(14) = 51910    w(15) = 55028  

Maximum resident set size: 1537412 KiB
