################################################################################
#                _  __       __  __  _         ____                            #
#               | |/ / __ _ |  \/  |(_) _ __  |  _ \  __ _  _ __               #
#               | ' / / _` || |\/| || || '_ \ | |_) |/ _` || '__|              #
#               | . \| (_| || |  | || || | | ||  __/| (_| || |                 #
#               |_|\_\\__,_||_|  |_||_||_| |_||_|    \__,_||_|                 #
#                                                                              #
################################################################################
Current commit hash:          99c62314d27845b3825829ec1e3e97256490627d
Assertion level:              always+light
Statistics:                   disabled
Built on:                     liskov
Data type sizes:
  Nodes IDs: 4 bytes | Node weights: 4 bytes
  Edges IDs: 4 bytes | Edge weights: 4 bytes
############################################################## Input Summary ###
Execution mode:               64
Seed:                         1
Graph:                        bn-human-Jung2015_M87128519_1 [node ordering: deg-buckets] [edge ordering: natural]
  Number of nodes:               861636 (unweighted)
  Number of edges:            338735702 (unweighted)
Number of blocks:             16
Maximum block weight:         55468 (53853 + 3% / 3%)
---------------------------------------------------------- Graph Compression ---
Enabled:                      no
-------------------------------------------------------- Partitioning Scheme ---
Partitioning mode:            deep
  Deep initial part. mode:    async-parallel
  Deep initial part. load:    1
Subgraph memory:              Lazy
----------------------------------------------------------------- Coarsening ---
Contraction limit:            2000
Coarsening algorithm:         clustering
  Cluster weight limit:       epsilon-block-weight x 1
  Shrink factor:              1.79769e+308
  Max mem-free level:         1
  Clustering algorithm:       lp
    Number of iterations:     5
    High degree threshold:    4294967295
    Max degree:               4294967295
    Tie breaking strategy:    uniform
    Implementation:           two-phase
      Relabel:                no
    2-hop clustering:         match-threadwise, if |Vcoarse| > 0.500000 * |V|
    Isolated nodes:           match-during-two-hop
  Forced hierarchy levels:    <none> (leeway: U=10.000000, L=1.100000)
Contraction algorithm:        unbuffered
  Implementation:             two-phase
------------------------------------------------------- Initial Partitioning ---
Adaptive algorithm selection: yes
----------------------------------------------------------------- Refinement ---
Refinement algorithms:        [greedy-balancer -> lp]
Label propagation:
  Number of iterations:       5
  Tie breaking strategy:      uniform
  Implementation:             single-phase
############################################################## Preprocessing ###
Removed 0 isolated nodes
  Remaining nodes:             861636
  Remaining total node weight: 861636
############################################################### Partitioning ###
Input graph:
 Number of nodes: 861636 | Number of edges: 338735702
 Maximum node weight: 1

Coarsening -> Level 1 [max cluster weight: 1615]:
 Total edge weight:   171782810
 Number of nodes:     10340 | Number of edges: 56172
 Maximum node weight: 1615

==> Coarsening terminated with less than 128000 nodes

Initial partitioning:
 Number of blocks: 8

Uncoarsening -> Level 0
 Number of nodes: 861636 | Number of edges: 338735702
  Running refinement on 8 blocks
   1. Greedy Balancer
   2. Label Propagation
  Extending partition from 8 blocks to 16 blocks

Toplevel:
 Number of nodes: 861636 | Number of edges: 338735702
  Running refinement on 16 blocks
   1. Greedy Balancer
   2. Label Propagation
############################################################# Result Summary ###
RESULT cut=13291350 imbalance=0.0299705 feasible=1 k=16
TIME read_input_graph=19.892 partitioning=2.361 partitioning.rearrange_by_degree-buckets=0.066 partitioning.rearrange_by_degree-buckets.sort_nodes_by_integer_buckets=0.011 partitioning.rearrange_by_degree-buckets.rearrange_input_graph=0.044 partitioning.rearrange_by_degree-buckets.deallocation=0.005 partitioning.refinement=0.000 partitioning.refinement.allocation=0.000 partitioning.coarsening=0.537 partitioning.coarsening.level[0]=0.537 partitioning.coarsening.level[0].label_propagation=0.481 partitioning.coarsening.level[0].label_propagation.allocation=0.005 partitioning.coarsening.level[0].label_propagation.iteration[0]=0.305 partitioning.coarsening.level[0].label_propagation.iteration[0].first_phase=0.303 partitioning.coarsening.level[0].label_propagation.iteration[1]=0.076 partitioning.coarsening.level[0].label_propagation.iteration[1].first_phase=0.075 partitioning.coarsening.level[0].label_propagation.iteration[2]=0.038 partitioning.coarsening.level[0].label_propagation.iteration[2].first_phase=0.038 partitioning.coarsening.level[0].label_propagation.iteration[3]=0.025 partitioning.coarsening.level[0].label_propagation.iteration[3].first_phase=0.025 partitioning.coarsening.level[0].label_propagation.iteration[4]=0.023 partitioning.coarsening.level[0].label_propagation.iteration[4].first_phase=0.023 partitioning.coarsening.level[0].label_propagation.handle_isolated_nodes=0.000 partitioning.coarsening.level[0].label_propagation.handle_two-hop_nodes=0.000 partitioning.coarsening.level[0].label_propagation.free=0.005 partitioning.coarsening.level[0].contract_graph=0.055 partitioning.coarsening.level[0].contract_graph.allocation=0.000 partitioning.coarsening.level[0].contract_graph.preprocessing=0.003 partitioning.coarsening.level[0].contract_graph.deallocation=0.000 partitioning.coarsening.level[0].contract_graph.construct_coarse_graph=0.052 partitioning.coarsening.level[0].contract_graph.construct_coarse_graph.aggregate_coarse_edges=0.051 partitioning.coarsening.level[0].contract_graph.construct_coarse_graph.aggregate_coarse_edges.first_phase=0.041 partitioning.coarsening.level[0].contract_graph.construct_coarse_graph.aggregate_coarse_edges.second_phase=0.000 partitioning.coarsening.level[0].contract_graph.construct_coarse_graph.remap_coarse_edges_and_mapping=0.000 partitioning.coarsening.deallocation=0.000 partitioning.initial_partitioning_scheme=0.162 partitioning.uncoarsening=1.591 partitioning.uncoarsening.level[0]=1.506 partitioning.uncoarsening.level[0].allocation=0.000 partitioning.uncoarsening.level[0].project_partition=0.000 partitioning.uncoarsening.level[0].create_graph=0.000 partitioning.uncoarsening.level[0].refinement=0.130 partitioning.uncoarsening.level[0].refinement.greedy_balancer=0.030 partitioning.uncoarsening.level[0].refinement.greedy_balancer.allocation=0.000 partitioning.uncoarsening.level[0].refinement.greedy_balancer.initialize_balancer_pq=0.019 partitioning.uncoarsening.level[0].refinement.greedy_balancer.initialize_balancer_pq.thread-local=0.014 partitioning.uncoarsening.level[0].refinement.greedy_balancer.initialize_balancer_pq.merge_thread-local_pqs=0.004 partitioning.uncoarsening.level[0].refinement.greedy_balancer.main_loop=0.009 partitioning.uncoarsening.level[0].refinement.label_propagation=0.100 partitioning.uncoarsening.level[0].refinement.label_propagation.allocation=0.000 partitioning.uncoarsening.level[0].refinement.label_propagation.iteration[0]=0.037 partitioning.uncoarsening.level[0].refinement.label_propagation.iteration[1]=0.019 partitioning.uncoarsening.level[0].refinement.label_propagation.iteration[2]=0.016 partitioning.uncoarsening.level[0].refinement.label_propagation.iteration[3]=0.014 partitioning.uncoarsening.level[0].refinement.label_propagation.iteration[4]=0.011 partitioning.uncoarsening.level[0].initial_partitioning=1.357 partitioning.uncoarsening.level[0].initial_partitioning.preprocessing=0.038 partitioning.uncoarsening.level[0].initial_partitioning.allocation=0.000 partitioning.uncoarsening.level[0].initial_partitioning.bipartitioning=1.315 partitioning.uncoarsening.level[0].initial_partitioning.copy_subgraph_partitions=0.003 partitioning.uncoarsening.level[0].deallocation=0.016 partitioning.uncoarsening.refinement=0.084 partitioning.uncoarsening.refinement.greedy_balancer=0.009 partitioning.uncoarsening.refinement.greedy_balancer.allocation=0.000 partitioning.uncoarsening.refinement.greedy_balancer.initialize_balancer_pq=0.009 partitioning.uncoarsening.refinement.greedy_balancer.initialize_balancer_pq.thread-local=0.008 partitioning.uncoarsening.refinement.greedy_balancer.initialize_balancer_pq.merge_thread-local_pqs=0.000 partitioning.uncoarsening.refinement.greedy_balancer.main_loop=0.000 partitioning.uncoarsening.refinement.label_propagation=0.075 partitioning.uncoarsening.refinement.label_propagation.iteration[0]=0.036 partitioning.uncoarsening.refinement.label_propagation.iteration[1]=0.012 partitioning.uncoarsening.refinement.label_propagation.iteration[2]=0.010 partitioning.uncoarsening.refinement.label_propagation.iteration[3]=0.007 partitioning.uncoarsening.refinement.label_propagation.iteration[4]=0.007 partitioning.deallocation=0.002 partitioning.re-integrate_isolated_nodes=0.000 io=0.000 
MEMORY disabled

Global Timer: ................................... 22.260 s    
|- Read input graph: ............................ 19.892 s    
|- Partitioning: ................................ 2.361 s     
|  |- Rearrange by degree-buckets: .............. 0.066 s     
|  |  |- Sort nodes by integer buckets: ......... 0.011 s     
|  |  |- Rearrange input graph: ................. 0.044 s     
|  |  `- Deallocation: .......................... 0.005 s     
|  |- Refinement: ............................... 0.000 s     
|  |  `- Allocation: ............................ 0.000 s     
|  |- Coarsening: ............................... 0.537 s     
|  |  |- Level (0): ............................. 0.537 s     
|  |  |  |- Label Propagation: .................. 0.481 s     
|  |  |  |  |- Allocation: ...................... 0.005 s     
|  |  |  |  |- Iteration (0): ................... 0.305 s     
|  |  |  |  |  `- First phase: .................. 0.303 s     
|  |  |  |  |- Iteration (1): ................... 0.076 s     
|  |  |  |  |  `- First phase: .................. 0.075 s     
|  |  |  |  |- Iteration (2): ................... 0.038 s     
|  |  |  |  |  `- First phase: .................. 0.038 s     
|  |  |  |  |- Iteration (3): ................... 0.025 s     
|  |  |  |  |  `- First phase: .................. 0.025 s     
|  |  |  |  |- Iteration (4): ................... 0.023 s     
|  |  |  |  |  `- First phase: .................. 0.023 s     
|  |  |  |  |- Handle isolated nodes: ........... 0.000 s     
|  |  |  |  |- Handle two-hop nodes: ............ 0.000 s     
|  |  |  |  `- Free: ............................ 0.005 s     
|  |  |  `- Contract graph: ..................... 0.055 s     
|  |  |     |- Allocation: ...................... 0.000 s  (3)
|  |  |     |- Preprocessing: ................... 0.003 s  (3)
|  |  |     |- Deallocation: .................... 0.000 s     
|  |  |     `- Construct coarse graph: .......... 0.052 s     
|  |  |        |- Aggregate coarse edges: ....... 0.051 s     
|  |  |        |  |- First phase: ............... 0.041 s     
|  |  |        |  `- Second phase: .............. 0.000 s     
|  |  |        `- Remap coarse edges and mapping: 0.000 s     
|  |  `- Deallocation: .......................... 0.000 s     
|  |- Initial partitioning scheme: .............. 0.162 s     
|  |- Uncoarsening: ............................. 1.591 s     
|  |  |- Level (0): ............................. 1.506 s     
|  |  |  |- Allocation: ......................... 0.000 s     
|  |  |  |- Project partition: .................. 0.000 s     
|  |  |  |- Create graph: ....................... 0.000 s     
|  |  |  |- Refinement: ......................... 0.130 s     
|  |  |  |  |- Greedy Balancer: ................. 0.030 s     
|  |  |  |  |  |- Allocation: ................... 0.000 s     
|  |  |  |  |  |- Initialize balancer PQ: ....... 0.019 s     
|  |  |  |  |  |  |- Thread-local: .............. 0.014 s     
|  |  |  |  |  |  `- Merge thread-local PQs: .... 0.004 s     
|  |  |  |  |  `- Main loop: .................... 0.009 s     
|  |  |  |  `- Label Propagation: ............... 0.100 s     
|  |  |  |     |- Allocation: ................... 0.000 s     
|  |  |  |     |- Iteration (0): ................ 0.037 s     
|  |  |  |     |- Iteration (1): ................ 0.019 s     
|  |  |  |     |- Iteration (2): ................ 0.016 s     
|  |  |  |     |- Iteration (3): ................ 0.014 s     
|  |  |  |     `- Iteration (4): ................ 0.011 s     
|  |  |  |- Initial partitioning: ............... 1.357 s     
|  |  |  |  |- Preprocessing: ................... 0.038 s     
|  |  |  |  |- Allocation: ...................... 0.000 s     
|  |  |  |  |- Bipartitioning: .................. 1.315 s     
|  |  |  |  `- Copy subgraph partitions: ........ 0.003 s     
|  |  |  `- Deallocation: ....................... 0.016 s     
|  |  `- Refinement: ............................ 0.084 s     
|  |     |- Greedy Balancer: .................... 0.009 s     
|  |     |  |- Allocation: ...................... 0.000 s     
|  |     |  |- Initialize balancer PQ: .......... 0.009 s     
|  |     |  |  |- Thread-local: ................. 0.008 s     
|  |     |  |  `- Merge thread-local PQs: ....... 0.000 s     
|  |     |  `- Main loop: ....................... 0.000 s     
|  |     `- Label Propagation: .................. 0.075 s     
|  |        |- Iteration (0): ................... 0.036 s     
|  |        |- Iteration (1): ................... 0.012 s     
|  |        |- Iteration (2): ................... 0.010 s     
|  |        |- Iteration (3): ................... 0.007 s     
|  |        `- Iteration (4): ................... 0.007 s     
|  |- Deallocation: ............................. 0.002 s     
|  `- Re-integrate isolated nodes: .............. 0.000 s     
`- IO: .......................................... 0.000 s     

Partition summary:
  Number of blocks: 16
  Edge cut:         13291350
  Imbalance:        0.0299705
  Feasible:         yes

Block weights:
  w(0 ) = 55456    w(1 ) = 53107    w(2 ) = 53566    w(3 ) = 55467  
  w(4 ) = 51547    w(5 ) = 51246    w(6 ) = 47529    w(7 ) = 52504  
  w(8 ) = 55467    w(9 ) = 55467    w(10) = 54520    w(11) = 55467  
  w(12) = 55467    w(13) = 55461    w(14) = 55467    w(15) = 53898  

Maximum resident set size: 3592688 KiB
