################################################################################
#                _  __       __  __  _         ____                            #
#               | |/ / __ _ |  \/  |(_) _ __  |  _ \  __ _  _ __               #
#               | ' / / _` || |\/| || || '_ \ | |_) |/ _` || '__|              #
#               | . \| (_| || |  | || || | | ||  __/| (_| || |                 #
#               |_|\_\\__,_||_|  |_||_||_| |_||_|    \__,_||_|                 #
#                                                                              #
################################################################################
Current commit hash:          99c62314d27845b3825829ec1e3e97256490627d
Assertion level:              always+light
Statistics:                   disabled
Built on:                     liskov
Data type sizes:
  Nodes IDs: 4 bytes | Node weights: 4 bytes
  Edges IDs: 4 bytes | Edge weights: 4 bytes
############################################################## Input Summary ###
Execution mode:               64
Seed:                         1
Graph:                        Bump_2911 [node ordering: deg-buckets] [edge ordering: natural]
  Number of nodes:              2911419 (unweighted)
  Number of edges:            124818480 (unweighted)
Number of blocks:             16
Maximum block weight:         187422 (181964 + 3% / 3%)
---------------------------------------------------------- Graph Compression ---
Enabled:                      no
-------------------------------------------------------- Partitioning Scheme ---
Partitioning mode:            deep
  Deep initial part. mode:    async-parallel
  Deep initial part. load:    1
Subgraph memory:              Lazy
----------------------------------------------------------------- Coarsening ---
Contraction limit:            2000
Coarsening algorithm:         clustering
  Cluster weight limit:       epsilon-block-weight x 1
  Shrink factor:              1.79769e+308
  Max mem-free level:         1
  Clustering algorithm:       lp
    Number of iterations:     5
    High degree threshold:    4294967295
    Max degree:               4294967295
    Tie breaking strategy:    uniform
    Implementation:           two-phase
      Relabel:                no
    2-hop clustering:         match-threadwise, if |Vcoarse| > 0.500000 * |V|
    Isolated nodes:           match-during-two-hop
  Forced hierarchy levels:    <none> (leeway: U=10.000000, L=1.100000)
Contraction algorithm:        unbuffered
  Implementation:             two-phase
------------------------------------------------------- Initial Partitioning ---
Adaptive algorithm selection: yes
----------------------------------------------------------------- Refinement ---
Refinement algorithms:        [greedy-balancer -> lp]
Label propagation:
  Number of iterations:       5
  Tie breaking strategy:      uniform
  Implementation:             single-phase
############################################################## Preprocessing ###
Removed 58989 isolated nodes
  Remaining nodes:             2852430
  Remaining total node weight: 2852430
############################################################### Partitioning ###
Input graph:
 Number of nodes: 2852430 | Number of edges: 124818480
 Maximum node weight: 1

Coarsening -> Level 1 [max cluster weight: 9145]:
 Total edge weight:   45846682
 Number of nodes:     22794 | Number of edges: 320418
 Maximum node weight: 1484

==> Coarsening terminated with less than 128000 nodes

Initial partitioning:
 Number of blocks: 16

Uncoarsening -> Level 0
 Number of nodes: 2852430 | Number of edges: 124818480
  Running refinement on 16 blocks
   1. Greedy Balancer
   2. Label Propagation
############################################################# Result Summary ###
RESULT cut=2065641 imbalance=0.0299949 feasible=1 k=16
TIME read_input_graph=8.451 partitioning=0.417 partitioning.rearrange_by_degree-buckets=0.037 partitioning.rearrange_by_degree-buckets.sort_nodes_by_integer_buckets=0.012 partitioning.rearrange_by_degree-buckets.rearrange_input_graph=0.019 partitioning.rearrange_by_degree-buckets.deallocation=0.002 partitioning.refinement=0.003 partitioning.refinement.allocation=0.003 partitioning.coarsening=0.198 partitioning.coarsening.level[0]=0.198 partitioning.coarsening.level[0].label_propagation=0.142 partitioning.coarsening.level[0].label_propagation.allocation=0.009 partitioning.coarsening.level[0].label_propagation.iteration[0]=0.046 partitioning.coarsening.level[0].label_propagation.iteration[0].first_phase=0.043 partitioning.coarsening.level[0].label_propagation.iteration[1]=0.025 partitioning.coarsening.level[0].label_propagation.iteration[1].first_phase=0.025 partitioning.coarsening.level[0].label_propagation.iteration[2]=0.019 partitioning.coarsening.level[0].label_propagation.iteration[2].first_phase=0.019 partitioning.coarsening.level[0].label_propagation.iteration[3]=0.014 partitioning.coarsening.level[0].label_propagation.iteration[3].first_phase=0.014 partitioning.coarsening.level[0].label_propagation.iteration[4]=0.011 partitioning.coarsening.level[0].label_propagation.iteration[4].first_phase=0.011 partitioning.coarsening.level[0].label_propagation.handle_isolated_nodes=0.000 partitioning.coarsening.level[0].label_propagation.handle_two-hop_nodes=0.000 partitioning.coarsening.level[0].label_propagation.free=0.006 partitioning.coarsening.level[0].contract_graph=0.053 partitioning.coarsening.level[0].contract_graph.allocation=0.001 partitioning.coarsening.level[0].contract_graph.preprocessing=0.005 partitioning.coarsening.level[0].contract_graph.deallocation=0.000 partitioning.coarsening.level[0].contract_graph.construct_coarse_graph=0.044 partitioning.coarsening.level[0].contract_graph.construct_coarse_graph.aggregate_coarse_edges=0.043 partitioning.coarsening.level[0].contract_graph.construct_coarse_graph.aggregate_coarse_edges.first_phase=0.030 partitioning.coarsening.level[0].contract_graph.construct_coarse_graph.aggregate_coarse_edges.second_phase=0.000 partitioning.coarsening.level[0].contract_graph.construct_coarse_graph.remap_coarse_edges_and_mapping=0.001 partitioning.coarsening.deallocation=0.000 partitioning.initial_partitioning_scheme=0.109 partitioning.uncoarsening=0.048 partitioning.uncoarsening.level[0]=0.048 partitioning.uncoarsening.level[0].allocation=0.003 partitioning.uncoarsening.level[0].project_partition=0.000 partitioning.uncoarsening.level[0].create_graph=0.000 partitioning.uncoarsening.level[0].refinement=0.043 partitioning.uncoarsening.level[0].refinement.greedy_balancer=0.000 partitioning.uncoarsening.level[0].refinement.label_propagation=0.043 partitioning.uncoarsening.level[0].refinement.label_propagation.allocation=0.000 partitioning.uncoarsening.level[0].refinement.label_propagation.iteration[0]=0.026 partitioning.uncoarsening.level[0].refinement.label_propagation.iteration[1]=0.007 partitioning.uncoarsening.level[0].refinement.label_propagation.iteration[2]=0.004 partitioning.uncoarsening.level[0].refinement.label_propagation.iteration[3]=0.002 partitioning.uncoarsening.level[0].refinement.label_propagation.iteration[4]=0.001 partitioning.deallocation=0.005 partitioning.re-integrate_isolated_nodes=0.007 io=0.000 
MEMORY disabled

Global Timer: ................................... 8.878 s    
|- Read input graph: ............................ 8.451 s    
|- Partitioning: ................................ 0.417 s    
|  |- Rearrange by degree-buckets: .............. 0.037 s    
|  |  |- Sort nodes by integer buckets: ......... 0.012 s    
|  |  |- Rearrange input graph: ................. 0.019 s    
|  |  `- Deallocation: .......................... 0.002 s    
|  |- Refinement: ............................... 0.003 s    
|  |  `- Allocation: ............................ 0.003 s    
|  |- Coarsening: ............................... 0.198 s    
|  |  |- Level (0): ............................. 0.198 s    
|  |  |  |- Label Propagation: .................. 0.142 s    
|  |  |  |  |- Allocation: ...................... 0.009 s    
|  |  |  |  |- Iteration (0): ................... 0.046 s    
|  |  |  |  |  `- First phase: .................. 0.043 s    
|  |  |  |  |- Iteration (1): ................... 0.025 s    
|  |  |  |  |  `- First phase: .................. 0.025 s    
|  |  |  |  |- Iteration (2): ................... 0.019 s    
|  |  |  |  |  `- First phase: .................. 0.019 s    
|  |  |  |  |- Iteration (3): ................... 0.014 s    
|  |  |  |  |  `- First phase: .................. 0.014 s    
|  |  |  |  |- Iteration (4): ................... 0.011 s    
|  |  |  |  |  `- First phase: .................. 0.011 s    
|  |  |  |  |- Handle isolated nodes: ........... 0.000 s    
|  |  |  |  |- Handle two-hop nodes: ............ 0.000 s    
|  |  |  |  `- Free: ............................ 0.006 s    
|  |  |  `- Contract graph: ..................... 0.053 s    
|  |  |     |- Allocation: ...................... 0.001 s (3)
|  |  |     |- Preprocessing: ................... 0.005 s (3)
|  |  |     |- Deallocation: .................... 0.000 s    
|  |  |     `- Construct coarse graph: .......... 0.044 s    
|  |  |        |- Aggregate coarse edges: ....... 0.043 s    
|  |  |        |  |- First phase: ............... 0.030 s    
|  |  |        |  `- Second phase: .............. 0.000 s    
|  |  |        `- Remap coarse edges and mapping: 0.001 s    
|  |  `- Deallocation: .......................... 0.000 s    
|  |- Initial partitioning scheme: .............. 0.109 s    
|  |- Uncoarsening: ............................. 0.048 s    
|  |  `- Level (0): ............................. 0.048 s    
|  |     |- Allocation: ......................... 0.003 s    
|  |     |- Project partition: .................. 0.000 s    
|  |     |- Create graph: ....................... 0.000 s    
|  |     `- Refinement: ......................... 0.043 s    
|  |        |- Greedy Balancer: ................. 0.000 s    
|  |        `- Label Propagation: ............... 0.043 s    
|  |           |- Allocation: ................... 0.000 s    
|  |           |- Iteration (0): ................ 0.026 s    
|  |           |- Iteration (1): ................ 0.007 s    
|  |           |- Iteration (2): ................ 0.004 s    
|  |           |- Iteration (3): ................ 0.002 s    
|  |           `- Iteration (4): ................ 0.001 s    
|  |- Deallocation: ............................. 0.005 s    
|  `- Re-integrate isolated nodes: .............. 0.007 s    
`- IO: .......................................... 0.000 s    

Partition summary:
  Number of blocks: 16
  Edge cut:         2065641
  Imbalance:        0.0299949
  Feasible:         yes

Block weights:
  w(0 ) = 187422    w(1 ) = 187422    w(2 ) = 187422    w(3 ) = 187422  
  w(4 ) = 187422    w(5 ) = 187422    w(6 ) = 187422    w(7 ) = 187422  
  w(8 ) = 185897    w(9 ) = 184316    w(10) = 170714    w(11) = 180952  
  w(12) = 143671    w(13) = 187160    w(14) = 180567    w(15) = 178766  

Maximum resident set size: 1448408 KiB
