################################################################################
#                _  __       __  __  _         ____                            #
#               | |/ / __ _ |  \/  |(_) _ __  |  _ \  __ _  _ __               #
#               | ' / / _` || |\/| || || '_ \ | |_) |/ _` || '__|              #
#               | . \| (_| || |  | || || | | ||  __/| (_| || |                 #
#               |_|\_\\__,_||_|  |_||_||_| |_||_|    \__,_||_|                 #
#                                                                              #
################################################################################
Current commit hash:          99c62314d27845b3825829ec1e3e97256490627d
Assertion level:              always+light
Statistics:                   disabled
Built on:                     liskov
Data type sizes:
  Nodes IDs: 4 bytes | Node weights: 4 bytes
  Edges IDs: 4 bytes | Edge weights: 4 bytes
############################################################## Input Summary ###
Execution mode:               64
Seed:                         1
Graph:                        channel-500x100x100-b050 [node ordering: deg-buckets] [edge ordering: natural]
  Number of nodes:             4802000 (unweighted)
  Number of edges:            85362744 (unweighted)
Number of blocks:             16
Maximum block weight:         309128 (300125 + 3% / 3%)
---------------------------------------------------------- Graph Compression ---
Enabled:                      no
-------------------------------------------------------- Partitioning Scheme ---
Partitioning mode:            deep
  Deep initial part. mode:    async-parallel
  Deep initial part. load:    1
Subgraph memory:              Lazy
----------------------------------------------------------------- Coarsening ---
Contraction limit:            2000
Coarsening algorithm:         clustering
  Cluster weight limit:       epsilon-block-weight x 1
  Shrink factor:              1.79769e+308
  Max mem-free level:         1
  Clustering algorithm:       lp
    Number of iterations:     5
    High degree threshold:    4294967295
    Max degree:               4294967295
    Tie breaking strategy:    uniform
    Implementation:           two-phase
      Relabel:                no
    2-hop clustering:         match-threadwise, if |Vcoarse| > 0.500000 * |V|
    Isolated nodes:           match-during-two-hop
  Forced hierarchy levels:    <none> (leeway: U=10.000000, L=1.100000)
Contraction algorithm:        unbuffered
  Implementation:             two-phase
------------------------------------------------------- Initial Partitioning ---
Adaptive algorithm selection: yes
----------------------------------------------------------------- Refinement ---
Refinement algorithms:        [greedy-balancer -> lp]
Label propagation:
  Number of iterations:       5
  Tie breaking strategy:      uniform
  Implementation:             single-phase
############################################################## Preprocessing ###
Removed 0 isolated nodes
  Remaining nodes:             4802000
  Remaining total node weight: 4802000
############################################################### Partitioning ###
Input graph:
 Number of nodes: 4802000 | Number of edges: 85362744
 Maximum node weight: 1

Coarsening -> Level 1 [max cluster weight: 9003]:
 Total edge weight:   32780732
 Number of nodes:     97841 | Number of edges: 1375806
 Maximum node weight: 709

==> Coarsening terminated with less than 128000 nodes

Initial partitioning:
 Number of blocks: 16

Uncoarsening -> Level 0
 Number of nodes: 4802000 | Number of edges: 85362744
  Running refinement on 16 blocks
   1. Greedy Balancer
   2. Label Propagation
############################################################# Result Summary ###
RESULT cut=720681 imbalance=0.0213244 feasible=1 k=16
TIME read_input_graph=5.753 partitioning=0.492 partitioning.rearrange_by_degree-buckets=0.040 partitioning.rearrange_by_degree-buckets.sort_nodes_by_integer_buckets=0.015 partitioning.rearrange_by_degree-buckets.rearrange_input_graph=0.020 partitioning.rearrange_by_degree-buckets.deallocation=0.001 partitioning.refinement=0.000 partitioning.refinement.allocation=0.000 partitioning.coarsening=0.192 partitioning.coarsening.level[0]=0.192 partitioning.coarsening.level[0].label_propagation=0.148 partitioning.coarsening.level[0].label_propagation.allocation=0.016 partitioning.coarsening.level[0].label_propagation.iteration[0]=0.039 partitioning.coarsening.level[0].label_propagation.iteration[0].first_phase=0.036 partitioning.coarsening.level[0].label_propagation.iteration[1]=0.025 partitioning.coarsening.level[0].label_propagation.iteration[1].first_phase=0.025 partitioning.coarsening.level[0].label_propagation.iteration[2]=0.021 partitioning.coarsening.level[0].label_propagation.iteration[2].first_phase=0.021 partitioning.coarsening.level[0].label_propagation.iteration[3]=0.020 partitioning.coarsening.level[0].label_propagation.iteration[3].first_phase=0.020 partitioning.coarsening.level[0].label_propagation.iteration[4]=0.017 partitioning.coarsening.level[0].label_propagation.iteration[4].first_phase=0.017 partitioning.coarsening.level[0].label_propagation.handle_isolated_nodes=0.000 partitioning.coarsening.level[0].label_propagation.handle_two-hop_nodes=0.000 partitioning.coarsening.level[0].label_propagation.free=0.005 partitioning.coarsening.level[0].contract_graph=0.044 partitioning.coarsening.level[0].contract_graph.allocation=0.000 partitioning.coarsening.level[0].contract_graph.preprocessing=0.005 partitioning.coarsening.level[0].contract_graph.deallocation=0.000 partitioning.coarsening.level[0].contract_graph.construct_coarse_graph=0.038 partitioning.coarsening.level[0].contract_graph.construct_coarse_graph.aggregate_coarse_edges=0.036 partitioning.coarsening.level[0].contract_graph.construct_coarse_graph.aggregate_coarse_edges.first_phase=0.026 partitioning.coarsening.level[0].contract_graph.construct_coarse_graph.aggregate_coarse_edges.second_phase=0.000 partitioning.coarsening.level[0].contract_graph.construct_coarse_graph.remap_coarse_edges_and_mapping=0.001 partitioning.coarsening.deallocation=0.000 partitioning.initial_partitioning_scheme=0.187 partitioning.uncoarsening=0.065 partitioning.uncoarsening.level[0]=0.065 partitioning.uncoarsening.level[0].allocation=0.008 partitioning.uncoarsening.level[0].project_partition=0.000 partitioning.uncoarsening.level[0].create_graph=0.000 partitioning.uncoarsening.level[0].refinement=0.054 partitioning.uncoarsening.level[0].refinement.greedy_balancer=0.005 partitioning.uncoarsening.level[0].refinement.greedy_balancer.allocation=0.000 partitioning.uncoarsening.level[0].refinement.greedy_balancer.initialize_balancer_pq=0.004 partitioning.uncoarsening.level[0].refinement.greedy_balancer.initialize_balancer_pq.thread-local=0.003 partitioning.uncoarsening.level[0].refinement.greedy_balancer.initialize_balancer_pq.merge_thread-local_pqs=0.001 partitioning.uncoarsening.level[0].refinement.greedy_balancer.main_loop=0.000 partitioning.uncoarsening.level[0].refinement.label_propagation=0.049 partitioning.uncoarsening.level[0].refinement.label_propagation.allocation=0.004 partitioning.uncoarsening.level[0].refinement.label_propagation.iteration[0]=0.023 partitioning.uncoarsening.level[0].refinement.label_propagation.iteration[1]=0.006 partitioning.uncoarsening.level[0].refinement.label_propagation.iteration[2]=0.005 partitioning.uncoarsening.level[0].refinement.label_propagation.iteration[3]=0.004 partitioning.uncoarsening.level[0].refinement.label_propagation.iteration[4]=0.003 partitioning.deallocation=0.001 partitioning.re-integrate_isolated_nodes=0.004 io=0.000 
MEMORY disabled

Global Timer: ................................... 6.251 s    
|- Read input graph: ............................ 5.753 s    
|- Partitioning: ................................ 0.492 s    
|  |- Rearrange by degree-buckets: .............. 0.040 s    
|  |  |- Sort nodes by integer buckets: ......... 0.015 s    
|  |  |- Rearrange input graph: ................. 0.020 s    
|  |  `- Deallocation: .......................... 0.001 s    
|  |- Refinement: ............................... 0.000 s    
|  |  `- Allocation: ............................ 0.000 s    
|  |- Coarsening: ............................... 0.192 s    
|  |  |- Level (0): ............................. 0.192 s    
|  |  |  |- Label Propagation: .................. 0.148 s    
|  |  |  |  |- Allocation: ...................... 0.016 s    
|  |  |  |  |- Iteration (0): ................... 0.039 s    
|  |  |  |  |  `- First phase: .................. 0.036 s    
|  |  |  |  |- Iteration (1): ................... 0.025 s    
|  |  |  |  |  `- First phase: .................. 0.025 s    
|  |  |  |  |- Iteration (2): ................... 0.021 s    
|  |  |  |  |  `- First phase: .................. 0.021 s    
|  |  |  |  |- Iteration (3): ................... 0.020 s    
|  |  |  |  |  `- First phase: .................. 0.020 s    
|  |  |  |  |- Iteration (4): ................... 0.017 s    
|  |  |  |  |  `- First phase: .................. 0.017 s    
|  |  |  |  |- Handle isolated nodes: ........... 0.000 s    
|  |  |  |  |- Handle two-hop nodes: ............ 0.000 s    
|  |  |  |  `- Free: ............................ 0.005 s    
|  |  |  `- Contract graph: ..................... 0.044 s    
|  |  |     |- Allocation: ...................... 0.000 s (3)
|  |  |     |- Preprocessing: ................... 0.005 s (3)
|  |  |     |- Deallocation: .................... 0.000 s    
|  |  |     `- Construct coarse graph: .......... 0.038 s    
|  |  |        |- Aggregate coarse edges: ....... 0.036 s    
|  |  |        |  |- First phase: ............... 0.026 s    
|  |  |        |  `- Second phase: .............. 0.000 s    
|  |  |        `- Remap coarse edges and mapping: 0.001 s    
|  |  `- Deallocation: .......................... 0.000 s    
|  |- Initial partitioning scheme: .............. 0.187 s    
|  |- Uncoarsening: ............................. 0.065 s    
|  |  `- Level (0): ............................. 0.065 s    
|  |     |- Allocation: ......................... 0.008 s    
|  |     |- Project partition: .................. 0.000 s    
|  |     |- Create graph: ....................... 0.000 s    
|  |     `- Refinement: ......................... 0.054 s    
|  |        |- Greedy Balancer: ................. 0.005 s    
|  |        |  |- Allocation: ................... 0.000 s    
|  |        |  |- Initialize balancer PQ: ....... 0.004 s    
|  |        |  |  |- Thread-local: .............. 0.003 s    
|  |        |  |  `- Merge thread-local PQs: .... 0.001 s    
|  |        |  `- Main loop: .................... 0.000 s    
|  |        `- Label Propagation: ............... 0.049 s    
|  |           |- Allocation: ................... 0.004 s    
|  |           |- Iteration (0): ................ 0.023 s    
|  |           |- Iteration (1): ................ 0.006 s    
|  |           |- Iteration (2): ................ 0.005 s    
|  |           |- Iteration (3): ................ 0.004 s    
|  |           `- Iteration (4): ................ 0.003 s    
|  |- Deallocation: ............................. 0.001 s    
|  `- Re-integrate isolated nodes: .............. 0.004 s    
`- IO: .......................................... 0.000 s    

Partition summary:
  Number of blocks: 16
  Edge cut:         720681
  Imbalance:        0.0213244
  Feasible:         yes

Block weights:
  w(0 ) = 258181    w(1 ) = 303056    w(2 ) = 287789    w(3 ) = 303050  
  w(4 ) = 304409    w(5 ) = 304400    w(6 ) = 303230    w(7 ) = 286578  
  w(8 ) = 306488    w(9 ) = 306523    w(10) = 306249    w(11) = 306244  
  w(12) = 306381    w(13) = 306381    w(14) = 306516    w(15) = 306525  

Maximum resident set size: 1171196 KiB
