################################################################################
#                _  __       __  __  _         ____                            #
#               | |/ / __ _ |  \/  |(_) _ __  |  _ \  __ _  _ __               #
#               | ' / / _` || |\/| || || '_ \ | |_) |/ _` || '__|              #
#               | . \| (_| || |  | || || | | ||  __/| (_| || |                 #
#               |_|\_\\__,_||_|  |_||_||_| |_||_|    \__,_||_|                 #
#                                                                              #
################################################################################
Current commit hash:          99c62314d27845b3825829ec1e3e97256490627d
Assertion level:              always+light
Statistics:                   disabled
Built on:                     liskov
Data type sizes:
  Nodes IDs: 4 bytes | Node weights: 4 bytes
  Edges IDs: 4 bytes | Edge weights: 4 bytes
############################################################## Input Summary ###
Execution mode:               64
Seed:                         1
Graph:                        circuit5M [node ordering: deg-buckets] [edge ordering: natural]
  Number of nodes:             5558326 (unweighted)
  Number of edges:            53967852 (unweighted)
Number of blocks:             16
Maximum block weight:         357817 (347396 + 3% / 3%)
---------------------------------------------------------- Graph Compression ---
Enabled:                      no
-------------------------------------------------------- Partitioning Scheme ---
Partitioning mode:            deep
  Deep initial part. mode:    async-parallel
  Deep initial part. load:    1
Subgraph memory:              Lazy
----------------------------------------------------------------- Coarsening ---
Contraction limit:            2000
Coarsening algorithm:         clustering
  Cluster weight limit:       epsilon-block-weight x 1
  Shrink factor:              1.79769e+308
  Max mem-free level:         1
  Clustering algorithm:       lp
    Number of iterations:     5
    High degree threshold:    4294967295
    Max degree:               4294967295
    Tie breaking strategy:    uniform
    Implementation:           two-phase
      Relabel:                no
    2-hop clustering:         match-threadwise, if |Vcoarse| > 0.500000 * |V|
    Isolated nodes:           match-during-two-hop
  Forced hierarchy levels:    <none> (leeway: U=10.000000, L=1.100000)
Contraction algorithm:        unbuffered
  Implementation:             two-phase
------------------------------------------------------- Initial Partitioning ---
Adaptive algorithm selection: yes
----------------------------------------------------------------- Refinement ---
Refinement algorithms:        [greedy-balancer -> lp]
Label propagation:
  Number of iterations:       5
  Tie breaking strategy:      uniform
  Implementation:             single-phase
############################################################## Preprocessing ###
Removed 15 isolated nodes
  Remaining nodes:             5558311
  Remaining total node weight: 5558311
############################################################### Partitioning ###
Input graph:
 Number of nodes: 5558311 | Number of edges: 53967852
 Maximum node weight: 1

Coarsening -> Level 1 [max cluster weight: 10422]:
 Total edge weight:   42733766
 Number of nodes:     340203 | Number of edges: 12170152
 Maximum node weight: 10422

Coarsening -> Level 2 [max cluster weight: 10422]:
 Total edge weight:   22777458
 Number of nodes:     2550 | Number of edges: 29852
 Maximum node weight: 10422

==> Coarsening terminated with less than 128000 nodes

Initial partitioning:
 Number of blocks: 2

Uncoarsening -> Level 1
 Number of nodes: 340203 | Number of edges: 12170152
  Running refinement on 2 blocks
   1. Greedy Balancer
   2. Label Propagation
  Extending partition from 2 blocks to 16 blocks

Uncoarsening -> Level 0
 Number of nodes: 5558311 | Number of edges: 53967852
  Running refinement on 16 blocks
   1. Greedy Balancer
   2. Label Propagation
############################################################# Result Summary ###
RESULT cut=5787069 imbalance=0.0299975 feasible=1 k=16
TIME read_input_graph=3.428 partitioning=1.289 partitioning.rearrange_by_degree-buckets=0.085 partitioning.rearrange_by_degree-buckets.sort_nodes_by_integer_buckets=0.010 partitioning.rearrange_by_degree-buckets.rearrange_input_graph=0.071 partitioning.rearrange_by_degree-buckets.deallocation=0.001 partitioning.refinement=0.000 partitioning.refinement.allocation=0.000 partitioning.coarsening=0.368 partitioning.coarsening.level[0]=0.332 partitioning.coarsening.level[0].label_propagation=0.249 partitioning.coarsening.level[0].label_propagation.allocation=0.014 partitioning.coarsening.level[0].label_propagation.iteration[0]=0.184 partitioning.coarsening.level[0].label_propagation.iteration[0].first_phase=0.173 partitioning.coarsening.level[0].label_propagation.iteration[0].second_phase=0.008 partitioning.coarsening.level[0].label_propagation.iteration[1]=0.016 partitioning.coarsening.level[0].label_propagation.iteration[1].first_phase=0.011 partitioning.coarsening.level[0].label_propagation.iteration[1].second_phase=0.004 partitioning.coarsening.level[0].label_propagation.iteration[2]=0.012 partitioning.coarsening.level[0].label_propagation.iteration[2].first_phase=0.008 partitioning.coarsening.level[0].label_propagation.iteration[2].second_phase=0.004 partitioning.coarsening.level[0].label_propagation.iteration[3]=0.009 partitioning.coarsening.level[0].label_propagation.iteration[3].first_phase=0.004 partitioning.coarsening.level[0].label_propagation.iteration[3].second_phase=0.004 partitioning.coarsening.level[0].label_propagation.iteration[4]=0.005 partitioning.coarsening.level[0].label_propagation.iteration[4].first_phase=0.003 partitioning.coarsening.level[0].label_propagation.iteration[4].second_phase=0.001 partitioning.coarsening.level[0].label_propagation.handle_isolated_nodes=0.000 partitioning.coarsening.level[0].label_propagation.handle_two-hop_nodes=0.000 partitioning.coarsening.level[0].label_propagation.free=0.005 partitioning.coarsening.level[0].contract_graph=0.083 partitioning.coarsening.level[0].contract_graph.allocation=0.001 partitioning.coarsening.level[0].contract_graph.preprocessing=0.011 partitioning.coarsening.level[0].contract_graph.deallocation=0.000 partitioning.coarsening.level[0].contract_graph.construct_coarse_graph=0.069 partitioning.coarsening.level[0].contract_graph.construct_coarse_graph.aggregate_coarse_edges=0.065 partitioning.coarsening.level[0].contract_graph.construct_coarse_graph.aggregate_coarse_edges.first_phase=0.039 partitioning.coarsening.level[0].contract_graph.construct_coarse_graph.aggregate_coarse_edges.second_phase=0.017 partitioning.coarsening.level[0].contract_graph.construct_coarse_graph.remap_coarse_edges_and_mapping=0.003 partitioning.coarsening.level[1]=0.035 partitioning.coarsening.level[1].label_propagation=0.026 partitioning.coarsening.level[1].label_propagation.allocation=0.001 partitioning.coarsening.level[1].label_propagation.iteration[0]=0.014 partitioning.coarsening.level[1].label_propagation.iteration[0].first_phase=0.012 partitioning.coarsening.level[1].label_propagation.iteration[0].second_phase=0.001 partitioning.coarsening.level[1].label_propagation.iteration[1]=0.004 partitioning.coarsening.level[1].label_propagation.iteration[1].first_phase=0.004 partitioning.coarsening.level[1].label_propagation.iteration[2]=0.003 partitioning.coarsening.level[1].label_propagation.iteration[2].first_phase=0.003 partitioning.coarsening.level[1].label_propagation.iteration[3]=0.001 partitioning.coarsening.level[1].label_propagation.iteration[3].first_phase=0.001 partitioning.coarsening.level[1].label_propagation.iteration[4]=0.000 partitioning.coarsening.level[1].label_propagation.iteration[4].first_phase=0.000 partitioning.coarsening.level[1].label_propagation.handle_isolated_nodes=0.000 partitioning.coarsening.level[1].label_propagation.handle_two-hop_nodes=0.000 partitioning.coarsening.level[1].contract_graph=0.009 partitioning.coarsening.level[1].contract_graph.allocation=0.000 partitioning.coarsening.level[1].contract_graph.preprocessing=0.001 partitioning.coarsening.level[1].contract_graph.deallocation=0.000 partitioning.coarsening.level[1].contract_graph.construct_coarse_graph=0.007 partitioning.coarsening.level[1].contract_graph.construct_coarse_graph.aggregate_coarse_edges=0.006 partitioning.coarsening.level[1].contract_graph.construct_coarse_graph.aggregate_coarse_edges.first_phase=0.006 partitioning.coarsening.level[1].contract_graph.construct_coarse_graph.aggregate_coarse_edges.second_phase=0.000 partitioning.coarsening.level[1].contract_graph.construct_coarse_graph.remap_coarse_edges_and_mapping=0.000 partitioning.coarsening.deallocation=0.000 partitioning.initial_partitioning_scheme=0.012 partitioning.uncoarsening=0.814 partitioning.uncoarsening.level[1]=0.734 partitioning.uncoarsening.level[1].allocation=0.000 partitioning.uncoarsening.level[1].project_partition=0.000 partitioning.uncoarsening.level[1].create_graph=0.000 partitioning.uncoarsening.level[1].refinement=0.014 partitioning.uncoarsening.level[1].refinement.greedy_balancer=0.000 partitioning.uncoarsening.level[1].refinement.label_propagation=0.014 partitioning.uncoarsening.level[1].refinement.label_propagation.allocation=0.007 partitioning.uncoarsening.level[1].refinement.label_propagation.iteration[0]=0.005 partitioning.uncoarsening.level[1].refinement.label_propagation.iteration[1]=0.001 partitioning.uncoarsening.level[1].refinement.label_propagation.iteration[2]=0.000 partitioning.uncoarsening.level[1].initial_partitioning=0.711 partitioning.uncoarsening.level[1].initial_partitioning.preprocessing=0.042 partitioning.uncoarsening.level[1].initial_partitioning.allocation=0.001 partitioning.uncoarsening.level[1].initial_partitioning.bipartitioning=0.663 partitioning.uncoarsening.level[1].initial_partitioning.copy_subgraph_partitions=0.004 partitioning.uncoarsening.level[1].deallocation=0.007 partitioning.uncoarsening.level[0]=0.080 partitioning.uncoarsening.level[0].allocation=0.007 partitioning.uncoarsening.level[0].project_partition=0.000 partitioning.uncoarsening.level[0].create_graph=0.000 partitioning.uncoarsening.level[0].refinement=0.069 partitioning.uncoarsening.level[0].refinement.greedy_balancer=0.022 partitioning.uncoarsening.level[0].refinement.greedy_balancer.allocation=0.000 partitioning.uncoarsening.level[0].refinement.greedy_balancer.initialize_balancer_pq=0.016 partitioning.uncoarsening.level[0].refinement.greedy_balancer.initialize_balancer_pq.thread-local=0.010 partitioning.uncoarsening.level[0].refinement.greedy_balancer.initialize_balancer_pq.merge_thread-local_pqs=0.005 partitioning.uncoarsening.level[0].refinement.greedy_balancer.main_loop=0.005 partitioning.uncoarsening.level[0].refinement.label_propagation=0.047 partitioning.uncoarsening.level[0].refinement.label_propagation.iteration[0]=0.030 partitioning.uncoarsening.level[0].refinement.label_propagation.iteration[1]=0.013 partitioning.uncoarsening.level[0].refinement.label_propagation.iteration[2]=0.000 partitioning.uncoarsening.level[0].refinement.label_propagation.iteration[3]=0.000 partitioning.uncoarsening.level[0].refinement.label_propagation.iteration[4]=0.000 partitioning.deallocation=0.001 partitioning.re-integrate_isolated_nodes=0.006 io=0.001 
MEMORY disabled

Global Timer: ................................... 4.725 s    
|- Read input graph: ............................ 3.428 s    
|- Partitioning: ................................ 1.289 s    
|  |- Rearrange by degree-buckets: .............. 0.085 s    
|  |  |- Sort nodes by integer buckets: ......... 0.010 s    
|  |  |- Rearrange input graph: ................. 0.071 s    
|  |  `- Deallocation: .......................... 0.001 s    
|  |- Refinement: ............................... 0.000 s    
|  |  `- Allocation: ............................ 0.000 s    
|  |- Coarsening: ............................... 0.368 s    
|  |  |- Level (0): ............................. 0.332 s    
|  |  |  |- Label Propagation: .................. 0.249 s    
|  |  |  |  |- Allocation: ...................... 0.014 s    
|  |  |  |  |- Iteration (0): ................... 0.184 s    
|  |  |  |  |  |- First phase: .................. 0.173 s    
|  |  |  |  |  `- Second phase: ................. 0.008 s    
|  |  |  |  |- Iteration (1): ................... 0.016 s    
|  |  |  |  |  |- First phase: .................. 0.011 s    
|  |  |  |  |  `- Second phase: ................. 0.004 s    
|  |  |  |  |- Iteration (2): ................... 0.012 s    
|  |  |  |  |  |- First phase: .................. 0.008 s    
|  |  |  |  |  `- Second phase: ................. 0.004 s    
|  |  |  |  |- Iteration (3): ................... 0.009 s    
|  |  |  |  |  |- First phase: .................. 0.004 s    
|  |  |  |  |  `- Second phase: ................. 0.004 s    
|  |  |  |  |- Iteration (4): ................... 0.005 s    
|  |  |  |  |  |- First phase: .................. 0.003 s    
|  |  |  |  |  `- Second phase: ................. 0.001 s    
|  |  |  |  |- Handle isolated nodes: ........... 0.000 s    
|  |  |  |  |- Handle two-hop nodes: ............ 0.000 s    
|  |  |  |  `- Free: ............................ 0.005 s    
|  |  |  `- Contract graph: ..................... 0.083 s    
|  |  |     |- Allocation: ...................... 0.001 s (3)
|  |  |     |- Preprocessing: ................... 0.011 s (3)
|  |  |     |- Deallocation: .................... 0.000 s    
|  |  |     `- Construct coarse graph: .......... 0.069 s    
|  |  |        |- Aggregate coarse edges: ....... 0.065 s    
|  |  |        |  |- First phase: ............... 0.039 s    
|  |  |        |  `- Second phase: .............. 0.017 s    
|  |  |        `- Remap coarse edges and mapping: 0.003 s    
|  |  |- Level (1): ............................. 0.035 s    
|  |  |  |- Label Propagation: .................. 0.026 s    
|  |  |  |  |- Allocation: ...................... 0.001 s    
|  |  |  |  |- Iteration (0): ................... 0.014 s    
|  |  |  |  |  |- First phase: .................. 0.012 s    
|  |  |  |  |  `- Second phase: ................. 0.001 s    
|  |  |  |  |- Iteration (1): ................... 0.004 s    
|  |  |  |  |  `- First phase: .................. 0.004 s    
|  |  |  |  |- Iteration (2): ................... 0.003 s    
|  |  |  |  |  `- First phase: .................. 0.003 s    
|  |  |  |  |- Iteration (3): ................... 0.001 s    
|  |  |  |  |  `- First phase: .................. 0.001 s    
|  |  |  |  |- Iteration (4): ................... 0.000 s    
|  |  |  |  |  `- First phase: .................. 0.000 s    
|  |  |  |  |- Handle isolated nodes: ........... 0.000 s    
|  |  |  |  `- Handle two-hop nodes: ............ 0.000 s    
|  |  |  `- Contract graph: ..................... 0.009 s    
|  |  |     |- Allocation: ...................... 0.000 s (3)
|  |  |     |- Preprocessing: ................... 0.001 s (3)
|  |  |     |- Deallocation: .................... 0.000 s    
|  |  |     `- Construct coarse graph: .......... 0.007 s    
|  |  |        |- Aggregate coarse edges: ....... 0.006 s    
|  |  |        |  |- First phase: ............... 0.006 s    
|  |  |        |  `- Second phase: .............. 0.000 s    
|  |  |        `- Remap coarse edges and mapping: 0.000 s    
|  |  `- Deallocation: .......................... 0.000 s    
|  |- Initial partitioning scheme: .............. 0.012 s    
|  |- Uncoarsening: ............................. 0.814 s    
|  |  |- Level (1): ............................. 0.734 s    
|  |  |  |- Allocation: ......................... 0.000 s    
|  |  |  |- Project partition: .................. 0.000 s    
|  |  |  |- Create graph: ....................... 0.000 s    
|  |  |  |- Refinement: ......................... 0.014 s    
|  |  |  |  |- Greedy Balancer: ................. 0.000 s    
|  |  |  |  `- Label Propagation: ............... 0.014 s    
|  |  |  |     |- Allocation: ................... 0.007 s    
|  |  |  |     |- Iteration (0): ................ 0.005 s    
|  |  |  |     |- Iteration (1): ................ 0.001 s    
|  |  |  |     `- Iteration (2): ................ 0.000 s    
|  |  |  |- Initial partitioning: ............... 0.711 s (3)
|  |  |  |  |- Preprocessing: ................... 0.042 s (3)
|  |  |  |  |- Allocation: ...................... 0.001 s (3)
|  |  |  |  |- Bipartitioning: .................. 0.663 s (3)
|  |  |  |  `- Copy subgraph partitions: ........ 0.004 s (3)
|  |  |  `- Deallocation: ....................... 0.007 s    
|  |  `- Level (0): ............................. 0.080 s    
|  |     |- Allocation: ......................... 0.007 s    
|  |     |- Project partition: .................. 0.000 s    
|  |     |- Create graph: ....................... 0.000 s    
|  |     `- Refinement: ......................... 0.069 s    
|  |        |- Greedy Balancer: ................. 0.022 s    
|  |        |  |- Allocation: ................... 0.000 s    
|  |        |  |- Initialize balancer PQ: ....... 0.016 s    
|  |        |  |  |- Thread-local: .............. 0.010 s    
|  |        |  |  `- Merge thread-local PQs: .... 0.005 s    
|  |        |  `- Main loop: .................... 0.005 s    
|  |        `- Label Propagation: ............... 0.047 s    
|  |           |- Iteration (0): ................ 0.030 s    
|  |           |- Iteration (1): ................ 0.013 s    
|  |           |- Iteration (2): ................ 0.000 s    
|  |           |- Iteration (3): ................ 0.000 s    
|  |           `- Iteration (4): ................ 0.000 s    
|  |- Deallocation: ............................. 0.001 s    
|  `- Re-integrate isolated nodes: .............. 0.006 s    
`- IO: .......................................... 0.001 s    

Partition summary:
  Number of blocks: 16
  Edge cut:         5787069
  Imbalance:        0.0299975
  Feasible:         yes

Block weights:
  w(0 ) = 357817    w(1 ) = 337874    w(2 ) = 338057    w(3 ) = 357810  
  w(4 ) = 341496    w(5 ) = 340678    w(6 ) = 341802    w(7 ) = 341877  
  w(8 ) = 357779    w(9 ) = 342967    w(10) = 344183    w(11) = 344181  
  w(12) = 357816    w(13) = 357816    w(14) = 350647    w(15) = 345526  

Maximum resident set size: 1107616 KiB
