################################################################################
#                _  __       __  __  _         ____                            #
#               | |/ / __ _ |  \/  |(_) _ __  |  _ \  __ _  _ __               #
#               | ' / / _` || |\/| || || '_ \ | |_) |/ _` || '__|              #
#               | . \| (_| || |  | || || | | ||  __/| (_| || |                 #
#               |_|\_\\__,_||_|  |_||_||_| |_||_|    \__,_||_|                 #
#                                                                              #
################################################################################
Current commit hash:          99c62314d27845b3825829ec1e3e97256490627d
Assertion level:              always+light
Statistics:                   disabled
Built on:                     liskov
Data type sizes:
  Nodes IDs: 4 bytes | Node weights: 4 bytes
  Edges IDs: 4 bytes | Edge weights: 4 bytes
############################################################## Input Summary ###
Execution mode:               64
Seed:                         1
Graph:                        com-lj.ungraph [node ordering: deg-buckets] [edge ordering: natural]
  Number of nodes:             4036538 (unweighted)
  Number of edges:            69362378 (unweighted)
Number of blocks:             16
Maximum block weight:         259852 (252284 + 3% / 3%)
---------------------------------------------------------- Graph Compression ---
Enabled:                      no
-------------------------------------------------------- Partitioning Scheme ---
Partitioning mode:            deep
  Deep initial part. mode:    async-parallel
  Deep initial part. load:    1
Subgraph memory:              Lazy
----------------------------------------------------------------- Coarsening ---
Contraction limit:            2000
Coarsening algorithm:         clustering
  Cluster weight limit:       epsilon-block-weight x 1
  Shrink factor:              1.79769e+308
  Max mem-free level:         1
  Clustering algorithm:       lp
    Number of iterations:     5
    High degree threshold:    4294967295
    Max degree:               4294967295
    Tie breaking strategy:    uniform
    Implementation:           two-phase
      Relabel:                no
    2-hop clustering:         match-threadwise, if |Vcoarse| > 0.500000 * |V|
    Isolated nodes:           match-during-two-hop
  Forced hierarchy levels:    <none> (leeway: U=10.000000, L=1.100000)
Contraction algorithm:        unbuffered
  Implementation:             two-phase
------------------------------------------------------- Initial Partitioning ---
Adaptive algorithm selection: yes
----------------------------------------------------------------- Refinement ---
Refinement algorithms:        [greedy-balancer -> lp]
Label propagation:
  Number of iterations:       5
  Tie breaking strategy:      uniform
  Implementation:             single-phase
############################################################## Preprocessing ###
Removed 38576 isolated nodes
  Remaining nodes:             3997962
  Remaining total node weight: 3997962
############################################################### Partitioning ###
Input graph:
 Number of nodes: 3997962 | Number of edges: 69362378
 Maximum node weight: 1

Coarsening -> Level 1 [max cluster weight: 9979]:
 Total edge weight:   34188944
 Number of nodes:     200078 | Number of edges: 9489128
 Maximum node weight: 9979

Coarsening -> Level 2 [max cluster weight: 9979]:
 Total edge weight:   27388922
 Number of nodes:     16494 | Number of edges: 2295856
 Maximum node weight: 9980

==> Coarsening terminated with less than 128000 nodes

Initial partitioning:
 Number of blocks: 16

Uncoarsening -> Level 1
 Number of nodes: 200078 | Number of edges: 9489128
  Running refinement on 16 blocks
   1. Greedy Balancer
   2. Label Propagation

Uncoarsening -> Level 0
 Number of nodes: 3997962 | Number of edges: 69362378
  Running refinement on 16 blocks
   1. Greedy Balancer
   2. Label Propagation
############################################################# Result Summary ###
RESULT cut=6607710 imbalance=0.0299979 feasible=1 k=16
TIME read_input_graph=4.384 partitioning=0.762 partitioning.rearrange_by_degree-buckets=0.035 partitioning.rearrange_by_degree-buckets.sort_nodes_by_integer_buckets=0.008 partitioning.rearrange_by_degree-buckets.rearrange_input_graph=0.023 partitioning.rearrange_by_degree-buckets.deallocation=0.001 partitioning.refinement=0.000 partitioning.refinement.allocation=0.000 partitioning.coarsening=0.326 partitioning.coarsening.level[0]=0.275 partitioning.coarsening.level[0].label_propagation=0.194 partitioning.coarsening.level[0].label_propagation.allocation=0.007 partitioning.coarsening.level[0].label_propagation.iteration[0]=0.067 partitioning.coarsening.level[0].label_propagation.iteration[0].first_phase=0.057 partitioning.coarsening.level[0].label_propagation.iteration[0].second_phase=0.006 partitioning.coarsening.level[0].label_propagation.iteration[1]=0.038 partitioning.coarsening.level[0].label_propagation.iteration[1].first_phase=0.038 partitioning.coarsening.level[0].label_propagation.iteration[2]=0.030 partitioning.coarsening.level[0].label_propagation.iteration[2].first_phase=0.030 partitioning.coarsening.level[0].label_propagation.iteration[3]=0.024 partitioning.coarsening.level[0].label_propagation.iteration[3].first_phase=0.024 partitioning.coarsening.level[0].label_propagation.iteration[4]=0.020 partitioning.coarsening.level[0].label_propagation.iteration[4].first_phase=0.020 partitioning.coarsening.level[0].label_propagation.handle_isolated_nodes=0.000 partitioning.coarsening.level[0].label_propagation.handle_two-hop_nodes=0.000 partitioning.coarsening.level[0].label_propagation.free=0.005 partitioning.coarsening.level[0].contract_graph=0.080 partitioning.coarsening.level[0].contract_graph.allocation=0.000 partitioning.coarsening.level[0].contract_graph.preprocessing=0.009 partitioning.coarsening.level[0].contract_graph.deallocation=0.000 partitioning.coarsening.level[0].contract_graph.construct_coarse_graph=0.070 partitioning.coarsening.level[0].contract_graph.construct_coarse_graph.aggregate_coarse_edges=0.066 partitioning.coarsening.level[0].contract_graph.construct_coarse_graph.aggregate_coarse_edges.first_phase=0.045 partitioning.coarsening.level[0].contract_graph.construct_coarse_graph.aggregate_coarse_edges.second_phase=0.010 partitioning.coarsening.level[0].contract_graph.construct_coarse_graph.remap_coarse_edges_and_mapping=0.002 partitioning.coarsening.level[1]=0.050 partitioning.coarsening.level[1].label_propagation=0.031 partitioning.coarsening.level[1].label_propagation.allocation=0.000 partitioning.coarsening.level[1].label_propagation.iteration[0]=0.016 partitioning.coarsening.level[1].label_propagation.iteration[0].first_phase=0.013 partitioning.coarsening.level[1].label_propagation.iteration[0].second_phase=0.002 partitioning.coarsening.level[1].label_propagation.iteration[1]=0.004 partitioning.coarsening.level[1].label_propagation.iteration[1].first_phase=0.004 partitioning.coarsening.level[1].label_propagation.iteration[2]=0.003 partitioning.coarsening.level[1].label_propagation.iteration[2].first_phase=0.003 partitioning.coarsening.level[1].label_propagation.iteration[3]=0.003 partitioning.coarsening.level[1].label_propagation.iteration[3].first_phase=0.003 partitioning.coarsening.level[1].label_propagation.iteration[4]=0.002 partitioning.coarsening.level[1].label_propagation.iteration[4].first_phase=0.002 partitioning.coarsening.level[1].label_propagation.handle_isolated_nodes=0.000 partitioning.coarsening.level[1].label_propagation.handle_two-hop_nodes=0.000 partitioning.coarsening.level[1].contract_graph=0.018 partitioning.coarsening.level[1].contract_graph.allocation=0.000 partitioning.coarsening.level[1].contract_graph.preprocessing=0.001 partitioning.coarsening.level[1].contract_graph.deallocation=0.000 partitioning.coarsening.level[1].contract_graph.construct_coarse_graph=0.016 partitioning.coarsening.level[1].contract_graph.construct_coarse_graph.aggregate_coarse_edges=0.016 partitioning.coarsening.level[1].contract_graph.construct_coarse_graph.aggregate_coarse_edges.first_phase=0.016 partitioning.coarsening.level[1].contract_graph.construct_coarse_graph.aggregate_coarse_edges.second_phase=0.000 partitioning.coarsening.level[1].contract_graph.construct_coarse_graph.remap_coarse_edges_and_mapping=0.000 partitioning.coarsening.deallocation=0.000 partitioning.initial_partitioning_scheme=0.251 partitioning.uncoarsening=0.141 partitioning.uncoarsening.level[1]=0.031 partitioning.uncoarsening.level[1].allocation=0.000 partitioning.uncoarsening.level[1].project_partition=0.000 partitioning.uncoarsening.level[1].create_graph=0.000 partitioning.uncoarsening.level[1].refinement=0.030 partitioning.uncoarsening.level[1].refinement.greedy_balancer=0.010 partitioning.uncoarsening.level[1].refinement.greedy_balancer.allocation=0.000 partitioning.uncoarsening.level[1].refinement.greedy_balancer.initialize_balancer_pq=0.008 partitioning.uncoarsening.level[1].refinement.greedy_balancer.initialize_balancer_pq.thread-local=0.003 partitioning.uncoarsening.level[1].refinement.greedy_balancer.initialize_balancer_pq.merge_thread-local_pqs=0.005 partitioning.uncoarsening.level[1].refinement.greedy_balancer.main_loop=0.002 partitioning.uncoarsening.level[1].refinement.label_propagation=0.019 partitioning.uncoarsening.level[1].refinement.label_propagation.allocation=0.000 partitioning.uncoarsening.level[1].refinement.label_propagation.iteration[0]=0.010 partitioning.uncoarsening.level[1].refinement.label_propagation.iteration[1]=0.003 partitioning.uncoarsening.level[1].refinement.label_propagation.iteration[2]=0.002 partitioning.uncoarsening.level[1].refinement.label_propagation.iteration[3]=0.001 partitioning.uncoarsening.level[1].refinement.label_propagation.iteration[4]=0.001 partitioning.uncoarsening.level[0]=0.109 partitioning.uncoarsening.level[0].allocation=0.005 partitioning.uncoarsening.level[0].project_partition=0.000 partitioning.uncoarsening.level[0].create_graph=0.000 partitioning.uncoarsening.level[0].refinement=0.101 partitioning.uncoarsening.level[0].refinement.greedy_balancer=0.000 partitioning.uncoarsening.level[0].refinement.label_propagation=0.101 partitioning.uncoarsening.level[0].refinement.label_propagation.iteration[0]=0.060 partitioning.uncoarsening.level[0].refinement.label_propagation.iteration[1]=0.023 partitioning.uncoarsening.level[0].refinement.label_propagation.iteration[2]=0.008 partitioning.uncoarsening.level[0].refinement.label_propagation.iteration[3]=0.005 partitioning.uncoarsening.level[0].refinement.label_propagation.iteration[4]=0.002 partitioning.deallocation=0.001 partitioning.re-integrate_isolated_nodes=0.005 io=0.000 
MEMORY disabled

Global Timer: ................................... 5.156 s    
|- Read input graph: ............................ 4.384 s    
|- Partitioning: ................................ 0.762 s    
|  |- Rearrange by degree-buckets: .............. 0.035 s    
|  |  |- Sort nodes by integer buckets: ......... 0.008 s    
|  |  |- Rearrange input graph: ................. 0.023 s    
|  |  `- Deallocation: .......................... 0.001 s    
|  |- Refinement: ............................... 0.000 s    
|  |  `- Allocation: ............................ 0.000 s    
|  |- Coarsening: ............................... 0.326 s    
|  |  |- Level (0): ............................. 0.275 s    
|  |  |  |- Label Propagation: .................. 0.194 s    
|  |  |  |  |- Allocation: ...................... 0.007 s    
|  |  |  |  |- Iteration (0): ................... 0.067 s    
|  |  |  |  |  |- First phase: .................. 0.057 s    
|  |  |  |  |  `- Second phase: ................. 0.006 s    
|  |  |  |  |- Iteration (1): ................... 0.038 s    
|  |  |  |  |  `- First phase: .................. 0.038 s    
|  |  |  |  |- Iteration (2): ................... 0.030 s    
|  |  |  |  |  `- First phase: .................. 0.030 s    
|  |  |  |  |- Iteration (3): ................... 0.024 s    
|  |  |  |  |  `- First phase: .................. 0.024 s    
|  |  |  |  |- Iteration (4): ................... 0.020 s    
|  |  |  |  |  `- First phase: .................. 0.020 s    
|  |  |  |  |- Handle isolated nodes: ........... 0.000 s    
|  |  |  |  |- Handle two-hop nodes: ............ 0.000 s    
|  |  |  |  `- Free: ............................ 0.005 s    
|  |  |  `- Contract graph: ..................... 0.080 s    
|  |  |     |- Allocation: ...................... 0.000 s (3)
|  |  |     |- Preprocessing: ................... 0.009 s (3)
|  |  |     |- Deallocation: .................... 0.000 s    
|  |  |     `- Construct coarse graph: .......... 0.070 s    
|  |  |        |- Aggregate coarse edges: ....... 0.066 s    
|  |  |        |  |- First phase: ............... 0.045 s    
|  |  |        |  `- Second phase: .............. 0.010 s    
|  |  |        `- Remap coarse edges and mapping: 0.002 s    
|  |  |- Level (1): ............................. 0.050 s    
|  |  |  |- Label Propagation: .................. 0.031 s    
|  |  |  |  |- Allocation: ...................... 0.000 s    
|  |  |  |  |- Iteration (0): ................... 0.016 s    
|  |  |  |  |  |- First phase: .................. 0.013 s    
|  |  |  |  |  `- Second phase: ................. 0.002 s    
|  |  |  |  |- Iteration (1): ................... 0.004 s    
|  |  |  |  |  `- First phase: .................. 0.004 s    
|  |  |  |  |- Iteration (2): ................... 0.003 s    
|  |  |  |  |  `- First phase: .................. 0.003 s    
|  |  |  |  |- Iteration (3): ................... 0.003 s    
|  |  |  |  |  `- First phase: .................. 0.003 s    
|  |  |  |  |- Iteration (4): ................... 0.002 s    
|  |  |  |  |  `- First phase: .................. 0.002 s    
|  |  |  |  |- Handle isolated nodes: ........... 0.000 s    
|  |  |  |  `- Handle two-hop nodes: ............ 0.000 s    
|  |  |  `- Contract graph: ..................... 0.018 s    
|  |  |     |- Allocation: ...................... 0.000 s (3)
|  |  |     |- Preprocessing: ................... 0.001 s (3)
|  |  |     |- Deallocation: .................... 0.000 s    
|  |  |     `- Construct coarse graph: .......... 0.016 s    
|  |  |        |- Aggregate coarse edges: ....... 0.016 s    
|  |  |        |  |- First phase: ............... 0.016 s    
|  |  |        |  `- Second phase: .............. 0.000 s    
|  |  |        `- Remap coarse edges and mapping: 0.000 s    
|  |  `- Deallocation: .......................... 0.000 s    
|  |- Initial partitioning scheme: .............. 0.251 s    
|  |- Uncoarsening: ............................. 0.141 s    
|  |  |- Level (1): ............................. 0.031 s    
|  |  |  |- Allocation: ......................... 0.000 s    
|  |  |  |- Project partition: .................. 0.000 s    
|  |  |  |- Create graph: ....................... 0.000 s    
|  |  |  `- Refinement: ......................... 0.030 s    
|  |  |     |- Greedy Balancer: ................. 0.010 s    
|  |  |     |  |- Allocation: ................... 0.000 s    
|  |  |     |  |- Initialize balancer PQ: ....... 0.008 s    
|  |  |     |  |  |- Thread-local: .............. 0.003 s    
|  |  |     |  |  `- Merge thread-local PQs: .... 0.005 s    
|  |  |     |  `- Main loop: .................... 0.002 s    
|  |  |     `- Label Propagation: ............... 0.019 s    
|  |  |        |- Allocation: ................... 0.000 s    
|  |  |        |- Iteration (0): ................ 0.010 s    
|  |  |        |- Iteration (1): ................ 0.003 s    
|  |  |        |- Iteration (2): ................ 0.002 s    
|  |  |        |- Iteration (3): ................ 0.001 s    
|  |  |        `- Iteration (4): ................ 0.001 s    
|  |  `- Level (0): ............................. 0.109 s    
|  |     |- Allocation: ......................... 0.005 s    
|  |     |- Project partition: .................. 0.000 s    
|  |     |- Create graph: ....................... 0.000 s    
|  |     `- Refinement: ......................... 0.101 s    
|  |        |- Greedy Balancer: ................. 0.000 s    
|  |        `- Label Propagation: ............... 0.101 s    
|  |           |- Iteration (0): ................ 0.060 s    
|  |           |- Iteration (1): ................ 0.023 s    
|  |           |- Iteration (2): ................ 0.008 s    
|  |           |- Iteration (3): ................ 0.005 s    
|  |           `- Iteration (4): ................ 0.002 s    
|  |- Deallocation: ............................. 0.001 s    
|  `- Re-integrate isolated nodes: .............. 0.005 s    
`- IO: .......................................... 0.000 s    

Partition summary:
  Number of blocks: 16
  Edge cut:         6607710
  Imbalance:        0.0299979
  Feasible:         yes

Block weights:
  w(0 ) = 259852    w(1 ) = 259852    w(2 ) = 259852    w(3 ) = 259852  
  w(4 ) = 259852    w(5 ) = 241516    w(6 ) = 245597    w(7 ) = 226705  
  w(8 ) = 255032    w(9 ) = 254717    w(10) = 255853    w(11) = 259851  
  w(12) = 256036    w(13) = 255787    w(14) = 259851    w(15) = 226333  

Maximum resident set size: 1305812 KiB
