[33m[Warning] [0m[33mThe edge weight type is not large enough to store the sum of all edge weights. [0m[33mThis might cause overflows for very large cuts.[0m
################################################################################
#                _  __       __  __  _         ____                            #
#               | |/ / __ _ |  \/  |(_) _ __  |  _ \  __ _  _ __               #
#               | ' / / _` || |\/| || || '_ \ | |_) |/ _` || '__|              #
#               | . \| (_| || |  | || || | | ||  __/| (_| || |                 #
#               |_|\_\\__,_||_|  |_||_||_| |_||_|    \__,_||_|                 #
#                                                                              #
################################################################################
Current commit hash:          99c62314d27845b3825829ec1e3e97256490627d
Assertion level:              always+light
Statistics:                   disabled
Built on:                     liskov
Data type sizes:
  Nodes IDs: 4 bytes | Node weights: 4 bytes
  Edges IDs: 4 bytes | Edge weights: 4 bytes
############################################################## Input Summary ###
Execution mode:               64
Seed:                         1
Graph:                        com-Friendster [node ordering: deg-buckets] [edge ordering: natural]
  Number of nodes:              65608366 (unweighted)
  Number of edges:            3612134270 (unweighted)
Number of blocks:             16
Maximum block weight:         4223538 (4100523 + 3% / 3%)
---------------------------------------------------------- Graph Compression ---
Enabled:                      no
-------------------------------------------------------- Partitioning Scheme ---
Partitioning mode:            deep
  Deep initial part. mode:    async-parallel
  Deep initial part. load:    1
Subgraph memory:              Lazy
----------------------------------------------------------------- Coarsening ---
Contraction limit:            2000
Coarsening algorithm:         clustering
  Cluster weight limit:       epsilon-block-weight x 1
  Shrink factor:              1.79769e+308
  Max mem-free level:         1
  Clustering algorithm:       lp
    Number of iterations:     5
    High degree threshold:    4294967295
    Max degree:               4294967295
    Tie breaking strategy:    uniform
    Implementation:           two-phase
      Relabel:                no
    2-hop clustering:         match-threadwise, if |Vcoarse| > 0.500000 * |V|
    Isolated nodes:           match-during-two-hop
  Forced hierarchy levels:    <none> (leeway: U=10.000000, L=1.100000)
Contraction algorithm:        unbuffered
  Implementation:             two-phase
------------------------------------------------------- Initial Partitioning ---
Adaptive algorithm selection: yes
----------------------------------------------------------------- Refinement ---
Refinement algorithms:        [greedy-balancer -> lp]
Label propagation:
  Number of iterations:       5
  Tie breaking strategy:      uniform
  Implementation:             single-phase
############################################################## Preprocessing ###
Removed 0 isolated nodes
  Remaining nodes:             65608366
  Remaining total node weight: 65608366
############################################################### Partitioning ###
Input graph:
 Number of nodes: 65608366 | Number of edges: 3612134270
 Maximum node weight: 1

Coarsening -> Level 1 [max cluster weight: 123015]:
 Total edge weight:   18446744071965628624
 Number of nodes:     1758988 | Number of edges: 303570508
 Maximum node weight: 123015

Coarsening -> Level 2 [max cluster weight: 123015]:
 Total edge weight:   18446744071696813396
 Number of nodes:     282801 | Number of edges: 4343910
 Maximum node weight: 123015

Coarsening -> Level 3 [max cluster weight: 123015]:
 Total edge weight:   18446744071673127352
 Number of nodes:     123028 | Number of edges: 705782
 Maximum node weight: 245216

==> Coarsening terminated with less than 128000 nodes

Initial partitioning:
 Number of blocks: 16

Uncoarsening -> Level 2
 Number of nodes: 282801 | Number of edges: 4343910
  Running refinement on 16 blocks
   1. Greedy Balancer
   2. Label Propagation

Uncoarsening -> Level 1
 Number of nodes: 1758988 | Number of edges: 303570508
  Running refinement on 16 blocks
   1. Greedy Balancer
   2. Label Propagation

Uncoarsening -> Level 0
 Number of nodes: 65608366 | Number of edges: 3612134270
  Running refinement on 16 blocks
   1. Greedy Balancer
   2. Label Propagation
############################################################# Result Summary ###
RESULT cut=563515024 imbalance=0.0299996 feasible=1 k=16
TIME read_input_graph=282.091 partitioning=32.540 partitioning.rearrange_by_degree-buckets=2.393 partitioning.rearrange_by_degree-buckets.sort_nodes_by_integer_buckets=0.026 partitioning.rearrange_by_degree-buckets.rearrange_input_graph=2.292 partitioning.rearrange_by_degree-buckets.deallocation=0.063 partitioning.refinement=0.000 partitioning.refinement.allocation=0.000 partitioning.coarsening=21.600 partitioning.coarsening.level[0]=20.277 partitioning.coarsening.level[0].label_propagation=15.679 partitioning.coarsening.level[0].label_propagation.allocation=0.015 partitioning.coarsening.level[0].label_propagation.iteration[0]=4.619 partitioning.coarsening.level[0].label_propagation.iteration[0].first_phase=4.608 partitioning.coarsening.level[0].label_propagation.iteration[1]=3.451 partitioning.coarsening.level[0].label_propagation.iteration[1].first_phase=3.451 partitioning.coarsening.level[0].label_propagation.iteration[2]=2.763 partitioning.coarsening.level[0].label_propagation.iteration[2].first_phase=2.763 partitioning.coarsening.level[0].label_propagation.iteration[3]=2.487 partitioning.coarsening.level[0].label_propagation.iteration[3].first_phase=2.486 partitioning.coarsening.level[0].label_propagation.iteration[4]=2.320 partitioning.coarsening.level[0].label_propagation.iteration[4].first_phase=2.320 partitioning.coarsening.level[0].label_propagation.handle_isolated_nodes=0.000 partitioning.coarsening.level[0].label_propagation.handle_two-hop_nodes=0.000 partitioning.coarsening.level[0].label_propagation.free=0.010 partitioning.coarsening.level[0].contract_graph=4.596 partitioning.coarsening.level[0].contract_graph.allocation=0.003 partitioning.coarsening.level[0].contract_graph.preprocessing=0.264 partitioning.coarsening.level[0].contract_graph.deallocation=0.001 partitioning.coarsening.level[0].contract_graph.construct_coarse_graph=4.318 partitioning.coarsening.level[0].contract_graph.construct_coarse_graph.aggregate_coarse_edges=4.261 partitioning.coarsening.level[0].contract_graph.construct_coarse_graph.aggregate_coarse_edges.first_phase=1.225 partitioning.coarsening.level[0].contract_graph.construct_coarse_graph.aggregate_coarse_edges.second_phase=3.030 partitioning.coarsening.level[0].contract_graph.construct_coarse_graph.remap_coarse_edges_and_mapping=0.055 partitioning.coarsening.level[1]=1.283 partitioning.coarsening.level[1].label_propagation=1.117 partitioning.coarsening.level[1].label_propagation.allocation=0.005 partitioning.coarsening.level[1].label_propagation.iteration[0]=0.707 partitioning.coarsening.level[1].label_propagation.iteration[0].first_phase=0.381 partitioning.coarsening.level[1].label_propagation.iteration[0].second_phase=0.324 partitioning.coarsening.level[1].label_propagation.iteration[1]=0.179 partitioning.coarsening.level[1].label_propagation.iteration[1].first_phase=0.156 partitioning.coarsening.level[1].label_propagation.iteration[1].second_phase=0.023 partitioning.coarsening.level[1].label_propagation.iteration[2]=0.087 partitioning.coarsening.level[1].label_propagation.iteration[2].first_phase=0.083 partitioning.coarsening.level[1].label_propagation.iteration[2].second_phase=0.003 partitioning.coarsening.level[1].label_propagation.iteration[3]=0.071 partitioning.coarsening.level[1].label_propagation.iteration[3].first_phase=0.068 partitioning.coarsening.level[1].label_propagation.iteration[3].second_phase=0.003 partitioning.coarsening.level[1].label_propagation.iteration[4]=0.064 partitioning.coarsening.level[1].label_propagation.iteration[4].first_phase=0.061 partitioning.coarsening.level[1].label_propagation.iteration[4].second_phase=0.002 partitioning.coarsening.level[1].label_propagation.handle_isolated_nodes=0.000 partitioning.coarsening.level[1].label_propagation.handle_two-hop_nodes=0.000 partitioning.coarsening.level[1].contract_graph=0.166 partitioning.coarsening.level[1].contract_graph.allocation=0.001 partitioning.coarsening.level[1].contract_graph.preprocessing=0.017 partitioning.coarsening.level[1].contract_graph.deallocation=0.000 partitioning.coarsening.level[1].contract_graph.construct_coarse_graph=0.146 partitioning.coarsening.level[1].contract_graph.construct_coarse_graph.aggregate_coarse_edges=0.145 partitioning.coarsening.level[1].contract_graph.construct_coarse_graph.aggregate_coarse_edges.first_phase=0.141 partitioning.coarsening.level[1].contract_graph.construct_coarse_graph.aggregate_coarse_edges.second_phase=0.003 partitioning.coarsening.level[1].contract_graph.construct_coarse_graph.remap_coarse_edges_and_mapping=0.001 partitioning.coarsening.level[2]=0.038 partitioning.coarsening.level[2].label_propagation=0.024 partitioning.coarsening.level[2].label_propagation.iteration[0]=0.009 partitioning.coarsening.level[2].label_propagation.iteration[0].first_phase=0.007 partitioning.coarsening.level[2].label_propagation.iteration[0].second_phase=0.001 partitioning.coarsening.level[2].label_propagation.iteration[1]=0.004 partitioning.coarsening.level[2].label_propagation.iteration[1].first_phase=0.003 partitioning.coarsening.level[2].label_propagation.iteration[1].second_phase=0.001 partitioning.coarsening.level[2].label_propagation.iteration[2]=0.003 partitioning.coarsening.level[2].label_propagation.iteration[2].first_phase=0.002 partitioning.coarsening.level[2].label_propagation.iteration[2].second_phase=0.001 partitioning.coarsening.level[2].label_propagation.iteration[3]=0.003 partitioning.coarsening.level[2].label_propagation.iteration[3].first_phase=0.002 partitioning.coarsening.level[2].label_propagation.iteration[3].second_phase=0.001 partitioning.coarsening.level[2].label_propagation.iteration[4]=0.002 partitioning.coarsening.level[2].label_propagation.iteration[4].first_phase=0.001 partitioning.coarsening.level[2].label_propagation.iteration[4].second_phase=0.001 partitioning.coarsening.level[2].label_propagation.handle_isolated_nodes=0.000 partitioning.coarsening.level[2].label_propagation.handle_two-hop_nodes=0.000 partitioning.coarsening.level[2].contract_graph=0.014 partitioning.coarsening.level[2].contract_graph.allocation=0.000 partitioning.coarsening.level[2].contract_graph.preprocessing=0.001 partitioning.coarsening.level[2].contract_graph.deallocation=0.000 partitioning.coarsening.level[2].contract_graph.construct_coarse_graph=0.011 partitioning.coarsening.level[2].contract_graph.construct_coarse_graph.aggregate_coarse_edges=0.011 partitioning.coarsening.level[2].contract_graph.construct_coarse_graph.aggregate_coarse_edges.first_phase=0.011 partitioning.coarsening.level[2].contract_graph.construct_coarse_graph.aggregate_coarse_edges.second_phase=0.000 partitioning.coarsening.level[2].contract_graph.construct_coarse_graph.remap_coarse_edges_and_mapping=0.000 partitioning.coarsening.deallocation=0.000 partitioning.initial_partitioning_scheme=0.171 partitioning.uncoarsening=8.352 partitioning.uncoarsening.level[2]=0.068 partitioning.uncoarsening.level[2].allocation=0.000 partitioning.uncoarsening.level[2].project_partition=0.000 partitioning.uncoarsening.level[2].create_graph=0.000 partitioning.uncoarsening.level[2].refinement=0.067 partitioning.uncoarsening.level[2].refinement.greedy_balancer=0.056 partitioning.uncoarsening.level[2].refinement.greedy_balancer.allocation=0.000 partitioning.uncoarsening.level[2].refinement.greedy_balancer.initialize_balancer_pq=0.036 partitioning.uncoarsening.level[2].refinement.greedy_balancer.initialize_balancer_pq.thread-local=0.001 partitioning.uncoarsening.level[2].refinement.greedy_balancer.initialize_balancer_pq.merge_thread-local_pqs=0.034 partitioning.uncoarsening.level[2].refinement.greedy_balancer.main_loop=0.020 partitioning.uncoarsening.level[2].refinement.label_propagation=0.011 partitioning.uncoarsening.level[2].refinement.label_propagation.allocation=0.004 partitioning.uncoarsening.level[2].refinement.label_propagation.iteration[0]=0.004 partitioning.uncoarsening.level[2].refinement.label_propagation.iteration[1]=0.001 partitioning.uncoarsening.level[2].refinement.label_propagation.iteration[2]=0.000 partitioning.uncoarsening.level[2].refinement.label_propagation.iteration[3]=0.000 partitioning.uncoarsening.level[2].refinement.label_propagation.iteration[4]=0.000 partitioning.uncoarsening.level[1]=0.282 partitioning.uncoarsening.level[1].allocation=0.003 partitioning.uncoarsening.level[1].project_partition=0.000 partitioning.uncoarsening.level[1].create_graph=0.000 partitioning.uncoarsening.level[1].refinement=0.277 partitioning.uncoarsening.level[1].refinement.greedy_balancer=0.000 partitioning.uncoarsening.level[1].refinement.label_propagation=0.277 partitioning.uncoarsening.level[1].refinement.label_propagation.iteration[0]=0.078 partitioning.uncoarsening.level[1].refinement.label_propagation.iteration[1]=0.064 partitioning.uncoarsening.level[1].refinement.label_propagation.iteration[2]=0.056 partitioning.uncoarsening.level[1].refinement.label_propagation.iteration[3]=0.043 partitioning.uncoarsening.level[1].refinement.label_propagation.iteration[4]=0.033 partitioning.uncoarsening.level[0]=8.001 partitioning.uncoarsening.level[0].allocation=0.005 partitioning.uncoarsening.level[0].project_partition=0.005 partitioning.uncoarsening.level[0].create_graph=0.004 partitioning.uncoarsening.level[0].refinement=7.974 partitioning.uncoarsening.level[0].refinement.greedy_balancer=0.000 partitioning.uncoarsening.level[0].refinement.label_propagation=7.974 partitioning.uncoarsening.level[0].refinement.label_propagation.iteration[0]=2.697 partitioning.uncoarsening.level[0].refinement.label_propagation.iteration[1]=2.242 partitioning.uncoarsening.level[0].refinement.label_propagation.iteration[2]=1.588 partitioning.uncoarsening.level[0].refinement.label_propagation.iteration[3]=0.887 partitioning.uncoarsening.level[0].refinement.label_propagation.iteration[4]=0.554 partitioning.deallocation=0.001 partitioning.re-integrate_isolated_nodes=0.015 io=0.005 
MEMORY disabled

Global Timer: ................................... 314.677 s    
|- Read input graph: ............................ 282.091 s    
|- Partitioning: ................................ 32.540 s     
|  |- Rearrange by degree-buckets: .............. 2.393 s      
|  |  |- Sort nodes by integer buckets: ......... 0.026 s      
|  |  |- Rearrange input graph: ................. 2.292 s      
|  |  `- Deallocation: .......................... 0.063 s      
|  |- Refinement: ............................... 0.000 s      
|  |  `- Allocation: ............................ 0.000 s      
|  |- Coarsening: ............................... 21.600 s     
|  |  |- Level (0): ............................. 20.277 s     
|  |  |  |- Label Propagation: .................. 15.679 s     
|  |  |  |  |- Allocation: ...................... 0.015 s      
|  |  |  |  |- Iteration (0): ................... 4.619 s      
|  |  |  |  |  `- First phase: .................. 4.608 s      
|  |  |  |  |- Iteration (1): ................... 3.451 s      
|  |  |  |  |  `- First phase: .................. 3.451 s      
|  |  |  |  |- Iteration (2): ................... 2.763 s      
|  |  |  |  |  `- First phase: .................. 2.763 s      
|  |  |  |  |- Iteration (3): ................... 2.487 s      
|  |  |  |  |  `- First phase: .................. 2.486 s      
|  |  |  |  |- Iteration (4): ................... 2.320 s      
|  |  |  |  |  `- First phase: .................. 2.320 s      
|  |  |  |  |- Handle isolated nodes: ........... 0.000 s      
|  |  |  |  |- Handle two-hop nodes: ............ 0.000 s      
|  |  |  |  `- Free: ............................ 0.010 s      
|  |  |  `- Contract graph: ..................... 4.596 s      
|  |  |     |- Allocation: ...................... 0.003 s   (3)
|  |  |     |- Preprocessing: ................... 0.264 s   (3)
|  |  |     |- Deallocation: .................... 0.001 s      
|  |  |     `- Construct coarse graph: .......... 4.318 s      
|  |  |        |- Aggregate coarse edges: ....... 4.261 s      
|  |  |        |  |- First phase: ............... 1.225 s      
|  |  |        |  `- Second phase: .............. 3.030 s      
|  |  |        `- Remap coarse edges and mapping: 0.055 s      
|  |  |- Level (1): ............................. 1.283 s      
|  |  |  |- Label Propagation: .................. 1.117 s      
|  |  |  |  |- Allocation: ...................... 0.005 s      
|  |  |  |  |- Iteration (0): ................... 0.707 s      
|  |  |  |  |  |- First phase: .................. 0.381 s      
|  |  |  |  |  `- Second phase: ................. 0.324 s      
|  |  |  |  |- Iteration (1): ................... 0.179 s      
|  |  |  |  |  |- First phase: .................. 0.156 s      
|  |  |  |  |  `- Second phase: ................. 0.023 s      
|  |  |  |  |- Iteration (2): ................... 0.087 s      
|  |  |  |  |  |- First phase: .................. 0.083 s      
|  |  |  |  |  `- Second phase: ................. 0.003 s      
|  |  |  |  |- Iteration (3): ................... 0.071 s      
|  |  |  |  |  |- First phase: .................. 0.068 s      
|  |  |  |  |  `- Second phase: ................. 0.003 s      
|  |  |  |  |- Iteration (4): ................... 0.064 s      
|  |  |  |  |  |- First phase: .................. 0.061 s      
|  |  |  |  |  `- Second phase: ................. 0.002 s      
|  |  |  |  |- Handle isolated nodes: ........... 0.000 s      
|  |  |  |  `- Handle two-hop nodes: ............ 0.000 s      
|  |  |  `- Contract graph: ..................... 0.166 s      
|  |  |     |- Allocation: ...................... 0.001 s   (3)
|  |  |     |- Preprocessing: ................... 0.017 s   (3)
|  |  |     |- Deallocation: .................... 0.000 s      
|  |  |     `- Construct coarse graph: .......... 0.146 s      
|  |  |        |- Aggregate coarse edges: ....... 0.145 s      
|  |  |        |  |- First phase: ............... 0.141 s      
|  |  |        |  `- Second phase: .............. 0.003 s      
|  |  |        `- Remap coarse edges and mapping: 0.001 s      
|  |  |- Level (2): ............................. 0.038 s      
|  |  |  |- Label Propagation: .................. 0.024 s      
|  |  |  |  |- Iteration (0): ................... 0.009 s      
|  |  |  |  |  |- First phase: .................. 0.007 s      
|  |  |  |  |  `- Second phase: ................. 0.001 s      
|  |  |  |  |- Iteration (1): ................... 0.004 s      
|  |  |  |  |  |- First phase: .................. 0.003 s      
|  |  |  |  |  `- Second phase: ................. 0.001 s      
|  |  |  |  |- Iteration (2): ................... 0.003 s      
|  |  |  |  |  |- First phase: .................. 0.002 s      
|  |  |  |  |  `- Second phase: ................. 0.001 s      
|  |  |  |  |- Iteration (3): ................... 0.003 s      
|  |  |  |  |  |- First phase: .................. 0.002 s      
|  |  |  |  |  `- Second phase: ................. 0.001 s      
|  |  |  |  |- Iteration (4): ................... 0.002 s      
|  |  |  |  |  |- First phase: .................. 0.001 s      
|  |  |  |  |  `- Second phase: ................. 0.001 s      
|  |  |  |  |- Handle isolated nodes: ........... 0.000 s      
|  |  |  |  `- Handle two-hop nodes: ............ 0.000 s      
|  |  |  `- Contract graph: ..................... 0.014 s      
|  |  |     |- Allocation: ...................... 0.000 s   (3)
|  |  |     |- Preprocessing: ................... 0.001 s   (3)
|  |  |     |- Deallocation: .................... 0.000 s      
|  |  |     `- Construct coarse graph: .......... 0.011 s      
|  |  |        |- Aggregate coarse edges: ....... 0.011 s      
|  |  |        |  |- First phase: ............... 0.011 s      
|  |  |        |  `- Second phase: .............. 0.000 s      
|  |  |        `- Remap coarse edges and mapping: 0.000 s      
|  |  `- Deallocation: .......................... 0.000 s      
|  |- Initial partitioning scheme: .............. 0.171 s      
|  |- Uncoarsening: ............................. 8.352 s      
|  |  |- Level (2): ............................. 0.068 s      
|  |  |  |- Allocation: ......................... 0.000 s      
|  |  |  |- Project partition: .................. 0.000 s      
|  |  |  |- Create graph: ....................... 0.000 s      
|  |  |  `- Refinement: ......................... 0.067 s      
|  |  |     |- Greedy Balancer: ................. 0.056 s      
|  |  |     |  |- Allocation: ................... 0.000 s      
|  |  |     |  |- Initialize balancer PQ: ....... 0.036 s      
|  |  |     |  |  |- Thread-local: .............. 0.001 s      
|  |  |     |  |  `- Merge thread-local PQs: .... 0.034 s      
|  |  |     |  `- Main loop: .................... 0.020 s      
|  |  |     `- Label Propagation: ............... 0.011 s      
|  |  |        |- Allocation: ................... 0.004 s      
|  |  |        |- Iteration (0): ................ 0.004 s      
|  |  |        |- Iteration (1): ................ 0.001 s      
|  |  |        |- Iteration (2): ................ 0.000 s      
|  |  |        |- Iteration (3): ................ 0.000 s      
|  |  |        `- Iteration (4): ................ 0.000 s      
|  |  |- Level (1): ............................. 0.282 s      
|  |  |  |- Allocation: ......................... 0.003 s      
|  |  |  |- Project partition: .................. 0.000 s      
|  |  |  |- Create graph: ....................... 0.000 s      
|  |  |  `- Refinement: ......................... 0.277 s      
|  |  |     |- Greedy Balancer: ................. 0.000 s      
|  |  |     `- Label Propagation: ............... 0.277 s      
|  |  |        |- Iteration (0): ................ 0.078 s      
|  |  |        |- Iteration (1): ................ 0.064 s      
|  |  |        |- Iteration (2): ................ 0.056 s      
|  |  |        |- Iteration (3): ................ 0.043 s      
|  |  |        `- Iteration (4): ................ 0.033 s      
|  |  `- Level (0): ............................. 8.001 s      
|  |     |- Allocation: ......................... 0.005 s      
|  |     |- Project partition: .................. 0.005 s      
|  |     |- Create graph: ....................... 0.004 s      
|  |     `- Refinement: ......................... 7.974 s      
|  |        |- Greedy Balancer: ................. 0.000 s      
|  |        `- Label Propagation: ............... 7.974 s      
|  |           |- Iteration (0): ................ 2.697 s      
|  |           |- Iteration (1): ................ 2.242 s      
|  |           |- Iteration (2): ................ 1.588 s      
|  |           |- Iteration (3): ................ 0.887 s      
|  |           `- Iteration (4): ................ 0.554 s      
|  |- Deallocation: ............................. 0.001 s      
|  `- Re-integrate isolated nodes: .............. 0.015 s      
`- IO: .......................................... 0.005 s      

Partition summary:
  Number of blocks: 16
  Edge cut:         563515024
  Imbalance:        0.0299996
  Feasible:         yes

Block weights:
  w(0 ) = 4223537    w(1 ) = 4190383    w(2 ) = 4223536    w(3 ) = 4223537  
  w(4 ) = 4190386    w(5 ) = 4195343    w(6 ) = 4223511    w(7 ) = 3779181  
  w(8 ) = 3839683    w(9 ) = 4223528    w(10) = 3822983    w(11) = 4152258  
  w(12) = 4197289    w(13) = 4187171    w(14) = 4128157    w(15) = 3807883  

Maximum resident set size: 45416088 KiB
