################################################################################
#                _  __       __  __  _         ____                            #
#               | |/ / __ _ |  \/  |(_) _ __  |  _ \  __ _  _ __               #
#               | ' / / _` || |\/| || || '_ \ | |_) |/ _` || '__|              #
#               | . \| (_| || |  | || || | | ||  __/| (_| || |                 #
#               |_|\_\\__,_||_|  |_||_||_| |_||_|    \__,_||_|                 #
#                                                                              #
################################################################################
Current commit hash:          99c62314d27845b3825829ec1e3e97256490627d
Assertion level:              always+light
Statistics:                   disabled
Built on:                     liskov
Data type sizes:
  Nodes IDs: 4 bytes | Node weights: 4 bytes
  Edges IDs: 4 bytes | Edge weights: 4 bytes
############################################################## Input Summary ###
Execution mode:               64
Seed:                         1
Graph:                        Cube_Coup_dt6 [node ordering: deg-buckets] [edge ordering: natural]
  Number of nodes:              2164760 (unweighted)
  Number of edges:            125041384 (unweighted)
Number of blocks:             16
Maximum block weight:         139356 (135298 + 3% / 3%)
---------------------------------------------------------- Graph Compression ---
Enabled:                      no
-------------------------------------------------------- Partitioning Scheme ---
Partitioning mode:            deep
  Deep initial part. mode:    async-parallel
  Deep initial part. load:    1
Subgraph memory:              Lazy
----------------------------------------------------------------- Coarsening ---
Contraction limit:            2000
Coarsening algorithm:         clustering
  Cluster weight limit:       epsilon-block-weight x 1
  Shrink factor:              1.79769e+308
  Max mem-free level:         1
  Clustering algorithm:       lp
    Number of iterations:     5
    High degree threshold:    4294967295
    Max degree:               4294967295
    Tie breaking strategy:    uniform
    Implementation:           two-phase
      Relabel:                no
    2-hop clustering:         match-threadwise, if |Vcoarse| > 0.500000 * |V|
    Isolated nodes:           match-during-two-hop
  Forced hierarchy levels:    <none> (leeway: U=10.000000, L=1.100000)
Contraction algorithm:        unbuffered
  Implementation:             two-phase
------------------------------------------------------- Initial Partitioning ---
Adaptive algorithm selection: yes
----------------------------------------------------------------- Refinement ---
Refinement algorithms:        [greedy-balancer -> lp]
Label propagation:
  Number of iterations:       5
  Tie breaking strategy:      uniform
  Implementation:             single-phase
############################################################## Preprocessing ###
Removed 0 isolated nodes
  Remaining nodes:             2164760
  Remaining total node weight: 2164760
############################################################### Partitioning ###
Input graph:
 Number of nodes: 2164760 | Number of edges: 125041384
 Maximum node weight: 1

Coarsening -> Level 1 [max cluster weight: 4058]:
 Total edge weight:   45238300
 Number of nodes:     13278 | Number of edges: 179500
 Maximum node weight: 1978

==> Coarsening terminated with less than 128000 nodes

Initial partitioning:
 Number of blocks: 8

Uncoarsening -> Level 0
 Number of nodes: 2164760 | Number of edges: 125041384
  Running refinement on 8 blocks
   1. Greedy Balancer
   2. Label Propagation
  Extending partition from 8 blocks to 16 blocks

Toplevel:
 Number of nodes: 2164760 | Number of edges: 125041384
  Running refinement on 16 blocks
   1. Greedy Balancer
   2. Label Propagation
############################################################# Result Summary ###
RESULT cut=2081264 imbalance=0.02884 feasible=1 k=16
TIME read_input_graph=8.698 partitioning=0.959 partitioning.rearrange_by_degree-buckets=0.036 partitioning.rearrange_by_degree-buckets.sort_nodes_by_integer_buckets=0.008 partitioning.rearrange_by_degree-buckets.rearrange_input_graph=0.022 partitioning.rearrange_by_degree-buckets.deallocation=0.003 partitioning.refinement=0.000 partitioning.refinement.allocation=0.000 partitioning.coarsening=0.152 partitioning.coarsening.level[0]=0.152 partitioning.coarsening.level[0].label_propagation=0.121 partitioning.coarsening.level[0].label_propagation.allocation=0.009 partitioning.coarsening.level[0].label_propagation.iteration[0]=0.042 partitioning.coarsening.level[0].label_propagation.iteration[0].first_phase=0.040 partitioning.coarsening.level[0].label_propagation.iteration[1]=0.022 partitioning.coarsening.level[0].label_propagation.iteration[1].first_phase=0.022 partitioning.coarsening.level[0].label_propagation.iteration[2]=0.017 partitioning.coarsening.level[0].label_propagation.iteration[2].first_phase=0.017 partitioning.coarsening.level[0].label_propagation.iteration[3]=0.012 partitioning.coarsening.level[0].label_propagation.iteration[3].first_phase=0.012 partitioning.coarsening.level[0].label_propagation.iteration[4]=0.010 partitioning.coarsening.level[0].label_propagation.iteration[4].first_phase=0.010 partitioning.coarsening.level[0].label_propagation.handle_isolated_nodes=0.000 partitioning.coarsening.level[0].label_propagation.handle_two-hop_nodes=0.000 partitioning.coarsening.level[0].label_propagation.free=0.006 partitioning.coarsening.level[0].contract_graph=0.030 partitioning.coarsening.level[0].contract_graph.allocation=0.000 partitioning.coarsening.level[0].contract_graph.preprocessing=0.003 partitioning.coarsening.level[0].contract_graph.deallocation=0.000 partitioning.coarsening.level[0].contract_graph.construct_coarse_graph=0.026 partitioning.coarsening.level[0].contract_graph.construct_coarse_graph.aggregate_coarse_edges=0.025 partitioning.coarsening.level[0].contract_graph.construct_coarse_graph.aggregate_coarse_edges.first_phase=0.018 partitioning.coarsening.level[0].contract_graph.construct_coarse_graph.aggregate_coarse_edges.second_phase=0.000 partitioning.coarsening.level[0].contract_graph.construct_coarse_graph.remap_coarse_edges_and_mapping=0.000 partitioning.coarsening.deallocation=0.000 partitioning.initial_partitioning_scheme=0.136 partitioning.uncoarsening=0.632 partitioning.uncoarsening.level[0]=0.608 partitioning.uncoarsening.level[0].allocation=0.004 partitioning.uncoarsening.level[0].project_partition=0.000 partitioning.uncoarsening.level[0].create_graph=0.000 partitioning.uncoarsening.level[0].refinement=0.037 partitioning.uncoarsening.level[0].refinement.greedy_balancer=0.000 partitioning.uncoarsening.level[0].refinement.label_propagation=0.037 partitioning.uncoarsening.level[0].refinement.label_propagation.allocation=0.000 partitioning.uncoarsening.level[0].refinement.label_propagation.iteration[0]=0.025 partitioning.uncoarsening.level[0].refinement.label_propagation.iteration[1]=0.005 partitioning.uncoarsening.level[0].refinement.label_propagation.iteration[2]=0.003 partitioning.uncoarsening.level[0].refinement.label_propagation.iteration[3]=0.001 partitioning.uncoarsening.level[0].refinement.label_propagation.iteration[4]=0.001 partitioning.uncoarsening.level[0].initial_partitioning=0.553 partitioning.uncoarsening.level[0].initial_partitioning.preprocessing=0.084 partitioning.uncoarsening.level[0].initial_partitioning.allocation=0.000 partitioning.uncoarsening.level[0].initial_partitioning.bipartitioning=0.463 partitioning.uncoarsening.level[0].initial_partitioning.copy_subgraph_partitions=0.005 partitioning.uncoarsening.level[0].deallocation=0.011 partitioning.uncoarsening.refinement=0.023 partitioning.uncoarsening.refinement.greedy_balancer=0.000 partitioning.uncoarsening.refinement.label_propagation=0.023 partitioning.uncoarsening.refinement.label_propagation.iteration[0]=0.019 partitioning.uncoarsening.refinement.label_propagation.iteration[1]=0.001 partitioning.uncoarsening.refinement.label_propagation.iteration[2]=0.000 partitioning.uncoarsening.refinement.label_propagation.iteration[3]=0.000 partitioning.uncoarsening.refinement.label_propagation.iteration[4]=0.000 partitioning.deallocation=0.000 partitioning.re-integrate_isolated_nodes=0.000 io=0.000 
MEMORY disabled

Global Timer: ................................... 9.664 s    
|- Read input graph: ............................ 8.698 s    
|- Partitioning: ................................ 0.959 s    
|  |- Rearrange by degree-buckets: .............. 0.036 s    
|  |  |- Sort nodes by integer buckets: ......... 0.008 s    
|  |  |- Rearrange input graph: ................. 0.022 s    
|  |  `- Deallocation: .......................... 0.003 s    
|  |- Refinement: ............................... 0.000 s    
|  |  `- Allocation: ............................ 0.000 s    
|  |- Coarsening: ............................... 0.152 s    
|  |  |- Level (0): ............................. 0.152 s    
|  |  |  |- Label Propagation: .................. 0.121 s    
|  |  |  |  |- Allocation: ...................... 0.009 s    
|  |  |  |  |- Iteration (0): ................... 0.042 s    
|  |  |  |  |  `- First phase: .................. 0.040 s    
|  |  |  |  |- Iteration (1): ................... 0.022 s    
|  |  |  |  |  `- First phase: .................. 0.022 s    
|  |  |  |  |- Iteration (2): ................... 0.017 s    
|  |  |  |  |  `- First phase: .................. 0.017 s    
|  |  |  |  |- Iteration (3): ................... 0.012 s    
|  |  |  |  |  `- First phase: .................. 0.012 s    
|  |  |  |  |- Iteration (4): ................... 0.010 s    
|  |  |  |  |  `- First phase: .................. 0.010 s    
|  |  |  |  |- Handle isolated nodes: ........... 0.000 s    
|  |  |  |  |- Handle two-hop nodes: ............ 0.000 s    
|  |  |  |  `- Free: ............................ 0.006 s    
|  |  |  `- Contract graph: ..................... 0.030 s    
|  |  |     |- Allocation: ...................... 0.000 s (3)
|  |  |     |- Preprocessing: ................... 0.003 s (3)
|  |  |     |- Deallocation: .................... 0.000 s    
|  |  |     `- Construct coarse graph: .......... 0.026 s    
|  |  |        |- Aggregate coarse edges: ....... 0.025 s    
|  |  |        |  |- First phase: ............... 0.018 s    
|  |  |        |  `- Second phase: .............. 0.000 s    
|  |  |        `- Remap coarse edges and mapping: 0.000 s    
|  |  `- Deallocation: .......................... 0.000 s    
|  |- Initial partitioning scheme: .............. 0.136 s    
|  |- Uncoarsening: ............................. 0.632 s    
|  |  |- Level (0): ............................. 0.608 s    
|  |  |  |- Allocation: ......................... 0.004 s    
|  |  |  |- Project partition: .................. 0.000 s    
|  |  |  |- Create graph: ....................... 0.000 s    
|  |  |  |- Refinement: ......................... 0.037 s    
|  |  |  |  |- Greedy Balancer: ................. 0.000 s    
|  |  |  |  `- Label Propagation: ............... 0.037 s    
|  |  |  |     |- Allocation: ................... 0.000 s    
|  |  |  |     |- Iteration (0): ................ 0.025 s    
|  |  |  |     |- Iteration (1): ................ 0.005 s    
|  |  |  |     |- Iteration (2): ................ 0.003 s    
|  |  |  |     |- Iteration (3): ................ 0.001 s    
|  |  |  |     `- Iteration (4): ................ 0.001 s    
|  |  |  |- Initial partitioning: ............... 0.553 s    
|  |  |  |  |- Preprocessing: ................... 0.084 s    
|  |  |  |  |- Allocation: ...................... 0.000 s    
|  |  |  |  |- Bipartitioning: .................. 0.463 s    
|  |  |  |  `- Copy subgraph partitions: ........ 0.005 s    
|  |  |  `- Deallocation: ....................... 0.011 s    
|  |  `- Refinement: ............................ 0.023 s    
|  |     |- Greedy Balancer: .................... 0.000 s    
|  |     `- Label Propagation: .................. 0.023 s    
|  |        |- Iteration (0): ................... 0.019 s    
|  |        |- Iteration (1): ................... 0.001 s    
|  |        |- Iteration (2): ................... 0.000 s    
|  |        |- Iteration (3): ................... 0.000 s    
|  |        `- Iteration (4): ................... 0.000 s    
|  |- Deallocation: ............................. 0.000 s    
|  `- Re-integrate isolated nodes: .............. 0.000 s    
`- IO: .......................................... 0.000 s    

Partition summary:
  Number of blocks: 16
  Edge cut:         2081264
  Imbalance:        0.02884
  Feasible:         yes

Block weights:
  w(0 ) = 138116    w(1 ) = 136284    w(2 ) = 139200    w(3 ) = 137764  
  w(4 ) = 137956    w(5 ) = 136204    w(6 ) = 137460    w(7 ) = 133964  
  w(8 ) = 132768    w(9 ) = 123804    w(10) = 136660    w(11) = 134408  
  w(12) = 133372    w(13) = 133316    w(14) = 137744    w(15) = 135740  

Maximum resident set size: 1773848 KiB
