################################################################################
#                _  __       __  __  _         ____                            #
#               | |/ / __ _ |  \/  |(_) _ __  |  _ \  __ _  _ __               #
#               | ' / / _` || |\/| || || '_ \ | |_) |/ _` || '__|              #
#               | . \| (_| || |  | || || | | ||  __/| (_| || |                 #
#               |_|\_\\__,_||_|  |_||_||_| |_||_|    \__,_||_|                 #
#                                                                              #
################################################################################
Current commit hash:          99c62314d27845b3825829ec1e3e97256490627d
Assertion level:              always+light
Statistics:                   disabled
Built on:                     liskov
Data type sizes:
  Nodes IDs: 4 bytes | Node weights: 4 bytes
  Edges IDs: 4 bytes | Edge weights: 4 bytes
############################################################## Input Summary ###
Execution mode:               64
Seed:                         1
Graph:                        delaunay_n24 [node ordering: deg-buckets] [edge ordering: natural]
  Number of nodes:             16777216 (unweighted)
  Number of edges:            100663202 (unweighted)
Number of blocks:             16
Maximum block weight:         1080033 (1048576 + 3% / 3%)
---------------------------------------------------------- Graph Compression ---
Enabled:                      no
-------------------------------------------------------- Partitioning Scheme ---
Partitioning mode:            deep
  Deep initial part. mode:    async-parallel
  Deep initial part. load:    1
Subgraph memory:              Lazy
----------------------------------------------------------------- Coarsening ---
Contraction limit:            2000
Coarsening algorithm:         clustering
  Cluster weight limit:       epsilon-block-weight x 1
  Shrink factor:              1.79769e+308
  Max mem-free level:         1
  Clustering algorithm:       lp
    Number of iterations:     5
    High degree threshold:    4294967295
    Max degree:               4294967295
    Tie breaking strategy:    uniform
    Implementation:           two-phase
      Relabel:                no
    2-hop clustering:         match-threadwise, if |Vcoarse| > 0.500000 * |V|
    Isolated nodes:           match-during-two-hop
  Forced hierarchy levels:    <none> (leeway: U=10.000000, L=1.100000)
Contraction algorithm:        unbuffered
  Implementation:             two-phase
------------------------------------------------------- Initial Partitioning ---
Adaptive algorithm selection: yes
----------------------------------------------------------------- Refinement ---
Refinement algorithms:        [greedy-balancer -> lp]
Label propagation:
  Number of iterations:       5
  Tie breaking strategy:      uniform
  Implementation:             single-phase
############################################################## Preprocessing ###
Removed 0 isolated nodes
  Remaining nodes:             16777216
  Remaining total node weight: 16777216
############################################################### Partitioning ###
Input graph:
 Number of nodes: 16777216 | Number of edges: 100663202
 Maximum node weight: 1

Coarsening -> Level 1 [max cluster weight: 31457]:
 Total edge weight:   33705736
 Number of nodes:     1575510 | Number of edges: 9428604
 Maximum node weight: 67

Coarsening -> Level 2 [max cluster weight: 31457]:
 Total edge weight:   12438614
 Number of nodes:     203929 | Number of edges: 1221806
 Maximum node weight: 587

Coarsening -> Level 3 [max cluster weight: 31457]:
 Total edge weight:   4487930
 Number of nodes:     22742 | Number of edges: 136200
 Maximum node weight: 6305

==> Coarsening terminated with less than 128000 nodes

Initial partitioning:
 Number of blocks: 16

Uncoarsening -> Level 2
 Number of nodes: 203929 | Number of edges: 1221806
  Running refinement on 16 blocks
   1. Greedy Balancer
   2. Label Propagation

Uncoarsening -> Level 1
 Number of nodes: 1575510 | Number of edges: 9428604
  Running refinement on 16 blocks
   1. Greedy Balancer
   2. Label Propagation

Uncoarsening -> Level 0
 Number of nodes: 16777216 | Number of edges: 100663202
  Running refinement on 16 blocks
   1. Greedy Balancer
   2. Label Propagation
############################################################# Result Summary ###
RESULT cut=51609 imbalance=0.0286055 feasible=1 k=16
TIME read_input_graph=7.280 partitioning=0.686 partitioning.rearrange_by_degree-buckets=0.048 partitioning.rearrange_by_degree-buckets.sort_nodes_by_integer_buckets=0.016 partitioning.rearrange_by_degree-buckets.rearrange_input_graph=0.025 partitioning.rearrange_by_degree-buckets.deallocation=0.002 partitioning.refinement=0.000 partitioning.refinement.allocation=0.000 partitioning.coarsening=0.484 partitioning.coarsening.level[0]=0.396 partitioning.coarsening.level[0].label_propagation=0.286 partitioning.coarsening.level[0].label_propagation.allocation=0.013 partitioning.coarsening.level[0].label_propagation.iteration[0]=0.081 partitioning.coarsening.level[0].label_propagation.iteration[0].first_phase=0.077 partitioning.coarsening.level[0].label_propagation.iteration[1]=0.062 partitioning.coarsening.level[0].label_propagation.iteration[1].first_phase=0.062 partitioning.coarsening.level[0].label_propagation.iteration[2]=0.049 partitioning.coarsening.level[0].label_propagation.iteration[2].first_phase=0.049 partitioning.coarsening.level[0].label_propagation.iteration[3]=0.038 partitioning.coarsening.level[0].label_propagation.iteration[3].first_phase=0.038 partitioning.coarsening.level[0].label_propagation.iteration[4]=0.029 partitioning.coarsening.level[0].label_propagation.iteration[4].first_phase=0.029 partitioning.coarsening.level[0].label_propagation.handle_isolated_nodes=0.000 partitioning.coarsening.level[0].label_propagation.handle_two-hop_nodes=0.000 partitioning.coarsening.level[0].label_propagation.free=0.006 partitioning.coarsening.level[0].contract_graph=0.108 partitioning.coarsening.level[0].contract_graph.allocation=0.003 partitioning.coarsening.level[0].contract_graph.preprocessing=0.041 partitioning.coarsening.level[0].contract_graph.deallocation=0.000 partitioning.coarsening.level[0].contract_graph.construct_coarse_graph=0.060 partitioning.coarsening.level[0].contract_graph.construct_coarse_graph.aggregate_coarse_edges=0.054 partitioning.coarsening.level[0].contract_graph.construct_coarse_graph.aggregate_coarse_edges.first_phase=0.044 partitioning.coarsening.level[0].contract_graph.construct_coarse_graph.aggregate_coarse_edges.second_phase=0.004 partitioning.coarsening.level[0].contract_graph.construct_coarse_graph.remap_coarse_edges_and_mapping=0.004 partitioning.coarsening.level[1]=0.075 partitioning.coarsening.level[1].label_propagation=0.047 partitioning.coarsening.level[1].label_propagation.allocation=0.012 partitioning.coarsening.level[1].label_propagation.iteration[0]=0.012 partitioning.coarsening.level[1].label_propagation.iteration[0].first_phase=0.011 partitioning.coarsening.level[1].label_propagation.iteration[1]=0.007 partitioning.coarsening.level[1].label_propagation.iteration[1].first_phase=0.007 partitioning.coarsening.level[1].label_propagation.iteration[2]=0.006 partitioning.coarsening.level[1].label_propagation.iteration[2].first_phase=0.005 partitioning.coarsening.level[1].label_propagation.iteration[3]=0.004 partitioning.coarsening.level[1].label_propagation.iteration[3].first_phase=0.004 partitioning.coarsening.level[1].label_propagation.iteration[4]=0.003 partitioning.coarsening.level[1].label_propagation.iteration[4].first_phase=0.003 partitioning.coarsening.level[1].label_propagation.handle_isolated_nodes=0.000 partitioning.coarsening.level[1].label_propagation.handle_two-hop_nodes=0.000 partitioning.coarsening.level[1].contract_graph=0.027 partitioning.coarsening.level[1].contract_graph.allocation=0.000 partitioning.coarsening.level[1].contract_graph.preprocessing=0.007 partitioning.coarsening.level[1].contract_graph.deallocation=0.000 partitioning.coarsening.level[1].contract_graph.construct_coarse_graph=0.019 partitioning.coarsening.level[1].contract_graph.construct_coarse_graph.aggregate_coarse_edges=0.018 partitioning.coarsening.level[1].contract_graph.construct_coarse_graph.aggregate_coarse_edges.first_phase=0.017 partitioning.coarsening.level[1].contract_graph.construct_coarse_graph.aggregate_coarse_edges.second_phase=0.000 partitioning.coarsening.level[1].contract_graph.construct_coarse_graph.remap_coarse_edges_and_mapping=0.000 partitioning.coarsening.level[2]=0.013 partitioning.coarsening.level[2].label_propagation=0.006 partitioning.coarsening.level[2].label_propagation.iteration[0]=0.001 partitioning.coarsening.level[2].label_propagation.iteration[0].first_phase=0.001 partitioning.coarsening.level[2].label_propagation.iteration[1]=0.001 partitioning.coarsening.level[2].label_propagation.iteration[1].first_phase=0.001 partitioning.coarsening.level[2].label_propagation.iteration[2]=0.001 partitioning.coarsening.level[2].label_propagation.iteration[2].first_phase=0.001 partitioning.coarsening.level[2].label_propagation.iteration[3]=0.000 partitioning.coarsening.level[2].label_propagation.iteration[3].first_phase=0.000 partitioning.coarsening.level[2].label_propagation.iteration[4]=0.000 partitioning.coarsening.level[2].label_propagation.iteration[4].first_phase=0.000 partitioning.coarsening.level[2].label_propagation.handle_isolated_nodes=0.000 partitioning.coarsening.level[2].label_propagation.handle_two-hop_nodes=0.000 partitioning.coarsening.level[2].contract_graph=0.006 partitioning.coarsening.level[2].contract_graph.allocation=0.000 partitioning.coarsening.level[2].contract_graph.preprocessing=0.001 partitioning.coarsening.level[2].contract_graph.deallocation=0.000 partitioning.coarsening.level[2].contract_graph.construct_coarse_graph=0.004 partitioning.coarsening.level[2].contract_graph.construct_coarse_graph.aggregate_coarse_edges=0.004 partitioning.coarsening.level[2].contract_graph.construct_coarse_graph.aggregate_coarse_edges.first_phase=0.004 partitioning.coarsening.level[2].contract_graph.construct_coarse_graph.aggregate_coarse_edges.second_phase=0.000 partitioning.coarsening.level[2].contract_graph.construct_coarse_graph.remap_coarse_edges_and_mapping=0.000 partitioning.coarsening.deallocation=0.000 partitioning.initial_partitioning_scheme=0.063 partitioning.uncoarsening=0.079 partitioning.uncoarsening.level[2]=0.007 partitioning.uncoarsening.level[2].allocation=0.000 partitioning.uncoarsening.level[2].project_partition=0.000 partitioning.uncoarsening.level[2].create_graph=0.000 partitioning.uncoarsening.level[2].refinement=0.006 partitioning.uncoarsening.level[2].refinement.greedy_balancer=0.000 partitioning.uncoarsening.level[2].refinement.label_propagation=0.006 partitioning.uncoarsening.level[2].refinement.label_propagation.allocation=0.004 partitioning.uncoarsening.level[2].refinement.label_propagation.iteration[0]=0.001 partitioning.uncoarsening.level[2].refinement.label_propagation.iteration[1]=0.000 partitioning.uncoarsening.level[2].refinement.label_propagation.iteration[2]=0.000 partitioning.uncoarsening.level[2].refinement.label_propagation.iteration[3]=0.000 partitioning.uncoarsening.level[2].refinement.label_propagation.iteration[4]=0.000 partitioning.uncoarsening.level[1]=0.016 partitioning.uncoarsening.level[1].allocation=0.007 partitioning.uncoarsening.level[1].project_partition=0.000 partitioning.uncoarsening.level[1].create_graph=0.000 partitioning.uncoarsening.level[1].refinement=0.007 partitioning.uncoarsening.level[1].refinement.greedy_balancer=0.000 partitioning.uncoarsening.level[1].refinement.label_propagation=0.007 partitioning.uncoarsening.level[1].refinement.label_propagation.iteration[0]=0.005 partitioning.uncoarsening.level[1].refinement.label_propagation.iteration[1]=0.000 partitioning.uncoarsening.level[1].refinement.label_propagation.iteration[2]=0.000 partitioning.uncoarsening.level[1].refinement.label_propagation.iteration[3]=0.000 partitioning.uncoarsening.level[1].refinement.label_propagation.iteration[4]=0.000 partitioning.uncoarsening.level[0]=0.055 partitioning.uncoarsening.level[0].allocation=0.004 partitioning.uncoarsening.level[0].project_partition=0.001 partitioning.uncoarsening.level[0].create_graph=0.001 partitioning.uncoarsening.level[0].refinement=0.047 partitioning.uncoarsening.level[0].refinement.greedy_balancer=0.000 partitioning.uncoarsening.level[0].refinement.label_propagation=0.047 partitioning.uncoarsening.level[0].refinement.label_propagation.iteration[0]=0.040 partitioning.uncoarsening.level[0].refinement.label_propagation.iteration[1]=0.002 partitioning.uncoarsening.level[0].refinement.label_propagation.iteration[2]=0.001 partitioning.uncoarsening.level[0].refinement.label_propagation.iteration[3]=0.001 partitioning.uncoarsening.level[0].refinement.label_propagation.iteration[4]=0.001 partitioning.deallocation=0.001 partitioning.re-integrate_isolated_nodes=0.007 io=0.002 
MEMORY disabled

Global Timer: ................................... 7.980 s    
|- Read input graph: ............................ 7.280 s    
|- Partitioning: ................................ 0.686 s    
|  |- Rearrange by degree-buckets: .............. 0.048 s    
|  |  |- Sort nodes by integer buckets: ......... 0.016 s    
|  |  |- Rearrange input graph: ................. 0.025 s    
|  |  `- Deallocation: .......................... 0.002 s    
|  |- Refinement: ............................... 0.000 s    
|  |  `- Allocation: ............................ 0.000 s    
|  |- Coarsening: ............................... 0.484 s    
|  |  |- Level (0): ............................. 0.396 s    
|  |  |  |- Label Propagation: .................. 0.286 s    
|  |  |  |  |- Allocation: ...................... 0.013 s    
|  |  |  |  |- Iteration (0): ................... 0.081 s    
|  |  |  |  |  `- First phase: .................. 0.077 s    
|  |  |  |  |- Iteration (1): ................... 0.062 s    
|  |  |  |  |  `- First phase: .................. 0.062 s    
|  |  |  |  |- Iteration (2): ................... 0.049 s    
|  |  |  |  |  `- First phase: .................. 0.049 s    
|  |  |  |  |- Iteration (3): ................... 0.038 s    
|  |  |  |  |  `- First phase: .................. 0.038 s    
|  |  |  |  |- Iteration (4): ................... 0.029 s    
|  |  |  |  |  `- First phase: .................. 0.029 s    
|  |  |  |  |- Handle isolated nodes: ........... 0.000 s    
|  |  |  |  |- Handle two-hop nodes: ............ 0.000 s    
|  |  |  |  `- Free: ............................ 0.006 s    
|  |  |  `- Contract graph: ..................... 0.108 s    
|  |  |     |- Allocation: ...................... 0.003 s (3)
|  |  |     |- Preprocessing: ................... 0.041 s (3)
|  |  |     |- Deallocation: .................... 0.000 s    
|  |  |     `- Construct coarse graph: .......... 0.060 s    
|  |  |        |- Aggregate coarse edges: ....... 0.054 s    
|  |  |        |  |- First phase: ............... 0.044 s    
|  |  |        |  `- Second phase: .............. 0.004 s    
|  |  |        `- Remap coarse edges and mapping: 0.004 s    
|  |  |- Level (1): ............................. 0.075 s    
|  |  |  |- Label Propagation: .................. 0.047 s    
|  |  |  |  |- Allocation: ...................... 0.012 s    
|  |  |  |  |- Iteration (0): ................... 0.012 s    
|  |  |  |  |  `- First phase: .................. 0.011 s    
|  |  |  |  |- Iteration (1): ................... 0.007 s    
|  |  |  |  |  `- First phase: .................. 0.007 s    
|  |  |  |  |- Iteration (2): ................... 0.006 s    
|  |  |  |  |  `- First phase: .................. 0.005 s    
|  |  |  |  |- Iteration (3): ................... 0.004 s    
|  |  |  |  |  `- First phase: .................. 0.004 s    
|  |  |  |  |- Iteration (4): ................... 0.003 s    
|  |  |  |  |  `- First phase: .................. 0.003 s    
|  |  |  |  |- Handle isolated nodes: ........... 0.000 s    
|  |  |  |  `- Handle two-hop nodes: ............ 0.000 s    
|  |  |  `- Contract graph: ..................... 0.027 s    
|  |  |     |- Allocation: ...................... 0.000 s (3)
|  |  |     |- Preprocessing: ................... 0.007 s (3)
|  |  |     |- Deallocation: .................... 0.000 s    
|  |  |     `- Construct coarse graph: .......... 0.019 s    
|  |  |        |- Aggregate coarse edges: ....... 0.018 s    
|  |  |        |  |- First phase: ............... 0.017 s    
|  |  |        |  `- Second phase: .............. 0.000 s    
|  |  |        `- Remap coarse edges and mapping: 0.000 s    
|  |  |- Level (2): ............................. 0.013 s    
|  |  |  |- Label Propagation: .................. 0.006 s    
|  |  |  |  |- Iteration (0): ................... 0.001 s    
|  |  |  |  |  `- First phase: .................. 0.001 s    
|  |  |  |  |- Iteration (1): ................... 0.001 s    
|  |  |  |  |  `- First phase: .................. 0.001 s    
|  |  |  |  |- Iteration (2): ................... 0.001 s    
|  |  |  |  |  `- First phase: .................. 0.001 s    
|  |  |  |  |- Iteration (3): ................... 0.000 s    
|  |  |  |  |  `- First phase: .................. 0.000 s    
|  |  |  |  |- Iteration (4): ................... 0.000 s    
|  |  |  |  |  `- First phase: .................. 0.000 s    
|  |  |  |  |- Handle isolated nodes: ........... 0.000 s    
|  |  |  |  `- Handle two-hop nodes: ............ 0.000 s    
|  |  |  `- Contract graph: ..................... 0.006 s    
|  |  |     |- Allocation: ...................... 0.000 s (3)
|  |  |     |- Preprocessing: ................... 0.001 s (3)
|  |  |     |- Deallocation: .................... 0.000 s    
|  |  |     `- Construct coarse graph: .......... 0.004 s    
|  |  |        |- Aggregate coarse edges: ....... 0.004 s    
|  |  |        |  |- First phase: ............... 0.004 s    
|  |  |        |  `- Second phase: .............. 0.000 s    
|  |  |        `- Remap coarse edges and mapping: 0.000 s    
|  |  `- Deallocation: .......................... 0.000 s    
|  |- Initial partitioning scheme: .............. 0.063 s    
|  |- Uncoarsening: ............................. 0.079 s    
|  |  |- Level (2): ............................. 0.007 s    
|  |  |  |- Allocation: ......................... 0.000 s    
|  |  |  |- Project partition: .................. 0.000 s    
|  |  |  |- Create graph: ....................... 0.000 s    
|  |  |  `- Refinement: ......................... 0.006 s    
|  |  |     |- Greedy Balancer: ................. 0.000 s    
|  |  |     `- Label Propagation: ............... 0.006 s    
|  |  |        |- Allocation: ................... 0.004 s    
|  |  |        |- Iteration (0): ................ 0.001 s    
|  |  |        |- Iteration (1): ................ 0.000 s    
|  |  |        |- Iteration (2): ................ 0.000 s    
|  |  |        |- Iteration (3): ................ 0.000 s    
|  |  |        `- Iteration (4): ................ 0.000 s    
|  |  |- Level (1): ............................. 0.016 s    
|  |  |  |- Allocation: ......................... 0.007 s    
|  |  |  |- Project partition: .................. 0.000 s    
|  |  |  |- Create graph: ....................... 0.000 s    
|  |  |  `- Refinement: ......................... 0.007 s    
|  |  |     |- Greedy Balancer: ................. 0.000 s    
|  |  |     `- Label Propagation: ............... 0.007 s    
|  |  |        |- Iteration (0): ................ 0.005 s    
|  |  |        |- Iteration (1): ................ 0.000 s    
|  |  |        |- Iteration (2): ................ 0.000 s    
|  |  |        |- Iteration (3): ................ 0.000 s    
|  |  |        `- Iteration (4): ................ 0.000 s    
|  |  `- Level (0): ............................. 0.055 s    
|  |     |- Allocation: ......................... 0.004 s    
|  |     |- Project partition: .................. 0.001 s    
|  |     |- Create graph: ....................... 0.001 s    
|  |     `- Refinement: ......................... 0.047 s    
|  |        |- Greedy Balancer: ................. 0.000 s    
|  |        `- Label Propagation: ............... 0.047 s    
|  |           |- Iteration (0): ................ 0.040 s    
|  |           |- Iteration (1): ................ 0.002 s    
|  |           |- Iteration (2): ................ 0.001 s    
|  |           |- Iteration (3): ................ 0.001 s    
|  |           `- Iteration (4): ................ 0.001 s    
|  |- Deallocation: ............................. 0.001 s    
|  `- Re-integrate isolated nodes: .............. 0.007 s    
`- IO: .......................................... 0.002 s    

Partition summary:
  Number of blocks: 16
  Edge cut:         51609
  Imbalance:        0.0286055
  Feasible:         yes

Block weights:
  w(0 ) = 1044404    w(1 ) = 1018133    w(2 ) = 1078571    w(3 ) = 1021013  
  w(4 ) = 1031448    w(5 ) = 1068591    w(6 ) = 1068652    w(7 ) = 1069490  
  w(8 ) = 1017379    w(9 ) = 1069146    w(10) = 1048493    w(11) = 1018812  
  w(12) = 1065681    w(13) = 1034576    w(14) = 1071442    w(15) = 1051385  

Maximum resident set size: 1333836 KiB
