################################################################################
#                _  __       __  __  _         ____                            #
#               | |/ / __ _ |  \/  |(_) _ __  |  _ \  __ _  _ __               #
#               | ' / / _` || |\/| || || '_ \ | |_) |/ _` || '__|              #
#               | . \| (_| || |  | || || | | ||  __/| (_| || |                 #
#               |_|\_\\__,_||_|  |_||_||_| |_||_|    \__,_||_|                 #
#                                                                              #
################################################################################
Current commit hash:          99c62314d27845b3825829ec1e3e97256490627d
Assertion level:              always+light
Statistics:                   disabled
Built on:                     liskov
Data type sizes:
  Nodes IDs: 4 bytes | Node weights: 4 bytes
  Edges IDs: 4 bytes | Edge weights: 4 bytes
############################################################## Input Summary ###
Execution mode:               64
Seed:                         1
Graph:                        dewiki-2013 [node ordering: deg-buckets] [edge ordering: natural]
  Number of nodes:             1532354 (unweighted)
  Number of edges:            66186058 (unweighted)
Number of blocks:             16
Maximum block weight:         98646 (95773 + 3% / 3%)
---------------------------------------------------------- Graph Compression ---
Enabled:                      no
-------------------------------------------------------- Partitioning Scheme ---
Partitioning mode:            deep
  Deep initial part. mode:    async-parallel
  Deep initial part. load:    1
Subgraph memory:              Lazy
----------------------------------------------------------------- Coarsening ---
Contraction limit:            2000
Coarsening algorithm:         clustering
  Cluster weight limit:       epsilon-block-weight x 1
  Shrink factor:              1.79769e+308
  Max mem-free level:         1
  Clustering algorithm:       lp
    Number of iterations:     5
    High degree threshold:    4294967295
    Max degree:               4294967295
    Tie breaking strategy:    uniform
    Implementation:           two-phase
      Relabel:                no
    2-hop clustering:         match-threadwise, if |Vcoarse| > 0.500000 * |V|
    Isolated nodes:           match-during-two-hop
  Forced hierarchy levels:    <none> (leeway: U=10.000000, L=1.100000)
Contraction algorithm:        unbuffered
  Implementation:             two-phase
------------------------------------------------------- Initial Partitioning ---
Adaptive algorithm selection: yes
----------------------------------------------------------------- Refinement ---
Refinement algorithms:        [greedy-balancer -> lp]
Label propagation:
  Number of iterations:       5
  Tie breaking strategy:      uniform
  Implementation:             single-phase
############################################################## Preprocessing ###
Removed 22206 isolated nodes
  Remaining nodes:             1510148
  Remaining total node weight: 1510148
############################################################### Partitioning ###
Input graph:
 Number of nodes: 1510148 | Number of edges: 66186058
 Maximum node weight: 1

Coarsening -> Level 1 [max cluster weight: 4261]:
 Total edge weight:   45258270
 Number of nodes:     14484 | Number of edges: 1616212
 Maximum node weight: 4261

==> Coarsening terminated with less than 128000 nodes

Initial partitioning:
 Number of blocks: 8

Uncoarsening -> Level 0
 Number of nodes: 1510148 | Number of edges: 66186058
  Running refinement on 8 blocks
   1. Greedy Balancer
   2. Label Propagation
  Extending partition from 8 blocks to 16 blocks

Toplevel:
 Number of nodes: 1510148 | Number of edges: 66186058
  Running refinement on 16 blocks
   1. Greedy Balancer
   2. Label Propagation
############################################################# Result Summary ###
RESULT cut=12618301 imbalance=0.029998 feasible=1 k=16
TIME read_input_graph=4.218 partitioning=1.335 partitioning.rearrange_by_degree-buckets=0.043 partitioning.rearrange_by_degree-buckets.sort_nodes_by_integer_buckets=0.007 partitioning.rearrange_by_degree-buckets.rearrange_input_graph=0.030 partitioning.rearrange_by_degree-buckets.deallocation=0.001 partitioning.refinement=0.000 partitioning.refinement.allocation=0.000 partitioning.coarsening=0.308 partitioning.coarsening.level[0]=0.308 partitioning.coarsening.level[0].label_propagation=0.236 partitioning.coarsening.level[0].label_propagation.allocation=0.010 partitioning.coarsening.level[0].label_propagation.iteration[0]=0.086 partitioning.coarsening.level[0].label_propagation.iteration[0].first_phase=0.068 partitioning.coarsening.level[0].label_propagation.iteration[0].second_phase=0.015 partitioning.coarsening.level[0].label_propagation.iteration[1]=0.046 partitioning.coarsening.level[0].label_propagation.iteration[1].first_phase=0.046 partitioning.coarsening.level[0].label_propagation.iteration[2]=0.032 partitioning.coarsening.level[0].label_propagation.iteration[2].first_phase=0.032 partitioning.coarsening.level[0].label_propagation.iteration[3]=0.026 partitioning.coarsening.level[0].label_propagation.iteration[3].first_phase=0.026 partitioning.coarsening.level[0].label_propagation.iteration[4]=0.022 partitioning.coarsening.level[0].label_propagation.iteration[4].first_phase=0.022 partitioning.coarsening.level[0].label_propagation.handle_isolated_nodes=0.000 partitioning.coarsening.level[0].label_propagation.handle_two-hop_nodes=0.000 partitioning.coarsening.level[0].label_propagation.free=0.005 partitioning.coarsening.level[0].contract_graph=0.071 partitioning.coarsening.level[0].contract_graph.allocation=0.000 partitioning.coarsening.level[0].contract_graph.preprocessing=0.013 partitioning.coarsening.level[0].contract_graph.deallocation=0.000 partitioning.coarsening.level[0].contract_graph.construct_coarse_graph=0.057 partitioning.coarsening.level[0].contract_graph.construct_coarse_graph.aggregate_coarse_edges=0.055 partitioning.coarsening.level[0].contract_graph.construct_coarse_graph.aggregate_coarse_edges.first_phase=0.043 partitioning.coarsening.level[0].contract_graph.construct_coarse_graph.aggregate_coarse_edges.second_phase=0.000 partitioning.coarsening.level[0].contract_graph.construct_coarse_graph.remap_coarse_edges_and_mapping=0.001 partitioning.coarsening.deallocation=0.000 partitioning.initial_partitioning_scheme=0.201 partitioning.uncoarsening=0.775 partitioning.uncoarsening.level[0]=0.693 partitioning.uncoarsening.level[0].allocation=0.003 partitioning.uncoarsening.level[0].project_partition=0.000 partitioning.uncoarsening.level[0].create_graph=0.000 partitioning.uncoarsening.level[0].refinement=0.215 partitioning.uncoarsening.level[0].refinement.greedy_balancer=0.048 partitioning.uncoarsening.level[0].refinement.greedy_balancer.allocation=0.000 partitioning.uncoarsening.level[0].refinement.greedy_balancer.initialize_balancer_pq=0.029 partitioning.uncoarsening.level[0].refinement.greedy_balancer.initialize_balancer_pq.thread-local=0.009 partitioning.uncoarsening.level[0].refinement.greedy_balancer.initialize_balancer_pq.merge_thread-local_pqs=0.020 partitioning.uncoarsening.level[0].refinement.greedy_balancer.main_loop=0.019 partitioning.uncoarsening.level[0].refinement.label_propagation=0.166 partitioning.uncoarsening.level[0].refinement.label_propagation.allocation=0.000 partitioning.uncoarsening.level[0].refinement.label_propagation.iteration[0]=0.081 partitioning.uncoarsening.level[0].refinement.label_propagation.iteration[1]=0.042 partitioning.uncoarsening.level[0].refinement.label_propagation.iteration[2]=0.021 partitioning.uncoarsening.level[0].refinement.label_propagation.iteration[3]=0.012 partitioning.uncoarsening.level[0].refinement.label_propagation.iteration[4]=0.007 partitioning.uncoarsening.level[0].initial_partitioning=0.463 partitioning.uncoarsening.level[0].initial_partitioning.preprocessing=0.052 partitioning.uncoarsening.level[0].initial_partitioning.allocation=0.002 partitioning.uncoarsening.level[0].initial_partitioning.bipartitioning=0.404 partitioning.uncoarsening.level[0].initial_partitioning.copy_subgraph_partitions=0.003 partitioning.uncoarsening.level[0].deallocation=0.009 partitioning.uncoarsening.refinement=0.082 partitioning.uncoarsening.refinement.greedy_balancer=0.007 partitioning.uncoarsening.refinement.greedy_balancer.allocation=0.000 partitioning.uncoarsening.refinement.greedy_balancer.initialize_balancer_pq=0.006 partitioning.uncoarsening.refinement.greedy_balancer.initialize_balancer_pq.thread-local=0.005 partitioning.uncoarsening.refinement.greedy_balancer.initialize_balancer_pq.merge_thread-local_pqs=0.000 partitioning.uncoarsening.refinement.greedy_balancer.main_loop=0.000 partitioning.uncoarsening.refinement.label_propagation=0.074 partitioning.uncoarsening.refinement.label_propagation.iteration[0]=0.040 partitioning.uncoarsening.refinement.label_propagation.iteration[1]=0.016 partitioning.uncoarsening.refinement.label_propagation.iteration[2]=0.007 partitioning.uncoarsening.refinement.label_propagation.iteration[3]=0.005 partitioning.uncoarsening.refinement.label_propagation.iteration[4]=0.004 partitioning.deallocation=0.004 partitioning.re-integrate_isolated_nodes=0.000 io=0.000 
MEMORY disabled

Global Timer: ................................... 5.557 s    
|- Read input graph: ............................ 4.218 s    
|- Partitioning: ................................ 1.335 s    
|  |- Rearrange by degree-buckets: .............. 0.043 s    
|  |  |- Sort nodes by integer buckets: ......... 0.007 s    
|  |  |- Rearrange input graph: ................. 0.030 s    
|  |  `- Deallocation: .......................... 0.001 s    
|  |- Refinement: ............................... 0.000 s    
|  |  `- Allocation: ............................ 0.000 s    
|  |- Coarsening: ............................... 0.308 s    
|  |  |- Level (0): ............................. 0.308 s    
|  |  |  |- Label Propagation: .................. 0.236 s    
|  |  |  |  |- Allocation: ...................... 0.010 s    
|  |  |  |  |- Iteration (0): ................... 0.086 s    
|  |  |  |  |  |- First phase: .................. 0.068 s    
|  |  |  |  |  `- Second phase: ................. 0.015 s    
|  |  |  |  |- Iteration (1): ................... 0.046 s    
|  |  |  |  |  `- First phase: .................. 0.046 s    
|  |  |  |  |- Iteration (2): ................... 0.032 s    
|  |  |  |  |  `- First phase: .................. 0.032 s    
|  |  |  |  |- Iteration (3): ................... 0.026 s    
|  |  |  |  |  `- First phase: .................. 0.026 s    
|  |  |  |  |- Iteration (4): ................... 0.022 s    
|  |  |  |  |  `- First phase: .................. 0.022 s    
|  |  |  |  |- Handle isolated nodes: ........... 0.000 s    
|  |  |  |  |- Handle two-hop nodes: ............ 0.000 s    
|  |  |  |  `- Free: ............................ 0.005 s    
|  |  |  `- Contract graph: ..................... 0.071 s    
|  |  |     |- Allocation: ...................... 0.000 s (3)
|  |  |     |- Preprocessing: ................... 0.013 s (3)
|  |  |     |- Deallocation: .................... 0.000 s    
|  |  |     `- Construct coarse graph: .......... 0.057 s    
|  |  |        |- Aggregate coarse edges: ....... 0.055 s    
|  |  |        |  |- First phase: ............... 0.043 s    
|  |  |        |  `- Second phase: .............. 0.000 s    
|  |  |        `- Remap coarse edges and mapping: 0.001 s    
|  |  `- Deallocation: .......................... 0.000 s    
|  |- Initial partitioning scheme: .............. 0.201 s    
|  |- Uncoarsening: ............................. 0.775 s    
|  |  |- Level (0): ............................. 0.693 s    
|  |  |  |- Allocation: ......................... 0.003 s    
|  |  |  |- Project partition: .................. 0.000 s    
|  |  |  |- Create graph: ....................... 0.000 s    
|  |  |  |- Refinement: ......................... 0.215 s    
|  |  |  |  |- Greedy Balancer: ................. 0.048 s    
|  |  |  |  |  |- Allocation: ................... 0.000 s    
|  |  |  |  |  |- Initialize balancer PQ: ....... 0.029 s    
|  |  |  |  |  |  |- Thread-local: .............. 0.009 s    
|  |  |  |  |  |  `- Merge thread-local PQs: .... 0.020 s    
|  |  |  |  |  `- Main loop: .................... 0.019 s    
|  |  |  |  `- Label Propagation: ............... 0.166 s    
|  |  |  |     |- Allocation: ................... 0.000 s    
|  |  |  |     |- Iteration (0): ................ 0.081 s    
|  |  |  |     |- Iteration (1): ................ 0.042 s    
|  |  |  |     |- Iteration (2): ................ 0.021 s    
|  |  |  |     |- Iteration (3): ................ 0.012 s    
|  |  |  |     `- Iteration (4): ................ 0.007 s    
|  |  |  |- Initial partitioning: ............... 0.463 s    
|  |  |  |  |- Preprocessing: ................... 0.052 s    
|  |  |  |  |- Allocation: ...................... 0.002 s    
|  |  |  |  |- Bipartitioning: .................. 0.404 s    
|  |  |  |  `- Copy subgraph partitions: ........ 0.003 s    
|  |  |  `- Deallocation: ....................... 0.009 s    
|  |  `- Refinement: ............................ 0.082 s    
|  |     |- Greedy Balancer: .................... 0.007 s    
|  |     |  |- Allocation: ...................... 0.000 s    
|  |     |  |- Initialize balancer PQ: .......... 0.006 s    
|  |     |  |  |- Thread-local: ................. 0.005 s    
|  |     |  |  `- Merge thread-local PQs: ....... 0.000 s    
|  |     |  `- Main loop: ....................... 0.000 s    
|  |     `- Label Propagation: .................. 0.074 s    
|  |        |- Iteration (0): ................... 0.040 s    
|  |        |- Iteration (1): ................... 0.016 s    
|  |        |- Iteration (2): ................... 0.007 s    
|  |        |- Iteration (3): ................... 0.005 s    
|  |        `- Iteration (4): ................... 0.004 s    
|  |- Deallocation: ............................. 0.004 s    
|  `- Re-integrate isolated nodes: .............. 0.000 s    
`- IO: .......................................... 0.000 s    

Partition summary:
  Number of blocks: 16
  Edge cut:         12618301
  Imbalance:        0.029998
  Feasible:         yes

Block weights:
  w(0 ) = 98646     w(1 ) = 98646     w(2 ) = 98646     w(3 ) = 98646   
  w(4 ) = 98646     w(5 ) = 98646     w(6 ) = 98646     w(7 ) = 98646   
  w(8 ) = 98646     w(9 ) = 85132     w(10) = 98645     w(11) = 86733   
  w(12) = 79397     w(13) = 97343     w(14) = 98645     w(15) = 98645   

Maximum resident set size: 1623508 KiB
