################################################################################
#                _  __       __  __  _         ____                            #
#               | |/ / __ _ |  \/  |(_) _ __  |  _ \  __ _  _ __               #
#               | ' / / _` || |\/| || || '_ \ | |_) |/ _` || '__|              #
#               | . \| (_| || |  | || || | | ||  __/| (_| || |                 #
#               |_|\_\\__,_||_|  |_||_||_| |_||_|    \__,_||_|                 #
#                                                                              #
################################################################################
Current commit hash:          99c62314d27845b3825829ec1e3e97256490627d
Assertion level:              always+light
Statistics:                   disabled
Built on:                     liskov
Data type sizes:
  Nodes IDs: 4 bytes | Node weights: 4 bytes
  Edges IDs: 4 bytes | Edge weights: 4 bytes
############################################################## Input Summary ###
Execution mode:               64
Seed:                         1
Graph:                        dielFilterV3real [node ordering: deg-buckets] [edge ordering: natural]
  Number of nodes:             1102824 (unweighted)
  Number of edges:            88203196 (unweighted)
Number of blocks:             16
Maximum block weight:         70994 (68927 + 3% / 3%)
---------------------------------------------------------- Graph Compression ---
Enabled:                      no
-------------------------------------------------------- Partitioning Scheme ---
Partitioning mode:            deep
  Deep initial part. mode:    async-parallel
  Deep initial part. load:    1
Subgraph memory:              Lazy
----------------------------------------------------------------- Coarsening ---
Contraction limit:            2000
Coarsening algorithm:         clustering
  Cluster weight limit:       epsilon-block-weight x 1
  Shrink factor:              1.79769e+308
  Max mem-free level:         1
  Clustering algorithm:       lp
    Number of iterations:     5
    High degree threshold:    4294967295
    Max degree:               4294967295
    Tie breaking strategy:    uniform
    Implementation:           two-phase
      Relabel:                no
    2-hop clustering:         match-threadwise, if |Vcoarse| > 0.500000 * |V|
    Isolated nodes:           match-during-two-hop
  Forced hierarchy levels:    <none> (leeway: U=10.000000, L=1.100000)
Contraction algorithm:        unbuffered
  Implementation:             two-phase
------------------------------------------------------- Initial Partitioning ---
Adaptive algorithm selection: yes
----------------------------------------------------------------- Refinement ---
Refinement algorithms:        [greedy-balancer -> lp]
Label propagation:
  Number of iterations:       5
  Tie breaking strategy:      uniform
  Implementation:             single-phase
############################################################## Preprocessing ###
Removed 0 isolated nodes
  Remaining nodes:             1102824
  Remaining total node weight: 1102824
############################################################### Partitioning ###
Input graph:
 Number of nodes: 1102824 | Number of edges: 88203196
 Maximum node weight: 1

Coarsening -> Level 1 [max cluster weight: 2067]:
 Total edge weight:   38846988
 Number of nodes:     13263 | Number of edges: 194840
 Maximum node weight: 784

==> Coarsening terminated with less than 128000 nodes

Initial partitioning:
 Number of blocks: 8

Uncoarsening -> Level 0
 Number of nodes: 1102824 | Number of edges: 88203196
  Running refinement on 8 blocks
   1. Greedy Balancer
   2. Label Propagation
  Extending partition from 8 blocks to 16 blocks

Toplevel:
 Number of nodes: 1102824 | Number of edges: 88203196
  Running refinement on 16 blocks
   1. Greedy Balancer
   2. Label Propagation
############################################################# Result Summary ###
RESULT cut=1168850 imbalance=0.0299737 feasible=1 k=16
TIME read_input_graph=5.276 partitioning=0.747 partitioning.rearrange_by_degree-buckets=0.033 partitioning.rearrange_by_degree-buckets.sort_nodes_by_integer_buckets=0.012 partitioning.rearrange_by_degree-buckets.rearrange_input_graph=0.017 partitioning.rearrange_by_degree-buckets.deallocation=0.001 partitioning.refinement=0.000 partitioning.refinement.allocation=0.000 partitioning.coarsening=0.135 partitioning.coarsening.level[0]=0.135 partitioning.coarsening.level[0].label_propagation=0.101 partitioning.coarsening.level[0].label_propagation.allocation=0.010 partitioning.coarsening.level[0].label_propagation.iteration[0]=0.031 partitioning.coarsening.level[0].label_propagation.iteration[0].first_phase=0.029 partitioning.coarsening.level[0].label_propagation.iteration[1]=0.015 partitioning.coarsening.level[0].label_propagation.iteration[1].first_phase=0.015 partitioning.coarsening.level[0].label_propagation.iteration[2]=0.014 partitioning.coarsening.level[0].label_propagation.iteration[2].first_phase=0.014 partitioning.coarsening.level[0].label_propagation.iteration[3]=0.012 partitioning.coarsening.level[0].label_propagation.iteration[3].first_phase=0.012 partitioning.coarsening.level[0].label_propagation.iteration[4]=0.010 partitioning.coarsening.level[0].label_propagation.iteration[4].first_phase=0.010 partitioning.coarsening.level[0].label_propagation.handle_isolated_nodes=0.000 partitioning.coarsening.level[0].label_propagation.handle_two-hop_nodes=0.000 partitioning.coarsening.level[0].label_propagation.free=0.005 partitioning.coarsening.level[0].contract_graph=0.034 partitioning.coarsening.level[0].contract_graph.allocation=0.000 partitioning.coarsening.level[0].contract_graph.preprocessing=0.005 partitioning.coarsening.level[0].contract_graph.deallocation=0.000 partitioning.coarsening.level[0].contract_graph.construct_coarse_graph=0.028 partitioning.coarsening.level[0].contract_graph.construct_coarse_graph.aggregate_coarse_edges=0.027 partitioning.coarsening.level[0].contract_graph.construct_coarse_graph.aggregate_coarse_edges.first_phase=0.018 partitioning.coarsening.level[0].contract_graph.construct_coarse_graph.aggregate_coarse_edges.second_phase=0.000 partitioning.coarsening.level[0].contract_graph.construct_coarse_graph.remap_coarse_edges_and_mapping=0.000 partitioning.coarsening.deallocation=0.000 partitioning.initial_partitioning_scheme=0.141 partitioning.uncoarsening=0.433 partitioning.uncoarsening.level[0]=0.413 partitioning.uncoarsening.level[0].allocation=0.006 partitioning.uncoarsening.level[0].project_partition=0.000 partitioning.uncoarsening.level[0].create_graph=0.000 partitioning.uncoarsening.level[0].refinement=0.022 partitioning.uncoarsening.level[0].refinement.greedy_balancer=0.000 partitioning.uncoarsening.level[0].refinement.label_propagation=0.022 partitioning.uncoarsening.level[0].refinement.label_propagation.allocation=0.000 partitioning.uncoarsening.level[0].refinement.label_propagation.iteration[0]=0.015 partitioning.uncoarsening.level[0].refinement.label_propagation.iteration[1]=0.003 partitioning.uncoarsening.level[0].refinement.label_propagation.iteration[2]=0.001 partitioning.uncoarsening.level[0].refinement.label_propagation.iteration[3]=0.001 partitioning.uncoarsening.level[0].refinement.label_propagation.iteration[4]=0.000 partitioning.uncoarsening.level[0].initial_partitioning=0.370 partitioning.uncoarsening.level[0].initial_partitioning.preprocessing=0.039 partitioning.uncoarsening.level[0].initial_partitioning.allocation=0.000 partitioning.uncoarsening.level[0].initial_partitioning.bipartitioning=0.327 partitioning.uncoarsening.level[0].initial_partitioning.copy_subgraph_partitions=0.001 partitioning.uncoarsening.level[0].deallocation=0.013 partitioning.uncoarsening.refinement=0.019 partitioning.uncoarsening.refinement.greedy_balancer=0.000 partitioning.uncoarsening.refinement.label_propagation=0.019 partitioning.uncoarsening.refinement.label_propagation.iteration[0]=0.015 partitioning.uncoarsening.refinement.label_propagation.iteration[1]=0.000 partitioning.uncoarsening.refinement.label_propagation.iteration[2]=0.000 partitioning.uncoarsening.refinement.label_propagation.iteration[3]=0.000 partitioning.uncoarsening.refinement.label_propagation.iteration[4]=0.000 partitioning.deallocation=0.002 partitioning.re-integrate_isolated_nodes=0.000 io=0.000 
MEMORY disabled

Global Timer: ................................... 6.028 s    
|- Read input graph: ............................ 5.276 s    
|- Partitioning: ................................ 0.747 s    
|  |- Rearrange by degree-buckets: .............. 0.033 s    
|  |  |- Sort nodes by integer buckets: ......... 0.012 s    
|  |  |- Rearrange input graph: ................. 0.017 s    
|  |  `- Deallocation: .......................... 0.001 s    
|  |- Refinement: ............................... 0.000 s    
|  |  `- Allocation: ............................ 0.000 s    
|  |- Coarsening: ............................... 0.135 s    
|  |  |- Level (0): ............................. 0.135 s    
|  |  |  |- Label Propagation: .................. 0.101 s    
|  |  |  |  |- Allocation: ...................... 0.010 s    
|  |  |  |  |- Iteration (0): ................... 0.031 s    
|  |  |  |  |  `- First phase: .................. 0.029 s    
|  |  |  |  |- Iteration (1): ................... 0.015 s    
|  |  |  |  |  `- First phase: .................. 0.015 s    
|  |  |  |  |- Iteration (2): ................... 0.014 s    
|  |  |  |  |  `- First phase: .................. 0.014 s    
|  |  |  |  |- Iteration (3): ................... 0.012 s    
|  |  |  |  |  `- First phase: .................. 0.012 s    
|  |  |  |  |- Iteration (4): ................... 0.010 s    
|  |  |  |  |  `- First phase: .................. 0.010 s    
|  |  |  |  |- Handle isolated nodes: ........... 0.000 s    
|  |  |  |  |- Handle two-hop nodes: ............ 0.000 s    
|  |  |  |  `- Free: ............................ 0.005 s    
|  |  |  `- Contract graph: ..................... 0.034 s    
|  |  |     |- Allocation: ...................... 0.000 s (3)
|  |  |     |- Preprocessing: ................... 0.005 s (3)
|  |  |     |- Deallocation: .................... 0.000 s    
|  |  |     `- Construct coarse graph: .......... 0.028 s    
|  |  |        |- Aggregate coarse edges: ....... 0.027 s    
|  |  |        |  |- First phase: ............... 0.018 s    
|  |  |        |  `- Second phase: .............. 0.000 s    
|  |  |        `- Remap coarse edges and mapping: 0.000 s    
|  |  `- Deallocation: .......................... 0.000 s    
|  |- Initial partitioning scheme: .............. 0.141 s    
|  |- Uncoarsening: ............................. 0.433 s    
|  |  |- Level (0): ............................. 0.413 s    
|  |  |  |- Allocation: ......................... 0.006 s    
|  |  |  |- Project partition: .................. 0.000 s    
|  |  |  |- Create graph: ....................... 0.000 s    
|  |  |  |- Refinement: ......................... 0.022 s    
|  |  |  |  |- Greedy Balancer: ................. 0.000 s    
|  |  |  |  `- Label Propagation: ............... 0.022 s    
|  |  |  |     |- Allocation: ................... 0.000 s    
|  |  |  |     |- Iteration (0): ................ 0.015 s    
|  |  |  |     |- Iteration (1): ................ 0.003 s    
|  |  |  |     |- Iteration (2): ................ 0.001 s    
|  |  |  |     |- Iteration (3): ................ 0.001 s    
|  |  |  |     `- Iteration (4): ................ 0.000 s    
|  |  |  |- Initial partitioning: ............... 0.370 s    
|  |  |  |  |- Preprocessing: ................... 0.039 s    
|  |  |  |  |- Allocation: ...................... 0.000 s    
|  |  |  |  |- Bipartitioning: .................. 0.327 s    
|  |  |  |  `- Copy subgraph partitions: ........ 0.001 s    
|  |  |  `- Deallocation: ....................... 0.013 s    
|  |  `- Refinement: ............................ 0.019 s    
|  |     |- Greedy Balancer: .................... 0.000 s    
|  |     `- Label Propagation: .................. 0.019 s    
|  |        |- Iteration (0): ................... 0.015 s    
|  |        |- Iteration (1): ................... 0.000 s    
|  |        |- Iteration (2): ................... 0.000 s    
|  |        |- Iteration (3): ................... 0.000 s    
|  |        `- Iteration (4): ................... 0.000 s    
|  |- Deallocation: ............................. 0.002 s    
|  `- Re-integrate isolated nodes: .............. 0.000 s    
`- IO: .......................................... 0.000 s    

Partition summary:
  Number of blocks: 16
  Edge cut:         1168850
  Imbalance:        0.0299737
  Feasible:         yes

Block weights:
  w(0 ) = 66533     w(1 ) = 70993     w(2 ) = 66606     w(3 ) = 70993   
  w(4 ) = 70146     w(5 ) = 64437     w(6 ) = 68205     w(7 ) = 70989   
  w(8 ) = 70979     w(9 ) = 67641     w(10) = 68535     w(11) = 68571   
  w(12) = 67329     w(13) = 70993     w(14) = 68896     w(15) = 70978   

Maximum resident set size: 1250576 KiB
