################################################################################
#                _  __       __  __  _         ____                            #
#               | |/ / __ _ |  \/  |(_) _ __  |  _ \  __ _  _ __               #
#               | ' / / _` || |\/| || || '_ \ | |_) |/ _` || '__|              #
#               | . \| (_| || |  | || || | | ||  __/| (_| || |                 #
#               |_|\_\\__,_||_|  |_||_||_| |_||_|    \__,_||_|                 #
#                                                                              #
################################################################################
Current commit hash:          99c62314d27845b3825829ec1e3e97256490627d
Assertion level:              always+light
Statistics:                   disabled
Built on:                     liskov
Data type sizes:
  Nodes IDs: 4 bytes | Node weights: 4 bytes
  Edges IDs: 4 bytes | Edge weights: 4 bytes
############################################################## Input Summary ###
Execution mode:               64
Seed:                         1
Graph:                        enwiki-2022 [node ordering: deg-buckets] [edge ordering: natural]
  Number of nodes:              6492490 (unweighted)
  Number of edges:            289177312 (unweighted)
Number of blocks:             16
Maximum block weight:         417954 (405781 + 3% / 3%)
---------------------------------------------------------- Graph Compression ---
Enabled:                      no
-------------------------------------------------------- Partitioning Scheme ---
Partitioning mode:            deep
  Deep initial part. mode:    async-parallel
  Deep initial part. load:    1
Subgraph memory:              Lazy
----------------------------------------------------------------- Coarsening ---
Contraction limit:            2000
Coarsening algorithm:         clustering
  Cluster weight limit:       epsilon-block-weight x 1
  Shrink factor:              1.79769e+308
  Max mem-free level:         1
  Clustering algorithm:       lp
    Number of iterations:     5
    High degree threshold:    4294967295
    Max degree:               4294967295
    Tie breaking strategy:    uniform
    Implementation:           two-phase
      Relabel:                no
    2-hop clustering:         match-threadwise, if |Vcoarse| > 0.500000 * |V|
    Isolated nodes:           match-during-two-hop
  Forced hierarchy levels:    <none> (leeway: U=10.000000, L=1.100000)
Contraction algorithm:        unbuffered
  Implementation:             two-phase
------------------------------------------------------- Initial Partitioning ---
Adaptive algorithm selection: yes
----------------------------------------------------------------- Refinement ---
Refinement algorithms:        [greedy-balancer -> lp]
Label propagation:
  Number of iterations:       5
  Tie breaking strategy:      uniform
  Implementation:             single-phase
############################################################## Preprocessing ###
Removed 7871 isolated nodes
  Remaining nodes:             6484619
  Remaining total node weight: 6484619
############################################################### Partitioning ###
Input graph:
 Number of nodes: 6484619 | Number of edges: 289177312
 Maximum node weight: 1

Coarsening -> Level 1 [max cluster weight: 12665]:
 Total edge weight:   178358018
 Number of nodes:     36638 | Number of edges: 4521442
 Maximum node weight: 12665

==> Coarsening terminated with less than 128000 nodes

Initial partitioning:
 Number of blocks: 16

Uncoarsening -> Level 0
 Number of nodes: 6484619 | Number of edges: 289177312
  Running refinement on 16 blocks
   1. Greedy Balancer
   2. Label Propagation
############################################################# Result Summary ###
RESULT cut=41668483 imbalance=0.0299989 feasible=1 k=16
TIME read_input_graph=19.647 partitioning=1.927 partitioning.rearrange_by_degree-buckets=0.083 partitioning.rearrange_by_degree-buckets.sort_nodes_by_integer_buckets=0.012 partitioning.rearrange_by_degree-buckets.rearrange_input_graph=0.062 partitioning.rearrange_by_degree-buckets.deallocation=0.005 partitioning.refinement=0.000 partitioning.refinement.allocation=0.000 partitioning.coarsening=0.838 partitioning.coarsening.level[0]=0.837 partitioning.coarsening.level[0].label_propagation=0.681 partitioning.coarsening.level[0].label_propagation.allocation=0.014 partitioning.coarsening.level[0].label_propagation.iteration[0]=0.247 partitioning.coarsening.level[0].label_propagation.iteration[0].first_phase=0.198 partitioning.coarsening.level[0].label_propagation.iteration[0].second_phase=0.044 partitioning.coarsening.level[0].label_propagation.iteration[1]=0.153 partitioning.coarsening.level[0].label_propagation.iteration[1].first_phase=0.150 partitioning.coarsening.level[0].label_propagation.iteration[1].second_phase=0.003 partitioning.coarsening.level[0].label_propagation.iteration[2]=0.105 partitioning.coarsening.level[0].label_propagation.iteration[2].first_phase=0.105 partitioning.coarsening.level[0].label_propagation.iteration[3]=0.084 partitioning.coarsening.level[0].label_propagation.iteration[3].first_phase=0.084 partitioning.coarsening.level[0].label_propagation.iteration[4]=0.069 partitioning.coarsening.level[0].label_propagation.iteration[4].first_phase=0.069 partitioning.coarsening.level[0].label_propagation.handle_isolated_nodes=0.000 partitioning.coarsening.level[0].label_propagation.handle_two-hop_nodes=0.000 partitioning.coarsening.level[0].label_propagation.free=0.005 partitioning.coarsening.level[0].contract_graph=0.156 partitioning.coarsening.level[0].contract_graph.allocation=0.000 partitioning.coarsening.level[0].contract_graph.preprocessing=0.067 partitioning.coarsening.level[0].contract_graph.deallocation=0.000 partitioning.coarsening.level[0].contract_graph.construct_coarse_graph=0.087 partitioning.coarsening.level[0].contract_graph.construct_coarse_graph.aggregate_coarse_edges=0.084 partitioning.coarsening.level[0].contract_graph.construct_coarse_graph.aggregate_coarse_edges.first_phase=0.078 partitioning.coarsening.level[0].contract_graph.construct_coarse_graph.aggregate_coarse_edges.second_phase=0.000 partitioning.coarsening.level[0].contract_graph.construct_coarse_graph.remap_coarse_edges_and_mapping=0.003 partitioning.coarsening.deallocation=0.000 partitioning.initial_partitioning_scheme=0.336 partitioning.uncoarsening=0.658 partitioning.uncoarsening.level[0]=0.658 partitioning.uncoarsening.level[0].allocation=0.004 partitioning.uncoarsening.level[0].project_partition=0.000 partitioning.uncoarsening.level[0].create_graph=0.000 partitioning.uncoarsening.level[0].refinement=0.651 partitioning.uncoarsening.level[0].refinement.greedy_balancer=0.255 partitioning.uncoarsening.level[0].refinement.greedy_balancer.allocation=0.005 partitioning.uncoarsening.level[0].refinement.greedy_balancer.initialize_balancer_pq=0.187 partitioning.uncoarsening.level[0].refinement.greedy_balancer.initialize_balancer_pq.thread-local=0.036 partitioning.uncoarsening.level[0].refinement.greedy_balancer.initialize_balancer_pq.merge_thread-local_pqs=0.151 partitioning.uncoarsening.level[0].refinement.greedy_balancer.main_loop=0.062 partitioning.uncoarsening.level[0].refinement.label_propagation=0.395 partitioning.uncoarsening.level[0].refinement.label_propagation.allocation=0.004 partitioning.uncoarsening.level[0].refinement.label_propagation.iteration[0]=0.189 partitioning.uncoarsening.level[0].refinement.label_propagation.iteration[1]=0.098 partitioning.uncoarsening.level[0].refinement.label_propagation.iteration[2]=0.051 partitioning.uncoarsening.level[0].refinement.label_propagation.iteration[3]=0.029 partitioning.uncoarsening.level[0].refinement.label_propagation.iteration[4]=0.021 partitioning.deallocation=0.001 partitioning.re-integrate_isolated_nodes=0.009 io=0.000 
MEMORY disabled

Global Timer: ................................... 21.584 s    
|- Read input graph: ............................ 19.647 s    
|- Partitioning: ................................ 1.927 s     
|  |- Rearrange by degree-buckets: .............. 0.083 s     
|  |  |- Sort nodes by integer buckets: ......... 0.012 s     
|  |  |- Rearrange input graph: ................. 0.062 s     
|  |  `- Deallocation: .......................... 0.005 s     
|  |- Refinement: ............................... 0.000 s     
|  |  `- Allocation: ............................ 0.000 s     
|  |- Coarsening: ............................... 0.838 s     
|  |  |- Level (0): ............................. 0.837 s     
|  |  |  |- Label Propagation: .................. 0.681 s     
|  |  |  |  |- Allocation: ...................... 0.014 s     
|  |  |  |  |- Iteration (0): ................... 0.247 s     
|  |  |  |  |  |- First phase: .................. 0.198 s     
|  |  |  |  |  `- Second phase: ................. 0.044 s     
|  |  |  |  |- Iteration (1): ................... 0.153 s     
|  |  |  |  |  |- First phase: .................. 0.150 s     
|  |  |  |  |  `- Second phase: ................. 0.003 s     
|  |  |  |  |- Iteration (2): ................... 0.105 s     
|  |  |  |  |  `- First phase: .................. 0.105 s     
|  |  |  |  |- Iteration (3): ................... 0.084 s     
|  |  |  |  |  `- First phase: .................. 0.084 s     
|  |  |  |  |- Iteration (4): ................... 0.069 s     
|  |  |  |  |  `- First phase: .................. 0.069 s     
|  |  |  |  |- Handle isolated nodes: ........... 0.000 s     
|  |  |  |  |- Handle two-hop nodes: ............ 0.000 s     
|  |  |  |  `- Free: ............................ 0.005 s     
|  |  |  `- Contract graph: ..................... 0.156 s     
|  |  |     |- Allocation: ...................... 0.000 s  (3)
|  |  |     |- Preprocessing: ................... 0.067 s  (3)
|  |  |     |- Deallocation: .................... 0.000 s     
|  |  |     `- Construct coarse graph: .......... 0.087 s     
|  |  |        |- Aggregate coarse edges: ....... 0.084 s     
|  |  |        |  |- First phase: ............... 0.078 s     
|  |  |        |  `- Second phase: .............. 0.000 s     
|  |  |        `- Remap coarse edges and mapping: 0.003 s     
|  |  `- Deallocation: .......................... 0.000 s     
|  |- Initial partitioning scheme: .............. 0.336 s     
|  |- Uncoarsening: ............................. 0.658 s     
|  |  `- Level (0): ............................. 0.658 s     
|  |     |- Allocation: ......................... 0.004 s     
|  |     |- Project partition: .................. 0.000 s     
|  |     |- Create graph: ....................... 0.000 s     
|  |     `- Refinement: ......................... 0.651 s     
|  |        |- Greedy Balancer: ................. 0.255 s     
|  |        |  |- Allocation: ................... 0.005 s     
|  |        |  |- Initialize balancer PQ: ....... 0.187 s     
|  |        |  |  |- Thread-local: .............. 0.036 s     
|  |        |  |  `- Merge thread-local PQs: .... 0.151 s     
|  |        |  `- Main loop: .................... 0.062 s     
|  |        `- Label Propagation: ............... 0.395 s     
|  |           |- Allocation: ................... 0.004 s     
|  |           |- Iteration (0): ................ 0.189 s     
|  |           |- Iteration (1): ................ 0.098 s     
|  |           |- Iteration (2): ................ 0.051 s     
|  |           |- Iteration (3): ................ 0.029 s     
|  |           `- Iteration (4): ................ 0.021 s     
|  |- Deallocation: ............................. 0.001 s     
|  `- Re-integrate isolated nodes: .............. 0.009 s     
`- IO: .......................................... 0.000 s     

Partition summary:
  Number of blocks: 16
  Edge cut:         41668483
  Imbalance:        0.0299989
  Feasible:         yes

Block weights:
  w(0 ) = 401680    w(1 ) = 417954    w(2 ) = 417954    w(3 ) = 417953  
  w(4 ) = 417953    w(5 ) = 410738    w(6 ) = 417954    w(7 ) = 417953  
  w(8 ) = 417953    w(9 ) = 316606    w(10) = 417950    w(11) = 416847  
  w(12) = 381301    w(13) = 404635    w(14) = 399106    w(15) = 417953  

Maximum resident set size: 3423736 KiB
