################################################################################
#                _  __       __  __  _         ____                            #
#               | |/ / __ _ |  \/  |(_) _ __  |  _ \  __ _  _ __               #
#               | ' / / _` || |\/| || || '_ \ | |_) |/ _` || '__|              #
#               | . \| (_| || |  | || || | | ||  __/| (_| || |                 #
#               |_|\_\\__,_||_|  |_||_||_| |_||_|    \__,_||_|                 #
#                                                                              #
################################################################################
Current commit hash:          99c62314d27845b3825829ec1e3e97256490627d
Assertion level:              always+light
Statistics:                   disabled
Built on:                     liskov
Data type sizes:
  Nodes IDs: 4 bytes | Node weights: 4 bytes
  Edges IDs: 4 bytes | Edge weights: 4 bytes
############################################################## Input Summary ###
Execution mode:               64
Seed:                         1
Graph:                        eswiki-2013 [node ordering: deg-buckets] [edge ordering: natural]
  Number of nodes:              972933 (unweighted)
  Number of edges:            42369862 (unweighted)
Number of blocks:             16
Maximum block weight:         62633 (60809 + 3% / 3%)
---------------------------------------------------------- Graph Compression ---
Enabled:                      no
-------------------------------------------------------- Partitioning Scheme ---
Partitioning mode:            deep
  Deep initial part. mode:    async-parallel
  Deep initial part. load:    1
Subgraph memory:              Lazy
----------------------------------------------------------------- Coarsening ---
Contraction limit:            2000
Coarsening algorithm:         clustering
  Cluster weight limit:       epsilon-block-weight x 1
  Shrink factor:              1.79769e+308
  Max mem-free level:         1
  Clustering algorithm:       lp
    Number of iterations:     5
    High degree threshold:    4294967295
    Max degree:               4294967295
    Tie breaking strategy:    uniform
    Implementation:           two-phase
      Relabel:                no
    2-hop clustering:         match-threadwise, if |Vcoarse| > 0.500000 * |V|
    Isolated nodes:           match-during-two-hop
  Forced hierarchy levels:    <none> (leeway: U=10.000000, L=1.100000)
Contraction algorithm:        unbuffered
  Implementation:             two-phase
------------------------------------------------------- Initial Partitioning ---
Adaptive algorithm selection: yes
----------------------------------------------------------------- Refinement ---
Refinement algorithms:        [greedy-balancer -> lp]
Label propagation:
  Number of iterations:       5
  Tie breaking strategy:      uniform
  Implementation:             single-phase
############################################################## Preprocessing ###
Removed 2606 isolated nodes
  Remaining nodes:             970327
  Remaining total node weight: 970327
############################################################### Partitioning ###
Input graph:
 Number of nodes: 970327 | Number of edges: 42369862
 Maximum node weight: 1

Coarsening -> Level 1 [max cluster weight: 1987]:
 Total edge weight:   31507468
 Number of nodes:     11665 | Number of edges: 1319518
 Maximum node weight: 1988

==> Coarsening terminated with less than 128000 nodes

Initial partitioning:
 Number of blocks: 8

Uncoarsening -> Level 0
 Number of nodes: 970327 | Number of edges: 42369862
  Running refinement on 8 blocks
   1. Greedy Balancer
   2. Label Propagation
  Extending partition from 8 blocks to 16 blocks

Toplevel:
 Number of nodes: 970327 | Number of edges: 42369862
  Running refinement on 16 blocks
   1. Greedy Balancer
   2. Label Propagation
############################################################# Result Summary ###
RESULT cut=8089041 imbalance=0.0299956 feasible=1 k=16
TIME read_input_graph=2.553 partitioning=1.160 partitioning.rearrange_by_degree-buckets=0.048 partitioning.rearrange_by_degree-buckets.sort_nodes_by_integer_buckets=0.016 partitioning.rearrange_by_degree-buckets.rearrange_input_graph=0.027 partitioning.rearrange_by_degree-buckets.deallocation=0.000 partitioning.refinement=0.000 partitioning.refinement.allocation=0.000 partitioning.coarsening=0.429 partitioning.coarsening.level[0]=0.429 partitioning.coarsening.level[0].label_propagation=0.376 partitioning.coarsening.level[0].label_propagation.allocation=0.010 partitioning.coarsening.level[0].label_propagation.iteration[0]=0.167 partitioning.coarsening.level[0].label_propagation.iteration[0].first_phase=0.160 partitioning.coarsening.level[0].label_propagation.iteration[0].second_phase=0.004 partitioning.coarsening.level[0].label_propagation.iteration[1]=0.102 partitioning.coarsening.level[0].label_propagation.iteration[1].first_phase=0.102 partitioning.coarsening.level[0].label_propagation.iteration[2]=0.043 partitioning.coarsening.level[0].label_propagation.iteration[2].first_phase=0.043 partitioning.coarsening.level[0].label_propagation.iteration[3]=0.027 partitioning.coarsening.level[0].label_propagation.iteration[3].first_phase=0.027 partitioning.coarsening.level[0].label_propagation.iteration[4]=0.019 partitioning.coarsening.level[0].label_propagation.iteration[4].first_phase=0.019 partitioning.coarsening.level[0].label_propagation.handle_isolated_nodes=0.000 partitioning.coarsening.level[0].label_propagation.handle_two-hop_nodes=0.000 partitioning.coarsening.level[0].label_propagation.free=0.005 partitioning.coarsening.level[0].contract_graph=0.051 partitioning.coarsening.level[0].contract_graph.allocation=0.000 partitioning.coarsening.level[0].contract_graph.preprocessing=0.012 partitioning.coarsening.level[0].contract_graph.deallocation=0.000 partitioning.coarsening.level[0].contract_graph.construct_coarse_graph=0.039 partitioning.coarsening.level[0].contract_graph.construct_coarse_graph.aggregate_coarse_edges=0.038 partitioning.coarsening.level[0].contract_graph.construct_coarse_graph.aggregate_coarse_edges.first_phase=0.026 partitioning.coarsening.level[0].contract_graph.construct_coarse_graph.aggregate_coarse_edges.second_phase=0.000 partitioning.coarsening.level[0].contract_graph.construct_coarse_graph.remap_coarse_edges_and_mapping=0.000 partitioning.coarsening.deallocation=0.000 partitioning.initial_partitioning_scheme=0.187 partitioning.uncoarsening=0.490 partitioning.uncoarsening.level[0]=0.434 partitioning.uncoarsening.level[0].allocation=0.010 partitioning.uncoarsening.level[0].project_partition=0.000 partitioning.uncoarsening.level[0].create_graph=0.000 partitioning.uncoarsening.level[0].refinement=0.109 partitioning.uncoarsening.level[0].refinement.greedy_balancer=0.021 partitioning.uncoarsening.level[0].refinement.greedy_balancer.allocation=0.000 partitioning.uncoarsening.level[0].refinement.greedy_balancer.initialize_balancer_pq=0.010 partitioning.uncoarsening.level[0].refinement.greedy_balancer.initialize_balancer_pq.thread-local=0.006 partitioning.uncoarsening.level[0].refinement.greedy_balancer.initialize_balancer_pq.merge_thread-local_pqs=0.004 partitioning.uncoarsening.level[0].refinement.greedy_balancer.main_loop=0.010 partitioning.uncoarsening.level[0].refinement.label_propagation=0.087 partitioning.uncoarsening.level[0].refinement.label_propagation.allocation=0.000 partitioning.uncoarsening.level[0].refinement.label_propagation.iteration[0]=0.037 partitioning.uncoarsening.level[0].refinement.label_propagation.iteration[1]=0.022 partitioning.uncoarsening.level[0].refinement.label_propagation.iteration[2]=0.011 partitioning.uncoarsening.level[0].refinement.label_propagation.iteration[3]=0.010 partitioning.uncoarsening.level[0].refinement.label_propagation.iteration[4]=0.004 partitioning.uncoarsening.level[0].initial_partitioning=0.308 partitioning.uncoarsening.level[0].initial_partitioning.preprocessing=0.034 partitioning.uncoarsening.level[0].initial_partitioning.allocation=0.000 partitioning.uncoarsening.level[0].initial_partitioning.bipartitioning=0.270 partitioning.uncoarsening.level[0].initial_partitioning.copy_subgraph_partitions=0.003 partitioning.uncoarsening.level[0].deallocation=0.004 partitioning.uncoarsening.refinement=0.056 partitioning.uncoarsening.refinement.greedy_balancer=0.009 partitioning.uncoarsening.refinement.greedy_balancer.allocation=0.000 partitioning.uncoarsening.refinement.greedy_balancer.initialize_balancer_pq=0.009 partitioning.uncoarsening.refinement.greedy_balancer.initialize_balancer_pq.thread-local=0.008 partitioning.uncoarsening.refinement.greedy_balancer.initialize_balancer_pq.merge_thread-local_pqs=0.000 partitioning.uncoarsening.refinement.greedy_balancer.main_loop=0.000 partitioning.uncoarsening.refinement.label_propagation=0.046 partitioning.uncoarsening.refinement.label_propagation.iteration[0]=0.022 partitioning.uncoarsening.refinement.label_propagation.iteration[1]=0.009 partitioning.uncoarsening.refinement.label_propagation.iteration[2]=0.005 partitioning.uncoarsening.refinement.label_propagation.iteration[3]=0.004 partitioning.uncoarsening.refinement.label_propagation.iteration[4]=0.004 partitioning.deallocation=0.003 partitioning.re-integrate_isolated_nodes=0.000 io=0.000 
MEMORY disabled

Global Timer: ................................... 3.717 s    
|- Read input graph: ............................ 2.553 s    
|- Partitioning: ................................ 1.160 s    
|  |- Rearrange by degree-buckets: .............. 0.048 s    
|  |  |- Sort nodes by integer buckets: ......... 0.016 s    
|  |  |- Rearrange input graph: ................. 0.027 s    
|  |  `- Deallocation: .......................... 0.000 s    
|  |- Refinement: ............................... 0.000 s    
|  |  `- Allocation: ............................ 0.000 s    
|  |- Coarsening: ............................... 0.429 s    
|  |  |- Level (0): ............................. 0.429 s    
|  |  |  |- Label Propagation: .................. 0.376 s    
|  |  |  |  |- Allocation: ...................... 0.010 s    
|  |  |  |  |- Iteration (0): ................... 0.167 s    
|  |  |  |  |  |- First phase: .................. 0.160 s    
|  |  |  |  |  `- Second phase: ................. 0.004 s    
|  |  |  |  |- Iteration (1): ................... 0.102 s    
|  |  |  |  |  `- First phase: .................. 0.102 s    
|  |  |  |  |- Iteration (2): ................... 0.043 s    
|  |  |  |  |  `- First phase: .................. 0.043 s    
|  |  |  |  |- Iteration (3): ................... 0.027 s    
|  |  |  |  |  `- First phase: .................. 0.027 s    
|  |  |  |  |- Iteration (4): ................... 0.019 s    
|  |  |  |  |  `- First phase: .................. 0.019 s    
|  |  |  |  |- Handle isolated nodes: ........... 0.000 s    
|  |  |  |  |- Handle two-hop nodes: ............ 0.000 s    
|  |  |  |  `- Free: ............................ 0.005 s    
|  |  |  `- Contract graph: ..................... 0.051 s    
|  |  |     |- Allocation: ...................... 0.000 s (3)
|  |  |     |- Preprocessing: ................... 0.012 s (3)
|  |  |     |- Deallocation: .................... 0.000 s    
|  |  |     `- Construct coarse graph: .......... 0.039 s    
|  |  |        |- Aggregate coarse edges: ....... 0.038 s    
|  |  |        |  |- First phase: ............... 0.026 s    
|  |  |        |  `- Second phase: .............. 0.000 s    
|  |  |        `- Remap coarse edges and mapping: 0.000 s    
|  |  `- Deallocation: .......................... 0.000 s    
|  |- Initial partitioning scheme: .............. 0.187 s    
|  |- Uncoarsening: ............................. 0.490 s    
|  |  |- Level (0): ............................. 0.434 s    
|  |  |  |- Allocation: ......................... 0.010 s    
|  |  |  |- Project partition: .................. 0.000 s    
|  |  |  |- Create graph: ....................... 0.000 s    
|  |  |  |- Refinement: ......................... 0.109 s    
|  |  |  |  |- Greedy Balancer: ................. 0.021 s    
|  |  |  |  |  |- Allocation: ................... 0.000 s    
|  |  |  |  |  |- Initialize balancer PQ: ....... 0.010 s    
|  |  |  |  |  |  |- Thread-local: .............. 0.006 s    
|  |  |  |  |  |  `- Merge thread-local PQs: .... 0.004 s    
|  |  |  |  |  `- Main loop: .................... 0.010 s    
|  |  |  |  `- Label Propagation: ............... 0.087 s    
|  |  |  |     |- Allocation: ................... 0.000 s    
|  |  |  |     |- Iteration (0): ................ 0.037 s    
|  |  |  |     |- Iteration (1): ................ 0.022 s    
|  |  |  |     |- Iteration (2): ................ 0.011 s    
|  |  |  |     |- Iteration (3): ................ 0.010 s    
|  |  |  |     `- Iteration (4): ................ 0.004 s    
|  |  |  |- Initial partitioning: ............... 0.308 s    
|  |  |  |  |- Preprocessing: ................... 0.034 s    
|  |  |  |  |- Allocation: ...................... 0.000 s    
|  |  |  |  |- Bipartitioning: .................. 0.270 s    
|  |  |  |  `- Copy subgraph partitions: ........ 0.003 s    
|  |  |  `- Deallocation: ....................... 0.004 s    
|  |  `- Refinement: ............................ 0.056 s    
|  |     |- Greedy Balancer: .................... 0.009 s    
|  |     |  |- Allocation: ...................... 0.000 s    
|  |     |  |- Initialize balancer PQ: .......... 0.009 s    
|  |     |  |  |- Thread-local: ................. 0.008 s    
|  |     |  |  `- Merge thread-local PQs: ....... 0.000 s    
|  |     |  `- Main loop: ....................... 0.000 s    
|  |     `- Label Propagation: .................. 0.046 s    
|  |        |- Iteration (0): ................... 0.022 s    
|  |        |- Iteration (1): ................... 0.009 s    
|  |        |- Iteration (2): ................... 0.005 s    
|  |        |- Iteration (3): ................... 0.004 s    
|  |        `- Iteration (4): ................... 0.004 s    
|  |- Deallocation: ............................. 0.003 s    
|  `- Re-integrate isolated nodes: .............. 0.000 s    
`- IO: .......................................... 0.000 s    

Partition summary:
  Number of blocks: 16
  Edge cut:         8089041
  Imbalance:        0.0299956
  Feasible:         yes

Block weights:
  w(0 ) = 62633    w(1 ) = 62633    w(2 ) = 62216    w(3 ) = 62632  
  w(4 ) = 62632    w(5 ) = 62631    w(6 ) = 62632    w(7 ) = 62627  
  w(8 ) = 57805    w(9 ) = 62632    w(10) = 59641    w(11) = 53934  
  w(12) = 62632    w(13) = 62632    w(14) = 62632    w(15) = 50389  

Maximum resident set size: 1231456 KiB
