################################################################################
#                _  __       __  __  _         ____                            #
#               | |/ / __ _ |  \/  |(_) _ __  |  _ \  __ _  _ __               #
#               | ' / / _` || |\/| || || '_ \ | |_) |/ _` || '__|              #
#               | . \| (_| || |  | || || | | ||  __/| (_| || |                 #
#               |_|\_\\__,_||_|  |_||_||_| |_||_|    \__,_||_|                 #
#                                                                              #
################################################################################
Current commit hash:          99c62314d27845b3825829ec1e3e97256490627d
Assertion level:              always+light
Statistics:                   disabled
Built on:                     liskov
Data type sizes:
  Nodes IDs: 4 bytes | Node weights: 4 bytes
  Edges IDs: 4 bytes | Edge weights: 4 bytes
############################################################## Input Summary ###
Execution mode:               64
Seed:                         1
Graph:                        europe.osm [node ordering: deg-buckets] [edge ordering: natural]
  Number of nodes:             50912018 (unweighted)
  Number of edges:            108109320 (unweighted)
Number of blocks:             16
Maximum block weight:         3277462 (3182002 + 3% / 3%)
---------------------------------------------------------- Graph Compression ---
Enabled:                      no
-------------------------------------------------------- Partitioning Scheme ---
Partitioning mode:            deep
  Deep initial part. mode:    async-parallel
  Deep initial part. load:    1
Subgraph memory:              Lazy
----------------------------------------------------------------- Coarsening ---
Contraction limit:            2000
Coarsening algorithm:         clustering
  Cluster weight limit:       epsilon-block-weight x 1
  Shrink factor:              1.79769e+308
  Max mem-free level:         1
  Clustering algorithm:       lp
    Number of iterations:     5
    High degree threshold:    4294967295
    Max degree:               4294967295
    Tie breaking strategy:    uniform
    Implementation:           two-phase
      Relabel:                no
    2-hop clustering:         match-threadwise, if |Vcoarse| > 0.500000 * |V|
    Isolated nodes:           match-during-two-hop
  Forced hierarchy levels:    <none> (leeway: U=10.000000, L=1.100000)
Contraction algorithm:        unbuffered
  Implementation:             two-phase
------------------------------------------------------- Initial Partitioning ---
Adaptive algorithm selection: yes
----------------------------------------------------------------- Refinement ---
Refinement algorithms:        [greedy-balancer -> lp]
Label propagation:
  Number of iterations:       5
  Tie breaking strategy:      uniform
  Implementation:             single-phase
############################################################## Preprocessing ###
Removed 0 isolated nodes
  Remaining nodes:             50912018
  Remaining total node weight: 50912018
############################################################### Partitioning ###
Input graph:
 Number of nodes: 50912018 | Number of edges: 108109320
 Maximum node weight: 1

Coarsening -> Level 1 [max cluster weight: 95460]:
 Total edge weight:   28975574
 Number of nodes:     11870212 | Number of edges: 27937494
 Maximum node weight: 39

Coarsening -> Level 2 [max cluster weight: 95460]:
 Total edge weight:   8039816
 Number of nodes:     2628645 | Number of edges: 7016748
 Maximum node weight: 260

Coarsening -> Level 3 [max cluster weight: 95460]:
 Total edge weight:   2293456
 Number of nodes:     546913 | Number of edges: 1730516
 Maximum node weight: 1591

Coarsening -> Level 4 [max cluster weight: 95460]:
 Total edge weight:   690366
 Number of nodes:     105952 | Number of edges: 412166
 Maximum node weight: 8449

==> Coarsening terminated with less than 128000 nodes

Initial partitioning:
 Number of blocks: 16

Uncoarsening -> Level 3
 Number of nodes: 546913 | Number of edges: 1730516
  Running refinement on 16 blocks
   1. Greedy Balancer
   2. Label Propagation

Uncoarsening -> Level 2
 Number of nodes: 2628645 | Number of edges: 7016748
  Running refinement on 16 blocks
   1. Greedy Balancer
   2. Label Propagation

Uncoarsening -> Level 1
 Number of nodes: 11870212 | Number of edges: 27937494
  Running refinement on 16 blocks
   1. Greedy Balancer
   2. Label Propagation

Uncoarsening -> Level 0
 Number of nodes: 50912018 | Number of edges: 108109320
  Running refinement on 16 blocks
   1. Greedy Balancer
   2. Label Propagation
############################################################# Result Summary ###
RESULT cut=1259 imbalance=0.0243077 feasible=1 k=16
TIME read_input_graph=8.228 partitioning=1.344 partitioning.rearrange_by_degree-buckets=0.088 partitioning.rearrange_by_degree-buckets.sort_nodes_by_integer_buckets=0.026 partitioning.rearrange_by_degree-buckets.rearrange_input_graph=0.049 partitioning.rearrange_by_degree-buckets.deallocation=0.003 partitioning.refinement=0.000 partitioning.refinement.allocation=0.000 partitioning.coarsening=0.993 partitioning.coarsening.level[0]=0.691 partitioning.coarsening.level[0].label_propagation=0.414 partitioning.coarsening.level[0].label_propagation.allocation=0.015 partitioning.coarsening.level[0].label_propagation.iteration[0]=0.156 partitioning.coarsening.level[0].label_propagation.iteration[0].first_phase=0.147 partitioning.coarsening.level[0].label_propagation.iteration[1]=0.091 partitioning.coarsening.level[0].label_propagation.iteration[1].first_phase=0.091 partitioning.coarsening.level[0].label_propagation.iteration[2]=0.060 partitioning.coarsening.level[0].label_propagation.iteration[2].first_phase=0.060 partitioning.coarsening.level[0].label_propagation.iteration[3]=0.041 partitioning.coarsening.level[0].label_propagation.iteration[3].first_phase=0.041 partitioning.coarsening.level[0].label_propagation.iteration[4]=0.028 partitioning.coarsening.level[0].label_propagation.iteration[4].first_phase=0.028 partitioning.coarsening.level[0].label_propagation.handle_isolated_nodes=0.000 partitioning.coarsening.level[0].label_propagation.handle_two-hop_nodes=0.000 partitioning.coarsening.level[0].label_propagation.free=0.008 partitioning.coarsening.level[0].contract_graph=0.275 partitioning.coarsening.level[0].contract_graph.allocation=0.003 partitioning.coarsening.level[0].contract_graph.preprocessing=0.077 partitioning.coarsening.level[0].contract_graph.deallocation=0.001 partitioning.coarsening.level[0].contract_graph.construct_coarse_graph=0.188 partitioning.coarsening.level[0].contract_graph.construct_coarse_graph.aggregate_coarse_edges=0.166 partitioning.coarsening.level[0].contract_graph.construct_coarse_graph.aggregate_coarse_edges.first_phase=0.150 partitioning.coarsening.level[0].contract_graph.construct_coarse_graph.aggregate_coarse_edges.second_phase=0.005 partitioning.coarsening.level[0].contract_graph.construct_coarse_graph.remap_coarse_edges_and_mapping=0.016 partitioning.coarsening.level[1]=0.212 partitioning.coarsening.level[1].label_propagation=0.127 partitioning.coarsening.level[1].label_propagation.allocation=0.009 partitioning.coarsening.level[1].label_propagation.iteration[0]=0.045 partitioning.coarsening.level[1].label_propagation.iteration[0].first_phase=0.043 partitioning.coarsening.level[1].label_propagation.iteration[1]=0.028 partitioning.coarsening.level[1].label_propagation.iteration[1].first_phase=0.028 partitioning.coarsening.level[1].label_propagation.iteration[2]=0.020 partitioning.coarsening.level[1].label_propagation.iteration[2].first_phase=0.019 partitioning.coarsening.level[1].label_propagation.iteration[3]=0.013 partitioning.coarsening.level[1].label_propagation.iteration[3].first_phase=0.013 partitioning.coarsening.level[1].label_propagation.iteration[4]=0.008 partitioning.coarsening.level[1].label_propagation.iteration[4].first_phase=0.008 partitioning.coarsening.level[1].label_propagation.handle_isolated_nodes=0.000 partitioning.coarsening.level[1].label_propagation.handle_two-hop_nodes=0.000 partitioning.coarsening.level[1].contract_graph=0.084 partitioning.coarsening.level[1].contract_graph.allocation=0.002 partitioning.coarsening.level[1].contract_graph.preprocessing=0.027 partitioning.coarsening.level[1].contract_graph.deallocation=0.000 partitioning.coarsening.level[1].contract_graph.construct_coarse_graph=0.054 partitioning.coarsening.level[1].contract_graph.construct_coarse_graph.aggregate_coarse_edges=0.048 partitioning.coarsening.level[1].contract_graph.construct_coarse_graph.aggregate_coarse_edges.first_phase=0.044 partitioning.coarsening.level[1].contract_graph.construct_coarse_graph.aggregate_coarse_edges.second_phase=0.004 partitioning.coarsening.level[1].contract_graph.construct_coarse_graph.remap_coarse_edges_and_mapping=0.003 partitioning.coarsening.level[2]=0.065 partitioning.coarsening.level[2].label_propagation=0.036 partitioning.coarsening.level[2].label_propagation.iteration[0]=0.013 partitioning.coarsening.level[2].label_propagation.iteration[0].first_phase=0.012 partitioning.coarsening.level[2].label_propagation.iteration[1]=0.008 partitioning.coarsening.level[2].label_propagation.iteration[1].first_phase=0.008 partitioning.coarsening.level[2].label_propagation.iteration[2]=0.005 partitioning.coarsening.level[2].label_propagation.iteration[2].first_phase=0.005 partitioning.coarsening.level[2].label_propagation.iteration[3]=0.003 partitioning.coarsening.level[2].label_propagation.iteration[3].first_phase=0.003 partitioning.coarsening.level[2].label_propagation.iteration[4]=0.002 partitioning.coarsening.level[2].label_propagation.iteration[4].first_phase=0.002 partitioning.coarsening.level[2].label_propagation.handle_isolated_nodes=0.000 partitioning.coarsening.level[2].label_propagation.handle_two-hop_nodes=0.000 partitioning.coarsening.level[2].contract_graph=0.028 partitioning.coarsening.level[2].contract_graph.allocation=0.001 partitioning.coarsening.level[2].contract_graph.preprocessing=0.011 partitioning.coarsening.level[2].contract_graph.deallocation=0.000 partitioning.coarsening.level[2].contract_graph.construct_coarse_graph=0.013 partitioning.coarsening.level[2].contract_graph.construct_coarse_graph.aggregate_coarse_edges=0.012 partitioning.coarsening.level[2].contract_graph.construct_coarse_graph.aggregate_coarse_edges.first_phase=0.011 partitioning.coarsening.level[2].contract_graph.construct_coarse_graph.aggregate_coarse_edges.second_phase=0.000 partitioning.coarsening.level[2].contract_graph.construct_coarse_graph.remap_coarse_edges_and_mapping=0.001 partitioning.coarsening.level[3]=0.024 partitioning.coarsening.level[3].label_propagation=0.010 partitioning.coarsening.level[3].label_propagation.iteration[0]=0.004 partitioning.coarsening.level[3].label_propagation.iteration[0].first_phase=0.003 partitioning.coarsening.level[3].label_propagation.iteration[1]=0.002 partitioning.coarsening.level[3].label_propagation.iteration[1].first_phase=0.002 partitioning.coarsening.level[3].label_propagation.iteration[2]=0.001 partitioning.coarsening.level[3].label_propagation.iteration[2].first_phase=0.001 partitioning.coarsening.level[3].label_propagation.iteration[3]=0.001 partitioning.coarsening.level[3].label_propagation.iteration[3].first_phase=0.001 partitioning.coarsening.level[3].label_propagation.iteration[4]=0.000 partitioning.coarsening.level[3].label_propagation.iteration[4].first_phase=0.000 partitioning.coarsening.level[3].label_propagation.handle_isolated_nodes=0.000 partitioning.coarsening.level[3].label_propagation.handle_two-hop_nodes=0.000 partitioning.coarsening.level[3].contract_graph=0.013 partitioning.coarsening.level[3].contract_graph.allocation=0.001 partitioning.coarsening.level[3].contract_graph.preprocessing=0.004 partitioning.coarsening.level[3].contract_graph.deallocation=0.000 partitioning.coarsening.level[3].contract_graph.construct_coarse_graph=0.007 partitioning.coarsening.level[3].contract_graph.construct_coarse_graph.aggregate_coarse_edges=0.006 partitioning.coarsening.level[3].contract_graph.construct_coarse_graph.aggregate_coarse_edges.first_phase=0.006 partitioning.coarsening.level[3].contract_graph.construct_coarse_graph.aggregate_coarse_edges.second_phase=0.000 partitioning.coarsening.level[3].contract_graph.construct_coarse_graph.remap_coarse_edges_and_mapping=0.000 partitioning.coarsening.deallocation=0.000 partitioning.initial_partitioning_scheme=0.076 partitioning.uncoarsening=0.165 partitioning.uncoarsening.level[3]=0.009 partitioning.uncoarsening.level[3].allocation=0.000 partitioning.uncoarsening.level[3].project_partition=0.000 partitioning.uncoarsening.level[3].create_graph=0.000 partitioning.uncoarsening.level[3].refinement=0.007 partitioning.uncoarsening.level[3].refinement.greedy_balancer=0.000 partitioning.uncoarsening.level[3].refinement.label_propagation=0.007 partitioning.uncoarsening.level[3].refinement.label_propagation.allocation=0.004 partitioning.uncoarsening.level[3].refinement.label_propagation.iteration[0]=0.002 partitioning.uncoarsening.level[3].refinement.label_propagation.iteration[1]=0.000 partitioning.uncoarsening.level[3].refinement.label_propagation.iteration[2]=0.000 partitioning.uncoarsening.level[3].refinement.label_propagation.iteration[3]=0.000 partitioning.uncoarsening.level[3].refinement.label_propagation.iteration[4]=0.000 partitioning.uncoarsening.level[2]=0.014 partitioning.uncoarsening.level[2].allocation=0.004 partitioning.uncoarsening.level[2].project_partition=0.000 partitioning.uncoarsening.level[2].create_graph=0.000 partitioning.uncoarsening.level[2].refinement=0.008 partitioning.uncoarsening.level[2].refinement.greedy_balancer=0.000 partitioning.uncoarsening.level[2].refinement.label_propagation=0.008 partitioning.uncoarsening.level[2].refinement.label_propagation.iteration[0]=0.007 partitioning.uncoarsening.level[2].refinement.label_propagation.iteration[1]=0.000 partitioning.uncoarsening.level[2].refinement.label_propagation.iteration[2]=0.000 partitioning.uncoarsening.level[2].refinement.label_propagation.iteration[3]=0.000 partitioning.uncoarsening.level[2].refinement.label_propagation.iteration[4]=0.000 partitioning.uncoarsening.level[1]=0.036 partitioning.uncoarsening.level[1].allocation=0.004 partitioning.uncoarsening.level[1].project_partition=0.001 partitioning.uncoarsening.level[1].create_graph=0.001 partitioning.uncoarsening.level[1].refinement=0.028 partitioning.uncoarsening.level[1].refinement.greedy_balancer=0.000 partitioning.uncoarsening.level[1].refinement.label_propagation=0.028 partitioning.uncoarsening.level[1].refinement.label_propagation.iteration[0]=0.024 partitioning.uncoarsening.level[1].refinement.label_propagation.iteration[1]=0.000 partitioning.uncoarsening.level[1].refinement.label_propagation.iteration[2]=0.000 partitioning.uncoarsening.level[1].refinement.label_propagation.iteration[3]=0.000 partitioning.uncoarsening.level[1].refinement.label_propagation.iteration[4]=0.000 partitioning.uncoarsening.level[0]=0.104 partitioning.uncoarsening.level[0].allocation=0.004 partitioning.uncoarsening.level[0].project_partition=0.005 partitioning.uncoarsening.level[0].create_graph=0.003 partitioning.uncoarsening.level[0].refinement=0.088 partitioning.uncoarsening.level[0].refinement.greedy_balancer=0.000 partitioning.uncoarsening.level[0].refinement.label_propagation=0.088 partitioning.uncoarsening.level[0].refinement.label_propagation.iteration[0]=0.075 partitioning.uncoarsening.level[0].refinement.label_propagation.iteration[1]=0.002 partitioning.uncoarsening.level[0].refinement.label_propagation.iteration[2]=0.002 partitioning.uncoarsening.level[0].refinement.label_propagation.iteration[3]=0.002 partitioning.uncoarsening.level[0].refinement.label_propagation.iteration[4]=0.002 partitioning.deallocation=0.002 partitioning.re-integrate_isolated_nodes=0.014 io=0.004 
MEMORY disabled

Global Timer: ................................... 9.619 s    
|- Read input graph: ............................ 8.228 s    
|- Partitioning: ................................ 1.344 s    
|  |- Rearrange by degree-buckets: .............. 0.088 s    
|  |  |- Sort nodes by integer buckets: ......... 0.026 s    
|  |  |- Rearrange input graph: ................. 0.049 s    
|  |  `- Deallocation: .......................... 0.003 s    
|  |- Refinement: ............................... 0.000 s    
|  |  `- Allocation: ............................ 0.000 s    
|  |- Coarsening: ............................... 0.993 s    
|  |  |- Level (0): ............................. 0.691 s    
|  |  |  |- Label Propagation: .................. 0.414 s    
|  |  |  |  |- Allocation: ...................... 0.015 s    
|  |  |  |  |- Iteration (0): ................... 0.156 s    
|  |  |  |  |  `- First phase: .................. 0.147 s    
|  |  |  |  |- Iteration (1): ................... 0.091 s    
|  |  |  |  |  `- First phase: .................. 0.091 s    
|  |  |  |  |- Iteration (2): ................... 0.060 s    
|  |  |  |  |  `- First phase: .................. 0.060 s    
|  |  |  |  |- Iteration (3): ................... 0.041 s    
|  |  |  |  |  `- First phase: .................. 0.041 s    
|  |  |  |  |- Iteration (4): ................... 0.028 s    
|  |  |  |  |  `- First phase: .................. 0.028 s    
|  |  |  |  |- Handle isolated nodes: ........... 0.000 s    
|  |  |  |  |- Handle two-hop nodes: ............ 0.000 s    
|  |  |  |  `- Free: ............................ 0.008 s    
|  |  |  `- Contract graph: ..................... 0.275 s    
|  |  |     |- Allocation: ...................... 0.003 s (3)
|  |  |     |- Preprocessing: ................... 0.077 s (3)
|  |  |     |- Deallocation: .................... 0.001 s    
|  |  |     `- Construct coarse graph: .......... 0.188 s    
|  |  |        |- Aggregate coarse edges: ....... 0.166 s    
|  |  |        |  |- First phase: ............... 0.150 s    
|  |  |        |  `- Second phase: .............. 0.005 s    
|  |  |        `- Remap coarse edges and mapping: 0.016 s    
|  |  |- Level (1): ............................. 0.212 s    
|  |  |  |- Label Propagation: .................. 0.127 s    
|  |  |  |  |- Allocation: ...................... 0.009 s    
|  |  |  |  |- Iteration (0): ................... 0.045 s    
|  |  |  |  |  `- First phase: .................. 0.043 s    
|  |  |  |  |- Iteration (1): ................... 0.028 s    
|  |  |  |  |  `- First phase: .................. 0.028 s    
|  |  |  |  |- Iteration (2): ................... 0.020 s    
|  |  |  |  |  `- First phase: .................. 0.019 s    
|  |  |  |  |- Iteration (3): ................... 0.013 s    
|  |  |  |  |  `- First phase: .................. 0.013 s    
|  |  |  |  |- Iteration (4): ................... 0.008 s    
|  |  |  |  |  `- First phase: .................. 0.008 s    
|  |  |  |  |- Handle isolated nodes: ........... 0.000 s    
|  |  |  |  `- Handle two-hop nodes: ............ 0.000 s    
|  |  |  `- Contract graph: ..................... 0.084 s    
|  |  |     |- Allocation: ...................... 0.002 s (3)
|  |  |     |- Preprocessing: ................... 0.027 s (3)
|  |  |     |- Deallocation: .................... 0.000 s    
|  |  |     `- Construct coarse graph: .......... 0.054 s    
|  |  |        |- Aggregate coarse edges: ....... 0.048 s    
|  |  |        |  |- First phase: ............... 0.044 s    
|  |  |        |  `- Second phase: .............. 0.004 s    
|  |  |        `- Remap coarse edges and mapping: 0.003 s    
|  |  |- Level (2): ............................. 0.065 s    
|  |  |  |- Label Propagation: .................. 0.036 s    
|  |  |  |  |- Iteration (0): ................... 0.013 s    
|  |  |  |  |  `- First phase: .................. 0.012 s    
|  |  |  |  |- Iteration (1): ................... 0.008 s    
|  |  |  |  |  `- First phase: .................. 0.008 s    
|  |  |  |  |- Iteration (2): ................... 0.005 s    
|  |  |  |  |  `- First phase: .................. 0.005 s    
|  |  |  |  |- Iteration (3): ................... 0.003 s    
|  |  |  |  |  `- First phase: .................. 0.003 s    
|  |  |  |  |- Iteration (4): ................... 0.002 s    
|  |  |  |  |  `- First phase: .................. 0.002 s    
|  |  |  |  |- Handle isolated nodes: ........... 0.000 s    
|  |  |  |  `- Handle two-hop nodes: ............ 0.000 s    
|  |  |  `- Contract graph: ..................... 0.028 s    
|  |  |     |- Allocation: ...................... 0.001 s (3)
|  |  |     |- Preprocessing: ................... 0.011 s (3)
|  |  |     |- Deallocation: .................... 0.000 s    
|  |  |     `- Construct coarse graph: .......... 0.013 s    
|  |  |        |- Aggregate coarse edges: ....... 0.012 s    
|  |  |        |  |- First phase: ............... 0.011 s    
|  |  |        |  `- Second phase: .............. 0.000 s    
|  |  |        `- Remap coarse edges and mapping: 0.001 s    
|  |  |- Level (3): ............................. 0.024 s    
|  |  |  |- Label Propagation: .................. 0.010 s    
|  |  |  |  |- Iteration (0): ................... 0.004 s    
|  |  |  |  |  `- First phase: .................. 0.003 s    
|  |  |  |  |- Iteration (1): ................... 0.002 s    
|  |  |  |  |  `- First phase: .................. 0.002 s    
|  |  |  |  |- Iteration (2): ................... 0.001 s    
|  |  |  |  |  `- First phase: .................. 0.001 s    
|  |  |  |  |- Iteration (3): ................... 0.001 s    
|  |  |  |  |  `- First phase: .................. 0.001 s    
|  |  |  |  |- Iteration (4): ................... 0.000 s    
|  |  |  |  |  `- First phase: .................. 0.000 s    
|  |  |  |  |- Handle isolated nodes: ........... 0.000 s    
|  |  |  |  `- Handle two-hop nodes: ............ 0.000 s    
|  |  |  `- Contract graph: ..................... 0.013 s    
|  |  |     |- Allocation: ...................... 0.001 s (3)
|  |  |     |- Preprocessing: ................... 0.004 s (3)
|  |  |     |- Deallocation: .................... 0.000 s    
|  |  |     `- Construct coarse graph: .......... 0.007 s    
|  |  |        |- Aggregate coarse edges: ....... 0.006 s    
|  |  |        |  |- First phase: ............... 0.006 s    
|  |  |        |  `- Second phase: .............. 0.000 s    
|  |  |        `- Remap coarse edges and mapping: 0.000 s    
|  |  `- Deallocation: .......................... 0.000 s    
|  |- Initial partitioning scheme: .............. 0.076 s    
|  |- Uncoarsening: ............................. 0.165 s    
|  |  |- Level (3): ............................. 0.009 s    
|  |  |  |- Allocation: ......................... 0.000 s    
|  |  |  |- Project partition: .................. 0.000 s    
|  |  |  |- Create graph: ....................... 0.000 s    
|  |  |  `- Refinement: ......................... 0.007 s    
|  |  |     |- Greedy Balancer: ................. 0.000 s    
|  |  |     `- Label Propagation: ............... 0.007 s    
|  |  |        |- Allocation: ................... 0.004 s    
|  |  |        |- Iteration (0): ................ 0.002 s    
|  |  |        |- Iteration (1): ................ 0.000 s    
|  |  |        |- Iteration (2): ................ 0.000 s    
|  |  |        |- Iteration (3): ................ 0.000 s    
|  |  |        `- Iteration (4): ................ 0.000 s    
|  |  |- Level (2): ............................. 0.014 s    
|  |  |  |- Allocation: ......................... 0.004 s    
|  |  |  |- Project partition: .................. 0.000 s    
|  |  |  |- Create graph: ....................... 0.000 s    
|  |  |  `- Refinement: ......................... 0.008 s    
|  |  |     |- Greedy Balancer: ................. 0.000 s    
|  |  |     `- Label Propagation: ............... 0.008 s    
|  |  |        |- Iteration (0): ................ 0.007 s    
|  |  |        |- Iteration (1): ................ 0.000 s    
|  |  |        |- Iteration (2): ................ 0.000 s    
|  |  |        |- Iteration (3): ................ 0.000 s    
|  |  |        `- Iteration (4): ................ 0.000 s    
|  |  |- Level (1): ............................. 0.036 s    
|  |  |  |- Allocation: ......................... 0.004 s    
|  |  |  |- Project partition: .................. 0.001 s    
|  |  |  |- Create graph: ....................... 0.001 s    
|  |  |  `- Refinement: ......................... 0.028 s    
|  |  |     |- Greedy Balancer: ................. 0.000 s    
|  |  |     `- Label Propagation: ............... 0.028 s    
|  |  |        |- Iteration (0): ................ 0.024 s    
|  |  |        |- Iteration (1): ................ 0.000 s    
|  |  |        |- Iteration (2): ................ 0.000 s    
|  |  |        |- Iteration (3): ................ 0.000 s    
|  |  |        `- Iteration (4): ................ 0.000 s    
|  |  `- Level (0): ............................. 0.104 s    
|  |     |- Allocation: ......................... 0.004 s    
|  |     |- Project partition: .................. 0.005 s    
|  |     |- Create graph: ....................... 0.003 s    
|  |     `- Refinement: ......................... 0.088 s    
|  |        |- Greedy Balancer: ................. 0.000 s    
|  |        `- Label Propagation: ............... 0.088 s    
|  |           |- Iteration (0): ................ 0.075 s    
|  |           |- Iteration (1): ................ 0.002 s    
|  |           |- Iteration (2): ................ 0.002 s    
|  |           |- Iteration (3): ................ 0.002 s    
|  |           `- Iteration (4): ................ 0.002 s    
|  |- Deallocation: ............................. 0.002 s    
|  `- Re-integrate isolated nodes: .............. 0.014 s    
`- IO: .......................................... 0.004 s    

Partition summary:
  Number of blocks: 16
  Edge cut:         1259
  Imbalance:        0.0243077
  Feasible:         yes

Block weights:
  w(0 ) = 3205395    w(1 ) = 3237231    w(2 ) = 3142905    w(3 ) = 3259349  
  w(4 ) = 3150921    w(5 ) = 3150921    w(6 ) = 3243764    w(7 ) = 3178029  
  w(8 ) = 3218521    w(9 ) = 3020357    w(10) = 3207380    w(11) = 3083160  
  w(12) = 3186248    w(13) = 3186335    w(14) = 3220751    w(15) = 3220751  

Maximum resident set size: 2388528 KiB
