################################################################################
#                _  __       __  __  _         ____                            #
#               | |/ / __ _ |  \/  |(_) _ __  |  _ \  __ _  _ __               #
#               | ' / / _` || |\/| || || '_ \ | |_) |/ _` || '__|              #
#               | . \| (_| || |  | || || | | ||  __/| (_| || |                 #
#               |_|\_\\__,_||_|  |_||_||_| |_||_|    \__,_||_|                 #
#                                                                              #
################################################################################
Current commit hash:          99c62314d27845b3825829ec1e3e97256490627d
Assertion level:              always+light
Statistics:                   disabled
Built on:                     liskov
Data type sizes:
  Nodes IDs: 4 bytes | Node weights: 4 bytes
  Edges IDs: 4 bytes | Edge weights: 4 bytes
############################################################## Input Summary ###
Execution mode:               64
Seed:                         1
Graph:                        HV15R [node ordering: deg-buckets] [edge ordering: natural]
  Number of nodes:              2017169 (unweighted)
  Number of edges:            324715138 (unweighted)
Number of blocks:             16
Maximum block weight:         129856 (126074 + 3% / 3%)
---------------------------------------------------------- Graph Compression ---
Enabled:                      no
-------------------------------------------------------- Partitioning Scheme ---
Partitioning mode:            deep
  Deep initial part. mode:    async-parallel
  Deep initial part. load:    1
Subgraph memory:              Lazy
----------------------------------------------------------------- Coarsening ---
Contraction limit:            2000
Coarsening algorithm:         clustering
  Cluster weight limit:       epsilon-block-weight x 1
  Shrink factor:              1.79769e+308
  Max mem-free level:         1
  Clustering algorithm:       lp
    Number of iterations:     5
    High degree threshold:    4294967295
    Max degree:               4294967295
    Tie breaking strategy:    uniform
    Implementation:           two-phase
      Relabel:                no
    2-hop clustering:         match-threadwise, if |Vcoarse| > 0.500000 * |V|
    Isolated nodes:           match-during-two-hop
  Forced hierarchy levels:    <none> (leeway: U=10.000000, L=1.100000)
Contraction algorithm:        unbuffered
  Implementation:             two-phase
------------------------------------------------------- Initial Partitioning ---
Adaptive algorithm selection: yes
----------------------------------------------------------------- Refinement ---
Refinement algorithms:        [greedy-balancer -> lp]
Label propagation:
  Number of iterations:       5
  Tie breaking strategy:      uniform
  Implementation:             single-phase
############################################################## Preprocessing ###
Removed 0 isolated nodes
  Remaining nodes:             2017169
  Remaining total node weight: 2017169
############################################################### Partitioning ###
Input graph:
 Number of nodes: 2017169 | Number of edges: 324715138
 Maximum node weight: 1

Coarsening -> Level 1 [max cluster weight: 3782]:
 Total edge weight:   101603430
 Number of nodes:     2652 | Number of edges: 38388
 Maximum node weight: 3782

==> Coarsening terminated with less than 128000 nodes

Initial partitioning:
 Number of blocks: 2

Uncoarsening -> Level 0
 Number of nodes: 2017169 | Number of edges: 324715138
  Running refinement on 2 blocks
   1. Greedy Balancer
   2. Label Propagation
  Extending partition from 2 blocks to 16 blocks

Toplevel:
 Number of nodes: 2017169 | Number of edges: 324715138
  Running refinement on 16 blocks
   1. Greedy Balancer
   2. Label Propagation
############################################################# Result Summary ###
RESULT cut=7088654 imbalance=0.0295065 feasible=1 k=16
TIME read_input_graph=20.789 partitioning=7.890 partitioning.rearrange_by_degree-buckets=0.052 partitioning.rearrange_by_degree-buckets.sort_nodes_by_integer_buckets=0.007 partitioning.rearrange_by_degree-buckets.rearrange_input_graph=0.036 partitioning.rearrange_by_degree-buckets.deallocation=0.005 partitioning.refinement=0.000 partitioning.refinement.allocation=0.000 partitioning.coarsening=0.226 partitioning.coarsening.level[0]=0.226 partitioning.coarsening.level[0].label_propagation=0.191 partitioning.coarsening.level[0].label_propagation.allocation=0.011 partitioning.coarsening.level[0].label_propagation.iteration[0]=0.074 partitioning.coarsening.level[0].label_propagation.iteration[0].first_phase=0.070 partitioning.coarsening.level[0].label_propagation.iteration[1]=0.033 partitioning.coarsening.level[0].label_propagation.iteration[1].first_phase=0.033 partitioning.coarsening.level[0].label_propagation.iteration[2]=0.028 partitioning.coarsening.level[0].label_propagation.iteration[2].first_phase=0.027 partitioning.coarsening.level[0].label_propagation.iteration[3]=0.020 partitioning.coarsening.level[0].label_propagation.iteration[3].first_phase=0.020 partitioning.coarsening.level[0].label_propagation.iteration[4]=0.016 partitioning.coarsening.level[0].label_propagation.iteration[4].first_phase=0.016 partitioning.coarsening.level[0].label_propagation.handle_isolated_nodes=0.000 partitioning.coarsening.level[0].label_propagation.handle_two-hop_nodes=0.000 partitioning.coarsening.level[0].label_propagation.free=0.005 partitioning.coarsening.level[0].contract_graph=0.034 partitioning.coarsening.level[0].contract_graph.allocation=0.000 partitioning.coarsening.level[0].contract_graph.preprocessing=0.003 partitioning.coarsening.level[0].contract_graph.deallocation=0.000 partitioning.coarsening.level[0].contract_graph.construct_coarse_graph=0.030 partitioning.coarsening.level[0].contract_graph.construct_coarse_graph.aggregate_coarse_edges=0.029 partitioning.coarsening.level[0].contract_graph.construct_coarse_graph.aggregate_coarse_edges.first_phase=0.024 partitioning.coarsening.level[0].contract_graph.construct_coarse_graph.aggregate_coarse_edges.second_phase=0.000 partitioning.coarsening.level[0].contract_graph.construct_coarse_graph.remap_coarse_edges_and_mapping=0.000 partitioning.coarsening.deallocation=0.000 partitioning.initial_partitioning_scheme=0.026 partitioning.uncoarsening=7.584 partitioning.uncoarsening.level[0]=7.536 partitioning.uncoarsening.level[0].allocation=0.004 partitioning.uncoarsening.level[0].project_partition=0.000 partitioning.uncoarsening.level[0].create_graph=0.000 partitioning.uncoarsening.level[0].refinement=0.058 partitioning.uncoarsening.level[0].refinement.greedy_balancer=0.000 partitioning.uncoarsening.level[0].refinement.label_propagation=0.058 partitioning.uncoarsening.level[0].refinement.label_propagation.allocation=0.000 partitioning.uncoarsening.level[0].refinement.label_propagation.iteration[0]=0.046 partitioning.uncoarsening.level[0].refinement.label_propagation.iteration[1]=0.004 partitioning.uncoarsening.level[0].refinement.label_propagation.iteration[2]=0.003 partitioning.uncoarsening.level[0].refinement.label_propagation.iteration[3]=0.002 partitioning.uncoarsening.level[0].refinement.label_propagation.iteration[4]=0.002 partitioning.uncoarsening.level[0].initial_partitioning=7.438 partitioning.uncoarsening.level[0].initial_partitioning.preprocessing=0.227 partitioning.uncoarsening.level[0].initial_partitioning.allocation=0.014 partitioning.uncoarsening.level[0].initial_partitioning.bipartitioning=7.183 partitioning.uncoarsening.level[0].initial_partitioning.copy_subgraph_partitions=0.013 partitioning.uncoarsening.level[0].deallocation=0.033 partitioning.uncoarsening.refinement=0.048 partitioning.uncoarsening.refinement.greedy_balancer=0.000 partitioning.uncoarsening.refinement.label_propagation=0.048 partitioning.uncoarsening.refinement.label_propagation.iteration[0]=0.037 partitioning.uncoarsening.refinement.label_propagation.iteration[1]=0.003 partitioning.uncoarsening.refinement.label_propagation.iteration[2]=0.002 partitioning.uncoarsening.refinement.label_propagation.iteration[3]=0.002 partitioning.uncoarsening.refinement.label_propagation.iteration[4]=0.001 partitioning.deallocation=0.000 partitioning.re-integrate_isolated_nodes=0.000 io=0.000 
MEMORY disabled

Global Timer: ................................... 28.687 s    
|- Read input graph: ............................ 20.789 s    
|- Partitioning: ................................ 7.890 s     
|  |- Rearrange by degree-buckets: .............. 0.052 s     
|  |  |- Sort nodes by integer buckets: ......... 0.007 s     
|  |  |- Rearrange input graph: ................. 0.036 s     
|  |  `- Deallocation: .......................... 0.005 s     
|  |- Refinement: ............................... 0.000 s     
|  |  `- Allocation: ............................ 0.000 s     
|  |- Coarsening: ............................... 0.226 s     
|  |  |- Level (0): ............................. 0.226 s     
|  |  |  |- Label Propagation: .................. 0.191 s     
|  |  |  |  |- Allocation: ...................... 0.011 s     
|  |  |  |  |- Iteration (0): ................... 0.074 s     
|  |  |  |  |  `- First phase: .................. 0.070 s     
|  |  |  |  |- Iteration (1): ................... 0.033 s     
|  |  |  |  |  `- First phase: .................. 0.033 s     
|  |  |  |  |- Iteration (2): ................... 0.028 s     
|  |  |  |  |  `- First phase: .................. 0.027 s     
|  |  |  |  |- Iteration (3): ................... 0.020 s     
|  |  |  |  |  `- First phase: .................. 0.020 s     
|  |  |  |  |- Iteration (4): ................... 0.016 s     
|  |  |  |  |  `- First phase: .................. 0.016 s     
|  |  |  |  |- Handle isolated nodes: ........... 0.000 s     
|  |  |  |  |- Handle two-hop nodes: ............ 0.000 s     
|  |  |  |  `- Free: ............................ 0.005 s     
|  |  |  `- Contract graph: ..................... 0.034 s     
|  |  |     |- Allocation: ...................... 0.000 s  (3)
|  |  |     |- Preprocessing: ................... 0.003 s  (3)
|  |  |     |- Deallocation: .................... 0.000 s     
|  |  |     `- Construct coarse graph: .......... 0.030 s     
|  |  |        |- Aggregate coarse edges: ....... 0.029 s     
|  |  |        |  |- First phase: ............... 0.024 s     
|  |  |        |  `- Second phase: .............. 0.000 s     
|  |  |        `- Remap coarse edges and mapping: 0.000 s     
|  |  `- Deallocation: .......................... 0.000 s     
|  |- Initial partitioning scheme: .............. 0.026 s     
|  |- Uncoarsening: ............................. 7.584 s     
|  |  |- Level (0): ............................. 7.536 s     
|  |  |  |- Allocation: ......................... 0.004 s     
|  |  |  |- Project partition: .................. 0.000 s     
|  |  |  |- Create graph: ....................... 0.000 s     
|  |  |  |- Refinement: ......................... 0.058 s     
|  |  |  |  |- Greedy Balancer: ................. 0.000 s     
|  |  |  |  `- Label Propagation: ............... 0.058 s     
|  |  |  |     |- Allocation: ................... 0.000 s     
|  |  |  |     |- Iteration (0): ................ 0.046 s     
|  |  |  |     |- Iteration (1): ................ 0.004 s     
|  |  |  |     |- Iteration (2): ................ 0.003 s     
|  |  |  |     |- Iteration (3): ................ 0.002 s     
|  |  |  |     `- Iteration (4): ................ 0.002 s     
|  |  |  |- Initial partitioning: ............... 7.438 s  (3)
|  |  |  |  |- Preprocessing: ................... 0.227 s  (3)
|  |  |  |  |- Allocation: ...................... 0.014 s  (3)
|  |  |  |  |- Bipartitioning: .................. 7.183 s  (3)
|  |  |  |  `- Copy subgraph partitions: ........ 0.013 s  (3)
|  |  |  `- Deallocation: ....................... 0.033 s     
|  |  `- Refinement: ............................ 0.048 s     
|  |     |- Greedy Balancer: .................... 0.000 s     
|  |     `- Label Propagation: .................. 0.048 s     
|  |        |- Iteration (0): ................... 0.037 s     
|  |        |- Iteration (1): ................... 0.003 s     
|  |        |- Iteration (2): ................... 0.002 s     
|  |        |- Iteration (3): ................... 0.002 s     
|  |        `- Iteration (4): ................... 0.001 s     
|  |- Deallocation: ............................. 0.000 s     
|  `- Re-integrate isolated nodes: .............. 0.000 s     
`- IO: .......................................... 0.000 s     

Partition summary:
  Number of blocks: 16
  Edge cut:         7088654
  Imbalance:        0.0295065
  Feasible:         yes

Block weights:
  w(0 ) = 123278    w(1 ) = 123486    w(2 ) = 129726    w(3 ) = 125955  
  w(4 ) = 129785    w(5 ) = 127317    w(6 ) = 122201    w(7 ) = 129794  
  w(8 ) = 126953    w(9 ) = 124732    w(10) = 126988    w(11) = 129361  
  w(12) = 122717    w(13) = 127133    w(14) = 122570    w(15) = 125173  

Maximum resident set size: 5272512 KiB
