################################################################################
#                _  __       __  __  _         ____                            #
#               | |/ / __ _ |  \/  |(_) _ __  |  _ \  __ _  _ __               #
#               | ' / / _` || |\/| || || '_ \ | |_) |/ _` || '__|              #
#               | . \| (_| || |  | || || | | ||  __/| (_| || |                 #
#               |_|\_\\__,_||_|  |_||_||_| |_||_|    \__,_||_|                 #
#                                                                              #
################################################################################
Current commit hash:          99c62314d27845b3825829ec1e3e97256490627d
Assertion level:              always+light
Statistics:                   disabled
Built on:                     liskov
Data type sizes:
  Nodes IDs: 4 bytes | Node weights: 4 bytes
  Edges IDs: 4 bytes | Edge weights: 4 bytes
############################################################## Input Summary ###
Execution mode:               64
Seed:                         1
Graph:                        it-2004 [node ordering: deg-buckets] [edge ordering: natural]
  Number of nodes:              41291594 (unweighted)
  Number of edges:            2054949894 (unweighted)
Number of blocks:             16
Maximum block weight:         2658146 (2580725 + 3% / 3%)
---------------------------------------------------------- Graph Compression ---
Enabled:                      no
-------------------------------------------------------- Partitioning Scheme ---
Partitioning mode:            deep
  Deep initial part. mode:    async-parallel
  Deep initial part. load:    1
Subgraph memory:              Lazy
----------------------------------------------------------------- Coarsening ---
Contraction limit:            2000
Coarsening algorithm:         clustering
  Cluster weight limit:       epsilon-block-weight x 1
  Shrink factor:              1.79769e+308
  Max mem-free level:         1
  Clustering algorithm:       lp
    Number of iterations:     5
    High degree threshold:    4294967295
    Max degree:               4294967295
    Tie breaking strategy:    uniform
    Implementation:           two-phase
      Relabel:                no
    2-hop clustering:         match-threadwise, if |Vcoarse| > 0.500000 * |V|
    Isolated nodes:           match-during-two-hop
  Forced hierarchy levels:    <none> (leeway: U=10.000000, L=1.100000)
Contraction algorithm:        unbuffered
  Implementation:             two-phase
------------------------------------------------------- Initial Partitioning ---
Adaptive algorithm selection: yes
----------------------------------------------------------------- Refinement ---
Refinement algorithms:        [greedy-balancer -> lp]
Label propagation:
  Number of iterations:       5
  Tie breaking strategy:      uniform
  Implementation:             single-phase
############################################################## Preprocessing ###
Removed 946 isolated nodes
  Remaining nodes:             41290648
  Remaining total node weight: 41290648
############################################################### Partitioning ###
Input graph:
 Number of nodes: 41290648 | Number of edges: 2054949894
 Maximum node weight: 1

Coarsening -> Level 1 [max cluster weight: 77480]:
 Total edge weight:   218421830
 Number of nodes:     789522 | Number of edges: 6830828
 Maximum node weight: 77481

Coarsening -> Level 2 [max cluster weight: 77480]:
 Total edge weight:   95809496
 Number of nodes:     91981 | Number of edges: 1844024
 Maximum node weight: 77481

==> Coarsening terminated with less than 128000 nodes

Initial partitioning:
 Number of blocks: 16

Uncoarsening -> Level 1
 Number of nodes: 789522 | Number of edges: 6830828
  Running refinement on 16 blocks
   1. Greedy Balancer
   2. Label Propagation

Uncoarsening -> Level 0
 Number of nodes: 41290648 | Number of edges: 2054949894
  Running refinement on 16 blocks
   1. Greedy Balancer
   2. Label Propagation
############################################################# Result Summary ###
RESULT cut=3231506 imbalance=0.0278538 feasible=1 k=16
TIME read_input_graph=155.621 partitioning=2.602 partitioning.rearrange_by_degree-buckets=0.400 partitioning.rearrange_by_degree-buckets.sort_nodes_by_integer_buckets=0.021 partitioning.rearrange_by_degree-buckets.rearrange_input_graph=0.336 partitioning.rearrange_by_degree-buckets.deallocation=0.035 partitioning.refinement=0.000 partitioning.refinement.allocation=0.000 partitioning.coarsening=1.646 partitioning.coarsening.level[0]=1.572 partitioning.coarsening.level[0].label_propagation=1.288 partitioning.coarsening.level[0].label_propagation.allocation=0.013 partitioning.coarsening.level[0].label_propagation.iteration[0]=0.521 partitioning.coarsening.level[0].label_propagation.iteration[0].first_phase=0.486 partitioning.coarsening.level[0].label_propagation.iteration[0].second_phase=0.027 partitioning.coarsening.level[0].label_propagation.iteration[1]=0.345 partitioning.coarsening.level[0].label_propagation.iteration[1].first_phase=0.345 partitioning.coarsening.level[0].label_propagation.iteration[2]=0.220 partitioning.coarsening.level[0].label_propagation.iteration[2].first_phase=0.220 partitioning.coarsening.level[0].label_propagation.iteration[3]=0.101 partitioning.coarsening.level[0].label_propagation.iteration[3].first_phase=0.101 partitioning.coarsening.level[0].label_propagation.iteration[4]=0.064 partitioning.coarsening.level[0].label_propagation.iteration[4].first_phase=0.064 partitioning.coarsening.level[0].label_propagation.handle_isolated_nodes=0.000 partitioning.coarsening.level[0].label_propagation.handle_two-hop_nodes=0.000 partitioning.coarsening.level[0].label_propagation.free=0.011 partitioning.coarsening.level[0].contract_graph=0.281 partitioning.coarsening.level[0].contract_graph.allocation=0.003 partitioning.coarsening.level[0].contract_graph.preprocessing=0.064 partitioning.coarsening.level[0].contract_graph.deallocation=0.000 partitioning.coarsening.level[0].contract_graph.construct_coarse_graph=0.211 partitioning.coarsening.level[0].contract_graph.construct_coarse_graph.aggregate_coarse_edges=0.201 partitioning.coarsening.level[0].contract_graph.construct_coarse_graph.aggregate_coarse_edges.first_phase=0.196 partitioning.coarsening.level[0].contract_graph.construct_coarse_graph.aggregate_coarse_edges.second_phase=0.000 partitioning.coarsening.level[0].contract_graph.construct_coarse_graph.remap_coarse_edges_and_mapping=0.008 partitioning.coarsening.level[1]=0.073 partitioning.coarsening.level[1].label_propagation=0.052 partitioning.coarsening.level[1].label_propagation.allocation=0.002 partitioning.coarsening.level[1].label_propagation.iteration[0]=0.037 partitioning.coarsening.level[1].label_propagation.iteration[0].first_phase=0.026 partitioning.coarsening.level[1].label_propagation.iteration[0].second_phase=0.010 partitioning.coarsening.level[1].label_propagation.iteration[1]=0.006 partitioning.coarsening.level[1].label_propagation.iteration[1].first_phase=0.006 partitioning.coarsening.level[1].label_propagation.iteration[2]=0.003 partitioning.coarsening.level[1].label_propagation.iteration[2].first_phase=0.003 partitioning.coarsening.level[1].label_propagation.iteration[3]=0.001 partitioning.coarsening.level[1].label_propagation.iteration[3].first_phase=0.001 partitioning.coarsening.level[1].label_propagation.iteration[4]=0.001 partitioning.coarsening.level[1].label_propagation.iteration[4].first_phase=0.001 partitioning.coarsening.level[1].label_propagation.handle_isolated_nodes=0.000 partitioning.coarsening.level[1].label_propagation.handle_two-hop_nodes=0.000 partitioning.coarsening.level[1].contract_graph=0.020 partitioning.coarsening.level[1].contract_graph.allocation=0.000 partitioning.coarsening.level[1].contract_graph.preprocessing=0.004 partitioning.coarsening.level[1].contract_graph.deallocation=0.000 partitioning.coarsening.level[1].contract_graph.construct_coarse_graph=0.015 partitioning.coarsening.level[1].contract_graph.construct_coarse_graph.aggregate_coarse_edges=0.015 partitioning.coarsening.level[1].contract_graph.construct_coarse_graph.aggregate_coarse_edges.first_phase=0.014 partitioning.coarsening.level[1].contract_graph.construct_coarse_graph.aggregate_coarse_edges.second_phase=0.000 partitioning.coarsening.level[1].contract_graph.construct_coarse_graph.remap_coarse_edges_and_mapping=0.000 partitioning.coarsening.deallocation=0.000 partitioning.initial_partitioning_scheme=0.147 partitioning.uncoarsening=0.391 partitioning.uncoarsening.level[1]=0.017 partitioning.uncoarsening.level[1].allocation=0.000 partitioning.uncoarsening.level[1].project_partition=0.000 partitioning.uncoarsening.level[1].create_graph=0.000 partitioning.uncoarsening.level[1].refinement=0.016 partitioning.uncoarsening.level[1].refinement.greedy_balancer=0.000 partitioning.uncoarsening.level[1].refinement.label_propagation=0.016 partitioning.uncoarsening.level[1].refinement.label_propagation.allocation=0.004 partitioning.uncoarsening.level[1].refinement.label_propagation.iteration[0]=0.008 partitioning.uncoarsening.level[1].refinement.label_propagation.iteration[1]=0.002 partitioning.uncoarsening.level[1].refinement.label_propagation.iteration[2]=0.000 partitioning.uncoarsening.level[1].refinement.label_propagation.iteration[3]=0.000 partitioning.uncoarsening.level[1].refinement.label_propagation.iteration[4]=0.000 partitioning.uncoarsening.level[0]=0.373 partitioning.uncoarsening.level[0].allocation=0.004 partitioning.uncoarsening.level[0].project_partition=0.002 partitioning.uncoarsening.level[0].create_graph=0.003 partitioning.uncoarsening.level[0].refinement=0.361 partitioning.uncoarsening.level[0].refinement.greedy_balancer=0.000 partitioning.uncoarsening.level[0].refinement.label_propagation=0.361 partitioning.uncoarsening.level[0].refinement.label_propagation.iteration[0]=0.314 partitioning.uncoarsening.level[0].refinement.label_propagation.iteration[1]=0.023 partitioning.uncoarsening.level[0].refinement.label_propagation.iteration[2]=0.011 partitioning.uncoarsening.level[0].refinement.label_propagation.iteration[3]=0.005 partitioning.uncoarsening.level[0].refinement.label_propagation.iteration[4]=0.003 partitioning.deallocation=0.001 partitioning.re-integrate_isolated_nodes=0.011 io=0.003 
MEMORY disabled

Global Timer: ................................... 158.257 s    
|- Read input graph: ............................ 155.621 s    
|- Partitioning: ................................ 2.602 s      
|  |- Rearrange by degree-buckets: .............. 0.400 s      
|  |  |- Sort nodes by integer buckets: ......... 0.021 s      
|  |  |- Rearrange input graph: ................. 0.336 s      
|  |  `- Deallocation: .......................... 0.035 s      
|  |- Refinement: ............................... 0.000 s      
|  |  `- Allocation: ............................ 0.000 s      
|  |- Coarsening: ............................... 1.646 s      
|  |  |- Level (0): ............................. 1.572 s      
|  |  |  |- Label Propagation: .................. 1.288 s      
|  |  |  |  |- Allocation: ...................... 0.013 s      
|  |  |  |  |- Iteration (0): ................... 0.521 s      
|  |  |  |  |  |- First phase: .................. 0.486 s      
|  |  |  |  |  `- Second phase: ................. 0.027 s      
|  |  |  |  |- Iteration (1): ................... 0.345 s      
|  |  |  |  |  `- First phase: .................. 0.345 s      
|  |  |  |  |- Iteration (2): ................... 0.220 s      
|  |  |  |  |  `- First phase: .................. 0.220 s      
|  |  |  |  |- Iteration (3): ................... 0.101 s      
|  |  |  |  |  `- First phase: .................. 0.101 s      
|  |  |  |  |- Iteration (4): ................... 0.064 s      
|  |  |  |  |  `- First phase: .................. 0.064 s      
|  |  |  |  |- Handle isolated nodes: ........... 0.000 s      
|  |  |  |  |- Handle two-hop nodes: ............ 0.000 s      
|  |  |  |  `- Free: ............................ 0.011 s      
|  |  |  `- Contract graph: ..................... 0.281 s      
|  |  |     |- Allocation: ...................... 0.003 s   (3)
|  |  |     |- Preprocessing: ................... 0.064 s   (3)
|  |  |     |- Deallocation: .................... 0.000 s      
|  |  |     `- Construct coarse graph: .......... 0.211 s      
|  |  |        |- Aggregate coarse edges: ....... 0.201 s      
|  |  |        |  |- First phase: ............... 0.196 s      
|  |  |        |  `- Second phase: .............. 0.000 s      
|  |  |        `- Remap coarse edges and mapping: 0.008 s      
|  |  |- Level (1): ............................. 0.073 s      
|  |  |  |- Label Propagation: .................. 0.052 s      
|  |  |  |  |- Allocation: ...................... 0.002 s      
|  |  |  |  |- Iteration (0): ................... 0.037 s      
|  |  |  |  |  |- First phase: .................. 0.026 s      
|  |  |  |  |  `- Second phase: ................. 0.010 s      
|  |  |  |  |- Iteration (1): ................... 0.006 s      
|  |  |  |  |  `- First phase: .................. 0.006 s      
|  |  |  |  |- Iteration (2): ................... 0.003 s      
|  |  |  |  |  `- First phase: .................. 0.003 s      
|  |  |  |  |- Iteration (3): ................... 0.001 s      
|  |  |  |  |  `- First phase: .................. 0.001 s      
|  |  |  |  |- Iteration (4): ................... 0.001 s      
|  |  |  |  |  `- First phase: .................. 0.001 s      
|  |  |  |  |- Handle isolated nodes: ........... 0.000 s      
|  |  |  |  `- Handle two-hop nodes: ............ 0.000 s      
|  |  |  `- Contract graph: ..................... 0.020 s      
|  |  |     |- Allocation: ...................... 0.000 s   (3)
|  |  |     |- Preprocessing: ................... 0.004 s   (3)
|  |  |     |- Deallocation: .................... 0.000 s      
|  |  |     `- Construct coarse graph: .......... 0.015 s      
|  |  |        |- Aggregate coarse edges: ....... 0.015 s      
|  |  |        |  |- First phase: ............... 0.014 s      
|  |  |        |  `- Second phase: .............. 0.000 s      
|  |  |        `- Remap coarse edges and mapping: 0.000 s      
|  |  `- Deallocation: .......................... 0.000 s      
|  |- Initial partitioning scheme: .............. 0.147 s      
|  |- Uncoarsening: ............................. 0.391 s      
|  |  |- Level (1): ............................. 0.017 s      
|  |  |  |- Allocation: ......................... 0.000 s      
|  |  |  |- Project partition: .................. 0.000 s      
|  |  |  |- Create graph: ....................... 0.000 s      
|  |  |  `- Refinement: ......................... 0.016 s      
|  |  |     |- Greedy Balancer: ................. 0.000 s      
|  |  |     `- Label Propagation: ............... 0.016 s      
|  |  |        |- Allocation: ................... 0.004 s      
|  |  |        |- Iteration (0): ................ 0.008 s      
|  |  |        |- Iteration (1): ................ 0.002 s      
|  |  |        |- Iteration (2): ................ 0.000 s      
|  |  |        |- Iteration (3): ................ 0.000 s      
|  |  |        `- Iteration (4): ................ 0.000 s      
|  |  `- Level (0): ............................. 0.373 s      
|  |     |- Allocation: ......................... 0.004 s      
|  |     |- Project partition: .................. 0.002 s      
|  |     |- Create graph: ....................... 0.003 s      
|  |     `- Refinement: ......................... 0.361 s      
|  |        |- Greedy Balancer: ................. 0.000 s      
|  |        `- Label Propagation: ............... 0.361 s      
|  |           |- Iteration (0): ................ 0.314 s      
|  |           |- Iteration (1): ................ 0.023 s      
|  |           |- Iteration (2): ................ 0.011 s      
|  |           |- Iteration (3): ................ 0.005 s      
|  |           `- Iteration (4): ................ 0.003 s      
|  |- Deallocation: ............................. 0.001 s      
|  `- Re-integrate isolated nodes: .............. 0.011 s      
`- IO: .......................................... 0.003 s      

Partition summary:
  Number of blocks: 16
  Edge cut:         3231506
  Imbalance:        0.0278538
  Feasible:         yes

Block weights:
  w(0 ) = 2652509    w(1 ) = 2651175    w(2 ) = 2651397    w(3 ) = 2651190  
  w(4 ) = 2652608    w(5 ) = 2648838    w(6 ) = 2651188    w(7 ) = 2648734  
  w(8 ) = 2648283    w(9 ) = 2651670    w(10) = 2648060    w(11) = 2234337  
  w(12) = 2569022    w(13) = 2111042    w(14) = 2573176    w(15) = 2648365  

Maximum resident set size: 25924984 KiB
