################################################################################
#                _  __       __  __  _         ____                            #
#               | |/ / __ _ |  \/  |(_) _ __  |  _ \  __ _  _ __               #
#               | ' / / _` || |\/| || || '_ \ | |_) |/ _` || '__|              #
#               | . \| (_| || |  | || || | | ||  __/| (_| || |                 #
#               |_|\_\\__,_||_|  |_||_||_| |_||_|    \__,_||_|                 #
#                                                                              #
################################################################################
Current commit hash:          99c62314d27845b3825829ec1e3e97256490627d
Assertion level:              always+light
Statistics:                   disabled
Built on:                     liskov
Data type sizes:
  Nodes IDs: 4 bytes | Node weights: 4 bytes
  Edges IDs: 4 bytes | Edge weights: 4 bytes
############################################################## Input Summary ###
Execution mode:               64
Seed:                         1
Graph:                        kmer_P1a [node ordering: deg-buckets] [edge ordering: natural]
  Number of nodes:            138896082 (unweighted)
  Number of edges:            296930692 (unweighted)
Number of blocks:             16
Maximum block weight:         8941436 (8681006 + 3% / 3%)
---------------------------------------------------------- Graph Compression ---
Enabled:                      no
-------------------------------------------------------- Partitioning Scheme ---
Partitioning mode:            deep
  Deep initial part. mode:    async-parallel
  Deep initial part. load:    1
Subgraph memory:              Lazy
----------------------------------------------------------------- Coarsening ---
Contraction limit:            2000
Coarsening algorithm:         clustering
  Cluster weight limit:       epsilon-block-weight x 1
  Shrink factor:              1.79769e+308
  Max mem-free level:         1
  Clustering algorithm:       lp
    Number of iterations:     5
    High degree threshold:    4294967295
    Max degree:               4294967295
    Tie breaking strategy:    uniform
    Implementation:           two-phase
      Relabel:                no
    2-hop clustering:         match-threadwise, if |Vcoarse| > 0.500000 * |V|
    Isolated nodes:           match-during-two-hop
  Forced hierarchy levels:    <none> (leeway: U=10.000000, L=1.100000)
Contraction algorithm:        unbuffered
  Implementation:             two-phase
------------------------------------------------------- Initial Partitioning ---
Adaptive algorithm selection: yes
----------------------------------------------------------------- Refinement ---
Refinement algorithms:        [greedy-balancer -> lp]
Label propagation:
  Number of iterations:       5
  Tie breaking strategy:      uniform
  Implementation:             single-phase
############################################################## Preprocessing ###
Removed 0 isolated nodes
  Remaining nodes:             138896082
  Remaining total node weight: 138896082
############################################################### Partitioning ###
Input graph:
 Number of nodes: 138896082 | Number of edges: 296930692
 Maximum node weight: 1

Coarsening -> Level 1 [max cluster weight: 260430]:
 Total edge weight:   84223758
 Number of nodes:     32665801 | Number of edges: 83962222
 Maximum node weight: 210

Coarsening -> Level 2 [max cluster weight: 260430]:
 Total edge weight:   30837916
 Number of nodes:     6737278 | Number of edges: 28595392
 Maximum node weight: 71056

Coarsening -> Level 3 [max cluster weight: 260430]:
 Total edge weight:   14306970
 Number of nodes:     1041304 | Number of edges: 10875026
 Maximum node weight: 260430

Coarsening -> Level 4 [max cluster weight: 260430]:
 Total edge weight:   9571276
 Number of nodes:     107752 | Number of edges: 6112200
 Maximum node weight: 260430

==> Coarsening terminated with less than 128000 nodes

Initial partitioning:
 Number of blocks: 16

Uncoarsening -> Level 3
 Number of nodes: 1041304 | Number of edges: 10875026
  Running refinement on 16 blocks
   1. Greedy Balancer
   2. Label Propagation

Uncoarsening -> Level 2
 Number of nodes: 6737278 | Number of edges: 28595392
  Running refinement on 16 blocks
   1. Greedy Balancer
   2. Label Propagation

Uncoarsening -> Level 1
 Number of nodes: 32665801 | Number of edges: 83962222
  Running refinement on 16 blocks
   1. Greedy Balancer
   2. Label Propagation

Uncoarsening -> Level 0
 Number of nodes: 138896082 | Number of edges: 296930692
  Running refinement on 16 blocks
   1. Greedy Balancer
   2. Label Propagation
############################################################# Result Summary ###
RESULT cut=3111475 imbalance=1.15194e-07 feasible=1 k=16
TIME read_input_graph=24.708 partitioning=6.250 partitioning.rearrange_by_degree-buckets=0.218 partitioning.rearrange_by_degree-buckets.sort_nodes_by_integer_buckets=0.043 partitioning.rearrange_by_degree-buckets.rearrange_input_graph=0.152 partitioning.rearrange_by_degree-buckets.deallocation=0.008 partitioning.refinement=0.000 partitioning.refinement.allocation=0.000 partitioning.coarsening=4.463 partitioning.coarsening.level[0]=3.048 partitioning.coarsening.level[0].label_propagation=1.882 partitioning.coarsening.level[0].label_propagation.allocation=0.026 partitioning.coarsening.level[0].label_propagation.iteration[0]=0.728 partitioning.coarsening.level[0].label_propagation.iteration[0].first_phase=0.710 partitioning.coarsening.level[0].label_propagation.iteration[1]=0.490 partitioning.coarsening.level[0].label_propagation.iteration[1].first_phase=0.490 partitioning.coarsening.level[0].label_propagation.iteration[2]=0.304 partitioning.coarsening.level[0].label_propagation.iteration[2].first_phase=0.304 partitioning.coarsening.level[0].label_propagation.iteration[3]=0.184 partitioning.coarsening.level[0].label_propagation.iteration[3].first_phase=0.183 partitioning.coarsening.level[0].label_propagation.iteration[4]=0.113 partitioning.coarsening.level[0].label_propagation.iteration[4].first_phase=0.113 partitioning.coarsening.level[0].label_propagation.handle_isolated_nodes=0.000 partitioning.coarsening.level[0].label_propagation.handle_two-hop_nodes=0.000 partitioning.coarsening.level[0].label_propagation.free=0.014 partitioning.coarsening.level[0].contract_graph=1.161 partitioning.coarsening.level[0].contract_graph.allocation=0.003 partitioning.coarsening.level[0].contract_graph.preprocessing=0.471 partitioning.coarsening.level[0].contract_graph.deallocation=0.003 partitioning.coarsening.level[0].contract_graph.construct_coarse_graph=0.676 partitioning.coarsening.level[0].contract_graph.construct_coarse_graph.aggregate_coarse_edges=0.570 partitioning.coarsening.level[0].contract_graph.construct_coarse_graph.aggregate_coarse_edges.first_phase=0.559 partitioning.coarsening.level[0].contract_graph.construct_coarse_graph.aggregate_coarse_edges.second_phase=0.004 partitioning.coarsening.level[0].contract_graph.construct_coarse_graph.remap_coarse_edges_and_mapping=0.086 partitioning.coarsening.level[1]=1.053 partitioning.coarsening.level[1].label_propagation=0.677 partitioning.coarsening.level[1].label_propagation.allocation=0.011 partitioning.coarsening.level[1].label_propagation.iteration[0]=0.271 partitioning.coarsening.level[1].label_propagation.iteration[0].first_phase=0.266 partitioning.coarsening.level[1].label_propagation.iteration[1]=0.165 partitioning.coarsening.level[1].label_propagation.iteration[1].first_phase=0.165 partitioning.coarsening.level[1].label_propagation.iteration[2]=0.108 partitioning.coarsening.level[1].label_propagation.iteration[2].first_phase=0.108 partitioning.coarsening.level[1].label_propagation.iteration[3]=0.067 partitioning.coarsening.level[1].label_propagation.iteration[3].first_phase=0.067 partitioning.coarsening.level[1].label_propagation.iteration[4]=0.043 partitioning.coarsening.level[1].label_propagation.iteration[4].first_phase=0.043 partitioning.coarsening.level[1].label_propagation.handle_isolated_nodes=0.000 partitioning.coarsening.level[1].label_propagation.handle_two-hop_nodes=0.000 partitioning.coarsening.level[1].contract_graph=0.375 partitioning.coarsening.level[1].contract_graph.allocation=0.003 partitioning.coarsening.level[1].contract_graph.preprocessing=0.130 partitioning.coarsening.level[1].contract_graph.deallocation=0.000 partitioning.coarsening.level[1].contract_graph.construct_coarse_graph=0.238 partitioning.coarsening.level[1].contract_graph.construct_coarse_graph.aggregate_coarse_edges=0.223 partitioning.coarsening.level[1].contract_graph.construct_coarse_graph.aggregate_coarse_edges.first_phase=0.212 partitioning.coarsening.level[1].contract_graph.construct_coarse_graph.aggregate_coarse_edges.second_phase=0.009 partitioning.coarsening.level[1].contract_graph.construct_coarse_graph.remap_coarse_edges_and_mapping=0.011 partitioning.coarsening.level[2]=0.268 partitioning.coarsening.level[2].label_propagation=0.168 partitioning.coarsening.level[2].label_propagation.iteration[0]=0.061 partitioning.coarsening.level[2].label_propagation.iteration[0].first_phase=0.056 partitioning.coarsening.level[2].label_propagation.iteration[0].second_phase=0.003 partitioning.coarsening.level[2].label_propagation.iteration[1]=0.040 partitioning.coarsening.level[2].label_propagation.iteration[1].first_phase=0.040 partitioning.coarsening.level[2].label_propagation.iteration[1].second_phase=0.000 partitioning.coarsening.level[2].label_propagation.iteration[2]=0.028 partitioning.coarsening.level[2].label_propagation.iteration[2].first_phase=0.028 partitioning.coarsening.level[2].label_propagation.iteration[2].second_phase=0.000 partitioning.coarsening.level[2].label_propagation.iteration[3]=0.020 partitioning.coarsening.level[2].label_propagation.iteration[3].first_phase=0.020 partitioning.coarsening.level[2].label_propagation.iteration[3].second_phase=0.000 partitioning.coarsening.level[2].label_propagation.iteration[4]=0.015 partitioning.coarsening.level[2].label_propagation.iteration[4].first_phase=0.014 partitioning.coarsening.level[2].label_propagation.iteration[4].second_phase=0.000 partitioning.coarsening.level[2].label_propagation.handle_isolated_nodes=0.000 partitioning.coarsening.level[2].label_propagation.handle_two-hop_nodes=0.000 partitioning.coarsening.level[2].contract_graph=0.098 partitioning.coarsening.level[2].contract_graph.allocation=0.002 partitioning.coarsening.level[2].contract_graph.preprocessing=0.029 partitioning.coarsening.level[2].contract_graph.deallocation=0.000 partitioning.coarsening.level[2].contract_graph.construct_coarse_graph=0.065 partitioning.coarsening.level[2].contract_graph.construct_coarse_graph.aggregate_coarse_edges=0.060 partitioning.coarsening.level[2].contract_graph.construct_coarse_graph.aggregate_coarse_edges.first_phase=0.053 partitioning.coarsening.level[2].contract_graph.construct_coarse_graph.aggregate_coarse_edges.second_phase=0.006 partitioning.coarsening.level[2].contract_graph.construct_coarse_graph.remap_coarse_edges_and_mapping=0.003 partitioning.coarsening.level[3]=0.091 partitioning.coarsening.level[3].label_propagation=0.051 partitioning.coarsening.level[3].label_propagation.iteration[0]=0.017 partitioning.coarsening.level[3].label_propagation.iteration[0].first_phase=0.014 partitioning.coarsening.level[3].label_propagation.iteration[0].second_phase=0.002 partitioning.coarsening.level[3].label_propagation.iteration[1]=0.012 partitioning.coarsening.level[3].label_propagation.iteration[1].first_phase=0.010 partitioning.coarsening.level[3].label_propagation.iteration[1].second_phase=0.001 partitioning.coarsening.level[3].label_propagation.iteration[2]=0.008 partitioning.coarsening.level[3].label_propagation.iteration[2].first_phase=0.007 partitioning.coarsening.level[3].label_propagation.iteration[2].second_phase=0.001 partitioning.coarsening.level[3].label_propagation.iteration[3]=0.007 partitioning.coarsening.level[3].label_propagation.iteration[3].first_phase=0.005 partitioning.coarsening.level[3].label_propagation.iteration[3].second_phase=0.001 partitioning.coarsening.level[3].label_propagation.iteration[4]=0.006 partitioning.coarsening.level[3].label_propagation.iteration[4].first_phase=0.004 partitioning.coarsening.level[3].label_propagation.iteration[4].second_phase=0.001 partitioning.coarsening.level[3].label_propagation.handle_isolated_nodes=0.000 partitioning.coarsening.level[3].label_propagation.handle_two-hop_nodes=0.000 partitioning.coarsening.level[3].contract_graph=0.038 partitioning.coarsening.level[3].contract_graph.allocation=0.000 partitioning.coarsening.level[3].contract_graph.preprocessing=0.015 partitioning.coarsening.level[3].contract_graph.deallocation=0.000 partitioning.coarsening.level[3].contract_graph.construct_coarse_graph=0.021 partitioning.coarsening.level[3].contract_graph.construct_coarse_graph.aggregate_coarse_edges=0.020 partitioning.coarsening.level[3].contract_graph.construct_coarse_graph.aggregate_coarse_edges.first_phase=0.020 partitioning.coarsening.level[3].contract_graph.construct_coarse_graph.aggregate_coarse_edges.second_phase=0.000 partitioning.coarsening.level[3].contract_graph.construct_coarse_graph.remap_coarse_edges_and_mapping=0.001 partitioning.coarsening.deallocation=0.002 partitioning.initial_partitioning_scheme=0.364 partitioning.uncoarsening=1.168 partitioning.uncoarsening.level[3]=0.054 partitioning.uncoarsening.level[3].allocation=0.000 partitioning.uncoarsening.level[3].project_partition=0.000 partitioning.uncoarsening.level[3].create_graph=0.000 partitioning.uncoarsening.level[3].refinement=0.052 partitioning.uncoarsening.level[3].refinement.greedy_balancer=0.000 partitioning.uncoarsening.level[3].refinement.label_propagation=0.052 partitioning.uncoarsening.level[3].refinement.label_propagation.allocation=0.008 partitioning.uncoarsening.level[3].refinement.label_propagation.iteration[0]=0.027 partitioning.uncoarsening.level[3].refinement.label_propagation.iteration[1]=0.009 partitioning.uncoarsening.level[3].refinement.label_propagation.iteration[2]=0.003 partitioning.uncoarsening.level[3].refinement.label_propagation.iteration[3]=0.002 partitioning.uncoarsening.level[3].refinement.label_propagation.iteration[4]=0.001 partitioning.uncoarsening.level[2]=0.118 partitioning.uncoarsening.level[2].allocation=0.003 partitioning.uncoarsening.level[2].project_partition=0.001 partitioning.uncoarsening.level[2].create_graph=0.000 partitioning.uncoarsening.level[2].refinement=0.112 partitioning.uncoarsening.level[2].refinement.greedy_balancer=0.000 partitioning.uncoarsening.level[2].refinement.label_propagation=0.112 partitioning.uncoarsening.level[2].refinement.label_propagation.iteration[0]=0.077 partitioning.uncoarsening.level[2].refinement.label_propagation.iteration[1]=0.020 partitioning.uncoarsening.level[2].refinement.label_propagation.iteration[2]=0.007 partitioning.uncoarsening.level[2].refinement.label_propagation.iteration[3]=0.003 partitioning.uncoarsening.level[2].refinement.label_propagation.iteration[4]=0.001 partitioning.uncoarsening.level[1]=0.307 partitioning.uncoarsening.level[1].allocation=0.005 partitioning.uncoarsening.level[1].project_partition=0.005 partitioning.uncoarsening.level[1].create_graph=0.002 partitioning.uncoarsening.level[1].refinement=0.291 partitioning.uncoarsening.level[1].refinement.greedy_balancer=0.000 partitioning.uncoarsening.level[1].refinement.label_propagation=0.291 partitioning.uncoarsening.level[1].refinement.label_propagation.iteration[0]=0.228 partitioning.uncoarsening.level[1].refinement.label_propagation.iteration[1]=0.037 partitioning.uncoarsening.level[1].refinement.label_propagation.iteration[2]=0.013 partitioning.uncoarsening.level[1].refinement.label_propagation.iteration[3]=0.006 partitioning.uncoarsening.level[1].refinement.label_propagation.iteration[4]=0.003 partitioning.uncoarsening.level[0]=0.687 partitioning.uncoarsening.level[0].allocation=0.010 partitioning.uncoarsening.level[0].project_partition=0.031 partitioning.uncoarsening.level[0].create_graph=0.008 partitioning.uncoarsening.level[0].refinement=0.628 partitioning.uncoarsening.level[0].refinement.greedy_balancer=0.000 partitioning.uncoarsening.level[0].refinement.label_propagation=0.628 partitioning.uncoarsening.level[0].refinement.label_propagation.iteration[0]=0.526 partitioning.uncoarsening.level[0].refinement.label_propagation.iteration[1]=0.053 partitioning.uncoarsening.level[0].refinement.label_propagation.iteration[2]=0.022 partitioning.uncoarsening.level[0].refinement.label_propagation.iteration[3]=0.011 partitioning.uncoarsening.level[0].refinement.label_propagation.iteration[4]=0.008 partitioning.deallocation=0.002 partitioning.re-integrate_isolated_nodes=0.026 io=0.011 
MEMORY disabled

Global Timer: ................................... 31.054 s    
|- Read input graph: ............................ 24.708 s    
|- Partitioning: ................................ 6.250 s     
|  |- Rearrange by degree-buckets: .............. 0.218 s     
|  |  |- Sort nodes by integer buckets: ......... 0.043 s     
|  |  |- Rearrange input graph: ................. 0.152 s     
|  |  `- Deallocation: .......................... 0.008 s     
|  |- Refinement: ............................... 0.000 s     
|  |  `- Allocation: ............................ 0.000 s     
|  |- Coarsening: ............................... 4.463 s     
|  |  |- Level (0): ............................. 3.048 s     
|  |  |  |- Label Propagation: .................. 1.882 s     
|  |  |  |  |- Allocation: ...................... 0.026 s     
|  |  |  |  |- Iteration (0): ................... 0.728 s     
|  |  |  |  |  `- First phase: .................. 0.710 s     
|  |  |  |  |- Iteration (1): ................... 0.490 s     
|  |  |  |  |  `- First phase: .................. 0.490 s     
|  |  |  |  |- Iteration (2): ................... 0.304 s     
|  |  |  |  |  `- First phase: .................. 0.304 s     
|  |  |  |  |- Iteration (3): ................... 0.184 s     
|  |  |  |  |  `- First phase: .................. 0.183 s     
|  |  |  |  |- Iteration (4): ................... 0.113 s     
|  |  |  |  |  `- First phase: .................. 0.113 s     
|  |  |  |  |- Handle isolated nodes: ........... 0.000 s     
|  |  |  |  |- Handle two-hop nodes: ............ 0.000 s     
|  |  |  |  `- Free: ............................ 0.014 s     
|  |  |  `- Contract graph: ..................... 1.161 s     
|  |  |     |- Allocation: ...................... 0.003 s  (3)
|  |  |     |- Preprocessing: ................... 0.471 s  (3)
|  |  |     |- Deallocation: .................... 0.003 s     
|  |  |     `- Construct coarse graph: .......... 0.676 s     
|  |  |        |- Aggregate coarse edges: ....... 0.570 s     
|  |  |        |  |- First phase: ............... 0.559 s     
|  |  |        |  `- Second phase: .............. 0.004 s     
|  |  |        `- Remap coarse edges and mapping: 0.086 s     
|  |  |- Level (1): ............................. 1.053 s     
|  |  |  |- Label Propagation: .................. 0.677 s     
|  |  |  |  |- Allocation: ...................... 0.011 s     
|  |  |  |  |- Iteration (0): ................... 0.271 s     
|  |  |  |  |  `- First phase: .................. 0.266 s     
|  |  |  |  |- Iteration (1): ................... 0.165 s     
|  |  |  |  |  `- First phase: .................. 0.165 s     
|  |  |  |  |- Iteration (2): ................... 0.108 s     
|  |  |  |  |  `- First phase: .................. 0.108 s     
|  |  |  |  |- Iteration (3): ................... 0.067 s     
|  |  |  |  |  `- First phase: .................. 0.067 s     
|  |  |  |  |- Iteration (4): ................... 0.043 s     
|  |  |  |  |  `- First phase: .................. 0.043 s     
|  |  |  |  |- Handle isolated nodes: ........... 0.000 s     
|  |  |  |  `- Handle two-hop nodes: ............ 0.000 s     
|  |  |  `- Contract graph: ..................... 0.375 s     
|  |  |     |- Allocation: ...................... 0.003 s  (3)
|  |  |     |- Preprocessing: ................... 0.130 s  (3)
|  |  |     |- Deallocation: .................... 0.000 s     
|  |  |     `- Construct coarse graph: .......... 0.238 s     
|  |  |        |- Aggregate coarse edges: ....... 0.223 s     
|  |  |        |  |- First phase: ............... 0.212 s     
|  |  |        |  `- Second phase: .............. 0.009 s     
|  |  |        `- Remap coarse edges and mapping: 0.011 s     
|  |  |- Level (2): ............................. 0.268 s     
|  |  |  |- Label Propagation: .................. 0.168 s     
|  |  |  |  |- Iteration (0): ................... 0.061 s     
|  |  |  |  |  |- First phase: .................. 0.056 s     
|  |  |  |  |  `- Second phase: ................. 0.003 s     
|  |  |  |  |- Iteration (1): ................... 0.040 s     
|  |  |  |  |  |- First phase: .................. 0.040 s     
|  |  |  |  |  `- Second phase: ................. 0.000 s     
|  |  |  |  |- Iteration (2): ................... 0.028 s     
|  |  |  |  |  |- First phase: .................. 0.028 s     
|  |  |  |  |  `- Second phase: ................. 0.000 s     
|  |  |  |  |- Iteration (3): ................... 0.020 s     
|  |  |  |  |  |- First phase: .................. 0.020 s     
|  |  |  |  |  `- Second phase: ................. 0.000 s     
|  |  |  |  |- Iteration (4): ................... 0.015 s     
|  |  |  |  |  |- First phase: .................. 0.014 s     
|  |  |  |  |  `- Second phase: ................. 0.000 s     
|  |  |  |  |- Handle isolated nodes: ........... 0.000 s     
|  |  |  |  `- Handle two-hop nodes: ............ 0.000 s     
|  |  |  `- Contract graph: ..................... 0.098 s     
|  |  |     |- Allocation: ...................... 0.002 s  (3)
|  |  |     |- Preprocessing: ................... 0.029 s  (3)
|  |  |     |- Deallocation: .................... 0.000 s     
|  |  |     `- Construct coarse graph: .......... 0.065 s     
|  |  |        |- Aggregate coarse edges: ....... 0.060 s     
|  |  |        |  |- First phase: ............... 0.053 s     
|  |  |        |  `- Second phase: .............. 0.006 s     
|  |  |        `- Remap coarse edges and mapping: 0.003 s     
|  |  |- Level (3): ............................. 0.091 s     
|  |  |  |- Label Propagation: .................. 0.051 s     
|  |  |  |  |- Iteration (0): ................... 0.017 s     
|  |  |  |  |  |- First phase: .................. 0.014 s     
|  |  |  |  |  `- Second phase: ................. 0.002 s     
|  |  |  |  |- Iteration (1): ................... 0.012 s     
|  |  |  |  |  |- First phase: .................. 0.010 s     
|  |  |  |  |  `- Second phase: ................. 0.001 s     
|  |  |  |  |- Iteration (2): ................... 0.008 s     
|  |  |  |  |  |- First phase: .................. 0.007 s     
|  |  |  |  |  `- Second phase: ................. 0.001 s     
|  |  |  |  |- Iteration (3): ................... 0.007 s     
|  |  |  |  |  |- First phase: .................. 0.005 s     
|  |  |  |  |  `- Second phase: ................. 0.001 s     
|  |  |  |  |- Iteration (4): ................... 0.006 s     
|  |  |  |  |  |- First phase: .................. 0.004 s     
|  |  |  |  |  `- Second phase: ................. 0.001 s     
|  |  |  |  |- Handle isolated nodes: ........... 0.000 s     
|  |  |  |  `- Handle two-hop nodes: ............ 0.000 s     
|  |  |  `- Contract graph: ..................... 0.038 s     
|  |  |     |- Allocation: ...................... 0.000 s  (3)
|  |  |     |- Preprocessing: ................... 0.015 s  (3)
|  |  |     |- Deallocation: .................... 0.000 s     
|  |  |     `- Construct coarse graph: .......... 0.021 s     
|  |  |        |- Aggregate coarse edges: ....... 0.020 s     
|  |  |        |  |- First phase: ............... 0.020 s     
|  |  |        |  `- Second phase: .............. 0.000 s     
|  |  |        `- Remap coarse edges and mapping: 0.001 s     
|  |  `- Deallocation: .......................... 0.002 s     
|  |- Initial partitioning scheme: .............. 0.364 s     
|  |- Uncoarsening: ............................. 1.168 s     
|  |  |- Level (3): ............................. 0.054 s     
|  |  |  |- Allocation: ......................... 0.000 s     
|  |  |  |- Project partition: .................. 0.000 s     
|  |  |  |- Create graph: ....................... 0.000 s     
|  |  |  `- Refinement: ......................... 0.052 s     
|  |  |     |- Greedy Balancer: ................. 0.000 s     
|  |  |     `- Label Propagation: ............... 0.052 s     
|  |  |        |- Allocation: ................... 0.008 s     
|  |  |        |- Iteration (0): ................ 0.027 s     
|  |  |        |- Iteration (1): ................ 0.009 s     
|  |  |        |- Iteration (2): ................ 0.003 s     
|  |  |        |- Iteration (3): ................ 0.002 s     
|  |  |        `- Iteration (4): ................ 0.001 s     
|  |  |- Level (2): ............................. 0.118 s     
|  |  |  |- Allocation: ......................... 0.003 s     
|  |  |  |- Project partition: .................. 0.001 s     
|  |  |  |- Create graph: ....................... 0.000 s     
|  |  |  `- Refinement: ......................... 0.112 s     
|  |  |     |- Greedy Balancer: ................. 0.000 s     
|  |  |     `- Label Propagation: ............... 0.112 s     
|  |  |        |- Iteration (0): ................ 0.077 s     
|  |  |        |- Iteration (1): ................ 0.020 s     
|  |  |        |- Iteration (2): ................ 0.007 s     
|  |  |        |- Iteration (3): ................ 0.003 s     
|  |  |        `- Iteration (4): ................ 0.001 s     
|  |  |- Level (1): ............................. 0.307 s     
|  |  |  |- Allocation: ......................... 0.005 s     
|  |  |  |- Project partition: .................. 0.005 s     
|  |  |  |- Create graph: ....................... 0.002 s     
|  |  |  `- Refinement: ......................... 0.291 s     
|  |  |     |- Greedy Balancer: ................. 0.000 s     
|  |  |     `- Label Propagation: ............... 0.291 s     
|  |  |        |- Iteration (0): ................ 0.228 s     
|  |  |        |- Iteration (1): ................ 0.037 s     
|  |  |        |- Iteration (2): ................ 0.013 s     
|  |  |        |- Iteration (3): ................ 0.006 s     
|  |  |        `- Iteration (4): ................ 0.003 s     
|  |  `- Level (0): ............................. 0.687 s     
|  |     |- Allocation: ......................... 0.010 s     
|  |     |- Project partition: .................. 0.031 s     
|  |     |- Create graph: ....................... 0.008 s     
|  |     `- Refinement: ......................... 0.628 s     
|  |        |- Greedy Balancer: ................. 0.000 s     
|  |        `- Label Propagation: ............... 0.628 s     
|  |           |- Iteration (0): ................ 0.526 s     
|  |           |- Iteration (1): ................ 0.053 s     
|  |           |- Iteration (2): ................ 0.022 s     
|  |           |- Iteration (3): ................ 0.011 s     
|  |           `- Iteration (4): ................ 0.008 s     
|  |- Deallocation: ............................. 0.002 s     
|  `- Re-integrate isolated nodes: .............. 0.026 s     
`- IO: .......................................... 0.011 s     

Partition summary:
  Number of blocks: 16
  Edge cut:         3111475
  Imbalance:        1.15194e-07
  Feasible:         yes

Block weights:
  w(0 ) = 8681006     w(1 ) = 8681004     w(2 ) = 8681007     w(3 ) = 8681006   
  w(4 ) = 8681005     w(5 ) = 8681005     w(6 ) = 8681006     w(7 ) = 8681002   
  w(8 ) = 8681005     w(9 ) = 8681006     w(10) = 8681005     w(11) = 8681004   
  w(12) = 8681005     w(13) = 8681005     w(14) = 8681005     w(15) = 8681006   

Maximum resident set size: 6416860 KiB
