################################################################################
#                _  __       __  __  _         ____                            #
#               | |/ / __ _ |  \/  |(_) _ __  |  _ \  __ _  _ __               #
#               | ' / / _` || |\/| || || '_ \ | |_) |/ _` || '__|              #
#               | . \| (_| || |  | || || | | ||  __/| (_| || |                 #
#               |_|\_\\__,_||_|  |_||_||_| |_||_|    \__,_||_|                 #
#                                                                              #
################################################################################
Current commit hash:          99c62314d27845b3825829ec1e3e97256490627d
Assertion level:              always+light
Statistics:                   disabled
Built on:                     liskov
Data type sizes:
  Nodes IDs: 4 bytes | Node weights: 4 bytes
  Edges IDs: 4 bytes | Edge weights: 4 bytes
############################################################## Input Summary ###
Execution mode:               64
Seed:                         1
Graph:                        kmer_U1a [node ordering: deg-buckets] [edge ordering: natural]
  Number of nodes:             64678340 (unweighted)
  Number of edges:            132787258 (unweighted)
Number of blocks:             16
Maximum block weight:         4163668 (4042397 + 3% / 3%)
---------------------------------------------------------- Graph Compression ---
Enabled:                      no
-------------------------------------------------------- Partitioning Scheme ---
Partitioning mode:            deep
  Deep initial part. mode:    async-parallel
  Deep initial part. load:    1
Subgraph memory:              Lazy
----------------------------------------------------------------- Coarsening ---
Contraction limit:            2000
Coarsening algorithm:         clustering
  Cluster weight limit:       epsilon-block-weight x 1
  Shrink factor:              1.79769e+308
  Max mem-free level:         1
  Clustering algorithm:       lp
    Number of iterations:     5
    High degree threshold:    4294967295
    Max degree:               4294967295
    Tie breaking strategy:    uniform
    Implementation:           two-phase
      Relabel:                no
    2-hop clustering:         match-threadwise, if |Vcoarse| > 0.500000 * |V|
    Isolated nodes:           match-during-two-hop
  Forced hierarchy levels:    <none> (leeway: U=10.000000, L=1.100000)
Contraction algorithm:        unbuffered
  Implementation:             two-phase
------------------------------------------------------- Initial Partitioning ---
Adaptive algorithm selection: yes
----------------------------------------------------------------- Refinement ---
Refinement algorithms:        [greedy-balancer -> lp]
Label propagation:
  Number of iterations:       5
  Tie breaking strategy:      uniform
  Implementation:             single-phase
############################################################## Preprocessing ###
Removed 0 isolated nodes
  Remaining nodes:             64678340
  Remaining total node weight: 64678340
############################################################### Partitioning ###
Input graph:
 Number of nodes: 64678340 | Number of edges: 132787258
 Maximum node weight: 1

Coarsening -> Level 1 [max cluster weight: 121271]:
 Total edge weight:   34667386
 Number of nodes:     15628258 | Number of edges: 34647762
 Maximum node weight: 122

Coarsening -> Level 2 [max cluster weight: 121271]:
 Total edge weight:   10232334
 Number of nodes:     3573859 | Number of edges: 9815654
 Maximum node weight: 1716

Coarsening -> Level 3 [max cluster weight: 121271]:
 Total edge weight:   3709380
 Number of nodes:     739561 | Number of edges: 3286602
 Maximum node weight: 24440

Coarsening -> Level 4 [max cluster weight: 121271]:
 Total edge weight:   1943892
 Number of nodes:     115556 | Number of edges: 1656872
 Maximum node weight: 121223

==> Coarsening terminated with less than 128000 nodes

Initial partitioning:
 Number of blocks: 16

Uncoarsening -> Level 3
 Number of nodes: 739561 | Number of edges: 3286602
  Running refinement on 16 blocks
   1. Greedy Balancer
   2. Label Propagation

Uncoarsening -> Level 2
 Number of nodes: 3573859 | Number of edges: 9815654
  Running refinement on 16 blocks
   1. Greedy Balancer
   2. Label Propagation

Uncoarsening -> Level 1
 Number of nodes: 15628258 | Number of edges: 34647762
  Running refinement on 16 blocks
   1. Greedy Balancer
   2. Label Propagation

Uncoarsening -> Level 0
 Number of nodes: 64678340 | Number of edges: 132787258
  Running refinement on 16 blocks
   1. Greedy Balancer
   2. Label Propagation
############################################################# Result Summary ###
RESULT cut=605907 imbalance=2.47378e-07 feasible=1 k=16
TIME read_input_graph=10.964 partitioning=2.838 partitioning.rearrange_by_degree-buckets=0.121 partitioning.rearrange_by_degree-buckets.sort_nodes_by_integer_buckets=0.028 partitioning.rearrange_by_degree-buckets.rearrange_input_graph=0.082 partitioning.rearrange_by_degree-buckets.deallocation=0.003 partitioning.refinement=0.000 partitioning.refinement.allocation=0.000 partitioning.coarsening=1.993 partitioning.coarsening.level[0]=1.352 partitioning.coarsening.level[0].label_propagation=0.840 partitioning.coarsening.level[0].label_propagation.allocation=0.015 partitioning.coarsening.level[0].label_propagation.iteration[0]=0.327 partitioning.coarsening.level[0].label_propagation.iteration[0].first_phase=0.317 partitioning.coarsening.level[0].label_propagation.iteration[1]=0.213 partitioning.coarsening.level[0].label_propagation.iteration[1].first_phase=0.213 partitioning.coarsening.level[0].label_propagation.iteration[2]=0.132 partitioning.coarsening.level[0].label_propagation.iteration[2].first_phase=0.132 partitioning.coarsening.level[0].label_propagation.iteration[3]=0.079 partitioning.coarsening.level[0].label_propagation.iteration[3].first_phase=0.079 partitioning.coarsening.level[0].label_propagation.iteration[4]=0.050 partitioning.coarsening.level[0].label_propagation.iteration[4].first_phase=0.049 partitioning.coarsening.level[0].label_propagation.handle_isolated_nodes=0.000 partitioning.coarsening.level[0].label_propagation.handle_two-hop_nodes=0.000 partitioning.coarsening.level[0].label_propagation.free=0.008 partitioning.coarsening.level[0].contract_graph=0.509 partitioning.coarsening.level[0].contract_graph.allocation=0.003 partitioning.coarsening.level[0].contract_graph.preprocessing=0.195 partitioning.coarsening.level[0].contract_graph.deallocation=0.001 partitioning.coarsening.level[0].contract_graph.construct_coarse_graph=0.305 partitioning.coarsening.level[0].contract_graph.construct_coarse_graph.aggregate_coarse_edges=0.267 partitioning.coarsening.level[0].contract_graph.construct_coarse_graph.aggregate_coarse_edges.first_phase=0.253 partitioning.coarsening.level[0].contract_graph.construct_coarse_graph.aggregate_coarse_edges.second_phase=0.006 partitioning.coarsening.level[0].contract_graph.construct_coarse_graph.remap_coarse_edges_and_mapping=0.030 partitioning.coarsening.level[1]=0.449 partitioning.coarsening.level[1].label_propagation=0.285 partitioning.coarsening.level[1].label_propagation.allocation=0.011 partitioning.coarsening.level[1].label_propagation.iteration[0]=0.119 partitioning.coarsening.level[1].label_propagation.iteration[0].first_phase=0.117 partitioning.coarsening.level[1].label_propagation.iteration[1]=0.068 partitioning.coarsening.level[1].label_propagation.iteration[1].first_phase=0.068 partitioning.coarsening.level[1].label_propagation.iteration[2]=0.041 partitioning.coarsening.level[1].label_propagation.iteration[2].first_phase=0.041 partitioning.coarsening.level[1].label_propagation.iteration[3]=0.025 partitioning.coarsening.level[1].label_propagation.iteration[3].first_phase=0.025 partitioning.coarsening.level[1].label_propagation.iteration[4]=0.016 partitioning.coarsening.level[1].label_propagation.iteration[4].first_phase=0.016 partitioning.coarsening.level[1].label_propagation.handle_isolated_nodes=0.000 partitioning.coarsening.level[1].label_propagation.handle_two-hop_nodes=0.000 partitioning.coarsening.level[1].contract_graph=0.164 partitioning.coarsening.level[1].contract_graph.allocation=0.002 partitioning.coarsening.level[1].contract_graph.preprocessing=0.051 partitioning.coarsening.level[1].contract_graph.deallocation=0.000 partitioning.coarsening.level[1].contract_graph.construct_coarse_graph=0.108 partitioning.coarsening.level[1].contract_graph.construct_coarse_graph.aggregate_coarse_edges=0.100 partitioning.coarsening.level[1].contract_graph.construct_coarse_graph.aggregate_coarse_edges.first_phase=0.092 partitioning.coarsening.level[1].contract_graph.construct_coarse_graph.aggregate_coarse_edges.second_phase=0.007 partitioning.coarsening.level[1].contract_graph.construct_coarse_graph.remap_coarse_edges_and_mapping=0.006 partitioning.coarsening.level[2]=0.123 partitioning.coarsening.level[2].label_propagation=0.072 partitioning.coarsening.level[2].label_propagation.iteration[0]=0.030 partitioning.coarsening.level[2].label_propagation.iteration[0].first_phase=0.028 partitioning.coarsening.level[2].label_propagation.iteration[1]=0.017 partitioning.coarsening.level[2].label_propagation.iteration[1].first_phase=0.017 partitioning.coarsening.level[2].label_propagation.iteration[2]=0.011 partitioning.coarsening.level[2].label_propagation.iteration[2].first_phase=0.010 partitioning.coarsening.level[2].label_propagation.iteration[3]=0.006 partitioning.coarsening.level[2].label_propagation.iteration[3].first_phase=0.006 partitioning.coarsening.level[2].label_propagation.iteration[4]=0.004 partitioning.coarsening.level[2].label_propagation.iteration[4].first_phase=0.004 partitioning.coarsening.level[2].label_propagation.handle_isolated_nodes=0.000 partitioning.coarsening.level[2].label_propagation.handle_two-hop_nodes=0.000 partitioning.coarsening.level[2].contract_graph=0.050 partitioning.coarsening.level[2].contract_graph.allocation=0.001 partitioning.coarsening.level[2].contract_graph.preprocessing=0.022 partitioning.coarsening.level[2].contract_graph.deallocation=0.000 partitioning.coarsening.level[2].contract_graph.construct_coarse_graph=0.025 partitioning.coarsening.level[2].contract_graph.construct_coarse_graph.aggregate_coarse_edges=0.022 partitioning.coarsening.level[2].contract_graph.construct_coarse_graph.aggregate_coarse_edges.first_phase=0.022 partitioning.coarsening.level[2].contract_graph.construct_coarse_graph.aggregate_coarse_edges.second_phase=0.000 partitioning.coarsening.level[2].contract_graph.construct_coarse_graph.remap_coarse_edges_and_mapping=0.001 partitioning.coarsening.level[3]=0.067 partitioning.coarsening.level[3].label_propagation=0.043 partitioning.coarsening.level[3].label_propagation.iteration[0]=0.018 partitioning.coarsening.level[3].label_propagation.iteration[0].first_phase=0.017 partitioning.coarsening.level[3].label_propagation.iteration[1]=0.011 partitioning.coarsening.level[3].label_propagation.iteration[1].first_phase=0.011 partitioning.coarsening.level[3].label_propagation.iteration[2]=0.006 partitioning.coarsening.level[3].label_propagation.iteration[2].first_phase=0.006 partitioning.coarsening.level[3].label_propagation.iteration[3]=0.003 partitioning.coarsening.level[3].label_propagation.iteration[3].first_phase=0.003 partitioning.coarsening.level[3].label_propagation.iteration[4]=0.002 partitioning.coarsening.level[3].label_propagation.iteration[4].first_phase=0.002 partitioning.coarsening.level[3].label_propagation.handle_isolated_nodes=0.000 partitioning.coarsening.level[3].label_propagation.handle_two-hop_nodes=0.000 partitioning.coarsening.level[3].contract_graph=0.023 partitioning.coarsening.level[3].contract_graph.allocation=0.000 partitioning.coarsening.level[3].contract_graph.preprocessing=0.009 partitioning.coarsening.level[3].contract_graph.deallocation=0.000 partitioning.coarsening.level[3].contract_graph.construct_coarse_graph=0.012 partitioning.coarsening.level[3].contract_graph.construct_coarse_graph.aggregate_coarse_edges=0.011 partitioning.coarsening.level[3].contract_graph.construct_coarse_graph.aggregate_coarse_edges.first_phase=0.011 partitioning.coarsening.level[3].contract_graph.construct_coarse_graph.aggregate_coarse_edges.second_phase=0.000 partitioning.coarsening.level[3].contract_graph.construct_coarse_graph.remap_coarse_edges_and_mapping=0.000 partitioning.coarsening.deallocation=0.000 partitioning.initial_partitioning_scheme=0.265 partitioning.uncoarsening=0.434 partitioning.uncoarsening.level[3]=0.029 partitioning.uncoarsening.level[3].allocation=0.000 partitioning.uncoarsening.level[3].project_partition=0.000 partitioning.uncoarsening.level[3].create_graph=0.000 partitioning.uncoarsening.level[3].refinement=0.028 partitioning.uncoarsening.level[3].refinement.greedy_balancer=0.004 partitioning.uncoarsening.level[3].refinement.greedy_balancer.allocation=0.000 partitioning.uncoarsening.level[3].refinement.greedy_balancer.initialize_balancer_pq=0.003 partitioning.uncoarsening.level[3].refinement.greedy_balancer.initialize_balancer_pq.thread-local=0.001 partitioning.uncoarsening.level[3].refinement.greedy_balancer.initialize_balancer_pq.merge_thread-local_pqs=0.002 partitioning.uncoarsening.level[3].refinement.greedy_balancer.main_loop=0.000 partitioning.uncoarsening.level[3].refinement.label_propagation=0.023 partitioning.uncoarsening.level[3].refinement.label_propagation.allocation=0.006 partitioning.uncoarsening.level[3].refinement.label_propagation.iteration[0]=0.011 partitioning.uncoarsening.level[3].refinement.label_propagation.iteration[1]=0.002 partitioning.uncoarsening.level[3].refinement.label_propagation.iteration[2]=0.001 partitioning.uncoarsening.level[3].refinement.label_propagation.iteration[3]=0.000 partitioning.uncoarsening.level[3].refinement.label_propagation.iteration[4]=0.000 partitioning.uncoarsening.level[2]=0.041 partitioning.uncoarsening.level[2].allocation=0.003 partitioning.uncoarsening.level[2].project_partition=0.000 partitioning.uncoarsening.level[2].create_graph=0.000 partitioning.uncoarsening.level[2].refinement=0.035 partitioning.uncoarsening.level[2].refinement.greedy_balancer=0.000 partitioning.uncoarsening.level[2].refinement.label_propagation=0.035 partitioning.uncoarsening.level[2].refinement.label_propagation.iteration[0]=0.026 partitioning.uncoarsening.level[2].refinement.label_propagation.iteration[1]=0.004 partitioning.uncoarsening.level[2].refinement.label_propagation.iteration[2]=0.001 partitioning.uncoarsening.level[2].refinement.label_propagation.iteration[3]=0.001 partitioning.uncoarsening.level[2].refinement.label_propagation.iteration[4]=0.000 partitioning.uncoarsening.level[1]=0.103 partitioning.uncoarsening.level[1].allocation=0.003 partitioning.uncoarsening.level[1].project_partition=0.002 partitioning.uncoarsening.level[1].create_graph=0.001 partitioning.uncoarsening.level[1].refinement=0.095 partitioning.uncoarsening.level[1].refinement.greedy_balancer=0.000 partitioning.uncoarsening.level[1].refinement.label_propagation=0.095 partitioning.uncoarsening.level[1].refinement.label_propagation.iteration[0]=0.076 partitioning.uncoarsening.level[1].refinement.label_propagation.iteration[1]=0.009 partitioning.uncoarsening.level[1].refinement.label_propagation.iteration[2]=0.004 partitioning.uncoarsening.level[1].refinement.label_propagation.iteration[3]=0.002 partitioning.uncoarsening.level[1].refinement.label_propagation.iteration[4]=0.001 partitioning.uncoarsening.level[0]=0.260 partitioning.uncoarsening.level[0].allocation=0.005 partitioning.uncoarsening.level[0].project_partition=0.012 partitioning.uncoarsening.level[0].create_graph=0.004 partitioning.uncoarsening.level[0].refinement=0.235 partitioning.uncoarsening.level[0].refinement.greedy_balancer=0.000 partitioning.uncoarsening.level[0].refinement.label_propagation=0.235 partitioning.uncoarsening.level[0].refinement.label_propagation.iteration[0]=0.201 partitioning.uncoarsening.level[0].refinement.label_propagation.iteration[1]=0.014 partitioning.uncoarsening.level[0].refinement.label_propagation.iteration[2]=0.007 partitioning.uncoarsening.level[0].refinement.label_propagation.iteration[3]=0.004 partitioning.uncoarsening.level[0].refinement.label_propagation.iteration[4]=0.003 partitioning.deallocation=0.002 partitioning.re-integrate_isolated_nodes=0.017 io=0.005 
MEMORY disabled

Global Timer: ................................... 13.850 s    
|- Read input graph: ............................ 10.964 s    
|- Partitioning: ................................ 2.838 s     
|  |- Rearrange by degree-buckets: .............. 0.121 s     
|  |  |- Sort nodes by integer buckets: ......... 0.028 s     
|  |  |- Rearrange input graph: ................. 0.082 s     
|  |  `- Deallocation: .......................... 0.003 s     
|  |- Refinement: ............................... 0.000 s     
|  |  `- Allocation: ............................ 0.000 s     
|  |- Coarsening: ............................... 1.993 s     
|  |  |- Level (0): ............................. 1.352 s     
|  |  |  |- Label Propagation: .................. 0.840 s     
|  |  |  |  |- Allocation: ...................... 0.015 s     
|  |  |  |  |- Iteration (0): ................... 0.327 s     
|  |  |  |  |  `- First phase: .................. 0.317 s     
|  |  |  |  |- Iteration (1): ................... 0.213 s     
|  |  |  |  |  `- First phase: .................. 0.213 s     
|  |  |  |  |- Iteration (2): ................... 0.132 s     
|  |  |  |  |  `- First phase: .................. 0.132 s     
|  |  |  |  |- Iteration (3): ................... 0.079 s     
|  |  |  |  |  `- First phase: .................. 0.079 s     
|  |  |  |  |- Iteration (4): ................... 0.050 s     
|  |  |  |  |  `- First phase: .................. 0.049 s     
|  |  |  |  |- Handle isolated nodes: ........... 0.000 s     
|  |  |  |  |- Handle two-hop nodes: ............ 0.000 s     
|  |  |  |  `- Free: ............................ 0.008 s     
|  |  |  `- Contract graph: ..................... 0.509 s     
|  |  |     |- Allocation: ...................... 0.003 s  (3)
|  |  |     |- Preprocessing: ................... 0.195 s  (3)
|  |  |     |- Deallocation: .................... 0.001 s     
|  |  |     `- Construct coarse graph: .......... 0.305 s     
|  |  |        |- Aggregate coarse edges: ....... 0.267 s     
|  |  |        |  |- First phase: ............... 0.253 s     
|  |  |        |  `- Second phase: .............. 0.006 s     
|  |  |        `- Remap coarse edges and mapping: 0.030 s     
|  |  |- Level (1): ............................. 0.449 s     
|  |  |  |- Label Propagation: .................. 0.285 s     
|  |  |  |  |- Allocation: ...................... 0.011 s     
|  |  |  |  |- Iteration (0): ................... 0.119 s     
|  |  |  |  |  `- First phase: .................. 0.117 s     
|  |  |  |  |- Iteration (1): ................... 0.068 s     
|  |  |  |  |  `- First phase: .................. 0.068 s     
|  |  |  |  |- Iteration (2): ................... 0.041 s     
|  |  |  |  |  `- First phase: .................. 0.041 s     
|  |  |  |  |- Iteration (3): ................... 0.025 s     
|  |  |  |  |  `- First phase: .................. 0.025 s     
|  |  |  |  |- Iteration (4): ................... 0.016 s     
|  |  |  |  |  `- First phase: .................. 0.016 s     
|  |  |  |  |- Handle isolated nodes: ........... 0.000 s     
|  |  |  |  `- Handle two-hop nodes: ............ 0.000 s     
|  |  |  `- Contract graph: ..................... 0.164 s     
|  |  |     |- Allocation: ...................... 0.002 s  (3)
|  |  |     |- Preprocessing: ................... 0.051 s  (3)
|  |  |     |- Deallocation: .................... 0.000 s     
|  |  |     `- Construct coarse graph: .......... 0.108 s     
|  |  |        |- Aggregate coarse edges: ....... 0.100 s     
|  |  |        |  |- First phase: ............... 0.092 s     
|  |  |        |  `- Second phase: .............. 0.007 s     
|  |  |        `- Remap coarse edges and mapping: 0.006 s     
|  |  |- Level (2): ............................. 0.123 s     
|  |  |  |- Label Propagation: .................. 0.072 s     
|  |  |  |  |- Iteration (0): ................... 0.030 s     
|  |  |  |  |  `- First phase: .................. 0.028 s     
|  |  |  |  |- Iteration (1): ................... 0.017 s     
|  |  |  |  |  `- First phase: .................. 0.017 s     
|  |  |  |  |- Iteration (2): ................... 0.011 s     
|  |  |  |  |  `- First phase: .................. 0.010 s     
|  |  |  |  |- Iteration (3): ................... 0.006 s     
|  |  |  |  |  `- First phase: .................. 0.006 s     
|  |  |  |  |- Iteration (4): ................... 0.004 s     
|  |  |  |  |  `- First phase: .................. 0.004 s     
|  |  |  |  |- Handle isolated nodes: ........... 0.000 s     
|  |  |  |  `- Handle two-hop nodes: ............ 0.000 s     
|  |  |  `- Contract graph: ..................... 0.050 s     
|  |  |     |- Allocation: ...................... 0.001 s  (3)
|  |  |     |- Preprocessing: ................... 0.022 s  (3)
|  |  |     |- Deallocation: .................... 0.000 s     
|  |  |     `- Construct coarse graph: .......... 0.025 s     
|  |  |        |- Aggregate coarse edges: ....... 0.022 s     
|  |  |        |  |- First phase: ............... 0.022 s     
|  |  |        |  `- Second phase: .............. 0.000 s     
|  |  |        `- Remap coarse edges and mapping: 0.001 s     
|  |  |- Level (3): ............................. 0.067 s     
|  |  |  |- Label Propagation: .................. 0.043 s     
|  |  |  |  |- Iteration (0): ................... 0.018 s     
|  |  |  |  |  `- First phase: .................. 0.017 s     
|  |  |  |  |- Iteration (1): ................... 0.011 s     
|  |  |  |  |  `- First phase: .................. 0.011 s     
|  |  |  |  |- Iteration (2): ................... 0.006 s     
|  |  |  |  |  `- First phase: .................. 0.006 s     
|  |  |  |  |- Iteration (3): ................... 0.003 s     
|  |  |  |  |  `- First phase: .................. 0.003 s     
|  |  |  |  |- Iteration (4): ................... 0.002 s     
|  |  |  |  |  `- First phase: .................. 0.002 s     
|  |  |  |  |- Handle isolated nodes: ........... 0.000 s     
|  |  |  |  `- Handle two-hop nodes: ............ 0.000 s     
|  |  |  `- Contract graph: ..................... 0.023 s     
|  |  |     |- Allocation: ...................... 0.000 s  (3)
|  |  |     |- Preprocessing: ................... 0.009 s  (3)
|  |  |     |- Deallocation: .................... 0.000 s     
|  |  |     `- Construct coarse graph: .......... 0.012 s     
|  |  |        |- Aggregate coarse edges: ....... 0.011 s     
|  |  |        |  |- First phase: ............... 0.011 s     
|  |  |        |  `- Second phase: .............. 0.000 s     
|  |  |        `- Remap coarse edges and mapping: 0.000 s     
|  |  `- Deallocation: .......................... 0.000 s     
|  |- Initial partitioning scheme: .............. 0.265 s     
|  |- Uncoarsening: ............................. 0.434 s     
|  |  |- Level (3): ............................. 0.029 s     
|  |  |  |- Allocation: ......................... 0.000 s     
|  |  |  |- Project partition: .................. 0.000 s     
|  |  |  |- Create graph: ....................... 0.000 s     
|  |  |  `- Refinement: ......................... 0.028 s     
|  |  |     |- Greedy Balancer: ................. 0.004 s     
|  |  |     |  |- Allocation: ................... 0.000 s     
|  |  |     |  |- Initialize balancer PQ: ....... 0.003 s     
|  |  |     |  |  |- Thread-local: .............. 0.001 s     
|  |  |     |  |  `- Merge thread-local PQs: .... 0.002 s     
|  |  |     |  `- Main loop: .................... 0.000 s     
|  |  |     `- Label Propagation: ............... 0.023 s     
|  |  |        |- Allocation: ................... 0.006 s     
|  |  |        |- Iteration (0): ................ 0.011 s     
|  |  |        |- Iteration (1): ................ 0.002 s     
|  |  |        |- Iteration (2): ................ 0.001 s     
|  |  |        |- Iteration (3): ................ 0.000 s     
|  |  |        `- Iteration (4): ................ 0.000 s     
|  |  |- Level (2): ............................. 0.041 s     
|  |  |  |- Allocation: ......................... 0.003 s     
|  |  |  |- Project partition: .................. 0.000 s     
|  |  |  |- Create graph: ....................... 0.000 s     
|  |  |  `- Refinement: ......................... 0.035 s     
|  |  |     |- Greedy Balancer: ................. 0.000 s     
|  |  |     `- Label Propagation: ............... 0.035 s     
|  |  |        |- Iteration (0): ................ 0.026 s     
|  |  |        |- Iteration (1): ................ 0.004 s     
|  |  |        |- Iteration (2): ................ 0.001 s     
|  |  |        |- Iteration (3): ................ 0.001 s     
|  |  |        `- Iteration (4): ................ 0.000 s     
|  |  |- Level (1): ............................. 0.103 s     
|  |  |  |- Allocation: ......................... 0.003 s     
|  |  |  |- Project partition: .................. 0.002 s     
|  |  |  |- Create graph: ....................... 0.001 s     
|  |  |  `- Refinement: ......................... 0.095 s     
|  |  |     |- Greedy Balancer: ................. 0.000 s     
|  |  |     `- Label Propagation: ............... 0.095 s     
|  |  |        |- Iteration (0): ................ 0.076 s     
|  |  |        |- Iteration (1): ................ 0.009 s     
|  |  |        |- Iteration (2): ................ 0.004 s     
|  |  |        |- Iteration (3): ................ 0.002 s     
|  |  |        `- Iteration (4): ................ 0.001 s     
|  |  `- Level (0): ............................. 0.260 s     
|  |     |- Allocation: ......................... 0.005 s     
|  |     |- Project partition: .................. 0.012 s     
|  |     |- Create graph: ....................... 0.004 s     
|  |     `- Refinement: ......................... 0.235 s     
|  |        |- Greedy Balancer: ................. 0.000 s     
|  |        `- Label Propagation: ............... 0.235 s     
|  |           |- Iteration (0): ................ 0.201 s     
|  |           |- Iteration (1): ................ 0.014 s     
|  |           |- Iteration (2): ................ 0.007 s     
|  |           |- Iteration (3): ................ 0.004 s     
|  |           `- Iteration (4): ................ 0.003 s     
|  |- Deallocation: ............................. 0.002 s     
|  `- Re-integrate isolated nodes: .............. 0.017 s     
`- IO: .......................................... 0.005 s     

Partition summary:
  Number of blocks: 16
  Edge cut:         605907
  Imbalance:        2.47378e-07
  Feasible:         yes

Block weights:
  w(0 ) = 4042396    w(1 ) = 4042397    w(2 ) = 4042396    w(3 ) = 4042397  
  w(4 ) = 4042396    w(5 ) = 4042397    w(6 ) = 4042396    w(7 ) = 4042396  
  w(8 ) = 4042397    w(9 ) = 4042395    w(10) = 4042396    w(11) = 4042396  
  w(12) = 4042398    w(13) = 4042397    w(14) = 4042395    w(15) = 4042395  

Maximum resident set size: 3346228 KiB
