################################################################################
#                _  __       __  __  _         ____                            #
#               | |/ / __ _ |  \/  |(_) _ __  |  _ \  __ _  _ __               #
#               | ' / / _` || |\/| || || '_ \ | |_) |/ _` || '__|              #
#               | . \| (_| || |  | || || | | ||  __/| (_| || |                 #
#               |_|\_\\__,_||_|  |_||_||_| |_||_|    \__,_||_|                 #
#                                                                              #
################################################################################
Current commit hash:          99c62314d27845b3825829ec1e3e97256490627d
Assertion level:              always+light
Statistics:                   disabled
Built on:                     liskov
Data type sizes:
  Nodes IDs: 4 bytes | Node weights: 4 bytes
  Edges IDs: 4 bytes | Edge weights: 4 bytes
############################################################## Input Summary ###
Execution mode:               64
Seed:                         1
Graph:                        kmer_V1r [node ordering: deg-buckets] [edge ordering: natural]
  Number of nodes:            214004392 (unweighted)
  Number of edges:            465409664 (unweighted)
Number of blocks:             16
Maximum block weight:         13776533 (13375275 + 3% / 3%)
---------------------------------------------------------- Graph Compression ---
Enabled:                      no
-------------------------------------------------------- Partitioning Scheme ---
Partitioning mode:            deep
  Deep initial part. mode:    async-parallel
  Deep initial part. load:    1
Subgraph memory:              Lazy
----------------------------------------------------------------- Coarsening ---
Contraction limit:            2000
Coarsening algorithm:         clustering
  Cluster weight limit:       epsilon-block-weight x 1
  Shrink factor:              1.79769e+308
  Max mem-free level:         1
  Clustering algorithm:       lp
    Number of iterations:     5
    High degree threshold:    4294967295
    Max degree:               4294967295
    Tie breaking strategy:    uniform
    Implementation:           two-phase
      Relabel:                no
    2-hop clustering:         match-threadwise, if |Vcoarse| > 0.500000 * |V|
    Isolated nodes:           match-during-two-hop
  Forced hierarchy levels:    <none> (leeway: U=10.000000, L=1.100000)
Contraction algorithm:        unbuffered
  Implementation:             two-phase
------------------------------------------------------- Initial Partitioning ---
Adaptive algorithm selection: yes
----------------------------------------------------------------- Refinement ---
Refinement algorithms:        [greedy-balancer -> lp]
Label propagation:
  Number of iterations:       5
  Tie breaking strategy:      uniform
  Implementation:             single-phase
############################################################## Preprocessing ###
Removed 0 isolated nodes
  Remaining nodes:             214004392
  Remaining total node weight: 214004392
############################################################### Partitioning ###
Input graph:
 Number of nodes: 214004392 | Number of edges: 465409664
 Maximum node weight: 1

Coarsening -> Level 1 [max cluster weight: 401258]:
 Total edge weight:   135420290
 Number of nodes:     49431114 | Number of edges: 134654194
 Maximum node weight: 68

Coarsening -> Level 2 [max cluster weight: 401258]:
 Total edge weight:   54265740
 Number of nodes:     9836290 | Number of edges: 52769006
 Maximum node weight: 3542

Coarsening -> Level 3 [max cluster weight: 401258]:
 Total edge weight:   33867820
 Number of nodes:     1345579 | Number of edges: 29881798
 Maximum node weight: 209738

Coarsening -> Level 4 [max cluster weight: 401258]:
 Total edge weight:   26598900
 Number of nodes:     79877 | Number of edges: 14217372
 Maximum node weight: 401255

==> Coarsening terminated with less than 128000 nodes

Initial partitioning:
 Number of blocks: 16

Uncoarsening -> Level 3
 Number of nodes: 1345579 | Number of edges: 29881798
  Running refinement on 16 blocks
   1. Greedy Balancer
   2. Label Propagation

Uncoarsening -> Level 2
 Number of nodes: 9836290 | Number of edges: 52769006
  Running refinement on 16 blocks
   1. Greedy Balancer
   2. Label Propagation

Uncoarsening -> Level 1
 Number of nodes: 49431114 | Number of edges: 134654194
  Running refinement on 16 blocks
   1. Greedy Balancer
   2. Label Propagation

Uncoarsening -> Level 0
 Number of nodes: 214004392 | Number of edges: 465409664
  Running refinement on 16 blocks
   1. Greedy Balancer
   2. Label Propagation
############################################################# Result Summary ###
RESULT cut=9602818 imbalance=7.47648e-08 feasible=1 k=16
TIME read_input_graph=41.386 partitioning=9.772 partitioning.rearrange_by_degree-buckets=0.270 partitioning.rearrange_by_degree-buckets.sort_nodes_by_integer_buckets=0.074 partitioning.rearrange_by_degree-buckets.rearrange_input_graph=0.163 partitioning.rearrange_by_degree-buckets.deallocation=0.012 partitioning.refinement=0.000 partitioning.refinement.allocation=0.000 partitioning.coarsening=6.391 partitioning.coarsening.level[0]=4.024 partitioning.coarsening.level[0].label_propagation=2.252 partitioning.coarsening.level[0].label_propagation.allocation=0.034 partitioning.coarsening.level[0].label_propagation.iteration[0]=0.740 partitioning.coarsening.level[0].label_propagation.iteration[0].first_phase=0.715 partitioning.coarsening.level[0].label_propagation.iteration[1]=0.588 partitioning.coarsening.level[0].label_propagation.iteration[1].first_phase=0.587 partitioning.coarsening.level[0].label_propagation.iteration[2]=0.407 partitioning.coarsening.level[0].label_propagation.iteration[2].first_phase=0.406 partitioning.coarsening.level[0].label_propagation.iteration[3]=0.261 partitioning.coarsening.level[0].label_propagation.iteration[3].first_phase=0.261 partitioning.coarsening.level[0].label_propagation.iteration[4]=0.170 partitioning.coarsening.level[0].label_propagation.iteration[4].first_phase=0.170 partitioning.coarsening.level[0].label_propagation.handle_isolated_nodes=0.000 partitioning.coarsening.level[0].label_propagation.handle_two-hop_nodes=0.000 partitioning.coarsening.level[0].label_propagation.free=0.015 partitioning.coarsening.level[0].contract_graph=1.767 partitioning.coarsening.level[0].contract_graph.allocation=0.003 partitioning.coarsening.level[0].contract_graph.preprocessing=0.700 partitioning.coarsening.level[0].contract_graph.deallocation=0.004 partitioning.coarsening.level[0].contract_graph.construct_coarse_graph=1.047 partitioning.coarsening.level[0].contract_graph.construct_coarse_graph.aggregate_coarse_edges=0.881 partitioning.coarsening.level[0].contract_graph.construct_coarse_graph.aggregate_coarse_edges.first_phase=0.869 partitioning.coarsening.level[0].contract_graph.construct_coarse_graph.aggregate_coarse_edges.second_phase=0.006 partitioning.coarsening.level[0].contract_graph.construct_coarse_graph.remap_coarse_edges_and_mapping=0.136 partitioning.coarsening.level[1]=1.615 partitioning.coarsening.level[1].label_propagation=1.064 partitioning.coarsening.level[1].label_propagation.allocation=0.015 partitioning.coarsening.level[1].label_propagation.iteration[0]=0.408 partitioning.coarsening.level[1].label_propagation.iteration[0].first_phase=0.402 partitioning.coarsening.level[1].label_propagation.iteration[1]=0.262 partitioning.coarsening.level[1].label_propagation.iteration[1].first_phase=0.262 partitioning.coarsening.level[1].label_propagation.iteration[2]=0.173 partitioning.coarsening.level[1].label_propagation.iteration[2].first_phase=0.173 partitioning.coarsening.level[1].label_propagation.iteration[3]=0.114 partitioning.coarsening.level[1].label_propagation.iteration[3].first_phase=0.114 partitioning.coarsening.level[1].label_propagation.iteration[4]=0.077 partitioning.coarsening.level[1].label_propagation.iteration[4].first_phase=0.077 partitioning.coarsening.level[1].label_propagation.handle_isolated_nodes=0.000 partitioning.coarsening.level[1].label_propagation.handle_two-hop_nodes=0.000 partitioning.coarsening.level[1].contract_graph=0.549 partitioning.coarsening.level[1].contract_graph.allocation=0.003 partitioning.coarsening.level[1].contract_graph.preprocessing=0.202 partitioning.coarsening.level[1].contract_graph.deallocation=0.000 partitioning.coarsening.level[1].contract_graph.construct_coarse_graph=0.339 partitioning.coarsening.level[1].contract_graph.construct_coarse_graph.aggregate_coarse_edges=0.314 partitioning.coarsening.level[1].contract_graph.construct_coarse_graph.aggregate_coarse_edges.first_phase=0.309 partitioning.coarsening.level[1].contract_graph.construct_coarse_graph.aggregate_coarse_edges.second_phase=0.004 partitioning.coarsening.level[1].contract_graph.construct_coarse_graph.remap_coarse_edges_and_mapping=0.020 partitioning.coarsening.level[2]=0.572 partitioning.coarsening.level[2].label_propagation=0.355 partitioning.coarsening.level[2].label_propagation.iteration[0]=0.121 partitioning.coarsening.level[2].label_propagation.iteration[0].first_phase=0.118 partitioning.coarsening.level[2].label_propagation.iteration[1]=0.078 partitioning.coarsening.level[2].label_propagation.iteration[1].first_phase=0.078 partitioning.coarsening.level[2].label_propagation.iteration[2]=0.059 partitioning.coarsening.level[2].label_propagation.iteration[2].first_phase=0.059 partitioning.coarsening.level[2].label_propagation.iteration[3]=0.048 partitioning.coarsening.level[2].label_propagation.iteration[3].first_phase=0.048 partitioning.coarsening.level[2].label_propagation.iteration[4]=0.039 partitioning.coarsening.level[2].label_propagation.iteration[4].first_phase=0.039 partitioning.coarsening.level[2].label_propagation.handle_isolated_nodes=0.000 partitioning.coarsening.level[2].label_propagation.handle_two-hop_nodes=0.000 partitioning.coarsening.level[2].contract_graph=0.215 partitioning.coarsening.level[2].contract_graph.allocation=0.001 partitioning.coarsening.level[2].contract_graph.preprocessing=0.090 partitioning.coarsening.level[2].contract_graph.deallocation=0.000 partitioning.coarsening.level[2].contract_graph.construct_coarse_graph=0.121 partitioning.coarsening.level[2].contract_graph.construct_coarse_graph.aggregate_coarse_edges=0.112 partitioning.coarsening.level[2].contract_graph.construct_coarse_graph.aggregate_coarse_edges.first_phase=0.100 partitioning.coarsening.level[2].contract_graph.construct_coarse_graph.aggregate_coarse_edges.second_phase=0.012 partitioning.coarsening.level[2].contract_graph.construct_coarse_graph.remap_coarse_edges_and_mapping=0.007 partitioning.coarsening.level[3]=0.174 partitioning.coarsening.level[3].label_propagation=0.107 partitioning.coarsening.level[3].label_propagation.iteration[0]=0.034 partitioning.coarsening.level[3].label_propagation.iteration[0].first_phase=0.027 partitioning.coarsening.level[3].label_propagation.iteration[0].second_phase=0.005 partitioning.coarsening.level[3].label_propagation.iteration[1]=0.022 partitioning.coarsening.level[3].label_propagation.iteration[1].first_phase=0.021 partitioning.coarsening.level[3].label_propagation.iteration[1].second_phase=0.000 partitioning.coarsening.level[3].label_propagation.iteration[2]=0.018 partitioning.coarsening.level[3].label_propagation.iteration[2].first_phase=0.017 partitioning.coarsening.level[3].label_propagation.iteration[2].second_phase=0.000 partitioning.coarsening.level[3].label_propagation.iteration[3]=0.016 partitioning.coarsening.level[3].label_propagation.iteration[3].first_phase=0.016 partitioning.coarsening.level[3].label_propagation.iteration[3].second_phase=0.000 partitioning.coarsening.level[3].label_propagation.iteration[4]=0.015 partitioning.coarsening.level[3].label_propagation.iteration[4].first_phase=0.014 partitioning.coarsening.level[3].label_propagation.iteration[4].second_phase=0.000 partitioning.coarsening.level[3].label_propagation.handle_isolated_nodes=0.000 partitioning.coarsening.level[3].label_propagation.handle_two-hop_nodes=0.000 partitioning.coarsening.level[3].contract_graph=0.067 partitioning.coarsening.level[3].contract_graph.allocation=0.000 partitioning.coarsening.level[3].contract_graph.preprocessing=0.023 partitioning.coarsening.level[3].contract_graph.deallocation=0.000 partitioning.coarsening.level[3].contract_graph.construct_coarse_graph=0.042 partitioning.coarsening.level[3].contract_graph.construct_coarse_graph.aggregate_coarse_edges=0.039 partitioning.coarsening.level[3].contract_graph.construct_coarse_graph.aggregate_coarse_edges.first_phase=0.039 partitioning.coarsening.level[3].contract_graph.construct_coarse_graph.aggregate_coarse_edges.second_phase=0.000 partitioning.coarsening.level[3].contract_graph.construct_coarse_graph.remap_coarse_edges_and_mapping=0.002 partitioning.coarsening.deallocation=0.003 partitioning.initial_partitioning_scheme=0.627 partitioning.uncoarsening=2.430 partitioning.uncoarsening.level[3]=0.192 partitioning.uncoarsening.level[3].allocation=0.005 partitioning.uncoarsening.level[3].project_partition=0.000 partitioning.uncoarsening.level[3].create_graph=0.000 partitioning.uncoarsening.level[3].refinement=0.185 partitioning.uncoarsening.level[3].refinement.greedy_balancer=0.066 partitioning.uncoarsening.level[3].refinement.greedy_balancer.allocation=0.000 partitioning.uncoarsening.level[3].refinement.greedy_balancer.initialize_balancer_pq=0.048 partitioning.uncoarsening.level[3].refinement.greedy_balancer.initialize_balancer_pq.thread-local=0.007 partitioning.uncoarsening.level[3].refinement.greedy_balancer.initialize_balancer_pq.merge_thread-local_pqs=0.041 partitioning.uncoarsening.level[3].refinement.greedy_balancer.main_loop=0.017 partitioning.uncoarsening.level[3].refinement.label_propagation=0.119 partitioning.uncoarsening.level[3].refinement.label_propagation.allocation=0.009 partitioning.uncoarsening.level[3].refinement.label_propagation.iteration[0]=0.056 partitioning.uncoarsening.level[3].refinement.label_propagation.iteration[1]=0.026 partitioning.uncoarsening.level[3].refinement.label_propagation.iteration[2]=0.013 partitioning.uncoarsening.level[3].refinement.label_propagation.iteration[3]=0.007 partitioning.uncoarsening.level[3].refinement.label_propagation.iteration[4]=0.004 partitioning.uncoarsening.level[2]=0.309 partitioning.uncoarsening.level[2].allocation=0.005 partitioning.uncoarsening.level[2].project_partition=0.001 partitioning.uncoarsening.level[2].create_graph=0.001 partitioning.uncoarsening.level[2].refinement=0.300 partitioning.uncoarsening.level[2].refinement.greedy_balancer=0.000 partitioning.uncoarsening.level[2].refinement.label_propagation=0.300 partitioning.uncoarsening.level[2].refinement.label_propagation.iteration[0]=0.179 partitioning.uncoarsening.level[2].refinement.label_propagation.iteration[1]=0.067 partitioning.uncoarsening.level[2].refinement.label_propagation.iteration[2]=0.030 partitioning.uncoarsening.level[2].refinement.label_propagation.iteration[3]=0.014 partitioning.uncoarsening.level[2].refinement.label_propagation.iteration[4]=0.007 partitioning.uncoarsening.level[1]=0.617 partitioning.uncoarsening.level[1].allocation=0.005 partitioning.uncoarsening.level[1].project_partition=0.009 partitioning.uncoarsening.level[1].create_graph=0.003 partitioning.uncoarsening.level[1].refinement=0.595 partitioning.uncoarsening.level[1].refinement.greedy_balancer=0.000 partitioning.uncoarsening.level[1].refinement.label_propagation=0.595 partitioning.uncoarsening.level[1].refinement.label_propagation.iteration[0]=0.455 partitioning.uncoarsening.level[1].refinement.label_propagation.iteration[1]=0.091 partitioning.uncoarsening.level[1].refinement.label_propagation.iteration[2]=0.029 partitioning.uncoarsening.level[1].refinement.label_propagation.iteration[3]=0.011 partitioning.uncoarsening.level[1].refinement.label_propagation.iteration[4]=0.005 partitioning.uncoarsening.level[0]=1.309 partitioning.uncoarsening.level[0].allocation=0.012 partitioning.uncoarsening.level[0].project_partition=0.060 partitioning.uncoarsening.level[0].create_graph=0.013 partitioning.uncoarsening.level[0].refinement=1.211 partitioning.uncoarsening.level[0].refinement.greedy_balancer=0.000 partitioning.uncoarsening.level[0].refinement.label_propagation=1.211 partitioning.uncoarsening.level[0].refinement.label_propagation.iteration[0]=0.975 partitioning.uncoarsening.level[0].refinement.label_propagation.iteration[1]=0.134 partitioning.uncoarsening.level[0].refinement.label_propagation.iteration[2]=0.051 partitioning.uncoarsening.level[0].refinement.label_propagation.iteration[3]=0.023 partitioning.uncoarsening.level[0].refinement.label_propagation.iteration[4]=0.014 partitioning.deallocation=0.002 partitioning.re-integrate_isolated_nodes=0.040 io=0.018 
MEMORY disabled

Global Timer: ................................... 51.305 s    
|- Read input graph: ............................ 41.386 s    
|- Partitioning: ................................ 9.772 s     
|  |- Rearrange by degree-buckets: .............. 0.270 s     
|  |  |- Sort nodes by integer buckets: ......... 0.074 s     
|  |  |- Rearrange input graph: ................. 0.163 s     
|  |  `- Deallocation: .......................... 0.012 s     
|  |- Refinement: ............................... 0.000 s     
|  |  `- Allocation: ............................ 0.000 s     
|  |- Coarsening: ............................... 6.391 s     
|  |  |- Level (0): ............................. 4.024 s     
|  |  |  |- Label Propagation: .................. 2.252 s     
|  |  |  |  |- Allocation: ...................... 0.034 s     
|  |  |  |  |- Iteration (0): ................... 0.740 s     
|  |  |  |  |  `- First phase: .................. 0.715 s     
|  |  |  |  |- Iteration (1): ................... 0.588 s     
|  |  |  |  |  `- First phase: .................. 0.587 s     
|  |  |  |  |- Iteration (2): ................... 0.407 s     
|  |  |  |  |  `- First phase: .................. 0.406 s     
|  |  |  |  |- Iteration (3): ................... 0.261 s     
|  |  |  |  |  `- First phase: .................. 0.261 s     
|  |  |  |  |- Iteration (4): ................... 0.170 s     
|  |  |  |  |  `- First phase: .................. 0.170 s     
|  |  |  |  |- Handle isolated nodes: ........... 0.000 s     
|  |  |  |  |- Handle two-hop nodes: ............ 0.000 s     
|  |  |  |  `- Free: ............................ 0.015 s     
|  |  |  `- Contract graph: ..................... 1.767 s     
|  |  |     |- Allocation: ...................... 0.003 s  (3)
|  |  |     |- Preprocessing: ................... 0.700 s  (3)
|  |  |     |- Deallocation: .................... 0.004 s     
|  |  |     `- Construct coarse graph: .......... 1.047 s     
|  |  |        |- Aggregate coarse edges: ....... 0.881 s     
|  |  |        |  |- First phase: ............... 0.869 s     
|  |  |        |  `- Second phase: .............. 0.006 s     
|  |  |        `- Remap coarse edges and mapping: 0.136 s     
|  |  |- Level (1): ............................. 1.615 s     
|  |  |  |- Label Propagation: .................. 1.064 s     
|  |  |  |  |- Allocation: ...................... 0.015 s     
|  |  |  |  |- Iteration (0): ................... 0.408 s     
|  |  |  |  |  `- First phase: .................. 0.402 s     
|  |  |  |  |- Iteration (1): ................... 0.262 s     
|  |  |  |  |  `- First phase: .................. 0.262 s     
|  |  |  |  |- Iteration (2): ................... 0.173 s     
|  |  |  |  |  `- First phase: .................. 0.173 s     
|  |  |  |  |- Iteration (3): ................... 0.114 s     
|  |  |  |  |  `- First phase: .................. 0.114 s     
|  |  |  |  |- Iteration (4): ................... 0.077 s     
|  |  |  |  |  `- First phase: .................. 0.077 s     
|  |  |  |  |- Handle isolated nodes: ........... 0.000 s     
|  |  |  |  `- Handle two-hop nodes: ............ 0.000 s     
|  |  |  `- Contract graph: ..................... 0.549 s     
|  |  |     |- Allocation: ...................... 0.003 s  (3)
|  |  |     |- Preprocessing: ................... 0.202 s  (3)
|  |  |     |- Deallocation: .................... 0.000 s     
|  |  |     `- Construct coarse graph: .......... 0.339 s     
|  |  |        |- Aggregate coarse edges: ....... 0.314 s     
|  |  |        |  |- First phase: ............... 0.309 s     
|  |  |        |  `- Second phase: .............. 0.004 s     
|  |  |        `- Remap coarse edges and mapping: 0.020 s     
|  |  |- Level (2): ............................. 0.572 s     
|  |  |  |- Label Propagation: .................. 0.355 s     
|  |  |  |  |- Iteration (0): ................... 0.121 s     
|  |  |  |  |  `- First phase: .................. 0.118 s     
|  |  |  |  |- Iteration (1): ................... 0.078 s     
|  |  |  |  |  `- First phase: .................. 0.078 s     
|  |  |  |  |- Iteration (2): ................... 0.059 s     
|  |  |  |  |  `- First phase: .................. 0.059 s     
|  |  |  |  |- Iteration (3): ................... 0.048 s     
|  |  |  |  |  `- First phase: .................. 0.048 s     
|  |  |  |  |- Iteration (4): ................... 0.039 s     
|  |  |  |  |  `- First phase: .................. 0.039 s     
|  |  |  |  |- Handle isolated nodes: ........... 0.000 s     
|  |  |  |  `- Handle two-hop nodes: ............ 0.000 s     
|  |  |  `- Contract graph: ..................... 0.215 s     
|  |  |     |- Allocation: ...................... 0.001 s  (3)
|  |  |     |- Preprocessing: ................... 0.090 s  (3)
|  |  |     |- Deallocation: .................... 0.000 s     
|  |  |     `- Construct coarse graph: .......... 0.121 s     
|  |  |        |- Aggregate coarse edges: ....... 0.112 s     
|  |  |        |  |- First phase: ............... 0.100 s     
|  |  |        |  `- Second phase: .............. 0.012 s     
|  |  |        `- Remap coarse edges and mapping: 0.007 s     
|  |  |- Level (3): ............................. 0.174 s     
|  |  |  |- Label Propagation: .................. 0.107 s     
|  |  |  |  |- Iteration (0): ................... 0.034 s     
|  |  |  |  |  |- First phase: .................. 0.027 s     
|  |  |  |  |  `- Second phase: ................. 0.005 s     
|  |  |  |  |- Iteration (1): ................... 0.022 s     
|  |  |  |  |  |- First phase: .................. 0.021 s     
|  |  |  |  |  `- Second phase: ................. 0.000 s     
|  |  |  |  |- Iteration (2): ................... 0.018 s     
|  |  |  |  |  |- First phase: .................. 0.017 s     
|  |  |  |  |  `- Second phase: ................. 0.000 s     
|  |  |  |  |- Iteration (3): ................... 0.016 s     
|  |  |  |  |  |- First phase: .................. 0.016 s     
|  |  |  |  |  `- Second phase: ................. 0.000 s     
|  |  |  |  |- Iteration (4): ................... 0.015 s     
|  |  |  |  |  |- First phase: .................. 0.014 s     
|  |  |  |  |  `- Second phase: ................. 0.000 s     
|  |  |  |  |- Handle isolated nodes: ........... 0.000 s     
|  |  |  |  `- Handle two-hop nodes: ............ 0.000 s     
|  |  |  `- Contract graph: ..................... 0.067 s     
|  |  |     |- Allocation: ...................... 0.000 s  (3)
|  |  |     |- Preprocessing: ................... 0.023 s  (3)
|  |  |     |- Deallocation: .................... 0.000 s     
|  |  |     `- Construct coarse graph: .......... 0.042 s     
|  |  |        |- Aggregate coarse edges: ....... 0.039 s     
|  |  |        |  |- First phase: ............... 0.039 s     
|  |  |        |  `- Second phase: .............. 0.000 s     
|  |  |        `- Remap coarse edges and mapping: 0.002 s     
|  |  `- Deallocation: .......................... 0.003 s     
|  |- Initial partitioning scheme: .............. 0.627 s     
|  |- Uncoarsening: ............................. 2.430 s     
|  |  |- Level (3): ............................. 0.192 s     
|  |  |  |- Allocation: ......................... 0.005 s     
|  |  |  |- Project partition: .................. 0.000 s     
|  |  |  |- Create graph: ....................... 0.000 s     
|  |  |  `- Refinement: ......................... 0.185 s     
|  |  |     |- Greedy Balancer: ................. 0.066 s     
|  |  |     |  |- Allocation: ................... 0.000 s     
|  |  |     |  |- Initialize balancer PQ: ....... 0.048 s     
|  |  |     |  |  |- Thread-local: .............. 0.007 s     
|  |  |     |  |  `- Merge thread-local PQs: .... 0.041 s     
|  |  |     |  `- Main loop: .................... 0.017 s     
|  |  |     `- Label Propagation: ............... 0.119 s     
|  |  |        |- Allocation: ................... 0.009 s     
|  |  |        |- Iteration (0): ................ 0.056 s     
|  |  |        |- Iteration (1): ................ 0.026 s     
|  |  |        |- Iteration (2): ................ 0.013 s     
|  |  |        |- Iteration (3): ................ 0.007 s     
|  |  |        `- Iteration (4): ................ 0.004 s     
|  |  |- Level (2): ............................. 0.309 s     
|  |  |  |- Allocation: ......................... 0.005 s     
|  |  |  |- Project partition: .................. 0.001 s     
|  |  |  |- Create graph: ....................... 0.001 s     
|  |  |  `- Refinement: ......................... 0.300 s     
|  |  |     |- Greedy Balancer: ................. 0.000 s     
|  |  |     `- Label Propagation: ............... 0.300 s     
|  |  |        |- Iteration (0): ................ 0.179 s     
|  |  |        |- Iteration (1): ................ 0.067 s     
|  |  |        |- Iteration (2): ................ 0.030 s     
|  |  |        |- Iteration (3): ................ 0.014 s     
|  |  |        `- Iteration (4): ................ 0.007 s     
|  |  |- Level (1): ............................. 0.617 s     
|  |  |  |- Allocation: ......................... 0.005 s     
|  |  |  |- Project partition: .................. 0.009 s     
|  |  |  |- Create graph: ....................... 0.003 s     
|  |  |  `- Refinement: ......................... 0.595 s     
|  |  |     |- Greedy Balancer: ................. 0.000 s     
|  |  |     `- Label Propagation: ............... 0.595 s     
|  |  |        |- Iteration (0): ................ 0.455 s     
|  |  |        |- Iteration (1): ................ 0.091 s     
|  |  |        |- Iteration (2): ................ 0.029 s     
|  |  |        |- Iteration (3): ................ 0.011 s     
|  |  |        `- Iteration (4): ................ 0.005 s     
|  |  `- Level (0): ............................. 1.309 s     
|  |     |- Allocation: ......................... 0.012 s     
|  |     |- Project partition: .................. 0.060 s     
|  |     |- Create graph: ....................... 0.013 s     
|  |     `- Refinement: ......................... 1.211 s     
|  |        |- Greedy Balancer: ................. 0.000 s     
|  |        `- Label Propagation: ............... 1.211 s     
|  |           |- Iteration (0): ................ 0.975 s     
|  |           |- Iteration (1): ................ 0.134 s     
|  |           |- Iteration (2): ................ 0.051 s     
|  |           |- Iteration (3): ................ 0.023 s     
|  |           `- Iteration (4): ................ 0.014 s     
|  |- Deallocation: ............................. 0.002 s     
|  `- Re-integrate isolated nodes: .............. 0.040 s     
`- IO: .......................................... 0.018 s     

Partition summary:
  Number of blocks: 16
  Edge cut:         9602818
  Imbalance:        7.47648e-08
  Feasible:         yes

Block weights:
  w(0 ) = 13375272    w(1 ) = 13375274    w(2 ) = 13375275    w(3 ) = 13375274  
  w(4 ) = 13375274    w(5 ) = 13375275    w(6 ) = 13375274    w(7 ) = 13375276  
  w(8 ) = 13375275    w(9 ) = 13375275    w(10) = 13375275    w(11) = 13375274  
  w(12) = 13375275    w(13) = 13375275    w(14) = 13375273    w(15) = 13375276  

Maximum resident set size: 9370068 KiB
