################################################################################
#                _  __       __  __  _         ____                            #
#               | |/ / __ _ |  \/  |(_) _ __  |  _ \  __ _  _ __               #
#               | ' / / _` || |\/| || || '_ \ | |_) |/ _` || '__|              #
#               | . \| (_| || |  | || || | | ||  __/| (_| || |                 #
#               |_|\_\\__,_||_|  |_||_||_| |_||_|    \__,_||_|                 #
#                                                                              #
################################################################################
Current commit hash:          99c62314d27845b3825829ec1e3e97256490627d
Assertion level:              always+light
Statistics:                   disabled
Built on:                     liskov
Data type sizes:
  Nodes IDs: 4 bytes | Node weights: 4 bytes
  Edges IDs: 4 bytes | Edge weights: 4 bytes
############################################################## Input Summary ###
Execution mode:               64
Seed:                         1
Graph:                        kmer_A2a [node ordering: deg-buckets] [edge ordering: natural]
  Number of nodes:            170372459 (unweighted)
  Number of edges:            359883478 (unweighted)
Number of blocks:             16
Maximum block weight:         10967727 (10648279 + 3% / 3%)
---------------------------------------------------------- Graph Compression ---
Enabled:                      no
-------------------------------------------------------- Partitioning Scheme ---
Partitioning mode:            deep
  Deep initial part. mode:    async-parallel
  Deep initial part. load:    1
Subgraph memory:              Lazy
----------------------------------------------------------------- Coarsening ---
Contraction limit:            2000
Coarsening algorithm:         clustering
  Cluster weight limit:       epsilon-block-weight x 1
  Shrink factor:              1.79769e+308
  Max mem-free level:         1
  Clustering algorithm:       lp
    Number of iterations:     5
    High degree threshold:    4294967295
    Max degree:               4294967295
    Tie breaking strategy:    uniform
    Implementation:           two-phase
      Relabel:                no
    2-hop clustering:         match-threadwise, if |Vcoarse| > 0.500000 * |V|
    Isolated nodes:           match-during-two-hop
  Forced hierarchy levels:    <none> (leeway: U=10.000000, L=1.100000)
Contraction algorithm:        unbuffered
  Implementation:             two-phase
------------------------------------------------------- Initial Partitioning ---
Adaptive algorithm selection: yes
----------------------------------------------------------------- Refinement ---
Refinement algorithms:        [greedy-balancer -> lp]
Label propagation:
  Number of iterations:       5
  Tie breaking strategy:      uniform
  Implementation:             single-phase
############################################################## Preprocessing ###
Removed 0 isolated nodes
  Remaining nodes:             170372459
  Remaining total node weight: 170372459
############################################################### Partitioning ###
Input graph:
 Number of nodes: 170372459 | Number of edges: 359883478
 Maximum node weight: 1

Coarsening -> Level 1 [max cluster weight: 319448]:
 Total edge weight:   99600256
 Number of nodes:     40370126 | Number of edges: 99327816
 Maximum node weight: 247

Coarsening -> Level 2 [max cluster weight: 319448]:
 Total edge weight:   34259698
 Number of nodes:     8578824 | Number of edges: 32233906
 Maximum node weight: 82350

Coarsening -> Level 3 [max cluster weight: 319448]:
 Total edge weight:   15892892
 Number of nodes:     1517952 | Number of edges: 13380790
 Maximum node weight: 319446

Coarsening -> Level 4 [max cluster weight: 319448]:
 Total edge weight:   11176526
 Number of nodes:     189868 | Number of edges: 8148290
 Maximum node weight: 319448

Coarsening -> Level 5 [max cluster weight: 319448]:
 Total edge weight:   10325084
 Number of nodes:     23583 | Number of edges: 4414740
 Maximum node weight: 319448

==> Coarsening terminated with less than 128000 nodes

Initial partitioning:
 Number of blocks: 16

Uncoarsening -> Level 4
 Number of nodes: 189868 | Number of edges: 8148290
  Running refinement on 16 blocks
   1. Greedy Balancer
   2. Label Propagation

Uncoarsening -> Level 3
 Number of nodes: 1517952 | Number of edges: 13380790
  Running refinement on 16 blocks
   1. Greedy Balancer
   2. Label Propagation

Uncoarsening -> Level 2
 Number of nodes: 8578824 | Number of edges: 32233906
  Running refinement on 16 blocks
   1. Greedy Balancer
   2. Label Propagation

Uncoarsening -> Level 1
 Number of nodes: 40370126 | Number of edges: 99327816
  Running refinement on 16 blocks
   1. Greedy Balancer
   2. Label Propagation

Uncoarsening -> Level 0
 Number of nodes: 170372459 | Number of edges: 359883478
  Running refinement on 16 blocks
   1. Greedy Balancer
   2. Label Propagation
############################################################# Result Summary ###
RESULT cut=3807931 imbalance=0.00366679 feasible=1 k=16
TIME read_input_graph=30.439 partitioning=8.036 partitioning.rearrange_by_degree-buckets=0.260 partitioning.rearrange_by_degree-buckets.sort_nodes_by_integer_buckets=0.059 partitioning.rearrange_by_degree-buckets.rearrange_input_graph=0.174 partitioning.rearrange_by_degree-buckets.deallocation=0.009 partitioning.refinement=0.000 partitioning.refinement.allocation=0.000 partitioning.coarsening=5.492 partitioning.coarsening.level[0]=3.696 partitioning.coarsening.level[0].label_propagation=2.218 partitioning.coarsening.level[0].label_propagation.allocation=0.029 partitioning.coarsening.level[0].label_propagation.iteration[0]=0.887 partitioning.coarsening.level[0].label_propagation.iteration[0].first_phase=0.866 partitioning.coarsening.level[0].label_propagation.iteration[1]=0.568 partitioning.coarsening.level[0].label_propagation.iteration[1].first_phase=0.568 partitioning.coarsening.level[0].label_propagation.iteration[2]=0.351 partitioning.coarsening.level[0].label_propagation.iteration[2].first_phase=0.351 partitioning.coarsening.level[0].label_propagation.iteration[3]=0.211 partitioning.coarsening.level[0].label_propagation.iteration[3].first_phase=0.210 partitioning.coarsening.level[0].label_propagation.iteration[4]=0.129 partitioning.coarsening.level[0].label_propagation.iteration[4].first_phase=0.129 partitioning.coarsening.level[0].label_propagation.handle_isolated_nodes=0.000 partitioning.coarsening.level[0].label_propagation.handle_two-hop_nodes=0.000 partitioning.coarsening.level[0].label_propagation.free=0.015 partitioning.coarsening.level[0].contract_graph=1.473 partitioning.coarsening.level[0].contract_graph.allocation=0.004 partitioning.coarsening.level[0].contract_graph.preprocessing=0.586 partitioning.coarsening.level[0].contract_graph.deallocation=0.003 partitioning.coarsening.level[0].contract_graph.construct_coarse_graph=0.870 partitioning.coarsening.level[0].contract_graph.construct_coarse_graph.aggregate_coarse_edges=0.737 partitioning.coarsening.level[0].contract_graph.construct_coarse_graph.aggregate_coarse_edges.first_phase=0.725 partitioning.coarsening.level[0].contract_graph.construct_coarse_graph.aggregate_coarse_edges.second_phase=0.006 partitioning.coarsening.level[0].contract_graph.construct_coarse_graph.remap_coarse_edges_and_mapping=0.108 partitioning.coarsening.level[1]=1.281 partitioning.coarsening.level[1].label_propagation=0.833 partitioning.coarsening.level[1].label_propagation.allocation=0.013 partitioning.coarsening.level[1].label_propagation.iteration[0]=0.340 partitioning.coarsening.level[1].label_propagation.iteration[0].first_phase=0.335 partitioning.coarsening.level[1].label_propagation.iteration[1]=0.206 partitioning.coarsening.level[1].label_propagation.iteration[1].first_phase=0.206 partitioning.coarsening.level[1].label_propagation.iteration[2]=0.132 partitioning.coarsening.level[1].label_propagation.iteration[2].first_phase=0.132 partitioning.coarsening.level[1].label_propagation.iteration[3]=0.081 partitioning.coarsening.level[1].label_propagation.iteration[3].first_phase=0.081 partitioning.coarsening.level[1].label_propagation.iteration[4]=0.050 partitioning.coarsening.level[1].label_propagation.iteration[4].first_phase=0.050 partitioning.coarsening.level[1].label_propagation.handle_isolated_nodes=0.000 partitioning.coarsening.level[1].label_propagation.handle_two-hop_nodes=0.000 partitioning.coarsening.level[1].contract_graph=0.447 partitioning.coarsening.level[1].contract_graph.allocation=0.002 partitioning.coarsening.level[1].contract_graph.preprocessing=0.161 partitioning.coarsening.level[1].contract_graph.deallocation=0.000 partitioning.coarsening.level[1].contract_graph.construct_coarse_graph=0.277 partitioning.coarsening.level[1].contract_graph.construct_coarse_graph.aggregate_coarse_edges=0.258 partitioning.coarsening.level[1].contract_graph.construct_coarse_graph.aggregate_coarse_edges.first_phase=0.253 partitioning.coarsening.level[1].contract_graph.construct_coarse_graph.aggregate_coarse_edges.second_phase=0.004 partitioning.coarsening.level[1].contract_graph.construct_coarse_graph.remap_coarse_edges_and_mapping=0.015 partitioning.coarsening.level[2]=0.344 partitioning.coarsening.level[2].label_propagation=0.230 partitioning.coarsening.level[2].label_propagation.iteration[0]=0.097 partitioning.coarsening.level[2].label_propagation.iteration[0].first_phase=0.091 partitioning.coarsening.level[2].label_propagation.iteration[0].second_phase=0.003 partitioning.coarsening.level[2].label_propagation.iteration[1]=0.051 partitioning.coarsening.level[2].label_propagation.iteration[1].first_phase=0.050 partitioning.coarsening.level[2].label_propagation.iteration[1].second_phase=0.000 partitioning.coarsening.level[2].label_propagation.iteration[2]=0.035 partitioning.coarsening.level[2].label_propagation.iteration[2].first_phase=0.035 partitioning.coarsening.level[2].label_propagation.iteration[2].second_phase=0.000 partitioning.coarsening.level[2].label_propagation.iteration[3]=0.023 partitioning.coarsening.level[2].label_propagation.iteration[3].first_phase=0.023 partitioning.coarsening.level[2].label_propagation.iteration[3].second_phase=0.000 partitioning.coarsening.level[2].label_propagation.iteration[4]=0.017 partitioning.coarsening.level[2].label_propagation.iteration[4].first_phase=0.016 partitioning.coarsening.level[2].label_propagation.iteration[4].second_phase=0.000 partitioning.coarsening.level[2].label_propagation.handle_isolated_nodes=0.000 partitioning.coarsening.level[2].label_propagation.handle_two-hop_nodes=0.000 partitioning.coarsening.level[2].contract_graph=0.113 partitioning.coarsening.level[2].contract_graph.allocation=0.002 partitioning.coarsening.level[2].contract_graph.preprocessing=0.029 partitioning.coarsening.level[2].contract_graph.deallocation=0.000 partitioning.coarsening.level[2].contract_graph.construct_coarse_graph=0.080 partitioning.coarsening.level[2].contract_graph.construct_coarse_graph.aggregate_coarse_edges=0.074 partitioning.coarsening.level[2].contract_graph.construct_coarse_graph.aggregate_coarse_edges.first_phase=0.059 partitioning.coarsening.level[2].contract_graph.construct_coarse_graph.aggregate_coarse_edges.second_phase=0.015 partitioning.coarsening.level[2].contract_graph.construct_coarse_graph.remap_coarse_edges_and_mapping=0.004 partitioning.coarsening.level[3]=0.115 partitioning.coarsening.level[3].label_propagation=0.073 partitioning.coarsening.level[3].label_propagation.iteration[0]=0.021 partitioning.coarsening.level[3].label_propagation.iteration[0].first_phase=0.017 partitioning.coarsening.level[3].label_propagation.iteration[0].second_phase=0.004 partitioning.coarsening.level[3].label_propagation.iteration[1]=0.018 partitioning.coarsening.level[3].label_propagation.iteration[1].first_phase=0.011 partitioning.coarsening.level[3].label_propagation.iteration[1].second_phase=0.006 partitioning.coarsening.level[3].label_propagation.iteration[2]=0.012 partitioning.coarsening.level[3].label_propagation.iteration[2].first_phase=0.009 partitioning.coarsening.level[3].label_propagation.iteration[2].second_phase=0.003 partitioning.coarsening.level[3].label_propagation.iteration[3]=0.010 partitioning.coarsening.level[3].label_propagation.iteration[3].first_phase=0.007 partitioning.coarsening.level[3].label_propagation.iteration[3].second_phase=0.003 partitioning.coarsening.level[3].label_propagation.iteration[4]=0.009 partitioning.coarsening.level[3].label_propagation.iteration[4].first_phase=0.006 partitioning.coarsening.level[3].label_propagation.iteration[4].second_phase=0.003 partitioning.coarsening.level[3].label_propagation.handle_isolated_nodes=0.000 partitioning.coarsening.level[3].label_propagation.handle_two-hop_nodes=0.000 partitioning.coarsening.level[3].contract_graph=0.041 partitioning.coarsening.level[3].contract_graph.allocation=0.000 partitioning.coarsening.level[3].contract_graph.preprocessing=0.011 partitioning.coarsening.level[3].contract_graph.deallocation=0.000 partitioning.coarsening.level[3].contract_graph.construct_coarse_graph=0.029 partitioning.coarsening.level[3].contract_graph.construct_coarse_graph.aggregate_coarse_edges=0.027 partitioning.coarsening.level[3].contract_graph.construct_coarse_graph.aggregate_coarse_edges.first_phase=0.024 partitioning.coarsening.level[3].contract_graph.construct_coarse_graph.aggregate_coarse_edges.second_phase=0.002 partitioning.coarsening.level[3].contract_graph.construct_coarse_graph.remap_coarse_edges_and_mapping=0.001 partitioning.coarsening.level[4]=0.051 partitioning.coarsening.level[4].label_propagation=0.034 partitioning.coarsening.level[4].label_propagation.iteration[0]=0.015 partitioning.coarsening.level[4].label_propagation.iteration[0].first_phase=0.008 partitioning.coarsening.level[4].label_propagation.iteration[0].second_phase=0.006 partitioning.coarsening.level[4].label_propagation.iteration[1]=0.006 partitioning.coarsening.level[4].label_propagation.iteration[1].first_phase=0.004 partitioning.coarsening.level[4].label_propagation.iteration[1].second_phase=0.001 partitioning.coarsening.level[4].label_propagation.iteration[2]=0.004 partitioning.coarsening.level[4].label_propagation.iteration[2].first_phase=0.004 partitioning.coarsening.level[4].label_propagation.iteration[2].second_phase=0.000 partitioning.coarsening.level[4].label_propagation.iteration[3]=0.004 partitioning.coarsening.level[4].label_propagation.iteration[3].first_phase=0.003 partitioning.coarsening.level[4].label_propagation.iteration[3].second_phase=0.000 partitioning.coarsening.level[4].label_propagation.iteration[4]=0.003 partitioning.coarsening.level[4].label_propagation.iteration[4].first_phase=0.003 partitioning.coarsening.level[4].label_propagation.handle_isolated_nodes=0.000 partitioning.coarsening.level[4].label_propagation.handle_two-hop_nodes=0.000 partitioning.coarsening.level[4].contract_graph=0.016 partitioning.coarsening.level[4].contract_graph.allocation=0.000 partitioning.coarsening.level[4].contract_graph.preprocessing=0.001 partitioning.coarsening.level[4].contract_graph.deallocation=0.000 partitioning.coarsening.level[4].contract_graph.construct_coarse_graph=0.014 partitioning.coarsening.level[4].contract_graph.construct_coarse_graph.aggregate_coarse_edges=0.013 partitioning.coarsening.level[4].contract_graph.construct_coarse_graph.aggregate_coarse_edges.first_phase=0.013 partitioning.coarsening.level[4].contract_graph.construct_coarse_graph.aggregate_coarse_edges.second_phase=0.000 partitioning.coarsening.level[4].contract_graph.construct_coarse_graph.remap_coarse_edges_and_mapping=0.000 partitioning.coarsening.deallocation=0.002 partitioning.initial_partitioning_scheme=0.276 partitioning.uncoarsening=1.960 partitioning.uncoarsening.level[4]=0.052 partitioning.uncoarsening.level[4].allocation=0.000 partitioning.uncoarsening.level[4].project_partition=0.000 partitioning.uncoarsening.level[4].create_graph=0.000 partitioning.uncoarsening.level[4].refinement=0.051 partitioning.uncoarsening.level[4].refinement.greedy_balancer=0.011 partitioning.uncoarsening.level[4].refinement.greedy_balancer.allocation=0.000 partitioning.uncoarsening.level[4].refinement.greedy_balancer.initialize_balancer_pq=0.008 partitioning.uncoarsening.level[4].refinement.greedy_balancer.initialize_balancer_pq.thread-local=0.001 partitioning.uncoarsening.level[4].refinement.greedy_balancer.initialize_balancer_pq.merge_thread-local_pqs=0.006 partitioning.uncoarsening.level[4].refinement.greedy_balancer.main_loop=0.002 partitioning.uncoarsening.level[4].refinement.label_propagation=0.040 partitioning.uncoarsening.level[4].refinement.label_propagation.allocation=0.011 partitioning.uncoarsening.level[4].refinement.label_propagation.iteration[0]=0.015 partitioning.uncoarsening.level[4].refinement.label_propagation.iteration[1]=0.006 partitioning.uncoarsening.level[4].refinement.label_propagation.iteration[2]=0.003 partitioning.uncoarsening.level[4].refinement.label_propagation.iteration[3]=0.002 partitioning.uncoarsening.level[4].refinement.label_propagation.iteration[4]=0.001 partitioning.uncoarsening.level[3]=0.109 partitioning.uncoarsening.level[3].allocation=0.004 partitioning.uncoarsening.level[3].project_partition=0.000 partitioning.uncoarsening.level[3].create_graph=0.000 partitioning.uncoarsening.level[3].refinement=0.103 partitioning.uncoarsening.level[3].refinement.greedy_balancer=0.000 partitioning.uncoarsening.level[3].refinement.label_propagation=0.103 partitioning.uncoarsening.level[3].refinement.label_propagation.iteration[0]=0.056 partitioning.uncoarsening.level[3].refinement.label_propagation.iteration[1]=0.025 partitioning.uncoarsening.level[3].refinement.label_propagation.iteration[2]=0.012 partitioning.uncoarsening.level[3].refinement.label_propagation.iteration[3]=0.005 partitioning.uncoarsening.level[3].refinement.label_propagation.iteration[4]=0.003 partitioning.uncoarsening.level[2]=0.207 partitioning.uncoarsening.level[2].allocation=0.003 partitioning.uncoarsening.level[2].project_partition=0.000 partitioning.uncoarsening.level[2].create_graph=0.000 partitioning.uncoarsening.level[2].refinement=0.200 partitioning.uncoarsening.level[2].refinement.greedy_balancer=0.000 partitioning.uncoarsening.level[2].refinement.label_propagation=0.200 partitioning.uncoarsening.level[2].refinement.label_propagation.iteration[0]=0.148 partitioning.uncoarsening.level[2].refinement.label_propagation.iteration[1]=0.034 partitioning.uncoarsening.level[2].refinement.label_propagation.iteration[2]=0.010 partitioning.uncoarsening.level[2].refinement.label_propagation.iteration[3]=0.004 partitioning.uncoarsening.level[2].refinement.label_propagation.iteration[4]=0.002 partitioning.uncoarsening.level[1]=0.497 partitioning.uncoarsening.level[1].allocation=0.006 partitioning.uncoarsening.level[1].project_partition=0.006 partitioning.uncoarsening.level[1].create_graph=0.003 partitioning.uncoarsening.level[1].refinement=0.479 partitioning.uncoarsening.level[1].refinement.greedy_balancer=0.000 partitioning.uncoarsening.level[1].refinement.label_propagation=0.479 partitioning.uncoarsening.level[1].refinement.label_propagation.iteration[0]=0.390 partitioning.uncoarsening.level[1].refinement.label_propagation.iteration[1]=0.057 partitioning.uncoarsening.level[1].refinement.label_propagation.iteration[2]=0.018 partitioning.uncoarsening.level[1].refinement.label_propagation.iteration[3]=0.007 partitioning.uncoarsening.level[1].refinement.label_propagation.iteration[4]=0.004 partitioning.uncoarsening.level[0]=1.093 partitioning.uncoarsening.level[0].allocation=0.010 partitioning.uncoarsening.level[0].project_partition=0.047 partitioning.uncoarsening.level[0].create_graph=0.010 partitioning.uncoarsening.level[0].refinement=1.014 partitioning.uncoarsening.level[0].refinement.greedy_balancer=0.000 partitioning.uncoarsening.level[0].refinement.label_propagation=1.014 partitioning.uncoarsening.level[0].refinement.label_propagation.iteration[0]=0.864 partitioning.uncoarsening.level[0].refinement.label_propagation.iteration[1]=0.082 partitioning.uncoarsening.level[0].refinement.label_propagation.iteration[2]=0.033 partitioning.uncoarsening.level[0].refinement.label_propagation.iteration[3]=0.016 partitioning.uncoarsening.level[0].refinement.label_propagation.iteration[4]=0.010 partitioning.deallocation=0.002 partitioning.re-integrate_isolated_nodes=0.034 io=0.014 
MEMORY disabled

Global Timer: ................................... 38.593 s    
|- Read input graph: ............................ 30.439 s    
|- Partitioning: ................................ 8.036 s     
|  |- Rearrange by degree-buckets: .............. 0.260 s     
|  |  |- Sort nodes by integer buckets: ......... 0.059 s     
|  |  |- Rearrange input graph: ................. 0.174 s     
|  |  `- Deallocation: .......................... 0.009 s     
|  |- Refinement: ............................... 0.000 s     
|  |  `- Allocation: ............................ 0.000 s     
|  |- Coarsening: ............................... 5.492 s     
|  |  |- Level (0): ............................. 3.696 s     
|  |  |  |- Label Propagation: .................. 2.218 s     
|  |  |  |  |- Allocation: ...................... 0.029 s     
|  |  |  |  |- Iteration (0): ................... 0.887 s     
|  |  |  |  |  `- First phase: .................. 0.866 s     
|  |  |  |  |- Iteration (1): ................... 0.568 s     
|  |  |  |  |  `- First phase: .................. 0.568 s     
|  |  |  |  |- Iteration (2): ................... 0.351 s     
|  |  |  |  |  `- First phase: .................. 0.351 s     
|  |  |  |  |- Iteration (3): ................... 0.211 s     
|  |  |  |  |  `- First phase: .................. 0.210 s     
|  |  |  |  |- Iteration (4): ................... 0.129 s     
|  |  |  |  |  `- First phase: .................. 0.129 s     
|  |  |  |  |- Handle isolated nodes: ........... 0.000 s     
|  |  |  |  |- Handle two-hop nodes: ............ 0.000 s     
|  |  |  |  `- Free: ............................ 0.015 s     
|  |  |  `- Contract graph: ..................... 1.473 s     
|  |  |     |- Allocation: ...................... 0.004 s  (3)
|  |  |     |- Preprocessing: ................... 0.586 s  (3)
|  |  |     |- Deallocation: .................... 0.003 s     
|  |  |     `- Construct coarse graph: .......... 0.870 s     
|  |  |        |- Aggregate coarse edges: ....... 0.737 s     
|  |  |        |  |- First phase: ............... 0.725 s     
|  |  |        |  `- Second phase: .............. 0.006 s     
|  |  |        `- Remap coarse edges and mapping: 0.108 s     
|  |  |- Level (1): ............................. 1.281 s     
|  |  |  |- Label Propagation: .................. 0.833 s     
|  |  |  |  |- Allocation: ...................... 0.013 s     
|  |  |  |  |- Iteration (0): ................... 0.340 s     
|  |  |  |  |  `- First phase: .................. 0.335 s     
|  |  |  |  |- Iteration (1): ................... 0.206 s     
|  |  |  |  |  `- First phase: .................. 0.206 s     
|  |  |  |  |- Iteration (2): ................... 0.132 s     
|  |  |  |  |  `- First phase: .................. 0.132 s     
|  |  |  |  |- Iteration (3): ................... 0.081 s     
|  |  |  |  |  `- First phase: .................. 0.081 s     
|  |  |  |  |- Iteration (4): ................... 0.050 s     
|  |  |  |  |  `- First phase: .................. 0.050 s     
|  |  |  |  |- Handle isolated nodes: ........... 0.000 s     
|  |  |  |  `- Handle two-hop nodes: ............ 0.000 s     
|  |  |  `- Contract graph: ..................... 0.447 s     
|  |  |     |- Allocation: ...................... 0.002 s  (3)
|  |  |     |- Preprocessing: ................... 0.161 s  (3)
|  |  |     |- Deallocation: .................... 0.000 s     
|  |  |     `- Construct coarse graph: .......... 0.277 s     
|  |  |        |- Aggregate coarse edges: ....... 0.258 s     
|  |  |        |  |- First phase: ............... 0.253 s     
|  |  |        |  `- Second phase: .............. 0.004 s     
|  |  |        `- Remap coarse edges and mapping: 0.015 s     
|  |  |- Level (2): ............................. 0.344 s     
|  |  |  |- Label Propagation: .................. 0.230 s     
|  |  |  |  |- Iteration (0): ................... 0.097 s     
|  |  |  |  |  |- First phase: .................. 0.091 s     
|  |  |  |  |  `- Second phase: ................. 0.003 s     
|  |  |  |  |- Iteration (1): ................... 0.051 s     
|  |  |  |  |  |- First phase: .................. 0.050 s     
|  |  |  |  |  `- Second phase: ................. 0.000 s     
|  |  |  |  |- Iteration (2): ................... 0.035 s     
|  |  |  |  |  |- First phase: .................. 0.035 s     
|  |  |  |  |  `- Second phase: ................. 0.000 s     
|  |  |  |  |- Iteration (3): ................... 0.023 s     
|  |  |  |  |  |- First phase: .................. 0.023 s     
|  |  |  |  |  `- Second phase: ................. 0.000 s     
|  |  |  |  |- Iteration (4): ................... 0.017 s     
|  |  |  |  |  |- First phase: .................. 0.016 s     
|  |  |  |  |  `- Second phase: ................. 0.000 s     
|  |  |  |  |- Handle isolated nodes: ........... 0.000 s     
|  |  |  |  `- Handle two-hop nodes: ............ 0.000 s     
|  |  |  `- Contract graph: ..................... 0.113 s     
|  |  |     |- Allocation: ...................... 0.002 s  (3)
|  |  |     |- Preprocessing: ................... 0.029 s  (3)
|  |  |     |- Deallocation: .................... 0.000 s     
|  |  |     `- Construct coarse graph: .......... 0.080 s     
|  |  |        |- Aggregate coarse edges: ....... 0.074 s     
|  |  |        |  |- First phase: ............... 0.059 s     
|  |  |        |  `- Second phase: .............. 0.015 s     
|  |  |        `- Remap coarse edges and mapping: 0.004 s     
|  |  |- Level (3): ............................. 0.115 s     
|  |  |  |- Label Propagation: .................. 0.073 s     
|  |  |  |  |- Iteration (0): ................... 0.021 s     
|  |  |  |  |  |- First phase: .................. 0.017 s     
|  |  |  |  |  `- Second phase: ................. 0.004 s     
|  |  |  |  |- Iteration (1): ................... 0.018 s     
|  |  |  |  |  |- First phase: .................. 0.011 s     
|  |  |  |  |  `- Second phase: ................. 0.006 s     
|  |  |  |  |- Iteration (2): ................... 0.012 s     
|  |  |  |  |  |- First phase: .................. 0.009 s     
|  |  |  |  |  `- Second phase: ................. 0.003 s     
|  |  |  |  |- Iteration (3): ................... 0.010 s     
|  |  |  |  |  |- First phase: .................. 0.007 s     
|  |  |  |  |  `- Second phase: ................. 0.003 s     
|  |  |  |  |- Iteration (4): ................... 0.009 s     
|  |  |  |  |  |- First phase: .................. 0.006 s     
|  |  |  |  |  `- Second phase: ................. 0.003 s     
|  |  |  |  |- Handle isolated nodes: ........... 0.000 s     
|  |  |  |  `- Handle two-hop nodes: ............ 0.000 s     
|  |  |  `- Contract graph: ..................... 0.041 s     
|  |  |     |- Allocation: ...................... 0.000 s  (3)
|  |  |     |- Preprocessing: ................... 0.011 s  (3)
|  |  |     |- Deallocation: .................... 0.000 s     
|  |  |     `- Construct coarse graph: .......... 0.029 s     
|  |  |        |- Aggregate coarse edges: ....... 0.027 s     
|  |  |        |  |- First phase: ............... 0.024 s     
|  |  |        |  `- Second phase: .............. 0.002 s     
|  |  |        `- Remap coarse edges and mapping: 0.001 s     
|  |  |- Level (4): ............................. 0.051 s     
|  |  |  |- Label Propagation: .................. 0.034 s     
|  |  |  |  |- Iteration (0): ................... 0.015 s     
|  |  |  |  |  |- First phase: .................. 0.008 s     
|  |  |  |  |  `- Second phase: ................. 0.006 s     
|  |  |  |  |- Iteration (1): ................... 0.006 s     
|  |  |  |  |  |- First phase: .................. 0.004 s     
|  |  |  |  |  `- Second phase: ................. 0.001 s     
|  |  |  |  |- Iteration (2): ................... 0.004 s     
|  |  |  |  |  |- First phase: .................. 0.004 s     
|  |  |  |  |  `- Second phase: ................. 0.000 s     
|  |  |  |  |- Iteration (3): ................... 0.004 s     
|  |  |  |  |  |- First phase: .................. 0.003 s     
|  |  |  |  |  `- Second phase: ................. 0.000 s     
|  |  |  |  |- Iteration (4): ................... 0.003 s     
|  |  |  |  |  `- First phase: .................. 0.003 s     
|  |  |  |  |- Handle isolated nodes: ........... 0.000 s     
|  |  |  |  `- Handle two-hop nodes: ............ 0.000 s     
|  |  |  `- Contract graph: ..................... 0.016 s     
|  |  |     |- Allocation: ...................... 0.000 s  (3)
|  |  |     |- Preprocessing: ................... 0.001 s  (3)
|  |  |     |- Deallocation: .................... 0.000 s     
|  |  |     `- Construct coarse graph: .......... 0.014 s     
|  |  |        |- Aggregate coarse edges: ....... 0.013 s     
|  |  |        |  |- First phase: ............... 0.013 s     
|  |  |        |  `- Second phase: .............. 0.000 s     
|  |  |        `- Remap coarse edges and mapping: 0.000 s     
|  |  `- Deallocation: .......................... 0.002 s     
|  |- Initial partitioning scheme: .............. 0.276 s     
|  |- Uncoarsening: ............................. 1.960 s     
|  |  |- Level (4): ............................. 0.052 s     
|  |  |  |- Allocation: ......................... 0.000 s     
|  |  |  |- Project partition: .................. 0.000 s     
|  |  |  |- Create graph: ....................... 0.000 s     
|  |  |  `- Refinement: ......................... 0.051 s     
|  |  |     |- Greedy Balancer: ................. 0.011 s     
|  |  |     |  |- Allocation: ................... 0.000 s     
|  |  |     |  |- Initialize balancer PQ: ....... 0.008 s     
|  |  |     |  |  |- Thread-local: .............. 0.001 s     
|  |  |     |  |  `- Merge thread-local PQs: .... 0.006 s     
|  |  |     |  `- Main loop: .................... 0.002 s     
|  |  |     `- Label Propagation: ............... 0.040 s     
|  |  |        |- Allocation: ................... 0.011 s     
|  |  |        |- Iteration (0): ................ 0.015 s     
|  |  |        |- Iteration (1): ................ 0.006 s     
|  |  |        |- Iteration (2): ................ 0.003 s     
|  |  |        |- Iteration (3): ................ 0.002 s     
|  |  |        `- Iteration (4): ................ 0.001 s     
|  |  |- Level (3): ............................. 0.109 s     
|  |  |  |- Allocation: ......................... 0.004 s     
|  |  |  |- Project partition: .................. 0.000 s     
|  |  |  |- Create graph: ....................... 0.000 s     
|  |  |  `- Refinement: ......................... 0.103 s     
|  |  |     |- Greedy Balancer: ................. 0.000 s     
|  |  |     `- Label Propagation: ............... 0.103 s     
|  |  |        |- Iteration (0): ................ 0.056 s     
|  |  |        |- Iteration (1): ................ 0.025 s     
|  |  |        |- Iteration (2): ................ 0.012 s     
|  |  |        |- Iteration (3): ................ 0.005 s     
|  |  |        `- Iteration (4): ................ 0.003 s     
|  |  |- Level (2): ............................. 0.207 s     
|  |  |  |- Allocation: ......................... 0.003 s     
|  |  |  |- Project partition: .................. 0.000 s     
|  |  |  |- Create graph: ....................... 0.000 s     
|  |  |  `- Refinement: ......................... 0.200 s     
|  |  |     |- Greedy Balancer: ................. 0.000 s     
|  |  |     `- Label Propagation: ............... 0.200 s     
|  |  |        |- Iteration (0): ................ 0.148 s     
|  |  |        |- Iteration (1): ................ 0.034 s     
|  |  |        |- Iteration (2): ................ 0.010 s     
|  |  |        |- Iteration (3): ................ 0.004 s     
|  |  |        `- Iteration (4): ................ 0.002 s     
|  |  |- Level (1): ............................. 0.497 s     
|  |  |  |- Allocation: ......................... 0.006 s     
|  |  |  |- Project partition: .................. 0.006 s     
|  |  |  |- Create graph: ....................... 0.003 s     
|  |  |  `- Refinement: ......................... 0.479 s     
|  |  |     |- Greedy Balancer: ................. 0.000 s     
|  |  |     `- Label Propagation: ............... 0.479 s     
|  |  |        |- Iteration (0): ................ 0.390 s     
|  |  |        |- Iteration (1): ................ 0.057 s     
|  |  |        |- Iteration (2): ................ 0.018 s     
|  |  |        |- Iteration (3): ................ 0.007 s     
|  |  |        `- Iteration (4): ................ 0.004 s     
|  |  `- Level (0): ............................. 1.093 s     
|  |     |- Allocation: ......................... 0.010 s     
|  |     |- Project partition: .................. 0.047 s     
|  |     |- Create graph: ....................... 0.010 s     
|  |     `- Refinement: ......................... 1.014 s     
|  |        |- Greedy Balancer: ................. 0.000 s     
|  |        `- Label Propagation: ............... 1.014 s     
|  |           |- Iteration (0): ................ 0.864 s     
|  |           |- Iteration (1): ................ 0.082 s     
|  |           |- Iteration (2): ................ 0.033 s     
|  |           |- Iteration (3): ................ 0.016 s     
|  |           `- Iteration (4): ................ 0.010 s     
|  |- Deallocation: ............................. 0.002 s     
|  `- Re-integrate isolated nodes: .............. 0.034 s     
`- IO: .......................................... 0.014 s     

Partition summary:
  Number of blocks: 16
  Edge cut:         3807931
  Imbalance:        0.00366679
  Feasible:         yes

Block weights:
  w(0 ) = 10687324    w(1 ) = 10687322    w(2 ) = 10687323    w(3 ) = 10687324  
  w(4 ) = 10687321    w(5 ) = 10062623    w(6 ) = 10687320    w(7 ) = 10687324  
  w(8 ) = 10687322    w(9 ) = 10687322    w(10) = 10687324    w(11) = 10687322  
  w(12) = 10687321    w(13) = 10687323    w(14) = 10687322    w(15) = 10687322  

Maximum resident set size: 7315528 KiB
