################################################################################
#                _  __       __  __  _         ____                            #
#               | |/ / __ _ |  \/  |(_) _ __  |  _ \  __ _  _ __               #
#               | ' / / _` || |\/| || || '_ \ | |_) |/ _` || '__|              #
#               | . \| (_| || |  | || || | | ||  __/| (_| || |                 #
#               |_|\_\\__,_||_|  |_||_||_| |_||_|    \__,_||_|                 #
#                                                                              #
################################################################################
Current commit hash:          99c62314d27845b3825829ec1e3e97256490627d
Assertion level:              always+light
Statistics:                   disabled
Built on:                     liskov
Data type sizes:
  Nodes IDs: 4 bytes | Node weights: 4 bytes
  Edges IDs: 4 bytes | Edge weights: 4 bytes
############################################################## Input Summary ###
Execution mode:               64
Seed:                         1
Graph:                        kron_g500-simple-logn19 [node ordering: deg-buckets] [edge ordering: natural]
  Number of nodes:              524288 (unweighted)
  Number of edges:            43561574 (unweighted)
Number of blocks:             16
Maximum block weight:         33751 (32768 + 3% / 3%)
---------------------------------------------------------- Graph Compression ---
Enabled:                      no
-------------------------------------------------------- Partitioning Scheme ---
Partitioning mode:            deep
  Deep initial part. mode:    async-parallel
  Deep initial part. load:    1
Subgraph memory:              Lazy
----------------------------------------------------------------- Coarsening ---
Contraction limit:            2000
Coarsening algorithm:         clustering
  Cluster weight limit:       epsilon-block-weight x 1
  Shrink factor:              1.79769e+308
  Max mem-free level:         1
  Clustering algorithm:       lp
    Number of iterations:     5
    High degree threshold:    4294967295
    Max degree:               4294967295
    Tie breaking strategy:    uniform
    Implementation:           two-phase
      Relabel:                no
    2-hop clustering:         match-threadwise, if |Vcoarse| > 0.500000 * |V|
    Isolated nodes:           match-during-two-hop
  Forced hierarchy levels:    <none> (leeway: U=10.000000, L=1.100000)
Contraction algorithm:        unbuffered
  Implementation:             two-phase
------------------------------------------------------- Initial Partitioning ---
Adaptive algorithm selection: yes
----------------------------------------------------------------- Refinement ---
Refinement algorithms:        [greedy-balancer -> lp]
Label propagation:
  Number of iterations:       5
  Tie breaking strategy:      uniform
  Implementation:             single-phase
############################################################## Preprocessing ###
Removed 115113 isolated nodes
  Remaining nodes:             409175
  Remaining total node weight: 409175
############################################################### Partitioning ###
Input graph:
 Number of nodes: 409175 | Number of edges: 43561574
 Maximum node weight: 1

Coarsening -> Level 1 [max cluster weight: 8176]:
 Total edge weight:   36714814
 Number of nodes:     31661 | Number of edges: 848118
 Maximum node weight: 8184

==> Coarsening terminated with less than 128000 nodes

Initial partitioning:
 Number of blocks: 16

Uncoarsening -> Level 0
 Number of nodes: 409175 | Number of edges: 43561574
  Running refinement on 16 blocks
   1. Greedy Balancer
   2. Label Propagation
############################################################# Result Summary ###
RESULT cut=9760984 imbalance=0.0299988 feasible=1 k=16
TIME read_input_graph=2.568 partitioning=1.022 partitioning.rearrange_by_degree-buckets=0.023 partitioning.rearrange_by_degree-buckets.sort_nodes_by_integer_buckets=0.005 partitioning.rearrange_by_degree-buckets.rearrange_input_graph=0.016 partitioning.rearrange_by_degree-buckets.deallocation=0.000 partitioning.refinement=0.000 partitioning.refinement.allocation=0.000 partitioning.coarsening=0.543 partitioning.coarsening.level[0]=0.543 partitioning.coarsening.level[0].label_propagation=0.454 partitioning.coarsening.level[0].label_propagation.allocation=0.001 partitioning.coarsening.level[0].label_propagation.iteration[0]=0.338 partitioning.coarsening.level[0].label_propagation.iteration[0].first_phase=0.335 partitioning.coarsening.level[0].label_propagation.iteration[0].second_phase=0.000 partitioning.coarsening.level[0].label_propagation.iteration[1]=0.061 partitioning.coarsening.level[0].label_propagation.iteration[1].first_phase=0.061 partitioning.coarsening.level[0].label_propagation.iteration[1].second_phase=0.000 partitioning.coarsening.level[0].label_propagation.iteration[2]=0.023 partitioning.coarsening.level[0].label_propagation.iteration[2].first_phase=0.023 partitioning.coarsening.level[0].label_propagation.iteration[2].second_phase=0.000 partitioning.coarsening.level[0].label_propagation.iteration[3]=0.014 partitioning.coarsening.level[0].label_propagation.iteration[3].first_phase=0.013 partitioning.coarsening.level[0].label_propagation.iteration[3].second_phase=0.000 partitioning.coarsening.level[0].label_propagation.iteration[4]=0.010 partitioning.coarsening.level[0].label_propagation.iteration[4].first_phase=0.010 partitioning.coarsening.level[0].label_propagation.iteration[4].second_phase=0.000 partitioning.coarsening.level[0].label_propagation.handle_isolated_nodes=0.000 partitioning.coarsening.level[0].label_propagation.handle_two-hop_nodes=0.000 partitioning.coarsening.level[0].label_propagation.free=0.005 partitioning.coarsening.level[0].contract_graph=0.088 partitioning.coarsening.level[0].contract_graph.allocation=0.000 partitioning.coarsening.level[0].contract_graph.preprocessing=0.010 partitioning.coarsening.level[0].contract_graph.deallocation=0.000 partitioning.coarsening.level[0].contract_graph.construct_coarse_graph=0.078 partitioning.coarsening.level[0].contract_graph.construct_coarse_graph.aggregate_coarse_edges=0.077 partitioning.coarsening.level[0].contract_graph.construct_coarse_graph.aggregate_coarse_edges.first_phase=0.043 partitioning.coarsening.level[0].contract_graph.construct_coarse_graph.aggregate_coarse_edges.second_phase=0.022 partitioning.coarsening.level[0].contract_graph.construct_coarse_graph.remap_coarse_edges_and_mapping=0.000 partitioning.coarsening.deallocation=0.000 partitioning.initial_partitioning_scheme=0.348 partitioning.uncoarsening=0.099 partitioning.uncoarsening.level[0]=0.099 partitioning.uncoarsening.level[0].allocation=0.000 partitioning.uncoarsening.level[0].project_partition=0.000 partitioning.uncoarsening.level[0].create_graph=0.000 partitioning.uncoarsening.level[0].refinement=0.098 partitioning.uncoarsening.level[0].refinement.greedy_balancer=0.062 partitioning.uncoarsening.level[0].refinement.greedy_balancer.allocation=0.000 partitioning.uncoarsening.level[0].refinement.greedy_balancer.initialize_balancer_pq=0.043 partitioning.uncoarsening.level[0].refinement.greedy_balancer.initialize_balancer_pq.thread-local=0.008 partitioning.uncoarsening.level[0].refinement.greedy_balancer.initialize_balancer_pq.merge_thread-local_pqs=0.034 partitioning.uncoarsening.level[0].refinement.greedy_balancer.main_loop=0.018 partitioning.uncoarsening.level[0].refinement.label_propagation=0.036 partitioning.uncoarsening.level[0].refinement.label_propagation.allocation=0.000 partitioning.uncoarsening.level[0].refinement.label_propagation.iteration[0]=0.015 partitioning.uncoarsening.level[0].refinement.label_propagation.iteration[1]=0.009 partitioning.uncoarsening.level[0].refinement.label_propagation.iteration[2]=0.005 partitioning.uncoarsening.level[0].refinement.label_propagation.iteration[3]=0.003 partitioning.uncoarsening.level[0].refinement.label_propagation.iteration[4]=0.002 partitioning.deallocation=0.004 partitioning.re-integrate_isolated_nodes=0.001 io=0.000 
MEMORY disabled

Global Timer: ................................... 3.597 s    
|- Read input graph: ............................ 2.568 s    
|- Partitioning: ................................ 1.022 s    
|  |- Rearrange by degree-buckets: .............. 0.023 s    
|  |  |- Sort nodes by integer buckets: ......... 0.005 s    
|  |  |- Rearrange input graph: ................. 0.016 s    
|  |  `- Deallocation: .......................... 0.000 s    
|  |- Refinement: ............................... 0.000 s    
|  |  `- Allocation: ............................ 0.000 s    
|  |- Coarsening: ............................... 0.543 s    
|  |  |- Level (0): ............................. 0.543 s    
|  |  |  |- Label Propagation: .................. 0.454 s    
|  |  |  |  |- Allocation: ...................... 0.001 s    
|  |  |  |  |- Iteration (0): ................... 0.338 s    
|  |  |  |  |  |- First phase: .................. 0.335 s    
|  |  |  |  |  `- Second phase: ................. 0.000 s    
|  |  |  |  |- Iteration (1): ................... 0.061 s    
|  |  |  |  |  |- First phase: .................. 0.061 s    
|  |  |  |  |  `- Second phase: ................. 0.000 s    
|  |  |  |  |- Iteration (2): ................... 0.023 s    
|  |  |  |  |  |- First phase: .................. 0.023 s    
|  |  |  |  |  `- Second phase: ................. 0.000 s    
|  |  |  |  |- Iteration (3): ................... 0.014 s    
|  |  |  |  |  |- First phase: .................. 0.013 s    
|  |  |  |  |  `- Second phase: ................. 0.000 s    
|  |  |  |  |- Iteration (4): ................... 0.010 s    
|  |  |  |  |  |- First phase: .................. 0.010 s    
|  |  |  |  |  `- Second phase: ................. 0.000 s    
|  |  |  |  |- Handle isolated nodes: ........... 0.000 s    
|  |  |  |  |- Handle two-hop nodes: ............ 0.000 s    
|  |  |  |  `- Free: ............................ 0.005 s    
|  |  |  `- Contract graph: ..................... 0.088 s    
|  |  |     |- Allocation: ...................... 0.000 s (3)
|  |  |     |- Preprocessing: ................... 0.010 s (3)
|  |  |     |- Deallocation: .................... 0.000 s    
|  |  |     `- Construct coarse graph: .......... 0.078 s    
|  |  |        |- Aggregate coarse edges: ....... 0.077 s    
|  |  |        |  |- First phase: ............... 0.043 s    
|  |  |        |  `- Second phase: .............. 0.022 s    
|  |  |        `- Remap coarse edges and mapping: 0.000 s    
|  |  `- Deallocation: .......................... 0.000 s    
|  |- Initial partitioning scheme: .............. 0.348 s    
|  |- Uncoarsening: ............................. 0.099 s    
|  |  `- Level (0): ............................. 0.099 s    
|  |     |- Allocation: ......................... 0.000 s    
|  |     |- Project partition: .................. 0.000 s    
|  |     |- Create graph: ....................... 0.000 s    
|  |     `- Refinement: ......................... 0.098 s    
|  |        |- Greedy Balancer: ................. 0.062 s    
|  |        |  |- Allocation: ................... 0.000 s    
|  |        |  |- Initialize balancer PQ: ....... 0.043 s    
|  |        |  |  |- Thread-local: .............. 0.008 s    
|  |        |  |  `- Merge thread-local PQs: .... 0.034 s    
|  |        |  `- Main loop: .................... 0.018 s    
|  |        `- Label Propagation: ............... 0.036 s    
|  |           |- Allocation: ................... 0.000 s    
|  |           |- Iteration (0): ................ 0.015 s    
|  |           |- Iteration (1): ................ 0.009 s    
|  |           |- Iteration (2): ................ 0.005 s    
|  |           |- Iteration (3): ................ 0.003 s    
|  |           `- Iteration (4): ................ 0.002 s    
|  |- Deallocation: ............................. 0.004 s    
|  `- Re-integrate isolated nodes: .............. 0.001 s    
`- IO: .......................................... 0.000 s    

Partition summary:
  Number of blocks: 16
  Edge cut:         9760984
  Imbalance:        0.0299988
  Feasible:         yes

Block weights:
  w(0 ) = 33751    w(1 ) = 33751    w(2 ) = 33751    w(3 ) = 33751  
  w(4 ) = 33751    w(5 ) = 33751    w(6 ) = 33751    w(7 ) = 33751  
  w(8 ) = 33751    w(9 ) = 33751    w(10) = 33751    w(11) = 33751  
  w(12) = 33751    w(13) = 33751    w(14) = 33751    w(15) = 18023  

Maximum resident set size: 893260 KiB
