################################################################################
#                _  __       __  __  _         ____                            #
#               | |/ / __ _ |  \/  |(_) _ __  |  _ \  __ _  _ __               #
#               | ' / / _` || |\/| || || '_ \ | |_) |/ _` || '__|              #
#               | . \| (_| || |  | || || | | ||  __/| (_| || |                 #
#               |_|\_\\__,_||_|  |_||_||_| |_||_|    \__,_||_|                 #
#                                                                              #
################################################################################
Current commit hash:          99c62314d27845b3825829ec1e3e97256490627d
Assertion level:              always+light
Statistics:                   disabled
Built on:                     liskov
Data type sizes:
  Nodes IDs: 4 bytes | Node weights: 4 bytes
  Edges IDs: 4 bytes | Edge weights: 4 bytes
############################################################## Input Summary ###
Execution mode:               64
Seed:                         1
Graph:                        kron_g500-simple-logn21 [node ordering: deg-buckets] [edge ordering: natural]
  Number of nodes:              2097152 (unweighted)
  Number of edges:            182081864 (unweighted)
Number of blocks:             16
Maximum block weight:         135004 (131072 + 3% / 3%)
---------------------------------------------------------- Graph Compression ---
Enabled:                      no
-------------------------------------------------------- Partitioning Scheme ---
Partitioning mode:            deep
  Deep initial part. mode:    async-parallel
  Deep initial part. load:    1
Subgraph memory:              Lazy
----------------------------------------------------------------- Coarsening ---
Contraction limit:            2000
Coarsening algorithm:         clustering
  Cluster weight limit:       epsilon-block-weight x 1
  Shrink factor:              1.79769e+308
  Max mem-free level:         1
  Clustering algorithm:       lp
    Number of iterations:     5
    High degree threshold:    4294967295
    Max degree:               4294967295
    Tie breaking strategy:    uniform
    Implementation:           two-phase
      Relabel:                no
    2-hop clustering:         match-threadwise, if |Vcoarse| > 0.500000 * |V|
    Isolated nodes:           match-during-two-hop
  Forced hierarchy levels:    <none> (leeway: U=10.000000, L=1.100000)
Contraction algorithm:        unbuffered
  Implementation:             two-phase
------------------------------------------------------- Initial Partitioning ---
Adaptive algorithm selection: yes
----------------------------------------------------------------- Refinement ---
Refinement algorithms:        [greedy-balancer -> lp]
Label propagation:
  Number of iterations:       5
  Tie breaking strategy:      uniform
  Implementation:             single-phase
############################################################## Preprocessing ###
Removed 553065 isolated nodes
  Remaining nodes:             1544087
  Remaining total node weight: 1544087
############################################################### Partitioning ###
Input graph:
 Number of nodes: 1544087 | Number of edges: 182081864
 Maximum node weight: 1

Coarsening -> Level 1 [max cluster weight: 38497]:
 Total edge weight:   122126894
 Number of nodes:     110936 | Number of edges: 2749324
 Maximum node weight: 38498

==> Coarsening terminated with less than 128000 nodes

Initial partitioning:
 Number of blocks: 16

Uncoarsening -> Level 0
 Number of nodes: 1544087 | Number of edges: 182081864
  Running refinement on 16 blocks
   1. Greedy Balancer
   2. Label Propagation
############################################################# Result Summary ###
RESULT cut=41516152 imbalance=0.0299988 feasible=1 k=16
TIME read_input_graph=12.008 partitioning=1.372 partitioning.rearrange_by_degree-buckets=0.069 partitioning.rearrange_by_degree-buckets.sort_nodes_by_integer_buckets=0.019 partitioning.rearrange_by_degree-buckets.rearrange_input_graph=0.043 partitioning.rearrange_by_degree-buckets.deallocation=0.003 partitioning.refinement=0.000 partitioning.refinement.allocation=0.000 partitioning.coarsening=0.743 partitioning.coarsening.level[0]=0.743 partitioning.coarsening.level[0].label_propagation=0.600 partitioning.coarsening.level[0].label_propagation.allocation=0.010 partitioning.coarsening.level[0].label_propagation.iteration[0]=0.323 partitioning.coarsening.level[0].label_propagation.iteration[0].first_phase=0.243 partitioning.coarsening.level[0].label_propagation.iteration[0].second_phase=0.077 partitioning.coarsening.level[0].label_propagation.iteration[1]=0.098 partitioning.coarsening.level[0].label_propagation.iteration[1].first_phase=0.087 partitioning.coarsening.level[0].label_propagation.iteration[1].second_phase=0.010 partitioning.coarsening.level[0].label_propagation.iteration[2]=0.065 partitioning.coarsening.level[0].label_propagation.iteration[2].first_phase=0.056 partitioning.coarsening.level[0].label_propagation.iteration[2].second_phase=0.008 partitioning.coarsening.level[0].label_propagation.iteration[3]=0.051 partitioning.coarsening.level[0].label_propagation.iteration[3].first_phase=0.043 partitioning.coarsening.level[0].label_propagation.iteration[3].second_phase=0.008 partitioning.coarsening.level[0].label_propagation.iteration[4]=0.041 partitioning.coarsening.level[0].label_propagation.iteration[4].first_phase=0.034 partitioning.coarsening.level[0].label_propagation.iteration[4].second_phase=0.006 partitioning.coarsening.level[0].label_propagation.handle_isolated_nodes=0.000 partitioning.coarsening.level[0].label_propagation.handle_two-hop_nodes=0.000 partitioning.coarsening.level[0].label_propagation.free=0.005 partitioning.coarsening.level[0].contract_graph=0.141 partitioning.coarsening.level[0].contract_graph.allocation=0.000 partitioning.coarsening.level[0].contract_graph.preprocessing=0.034 partitioning.coarsening.level[0].contract_graph.deallocation=0.000 partitioning.coarsening.level[0].contract_graph.construct_coarse_graph=0.106 partitioning.coarsening.level[0].contract_graph.construct_coarse_graph.aggregate_coarse_edges=0.105 partitioning.coarsening.level[0].contract_graph.construct_coarse_graph.aggregate_coarse_edges.first_phase=0.047 partitioning.coarsening.level[0].contract_graph.construct_coarse_graph.aggregate_coarse_edges.second_phase=0.049 partitioning.coarsening.level[0].contract_graph.construct_coarse_graph.remap_coarse_edges_and_mapping=0.001 partitioning.coarsening.deallocation=0.000 partitioning.initial_partitioning_scheme=0.373 partitioning.uncoarsening=0.172 partitioning.uncoarsening.level[0]=0.172 partitioning.uncoarsening.level[0].allocation=0.008 partitioning.uncoarsening.level[0].project_partition=0.000 partitioning.uncoarsening.level[0].create_graph=0.000 partitioning.uncoarsening.level[0].refinement=0.161 partitioning.uncoarsening.level[0].refinement.greedy_balancer=0.000 partitioning.uncoarsening.level[0].refinement.label_propagation=0.161 partitioning.uncoarsening.level[0].refinement.label_propagation.allocation=0.000 partitioning.uncoarsening.level[0].refinement.label_propagation.iteration[0]=0.066 partitioning.uncoarsening.level[0].refinement.label_propagation.iteration[1]=0.039 partitioning.uncoarsening.level[0].refinement.label_propagation.iteration[2]=0.025 partitioning.uncoarsening.level[0].refinement.label_propagation.iteration[3]=0.018 partitioning.uncoarsening.level[0].refinement.label_propagation.iteration[4]=0.011 partitioning.deallocation=0.001 partitioning.re-integrate_isolated_nodes=0.011 io=0.000 
MEMORY disabled

Global Timer: ................................... 13.386 s    
|- Read input graph: ............................ 12.008 s    
|- Partitioning: ................................ 1.372 s     
|  |- Rearrange by degree-buckets: .............. 0.069 s     
|  |  |- Sort nodes by integer buckets: ......... 0.019 s     
|  |  |- Rearrange input graph: ................. 0.043 s     
|  |  `- Deallocation: .......................... 0.003 s     
|  |- Refinement: ............................... 0.000 s     
|  |  `- Allocation: ............................ 0.000 s     
|  |- Coarsening: ............................... 0.743 s     
|  |  |- Level (0): ............................. 0.743 s     
|  |  |  |- Label Propagation: .................. 0.600 s     
|  |  |  |  |- Allocation: ...................... 0.010 s     
|  |  |  |  |- Iteration (0): ................... 0.323 s     
|  |  |  |  |  |- First phase: .................. 0.243 s     
|  |  |  |  |  `- Second phase: ................. 0.077 s     
|  |  |  |  |- Iteration (1): ................... 0.098 s     
|  |  |  |  |  |- First phase: .................. 0.087 s     
|  |  |  |  |  `- Second phase: ................. 0.010 s     
|  |  |  |  |- Iteration (2): ................... 0.065 s     
|  |  |  |  |  |- First phase: .................. 0.056 s     
|  |  |  |  |  `- Second phase: ................. 0.008 s     
|  |  |  |  |- Iteration (3): ................... 0.051 s     
|  |  |  |  |  |- First phase: .................. 0.043 s     
|  |  |  |  |  `- Second phase: ................. 0.008 s     
|  |  |  |  |- Iteration (4): ................... 0.041 s     
|  |  |  |  |  |- First phase: .................. 0.034 s     
|  |  |  |  |  `- Second phase: ................. 0.006 s     
|  |  |  |  |- Handle isolated nodes: ........... 0.000 s     
|  |  |  |  |- Handle two-hop nodes: ............ 0.000 s     
|  |  |  |  `- Free: ............................ 0.005 s     
|  |  |  `- Contract graph: ..................... 0.141 s     
|  |  |     |- Allocation: ...................... 0.000 s  (3)
|  |  |     |- Preprocessing: ................... 0.034 s  (3)
|  |  |     |- Deallocation: .................... 0.000 s     
|  |  |     `- Construct coarse graph: .......... 0.106 s     
|  |  |        |- Aggregate coarse edges: ....... 0.105 s     
|  |  |        |  |- First phase: ............... 0.047 s     
|  |  |        |  `- Second phase: .............. 0.049 s     
|  |  |        `- Remap coarse edges and mapping: 0.001 s     
|  |  `- Deallocation: .......................... 0.000 s     
|  |- Initial partitioning scheme: .............. 0.373 s     
|  |- Uncoarsening: ............................. 0.172 s     
|  |  `- Level (0): ............................. 0.172 s     
|  |     |- Allocation: ......................... 0.008 s     
|  |     |- Project partition: .................. 0.000 s     
|  |     |- Create graph: ....................... 0.000 s     
|  |     `- Refinement: ......................... 0.161 s     
|  |        |- Greedy Balancer: ................. 0.000 s     
|  |        `- Label Propagation: ............... 0.161 s     
|  |           |- Allocation: ................... 0.000 s     
|  |           |- Iteration (0): ................ 0.066 s     
|  |           |- Iteration (1): ................ 0.039 s     
|  |           |- Iteration (2): ................ 0.025 s     
|  |           |- Iteration (3): ................ 0.018 s     
|  |           `- Iteration (4): ................ 0.011 s     
|  |- Deallocation: ............................. 0.001 s     
|  `- Re-integrate isolated nodes: .............. 0.011 s     
`- IO: .......................................... 0.000 s     

Partition summary:
  Number of blocks: 16
  Edge cut:         41516152
  Imbalance:        0.0299988
  Feasible:         yes

Block weights:
  w(0 ) = 135004    w(1 ) = 135004    w(2 ) = 135004    w(3 ) = 135004  
  w(4 ) = 135004    w(5 ) = 135004    w(6 ) = 135004    w(7 ) = 135004  
  w(8 ) = 135004    w(9 ) = 135004    w(10) = 135004    w(11) = 135004  
  w(12) = 135004    w(13) = 72102     w(14) = 134997    w(15) = 135001  

Maximum resident set size: 2071444 KiB
