################################################################################
#                _  __       __  __  _         ____                            #
#               | |/ / __ _ |  \/  |(_) _ __  |  _ \  __ _  _ __               #
#               | ' / / _` || |\/| || || '_ \ | |_) |/ _` || '__|              #
#               | . \| (_| || |  | || || | | ||  __/| (_| || |                 #
#               |_|\_\\__,_||_|  |_||_||_| |_||_|    \__,_||_|                 #
#                                                                              #
################################################################################
Current commit hash:          99c62314d27845b3825829ec1e3e97256490627d
Assertion level:              always+light
Statistics:                   disabled
Built on:                     liskov
Data type sizes:
  Nodes IDs: 4 bytes | Node weights: 4 bytes
  Edges IDs: 4 bytes | Edge weights: 4 bytes
############################################################## Input Summary ###
Execution mode:               64
Seed:                         1
Graph:                        ldoor [node ordering: deg-buckets] [edge ordering: natural]
  Number of nodes:              952203 (unweighted)
  Number of edges:            45570272 (unweighted)
Number of blocks:             16
Maximum block weight:         61298 (59513 + 3% / 3%)
---------------------------------------------------------- Graph Compression ---
Enabled:                      no
-------------------------------------------------------- Partitioning Scheme ---
Partitioning mode:            deep
  Deep initial part. mode:    async-parallel
  Deep initial part. load:    1
Subgraph memory:              Lazy
----------------------------------------------------------------- Coarsening ---
Contraction limit:            2000
Coarsening algorithm:         clustering
  Cluster weight limit:       epsilon-block-weight x 1
  Shrink factor:              1.79769e+308
  Max mem-free level:         1
  Clustering algorithm:       lp
    Number of iterations:     5
    High degree threshold:    4294967295
    Max degree:               4294967295
    Tie breaking strategy:    uniform
    Implementation:           two-phase
      Relabel:                no
    2-hop clustering:         match-threadwise, if |Vcoarse| > 0.500000 * |V|
    Isolated nodes:           match-during-two-hop
  Forced hierarchy levels:    <none> (leeway: U=10.000000, L=1.100000)
Contraction algorithm:        unbuffered
  Implementation:             two-phase
------------------------------------------------------- Initial Partitioning ---
Adaptive algorithm selection: yes
----------------------------------------------------------------- Refinement ---
Refinement algorithms:        [greedy-balancer -> lp]
Label propagation:
  Number of iterations:       5
  Tie breaking strategy:      uniform
  Implementation:             single-phase
############################################################## Preprocessing ###
Removed 0 isolated nodes
  Remaining nodes:             952203
  Remaining total node weight: 952203
############################################################### Partitioning ###
Input graph:
 Number of nodes: 952203 | Number of edges: 45570272
 Maximum node weight: 1

Coarsening -> Level 1 [max cluster weight: 1785]:
 Total edge weight:   13781898
 Number of nodes:     11684 | Number of edges: 69744
 Maximum node weight: 413

==> Coarsening terminated with less than 128000 nodes

Initial partitioning:
 Number of blocks: 8

Uncoarsening -> Level 0
 Number of nodes: 952203 | Number of edges: 45570272
  Running refinement on 8 blocks
   1. Greedy Balancer
   2. Label Propagation
  Extending partition from 8 blocks to 16 blocks

Toplevel:
 Number of nodes: 952203 | Number of edges: 45570272
  Running refinement on 16 blocks
   1. Greedy Balancer
   2. Label Propagation
############################################################# Result Summary ###
RESULT cut=161910 imbalance=0.0277754 feasible=1 k=16
TIME read_input_graph=2.765 partitioning=0.490 partitioning.rearrange_by_degree-buckets=0.044 partitioning.rearrange_by_degree-buckets.sort_nodes_by_integer_buckets=0.022 partitioning.rearrange_by_degree-buckets.rearrange_input_graph=0.017 partitioning.rearrange_by_degree-buckets.deallocation=0.001 partitioning.refinement=0.000 partitioning.refinement.allocation=0.000 partitioning.coarsening=0.087 partitioning.coarsening.level[0]=0.087 partitioning.coarsening.level[0].label_propagation=0.058 partitioning.coarsening.level[0].label_propagation.allocation=0.007 partitioning.coarsening.level[0].label_propagation.iteration[0]=0.022 partitioning.coarsening.level[0].label_propagation.iteration[0].first_phase=0.020 partitioning.coarsening.level[0].label_propagation.iteration[1]=0.010 partitioning.coarsening.level[0].label_propagation.iteration[1].first_phase=0.010 partitioning.coarsening.level[0].label_propagation.iteration[2]=0.006 partitioning.coarsening.level[0].label_propagation.iteration[2].first_phase=0.006 partitioning.coarsening.level[0].label_propagation.iteration[3]=0.003 partitioning.coarsening.level[0].label_propagation.iteration[3].first_phase=0.003 partitioning.coarsening.level[0].label_propagation.iteration[4]=0.002 partitioning.coarsening.level[0].label_propagation.iteration[4].first_phase=0.001 partitioning.coarsening.level[0].label_propagation.handle_isolated_nodes=0.000 partitioning.coarsening.level[0].label_propagation.handle_two-hop_nodes=0.000 partitioning.coarsening.level[0].label_propagation.free=0.006 partitioning.coarsening.level[0].contract_graph=0.028 partitioning.coarsening.level[0].contract_graph.allocation=0.000 partitioning.coarsening.level[0].contract_graph.preprocessing=0.003 partitioning.coarsening.level[0].contract_graph.deallocation=0.000 partitioning.coarsening.level[0].contract_graph.construct_coarse_graph=0.024 partitioning.coarsening.level[0].contract_graph.construct_coarse_graph.aggregate_coarse_edges=0.023 partitioning.coarsening.level[0].contract_graph.construct_coarse_graph.aggregate_coarse_edges.first_phase=0.012 partitioning.coarsening.level[0].contract_graph.construct_coarse_graph.aggregate_coarse_edges.second_phase=0.000 partitioning.coarsening.level[0].contract_graph.construct_coarse_graph.remap_coarse_edges_and_mapping=0.001 partitioning.coarsening.deallocation=0.000 partitioning.initial_partitioning_scheme=0.093 partitioning.uncoarsening=0.262 partitioning.uncoarsening.level[0]=0.250 partitioning.uncoarsening.level[0].allocation=0.000 partitioning.uncoarsening.level[0].project_partition=0.000 partitioning.uncoarsening.level[0].create_graph=0.000 partitioning.uncoarsening.level[0].refinement=0.011 partitioning.uncoarsening.level[0].refinement.greedy_balancer=0.000 partitioning.uncoarsening.level[0].refinement.label_propagation=0.011 partitioning.uncoarsening.level[0].refinement.label_propagation.allocation=0.000 partitioning.uncoarsening.level[0].refinement.label_propagation.iteration[0]=0.009 partitioning.uncoarsening.level[0].refinement.label_propagation.iteration[1]=0.000 partitioning.uncoarsening.level[0].refinement.label_propagation.iteration[2]=0.000 partitioning.uncoarsening.level[0].refinement.label_propagation.iteration[3]=0.000 partitioning.uncoarsening.level[0].initial_partitioning=0.228 partitioning.uncoarsening.level[0].initial_partitioning.preprocessing=0.038 partitioning.uncoarsening.level[0].initial_partitioning.allocation=0.000 partitioning.uncoarsening.level[0].initial_partitioning.bipartitioning=0.187 partitioning.uncoarsening.level[0].initial_partitioning.copy_subgraph_partitions=0.001 partitioning.uncoarsening.level[0].deallocation=0.009 partitioning.uncoarsening.refinement=0.011 partitioning.uncoarsening.refinement.greedy_balancer=0.000 partitioning.uncoarsening.refinement.label_propagation=0.011 partitioning.uncoarsening.refinement.label_propagation.iteration[0]=0.011 partitioning.deallocation=0.000 partitioning.re-integrate_isolated_nodes=0.001 io=0.000 
MEMORY disabled

Global Timer: ................................... 3.258 s    
|- Read input graph: ............................ 2.765 s    
|- Partitioning: ................................ 0.490 s    
|  |- Rearrange by degree-buckets: .............. 0.044 s    
|  |  |- Sort nodes by integer buckets: ......... 0.022 s    
|  |  |- Rearrange input graph: ................. 0.017 s    
|  |  `- Deallocation: .......................... 0.001 s    
|  |- Refinement: ............................... 0.000 s    
|  |  `- Allocation: ............................ 0.000 s    
|  |- Coarsening: ............................... 0.087 s    
|  |  |- Level (0): ............................. 0.087 s    
|  |  |  |- Label Propagation: .................. 0.058 s    
|  |  |  |  |- Allocation: ...................... 0.007 s    
|  |  |  |  |- Iteration (0): ................... 0.022 s    
|  |  |  |  |  `- First phase: .................. 0.020 s    
|  |  |  |  |- Iteration (1): ................... 0.010 s    
|  |  |  |  |  `- First phase: .................. 0.010 s    
|  |  |  |  |- Iteration (2): ................... 0.006 s    
|  |  |  |  |  `- First phase: .................. 0.006 s    
|  |  |  |  |- Iteration (3): ................... 0.003 s    
|  |  |  |  |  `- First phase: .................. 0.003 s    
|  |  |  |  |- Iteration (4): ................... 0.002 s    
|  |  |  |  |  `- First phase: .................. 0.001 s    
|  |  |  |  |- Handle isolated nodes: ........... 0.000 s    
|  |  |  |  |- Handle two-hop nodes: ............ 0.000 s    
|  |  |  |  `- Free: ............................ 0.006 s    
|  |  |  `- Contract graph: ..................... 0.028 s    
|  |  |     |- Allocation: ...................... 0.000 s (3)
|  |  |     |- Preprocessing: ................... 0.003 s (3)
|  |  |     |- Deallocation: .................... 0.000 s    
|  |  |     `- Construct coarse graph: .......... 0.024 s    
|  |  |        |- Aggregate coarse edges: ....... 0.023 s    
|  |  |        |  |- First phase: ............... 0.012 s    
|  |  |        |  `- Second phase: .............. 0.000 s    
|  |  |        `- Remap coarse edges and mapping: 0.001 s    
|  |  `- Deallocation: .......................... 0.000 s    
|  |- Initial partitioning scheme: .............. 0.093 s    
|  |- Uncoarsening: ............................. 0.262 s    
|  |  |- Level (0): ............................. 0.250 s    
|  |  |  |- Allocation: ......................... 0.000 s    
|  |  |  |- Project partition: .................. 0.000 s    
|  |  |  |- Create graph: ....................... 0.000 s    
|  |  |  |- Refinement: ......................... 0.011 s    
|  |  |  |  |- Greedy Balancer: ................. 0.000 s    
|  |  |  |  `- Label Propagation: ............... 0.011 s    
|  |  |  |     |- Allocation: ................... 0.000 s    
|  |  |  |     |- Iteration (0): ................ 0.009 s    
|  |  |  |     |- Iteration (1): ................ 0.000 s    
|  |  |  |     |- Iteration (2): ................ 0.000 s    
|  |  |  |     `- Iteration (3): ................ 0.000 s    
|  |  |  |- Initial partitioning: ............... 0.228 s    
|  |  |  |  |- Preprocessing: ................... 0.038 s    
|  |  |  |  |- Allocation: ...................... 0.000 s    
|  |  |  |  |- Bipartitioning: .................. 0.187 s    
|  |  |  |  `- Copy subgraph partitions: ........ 0.001 s    
|  |  |  `- Deallocation: ....................... 0.009 s    
|  |  `- Refinement: ............................ 0.011 s    
|  |     |- Greedy Balancer: .................... 0.000 s    
|  |     `- Label Propagation: .................. 0.011 s    
|  |        `- Iteration (0): ................... 0.011 s    
|  |- Deallocation: ............................. 0.000 s    
|  `- Re-integrate isolated nodes: .............. 0.001 s    
`- IO: .......................................... 0.000 s    

Partition summary:
  Number of blocks: 16
  Edge cut:         161910
  Imbalance:        0.0277754
  Feasible:         yes

Block weights:
  w(0 ) = 59808    w(1 ) = 57813    w(2 ) = 60249    w(3 ) = 59122  
  w(4 ) = 60599    w(5 ) = 58107    w(6 ) = 59703    w(7 ) = 57064  
  w(8 ) = 60207    w(9 ) = 60655    w(10) = 59514    w(11) = 59668  
  w(12) = 61166    w(13) = 59962    w(14) = 60872    w(15) = 57694  

Maximum resident set size: 935592 KiB
