################################################################################
#                _  __       __  __  _         ____                            #
#               | |/ / __ _ |  \/  |(_) _ __  |  _ \  __ _  _ __               #
#               | ' / / _` || |\/| || || '_ \ | |_) |/ _` || '__|              #
#               | . \| (_| || |  | || || | | ||  __/| (_| || |                 #
#               |_|\_\\__,_||_|  |_||_||_| |_||_|    \__,_||_|                 #
#                                                                              #
################################################################################
Current commit hash:          99c62314d27845b3825829ec1e3e97256490627d
Assertion level:              always+light
Statistics:                   disabled
Built on:                     liskov
Data type sizes:
  Nodes IDs: 4 bytes | Node weights: 4 bytes
  Edges IDs: 4 bytes | Edge weights: 4 bytes
############################################################## Input Summary ###
Execution mode:               64
Seed:                         1
Graph:                        Long_Coup_dt6 [node ordering: deg-buckets] [edge ordering: natural]
  Number of nodes:             1470152 (unweighted)
  Number of edges:            85618840 (unweighted)
Number of blocks:             16
Maximum block weight:         94641 (91885 + 3% / 3%)
---------------------------------------------------------- Graph Compression ---
Enabled:                      no
-------------------------------------------------------- Partitioning Scheme ---
Partitioning mode:            deep
  Deep initial part. mode:    async-parallel
  Deep initial part. load:    1
Subgraph memory:              Lazy
----------------------------------------------------------------- Coarsening ---
Contraction limit:            2000
Coarsening algorithm:         clustering
  Cluster weight limit:       epsilon-block-weight x 1
  Shrink factor:              1.79769e+308
  Max mem-free level:         1
  Clustering algorithm:       lp
    Number of iterations:     5
    High degree threshold:    4294967295
    Max degree:               4294967295
    Tie breaking strategy:    uniform
    Implementation:           two-phase
      Relabel:                no
    2-hop clustering:         match-threadwise, if |Vcoarse| > 0.500000 * |V|
    Isolated nodes:           match-during-two-hop
  Forced hierarchy levels:    <none> (leeway: U=10.000000, L=1.100000)
Contraction algorithm:        unbuffered
  Implementation:             two-phase
------------------------------------------------------- Initial Partitioning ---
Adaptive algorithm selection: yes
----------------------------------------------------------------- Refinement ---
Refinement algorithms:        [greedy-balancer -> lp]
Label propagation:
  Number of iterations:       5
  Tie breaking strategy:      uniform
  Implementation:             single-phase
############################################################## Preprocessing ###
Removed 0 isolated nodes
  Remaining nodes:             1470152
  Remaining total node weight: 1470152
############################################################### Partitioning ###
Input graph:
 Number of nodes: 1470152 | Number of edges: 85618840
 Maximum node weight: 1

Coarsening -> Level 1 [max cluster weight: 2756]:
 Total edge weight:   31550548
 Number of nodes:     9510 | Number of edges: 133360
 Maximum node weight: 1680

==> Coarsening terminated with less than 128000 nodes

Initial partitioning:
 Number of blocks: 8

Uncoarsening -> Level 0
 Number of nodes: 1470152 | Number of edges: 85618840
  Running refinement on 8 blocks
   1. Greedy Balancer
   2. Label Propagation
  Extending partition from 8 blocks to 16 blocks

Toplevel:
 Number of nodes: 1470152 | Number of edges: 85618840
  Running refinement on 16 blocks
   1. Greedy Balancer
   2. Label Propagation
############################################################# Result Summary ###
RESULT cut=1762603 imbalance=0.0298634 feasible=1 k=16
TIME read_input_graph=5.341 partitioning=0.726 partitioning.rearrange_by_degree-buckets=0.037 partitioning.rearrange_by_degree-buckets.sort_nodes_by_integer_buckets=0.015 partitioning.rearrange_by_degree-buckets.rearrange_input_graph=0.016 partitioning.rearrange_by_degree-buckets.deallocation=0.002 partitioning.refinement=0.000 partitioning.refinement.allocation=0.000 partitioning.coarsening=0.128 partitioning.coarsening.level[0]=0.128 partitioning.coarsening.level[0].label_propagation=0.095 partitioning.coarsening.level[0].label_propagation.allocation=0.009 partitioning.coarsening.level[0].label_propagation.iteration[0]=0.031 partitioning.coarsening.level[0].label_propagation.iteration[0].first_phase=0.029 partitioning.coarsening.level[0].label_propagation.iteration[1]=0.016 partitioning.coarsening.level[0].label_propagation.iteration[1].first_phase=0.016 partitioning.coarsening.level[0].label_propagation.iteration[2]=0.012 partitioning.coarsening.level[0].label_propagation.iteration[2].first_phase=0.012 partitioning.coarsening.level[0].label_propagation.iteration[3]=0.009 partitioning.coarsening.level[0].label_propagation.iteration[3].first_phase=0.009 partitioning.coarsening.level[0].label_propagation.iteration[4]=0.008 partitioning.coarsening.level[0].label_propagation.iteration[4].first_phase=0.007 partitioning.coarsening.level[0].label_propagation.handle_isolated_nodes=0.000 partitioning.coarsening.level[0].label_propagation.handle_two-hop_nodes=0.000 partitioning.coarsening.level[0].label_propagation.free=0.006 partitioning.coarsening.level[0].contract_graph=0.033 partitioning.coarsening.level[0].contract_graph.allocation=0.000 partitioning.coarsening.level[0].contract_graph.preprocessing=0.003 partitioning.coarsening.level[0].contract_graph.deallocation=0.000 partitioning.coarsening.level[0].contract_graph.construct_coarse_graph=0.028 partitioning.coarsening.level[0].contract_graph.construct_coarse_graph.aggregate_coarse_edges=0.028 partitioning.coarsening.level[0].contract_graph.construct_coarse_graph.aggregate_coarse_edges.first_phase=0.017 partitioning.coarsening.level[0].contract_graph.construct_coarse_graph.aggregate_coarse_edges.second_phase=0.000 partitioning.coarsening.level[0].contract_graph.construct_coarse_graph.remap_coarse_edges_and_mapping=0.000 partitioning.coarsening.deallocation=0.000 partitioning.initial_partitioning_scheme=0.106 partitioning.uncoarsening=0.450 partitioning.uncoarsening.level[0]=0.431 partitioning.uncoarsening.level[0].allocation=0.000 partitioning.uncoarsening.level[0].project_partition=0.000 partitioning.uncoarsening.level[0].create_graph=0.000 partitioning.uncoarsening.level[0].refinement=0.029 partitioning.uncoarsening.level[0].refinement.greedy_balancer=0.000 partitioning.uncoarsening.level[0].refinement.label_propagation=0.029 partitioning.uncoarsening.level[0].refinement.label_propagation.allocation=0.000 partitioning.uncoarsening.level[0].refinement.label_propagation.iteration[0]=0.017 partitioning.uncoarsening.level[0].refinement.label_propagation.iteration[1]=0.004 partitioning.uncoarsening.level[0].refinement.label_propagation.iteration[2]=0.002 partitioning.uncoarsening.level[0].refinement.label_propagation.iteration[3]=0.001 partitioning.uncoarsening.level[0].refinement.label_propagation.iteration[4]=0.000 partitioning.uncoarsening.level[0].initial_partitioning=0.389 partitioning.uncoarsening.level[0].initial_partitioning.preprocessing=0.048 partitioning.uncoarsening.level[0].initial_partitioning.allocation=0.000 partitioning.uncoarsening.level[0].initial_partitioning.bipartitioning=0.338 partitioning.uncoarsening.level[0].initial_partitioning.copy_subgraph_partitions=0.002 partitioning.uncoarsening.level[0].deallocation=0.011 partitioning.uncoarsening.refinement=0.018 partitioning.uncoarsening.refinement.greedy_balancer=0.000 partitioning.uncoarsening.refinement.label_propagation=0.018 partitioning.uncoarsening.refinement.label_propagation.iteration[0]=0.015 partitioning.uncoarsening.refinement.label_propagation.iteration[1]=0.001 partitioning.uncoarsening.refinement.label_propagation.iteration[2]=0.000 partitioning.uncoarsening.refinement.label_propagation.iteration[3]=0.000 partitioning.uncoarsening.refinement.label_propagation.iteration[4]=0.000 partitioning.deallocation=0.002 partitioning.re-integrate_isolated_nodes=0.000 io=0.000 
MEMORY disabled

Global Timer: ................................... 6.072 s    
|- Read input graph: ............................ 5.341 s    
|- Partitioning: ................................ 0.726 s    
|  |- Rearrange by degree-buckets: .............. 0.037 s    
|  |  |- Sort nodes by integer buckets: ......... 0.015 s    
|  |  |- Rearrange input graph: ................. 0.016 s    
|  |  `- Deallocation: .......................... 0.002 s    
|  |- Refinement: ............................... 0.000 s    
|  |  `- Allocation: ............................ 0.000 s    
|  |- Coarsening: ............................... 0.128 s    
|  |  |- Level (0): ............................. 0.128 s    
|  |  |  |- Label Propagation: .................. 0.095 s    
|  |  |  |  |- Allocation: ...................... 0.009 s    
|  |  |  |  |- Iteration (0): ................... 0.031 s    
|  |  |  |  |  `- First phase: .................. 0.029 s    
|  |  |  |  |- Iteration (1): ................... 0.016 s    
|  |  |  |  |  `- First phase: .................. 0.016 s    
|  |  |  |  |- Iteration (2): ................... 0.012 s    
|  |  |  |  |  `- First phase: .................. 0.012 s    
|  |  |  |  |- Iteration (3): ................... 0.009 s    
|  |  |  |  |  `- First phase: .................. 0.009 s    
|  |  |  |  |- Iteration (4): ................... 0.008 s    
|  |  |  |  |  `- First phase: .................. 0.007 s    
|  |  |  |  |- Handle isolated nodes: ........... 0.000 s    
|  |  |  |  |- Handle two-hop nodes: ............ 0.000 s    
|  |  |  |  `- Free: ............................ 0.006 s    
|  |  |  `- Contract graph: ..................... 0.033 s    
|  |  |     |- Allocation: ...................... 0.000 s (3)
|  |  |     |- Preprocessing: ................... 0.003 s (3)
|  |  |     |- Deallocation: .................... 0.000 s    
|  |  |     `- Construct coarse graph: .......... 0.028 s    
|  |  |        |- Aggregate coarse edges: ....... 0.028 s    
|  |  |        |  |- First phase: ............... 0.017 s    
|  |  |        |  `- Second phase: .............. 0.000 s    
|  |  |        `- Remap coarse edges and mapping: 0.000 s    
|  |  `- Deallocation: .......................... 0.000 s    
|  |- Initial partitioning scheme: .............. 0.106 s    
|  |- Uncoarsening: ............................. 0.450 s    
|  |  |- Level (0): ............................. 0.431 s    
|  |  |  |- Allocation: ......................... 0.000 s    
|  |  |  |- Project partition: .................. 0.000 s    
|  |  |  |- Create graph: ....................... 0.000 s    
|  |  |  |- Refinement: ......................... 0.029 s    
|  |  |  |  |- Greedy Balancer: ................. 0.000 s    
|  |  |  |  `- Label Propagation: ............... 0.029 s    
|  |  |  |     |- Allocation: ................... 0.000 s    
|  |  |  |     |- Iteration (0): ................ 0.017 s    
|  |  |  |     |- Iteration (1): ................ 0.004 s    
|  |  |  |     |- Iteration (2): ................ 0.002 s    
|  |  |  |     |- Iteration (3): ................ 0.001 s    
|  |  |  |     `- Iteration (4): ................ 0.000 s    
|  |  |  |- Initial partitioning: ............... 0.389 s    
|  |  |  |  |- Preprocessing: ................... 0.048 s    
|  |  |  |  |- Allocation: ...................... 0.000 s    
|  |  |  |  |- Bipartitioning: .................. 0.338 s    
|  |  |  |  `- Copy subgraph partitions: ........ 0.002 s    
|  |  |  `- Deallocation: ....................... 0.011 s    
|  |  `- Refinement: ............................ 0.018 s    
|  |     |- Greedy Balancer: .................... 0.000 s    
|  |     `- Label Propagation: .................. 0.018 s    
|  |        |- Iteration (0): ................... 0.015 s    
|  |        |- Iteration (1): ................... 0.001 s    
|  |        |- Iteration (2): ................... 0.000 s    
|  |        |- Iteration (3): ................... 0.000 s    
|  |        `- Iteration (4): ................... 0.000 s    
|  |- Deallocation: ............................. 0.002 s    
|  `- Re-integrate isolated nodes: .............. 0.000 s    
`- IO: .......................................... 0.000 s    

Partition summary:
  Number of blocks: 16
  Edge cut:         1762603
  Imbalance:        0.0298634
  Feasible:         yes

Block weights:
  w(0 ) = 93444     w(1 ) = 93428     w(2 ) = 94364     w(3 ) = 94612   
  w(4 ) = 93960     w(5 ) = 92996     w(6 ) = 92672     w(7 ) = 93196   
  w(8 ) = 89752     w(9 ) = 93212     w(10) = 85844     w(11) = 85816   
  w(12) = 87064     w(13) = 94629     w(14) = 92519     w(15) = 92644   

Maximum resident set size: 1325968 KiB
