################################################################################
#                _  __       __  __  _         ____                            #
#               | |/ / __ _ |  \/  |(_) _ __  |  _ \  __ _  _ __               #
#               | ' / / _` || |\/| || || '_ \ | |_) |/ _` || '__|              #
#               | . \| (_| || |  | || || | | ||  __/| (_| || |                 #
#               |_|\_\\__,_||_|  |_||_||_| |_||_|    \__,_||_|                 #
#                                                                              #
################################################################################
Current commit hash:          99c62314d27845b3825829ec1e3e97256490627d
Assertion level:              always+light
Statistics:                   disabled
Built on:                     liskov
Data type sizes:
  Nodes IDs: 4 bytes | Node weights: 4 bytes
  Edges IDs: 4 bytes | Edge weights: 4 bytes
############################################################## Input Summary ###
Execution mode:               64
Seed:                         1
Graph:                        mawi_201512020000 [node ordering: deg-buckets] [edge ordering: natural]
  Number of nodes:            22914771 (unweighted)
  Number of edges:            49124430 (unweighted)
Number of blocks:             16
Maximum block weight:         1475139 (1432174 + 3% / 3%)
---------------------------------------------------------- Graph Compression ---
Enabled:                      no
-------------------------------------------------------- Partitioning Scheme ---
Partitioning mode:            deep
  Deep initial part. mode:    async-parallel
  Deep initial part. load:    1
Subgraph memory:              Lazy
----------------------------------------------------------------- Coarsening ---
Contraction limit:            2000
Coarsening algorithm:         clustering
  Cluster weight limit:       epsilon-block-weight x 1
  Shrink factor:              1.79769e+308
  Max mem-free level:         1
  Clustering algorithm:       lp
    Number of iterations:     5
    High degree threshold:    4294967295
    Max degree:               4294967295
    Tie breaking strategy:    uniform
    Implementation:           two-phase
      Relabel:                no
    2-hop clustering:         match-threadwise, if |Vcoarse| > 0.500000 * |V|
    Isolated nodes:           match-during-two-hop
  Forced hierarchy levels:    <none> (leeway: U=10.000000, L=1.100000)
Contraction algorithm:        unbuffered
  Implementation:             two-phase
------------------------------------------------------- Initial Partitioning ---
Adaptive algorithm selection: yes
----------------------------------------------------------------- Refinement ---
Refinement algorithms:        [greedy-balancer -> lp]
Label propagation:
  Number of iterations:       5
  Tie breaking strategy:      uniform
  Implementation:             single-phase
############################################################## Preprocessing ###
Removed 0 isolated nodes
  Remaining nodes:             22914771
  Remaining total node weight: 22914771
############################################################### Partitioning ###
Input graph:
 Number of nodes: 22914771 | Number of edges: 49124430
 Maximum node weight: 1

Coarsening -> Level 1 [max cluster weight: 42965]:
 Total edge weight:   46075430
 Number of nodes:     10757108 | Number of edges: 21926902
 Maximum node weight: 42987

Coarsening -> Level 2 [max cluster weight: 42965]:
 Total edge weight:   45709602
 Number of nodes:     5369723 | Number of edges: 10771270
 Maximum node weight: 42987

Coarsening -> Level 3 [max cluster weight: 42965]:
 Total edge weight:   45705032
 Number of nodes:     2684829 | Number of edges: 5387902
 Maximum node weight: 42987

Coarsening -> Level 4 [max cluster weight: 42965]:
 Total edge weight:   45705032
 Number of nodes:     1342556 | Number of edges: 2699310
 Maximum node weight: 42987

Coarsening -> Level 5 [max cluster weight: 42965]:
 Total edge weight:   45705032
 Number of nodes:     671411 | Number of edges: 1354066
 Maximum node weight: 42987

Coarsening -> Level 6 [max cluster weight: 42965]:
 Total edge weight:   45705032
 Number of nodes:     335844 | Number of edges: 680934
 Maximum node weight: 42987

Coarsening -> Level 7 [max cluster weight: 42965]:
 Total edge weight:   45705032
 Number of nodes:     168050 | Number of edges: 343980
 Maximum node weight: 42987

Coarsening -> Level 8 [max cluster weight: 42965]:
 Total edge weight:   45705032
 Number of nodes:     84158 | Number of edges: 175372
 Maximum node weight: 42987

==> Coarsening terminated with less than 128000 nodes

Initial partitioning:
 Number of blocks: 16

Uncoarsening -> Level 7
 Number of nodes: 168050 | Number of edges: 343980
  Running refinement on 16 blocks
   1. Greedy Balancer
   2. Label Propagation

Uncoarsening -> Level 6
 Number of nodes: 335844 | Number of edges: 680934
  Running refinement on 16 blocks
   1. Greedy Balancer
   2. Label Propagation

Uncoarsening -> Level 5
 Number of nodes: 671411 | Number of edges: 1354066
  Running refinement on 16 blocks
   1. Greedy Balancer
   2. Label Propagation

Uncoarsening -> Level 4
 Number of nodes: 1342556 | Number of edges: 2699310
  Running refinement on 16 blocks
   1. Greedy Balancer
   2. Label Propagation

Uncoarsening -> Level 3
 Number of nodes: 2684829 | Number of edges: 5387902
  Running refinement on 16 blocks
   1. Greedy Balancer
   2. Label Propagation

Uncoarsening -> Level 2
 Number of nodes: 5369723 | Number of edges: 10771270
  Running refinement on 16 blocks
   1. Greedy Balancer
   2. Label Propagation

Uncoarsening -> Level 1
 Number of nodes: 10757108 | Number of edges: 21926902
  Running refinement on 16 blocks
   1. Greedy Balancer
   2. Label Propagation

Uncoarsening -> Level 0
 Number of nodes: 22914771 | Number of edges: 49124430
  Running refinement on 16 blocks
   1. Greedy Balancer
   2. Label Propagation
############################################################# Result Summary ###
RESULT cut=17819761 imbalance=0.0299998 feasible=1 k=16
TIME read_input_graph=3.176 partitioning=2.142 partitioning.rearrange_by_degree-buckets=0.112 partitioning.rearrange_by_degree-buckets.sort_nodes_by_integer_buckets=0.018 partitioning.rearrange_by_degree-buckets.rearrange_input_graph=0.085 partitioning.rearrange_by_degree-buckets.deallocation=0.001 partitioning.refinement=0.000 partitioning.refinement.allocation=0.000 partitioning.coarsening=1.115 partitioning.coarsening.level[0]=0.590 partitioning.coarsening.level[0].label_propagation=0.310 partitioning.coarsening.level[0].label_propagation.allocation=0.015 partitioning.coarsening.level[0].label_propagation.iteration[0]=0.133 partitioning.coarsening.level[0].label_propagation.iteration[0].first_phase=0.066 partitioning.coarsening.level[0].label_propagation.iteration[0].second_phase=0.062 partitioning.coarsening.level[0].label_propagation.iteration[1]=0.034 partitioning.coarsening.level[0].label_propagation.iteration[1].first_phase=0.006 partitioning.coarsening.level[0].label_propagation.iteration[1].second_phase=0.028 partitioning.coarsening.level[0].label_propagation.iteration[2]=0.032 partitioning.coarsening.level[0].label_propagation.iteration[2].first_phase=0.004 partitioning.coarsening.level[0].label_propagation.iteration[2].second_phase=0.027 partitioning.coarsening.level[0].label_propagation.iteration[3]=0.038 partitioning.coarsening.level[0].label_propagation.iteration[3].first_phase=0.004 partitioning.coarsening.level[0].label_propagation.iteration[3].second_phase=0.033 partitioning.coarsening.level[0].label_propagation.iteration[4]=0.031 partitioning.coarsening.level[0].label_propagation.iteration[4].first_phase=0.004 partitioning.coarsening.level[0].label_propagation.iteration[4].second_phase=0.027 partitioning.coarsening.level[0].label_propagation.handle_isolated_nodes=0.000 partitioning.coarsening.level[0].label_propagation.handle_two-hop_nodes=0.004 partitioning.coarsening.level[0].label_propagation.free=0.012 partitioning.coarsening.level[0].contract_graph=0.278 partitioning.coarsening.level[0].contract_graph.allocation=0.002 partitioning.coarsening.level[0].contract_graph.preprocessing=0.069 partitioning.coarsening.level[0].contract_graph.deallocation=0.000 partitioning.coarsening.level[0].contract_graph.construct_coarse_graph=0.201 partitioning.coarsening.level[0].contract_graph.construct_coarse_graph.aggregate_coarse_edges=0.189 partitioning.coarsening.level[0].contract_graph.construct_coarse_graph.aggregate_coarse_edges.first_phase=0.146 partitioning.coarsening.level[0].contract_graph.construct_coarse_graph.aggregate_coarse_edges.second_phase=0.035 partitioning.coarsening.level[0].contract_graph.construct_coarse_graph.remap_coarse_edges_and_mapping=0.007 partitioning.coarsening.level[1]=0.251 partitioning.coarsening.level[1].label_propagation=0.119 partitioning.coarsening.level[1].label_propagation.allocation=0.010 partitioning.coarsening.level[1].label_propagation.iteration[0]=0.037 partitioning.coarsening.level[1].label_propagation.iteration[0].first_phase=0.011 partitioning.coarsening.level[1].label_propagation.iteration[0].second_phase=0.024 partitioning.coarsening.level[1].label_propagation.iteration[1]=0.016 partitioning.coarsening.level[1].label_propagation.iteration[1].first_phase=0.001 partitioning.coarsening.level[1].label_propagation.iteration[1].second_phase=0.014 partitioning.coarsening.level[1].label_propagation.iteration[2]=0.015 partitioning.coarsening.level[1].label_propagation.iteration[2].first_phase=0.001 partitioning.coarsening.level[1].label_propagation.iteration[2].second_phase=0.014 partitioning.coarsening.level[1].label_propagation.iteration[3]=0.016 partitioning.coarsening.level[1].label_propagation.iteration[3].first_phase=0.001 partitioning.coarsening.level[1].label_propagation.iteration[3].second_phase=0.015 partitioning.coarsening.level[1].label_propagation.iteration[4]=0.016 partitioning.coarsening.level[1].label_propagation.iteration[4].first_phase=0.001 partitioning.coarsening.level[1].label_propagation.iteration[4].second_phase=0.015 partitioning.coarsening.level[1].label_propagation.handle_isolated_nodes=0.000 partitioning.coarsening.level[1].label_propagation.handle_two-hop_nodes=0.003 partitioning.coarsening.level[1].contract_graph=0.131 partitioning.coarsening.level[1].contract_graph.allocation=0.002 partitioning.coarsening.level[1].contract_graph.preprocessing=0.023 partitioning.coarsening.level[1].contract_graph.deallocation=0.000 partitioning.coarsening.level[1].contract_graph.construct_coarse_graph=0.104 partitioning.coarsening.level[1].contract_graph.construct_coarse_graph.aggregate_coarse_edges=0.097 partitioning.coarsening.level[1].contract_graph.construct_coarse_graph.aggregate_coarse_edges.first_phase=0.065 partitioning.coarsening.level[1].contract_graph.construct_coarse_graph.aggregate_coarse_edges.second_phase=0.031 partitioning.coarsening.level[1].contract_graph.construct_coarse_graph.remap_coarse_edges_and_mapping=0.003 partitioning.coarsening.level[2]=0.138 partitioning.coarsening.level[2].label_propagation=0.056 partitioning.coarsening.level[2].label_propagation.iteration[0]=0.017 partitioning.coarsening.level[2].label_propagation.iteration[0].first_phase=0.005 partitioning.coarsening.level[2].label_propagation.iteration[0].second_phase=0.009 partitioning.coarsening.level[2].label_propagation.iteration[1]=0.009 partitioning.coarsening.level[2].label_propagation.iteration[1].first_phase=0.000 partitioning.coarsening.level[2].label_propagation.iteration[1].second_phase=0.008 partitioning.coarsening.level[2].label_propagation.iteration[2]=0.009 partitioning.coarsening.level[2].label_propagation.iteration[2].first_phase=0.000 partitioning.coarsening.level[2].label_propagation.iteration[2].second_phase=0.008 partitioning.coarsening.level[2].label_propagation.iteration[3]=0.009 partitioning.coarsening.level[2].label_propagation.iteration[3].first_phase=0.000 partitioning.coarsening.level[2].label_propagation.iteration[3].second_phase=0.008 partitioning.coarsening.level[2].label_propagation.iteration[4]=0.007 partitioning.coarsening.level[2].label_propagation.iteration[4].first_phase=0.000 partitioning.coarsening.level[2].label_propagation.iteration[4].second_phase=0.006 partitioning.coarsening.level[2].label_propagation.handle_isolated_nodes=0.000 partitioning.coarsening.level[2].label_propagation.handle_two-hop_nodes=0.002 partitioning.coarsening.level[2].contract_graph=0.081 partitioning.coarsening.level[2].contract_graph.allocation=0.001 partitioning.coarsening.level[2].contract_graph.preprocessing=0.010 partitioning.coarsening.level[2].contract_graph.deallocation=0.000 partitioning.coarsening.level[2].contract_graph.construct_coarse_graph=0.068 partitioning.coarsening.level[2].contract_graph.construct_coarse_graph.aggregate_coarse_edges=0.064 partitioning.coarsening.level[2].contract_graph.construct_coarse_graph.aggregate_coarse_edges.first_phase=0.039 partitioning.coarsening.level[2].contract_graph.construct_coarse_graph.aggregate_coarse_edges.second_phase=0.025 partitioning.coarsening.level[2].contract_graph.construct_coarse_graph.remap_coarse_edges_and_mapping=0.002 partitioning.coarsening.level[3]=0.057 partitioning.coarsening.level[3].label_propagation=0.015 partitioning.coarsening.level[3].label_propagation.iteration[0]=0.010 partitioning.coarsening.level[3].label_propagation.iteration[0].first_phase=0.003 partitioning.coarsening.level[3].label_propagation.iteration[0].second_phase=0.006 partitioning.coarsening.level[3].label_propagation.handle_isolated_nodes=0.000 partitioning.coarsening.level[3].label_propagation.handle_two-hop_nodes=0.001 partitioning.coarsening.level[3].contract_graph=0.040 partitioning.coarsening.level[3].contract_graph.allocation=0.001 partitioning.coarsening.level[3].contract_graph.preprocessing=0.006 partitioning.coarsening.level[3].contract_graph.deallocation=0.000 partitioning.coarsening.level[3].contract_graph.construct_coarse_graph=0.031 partitioning.coarsening.level[3].contract_graph.construct_coarse_graph.aggregate_coarse_edges=0.028 partitioning.coarsening.level[3].contract_graph.construct_coarse_graph.aggregate_coarse_edges.first_phase=0.008 partitioning.coarsening.level[3].contract_graph.construct_coarse_graph.aggregate_coarse_edges.second_phase=0.019 partitioning.coarsening.level[3].contract_graph.construct_coarse_graph.remap_coarse_edges_and_mapping=0.001 partitioning.coarsening.level[4]=0.040 partitioning.coarsening.level[4].label_propagation=0.015 partitioning.coarsening.level[4].label_propagation.iteration[0]=0.008 partitioning.coarsening.level[4].label_propagation.iteration[0].first_phase=0.002 partitioning.coarsening.level[4].label_propagation.iteration[0].second_phase=0.005 partitioning.coarsening.level[4].label_propagation.handle_isolated_nodes=0.000 partitioning.coarsening.level[4].label_propagation.handle_two-hop_nodes=0.000 partitioning.coarsening.level[4].contract_graph=0.023 partitioning.coarsening.level[4].contract_graph.allocation=0.000 partitioning.coarsening.level[4].contract_graph.preprocessing=0.009 partitioning.coarsening.level[4].contract_graph.deallocation=0.000 partitioning.coarsening.level[4].contract_graph.construct_coarse_graph=0.011 partitioning.coarsening.level[4].contract_graph.construct_coarse_graph.aggregate_coarse_edges=0.009 partitioning.coarsening.level[4].contract_graph.construct_coarse_graph.aggregate_coarse_edges.first_phase=0.005 partitioning.coarsening.level[4].contract_graph.construct_coarse_graph.aggregate_coarse_edges.second_phase=0.004 partitioning.coarsening.level[4].contract_graph.construct_coarse_graph.remap_coarse_edges_and_mapping=0.000 partitioning.coarsening.level[5]=0.017 partitioning.coarsening.level[5].label_propagation=0.005 partitioning.coarsening.level[5].label_propagation.iteration[0]=0.004 partitioning.coarsening.level[5].label_propagation.iteration[0].first_phase=0.001 partitioning.coarsening.level[5].label_propagation.iteration[0].second_phase=0.003 partitioning.coarsening.level[5].label_propagation.handle_isolated_nodes=0.000 partitioning.coarsening.level[5].label_propagation.handle_two-hop_nodes=0.000 partitioning.coarsening.level[5].contract_graph=0.011 partitioning.coarsening.level[5].contract_graph.allocation=0.000 partitioning.coarsening.level[5].contract_graph.preprocessing=0.002 partitioning.coarsening.level[5].contract_graph.deallocation=0.000 partitioning.coarsening.level[5].contract_graph.construct_coarse_graph=0.008 partitioning.coarsening.level[5].contract_graph.construct_coarse_graph.aggregate_coarse_edges=0.007 partitioning.coarsening.level[5].contract_graph.construct_coarse_graph.aggregate_coarse_edges.first_phase=0.004 partitioning.coarsening.level[5].contract_graph.construct_coarse_graph.aggregate_coarse_edges.second_phase=0.003 partitioning.coarsening.level[5].contract_graph.construct_coarse_graph.remap_coarse_edges_and_mapping=0.000 partitioning.coarsening.level[6]=0.012 partitioning.coarsening.level[6].label_propagation=0.003 partitioning.coarsening.level[6].label_propagation.iteration[0]=0.003 partitioning.coarsening.level[6].label_propagation.iteration[0].first_phase=0.000 partitioning.coarsening.level[6].label_propagation.iteration[0].second_phase=0.002 partitioning.coarsening.level[6].label_propagation.handle_isolated_nodes=0.000 partitioning.coarsening.level[6].label_propagation.handle_two-hop_nodes=0.000 partitioning.coarsening.level[6].contract_graph=0.008 partitioning.coarsening.level[6].contract_graph.allocation=0.000 partitioning.coarsening.level[6].contract_graph.preprocessing=0.001 partitioning.coarsening.level[6].contract_graph.deallocation=0.000 partitioning.coarsening.level[6].contract_graph.construct_coarse_graph=0.006 partitioning.coarsening.level[6].contract_graph.construct_coarse_graph.aggregate_coarse_edges=0.006 partitioning.coarsening.level[6].contract_graph.construct_coarse_graph.aggregate_coarse_edges.first_phase=0.004 partitioning.coarsening.level[6].contract_graph.construct_coarse_graph.aggregate_coarse_edges.second_phase=0.001 partitioning.coarsening.level[6].contract_graph.construct_coarse_graph.remap_coarse_edges_and_mapping=0.000 partitioning.coarsening.level[7]=0.007 partitioning.coarsening.level[7].label_propagation=0.002 partitioning.coarsening.level[7].label_propagation.iteration[0]=0.002 partitioning.coarsening.level[7].label_propagation.iteration[0].first_phase=0.000 partitioning.coarsening.level[7].label_propagation.iteration[0].second_phase=0.001 partitioning.coarsening.level[7].label_propagation.handle_isolated_nodes=0.000 partitioning.coarsening.level[7].label_propagation.handle_two-hop_nodes=0.000 partitioning.coarsening.level[7].contract_graph=0.004 partitioning.coarsening.level[7].contract_graph.allocation=0.000 partitioning.coarsening.level[7].contract_graph.preprocessing=0.000 partitioning.coarsening.level[7].contract_graph.deallocation=0.000 partitioning.coarsening.level[7].contract_graph.construct_coarse_graph=0.003 partitioning.coarsening.level[7].contract_graph.construct_coarse_graph.aggregate_coarse_edges=0.003 partitioning.coarsening.level[7].contract_graph.construct_coarse_graph.aggregate_coarse_edges.first_phase=0.002 partitioning.coarsening.level[7].contract_graph.construct_coarse_graph.aggregate_coarse_edges.second_phase=0.000 partitioning.coarsening.level[7].contract_graph.construct_coarse_graph.remap_coarse_edges_and_mapping=0.000 partitioning.coarsening.deallocation=0.000 partitioning.initial_partitioning_scheme=0.194 partitioning.uncoarsening=0.699 partitioning.uncoarsening.level[7]=0.006 partitioning.uncoarsening.level[7].allocation=0.000 partitioning.uncoarsening.level[7].project_partition=0.000 partitioning.uncoarsening.level[7].create_graph=0.000 partitioning.uncoarsening.level[7].refinement=0.005 partitioning.uncoarsening.level[7].refinement.greedy_balancer=0.000 partitioning.uncoarsening.level[7].refinement.label_propagation=0.005 partitioning.uncoarsening.level[7].refinement.label_propagation.allocation=0.003 partitioning.uncoarsening.level[7].refinement.label_propagation.iteration[0]=0.001 partitioning.uncoarsening.level[7].refinement.label_propagation.iteration[1]=0.000 partitioning.uncoarsening.level[6]=0.003 partitioning.uncoarsening.level[6].allocation=0.000 partitioning.uncoarsening.level[6].project_partition=0.000 partitioning.uncoarsening.level[6].create_graph=0.000 partitioning.uncoarsening.level[6].refinement=0.002 partitioning.uncoarsening.level[6].refinement.greedy_balancer=0.000 partitioning.uncoarsening.level[6].refinement.label_propagation=0.002 partitioning.uncoarsening.level[6].refinement.label_propagation.iteration[0]=0.002 partitioning.uncoarsening.level[6].refinement.label_propagation.iteration[1]=0.000 partitioning.uncoarsening.level[5]=0.006 partitioning.uncoarsening.level[5].allocation=0.000 partitioning.uncoarsening.level[5].project_partition=0.000 partitioning.uncoarsening.level[5].create_graph=0.000 partitioning.uncoarsening.level[5].refinement=0.005 partitioning.uncoarsening.level[5].refinement.greedy_balancer=0.000 partitioning.uncoarsening.level[5].refinement.label_propagation=0.005 partitioning.uncoarsening.level[5].refinement.label_propagation.iteration[0]=0.004 partitioning.uncoarsening.level[5].refinement.label_propagation.iteration[1]=0.000 partitioning.uncoarsening.level[4]=0.018 partitioning.uncoarsening.level[4].allocation=0.008 partitioning.uncoarsening.level[4].project_partition=0.000 partitioning.uncoarsening.level[4].create_graph=0.000 partitioning.uncoarsening.level[4].refinement=0.008 partitioning.uncoarsening.level[4].refinement.greedy_balancer=0.000 partitioning.uncoarsening.level[4].refinement.label_propagation=0.008 partitioning.uncoarsening.level[4].refinement.label_propagation.iteration[0]=0.007 partitioning.uncoarsening.level[4].refinement.label_propagation.iteration[1]=0.000 partitioning.uncoarsening.level[3]=0.018 partitioning.uncoarsening.level[3].allocation=0.005 partitioning.uncoarsening.level[3].project_partition=0.000 partitioning.uncoarsening.level[3].create_graph=0.000 partitioning.uncoarsening.level[3].refinement=0.012 partitioning.uncoarsening.level[3].refinement.greedy_balancer=0.000 partitioning.uncoarsening.level[3].refinement.label_propagation=0.012 partitioning.uncoarsening.level[3].refinement.label_propagation.iteration[0]=0.012 partitioning.uncoarsening.level[3].refinement.label_propagation.iteration[1]=0.000 partitioning.uncoarsening.level[2]=0.032 partitioning.uncoarsening.level[2].allocation=0.004 partitioning.uncoarsening.level[2].project_partition=0.000 partitioning.uncoarsening.level[2].create_graph=0.000 partitioning.uncoarsening.level[2].refinement=0.026 partitioning.uncoarsening.level[2].refinement.greedy_balancer=0.000 partitioning.uncoarsening.level[2].refinement.label_propagation=0.026 partitioning.uncoarsening.level[2].refinement.label_propagation.iteration[0]=0.024 partitioning.uncoarsening.level[2].refinement.label_propagation.iteration[1]=0.001 partitioning.uncoarsening.level[1]=0.078 partitioning.uncoarsening.level[1].allocation=0.004 partitioning.uncoarsening.level[1].project_partition=0.001 partitioning.uncoarsening.level[1].create_graph=0.001 partitioning.uncoarsening.level[1].refinement=0.071 partitioning.uncoarsening.level[1].refinement.greedy_balancer=0.000 partitioning.uncoarsening.level[1].refinement.label_propagation=0.071 partitioning.uncoarsening.level[1].refinement.label_propagation.iteration[0]=0.051 partitioning.uncoarsening.level[1].refinement.label_propagation.iteration[1]=0.018 partitioning.uncoarsening.level[0]=0.534 partitioning.uncoarsening.level[0].allocation=0.005 partitioning.uncoarsening.level[0].project_partition=0.002 partitioning.uncoarsening.level[0].create_graph=0.001 partitioning.uncoarsening.level[0].refinement=0.523 partitioning.uncoarsening.level[0].refinement.greedy_balancer=0.190 partitioning.uncoarsening.level[0].refinement.greedy_balancer.allocation=0.000 partitioning.uncoarsening.level[0].refinement.greedy_balancer.initialize_balancer_pq=0.097 partitioning.uncoarsening.level[0].refinement.greedy_balancer.initialize_balancer_pq.thread-local=0.087 partitioning.uncoarsening.level[0].refinement.greedy_balancer.initialize_balancer_pq.merge_thread-local_pqs=0.010 partitioning.uncoarsening.level[0].refinement.greedy_balancer.main_loop=0.091 partitioning.uncoarsening.level[0].refinement.label_propagation=0.333 partitioning.uncoarsening.level[0].refinement.label_propagation.iteration[0]=0.107 partitioning.uncoarsening.level[0].refinement.label_propagation.iteration[1]=0.061 partitioning.uncoarsening.level[0].refinement.label_propagation.iteration[2]=0.051 partitioning.uncoarsening.level[0].refinement.label_propagation.iteration[3]=0.052 partitioning.uncoarsening.level[0].refinement.label_propagation.iteration[4]=0.057 partitioning.deallocation=0.005 partitioning.re-integrate_isolated_nodes=0.013 io=0.002 
MEMORY disabled

Global Timer: ................................... 5.337 s    
|- Read input graph: ............................ 3.176 s    
|- Partitioning: ................................ 2.142 s    
|  |- Rearrange by degree-buckets: .............. 0.112 s    
|  |  |- Sort nodes by integer buckets: ......... 0.018 s    
|  |  |- Rearrange input graph: ................. 0.085 s    
|  |  `- Deallocation: .......................... 0.001 s    
|  |- Refinement: ............................... 0.000 s    
|  |  `- Allocation: ............................ 0.000 s    
|  |- Coarsening: ............................... 1.115 s    
|  |  |- Level (0): ............................. 0.590 s    
|  |  |  |- Label Propagation: .................. 0.310 s    
|  |  |  |  |- Allocation: ...................... 0.015 s    
|  |  |  |  |- Iteration (0): ................... 0.133 s    
|  |  |  |  |  |- First phase: .................. 0.066 s    
|  |  |  |  |  `- Second phase: ................. 0.062 s    
|  |  |  |  |- Iteration (1): ................... 0.034 s    
|  |  |  |  |  |- First phase: .................. 0.006 s    
|  |  |  |  |  `- Second phase: ................. 0.028 s    
|  |  |  |  |- Iteration (2): ................... 0.032 s    
|  |  |  |  |  |- First phase: .................. 0.004 s    
|  |  |  |  |  `- Second phase: ................. 0.027 s    
|  |  |  |  |- Iteration (3): ................... 0.038 s    
|  |  |  |  |  |- First phase: .................. 0.004 s    
|  |  |  |  |  `- Second phase: ................. 0.033 s    
|  |  |  |  |- Iteration (4): ................... 0.031 s    
|  |  |  |  |  |- First phase: .................. 0.004 s    
|  |  |  |  |  `- Second phase: ................. 0.027 s    
|  |  |  |  |- Handle isolated nodes: ........... 0.000 s    
|  |  |  |  |- Handle two-hop nodes: ............ 0.004 s    
|  |  |  |  `- Free: ............................ 0.012 s    
|  |  |  `- Contract graph: ..................... 0.278 s    
|  |  |     |- Allocation: ...................... 0.002 s (3)
|  |  |     |- Preprocessing: ................... 0.069 s (3)
|  |  |     |- Deallocation: .................... 0.000 s    
|  |  |     `- Construct coarse graph: .......... 0.201 s    
|  |  |        |- Aggregate coarse edges: ....... 0.189 s    
|  |  |        |  |- First phase: ............... 0.146 s    
|  |  |        |  `- Second phase: .............. 0.035 s    
|  |  |        `- Remap coarse edges and mapping: 0.007 s    
|  |  |- Level (1): ............................. 0.251 s    
|  |  |  |- Label Propagation: .................. 0.119 s    
|  |  |  |  |- Allocation: ...................... 0.010 s    
|  |  |  |  |- Iteration (0): ................... 0.037 s    
|  |  |  |  |  |- First phase: .................. 0.011 s    
|  |  |  |  |  `- Second phase: ................. 0.024 s    
|  |  |  |  |- Iteration (1): ................... 0.016 s    
|  |  |  |  |  |- First phase: .................. 0.001 s    
|  |  |  |  |  `- Second phase: ................. 0.014 s    
|  |  |  |  |- Iteration (2): ................... 0.015 s    
|  |  |  |  |  |- First phase: .................. 0.001 s    
|  |  |  |  |  `- Second phase: ................. 0.014 s    
|  |  |  |  |- Iteration (3): ................... 0.016 s    
|  |  |  |  |  |- First phase: .................. 0.001 s    
|  |  |  |  |  `- Second phase: ................. 0.015 s    
|  |  |  |  |- Iteration (4): ................... 0.016 s    
|  |  |  |  |  |- First phase: .................. 0.001 s    
|  |  |  |  |  `- Second phase: ................. 0.015 s    
|  |  |  |  |- Handle isolated nodes: ........... 0.000 s    
|  |  |  |  `- Handle two-hop nodes: ............ 0.003 s    
|  |  |  `- Contract graph: ..................... 0.131 s    
|  |  |     |- Allocation: ...................... 0.002 s (3)
|  |  |     |- Preprocessing: ................... 0.023 s (3)
|  |  |     |- Deallocation: .................... 0.000 s    
|  |  |     `- Construct coarse graph: .......... 0.104 s    
|  |  |        |- Aggregate coarse edges: ....... 0.097 s    
|  |  |        |  |- First phase: ............... 0.065 s    
|  |  |        |  `- Second phase: .............. 0.031 s    
|  |  |        `- Remap coarse edges and mapping: 0.003 s    
|  |  |- Level (2): ............................. 0.138 s    
|  |  |  |- Label Propagation: .................. 0.056 s    
|  |  |  |  |- Iteration (0): ................... 0.017 s    
|  |  |  |  |  |- First phase: .................. 0.005 s    
|  |  |  |  |  `- Second phase: ................. 0.009 s    
|  |  |  |  |- Iteration (1): ................... 0.009 s    
|  |  |  |  |  |- First phase: .................. 0.000 s    
|  |  |  |  |  `- Second phase: ................. 0.008 s    
|  |  |  |  |- Iteration (2): ................... 0.009 s    
|  |  |  |  |  |- First phase: .................. 0.000 s    
|  |  |  |  |  `- Second phase: ................. 0.008 s    
|  |  |  |  |- Iteration (3): ................... 0.009 s    
|  |  |  |  |  |- First phase: .................. 0.000 s    
|  |  |  |  |  `- Second phase: ................. 0.008 s    
|  |  |  |  |- Iteration (4): ................... 0.007 s    
|  |  |  |  |  |- First phase: .................. 0.000 s    
|  |  |  |  |  `- Second phase: ................. 0.006 s    
|  |  |  |  |- Handle isolated nodes: ........... 0.000 s    
|  |  |  |  `- Handle two-hop nodes: ............ 0.002 s    
|  |  |  `- Contract graph: ..................... 0.081 s    
|  |  |     |- Allocation: ...................... 0.001 s (3)
|  |  |     |- Preprocessing: ................... 0.010 s (3)
|  |  |     |- Deallocation: .................... 0.000 s    
|  |  |     `- Construct coarse graph: .......... 0.068 s    
|  |  |        |- Aggregate coarse edges: ....... 0.064 s    
|  |  |        |  |- First phase: ............... 0.039 s    
|  |  |        |  `- Second phase: .............. 0.025 s    
|  |  |        `- Remap coarse edges and mapping: 0.002 s    
|  |  |- Level (3): ............................. 0.057 s    
|  |  |  |- Label Propagation: .................. 0.015 s    
|  |  |  |  |- Iteration (0): ................... 0.010 s    
|  |  |  |  |  |- First phase: .................. 0.003 s    
|  |  |  |  |  `- Second phase: ................. 0.006 s    
|  |  |  |  |- Handle isolated nodes: ........... 0.000 s    
|  |  |  |  `- Handle two-hop nodes: ............ 0.001 s    
|  |  |  `- Contract graph: ..................... 0.040 s    
|  |  |     |- Allocation: ...................... 0.001 s (3)
|  |  |     |- Preprocessing: ................... 0.006 s (3)
|  |  |     |- Deallocation: .................... 0.000 s    
|  |  |     `- Construct coarse graph: .......... 0.031 s    
|  |  |        |- Aggregate coarse edges: ....... 0.028 s    
|  |  |        |  |- First phase: ............... 0.008 s    
|  |  |        |  `- Second phase: .............. 0.019 s    
|  |  |        `- Remap coarse edges and mapping: 0.001 s    
|  |  |- Level (4): ............................. 0.040 s    
|  |  |  |- Label Propagation: .................. 0.015 s    
|  |  |  |  |- Iteration (0): ................... 0.008 s    
|  |  |  |  |  |- First phase: .................. 0.002 s    
|  |  |  |  |  `- Second phase: ................. 0.005 s    
|  |  |  |  |- Handle isolated nodes: ........... 0.000 s    
|  |  |  |  `- Handle two-hop nodes: ............ 0.000 s    
|  |  |  `- Contract graph: ..................... 0.023 s    
|  |  |     |- Allocation: ...................... 0.000 s (3)
|  |  |     |- Preprocessing: ................... 0.009 s (3)
|  |  |     |- Deallocation: .................... 0.000 s    
|  |  |     `- Construct coarse graph: .......... 0.011 s    
|  |  |        |- Aggregate coarse edges: ....... 0.009 s    
|  |  |        |  |- First phase: ............... 0.005 s    
|  |  |        |  `- Second phase: .............. 0.004 s    
|  |  |        `- Remap coarse edges and mapping: 0.000 s    
|  |  |- Level (5): ............................. 0.017 s    
|  |  |  |- Label Propagation: .................. 0.005 s    
|  |  |  |  |- Iteration (0): ................... 0.004 s    
|  |  |  |  |  |- First phase: .................. 0.001 s    
|  |  |  |  |  `- Second phase: ................. 0.003 s    
|  |  |  |  |- Handle isolated nodes: ........... 0.000 s    
|  |  |  |  `- Handle two-hop nodes: ............ 0.000 s    
|  |  |  `- Contract graph: ..................... 0.011 s    
|  |  |     |- Allocation: ...................... 0.000 s (3)
|  |  |     |- Preprocessing: ................... 0.002 s (3)
|  |  |     |- Deallocation: .................... 0.000 s    
|  |  |     `- Construct coarse graph: .......... 0.008 s    
|  |  |        |- Aggregate coarse edges: ....... 0.007 s    
|  |  |        |  |- First phase: ............... 0.004 s    
|  |  |        |  `- Second phase: .............. 0.003 s    
|  |  |        `- Remap coarse edges and mapping: 0.000 s    
|  |  |- Level (6): ............................. 0.012 s    
|  |  |  |- Label Propagation: .................. 0.003 s    
|  |  |  |  |- Iteration (0): ................... 0.003 s    
|  |  |  |  |  |- First phase: .................. 0.000 s    
|  |  |  |  |  `- Second phase: ................. 0.002 s    
|  |  |  |  |- Handle isolated nodes: ........... 0.000 s    
|  |  |  |  `- Handle two-hop nodes: ............ 0.000 s    
|  |  |  `- Contract graph: ..................... 0.008 s    
|  |  |     |- Allocation: ...................... 0.000 s (3)
|  |  |     |- Preprocessing: ................... 0.001 s (3)
|  |  |     |- Deallocation: .................... 0.000 s    
|  |  |     `- Construct coarse graph: .......... 0.006 s    
|  |  |        |- Aggregate coarse edges: ....... 0.006 s    
|  |  |        |  |- First phase: ............... 0.004 s    
|  |  |        |  `- Second phase: .............. 0.001 s    
|  |  |        `- Remap coarse edges and mapping: 0.000 s    
|  |  |- Level (7): ............................. 0.007 s    
|  |  |  |- Label Propagation: .................. 0.002 s    
|  |  |  |  |- Iteration (0): ................... 0.002 s    
|  |  |  |  |  |- First phase: .................. 0.000 s    
|  |  |  |  |  `- Second phase: ................. 0.001 s    
|  |  |  |  |- Handle isolated nodes: ........... 0.000 s    
|  |  |  |  `- Handle two-hop nodes: ............ 0.000 s    
|  |  |  `- Contract graph: ..................... 0.004 s    
|  |  |     |- Allocation: ...................... 0.000 s (3)
|  |  |     |- Preprocessing: ................... 0.000 s (3)
|  |  |     |- Deallocation: .................... 0.000 s    
|  |  |     `- Construct coarse graph: .......... 0.003 s    
|  |  |        |- Aggregate coarse edges: ....... 0.003 s    
|  |  |        |  |- First phase: ............... 0.002 s    
|  |  |        |  `- Second phase: .............. 0.000 s    
|  |  |        `- Remap coarse edges and mapping: 0.000 s    
|  |  `- Deallocation: .......................... 0.000 s    
|  |- Initial partitioning scheme: .............. 0.194 s    
|  |- Uncoarsening: ............................. 0.699 s    
|  |  |- Level (7): ............................. 0.006 s    
|  |  |  |- Allocation: ......................... 0.000 s    
|  |  |  |- Project partition: .................. 0.000 s    
|  |  |  |- Create graph: ....................... 0.000 s    
|  |  |  `- Refinement: ......................... 0.005 s    
|  |  |     |- Greedy Balancer: ................. 0.000 s    
|  |  |     `- Label Propagation: ............... 0.005 s    
|  |  |        |- Allocation: ................... 0.003 s    
|  |  |        |- Iteration (0): ................ 0.001 s    
|  |  |        `- Iteration (1): ................ 0.000 s    
|  |  |- Level (6): ............................. 0.003 s    
|  |  |  |- Allocation: ......................... 0.000 s    
|  |  |  |- Project partition: .................. 0.000 s    
|  |  |  |- Create graph: ....................... 0.000 s    
|  |  |  `- Refinement: ......................... 0.002 s    
|  |  |     |- Greedy Balancer: ................. 0.000 s    
|  |  |     `- Label Propagation: ............... 0.002 s    
|  |  |        |- Iteration (0): ................ 0.002 s    
|  |  |        `- Iteration (1): ................ 0.000 s    
|  |  |- Level (5): ............................. 0.006 s    
|  |  |  |- Allocation: ......................... 0.000 s    
|  |  |  |- Project partition: .................. 0.000 s    
|  |  |  |- Create graph: ....................... 0.000 s    
|  |  |  `- Refinement: ......................... 0.005 s    
|  |  |     |- Greedy Balancer: ................. 0.000 s    
|  |  |     `- Label Propagation: ............... 0.005 s    
|  |  |        |- Iteration (0): ................ 0.004 s    
|  |  |        `- Iteration (1): ................ 0.000 s    
|  |  |- Level (4): ............................. 0.018 s    
|  |  |  |- Allocation: ......................... 0.008 s    
|  |  |  |- Project partition: .................. 0.000 s    
|  |  |  |- Create graph: ....................... 0.000 s    
|  |  |  `- Refinement: ......................... 0.008 s    
|  |  |     |- Greedy Balancer: ................. 0.000 s    
|  |  |     `- Label Propagation: ............... 0.008 s    
|  |  |        |- Iteration (0): ................ 0.007 s    
|  |  |        `- Iteration (1): ................ 0.000 s    
|  |  |- Level (3): ............................. 0.018 s    
|  |  |  |- Allocation: ......................... 0.005 s    
|  |  |  |- Project partition: .................. 0.000 s    
|  |  |  |- Create graph: ....................... 0.000 s    
|  |  |  `- Refinement: ......................... 0.012 s    
|  |  |     |- Greedy Balancer: ................. 0.000 s    
|  |  |     `- Label Propagation: ............... 0.012 s    
|  |  |        |- Iteration (0): ................ 0.012 s    
|  |  |        `- Iteration (1): ................ 0.000 s    
|  |  |- Level (2): ............................. 0.032 s    
|  |  |  |- Allocation: ......................... 0.004 s    
|  |  |  |- Project partition: .................. 0.000 s    
|  |  |  |- Create graph: ....................... 0.000 s    
|  |  |  `- Refinement: ......................... 0.026 s    
|  |  |     |- Greedy Balancer: ................. 0.000 s    
|  |  |     `- Label Propagation: ............... 0.026 s    
|  |  |        |- Iteration (0): ................ 0.024 s    
|  |  |        `- Iteration (1): ................ 0.001 s    
|  |  |- Level (1): ............................. 0.078 s    
|  |  |  |- Allocation: ......................... 0.004 s    
|  |  |  |- Project partition: .................. 0.001 s    
|  |  |  |- Create graph: ....................... 0.001 s    
|  |  |  `- Refinement: ......................... 0.071 s    
|  |  |     |- Greedy Balancer: ................. 0.000 s    
|  |  |     `- Label Propagation: ............... 0.071 s    
|  |  |        |- Iteration (0): ................ 0.051 s    
|  |  |        `- Iteration (1): ................ 0.018 s    
|  |  `- Level (0): ............................. 0.534 s    
|  |     |- Allocation: ......................... 0.005 s    
|  |     |- Project partition: .................. 0.002 s    
|  |     |- Create graph: ....................... 0.001 s    
|  |     `- Refinement: ......................... 0.523 s    
|  |        |- Greedy Balancer: ................. 0.190 s    
|  |        |  |- Allocation: ................... 0.000 s    
|  |        |  |- Initialize balancer PQ: ....... 0.097 s    
|  |        |  |  |- Thread-local: .............. 0.087 s    
|  |        |  |  `- Merge thread-local PQs: .... 0.010 s    
|  |        |  `- Main loop: .................... 0.091 s    
|  |        `- Label Propagation: ............... 0.333 s    
|  |           |- Iteration (0): ................ 0.107 s    
|  |           |- Iteration (1): ................ 0.061 s    
|  |           |- Iteration (2): ................ 0.051 s    
|  |           |- Iteration (3): ................ 0.052 s    
|  |           `- Iteration (4): ................ 0.057 s    
|  |- Deallocation: ............................. 0.005 s    
|  `- Re-integrate isolated nodes: .............. 0.013 s    
`- IO: .......................................... 0.002 s    

Partition summary:
  Number of blocks: 16
  Edge cut:         17819761
  Imbalance:        0.0299998
  Feasible:         yes

Block weights:
  w(0 ) = 1431404    w(1 ) = 1424768    w(2 ) = 1432506    w(3 ) = 1416603  
  w(4 ) = 1475019    w(5 ) = 1425442    w(6 ) = 1474458    w(7 ) = 1475139  
  w(8 ) = 1414680    w(9 ) = 1475134    w(10) = 1430104    w(11) = 1433307  
  w(12) = 1472165    w(13) = 1432072    w(14) = 1354691    w(15) = 1347279  

Maximum resident set size: 2081336 KiB
