################################################################################
#                _  __       __  __  _         ____                            #
#               | |/ / __ _ |  \/  |(_) _ __  |  _ \  __ _  _ __               #
#               | ' / / _` || |\/| || || '_ \ | |_) |/ _` || '__|              #
#               | . \| (_| || |  | || || | | ||  __/| (_| || |                 #
#               |_|\_\\__,_||_|  |_||_||_| |_||_|    \__,_||_|                 #
#                                                                              #
################################################################################
Current commit hash:          99c62314d27845b3825829ec1e3e97256490627d
Assertion level:              always+light
Statistics:                   disabled
Built on:                     liskov
Data type sizes:
  Nodes IDs: 4 bytes | Node weights: 4 bytes
  Edges IDs: 4 bytes | Edge weights: 4 bytes
############################################################## Input Summary ###
Execution mode:               64
Seed:                         1
Graph:                        nlpkkt200 [node ordering: deg-buckets] [edge ordering: natural]
  Number of nodes:             16240000 (unweighted)
  Number of edges:            431985632 (unweighted)
Number of blocks:             16
Maximum block weight:         1045450 (1015000 + 3% / 3%)
---------------------------------------------------------- Graph Compression ---
Enabled:                      no
-------------------------------------------------------- Partitioning Scheme ---
Partitioning mode:            deep
  Deep initial part. mode:    async-parallel
  Deep initial part. load:    1
Subgraph memory:              Lazy
----------------------------------------------------------------- Coarsening ---
Contraction limit:            2000
Coarsening algorithm:         clustering
  Cluster weight limit:       epsilon-block-weight x 1
  Shrink factor:              1.79769e+308
  Max mem-free level:         1
  Clustering algorithm:       lp
    Number of iterations:     5
    High degree threshold:    4294967295
    Max degree:               4294967295
    Tie breaking strategy:    uniform
    Implementation:           two-phase
      Relabel:                no
    2-hop clustering:         match-threadwise, if |Vcoarse| > 0.500000 * |V|
    Isolated nodes:           match-during-two-hop
  Forced hierarchy levels:    <none> (leeway: U=10.000000, L=1.100000)
Contraction algorithm:        unbuffered
  Implementation:             two-phase
------------------------------------------------------- Initial Partitioning ---
Adaptive algorithm selection: yes
----------------------------------------------------------------- Refinement ---
Refinement algorithms:        [greedy-balancer -> lp]
Label propagation:
  Number of iterations:       5
  Tie breaking strategy:      uniform
  Implementation:             single-phase
############################################################## Preprocessing ###
Removed 0 isolated nodes
  Remaining nodes:             16240000
  Remaining total node weight: 16240000
############################################################### Partitioning ###
Input graph:
 Number of nodes: 16240000 | Number of edges: 431985632
 Maximum node weight: 1

Coarsening -> Level 1 [max cluster weight: 30450]:
 Total edge weight:   170595506
 Number of nodes:     140931 | Number of edges: 2149292
 Maximum node weight: 1664

Coarsening -> Level 2 [max cluster weight: 30450]:
 Total edge weight:   72955450
 Number of nodes:     5547 | Number of edges: 73434
 Maximum node weight: 25052

==> Coarsening terminated with less than 128000 nodes

Initial partitioning:
 Number of blocks: 4

Uncoarsening -> Level 1
 Number of nodes: 140931 | Number of edges: 2149292
  Running refinement on 4 blocks
   1. Greedy Balancer
   2. Label Propagation
  Extending partition from 4 blocks to 16 blocks

Uncoarsening -> Level 0
 Number of nodes: 16240000 | Number of edges: 431985632
  Running refinement on 16 blocks
   1. Greedy Balancer
   2. Label Propagation
############################################################# Result Summary ###
RESULT cut=4006392 imbalance=0.0299015 feasible=1 k=16
TIME read_input_graph=31.237 partitioning=1.125 partitioning.rearrange_by_degree-buckets=0.081 partitioning.rearrange_by_degree-buckets.sort_nodes_by_integer_buckets=0.015 partitioning.rearrange_by_degree-buckets.rearrange_input_graph=0.055 partitioning.rearrange_by_degree-buckets.deallocation=0.007 partitioning.refinement=0.000 partitioning.refinement.allocation=0.000 partitioning.coarsening=0.672 partitioning.coarsening.level[0]=0.639 partitioning.coarsening.level[0].label_propagation=0.518 partitioning.coarsening.level[0].label_propagation.allocation=0.011 partitioning.coarsening.level[0].label_propagation.iteration[0]=0.149 partitioning.coarsening.level[0].label_propagation.iteration[0].first_phase=0.144 partitioning.coarsening.level[0].label_propagation.iteration[1]=0.116 partitioning.coarsening.level[0].label_propagation.iteration[1].first_phase=0.116 partitioning.coarsening.level[0].label_propagation.iteration[2]=0.088 partitioning.coarsening.level[0].label_propagation.iteration[2].first_phase=0.088 partitioning.coarsening.level[0].label_propagation.iteration[3]=0.076 partitioning.coarsening.level[0].label_propagation.iteration[3].first_phase=0.076 partitioning.coarsening.level[0].label_propagation.iteration[4]=0.067 partitioning.coarsening.level[0].label_propagation.iteration[4].first_phase=0.067 partitioning.coarsening.level[0].label_propagation.handle_isolated_nodes=0.000 partitioning.coarsening.level[0].label_propagation.handle_two-hop_nodes=0.000 partitioning.coarsening.level[0].label_propagation.free=0.005 partitioning.coarsening.level[0].contract_graph=0.120 partitioning.coarsening.level[0].contract_graph.allocation=0.000 partitioning.coarsening.level[0].contract_graph.preprocessing=0.021 partitioning.coarsening.level[0].contract_graph.deallocation=0.000 partitioning.coarsening.level[0].contract_graph.construct_coarse_graph=0.098 partitioning.coarsening.level[0].contract_graph.construct_coarse_graph.aggregate_coarse_edges=0.094 partitioning.coarsening.level[0].contract_graph.construct_coarse_graph.aggregate_coarse_edges.first_phase=0.089 partitioning.coarsening.level[0].contract_graph.construct_coarse_graph.aggregate_coarse_edges.second_phase=0.000 partitioning.coarsening.level[0].contract_graph.construct_coarse_graph.remap_coarse_edges_and_mapping=0.003 partitioning.coarsening.level[1]=0.032 partitioning.coarsening.level[1].label_propagation=0.019 partitioning.coarsening.level[1].label_propagation.allocation=0.000 partitioning.coarsening.level[1].label_propagation.iteration[0]=0.008 partitioning.coarsening.level[1].label_propagation.iteration[0].first_phase=0.008 partitioning.coarsening.level[1].label_propagation.iteration[1]=0.004 partitioning.coarsening.level[1].label_propagation.iteration[1].first_phase=0.004 partitioning.coarsening.level[1].label_propagation.iteration[2]=0.003 partitioning.coarsening.level[1].label_propagation.iteration[2].first_phase=0.003 partitioning.coarsening.level[1].label_propagation.iteration[3]=0.001 partitioning.coarsening.level[1].label_propagation.iteration[3].first_phase=0.001 partitioning.coarsening.level[1].label_propagation.iteration[4]=0.001 partitioning.coarsening.level[1].label_propagation.iteration[4].first_phase=0.001 partitioning.coarsening.level[1].label_propagation.handle_isolated_nodes=0.000 partitioning.coarsening.level[1].label_propagation.handle_two-hop_nodes=0.000 partitioning.coarsening.level[1].contract_graph=0.013 partitioning.coarsening.level[1].contract_graph.allocation=0.000 partitioning.coarsening.level[1].contract_graph.preprocessing=0.001 partitioning.coarsening.level[1].contract_graph.deallocation=0.000 partitioning.coarsening.level[1].contract_graph.construct_coarse_graph=0.010 partitioning.coarsening.level[1].contract_graph.construct_coarse_graph.aggregate_coarse_edges=0.010 partitioning.coarsening.level[1].contract_graph.construct_coarse_graph.aggregate_coarse_edges.first_phase=0.010 partitioning.coarsening.level[1].contract_graph.construct_coarse_graph.aggregate_coarse_edges.second_phase=0.000 partitioning.coarsening.level[1].contract_graph.construct_coarse_graph.remap_coarse_edges_and_mapping=0.000 partitioning.coarsening.deallocation=0.000 partitioning.initial_partitioning_scheme=0.106 partitioning.uncoarsening=0.255 partitioning.uncoarsening.level[1]=0.075 partitioning.uncoarsening.level[1].allocation=0.000 partitioning.uncoarsening.level[1].project_partition=0.000 partitioning.uncoarsening.level[1].create_graph=0.000 partitioning.uncoarsening.level[1].refinement=0.011 partitioning.uncoarsening.level[1].refinement.greedy_balancer=0.000 partitioning.uncoarsening.level[1].refinement.label_propagation=0.011 partitioning.uncoarsening.level[1].refinement.label_propagation.allocation=0.007 partitioning.uncoarsening.level[1].refinement.label_propagation.iteration[0]=0.002 partitioning.uncoarsening.level[1].refinement.label_propagation.iteration[1]=0.000 partitioning.uncoarsening.level[1].refinement.label_propagation.iteration[2]=0.000 partitioning.uncoarsening.level[1].refinement.label_propagation.iteration[3]=0.000 partitioning.uncoarsening.level[1].refinement.label_propagation.iteration[4]=0.000 partitioning.uncoarsening.level[1].initial_partitioning=0.062 partitioning.uncoarsening.level[1].initial_partitioning.preprocessing=0.010 partitioning.uncoarsening.level[1].initial_partitioning.allocation=0.000 partitioning.uncoarsening.level[1].initial_partitioning.bipartitioning=0.050 partitioning.uncoarsening.level[1].initial_partitioning.copy_subgraph_partitions=0.001 partitioning.uncoarsening.level[1].deallocation=0.000 partitioning.uncoarsening.level[0]=0.179 partitioning.uncoarsening.level[0].allocation=0.004 partitioning.uncoarsening.level[0].project_partition=0.001 partitioning.uncoarsening.level[0].create_graph=0.001 partitioning.uncoarsening.level[0].refinement=0.171 partitioning.uncoarsening.level[0].refinement.greedy_balancer=0.033 partitioning.uncoarsening.level[0].refinement.greedy_balancer.allocation=0.006 partitioning.uncoarsening.level[0].refinement.greedy_balancer.initialize_balancer_pq=0.023 partitioning.uncoarsening.level[0].refinement.greedy_balancer.initialize_balancer_pq.thread-local=0.011 partitioning.uncoarsening.level[0].refinement.greedy_balancer.initialize_balancer_pq.merge_thread-local_pqs=0.011 partitioning.uncoarsening.level[0].refinement.greedy_balancer.main_loop=0.003 partitioning.uncoarsening.level[0].refinement.label_propagation=0.138 partitioning.uncoarsening.level[0].refinement.label_propagation.iteration[0]=0.081 partitioning.uncoarsening.level[0].refinement.label_propagation.iteration[1]=0.019 partitioning.uncoarsening.level[0].refinement.label_propagation.iteration[2]=0.014 partitioning.uncoarsening.level[0].refinement.label_propagation.iteration[3]=0.010 partitioning.uncoarsening.level[0].refinement.label_propagation.iteration[4]=0.008 partitioning.deallocation=0.000 partitioning.re-integrate_isolated_nodes=0.009 io=0.001 
MEMORY disabled

Global Timer: ................................... 32.378 s    
|- Read input graph: ............................ 31.237 s    
|- Partitioning: ................................ 1.125 s     
|  |- Rearrange by degree-buckets: .............. 0.081 s     
|  |  |- Sort nodes by integer buckets: ......... 0.015 s     
|  |  |- Rearrange input graph: ................. 0.055 s     
|  |  `- Deallocation: .......................... 0.007 s     
|  |- Refinement: ............................... 0.000 s     
|  |  `- Allocation: ............................ 0.000 s     
|  |- Coarsening: ............................... 0.672 s     
|  |  |- Level (0): ............................. 0.639 s     
|  |  |  |- Label Propagation: .................. 0.518 s     
|  |  |  |  |- Allocation: ...................... 0.011 s     
|  |  |  |  |- Iteration (0): ................... 0.149 s     
|  |  |  |  |  `- First phase: .................. 0.144 s     
|  |  |  |  |- Iteration (1): ................... 0.116 s     
|  |  |  |  |  `- First phase: .................. 0.116 s     
|  |  |  |  |- Iteration (2): ................... 0.088 s     
|  |  |  |  |  `- First phase: .................. 0.088 s     
|  |  |  |  |- Iteration (3): ................... 0.076 s     
|  |  |  |  |  `- First phase: .................. 0.076 s     
|  |  |  |  |- Iteration (4): ................... 0.067 s     
|  |  |  |  |  `- First phase: .................. 0.067 s     
|  |  |  |  |- Handle isolated nodes: ........... 0.000 s     
|  |  |  |  |- Handle two-hop nodes: ............ 0.000 s     
|  |  |  |  `- Free: ............................ 0.005 s     
|  |  |  `- Contract graph: ..................... 0.120 s     
|  |  |     |- Allocation: ...................... 0.000 s  (3)
|  |  |     |- Preprocessing: ................... 0.021 s  (3)
|  |  |     |- Deallocation: .................... 0.000 s     
|  |  |     `- Construct coarse graph: .......... 0.098 s     
|  |  |        |- Aggregate coarse edges: ....... 0.094 s     
|  |  |        |  |- First phase: ............... 0.089 s     
|  |  |        |  `- Second phase: .............. 0.000 s     
|  |  |        `- Remap coarse edges and mapping: 0.003 s     
|  |  |- Level (1): ............................. 0.032 s     
|  |  |  |- Label Propagation: .................. 0.019 s     
|  |  |  |  |- Allocation: ...................... 0.000 s     
|  |  |  |  |- Iteration (0): ................... 0.008 s     
|  |  |  |  |  `- First phase: .................. 0.008 s     
|  |  |  |  |- Iteration (1): ................... 0.004 s     
|  |  |  |  |  `- First phase: .................. 0.004 s     
|  |  |  |  |- Iteration (2): ................... 0.003 s     
|  |  |  |  |  `- First phase: .................. 0.003 s     
|  |  |  |  |- Iteration (3): ................... 0.001 s     
|  |  |  |  |  `- First phase: .................. 0.001 s     
|  |  |  |  |- Iteration (4): ................... 0.001 s     
|  |  |  |  |  `- First phase: .................. 0.001 s     
|  |  |  |  |- Handle isolated nodes: ........... 0.000 s     
|  |  |  |  `- Handle two-hop nodes: ............ 0.000 s     
|  |  |  `- Contract graph: ..................... 0.013 s     
|  |  |     |- Allocation: ...................... 0.000 s  (3)
|  |  |     |- Preprocessing: ................... 0.001 s  (3)
|  |  |     |- Deallocation: .................... 0.000 s     
|  |  |     `- Construct coarse graph: .......... 0.010 s     
|  |  |        |- Aggregate coarse edges: ....... 0.010 s     
|  |  |        |  |- First phase: ............... 0.010 s     
|  |  |        |  `- Second phase: .............. 0.000 s     
|  |  |        `- Remap coarse edges and mapping: 0.000 s     
|  |  `- Deallocation: .......................... 0.000 s     
|  |- Initial partitioning scheme: .............. 0.106 s     
|  |- Uncoarsening: ............................. 0.255 s     
|  |  |- Level (1): ............................. 0.075 s     
|  |  |  |- Allocation: ......................... 0.000 s     
|  |  |  |- Project partition: .................. 0.000 s     
|  |  |  |- Create graph: ....................... 0.000 s     
|  |  |  |- Refinement: ......................... 0.011 s     
|  |  |  |  |- Greedy Balancer: ................. 0.000 s     
|  |  |  |  `- Label Propagation: ............... 0.011 s     
|  |  |  |     |- Allocation: ................... 0.007 s     
|  |  |  |     |- Iteration (0): ................ 0.002 s     
|  |  |  |     |- Iteration (1): ................ 0.000 s     
|  |  |  |     |- Iteration (2): ................ 0.000 s     
|  |  |  |     |- Iteration (3): ................ 0.000 s     
|  |  |  |     `- Iteration (4): ................ 0.000 s     
|  |  |  |- Initial partitioning: ............... 0.062 s  (2)
|  |  |  |  |- Preprocessing: ................... 0.010 s  (2)
|  |  |  |  |- Allocation: ...................... 0.000 s  (2)
|  |  |  |  |- Bipartitioning: .................. 0.050 s  (2)
|  |  |  |  `- Copy subgraph partitions: ........ 0.001 s  (2)
|  |  |  `- Deallocation: ....................... 0.000 s     
|  |  `- Level (0): ............................. 0.179 s     
|  |     |- Allocation: ......................... 0.004 s     
|  |     |- Project partition: .................. 0.001 s     
|  |     |- Create graph: ....................... 0.001 s     
|  |     `- Refinement: ......................... 0.171 s     
|  |        |- Greedy Balancer: ................. 0.033 s     
|  |        |  |- Allocation: ................... 0.006 s     
|  |        |  |- Initialize balancer PQ: ....... 0.023 s     
|  |        |  |  |- Thread-local: .............. 0.011 s     
|  |        |  |  `- Merge thread-local PQs: .... 0.011 s     
|  |        |  `- Main loop: .................... 0.003 s     
|  |        `- Label Propagation: ............... 0.138 s     
|  |           |- Iteration (0): ................ 0.081 s     
|  |           |- Iteration (1): ................ 0.019 s     
|  |           |- Iteration (2): ................ 0.014 s     
|  |           |- Iteration (3): ................ 0.010 s     
|  |           `- Iteration (4): ................ 0.008 s     
|  |- Deallocation: ............................. 0.000 s     
|  `- Re-integrate isolated nodes: .............. 0.009 s     
`- IO: .......................................... 0.001 s     

Partition summary:
  Number of blocks: 16
  Edge cut:         4006392
  Imbalance:        0.0299015
  Feasible:         yes

Block weights:
  w(0 ) = 1033163    w(1 ) = 1045342    w(2 ) = 1033414    w(3 ) = 1022782  
  w(4 ) = 1045350    w(5 ) = 1044920    w(6 ) = 1043092    w(7 ) = 1045196  
  w(8 ) = 923088     w(9 ) = 1044573    w(10) = 975709     w(11) = 997853   
  w(12) = 1032781    w(13) = 965139     w(14) = 1044905    w(15) = 942693   

Maximum resident set size: 5333340 KiB
