################################################################################
#                _  __       __  __  _         ____                            #
#               | |/ / __ _ |  \/  |(_) _ __  |  _ \  __ _  _ __               #
#               | ' / / _` || |\/| || || '_ \ | |_) |/ _` || '__|              #
#               | . \| (_| || |  | || || | | ||  __/| (_| || |                 #
#               |_|\_\\__,_||_|  |_||_||_| |_||_|    \__,_||_|                 #
#                                                                              #
################################################################################
Current commit hash:          99c62314d27845b3825829ec1e3e97256490627d
Assertion level:              always+light
Statistics:                   disabled
Built on:                     liskov
Data type sizes:
  Nodes IDs: 4 bytes | Node weights: 4 bytes
  Edges IDs: 4 bytes | Edge weights: 4 bytes
############################################################## Input Summary ###
Execution mode:               64
Seed:                         1
Graph:                        nlpkkt240 [node ordering: deg-buckets] [edge ordering: natural]
  Number of nodes:             27993600 (unweighted)
  Number of edges:            746478752 (unweighted)
Number of blocks:             16
Maximum block weight:         1802088 (1749600 + 3% / 3%)
---------------------------------------------------------- Graph Compression ---
Enabled:                      no
-------------------------------------------------------- Partitioning Scheme ---
Partitioning mode:            deep
  Deep initial part. mode:    async-parallel
  Deep initial part. load:    1
Subgraph memory:              Lazy
----------------------------------------------------------------- Coarsening ---
Contraction limit:            2000
Coarsening algorithm:         clustering
  Cluster weight limit:       epsilon-block-weight x 1
  Shrink factor:              1.79769e+308
  Max mem-free level:         1
  Clustering algorithm:       lp
    Number of iterations:     5
    High degree threshold:    4294967295
    Max degree:               4294967295
    Tie breaking strategy:    uniform
    Implementation:           two-phase
      Relabel:                no
    2-hop clustering:         match-threadwise, if |Vcoarse| > 0.500000 * |V|
    Isolated nodes:           match-during-two-hop
  Forced hierarchy levels:    <none> (leeway: U=10.000000, L=1.100000)
Contraction algorithm:        unbuffered
  Implementation:             two-phase
------------------------------------------------------- Initial Partitioning ---
Adaptive algorithm selection: yes
----------------------------------------------------------------- Refinement ---
Refinement algorithms:        [greedy-balancer -> lp]
Label propagation:
  Number of iterations:       5
  Tie breaking strategy:      uniform
  Implementation:             single-phase
############################################################## Preprocessing ###
Removed 0 isolated nodes
  Remaining nodes:             27993600
  Remaining total node weight: 27993600
############################################################### Partitioning ###
Input graph:
 Number of nodes: 27993600 | Number of edges: 746478752
 Maximum node weight: 1

Coarsening -> Level 1 [max cluster weight: 52488]:
 Total edge weight:   295049470
 Number of nodes:     242329 | Number of edges: 3721046
 Maximum node weight: 1416

Coarsening -> Level 2 [max cluster weight: 52488]:
 Total edge weight:   127111520
 Number of nodes:     9661 | Number of edges: 129830
 Maximum node weight: 28282

==> Coarsening terminated with less than 128000 nodes

Initial partitioning:
 Number of blocks: 8

Uncoarsening -> Level 1
 Number of nodes: 242329 | Number of edges: 3721046
  Running refinement on 8 blocks
   1. Greedy Balancer
   2. Label Propagation
  Extending partition from 8 blocks to 16 blocks

Uncoarsening -> Level 0
 Number of nodes: 27993600 | Number of edges: 746478752
  Running refinement on 16 blocks
   1. Greedy Balancer
   2. Label Propagation
############################################################# Result Summary ###
RESULT cut=5861813 imbalance=0.0299817 feasible=1 k=16
TIME read_input_graph=55.517 partitioning=1.593 partitioning.rearrange_by_degree-buckets=0.110 partitioning.rearrange_by_degree-buckets.sort_nodes_by_integer_buckets=0.016 partitioning.rearrange_by_degree-buckets.rearrange_input_graph=0.076 partitioning.rearrange_by_degree-buckets.deallocation=0.012 partitioning.refinement=0.000 partitioning.refinement.allocation=0.000 partitioning.coarsening=1.110 partitioning.coarsening.level[0]=1.071 partitioning.coarsening.level[0].label_propagation=0.874 partitioning.coarsening.level[0].label_propagation.allocation=0.012 partitioning.coarsening.level[0].label_propagation.iteration[0]=0.248 partitioning.coarsening.level[0].label_propagation.iteration[0].first_phase=0.242 partitioning.coarsening.level[0].label_propagation.iteration[1]=0.197 partitioning.coarsening.level[0].label_propagation.iteration[1].first_phase=0.197 partitioning.coarsening.level[0].label_propagation.iteration[2]=0.153 partitioning.coarsening.level[0].label_propagation.iteration[2].first_phase=0.153 partitioning.coarsening.level[0].label_propagation.iteration[3]=0.132 partitioning.coarsening.level[0].label_propagation.iteration[3].first_phase=0.132 partitioning.coarsening.level[0].label_propagation.iteration[4]=0.116 partitioning.coarsening.level[0].label_propagation.iteration[4].first_phase=0.116 partitioning.coarsening.level[0].label_propagation.handle_isolated_nodes=0.000 partitioning.coarsening.level[0].label_propagation.handle_two-hop_nodes=0.000 partitioning.coarsening.level[0].label_propagation.free=0.007 partitioning.coarsening.level[0].contract_graph=0.195 partitioning.coarsening.level[0].contract_graph.allocation=0.001 partitioning.coarsening.level[0].contract_graph.preprocessing=0.037 partitioning.coarsening.level[0].contract_graph.deallocation=0.000 partitioning.coarsening.level[0].contract_graph.construct_coarse_graph=0.154 partitioning.coarsening.level[0].contract_graph.construct_coarse_graph.aggregate_coarse_edges=0.148 partitioning.coarsening.level[0].contract_graph.construct_coarse_graph.aggregate_coarse_edges.first_phase=0.142 partitioning.coarsening.level[0].contract_graph.construct_coarse_graph.aggregate_coarse_edges.second_phase=0.000 partitioning.coarsening.level[0].contract_graph.construct_coarse_graph.remap_coarse_edges_and_mapping=0.005 partitioning.coarsening.level[1]=0.038 partitioning.coarsening.level[1].label_propagation=0.021 partitioning.coarsening.level[1].label_propagation.allocation=0.000 partitioning.coarsening.level[1].label_propagation.iteration[0]=0.009 partitioning.coarsening.level[1].label_propagation.iteration[0].first_phase=0.009 partitioning.coarsening.level[1].label_propagation.iteration[1]=0.003 partitioning.coarsening.level[1].label_propagation.iteration[1].first_phase=0.003 partitioning.coarsening.level[1].label_propagation.iteration[2]=0.002 partitioning.coarsening.level[1].label_propagation.iteration[2].first_phase=0.002 partitioning.coarsening.level[1].label_propagation.iteration[3]=0.002 partitioning.coarsening.level[1].label_propagation.iteration[3].first_phase=0.002 partitioning.coarsening.level[1].label_propagation.iteration[4]=0.002 partitioning.coarsening.level[1].label_propagation.iteration[4].first_phase=0.002 partitioning.coarsening.level[1].label_propagation.handle_isolated_nodes=0.000 partitioning.coarsening.level[1].label_propagation.handle_two-hop_nodes=0.000 partitioning.coarsening.level[1].contract_graph=0.017 partitioning.coarsening.level[1].contract_graph.allocation=0.000 partitioning.coarsening.level[1].contract_graph.preprocessing=0.003 partitioning.coarsening.level[1].contract_graph.deallocation=0.000 partitioning.coarsening.level[1].contract_graph.construct_coarse_graph=0.013 partitioning.coarsening.level[1].contract_graph.construct_coarse_graph.aggregate_coarse_edges=0.012 partitioning.coarsening.level[1].contract_graph.construct_coarse_graph.aggregate_coarse_edges.first_phase=0.012 partitioning.coarsening.level[1].contract_graph.construct_coarse_graph.aggregate_coarse_edges.second_phase=0.000 partitioning.coarsening.level[1].contract_graph.construct_coarse_graph.remap_coarse_edges_and_mapping=0.000 partitioning.coarsening.deallocation=0.000 partitioning.initial_partitioning_scheme=0.095 partitioning.uncoarsening=0.263 partitioning.uncoarsening.level[1]=0.047 partitioning.uncoarsening.level[1].allocation=0.000 partitioning.uncoarsening.level[1].project_partition=0.000 partitioning.uncoarsening.level[1].create_graph=0.000 partitioning.uncoarsening.level[1].refinement=0.011 partitioning.uncoarsening.level[1].refinement.greedy_balancer=0.000 partitioning.uncoarsening.level[1].refinement.label_propagation=0.011 partitioning.uncoarsening.level[1].refinement.label_propagation.allocation=0.005 partitioning.uncoarsening.level[1].refinement.label_propagation.iteration[0]=0.003 partitioning.uncoarsening.level[1].refinement.label_propagation.iteration[1]=0.001 partitioning.uncoarsening.level[1].refinement.label_propagation.iteration[2]=0.000 partitioning.uncoarsening.level[1].refinement.label_propagation.iteration[3]=0.000 partitioning.uncoarsening.level[1].refinement.label_propagation.iteration[4]=0.000 partitioning.uncoarsening.level[1].initial_partitioning=0.034 partitioning.uncoarsening.level[1].initial_partitioning.preprocessing=0.008 partitioning.uncoarsening.level[1].initial_partitioning.allocation=0.000 partitioning.uncoarsening.level[1].initial_partitioning.bipartitioning=0.025 partitioning.uncoarsening.level[1].initial_partitioning.copy_subgraph_partitions=0.000 partitioning.uncoarsening.level[1].deallocation=0.001 partitioning.uncoarsening.level[0]=0.216 partitioning.uncoarsening.level[0].allocation=0.007 partitioning.uncoarsening.level[0].project_partition=0.002 partitioning.uncoarsening.level[0].create_graph=0.002 partitioning.uncoarsening.level[0].refinement=0.202 partitioning.uncoarsening.level[0].refinement.greedy_balancer=0.000 partitioning.uncoarsening.level[0].refinement.label_propagation=0.202 partitioning.uncoarsening.level[0].refinement.label_propagation.iteration[0]=0.128 partitioning.uncoarsening.level[0].refinement.label_propagation.iteration[1]=0.026 partitioning.uncoarsening.level[0].refinement.label_propagation.iteration[2]=0.019 partitioning.uncoarsening.level[0].refinement.label_propagation.iteration[3]=0.014 partitioning.uncoarsening.level[0].refinement.label_propagation.iteration[4]=0.011 partitioning.deallocation=0.000 partitioning.re-integrate_isolated_nodes=0.011 io=0.003 
MEMORY disabled

Global Timer: ................................... 57.138 s    
|- Read input graph: ............................ 55.517 s    
|- Partitioning: ................................ 1.593 s     
|  |- Rearrange by degree-buckets: .............. 0.110 s     
|  |  |- Sort nodes by integer buckets: ......... 0.016 s     
|  |  |- Rearrange input graph: ................. 0.076 s     
|  |  `- Deallocation: .......................... 0.012 s     
|  |- Refinement: ............................... 0.000 s     
|  |  `- Allocation: ............................ 0.000 s     
|  |- Coarsening: ............................... 1.110 s     
|  |  |- Level (0): ............................. 1.071 s     
|  |  |  |- Label Propagation: .................. 0.874 s     
|  |  |  |  |- Allocation: ...................... 0.012 s     
|  |  |  |  |- Iteration (0): ................... 0.248 s     
|  |  |  |  |  `- First phase: .................. 0.242 s     
|  |  |  |  |- Iteration (1): ................... 0.197 s     
|  |  |  |  |  `- First phase: .................. 0.197 s     
|  |  |  |  |- Iteration (2): ................... 0.153 s     
|  |  |  |  |  `- First phase: .................. 0.153 s     
|  |  |  |  |- Iteration (3): ................... 0.132 s     
|  |  |  |  |  `- First phase: .................. 0.132 s     
|  |  |  |  |- Iteration (4): ................... 0.116 s     
|  |  |  |  |  `- First phase: .................. 0.116 s     
|  |  |  |  |- Handle isolated nodes: ........... 0.000 s     
|  |  |  |  |- Handle two-hop nodes: ............ 0.000 s     
|  |  |  |  `- Free: ............................ 0.007 s     
|  |  |  `- Contract graph: ..................... 0.195 s     
|  |  |     |- Allocation: ...................... 0.001 s  (3)
|  |  |     |- Preprocessing: ................... 0.037 s  (3)
|  |  |     |- Deallocation: .................... 0.000 s     
|  |  |     `- Construct coarse graph: .......... 0.154 s     
|  |  |        |- Aggregate coarse edges: ....... 0.148 s     
|  |  |        |  |- First phase: ............... 0.142 s     
|  |  |        |  `- Second phase: .............. 0.000 s     
|  |  |        `- Remap coarse edges and mapping: 0.005 s     
|  |  |- Level (1): ............................. 0.038 s     
|  |  |  |- Label Propagation: .................. 0.021 s     
|  |  |  |  |- Allocation: ...................... 0.000 s     
|  |  |  |  |- Iteration (0): ................... 0.009 s     
|  |  |  |  |  `- First phase: .................. 0.009 s     
|  |  |  |  |- Iteration (1): ................... 0.003 s     
|  |  |  |  |  `- First phase: .................. 0.003 s     
|  |  |  |  |- Iteration (2): ................... 0.002 s     
|  |  |  |  |  `- First phase: .................. 0.002 s     
|  |  |  |  |- Iteration (3): ................... 0.002 s     
|  |  |  |  |  `- First phase: .................. 0.002 s     
|  |  |  |  |- Iteration (4): ................... 0.002 s     
|  |  |  |  |  `- First phase: .................. 0.002 s     
|  |  |  |  |- Handle isolated nodes: ........... 0.000 s     
|  |  |  |  `- Handle two-hop nodes: ............ 0.000 s     
|  |  |  `- Contract graph: ..................... 0.017 s     
|  |  |     |- Allocation: ...................... 0.000 s  (3)
|  |  |     |- Preprocessing: ................... 0.003 s  (3)
|  |  |     |- Deallocation: .................... 0.000 s     
|  |  |     `- Construct coarse graph: .......... 0.013 s     
|  |  |        |- Aggregate coarse edges: ....... 0.012 s     
|  |  |        |  |- First phase: ............... 0.012 s     
|  |  |        |  `- Second phase: .............. 0.000 s     
|  |  |        `- Remap coarse edges and mapping: 0.000 s     
|  |  `- Deallocation: .......................... 0.000 s     
|  |- Initial partitioning scheme: .............. 0.095 s     
|  |- Uncoarsening: ............................. 0.263 s     
|  |  |- Level (1): ............................. 0.047 s     
|  |  |  |- Allocation: ......................... 0.000 s     
|  |  |  |- Project partition: .................. 0.000 s     
|  |  |  |- Create graph: ....................... 0.000 s     
|  |  |  |- Refinement: ......................... 0.011 s     
|  |  |  |  |- Greedy Balancer: ................. 0.000 s     
|  |  |  |  `- Label Propagation: ............... 0.011 s     
|  |  |  |     |- Allocation: ................... 0.005 s     
|  |  |  |     |- Iteration (0): ................ 0.003 s     
|  |  |  |     |- Iteration (1): ................ 0.001 s     
|  |  |  |     |- Iteration (2): ................ 0.000 s     
|  |  |  |     |- Iteration (3): ................ 0.000 s     
|  |  |  |     `- Iteration (4): ................ 0.000 s     
|  |  |  |- Initial partitioning: ............... 0.034 s     
|  |  |  |  |- Preprocessing: ................... 0.008 s     
|  |  |  |  |- Allocation: ...................... 0.000 s     
|  |  |  |  |- Bipartitioning: .................. 0.025 s     
|  |  |  |  `- Copy subgraph partitions: ........ 0.000 s     
|  |  |  `- Deallocation: ....................... 0.001 s     
|  |  `- Level (0): ............................. 0.216 s     
|  |     |- Allocation: ......................... 0.007 s     
|  |     |- Project partition: .................. 0.002 s     
|  |     |- Create graph: ....................... 0.002 s     
|  |     `- Refinement: ......................... 0.202 s     
|  |        |- Greedy Balancer: ................. 0.000 s     
|  |        `- Label Propagation: ............... 0.202 s     
|  |           |- Iteration (0): ................ 0.128 s     
|  |           |- Iteration (1): ................ 0.026 s     
|  |           |- Iteration (2): ................ 0.019 s     
|  |           |- Iteration (3): ................ 0.014 s     
|  |           `- Iteration (4): ................ 0.011 s     
|  |- Deallocation: ............................. 0.000 s     
|  `- Re-integrate isolated nodes: .............. 0.011 s     
`- IO: .......................................... 0.003 s     

Partition summary:
  Number of blocks: 16
  Edge cut:         5861813
  Imbalance:        0.0299817
  Feasible:         yes

Block weights:
  w(0 ) = 1765144    w(1 ) = 1802056    w(2 ) = 1758902    w(3 ) = 1801673  
  w(4 ) = 1743105    w(5 ) = 1736980    w(6 ) = 1760793    w(7 ) = 1790320  
  w(8 ) = 1582148    w(9 ) = 1783199    w(10) = 1760049    w(11) = 1763248  
  w(12) = 1735322    w(13) = 1801705    w(14) = 1614879    w(15) = 1794077  

Maximum resident set size: 9359288 KiB
