################################################################################
#                _  __       __  __  _         ____                            #
#               | |/ / __ _ |  \/  |(_) _ __  |  _ \  __ _  _ __               #
#               | ' / / _` || |\/| || || '_ \ | |_) |/ _` || '__|              #
#               | . \| (_| || |  | || || | | ||  __/| (_| || |                 #
#               |_|\_\\__,_||_|  |_||_||_| |_||_|    \__,_||_|                 #
#                                                                              #
################################################################################
Current commit hash:          99c62314d27845b3825829ec1e3e97256490627d
Assertion level:              always+light
Statistics:                   disabled
Built on:                     liskov
Data type sizes:
  Nodes IDs: 4 bytes | Node weights: 4 bytes
  Edges IDs: 4 bytes | Edge weights: 4 bytes
############################################################## Input Summary ###
Execution mode:               64
Seed:                         1
Graph:                        Queen_4147 [node ordering: deg-buckets] [edge ordering: natural]
  Number of nodes:              4147110 (unweighted)
  Number of edges:            325352174 (unweighted)
Number of blocks:             16
Maximum block weight:         266970 (259195 + 3% / 3%)
---------------------------------------------------------- Graph Compression ---
Enabled:                      no
-------------------------------------------------------- Partitioning Scheme ---
Partitioning mode:            deep
  Deep initial part. mode:    async-parallel
  Deep initial part. load:    1
Subgraph memory:              Lazy
----------------------------------------------------------------- Coarsening ---
Contraction limit:            2000
Coarsening algorithm:         clustering
  Cluster weight limit:       epsilon-block-weight x 1
  Shrink factor:              1.79769e+308
  Max mem-free level:         1
  Clustering algorithm:       lp
    Number of iterations:     5
    High degree threshold:    4294967295
    Max degree:               4294967295
    Tie breaking strategy:    uniform
    Implementation:           two-phase
      Relabel:                no
    2-hop clustering:         match-threadwise, if |Vcoarse| > 0.500000 * |V|
    Isolated nodes:           match-during-two-hop
  Forced hierarchy levels:    <none> (leeway: U=10.000000, L=1.100000)
Contraction algorithm:        unbuffered
  Implementation:             two-phase
------------------------------------------------------- Initial Partitioning ---
Adaptive algorithm selection: yes
----------------------------------------------------------------- Refinement ---
Refinement algorithms:        [greedy-balancer -> lp]
Label propagation:
  Number of iterations:       5
  Tie breaking strategy:      uniform
  Implementation:             single-phase
############################################################## Preprocessing ###
Removed 0 isolated nodes
  Remaining nodes:             4147110
  Remaining total node weight: 4147110
############################################################### Partitioning ###
Input graph:
 Number of nodes: 4147110 | Number of edges: 325352174
 Maximum node weight: 1

Coarsening -> Level 1 [max cluster weight: 7775]:
 Total edge weight:   128306670
 Number of nodes:     23710 | Number of edges: 344618
 Maximum node weight: 1985

==> Coarsening terminated with less than 128000 nodes

Initial partitioning:
 Number of blocks: 16

Uncoarsening -> Level 0
 Number of nodes: 4147110 | Number of edges: 325352174
  Running refinement on 16 blocks
   1. Greedy Balancer
   2. Label Propagation
############################################################# Result Summary ###
RESULT cut=4855720 imbalance=0.0279751 feasible=1 k=16
TIME read_input_graph=21.610 partitioning=0.537 partitioning.rearrange_by_degree-buckets=0.057 partitioning.rearrange_by_degree-buckets.sort_nodes_by_integer_buckets=0.012 partitioning.rearrange_by_degree-buckets.rearrange_input_graph=0.036 partitioning.rearrange_by_degree-buckets.deallocation=0.005 partitioning.refinement=0.000 partitioning.refinement.allocation=0.000 partitioning.coarsening=0.281 partitioning.coarsening.level[0]=0.281 partitioning.coarsening.level[0].label_propagation=0.228 partitioning.coarsening.level[0].label_propagation.allocation=0.007 partitioning.coarsening.level[0].label_propagation.iteration[0]=0.073 partitioning.coarsening.level[0].label_propagation.iteration[0].first_phase=0.070 partitioning.coarsening.level[0].label_propagation.iteration[1]=0.043 partitioning.coarsening.level[0].label_propagation.iteration[1].first_phase=0.043 partitioning.coarsening.level[0].label_propagation.iteration[2]=0.036 partitioning.coarsening.level[0].label_propagation.iteration[2].first_phase=0.036 partitioning.coarsening.level[0].label_propagation.iteration[3]=0.032 partitioning.coarsening.level[0].label_propagation.iteration[3].first_phase=0.031 partitioning.coarsening.level[0].label_propagation.iteration[4]=0.028 partitioning.coarsening.level[0].label_propagation.iteration[4].first_phase=0.028 partitioning.coarsening.level[0].label_propagation.handle_isolated_nodes=0.000 partitioning.coarsening.level[0].label_propagation.handle_two-hop_nodes=0.000 partitioning.coarsening.level[0].label_propagation.free=0.006 partitioning.coarsening.level[0].contract_graph=0.052 partitioning.coarsening.level[0].contract_graph.allocation=0.000 partitioning.coarsening.level[0].contract_graph.preprocessing=0.008 partitioning.coarsening.level[0].contract_graph.deallocation=0.000 partitioning.coarsening.level[0].contract_graph.construct_coarse_graph=0.043 partitioning.coarsening.level[0].contract_graph.construct_coarse_graph.aggregate_coarse_edges=0.042 partitioning.coarsening.level[0].contract_graph.construct_coarse_graph.aggregate_coarse_edges.first_phase=0.034 partitioning.coarsening.level[0].contract_graph.construct_coarse_graph.aggregate_coarse_edges.second_phase=0.000 partitioning.coarsening.level[0].contract_graph.construct_coarse_graph.remap_coarse_edges_and_mapping=0.001 partitioning.coarsening.deallocation=0.000 partitioning.initial_partitioning_scheme=0.100 partitioning.uncoarsening=0.090 partitioning.uncoarsening.level[0]=0.090 partitioning.uncoarsening.level[0].allocation=0.004 partitioning.uncoarsening.level[0].project_partition=0.000 partitioning.uncoarsening.level[0].create_graph=0.001 partitioning.uncoarsening.level[0].refinement=0.083 partitioning.uncoarsening.level[0].refinement.greedy_balancer=0.000 partitioning.uncoarsening.level[0].refinement.label_propagation=0.082 partitioning.uncoarsening.level[0].refinement.label_propagation.allocation=0.000 partitioning.uncoarsening.level[0].refinement.label_propagation.iteration[0]=0.048 partitioning.uncoarsening.level[0].refinement.label_propagation.iteration[1]=0.012 partitioning.uncoarsening.level[0].refinement.label_propagation.iteration[2]=0.009 partitioning.uncoarsening.level[0].refinement.label_propagation.iteration[3]=0.006 partitioning.uncoarsening.level[0].refinement.label_propagation.iteration[4]=0.004 partitioning.deallocation=0.003 partitioning.re-integrate_isolated_nodes=0.003 io=0.000 
MEMORY disabled

Global Timer: ................................... 22.156 s    
|- Read input graph: ............................ 21.610 s    
|- Partitioning: ................................ 0.537 s     
|  |- Rearrange by degree-buckets: .............. 0.057 s     
|  |  |- Sort nodes by integer buckets: ......... 0.012 s     
|  |  |- Rearrange input graph: ................. 0.036 s     
|  |  `- Deallocation: .......................... 0.005 s     
|  |- Refinement: ............................... 0.000 s     
|  |  `- Allocation: ............................ 0.000 s     
|  |- Coarsening: ............................... 0.281 s     
|  |  |- Level (0): ............................. 0.281 s     
|  |  |  |- Label Propagation: .................. 0.228 s     
|  |  |  |  |- Allocation: ...................... 0.007 s     
|  |  |  |  |- Iteration (0): ................... 0.073 s     
|  |  |  |  |  `- First phase: .................. 0.070 s     
|  |  |  |  |- Iteration (1): ................... 0.043 s     
|  |  |  |  |  `- First phase: .................. 0.043 s     
|  |  |  |  |- Iteration (2): ................... 0.036 s     
|  |  |  |  |  `- First phase: .................. 0.036 s     
|  |  |  |  |- Iteration (3): ................... 0.032 s     
|  |  |  |  |  `- First phase: .................. 0.031 s     
|  |  |  |  |- Iteration (4): ................... 0.028 s     
|  |  |  |  |  `- First phase: .................. 0.028 s     
|  |  |  |  |- Handle isolated nodes: ........... 0.000 s     
|  |  |  |  |- Handle two-hop nodes: ............ 0.000 s     
|  |  |  |  `- Free: ............................ 0.006 s     
|  |  |  `- Contract graph: ..................... 0.052 s     
|  |  |     |- Allocation: ...................... 0.000 s  (3)
|  |  |     |- Preprocessing: ................... 0.008 s  (3)
|  |  |     |- Deallocation: .................... 0.000 s     
|  |  |     `- Construct coarse graph: .......... 0.043 s     
|  |  |        |- Aggregate coarse edges: ....... 0.042 s     
|  |  |        |  |- First phase: ............... 0.034 s     
|  |  |        |  `- Second phase: .............. 0.000 s     
|  |  |        `- Remap coarse edges and mapping: 0.001 s     
|  |  `- Deallocation: .......................... 0.000 s     
|  |- Initial partitioning scheme: .............. 0.100 s     
|  |- Uncoarsening: ............................. 0.090 s     
|  |  `- Level (0): ............................. 0.090 s     
|  |     |- Allocation: ......................... 0.004 s     
|  |     |- Project partition: .................. 0.000 s     
|  |     |- Create graph: ....................... 0.001 s     
|  |     `- Refinement: ......................... 0.083 s     
|  |        |- Greedy Balancer: ................. 0.000 s     
|  |        `- Label Propagation: ............... 0.082 s     
|  |           |- Allocation: ................... 0.000 s     
|  |           |- Iteration (0): ................ 0.048 s     
|  |           |- Iteration (1): ................ 0.012 s     
|  |           |- Iteration (2): ................ 0.009 s     
|  |           |- Iteration (3): ................ 0.006 s     
|  |           `- Iteration (4): ................ 0.004 s     
|  |- Deallocation: ............................. 0.003 s     
|  `- Re-integrate isolated nodes: .............. 0.003 s     
`- IO: .......................................... 0.000 s     

Partition summary:
  Number of blocks: 16
  Edge cut:         4855720
  Imbalance:        0.0279751
  Feasible:         yes

Block weights:
  w(0 ) = 248414    w(1 ) = 260203    w(2 ) = 259432    w(3 ) = 266324  
  w(4 ) = 258745    w(5 ) = 262782    w(6 ) = 262782    w(7 ) = 266446  
  w(8 ) = 265331    w(9 ) = 259880    w(10) = 256841    w(11) = 261092  
  w(12) = 264461    w(13) = 232117    w(14) = 258656    w(15) = 263604  

Maximum resident set size: 3767740 KiB
