################################################################################
#                _  __       __  __  _         ____                            #
#               | |/ / __ _ |  \/  |(_) _ __  |  _ \  __ _  _ __               #
#               | ' / / _` || |\/| || || '_ \ | |_) |/ _` || '__|              #
#               | . \| (_| || |  | || || | | ||  __/| (_| || |                 #
#               |_|\_\\__,_||_|  |_||_||_| |_||_|    \__,_||_|                 #
#                                                                              #
################################################################################
Current commit hash:          99c62314d27845b3825829ec1e3e97256490627d
Assertion level:              always+light
Statistics:                   disabled
Built on:                     liskov
Data type sizes:
  Nodes IDs: 4 bytes | Node weights: 4 bytes
  Edges IDs: 4 bytes | Edge weights: 4 bytes
############################################################## Input Summary ###
Execution mode:               64
Seed:                         1
Graph:                        recomp_proteins1GB_7 [node ordering: deg-buckets] [edge ordering: natural]
  Number of nodes:             2825742 (unweighted)
  Number of edges:            87714764 (total weight: 716946180)
Number of blocks:             16
Maximum block weight:         181907 (176609 + 3% / 3%)
---------------------------------------------------------- Graph Compression ---
Enabled:                      no
-------------------------------------------------------- Partitioning Scheme ---
Partitioning mode:            deep
  Deep initial part. mode:    async-parallel
  Deep initial part. load:    1
Subgraph memory:              Lazy
----------------------------------------------------------------- Coarsening ---
Contraction limit:            2000
Coarsening algorithm:         clustering
  Cluster weight limit:       epsilon-block-weight x 1
  Shrink factor:              1.79769e+308
  Max mem-free level:         1
  Clustering algorithm:       lp
    Number of iterations:     5
    High degree threshold:    4294967295
    Max degree:               4294967295
    Tie breaking strategy:    uniform
    Implementation:           two-phase
      Relabel:                no
    2-hop clustering:         match-threadwise, if |Vcoarse| > 0.500000 * |V|
    Isolated nodes:           match-during-two-hop
  Forced hierarchy levels:    <none> (leeway: U=10.000000, L=1.100000)
Contraction algorithm:        unbuffered
  Implementation:             two-phase
------------------------------------------------------- Initial Partitioning ---
Adaptive algorithm selection: yes
----------------------------------------------------------------- Refinement ---
Refinement algorithms:        [greedy-balancer -> lp]
Label propagation:
  Number of iterations:       5
  Tie breaking strategy:      uniform
  Implementation:             single-phase
############################################################## Preprocessing ###
Removed 0 isolated nodes
  Remaining nodes:             2825742
  Remaining total node weight: 2825742
############################################################### Partitioning ###
Input graph:
 Number of nodes: 2825742 | Number of edges: 87714764
 Maximum node weight: 1

Coarsening -> Level 1 [max cluster weight: 5298]:
 Total edge weight:   619279308
 Number of nodes:     156706 | Number of edges: 23789874
 Maximum node weight: 5300

Coarsening -> Level 2 [max cluster weight: 5298]:
 Total edge weight:   613860114
 Number of nodes:     62953 | Number of edges: 1142528
 Maximum node weight: 5300

==> Coarsening terminated with less than 128000 nodes

Initial partitioning:
 Number of blocks: 16

Uncoarsening -> Level 1
 Number of nodes: 156706 | Number of edges: 23789874
  Running refinement on 16 blocks
   1. Greedy Balancer
   2. Label Propagation

Uncoarsening -> Level 0
 Number of nodes: 2825742 | Number of edges: 87714764
  Running refinement on 16 blocks
   1. Greedy Balancer
   2. Label Propagation
############################################################# Result Summary ###
RESULT cut=276554252 imbalance=0.0299985 feasible=1 k=16
TIME read_input_graph=7.429 partitioning=1.895 partitioning.rearrange_by_degree-buckets=0.089 partitioning.rearrange_by_degree-buckets.sort_nodes_by_integer_buckets=0.010 partitioning.rearrange_by_degree-buckets.rearrange_input_graph=0.067 partitioning.rearrange_by_degree-buckets.deallocation=0.003 partitioning.refinement=0.000 partitioning.refinement.allocation=0.000 partitioning.coarsening=1.219 partitioning.coarsening.level[0]=1.052 partitioning.coarsening.level[0].label_propagation=0.932 partitioning.coarsening.level[0].label_propagation.allocation=0.009 partitioning.coarsening.level[0].label_propagation.iteration[0]=0.527 partitioning.coarsening.level[0].label_propagation.iteration[0].first_phase=0.400 partitioning.coarsening.level[0].label_propagation.iteration[0].second_phase=0.124 partitioning.coarsening.level[0].label_propagation.iteration[1]=0.165 partitioning.coarsening.level[0].label_propagation.iteration[1].first_phase=0.099 partitioning.coarsening.level[0].label_propagation.iteration[1].second_phase=0.066 partitioning.coarsening.level[0].label_propagation.iteration[2]=0.086 partitioning.coarsening.level[0].label_propagation.iteration[2].first_phase=0.032 partitioning.coarsening.level[0].label_propagation.iteration[2].second_phase=0.053 partitioning.coarsening.level[0].label_propagation.iteration[3]=0.070 partitioning.coarsening.level[0].label_propagation.iteration[3].first_phase=0.017 partitioning.coarsening.level[0].label_propagation.iteration[3].second_phase=0.053 partitioning.coarsening.level[0].label_propagation.iteration[4]=0.066 partitioning.coarsening.level[0].label_propagation.iteration[4].first_phase=0.012 partitioning.coarsening.level[0].label_propagation.iteration[4].second_phase=0.053 partitioning.coarsening.level[0].label_propagation.handle_isolated_nodes=0.000 partitioning.coarsening.level[0].label_propagation.handle_two-hop_nodes=0.000 partitioning.coarsening.level[0].label_propagation.free=0.006 partitioning.coarsening.level[0].contract_graph=0.119 partitioning.coarsening.level[0].contract_graph.allocation=0.000 partitioning.coarsening.level[0].contract_graph.preprocessing=0.035 partitioning.coarsening.level[0].contract_graph.deallocation=0.000 partitioning.coarsening.level[0].contract_graph.construct_coarse_graph=0.082 partitioning.coarsening.level[0].contract_graph.construct_coarse_graph.aggregate_coarse_edges=0.077 partitioning.coarsening.level[0].contract_graph.construct_coarse_graph.aggregate_coarse_edges.first_phase=0.058 partitioning.coarsening.level[0].contract_graph.construct_coarse_graph.aggregate_coarse_edges.second_phase=0.011 partitioning.coarsening.level[0].contract_graph.construct_coarse_graph.remap_coarse_edges_and_mapping=0.004 partitioning.coarsening.level[1]=0.166 partitioning.coarsening.level[1].label_propagation=0.145 partitioning.coarsening.level[1].label_propagation.allocation=0.000 partitioning.coarsening.level[1].label_propagation.iteration[0]=0.094 partitioning.coarsening.level[1].label_propagation.iteration[0].first_phase=0.086 partitioning.coarsening.level[1].label_propagation.iteration[0].second_phase=0.008 partitioning.coarsening.level[1].label_propagation.iteration[1]=0.024 partitioning.coarsening.level[1].label_propagation.iteration[1].first_phase=0.022 partitioning.coarsening.level[1].label_propagation.iteration[1].second_phase=0.002 partitioning.coarsening.level[1].label_propagation.iteration[2]=0.010 partitioning.coarsening.level[1].label_propagation.iteration[2].first_phase=0.007 partitioning.coarsening.level[1].label_propagation.iteration[2].second_phase=0.002 partitioning.coarsening.level[1].label_propagation.iteration[3]=0.007 partitioning.coarsening.level[1].label_propagation.iteration[3].first_phase=0.005 partitioning.coarsening.level[1].label_propagation.iteration[3].second_phase=0.002 partitioning.coarsening.level[1].label_propagation.iteration[4]=0.007 partitioning.coarsening.level[1].label_propagation.iteration[4].first_phase=0.005 partitioning.coarsening.level[1].label_propagation.iteration[4].second_phase=0.002 partitioning.coarsening.level[1].label_propagation.handle_isolated_nodes=0.000 partitioning.coarsening.level[1].label_propagation.handle_two-hop_nodes=0.000 partitioning.coarsening.level[1].contract_graph=0.021 partitioning.coarsening.level[1].contract_graph.allocation=0.000 partitioning.coarsening.level[1].contract_graph.preprocessing=0.001 partitioning.coarsening.level[1].contract_graph.deallocation=0.000 partitioning.coarsening.level[1].contract_graph.construct_coarse_graph=0.019 partitioning.coarsening.level[1].contract_graph.construct_coarse_graph.aggregate_coarse_edges=0.019 partitioning.coarsening.level[1].contract_graph.construct_coarse_graph.aggregate_coarse_edges.first_phase=0.017 partitioning.coarsening.level[1].contract_graph.construct_coarse_graph.aggregate_coarse_edges.second_phase=0.001 partitioning.coarsening.level[1].contract_graph.construct_coarse_graph.remap_coarse_edges_and_mapping=0.000 partitioning.coarsening.deallocation=0.000 partitioning.initial_partitioning_scheme=0.352 partitioning.uncoarsening=0.223 partitioning.uncoarsening.level[1]=0.022 partitioning.uncoarsening.level[1].allocation=0.000 partitioning.uncoarsening.level[1].project_partition=0.000 partitioning.uncoarsening.level[1].create_graph=0.000 partitioning.uncoarsening.level[1].refinement=0.021 partitioning.uncoarsening.level[1].refinement.greedy_balancer=0.000 partitioning.uncoarsening.level[1].refinement.label_propagation=0.021 partitioning.uncoarsening.level[1].refinement.label_propagation.allocation=0.000 partitioning.uncoarsening.level[1].refinement.label_propagation.iteration[0]=0.008 partitioning.uncoarsening.level[1].refinement.label_propagation.iteration[1]=0.003 partitioning.uncoarsening.level[1].refinement.label_propagation.iteration[2]=0.002 partitioning.uncoarsening.level[1].refinement.label_propagation.iteration[3]=0.003 partitioning.uncoarsening.level[1].refinement.label_propagation.iteration[4]=0.002 partitioning.uncoarsening.level[0]=0.200 partitioning.uncoarsening.level[0].allocation=0.003 partitioning.uncoarsening.level[0].project_partition=0.000 partitioning.uncoarsening.level[0].create_graph=0.000 partitioning.uncoarsening.level[0].refinement=0.193 partitioning.uncoarsening.level[0].refinement.greedy_balancer=0.021 partitioning.uncoarsening.level[0].refinement.greedy_balancer.allocation=0.000 partitioning.uncoarsening.level[0].refinement.greedy_balancer.initialize_balancer_pq=0.020 partitioning.uncoarsening.level[0].refinement.greedy_balancer.initialize_balancer_pq.thread-local=0.019 partitioning.uncoarsening.level[0].refinement.greedy_balancer.initialize_balancer_pq.merge_thread-local_pqs=0.001 partitioning.uncoarsening.level[0].refinement.greedy_balancer.main_loop=0.000 partitioning.uncoarsening.level[0].refinement.label_propagation=0.172 partitioning.uncoarsening.level[0].refinement.label_propagation.iteration[0]=0.100 partitioning.uncoarsening.level[0].refinement.label_propagation.iteration[1]=0.023 partitioning.uncoarsening.level[0].refinement.label_propagation.iteration[2]=0.018 partitioning.uncoarsening.level[0].refinement.label_propagation.iteration[3]=0.013 partitioning.uncoarsening.level[0].refinement.label_propagation.iteration[4]=0.015 partitioning.deallocation=0.004 partitioning.re-integrate_isolated_nodes=0.005 io=0.000 
MEMORY disabled

Global Timer: ................................... 9.327 s    
|- Read input graph: ............................ 7.429 s    
|- Partitioning: ................................ 1.895 s    
|  |- Rearrange by degree-buckets: .............. 0.089 s    
|  |  |- Sort nodes by integer buckets: ......... 0.010 s    
|  |  |- Rearrange input graph: ................. 0.067 s    
|  |  `- Deallocation: .......................... 0.003 s    
|  |- Refinement: ............................... 0.000 s    
|  |  `- Allocation: ............................ 0.000 s    
|  |- Coarsening: ............................... 1.219 s    
|  |  |- Level (0): ............................. 1.052 s    
|  |  |  |- Label Propagation: .................. 0.932 s    
|  |  |  |  |- Allocation: ...................... 0.009 s    
|  |  |  |  |- Iteration (0): ................... 0.527 s    
|  |  |  |  |  |- First phase: .................. 0.400 s    
|  |  |  |  |  `- Second phase: ................. 0.124 s    
|  |  |  |  |- Iteration (1): ................... 0.165 s    
|  |  |  |  |  |- First phase: .................. 0.099 s    
|  |  |  |  |  `- Second phase: ................. 0.066 s    
|  |  |  |  |- Iteration (2): ................... 0.086 s    
|  |  |  |  |  |- First phase: .................. 0.032 s    
|  |  |  |  |  `- Second phase: ................. 0.053 s    
|  |  |  |  |- Iteration (3): ................... 0.070 s    
|  |  |  |  |  |- First phase: .................. 0.017 s    
|  |  |  |  |  `- Second phase: ................. 0.053 s    
|  |  |  |  |- Iteration (4): ................... 0.066 s    
|  |  |  |  |  |- First phase: .................. 0.012 s    
|  |  |  |  |  `- Second phase: ................. 0.053 s    
|  |  |  |  |- Handle isolated nodes: ........... 0.000 s    
|  |  |  |  |- Handle two-hop nodes: ............ 0.000 s    
|  |  |  |  `- Free: ............................ 0.006 s    
|  |  |  `- Contract graph: ..................... 0.119 s    
|  |  |     |- Allocation: ...................... 0.000 s (3)
|  |  |     |- Preprocessing: ................... 0.035 s (3)
|  |  |     |- Deallocation: .................... 0.000 s    
|  |  |     `- Construct coarse graph: .......... 0.082 s    
|  |  |        |- Aggregate coarse edges: ....... 0.077 s    
|  |  |        |  |- First phase: ............... 0.058 s    
|  |  |        |  `- Second phase: .............. 0.011 s    
|  |  |        `- Remap coarse edges and mapping: 0.004 s    
|  |  |- Level (1): ............................. 0.166 s    
|  |  |  |- Label Propagation: .................. 0.145 s    
|  |  |  |  |- Allocation: ...................... 0.000 s    
|  |  |  |  |- Iteration (0): ................... 0.094 s    
|  |  |  |  |  |- First phase: .................. 0.086 s    
|  |  |  |  |  `- Second phase: ................. 0.008 s    
|  |  |  |  |- Iteration (1): ................... 0.024 s    
|  |  |  |  |  |- First phase: .................. 0.022 s    
|  |  |  |  |  `- Second phase: ................. 0.002 s    
|  |  |  |  |- Iteration (2): ................... 0.010 s    
|  |  |  |  |  |- First phase: .................. 0.007 s    
|  |  |  |  |  `- Second phase: ................. 0.002 s    
|  |  |  |  |- Iteration (3): ................... 0.007 s    
|  |  |  |  |  |- First phase: .................. 0.005 s    
|  |  |  |  |  `- Second phase: ................. 0.002 s    
|  |  |  |  |- Iteration (4): ................... 0.007 s    
|  |  |  |  |  |- First phase: .................. 0.005 s    
|  |  |  |  |  `- Second phase: ................. 0.002 s    
|  |  |  |  |- Handle isolated nodes: ........... 0.000 s    
|  |  |  |  `- Handle two-hop nodes: ............ 0.000 s    
|  |  |  `- Contract graph: ..................... 0.021 s    
|  |  |     |- Allocation: ...................... 0.000 s (3)
|  |  |     |- Preprocessing: ................... 0.001 s (3)
|  |  |     |- Deallocation: .................... 0.000 s    
|  |  |     `- Construct coarse graph: .......... 0.019 s    
|  |  |        |- Aggregate coarse edges: ....... 0.019 s    
|  |  |        |  |- First phase: ............... 0.017 s    
|  |  |        |  `- Second phase: .............. 0.001 s    
|  |  |        `- Remap coarse edges and mapping: 0.000 s    
|  |  `- Deallocation: .......................... 0.000 s    
|  |- Initial partitioning scheme: .............. 0.352 s    
|  |- Uncoarsening: ............................. 0.223 s    
|  |  |- Level (1): ............................. 0.022 s    
|  |  |  |- Allocation: ......................... 0.000 s    
|  |  |  |- Project partition: .................. 0.000 s    
|  |  |  |- Create graph: ....................... 0.000 s    
|  |  |  `- Refinement: ......................... 0.021 s    
|  |  |     |- Greedy Balancer: ................. 0.000 s    
|  |  |     `- Label Propagation: ............... 0.021 s    
|  |  |        |- Allocation: ................... 0.000 s    
|  |  |        |- Iteration (0): ................ 0.008 s    
|  |  |        |- Iteration (1): ................ 0.003 s    
|  |  |        |- Iteration (2): ................ 0.002 s    
|  |  |        |- Iteration (3): ................ 0.003 s    
|  |  |        `- Iteration (4): ................ 0.002 s    
|  |  `- Level (0): ............................. 0.200 s    
|  |     |- Allocation: ......................... 0.003 s    
|  |     |- Project partition: .................. 0.000 s    
|  |     |- Create graph: ....................... 0.000 s    
|  |     `- Refinement: ......................... 0.193 s    
|  |        |- Greedy Balancer: ................. 0.021 s    
|  |        |  |- Allocation: ................... 0.000 s    
|  |        |  |- Initialize balancer PQ: ....... 0.020 s    
|  |        |  |  |- Thread-local: .............. 0.019 s    
|  |        |  |  `- Merge thread-local PQs: .... 0.001 s    
|  |        |  `- Main loop: .................... 0.000 s    
|  |        `- Label Propagation: ............... 0.172 s    
|  |           |- Iteration (0): ................ 0.100 s    
|  |           |- Iteration (1): ................ 0.023 s    
|  |           |- Iteration (2): ................ 0.018 s    
|  |           |- Iteration (3): ................ 0.013 s    
|  |           `- Iteration (4): ................ 0.015 s    
|  |- Deallocation: ............................. 0.004 s    
|  `- Re-integrate isolated nodes: .............. 0.005 s    
`- IO: .......................................... 0.000 s    

Partition summary:
  Number of blocks: 16
  Edge cut:         276554252
  Imbalance:        0.0299985
  Feasible:         yes

Block weights:
  w(0 ) = 181906    w(1 ) = 181907    w(2 ) = 181900    w(3 ) = 181907  
  w(4 ) = 181907    w(5 ) = 97146     w(6 ) = 181907    w(7 ) = 181907  
  w(8 ) = 181907    w(9 ) = 181906    w(10) = 181907    w(11) = 181907  
  w(12) = 181907    w(13) = 181907    w(14) = 181907    w(15) = 181907  

Maximum resident set size: 1699184 KiB
