################################################################################
#                _  __       __  __  _         ____                            #
#               | |/ / __ _ |  \/  |(_) _ __  |  _ \  __ _  _ __               #
#               | ' / / _` || |\/| || || '_ \ | |_) |/ _` || '__|              #
#               | . \| (_| || |  | || || | | ||  __/| (_| || |                 #
#               |_|\_\\__,_||_|  |_||_||_| |_||_|    \__,_||_|                 #
#                                                                              #
################################################################################
Current commit hash:          99c62314d27845b3825829ec1e3e97256490627d
Assertion level:              always+light
Statistics:                   disabled
Built on:                     liskov
Data type sizes:
  Nodes IDs: 4 bytes | Node weights: 4 bytes
  Edges IDs: 4 bytes | Edge weights: 4 bytes
############################################################## Input Summary ###
Execution mode:               64
Seed:                         1
Graph:                        recomp_english1GB_7 [node ordering: deg-buckets] [edge ordering: natural]
  Number of nodes:              801514 (unweighted)
  Number of edges:            26125176 (total weight: 621681306)
Number of blocks:             16
Maximum block weight:         51597 (50095 + 3% / 3%)
---------------------------------------------------------- Graph Compression ---
Enabled:                      no
-------------------------------------------------------- Partitioning Scheme ---
Partitioning mode:            deep
  Deep initial part. mode:    async-parallel
  Deep initial part. load:    1
Subgraph memory:              Lazy
----------------------------------------------------------------- Coarsening ---
Contraction limit:            2000
Coarsening algorithm:         clustering
  Cluster weight limit:       epsilon-block-weight x 1
  Shrink factor:              1.79769e+308
  Max mem-free level:         1
  Clustering algorithm:       lp
    Number of iterations:     5
    High degree threshold:    4294967295
    Max degree:               4294967295
    Tie breaking strategy:    uniform
    Implementation:           two-phase
      Relabel:                no
    2-hop clustering:         match-threadwise, if |Vcoarse| > 0.500000 * |V|
    Isolated nodes:           match-during-two-hop
  Forced hierarchy levels:    <none> (leeway: U=10.000000, L=1.100000)
Contraction algorithm:        unbuffered
  Implementation:             two-phase
------------------------------------------------------- Initial Partitioning ---
Adaptive algorithm selection: yes
----------------------------------------------------------------- Refinement ---
Refinement algorithms:        [greedy-balancer -> lp]
Label propagation:
  Number of iterations:       5
  Tie breaking strategy:      uniform
  Implementation:             single-phase
############################################################## Preprocessing ###
Removed 0 isolated nodes
  Remaining nodes:             801514
  Remaining total node weight: 801514
############################################################### Partitioning ###
Input graph:
 Number of nodes: 801514 | Number of edges: 26125176
 Maximum node weight: 1

Coarsening -> Level 1 [max cluster weight: 1502]:
 Total edge weight:   513390770
 Number of nodes:     23064 | Number of edges: 1513272
 Maximum node weight: 1505

==> Coarsening terminated with less than 128000 nodes

Initial partitioning:
 Number of blocks: 16

Uncoarsening -> Level 0
 Number of nodes: 801514 | Number of edges: 26125176
  Running refinement on 16 blocks
   1. Greedy Balancer
   2. Label Propagation
############################################################# Result Summary ###
RESULT cut=199242655 imbalance=0.029983 feasible=1 k=16
TIME read_input_graph=2.089 partitioning=0.842 partitioning.rearrange_by_degree-buckets=0.036 partitioning.rearrange_by_degree-buckets.sort_nodes_by_integer_buckets=0.009 partitioning.rearrange_by_degree-buckets.rearrange_input_graph=0.023 partitioning.rearrange_by_degree-buckets.deallocation=0.001 partitioning.refinement=0.000 partitioning.refinement.allocation=0.000 partitioning.coarsening=0.406 partitioning.coarsening.level[0]=0.406 partitioning.coarsening.level[0].label_propagation=0.333 partitioning.coarsening.level[0].label_propagation.allocation=0.007 partitioning.coarsening.level[0].label_propagation.iteration[0]=0.201 partitioning.coarsening.level[0].label_propagation.iteration[0].first_phase=0.194 partitioning.coarsening.level[0].label_propagation.iteration[0].second_phase=0.005 partitioning.coarsening.level[0].label_propagation.iteration[1]=0.073 partitioning.coarsening.level[0].label_propagation.iteration[1].first_phase=0.073 partitioning.coarsening.level[0].label_propagation.iteration[2]=0.026 partitioning.coarsening.level[0].label_propagation.iteration[2].first_phase=0.026 partitioning.coarsening.level[0].label_propagation.iteration[3]=0.011 partitioning.coarsening.level[0].label_propagation.iteration[3].first_phase=0.011 partitioning.coarsening.level[0].label_propagation.iteration[4]=0.006 partitioning.coarsening.level[0].label_propagation.iteration[4].first_phase=0.006 partitioning.coarsening.level[0].label_propagation.handle_isolated_nodes=0.000 partitioning.coarsening.level[0].label_propagation.handle_two-hop_nodes=0.000 partitioning.coarsening.level[0].label_propagation.free=0.005 partitioning.coarsening.level[0].contract_graph=0.072 partitioning.coarsening.level[0].contract_graph.allocation=0.000 partitioning.coarsening.level[0].contract_graph.preprocessing=0.033 partitioning.coarsening.level[0].contract_graph.deallocation=0.000 partitioning.coarsening.level[0].contract_graph.construct_coarse_graph=0.038 partitioning.coarsening.level[0].contract_graph.construct_coarse_graph.aggregate_coarse_edges=0.037 partitioning.coarsening.level[0].contract_graph.construct_coarse_graph.aggregate_coarse_edges.first_phase=0.027 partitioning.coarsening.level[0].contract_graph.construct_coarse_graph.aggregate_coarse_edges.second_phase=0.000 partitioning.coarsening.level[0].contract_graph.construct_coarse_graph.remap_coarse_edges_and_mapping=0.000 partitioning.coarsening.deallocation=0.000 partitioning.initial_partitioning_scheme=0.298 partitioning.uncoarsening=0.097 partitioning.uncoarsening.level[0]=0.097 partitioning.uncoarsening.level[0].allocation=0.004 partitioning.uncoarsening.level[0].project_partition=0.000 partitioning.uncoarsening.level[0].create_graph=0.000 partitioning.uncoarsening.level[0].refinement=0.092 partitioning.uncoarsening.level[0].refinement.greedy_balancer=0.028 partitioning.uncoarsening.level[0].refinement.greedy_balancer.allocation=0.000 partitioning.uncoarsening.level[0].refinement.greedy_balancer.initialize_balancer_pq=0.016 partitioning.uncoarsening.level[0].refinement.greedy_balancer.initialize_balancer_pq.thread-local=0.005 partitioning.uncoarsening.level[0].refinement.greedy_balancer.initialize_balancer_pq.merge_thread-local_pqs=0.011 partitioning.uncoarsening.level[0].refinement.greedy_balancer.main_loop=0.012 partitioning.uncoarsening.level[0].refinement.label_propagation=0.062 partitioning.uncoarsening.level[0].refinement.label_propagation.allocation=0.000 partitioning.uncoarsening.level[0].refinement.label_propagation.iteration[0]=0.034 partitioning.uncoarsening.level[0].refinement.label_propagation.iteration[1]=0.010 partitioning.uncoarsening.level[0].refinement.label_propagation.iteration[2]=0.006 partitioning.uncoarsening.level[0].refinement.label_propagation.iteration[3]=0.005 partitioning.uncoarsening.level[0].refinement.label_propagation.iteration[4]=0.005 partitioning.deallocation=0.001 partitioning.re-integrate_isolated_nodes=0.000 io=0.000 
MEMORY disabled

Global Timer: ................................... 2.934 s    
|- Read input graph: ............................ 2.089 s    
|- Partitioning: ................................ 0.842 s    
|  |- Rearrange by degree-buckets: .............. 0.036 s    
|  |  |- Sort nodes by integer buckets: ......... 0.009 s    
|  |  |- Rearrange input graph: ................. 0.023 s    
|  |  `- Deallocation: .......................... 0.001 s    
|  |- Refinement: ............................... 0.000 s    
|  |  `- Allocation: ............................ 0.000 s    
|  |- Coarsening: ............................... 0.406 s    
|  |  |- Level (0): ............................. 0.406 s    
|  |  |  |- Label Propagation: .................. 0.333 s    
|  |  |  |  |- Allocation: ...................... 0.007 s    
|  |  |  |  |- Iteration (0): ................... 0.201 s    
|  |  |  |  |  |- First phase: .................. 0.194 s    
|  |  |  |  |  `- Second phase: ................. 0.005 s    
|  |  |  |  |- Iteration (1): ................... 0.073 s    
|  |  |  |  |  `- First phase: .................. 0.073 s    
|  |  |  |  |- Iteration (2): ................... 0.026 s    
|  |  |  |  |  `- First phase: .................. 0.026 s    
|  |  |  |  |- Iteration (3): ................... 0.011 s    
|  |  |  |  |  `- First phase: .................. 0.011 s    
|  |  |  |  |- Iteration (4): ................... 0.006 s    
|  |  |  |  |  `- First phase: .................. 0.006 s    
|  |  |  |  |- Handle isolated nodes: ........... 0.000 s    
|  |  |  |  |- Handle two-hop nodes: ............ 0.000 s    
|  |  |  |  `- Free: ............................ 0.005 s    
|  |  |  `- Contract graph: ..................... 0.072 s    
|  |  |     |- Allocation: ...................... 0.000 s (3)
|  |  |     |- Preprocessing: ................... 0.033 s (3)
|  |  |     |- Deallocation: .................... 0.000 s    
|  |  |     `- Construct coarse graph: .......... 0.038 s    
|  |  |        |- Aggregate coarse edges: ....... 0.037 s    
|  |  |        |  |- First phase: ............... 0.027 s    
|  |  |        |  `- Second phase: .............. 0.000 s    
|  |  |        `- Remap coarse edges and mapping: 0.000 s    
|  |  `- Deallocation: .......................... 0.000 s    
|  |- Initial partitioning scheme: .............. 0.298 s    
|  |- Uncoarsening: ............................. 0.097 s    
|  |  `- Level (0): ............................. 0.097 s    
|  |     |- Allocation: ......................... 0.004 s    
|  |     |- Project partition: .................. 0.000 s    
|  |     |- Create graph: ....................... 0.000 s    
|  |     `- Refinement: ......................... 0.092 s    
|  |        |- Greedy Balancer: ................. 0.028 s    
|  |        |  |- Allocation: ................... 0.000 s    
|  |        |  |- Initialize balancer PQ: ....... 0.016 s    
|  |        |  |  |- Thread-local: .............. 0.005 s    
|  |        |  |  `- Merge thread-local PQs: .... 0.011 s    
|  |        |  `- Main loop: .................... 0.012 s    
|  |        `- Label Propagation: ............... 0.062 s    
|  |           |- Allocation: ................... 0.000 s    
|  |           |- Iteration (0): ................ 0.034 s    
|  |           |- Iteration (1): ................ 0.010 s    
|  |           |- Iteration (2): ................ 0.006 s    
|  |           |- Iteration (3): ................ 0.005 s    
|  |           `- Iteration (4): ................ 0.005 s    
|  |- Deallocation: ............................. 0.001 s    
|  `- Re-integrate isolated nodes: .............. 0.000 s    
`- IO: .......................................... 0.000 s    

Partition summary:
  Number of blocks: 16
  Edge cut:         199242655
  Imbalance:        0.029983
  Feasible:         yes

Block weights:
  w(0 ) = 51597    w(1 ) = 51596    w(2 ) = 47803    w(3 ) = 51597  
  w(4 ) = 51597    w(5 ) = 51597    w(6 ) = 51597    w(7 ) = 51597  
  w(8 ) = 51597    w(9 ) = 47785    w(10) = 47770    w(11) = 51597  
  w(12) = 42600    w(13) = 51597    w(14) = 51597    w(15) = 47990  

Maximum resident set size: 1066012 KiB
