################################################################################
#                _  __       __  __  _         ____                            #
#               | |/ / __ _ |  \/  |(_) _ __  |  _ \  __ _  _ __               #
#               | ' / / _` || |\/| || || '_ \ | |_) |/ _` || '__|              #
#               | . \| (_| || |  | || || | | ||  __/| (_| || |                 #
#               |_|\_\\__,_||_|  |_||_||_| |_||_|    \__,_||_|                 #
#                                                                              #
################################################################################
Current commit hash:          99c62314d27845b3825829ec1e3e97256490627d
Assertion level:              always+light
Statistics:                   disabled
Built on:                     liskov
Data type sizes:
  Nodes IDs: 4 bytes | Node weights: 4 bytes
  Edges IDs: 4 bytes | Edge weights: 4 bytes
############################################################## Input Summary ###
Execution mode:               64
Seed:                         1
Graph:                        recomp_proteins1GB_9 [node ordering: deg-buckets] [edge ordering: natural]
  Number of nodes:             14537567 (unweighted)
  Number of edges:            148617134 (total weight: 510239704)
Number of blocks:             16
Maximum block weight:         935855 (908598 + 3% / 3%)
---------------------------------------------------------- Graph Compression ---
Enabled:                      no
-------------------------------------------------------- Partitioning Scheme ---
Partitioning mode:            deep
  Deep initial part. mode:    async-parallel
  Deep initial part. load:    1
Subgraph memory:              Lazy
----------------------------------------------------------------- Coarsening ---
Contraction limit:            2000
Coarsening algorithm:         clustering
  Cluster weight limit:       epsilon-block-weight x 1
  Shrink factor:              1.79769e+308
  Max mem-free level:         1
  Clustering algorithm:       lp
    Number of iterations:     5
    High degree threshold:    4294967295
    Max degree:               4294967295
    Tie breaking strategy:    uniform
    Implementation:           two-phase
      Relabel:                no
    2-hop clustering:         match-threadwise, if |Vcoarse| > 0.500000 * |V|
    Isolated nodes:           match-during-two-hop
  Forced hierarchy levels:    <none> (leeway: U=10.000000, L=1.100000)
Contraction algorithm:        unbuffered
  Implementation:             two-phase
------------------------------------------------------- Initial Partitioning ---
Adaptive algorithm selection: yes
----------------------------------------------------------------- Refinement ---
Refinement algorithms:        [greedy-balancer -> lp]
Label propagation:
  Number of iterations:       5
  Tie breaking strategy:      uniform
  Implementation:             single-phase
############################################################## Preprocessing ###
Removed 0 isolated nodes
  Remaining nodes:             14537567
  Remaining total node weight: 14537567
############################################################### Partitioning ###
Input graph:
 Number of nodes: 14537567 | Number of edges: 148617134
 Maximum node weight: 1

Coarsening -> Level 1 [max cluster weight: 27257]:
 Total edge weight:   409462782
 Number of nodes:     837761 | Number of edges: 75483176
 Maximum node weight: 27258

Coarsening -> Level 2 [max cluster weight: 27257]:
 Total edge weight:   393842008
 Number of nodes:     281221 | Number of edges: 11809798
 Maximum node weight: 27258

Coarsening -> Level 3 [max cluster weight: 27257]:
 Total edge weight:   392348762
 Number of nodes:     139503 | Number of edges: 1287750
 Maximum node weight: 27258

Coarsening -> Level 4 [max cluster weight: 27257]:
 Total edge weight:   392259424
 Number of nodes:     72221 | Number of edges: 928176
 Maximum node weight: 54514

==> Coarsening terminated with less than 128000 nodes

Initial partitioning:
 Number of blocks: 16

Uncoarsening -> Level 3
 Number of nodes: 139503 | Number of edges: 1287750
  Running refinement on 16 blocks
   1. Greedy Balancer
   2. Label Propagation

Uncoarsening -> Level 2
 Number of nodes: 281221 | Number of edges: 11809798
  Running refinement on 16 blocks
   1. Greedy Balancer
   2. Label Propagation

Uncoarsening -> Level 1
 Number of nodes: 837761 | Number of edges: 75483176
  Running refinement on 16 blocks
   1. Greedy Balancer
   2. Label Propagation

Uncoarsening -> Level 0
 Number of nodes: 14537567 | Number of edges: 148617134
  Running refinement on 16 blocks
   1. Greedy Balancer
   2. Label Propagation
############################################################# Result Summary ###
RESULT cut=173193451 imbalance=0.029999 feasible=1 k=16
TIME read_input_graph=13.513 partitioning=5.397 partitioning.rearrange_by_degree-buckets=0.201 partitioning.rearrange_by_degree-buckets.sort_nodes_by_integer_buckets=0.013 partitioning.rearrange_by_degree-buckets.rearrange_input_graph=0.171 partitioning.rearrange_by_degree-buckets.deallocation=0.006 partitioning.refinement=0.000 partitioning.refinement.allocation=0.000 partitioning.coarsening=3.947 partitioning.coarsening.level[0]=3.263 partitioning.coarsening.level[0].label_propagation=2.182 partitioning.coarsening.level[0].label_propagation.allocation=0.011 partitioning.coarsening.level[0].label_propagation.iteration[0]=0.696 partitioning.coarsening.level[0].label_propagation.iteration[0].first_phase=0.353 partitioning.coarsening.level[0].label_propagation.iteration[0].second_phase=0.339 partitioning.coarsening.level[0].label_propagation.iteration[1]=0.450 partitioning.coarsening.level[0].label_propagation.iteration[1].first_phase=0.148 partitioning.coarsening.level[0].label_propagation.iteration[1].second_phase=0.301 partitioning.coarsening.level[0].label_propagation.iteration[2]=0.357 partitioning.coarsening.level[0].label_propagation.iteration[2].first_phase=0.059 partitioning.coarsening.level[0].label_propagation.iteration[2].second_phase=0.298 partitioning.coarsening.level[0].label_propagation.iteration[3]=0.334 partitioning.coarsening.level[0].label_propagation.iteration[3].first_phase=0.035 partitioning.coarsening.level[0].label_propagation.iteration[3].second_phase=0.298 partitioning.coarsening.level[0].label_propagation.iteration[4]=0.324 partitioning.coarsening.level[0].label_propagation.iteration[4].first_phase=0.026 partitioning.coarsening.level[0].label_propagation.iteration[4].second_phase=0.297 partitioning.coarsening.level[0].label_propagation.handle_isolated_nodes=0.000 partitioning.coarsening.level[0].label_propagation.handle_two-hop_nodes=0.000 partitioning.coarsening.level[0].label_propagation.free=0.005 partitioning.coarsening.level[0].contract_graph=1.080 partitioning.coarsening.level[0].contract_graph.allocation=0.001 partitioning.coarsening.level[0].contract_graph.preprocessing=0.378 partitioning.coarsening.level[0].contract_graph.deallocation=0.000 partitioning.coarsening.level[0].contract_graph.construct_coarse_graph=0.697 partitioning.coarsening.level[0].contract_graph.construct_coarse_graph.aggregate_coarse_edges=0.681 partitioning.coarsening.level[0].contract_graph.construct_coarse_graph.aggregate_coarse_edges.first_phase=0.157 partitioning.coarsening.level[0].contract_graph.construct_coarse_graph.aggregate_coarse_edges.second_phase=0.519 partitioning.coarsening.level[0].contract_graph.construct_coarse_graph.remap_coarse_edges_and_mapping=0.014 partitioning.coarsening.level[1]=0.522 partitioning.coarsening.level[1].label_propagation=0.443 partitioning.coarsening.level[1].label_propagation.allocation=0.001 partitioning.coarsening.level[1].label_propagation.iteration[0]=0.277 partitioning.coarsening.level[1].label_propagation.iteration[0].first_phase=0.188 partitioning.coarsening.level[1].label_propagation.iteration[0].second_phase=0.087 partitioning.coarsening.level[1].label_propagation.iteration[1]=0.071 partitioning.coarsening.level[1].label_propagation.iteration[1].first_phase=0.055 partitioning.coarsening.level[1].label_propagation.iteration[1].second_phase=0.015 partitioning.coarsening.level[1].label_propagation.iteration[2]=0.035 partitioning.coarsening.level[1].label_propagation.iteration[2].first_phase=0.026 partitioning.coarsening.level[1].label_propagation.iteration[2].second_phase=0.008 partitioning.coarsening.level[1].label_propagation.iteration[3]=0.029 partitioning.coarsening.level[1].label_propagation.iteration[3].first_phase=0.021 partitioning.coarsening.level[1].label_propagation.iteration[3].second_phase=0.008 partitioning.coarsening.level[1].label_propagation.iteration[4]=0.027 partitioning.coarsening.level[1].label_propagation.iteration[4].first_phase=0.019 partitioning.coarsening.level[1].label_propagation.iteration[4].second_phase=0.007 partitioning.coarsening.level[1].label_propagation.handle_isolated_nodes=0.000 partitioning.coarsening.level[1].label_propagation.handle_two-hop_nodes=0.000 partitioning.coarsening.level[1].contract_graph=0.078 partitioning.coarsening.level[1].contract_graph.allocation=0.000 partitioning.coarsening.level[1].contract_graph.preprocessing=0.006 partitioning.coarsening.level[1].contract_graph.deallocation=0.000 partitioning.coarsening.level[1].contract_graph.construct_coarse_graph=0.071 partitioning.coarsening.level[1].contract_graph.construct_coarse_graph.aggregate_coarse_edges=0.068 partitioning.coarsening.level[1].contract_graph.construct_coarse_graph.aggregate_coarse_edges.first_phase=0.047 partitioning.coarsening.level[1].contract_graph.construct_coarse_graph.aggregate_coarse_edges.second_phase=0.021 partitioning.coarsening.level[1].contract_graph.construct_coarse_graph.remap_coarse_edges_and_mapping=0.002 partitioning.coarsening.level[2]=0.122 partitioning.coarsening.level[2].label_propagation=0.104 partitioning.coarsening.level[2].label_propagation.iteration[0]=0.051 partitioning.coarsening.level[2].label_propagation.iteration[0].first_phase=0.045 partitioning.coarsening.level[2].label_propagation.iteration[0].second_phase=0.005 partitioning.coarsening.level[2].label_propagation.iteration[1]=0.018 partitioning.coarsening.level[2].label_propagation.iteration[1].first_phase=0.013 partitioning.coarsening.level[2].label_propagation.iteration[1].second_phase=0.005 partitioning.coarsening.level[2].label_propagation.iteration[2]=0.013 partitioning.coarsening.level[2].label_propagation.iteration[2].first_phase=0.008 partitioning.coarsening.level[2].label_propagation.iteration[2].second_phase=0.005 partitioning.coarsening.level[2].label_propagation.iteration[3]=0.010 partitioning.coarsening.level[2].label_propagation.iteration[3].first_phase=0.004 partitioning.coarsening.level[2].label_propagation.iteration[3].second_phase=0.005 partitioning.coarsening.level[2].label_propagation.iteration[4]=0.009 partitioning.coarsening.level[2].label_propagation.iteration[4].first_phase=0.004 partitioning.coarsening.level[2].label_propagation.iteration[4].second_phase=0.005 partitioning.coarsening.level[2].label_propagation.handle_isolated_nodes=0.000 partitioning.coarsening.level[2].label_propagation.handle_two-hop_nodes=0.000 partitioning.coarsening.level[2].contract_graph=0.017 partitioning.coarsening.level[2].contract_graph.allocation=0.000 partitioning.coarsening.level[2].contract_graph.preprocessing=0.000 partitioning.coarsening.level[2].contract_graph.deallocation=0.000 partitioning.coarsening.level[2].contract_graph.construct_coarse_graph=0.016 partitioning.coarsening.level[2].contract_graph.construct_coarse_graph.aggregate_coarse_edges=0.016 partitioning.coarsening.level[2].contract_graph.construct_coarse_graph.aggregate_coarse_edges.first_phase=0.011 partitioning.coarsening.level[2].contract_graph.construct_coarse_graph.aggregate_coarse_edges.second_phase=0.004 partitioning.coarsening.level[2].contract_graph.construct_coarse_graph.remap_coarse_edges_and_mapping=0.000 partitioning.coarsening.level[3]=0.039 partitioning.coarsening.level[3].label_propagation=0.028 partitioning.coarsening.level[3].label_propagation.iteration[0]=0.007 partitioning.coarsening.level[3].label_propagation.iteration[0].first_phase=0.001 partitioning.coarsening.level[3].label_propagation.iteration[0].second_phase=0.004 partitioning.coarsening.level[3].label_propagation.iteration[1]=0.006 partitioning.coarsening.level[3].label_propagation.iteration[1].first_phase=0.001 partitioning.coarsening.level[3].label_propagation.iteration[1].second_phase=0.004 partitioning.coarsening.level[3].label_propagation.iteration[2]=0.005 partitioning.coarsening.level[3].label_propagation.iteration[2].first_phase=0.001 partitioning.coarsening.level[3].label_propagation.iteration[2].second_phase=0.003 partitioning.coarsening.level[3].label_propagation.iteration[3]=0.005 partitioning.coarsening.level[3].label_propagation.iteration[3].first_phase=0.001 partitioning.coarsening.level[3].label_propagation.iteration[3].second_phase=0.004 partitioning.coarsening.level[3].label_propagation.iteration[4]=0.005 partitioning.coarsening.level[3].label_propagation.iteration[4].first_phase=0.000 partitioning.coarsening.level[3].label_propagation.iteration[4].second_phase=0.004 partitioning.coarsening.level[3].label_propagation.handle_isolated_nodes=0.000 partitioning.coarsening.level[3].label_propagation.handle_two-hop_nodes=0.000 partitioning.coarsening.level[3].contract_graph=0.010 partitioning.coarsening.level[3].contract_graph.allocation=0.000 partitioning.coarsening.level[3].contract_graph.preprocessing=0.000 partitioning.coarsening.level[3].contract_graph.deallocation=0.000 partitioning.coarsening.level[3].contract_graph.construct_coarse_graph=0.009 partitioning.coarsening.level[3].contract_graph.construct_coarse_graph.aggregate_coarse_edges=0.009 partitioning.coarsening.level[3].contract_graph.construct_coarse_graph.aggregate_coarse_edges.first_phase=0.009 partitioning.coarsening.level[3].contract_graph.construct_coarse_graph.aggregate_coarse_edges.second_phase=0.000 partitioning.coarsening.level[3].contract_graph.construct_coarse_graph.remap_coarse_edges_and_mapping=0.000 partitioning.coarsening.deallocation=0.000 partitioning.initial_partitioning_scheme=0.184 partitioning.uncoarsening=1.050 partitioning.uncoarsening.level[3]=0.048 partitioning.uncoarsening.level[3].allocation=0.000 partitioning.uncoarsening.level[3].project_partition=0.000 partitioning.uncoarsening.level[3].create_graph=0.000 partitioning.uncoarsening.level[3].refinement=0.047 partitioning.uncoarsening.level[3].refinement.greedy_balancer=0.039 partitioning.uncoarsening.level[3].refinement.greedy_balancer.allocation=0.000 partitioning.uncoarsening.level[3].refinement.greedy_balancer.initialize_balancer_pq=0.021 partitioning.uncoarsening.level[3].refinement.greedy_balancer.initialize_balancer_pq.thread-local=0.001 partitioning.uncoarsening.level[3].refinement.greedy_balancer.initialize_balancer_pq.merge_thread-local_pqs=0.020 partitioning.uncoarsening.level[3].refinement.greedy_balancer.main_loop=0.018 partitioning.uncoarsening.level[3].refinement.label_propagation=0.008 partitioning.uncoarsening.level[3].refinement.label_propagation.allocation=0.004 partitioning.uncoarsening.level[3].refinement.label_propagation.iteration[0]=0.002 partitioning.uncoarsening.level[3].refinement.label_propagation.iteration[1]=0.000 partitioning.uncoarsening.level[3].refinement.label_propagation.iteration[2]=0.000 partitioning.uncoarsening.level[3].refinement.label_propagation.iteration[3]=0.000 partitioning.uncoarsening.level[3].refinement.label_propagation.iteration[4]=0.000 partitioning.uncoarsening.level[2]=0.006 partitioning.uncoarsening.level[2].allocation=0.000 partitioning.uncoarsening.level[2].project_partition=0.000 partitioning.uncoarsening.level[2].create_graph=0.000 partitioning.uncoarsening.level[2].refinement=0.006 partitioning.uncoarsening.level[2].refinement.greedy_balancer=0.000 partitioning.uncoarsening.level[2].refinement.label_propagation=0.006 partitioning.uncoarsening.level[2].refinement.label_propagation.iteration[0]=0.004 partitioning.uncoarsening.level[2].refinement.label_propagation.iteration[1]=0.001 partitioning.uncoarsening.level[1]=0.056 partitioning.uncoarsening.level[1].allocation=0.000 partitioning.uncoarsening.level[1].project_partition=0.000 partitioning.uncoarsening.level[1].create_graph=0.000 partitioning.uncoarsening.level[1].refinement=0.054 partitioning.uncoarsening.level[1].refinement.greedy_balancer=0.000 partitioning.uncoarsening.level[1].refinement.label_propagation=0.054 partitioning.uncoarsening.level[1].refinement.label_propagation.iteration[0]=0.027 partitioning.uncoarsening.level[1].refinement.label_propagation.iteration[1]=0.011 partitioning.uncoarsening.level[1].refinement.label_propagation.iteration[2]=0.009 partitioning.uncoarsening.level[1].refinement.label_propagation.iteration[3]=0.003 partitioning.uncoarsening.level[1].refinement.label_propagation.iteration[4]=0.002 partitioning.uncoarsening.level[0]=0.938 partitioning.uncoarsening.level[0].allocation=0.003 partitioning.uncoarsening.level[0].project_partition=0.001 partitioning.uncoarsening.level[0].create_graph=0.001 partitioning.uncoarsening.level[0].refinement=0.928 partitioning.uncoarsening.level[0].refinement.greedy_balancer=0.091 partitioning.uncoarsening.level[0].refinement.greedy_balancer.allocation=0.003 partitioning.uncoarsening.level[0].refinement.greedy_balancer.initialize_balancer_pq=0.088 partitioning.uncoarsening.level[0].refinement.greedy_balancer.initialize_balancer_pq.thread-local=0.081 partitioning.uncoarsening.level[0].refinement.greedy_balancer.initialize_balancer_pq.merge_thread-local_pqs=0.006 partitioning.uncoarsening.level[0].refinement.greedy_balancer.main_loop=0.000 partitioning.uncoarsening.level[0].refinement.label_propagation=0.836 partitioning.uncoarsening.level[0].refinement.label_propagation.iteration[0]=0.433 partitioning.uncoarsening.level[0].refinement.label_propagation.iteration[1]=0.140 partitioning.uncoarsening.level[0].refinement.label_propagation.iteration[2]=0.105 partitioning.uncoarsening.level[0].refinement.label_propagation.iteration[3]=0.078 partitioning.uncoarsening.level[0].refinement.label_propagation.iteration[4]=0.078 partitioning.deallocation=0.002 partitioning.re-integrate_isolated_nodes=0.009 io=0.001 
MEMORY disabled

Global Timer: ................................... 18.927 s    
|- Read input graph: ............................ 13.513 s    
|- Partitioning: ................................ 5.397 s     
|  |- Rearrange by degree-buckets: .............. 0.201 s     
|  |  |- Sort nodes by integer buckets: ......... 0.013 s     
|  |  |- Rearrange input graph: ................. 0.171 s     
|  |  `- Deallocation: .......................... 0.006 s     
|  |- Refinement: ............................... 0.000 s     
|  |  `- Allocation: ............................ 0.000 s     
|  |- Coarsening: ............................... 3.947 s     
|  |  |- Level (0): ............................. 3.263 s     
|  |  |  |- Label Propagation: .................. 2.182 s     
|  |  |  |  |- Allocation: ...................... 0.011 s     
|  |  |  |  |- Iteration (0): ................... 0.696 s     
|  |  |  |  |  |- First phase: .................. 0.353 s     
|  |  |  |  |  `- Second phase: ................. 0.339 s     
|  |  |  |  |- Iteration (1): ................... 0.450 s     
|  |  |  |  |  |- First phase: .................. 0.148 s     
|  |  |  |  |  `- Second phase: ................. 0.301 s     
|  |  |  |  |- Iteration (2): ................... 0.357 s     
|  |  |  |  |  |- First phase: .................. 0.059 s     
|  |  |  |  |  `- Second phase: ................. 0.298 s     
|  |  |  |  |- Iteration (3): ................... 0.334 s     
|  |  |  |  |  |- First phase: .................. 0.035 s     
|  |  |  |  |  `- Second phase: ................. 0.298 s     
|  |  |  |  |- Iteration (4): ................... 0.324 s     
|  |  |  |  |  |- First phase: .................. 0.026 s     
|  |  |  |  |  `- Second phase: ................. 0.297 s     
|  |  |  |  |- Handle isolated nodes: ........... 0.000 s     
|  |  |  |  |- Handle two-hop nodes: ............ 0.000 s     
|  |  |  |  `- Free: ............................ 0.005 s     
|  |  |  `- Contract graph: ..................... 1.080 s     
|  |  |     |- Allocation: ...................... 0.001 s  (3)
|  |  |     |- Preprocessing: ................... 0.378 s  (3)
|  |  |     |- Deallocation: .................... 0.000 s     
|  |  |     `- Construct coarse graph: .......... 0.697 s     
|  |  |        |- Aggregate coarse edges: ....... 0.681 s     
|  |  |        |  |- First phase: ............... 0.157 s     
|  |  |        |  `- Second phase: .............. 0.519 s     
|  |  |        `- Remap coarse edges and mapping: 0.014 s     
|  |  |- Level (1): ............................. 0.522 s     
|  |  |  |- Label Propagation: .................. 0.443 s     
|  |  |  |  |- Allocation: ...................... 0.001 s     
|  |  |  |  |- Iteration (0): ................... 0.277 s     
|  |  |  |  |  |- First phase: .................. 0.188 s     
|  |  |  |  |  `- Second phase: ................. 0.087 s     
|  |  |  |  |- Iteration (1): ................... 0.071 s     
|  |  |  |  |  |- First phase: .................. 0.055 s     
|  |  |  |  |  `- Second phase: ................. 0.015 s     
|  |  |  |  |- Iteration (2): ................... 0.035 s     
|  |  |  |  |  |- First phase: .................. 0.026 s     
|  |  |  |  |  `- Second phase: ................. 0.008 s     
|  |  |  |  |- Iteration (3): ................... 0.029 s     
|  |  |  |  |  |- First phase: .................. 0.021 s     
|  |  |  |  |  `- Second phase: ................. 0.008 s     
|  |  |  |  |- Iteration (4): ................... 0.027 s     
|  |  |  |  |  |- First phase: .................. 0.019 s     
|  |  |  |  |  `- Second phase: ................. 0.007 s     
|  |  |  |  |- Handle isolated nodes: ........... 0.000 s     
|  |  |  |  `- Handle two-hop nodes: ............ 0.000 s     
|  |  |  `- Contract graph: ..................... 0.078 s     
|  |  |     |- Allocation: ...................... 0.000 s  (3)
|  |  |     |- Preprocessing: ................... 0.006 s  (3)
|  |  |     |- Deallocation: .................... 0.000 s     
|  |  |     `- Construct coarse graph: .......... 0.071 s     
|  |  |        |- Aggregate coarse edges: ....... 0.068 s     
|  |  |        |  |- First phase: ............... 0.047 s     
|  |  |        |  `- Second phase: .............. 0.021 s     
|  |  |        `- Remap coarse edges and mapping: 0.002 s     
|  |  |- Level (2): ............................. 0.122 s     
|  |  |  |- Label Propagation: .................. 0.104 s     
|  |  |  |  |- Iteration (0): ................... 0.051 s     
|  |  |  |  |  |- First phase: .................. 0.045 s     
|  |  |  |  |  `- Second phase: ................. 0.005 s     
|  |  |  |  |- Iteration (1): ................... 0.018 s     
|  |  |  |  |  |- First phase: .................. 0.013 s     
|  |  |  |  |  `- Second phase: ................. 0.005 s     
|  |  |  |  |- Iteration (2): ................... 0.013 s     
|  |  |  |  |  |- First phase: .................. 0.008 s     
|  |  |  |  |  `- Second phase: ................. 0.005 s     
|  |  |  |  |- Iteration (3): ................... 0.010 s     
|  |  |  |  |  |- First phase: .................. 0.004 s     
|  |  |  |  |  `- Second phase: ................. 0.005 s     
|  |  |  |  |- Iteration (4): ................... 0.009 s     
|  |  |  |  |  |- First phase: .................. 0.004 s     
|  |  |  |  |  `- Second phase: ................. 0.005 s     
|  |  |  |  |- Handle isolated nodes: ........... 0.000 s     
|  |  |  |  `- Handle two-hop nodes: ............ 0.000 s     
|  |  |  `- Contract graph: ..................... 0.017 s     
|  |  |     |- Allocation: ...................... 0.000 s  (3)
|  |  |     |- Preprocessing: ................... 0.000 s  (3)
|  |  |     |- Deallocation: .................... 0.000 s     
|  |  |     `- Construct coarse graph: .......... 0.016 s     
|  |  |        |- Aggregate coarse edges: ....... 0.016 s     
|  |  |        |  |- First phase: ............... 0.011 s     
|  |  |        |  `- Second phase: .............. 0.004 s     
|  |  |        `- Remap coarse edges and mapping: 0.000 s     
|  |  |- Level (3): ............................. 0.039 s     
|  |  |  |- Label Propagation: .................. 0.028 s     
|  |  |  |  |- Iteration (0): ................... 0.007 s     
|  |  |  |  |  |- First phase: .................. 0.001 s     
|  |  |  |  |  `- Second phase: ................. 0.004 s     
|  |  |  |  |- Iteration (1): ................... 0.006 s     
|  |  |  |  |  |- First phase: .................. 0.001 s     
|  |  |  |  |  `- Second phase: ................. 0.004 s     
|  |  |  |  |- Iteration (2): ................... 0.005 s     
|  |  |  |  |  |- First phase: .................. 0.001 s     
|  |  |  |  |  `- Second phase: ................. 0.003 s     
|  |  |  |  |- Iteration (3): ................... 0.005 s     
|  |  |  |  |  |- First phase: .................. 0.001 s     
|  |  |  |  |  `- Second phase: ................. 0.004 s     
|  |  |  |  |- Iteration (4): ................... 0.005 s     
|  |  |  |  |  |- First phase: .................. 0.000 s     
|  |  |  |  |  `- Second phase: ................. 0.004 s     
|  |  |  |  |- Handle isolated nodes: ........... 0.000 s     
|  |  |  |  `- Handle two-hop nodes: ............ 0.000 s     
|  |  |  `- Contract graph: ..................... 0.010 s     
|  |  |     |- Allocation: ...................... 0.000 s  (3)
|  |  |     |- Preprocessing: ................... 0.000 s  (3)
|  |  |     |- Deallocation: .................... 0.000 s     
|  |  |     `- Construct coarse graph: .......... 0.009 s     
|  |  |        |- Aggregate coarse edges: ....... 0.009 s     
|  |  |        |  |- First phase: ............... 0.009 s     
|  |  |        |  `- Second phase: .............. 0.000 s     
|  |  |        `- Remap coarse edges and mapping: 0.000 s     
|  |  `- Deallocation: .......................... 0.000 s     
|  |- Initial partitioning scheme: .............. 0.184 s     
|  |- Uncoarsening: ............................. 1.050 s     
|  |  |- Level (3): ............................. 0.048 s     
|  |  |  |- Allocation: ......................... 0.000 s     
|  |  |  |- Project partition: .................. 0.000 s     
|  |  |  |- Create graph: ....................... 0.000 s     
|  |  |  `- Refinement: ......................... 0.047 s     
|  |  |     |- Greedy Balancer: ................. 0.039 s     
|  |  |     |  |- Allocation: ................... 0.000 s     
|  |  |     |  |- Initialize balancer PQ: ....... 0.021 s     
|  |  |     |  |  |- Thread-local: .............. 0.001 s     
|  |  |     |  |  `- Merge thread-local PQs: .... 0.020 s     
|  |  |     |  `- Main loop: .................... 0.018 s     
|  |  |     `- Label Propagation: ............... 0.008 s     
|  |  |        |- Allocation: ................... 0.004 s     
|  |  |        |- Iteration (0): ................ 0.002 s     
|  |  |        |- Iteration (1): ................ 0.000 s     
|  |  |        |- Iteration (2): ................ 0.000 s     
|  |  |        |- Iteration (3): ................ 0.000 s     
|  |  |        `- Iteration (4): ................ 0.000 s     
|  |  |- Level (2): ............................. 0.006 s     
|  |  |  |- Allocation: ......................... 0.000 s     
|  |  |  |- Project partition: .................. 0.000 s     
|  |  |  |- Create graph: ....................... 0.000 s     
|  |  |  `- Refinement: ......................... 0.006 s     
|  |  |     |- Greedy Balancer: ................. 0.000 s     
|  |  |     `- Label Propagation: ............... 0.006 s     
|  |  |        |- Iteration (0): ................ 0.004 s     
|  |  |        `- Iteration (1): ................ 0.001 s     
|  |  |- Level (1): ............................. 0.056 s     
|  |  |  |- Allocation: ......................... 0.000 s     
|  |  |  |- Project partition: .................. 0.000 s     
|  |  |  |- Create graph: ....................... 0.000 s     
|  |  |  `- Refinement: ......................... 0.054 s     
|  |  |     |- Greedy Balancer: ................. 0.000 s     
|  |  |     `- Label Propagation: ............... 0.054 s     
|  |  |        |- Iteration (0): ................ 0.027 s     
|  |  |        |- Iteration (1): ................ 0.011 s     
|  |  |        |- Iteration (2): ................ 0.009 s     
|  |  |        |- Iteration (3): ................ 0.003 s     
|  |  |        `- Iteration (4): ................ 0.002 s     
|  |  `- Level (0): ............................. 0.938 s     
|  |     |- Allocation: ......................... 0.003 s     
|  |     |- Project partition: .................. 0.001 s     
|  |     |- Create graph: ....................... 0.001 s     
|  |     `- Refinement: ......................... 0.928 s     
|  |        |- Greedy Balancer: ................. 0.091 s     
|  |        |  |- Allocation: ................... 0.003 s     
|  |        |  |- Initialize balancer PQ: ....... 0.088 s     
|  |        |  |  |- Thread-local: .............. 0.081 s     
|  |        |  |  `- Merge thread-local PQs: .... 0.006 s     
|  |        |  `- Main loop: .................... 0.000 s     
|  |        `- Label Propagation: ............... 0.836 s     
|  |           |- Iteration (0): ................ 0.433 s     
|  |           |- Iteration (1): ................ 0.140 s     
|  |           |- Iteration (2): ................ 0.105 s     
|  |           |- Iteration (3): ................ 0.078 s     
|  |           `- Iteration (4): ................ 0.078 s     
|  |- Deallocation: ............................. 0.002 s     
|  `- Re-integrate isolated nodes: .............. 0.009 s     
`- IO: .......................................... 0.001 s     

Partition summary:
  Number of blocks: 16
  Edge cut:         173193451
  Imbalance:        0.029999
  Feasible:         yes

Block weights:
  w(0 ) = 935854     w(1 ) = 918057     w(2 ) = 918062     w(3 ) = 935854   
  w(4 ) = 935855     w(5 ) = 917659     w(6 ) = 918056     w(7 ) = 935854   
  w(8 ) = 918052     w(9 ) = 935854     w(10) = 624632     w(11) = 935854   
  w(12) = 918056     w(13) = 935854     w(14) = 935855     w(15) = 918159   

Maximum resident set size: 2777336 KiB
