################################################################################
#                _  __       __  __  _         ____                            #
#               | |/ / __ _ |  \/  |(_) _ __  |  _ \  __ _  _ __               #
#               | ' / / _` || |\/| || || '_ \ | |_) |/ _` || '__|              #
#               | . \| (_| || |  | || || | | ||  __/| (_| || |                 #
#               |_|\_\\__,_||_|  |_||_||_| |_||_|    \__,_||_|                 #
#                                                                              #
################################################################################
Current commit hash:          99c62314d27845b3825829ec1e3e97256490627d
Assertion level:              always+light
Statistics:                   disabled
Built on:                     liskov
Data type sizes:
  Nodes IDs: 4 bytes | Node weights: 4 bytes
  Edges IDs: 4 bytes | Edge weights: 4 bytes
############################################################## Input Summary ###
Execution mode:               64
Seed:                         1
Graph:                        recomp_dna1GB_9 [node ordering: deg-buckets] [edge ordering: natural]
  Number of nodes:             3233125 (unweighted)
  Number of edges:            50570172 (total weight: 116993646)
Number of blocks:             16
Maximum block weight:         208133 (202071 + 3% / 3%)
---------------------------------------------------------- Graph Compression ---
Enabled:                      no
-------------------------------------------------------- Partitioning Scheme ---
Partitioning mode:            deep
  Deep initial part. mode:    async-parallel
  Deep initial part. load:    1
Subgraph memory:              Lazy
----------------------------------------------------------------- Coarsening ---
Contraction limit:            2000
Coarsening algorithm:         clustering
  Cluster weight limit:       epsilon-block-weight x 1
  Shrink factor:              1.79769e+308
  Max mem-free level:         1
  Clustering algorithm:       lp
    Number of iterations:     5
    High degree threshold:    4294967295
    Max degree:               4294967295
    Tie breaking strategy:    uniform
    Implementation:           two-phase
      Relabel:                no
    2-hop clustering:         match-threadwise, if |Vcoarse| > 0.500000 * |V|
    Isolated nodes:           match-during-two-hop
  Forced hierarchy levels:    <none> (leeway: U=10.000000, L=1.100000)
Contraction algorithm:        unbuffered
  Implementation:             two-phase
------------------------------------------------------- Initial Partitioning ---
Adaptive algorithm selection: yes
----------------------------------------------------------------- Refinement ---
Refinement algorithms:        [greedy-balancer -> lp]
Label propagation:
  Number of iterations:       5
  Tie breaking strategy:      uniform
  Implementation:             single-phase
############################################################## Preprocessing ###
Removed 0 isolated nodes
  Remaining nodes:             3233125
  Remaining total node weight: 3233125
############################################################### Partitioning ###
Input graph:
 Number of nodes: 3233125 | Number of edges: 50570172
 Maximum node weight: 1

Coarsening -> Level 1 [max cluster weight: 6062]:
 Total edge weight:   104461474
 Number of nodes:     206506 | Number of edges: 23874404
 Maximum node weight: 6064

Coarsening -> Level 2 [max cluster weight: 6062]:
 Total edge weight:   103607194
 Number of nodes:     55782 | Number of edges: 1397938
 Maximum node weight: 6064

==> Coarsening terminated with less than 128000 nodes

Initial partitioning:
 Number of blocks: 16

Uncoarsening -> Level 1
 Number of nodes: 206506 | Number of edges: 23874404
  Running refinement on 16 blocks
   1. Greedy Balancer
   2. Label Propagation

Uncoarsening -> Level 0
 Number of nodes: 3233125 | Number of edges: 50570172
  Running refinement on 16 blocks
   1. Greedy Balancer
   2. Label Propagation
############################################################# Result Summary ###
RESULT cut=44904083 imbalance=0.0299994 feasible=1 k=16
TIME read_input_graph=4.368 partitioning=1.712 partitioning.rearrange_by_degree-buckets=0.058 partitioning.rearrange_by_degree-buckets.sort_nodes_by_integer_buckets=0.009 partitioning.rearrange_by_degree-buckets.rearrange_input_graph=0.043 partitioning.rearrange_by_degree-buckets.deallocation=0.002 partitioning.refinement=0.000 partitioning.refinement.allocation=0.000 partitioning.coarsening=0.909 partitioning.coarsening.level[0]=0.709 partitioning.coarsening.level[0].label_propagation=0.480 partitioning.coarsening.level[0].label_propagation.allocation=0.013 partitioning.coarsening.level[0].label_propagation.iteration[0]=0.181 partitioning.coarsening.level[0].label_propagation.iteration[0].first_phase=0.122 partitioning.coarsening.level[0].label_propagation.iteration[0].second_phase=0.056 partitioning.coarsening.level[0].label_propagation.iteration[1]=0.103 partitioning.coarsening.level[0].label_propagation.iteration[1].first_phase=0.060 partitioning.coarsening.level[0].label_propagation.iteration[1].second_phase=0.043 partitioning.coarsening.level[0].label_propagation.iteration[2]=0.067 partitioning.coarsening.level[0].label_propagation.iteration[2].first_phase=0.024 partitioning.coarsening.level[0].label_propagation.iteration[2].second_phase=0.042 partitioning.coarsening.level[0].label_propagation.iteration[3]=0.057 partitioning.coarsening.level[0].label_propagation.iteration[3].first_phase=0.015 partitioning.coarsening.level[0].label_propagation.iteration[3].second_phase=0.041 partitioning.coarsening.level[0].label_propagation.iteration[4]=0.052 partitioning.coarsening.level[0].label_propagation.iteration[4].first_phase=0.010 partitioning.coarsening.level[0].label_propagation.iteration[4].second_phase=0.041 partitioning.coarsening.level[0].label_propagation.handle_isolated_nodes=0.000 partitioning.coarsening.level[0].label_propagation.handle_two-hop_nodes=0.000 partitioning.coarsening.level[0].label_propagation.free=0.005 partitioning.coarsening.level[0].contract_graph=0.228 partitioning.coarsening.level[0].contract_graph.allocation=0.000 partitioning.coarsening.level[0].contract_graph.preprocessing=0.104 partitioning.coarsening.level[0].contract_graph.deallocation=0.000 partitioning.coarsening.level[0].contract_graph.construct_coarse_graph=0.123 partitioning.coarsening.level[0].contract_graph.construct_coarse_graph.aggregate_coarse_edges=0.118 partitioning.coarsening.level[0].contract_graph.construct_coarse_graph.aggregate_coarse_edges.first_phase=0.068 partitioning.coarsening.level[0].contract_graph.construct_coarse_graph.aggregate_coarse_edges.second_phase=0.041 partitioning.coarsening.level[0].contract_graph.construct_coarse_graph.remap_coarse_edges_and_mapping=0.004 partitioning.coarsening.level[1]=0.199 partitioning.coarsening.level[1].label_propagation=0.178 partitioning.coarsening.level[1].label_propagation.allocation=0.000 partitioning.coarsening.level[1].label_propagation.iteration[0]=0.100 partitioning.coarsening.level[1].label_propagation.iteration[0].first_phase=0.081 partitioning.coarsening.level[1].label_propagation.iteration[0].second_phase=0.019 partitioning.coarsening.level[1].label_propagation.iteration[1]=0.030 partitioning.coarsening.level[1].label_propagation.iteration[1].first_phase=0.028 partitioning.coarsening.level[1].label_propagation.iteration[1].second_phase=0.002 partitioning.coarsening.level[1].label_propagation.iteration[2]=0.019 partitioning.coarsening.level[1].label_propagation.iteration[2].first_phase=0.018 partitioning.coarsening.level[1].label_propagation.iteration[2].second_phase=0.001 partitioning.coarsening.level[1].label_propagation.iteration[3]=0.014 partitioning.coarsening.level[1].label_propagation.iteration[3].first_phase=0.013 partitioning.coarsening.level[1].label_propagation.iteration[3].second_phase=0.001 partitioning.coarsening.level[1].label_propagation.iteration[4]=0.013 partitioning.coarsening.level[1].label_propagation.iteration[4].first_phase=0.012 partitioning.coarsening.level[1].label_propagation.iteration[4].second_phase=0.000 partitioning.coarsening.level[1].label_propagation.handle_isolated_nodes=0.000 partitioning.coarsening.level[1].label_propagation.handle_two-hop_nodes=0.000 partitioning.coarsening.level[1].contract_graph=0.021 partitioning.coarsening.level[1].contract_graph.allocation=0.000 partitioning.coarsening.level[1].contract_graph.preprocessing=0.003 partitioning.coarsening.level[1].contract_graph.deallocation=0.000 partitioning.coarsening.level[1].contract_graph.construct_coarse_graph=0.017 partitioning.coarsening.level[1].contract_graph.construct_coarse_graph.aggregate_coarse_edges=0.017 partitioning.coarsening.level[1].contract_graph.construct_coarse_graph.aggregate_coarse_edges.first_phase=0.015 partitioning.coarsening.level[1].contract_graph.construct_coarse_graph.aggregate_coarse_edges.second_phase=0.001 partitioning.coarsening.level[1].contract_graph.construct_coarse_graph.remap_coarse_edges_and_mapping=0.000 partitioning.coarsening.deallocation=0.000 partitioning.initial_partitioning_scheme=0.468 partitioning.uncoarsening=0.267 partitioning.uncoarsening.level[1]=0.027 partitioning.uncoarsening.level[1].allocation=0.000 partitioning.uncoarsening.level[1].project_partition=0.000 partitioning.uncoarsening.level[1].create_graph=0.000 partitioning.uncoarsening.level[1].refinement=0.025 partitioning.uncoarsening.level[1].refinement.greedy_balancer=0.000 partitioning.uncoarsening.level[1].refinement.label_propagation=0.025 partitioning.uncoarsening.level[1].refinement.label_propagation.allocation=0.000 partitioning.uncoarsening.level[1].refinement.label_propagation.iteration[0]=0.013 partitioning.uncoarsening.level[1].refinement.label_propagation.iteration[1]=0.004 partitioning.uncoarsening.level[1].refinement.label_propagation.iteration[2]=0.003 partitioning.uncoarsening.level[1].refinement.label_propagation.iteration[3]=0.002 partitioning.uncoarsening.level[1].refinement.label_propagation.iteration[4]=0.002 partitioning.uncoarsening.level[0]=0.239 partitioning.uncoarsening.level[0].allocation=0.002 partitioning.uncoarsening.level[0].project_partition=0.000 partitioning.uncoarsening.level[0].create_graph=0.000 partitioning.uncoarsening.level[0].refinement=0.234 partitioning.uncoarsening.level[0].refinement.greedy_balancer=0.014 partitioning.uncoarsening.level[0].refinement.greedy_balancer.allocation=0.000 partitioning.uncoarsening.level[0].refinement.greedy_balancer.initialize_balancer_pq=0.013 partitioning.uncoarsening.level[0].refinement.greedy_balancer.initialize_balancer_pq.thread-local=0.012 partitioning.uncoarsening.level[0].refinement.greedy_balancer.initialize_balancer_pq.merge_thread-local_pqs=0.001 partitioning.uncoarsening.level[0].refinement.greedy_balancer.main_loop=0.000 partitioning.uncoarsening.level[0].refinement.label_propagation=0.220 partitioning.uncoarsening.level[0].refinement.label_propagation.iteration[0]=0.139 partitioning.uncoarsening.level[0].refinement.label_propagation.iteration[1]=0.038 partitioning.uncoarsening.level[0].refinement.label_propagation.iteration[2]=0.017 partitioning.uncoarsening.level[0].refinement.label_propagation.iteration[3]=0.013 partitioning.uncoarsening.level[0].refinement.label_propagation.iteration[4]=0.010 partitioning.deallocation=0.001 partitioning.re-integrate_isolated_nodes=0.006 io=0.000 
MEMORY disabled

Global Timer: ................................... 6.084 s    
|- Read input graph: ............................ 4.368 s    
|- Partitioning: ................................ 1.712 s    
|  |- Rearrange by degree-buckets: .............. 0.058 s    
|  |  |- Sort nodes by integer buckets: ......... 0.009 s    
|  |  |- Rearrange input graph: ................. 0.043 s    
|  |  `- Deallocation: .......................... 0.002 s    
|  |- Refinement: ............................... 0.000 s    
|  |  `- Allocation: ............................ 0.000 s    
|  |- Coarsening: ............................... 0.909 s    
|  |  |- Level (0): ............................. 0.709 s    
|  |  |  |- Label Propagation: .................. 0.480 s    
|  |  |  |  |- Allocation: ...................... 0.013 s    
|  |  |  |  |- Iteration (0): ................... 0.181 s    
|  |  |  |  |  |- First phase: .................. 0.122 s    
|  |  |  |  |  `- Second phase: ................. 0.056 s    
|  |  |  |  |- Iteration (1): ................... 0.103 s    
|  |  |  |  |  |- First phase: .................. 0.060 s    
|  |  |  |  |  `- Second phase: ................. 0.043 s    
|  |  |  |  |- Iteration (2): ................... 0.067 s    
|  |  |  |  |  |- First phase: .................. 0.024 s    
|  |  |  |  |  `- Second phase: ................. 0.042 s    
|  |  |  |  |- Iteration (3): ................... 0.057 s    
|  |  |  |  |  |- First phase: .................. 0.015 s    
|  |  |  |  |  `- Second phase: ................. 0.041 s    
|  |  |  |  |- Iteration (4): ................... 0.052 s    
|  |  |  |  |  |- First phase: .................. 0.010 s    
|  |  |  |  |  `- Second phase: ................. 0.041 s    
|  |  |  |  |- Handle isolated nodes: ........... 0.000 s    
|  |  |  |  |- Handle two-hop nodes: ............ 0.000 s    
|  |  |  |  `- Free: ............................ 0.005 s    
|  |  |  `- Contract graph: ..................... 0.228 s    
|  |  |     |- Allocation: ...................... 0.000 s (3)
|  |  |     |- Preprocessing: ................... 0.104 s (3)
|  |  |     |- Deallocation: .................... 0.000 s    
|  |  |     `- Construct coarse graph: .......... 0.123 s    
|  |  |        |- Aggregate coarse edges: ....... 0.118 s    
|  |  |        |  |- First phase: ............... 0.068 s    
|  |  |        |  `- Second phase: .............. 0.041 s    
|  |  |        `- Remap coarse edges and mapping: 0.004 s    
|  |  |- Level (1): ............................. 0.199 s    
|  |  |  |- Label Propagation: .................. 0.178 s    
|  |  |  |  |- Allocation: ...................... 0.000 s    
|  |  |  |  |- Iteration (0): ................... 0.100 s    
|  |  |  |  |  |- First phase: .................. 0.081 s    
|  |  |  |  |  `- Second phase: ................. 0.019 s    
|  |  |  |  |- Iteration (1): ................... 0.030 s    
|  |  |  |  |  |- First phase: .................. 0.028 s    
|  |  |  |  |  `- Second phase: ................. 0.002 s    
|  |  |  |  |- Iteration (2): ................... 0.019 s    
|  |  |  |  |  |- First phase: .................. 0.018 s    
|  |  |  |  |  `- Second phase: ................. 0.001 s    
|  |  |  |  |- Iteration (3): ................... 0.014 s    
|  |  |  |  |  |- First phase: .................. 0.013 s    
|  |  |  |  |  `- Second phase: ................. 0.001 s    
|  |  |  |  |- Iteration (4): ................... 0.013 s    
|  |  |  |  |  |- First phase: .................. 0.012 s    
|  |  |  |  |  `- Second phase: ................. 0.000 s    
|  |  |  |  |- Handle isolated nodes: ........... 0.000 s    
|  |  |  |  `- Handle two-hop nodes: ............ 0.000 s    
|  |  |  `- Contract graph: ..................... 0.021 s    
|  |  |     |- Allocation: ...................... 0.000 s (3)
|  |  |     |- Preprocessing: ................... 0.003 s (3)
|  |  |     |- Deallocation: .................... 0.000 s    
|  |  |     `- Construct coarse graph: .......... 0.017 s    
|  |  |        |- Aggregate coarse edges: ....... 0.017 s    
|  |  |        |  |- First phase: ............... 0.015 s    
|  |  |        |  `- Second phase: .............. 0.001 s    
|  |  |        `- Remap coarse edges and mapping: 0.000 s    
|  |  `- Deallocation: .......................... 0.000 s    
|  |- Initial partitioning scheme: .............. 0.468 s    
|  |- Uncoarsening: ............................. 0.267 s    
|  |  |- Level (1): ............................. 0.027 s    
|  |  |  |- Allocation: ......................... 0.000 s    
|  |  |  |- Project partition: .................. 0.000 s    
|  |  |  |- Create graph: ....................... 0.000 s    
|  |  |  `- Refinement: ......................... 0.025 s    
|  |  |     |- Greedy Balancer: ................. 0.000 s    
|  |  |     `- Label Propagation: ............... 0.025 s    
|  |  |        |- Allocation: ................... 0.000 s    
|  |  |        |- Iteration (0): ................ 0.013 s    
|  |  |        |- Iteration (1): ................ 0.004 s    
|  |  |        |- Iteration (2): ................ 0.003 s    
|  |  |        |- Iteration (3): ................ 0.002 s    
|  |  |        `- Iteration (4): ................ 0.002 s    
|  |  `- Level (0): ............................. 0.239 s    
|  |     |- Allocation: ......................... 0.002 s    
|  |     |- Project partition: .................. 0.000 s    
|  |     |- Create graph: ....................... 0.000 s    
|  |     `- Refinement: ......................... 0.234 s    
|  |        |- Greedy Balancer: ................. 0.014 s    
|  |        |  |- Allocation: ................... 0.000 s    
|  |        |  |- Initialize balancer PQ: ....... 0.013 s    
|  |        |  |  |- Thread-local: .............. 0.012 s    
|  |        |  |  `- Merge thread-local PQs: .... 0.001 s    
|  |        |  `- Main loop: .................... 0.000 s    
|  |        `- Label Propagation: ............... 0.220 s    
|  |           |- Iteration (0): ................ 0.139 s    
|  |           |- Iteration (1): ................ 0.038 s    
|  |           |- Iteration (2): ................ 0.017 s    
|  |           |- Iteration (3): ................ 0.013 s    
|  |           `- Iteration (4): ................ 0.010 s    
|  |- Deallocation: ............................. 0.001 s    
|  `- Re-integrate isolated nodes: .............. 0.006 s    
`- IO: .......................................... 0.000 s    

Partition summary:
  Number of blocks: 16
  Edge cut:         44904083
  Imbalance:        0.0299994
  Feasible:         yes

Block weights:
  w(0 ) = 207915    w(1 ) = 207945    w(2 ) = 208132    w(3 ) = 207936  
  w(4 ) = 207916    w(5 ) = 113073    w(6 ) = 208132    w(7 ) = 208047  
  w(8 ) = 208132    w(9 ) = 207922    w(10) = 207921    w(11) = 208020  
  w(12) = 207917    w(13) = 207942    w(14) = 208133    w(15) = 208042  

Maximum resident set size: 1468316 KiB
