################################################################################
#                _  __       __  __  _         ____                            #
#               | |/ / __ _ |  \/  |(_) _ __  |  _ \  __ _  _ __               #
#               | ' / / _` || |\/| || || '_ \ | |_) |/ _` || '__|              #
#               | . \| (_| || |  | || || | | ||  __/| (_| || |                 #
#               |_|\_\\__,_||_|  |_||_||_| |_||_|    \__,_||_|                 #
#                                                                              #
################################################################################
Current commit hash:          99c62314d27845b3825829ec1e3e97256490627d
Assertion level:              always+light
Statistics:                   disabled
Built on:                     liskov
Data type sizes:
  Nodes IDs: 4 bytes | Node weights: 4 bytes
  Edges IDs: 4 bytes | Edge weights: 4 bytes
############################################################## Input Summary ###
Execution mode:               64
Seed:                         1
Graph:                        rgg26 [node ordering: deg-buckets] [edge ordering: natural]
  Number of nodes:              67108864 (unweighted)
  Number of edges:            1149107290 (unweighted)
Number of blocks:             16
Maximum block weight:         4320133 (4194304 + 3% / 3%)
---------------------------------------------------------- Graph Compression ---
Enabled:                      no
-------------------------------------------------------- Partitioning Scheme ---
Partitioning mode:            deep
  Deep initial part. mode:    async-parallel
  Deep initial part. load:    1
Subgraph memory:              Lazy
----------------------------------------------------------------- Coarsening ---
Contraction limit:            2000
Coarsening algorithm:         clustering
  Cluster weight limit:       epsilon-block-weight x 1
  Shrink factor:              1.79769e+308
  Max mem-free level:         1
  Clustering algorithm:       lp
    Number of iterations:     5
    High degree threshold:    4294967295
    Max degree:               4294967295
    Tie breaking strategy:    uniform
    Implementation:           two-phase
      Relabel:                no
    2-hop clustering:         match-threadwise, if |Vcoarse| > 0.500000 * |V|
    Isolated nodes:           match-during-two-hop
  Forced hierarchy levels:    <none> (leeway: U=10.000000, L=1.100000)
Contraction algorithm:        unbuffered
  Implementation:             two-phase
------------------------------------------------------- Initial Partitioning ---
Adaptive algorithm selection: yes
----------------------------------------------------------------- Refinement ---
Refinement algorithms:        [greedy-balancer -> lp]
Label propagation:
  Number of iterations:       5
  Tie breaking strategy:      uniform
  Implementation:             single-phase
############################################################## Preprocessing ###
Removed 6 isolated nodes
  Remaining nodes:             67108858
  Remaining total node weight: 67108858
############################################################### Partitioning ###
Input graph:
 Number of nodes: 67108858 | Number of edges: 1149107290
 Maximum node weight: 1

Coarsening -> Level 1 [max cluster weight: 125829]:
 Total edge weight:   257282642
 Number of nodes:     2522861 | Number of edges: 14847284
 Maximum node weight: 262

Coarsening -> Level 2 [max cluster weight: 125829]:
 Total edge weight:   91703022
 Number of nodes:     475775 | Number of edges: 2819064
 Maximum node weight: 1210

Coarsening -> Level 3 [max cluster weight: 125829]:
 Total edge weight:   33949080
 Number of nodes:     73769 | Number of edges: 439486
 Maximum node weight: 7785

==> Coarsening terminated with less than 128000 nodes

Initial partitioning:
 Number of blocks: 16

Uncoarsening -> Level 2
 Number of nodes: 475775 | Number of edges: 2819064
  Running refinement on 16 blocks
   1. Greedy Balancer
   2. Label Propagation

Uncoarsening -> Level 1
 Number of nodes: 2522861 | Number of edges: 14847284
  Running refinement on 16 blocks
   1. Greedy Balancer
   2. Label Propagation

Uncoarsening -> Level 0
 Number of nodes: 67108858 | Number of edges: 1149107290
  Running refinement on 16 blocks
   1. Greedy Balancer
   2. Label Propagation
############################################################# Result Summary ###
RESULT cut=224202 imbalance=0.0282378 feasible=1 k=16
TIME read_input_graph=87.696 partitioning=2.291 partitioning.rearrange_by_degree-buckets=0.207 partitioning.rearrange_by_degree-buckets.sort_nodes_by_integer_buckets=0.027 partitioning.rearrange_by_degree-buckets.rearrange_input_graph=0.151 partitioning.rearrange_by_degree-buckets.deallocation=0.019 partitioning.refinement=0.000 partitioning.refinement.allocation=0.000 partitioning.coarsening=1.686 partitioning.coarsening.level[0]=1.581 partitioning.coarsening.level[0].label_propagation=1.289 partitioning.coarsening.level[0].label_propagation.allocation=0.015 partitioning.coarsening.level[0].label_propagation.iteration[0]=0.404 partitioning.coarsening.level[0].label_propagation.iteration[0].first_phase=0.394 partitioning.coarsening.level[0].label_propagation.iteration[1]=0.293 partitioning.coarsening.level[0].label_propagation.iteration[1].first_phase=0.292 partitioning.coarsening.level[0].label_propagation.iteration[2]=0.245 partitioning.coarsening.level[0].label_propagation.iteration[2].first_phase=0.245 partitioning.coarsening.level[0].label_propagation.iteration[3]=0.180 partitioning.coarsening.level[0].label_propagation.iteration[3].first_phase=0.180 partitioning.coarsening.level[0].label_propagation.iteration[4]=0.127 partitioning.coarsening.level[0].label_propagation.iteration[4].first_phase=0.127 partitioning.coarsening.level[0].label_propagation.handle_isolated_nodes=0.000 partitioning.coarsening.level[0].label_propagation.handle_two-hop_nodes=0.000 partitioning.coarsening.level[0].label_propagation.free=0.009 partitioning.coarsening.level[0].contract_graph=0.290 partitioning.coarsening.level[0].contract_graph.allocation=0.002 partitioning.coarsening.level[0].contract_graph.preprocessing=0.071 partitioning.coarsening.level[0].contract_graph.deallocation=0.001 partitioning.coarsening.level[0].contract_graph.construct_coarse_graph=0.212 partitioning.coarsening.level[0].contract_graph.construct_coarse_graph.aggregate_coarse_edges=0.198 partitioning.coarsening.level[0].contract_graph.construct_coarse_graph.aggregate_coarse_edges.first_phase=0.190 partitioning.coarsening.level[0].contract_graph.construct_coarse_graph.aggregate_coarse_edges.second_phase=0.003 partitioning.coarsening.level[0].contract_graph.construct_coarse_graph.remap_coarse_edges_and_mapping=0.012 partitioning.coarsening.level[1]=0.081 partitioning.coarsening.level[1].label_propagation=0.050 partitioning.coarsening.level[1].label_propagation.allocation=0.006 partitioning.coarsening.level[1].label_propagation.iteration[0]=0.015 partitioning.coarsening.level[1].label_propagation.iteration[0].first_phase=0.014 partitioning.coarsening.level[1].label_propagation.iteration[1]=0.010 partitioning.coarsening.level[1].label_propagation.iteration[1].first_phase=0.010 partitioning.coarsening.level[1].label_propagation.iteration[2]=0.008 partitioning.coarsening.level[1].label_propagation.iteration[2].first_phase=0.007 partitioning.coarsening.level[1].label_propagation.iteration[3]=0.005 partitioning.coarsening.level[1].label_propagation.iteration[3].first_phase=0.005 partitioning.coarsening.level[1].label_propagation.iteration[4]=0.003 partitioning.coarsening.level[1].label_propagation.iteration[4].first_phase=0.003 partitioning.coarsening.level[1].label_propagation.handle_isolated_nodes=0.000 partitioning.coarsening.level[1].label_propagation.handle_two-hop_nodes=0.000 partitioning.coarsening.level[1].contract_graph=0.030 partitioning.coarsening.level[1].contract_graph.allocation=0.001 partitioning.coarsening.level[1].contract_graph.preprocessing=0.007 partitioning.coarsening.level[1].contract_graph.deallocation=0.000 partitioning.coarsening.level[1].contract_graph.construct_coarse_graph=0.020 partitioning.coarsening.level[1].contract_graph.construct_coarse_graph.aggregate_coarse_edges=0.018 partitioning.coarsening.level[1].contract_graph.construct_coarse_graph.aggregate_coarse_edges.first_phase=0.017 partitioning.coarsening.level[1].contract_graph.construct_coarse_graph.aggregate_coarse_edges.second_phase=0.000 partitioning.coarsening.level[1].contract_graph.construct_coarse_graph.remap_coarse_edges_and_mapping=0.001 partitioning.coarsening.level[2]=0.022 partitioning.coarsening.level[2].label_propagation=0.011 partitioning.coarsening.level[2].label_propagation.iteration[0]=0.003 partitioning.coarsening.level[2].label_propagation.iteration[0].first_phase=0.003 partitioning.coarsening.level[2].label_propagation.iteration[1]=0.002 partitioning.coarsening.level[2].label_propagation.iteration[1].first_phase=0.002 partitioning.coarsening.level[2].label_propagation.iteration[2]=0.002 partitioning.coarsening.level[2].label_propagation.iteration[2].first_phase=0.002 partitioning.coarsening.level[2].label_propagation.iteration[3]=0.001 partitioning.coarsening.level[2].label_propagation.iteration[3].first_phase=0.001 partitioning.coarsening.level[2].label_propagation.iteration[4]=0.001 partitioning.coarsening.level[2].label_propagation.iteration[4].first_phase=0.001 partitioning.coarsening.level[2].label_propagation.handle_isolated_nodes=0.000 partitioning.coarsening.level[2].label_propagation.handle_two-hop_nodes=0.000 partitioning.coarsening.level[2].contract_graph=0.010 partitioning.coarsening.level[2].contract_graph.allocation=0.000 partitioning.coarsening.level[2].contract_graph.preprocessing=0.003 partitioning.coarsening.level[2].contract_graph.deallocation=0.000 partitioning.coarsening.level[2].contract_graph.construct_coarse_graph=0.007 partitioning.coarsening.level[2].contract_graph.construct_coarse_graph.aggregate_coarse_edges=0.006 partitioning.coarsening.level[2].contract_graph.construct_coarse_graph.aggregate_coarse_edges.first_phase=0.006 partitioning.coarsening.level[2].contract_graph.construct_coarse_graph.aggregate_coarse_edges.second_phase=0.000 partitioning.coarsening.level[2].contract_graph.construct_coarse_graph.remap_coarse_edges_and_mapping=0.000 partitioning.coarsening.deallocation=0.000 partitioning.initial_partitioning_scheme=0.085 partitioning.uncoarsening=0.289 partitioning.uncoarsening.level[2]=0.009 partitioning.uncoarsening.level[2].allocation=0.000 partitioning.uncoarsening.level[2].project_partition=0.000 partitioning.uncoarsening.level[2].create_graph=0.000 partitioning.uncoarsening.level[2].refinement=0.008 partitioning.uncoarsening.level[2].refinement.greedy_balancer=0.000 partitioning.uncoarsening.level[2].refinement.label_propagation=0.008 partitioning.uncoarsening.level[2].refinement.label_propagation.allocation=0.005 partitioning.uncoarsening.level[2].refinement.label_propagation.iteration[0]=0.002 partitioning.uncoarsening.level[2].refinement.label_propagation.iteration[1]=0.000 partitioning.uncoarsening.level[2].refinement.label_propagation.iteration[2]=0.000 partitioning.uncoarsening.level[2].refinement.label_propagation.iteration[3]=0.000 partitioning.uncoarsening.level[2].refinement.label_propagation.iteration[4]=0.000 partitioning.uncoarsening.level[1]=0.020 partitioning.uncoarsening.level[1].allocation=0.005 partitioning.uncoarsening.level[1].project_partition=0.000 partitioning.uncoarsening.level[1].create_graph=0.000 partitioning.uncoarsening.level[1].refinement=0.012 partitioning.uncoarsening.level[1].refinement.greedy_balancer=0.000 partitioning.uncoarsening.level[1].refinement.label_propagation=0.012 partitioning.uncoarsening.level[1].refinement.label_propagation.iteration[0]=0.010 partitioning.uncoarsening.level[1].refinement.label_propagation.iteration[1]=0.000 partitioning.uncoarsening.level[1].refinement.label_propagation.iteration[2]=0.000 partitioning.uncoarsening.level[1].refinement.label_propagation.iteration[3]=0.000 partitioning.uncoarsening.level[1].refinement.label_propagation.iteration[4]=0.000 partitioning.uncoarsening.level[0]=0.259 partitioning.uncoarsening.level[0].allocation=0.006 partitioning.uncoarsening.level[0].project_partition=0.004 partitioning.uncoarsening.level[0].create_graph=0.004 partitioning.uncoarsening.level[0].refinement=0.242 partitioning.uncoarsening.level[0].refinement.greedy_balancer=0.000 partitioning.uncoarsening.level[0].refinement.label_propagation=0.242 partitioning.uncoarsening.level[0].refinement.label_propagation.iteration[0]=0.221 partitioning.uncoarsening.level[0].refinement.label_propagation.iteration[1]=0.005 partitioning.uncoarsening.level[0].refinement.label_propagation.iteration[2]=0.004 partitioning.uncoarsening.level[0].refinement.label_propagation.iteration[3]=0.003 partitioning.uncoarsening.level[0].refinement.label_propagation.iteration[4]=0.003 partitioning.deallocation=0.001 partitioning.re-integrate_isolated_nodes=0.017 io=0.006 
MEMORY disabled

Global Timer: ................................... 90.035 s    
|- Read input graph: ............................ 87.696 s    
|- Partitioning: ................................ 2.291 s     
|  |- Rearrange by degree-buckets: .............. 0.207 s     
|  |  |- Sort nodes by integer buckets: ......... 0.027 s     
|  |  |- Rearrange input graph: ................. 0.151 s     
|  |  `- Deallocation: .......................... 0.019 s     
|  |- Refinement: ............................... 0.000 s     
|  |  `- Allocation: ............................ 0.000 s     
|  |- Coarsening: ............................... 1.686 s     
|  |  |- Level (0): ............................. 1.581 s     
|  |  |  |- Label Propagation: .................. 1.289 s     
|  |  |  |  |- Allocation: ...................... 0.015 s     
|  |  |  |  |- Iteration (0): ................... 0.404 s     
|  |  |  |  |  `- First phase: .................. 0.394 s     
|  |  |  |  |- Iteration (1): ................... 0.293 s     
|  |  |  |  |  `- First phase: .................. 0.292 s     
|  |  |  |  |- Iteration (2): ................... 0.245 s     
|  |  |  |  |  `- First phase: .................. 0.245 s     
|  |  |  |  |- Iteration (3): ................... 0.180 s     
|  |  |  |  |  `- First phase: .................. 0.180 s     
|  |  |  |  |- Iteration (4): ................... 0.127 s     
|  |  |  |  |  `- First phase: .................. 0.127 s     
|  |  |  |  |- Handle isolated nodes: ........... 0.000 s     
|  |  |  |  |- Handle two-hop nodes: ............ 0.000 s     
|  |  |  |  `- Free: ............................ 0.009 s     
|  |  |  `- Contract graph: ..................... 0.290 s     
|  |  |     |- Allocation: ...................... 0.002 s  (3)
|  |  |     |- Preprocessing: ................... 0.071 s  (3)
|  |  |     |- Deallocation: .................... 0.001 s     
|  |  |     `- Construct coarse graph: .......... 0.212 s     
|  |  |        |- Aggregate coarse edges: ....... 0.198 s     
|  |  |        |  |- First phase: ............... 0.190 s     
|  |  |        |  `- Second phase: .............. 0.003 s     
|  |  |        `- Remap coarse edges and mapping: 0.012 s     
|  |  |- Level (1): ............................. 0.081 s     
|  |  |  |- Label Propagation: .................. 0.050 s     
|  |  |  |  |- Allocation: ...................... 0.006 s     
|  |  |  |  |- Iteration (0): ................... 0.015 s     
|  |  |  |  |  `- First phase: .................. 0.014 s     
|  |  |  |  |- Iteration (1): ................... 0.010 s     
|  |  |  |  |  `- First phase: .................. 0.010 s     
|  |  |  |  |- Iteration (2): ................... 0.008 s     
|  |  |  |  |  `- First phase: .................. 0.007 s     
|  |  |  |  |- Iteration (3): ................... 0.005 s     
|  |  |  |  |  `- First phase: .................. 0.005 s     
|  |  |  |  |- Iteration (4): ................... 0.003 s     
|  |  |  |  |  `- First phase: .................. 0.003 s     
|  |  |  |  |- Handle isolated nodes: ........... 0.000 s     
|  |  |  |  `- Handle two-hop nodes: ............ 0.000 s     
|  |  |  `- Contract graph: ..................... 0.030 s     
|  |  |     |- Allocation: ...................... 0.001 s  (3)
|  |  |     |- Preprocessing: ................... 0.007 s  (3)
|  |  |     |- Deallocation: .................... 0.000 s     
|  |  |     `- Construct coarse graph: .......... 0.020 s     
|  |  |        |- Aggregate coarse edges: ....... 0.018 s     
|  |  |        |  |- First phase: ............... 0.017 s     
|  |  |        |  `- Second phase: .............. 0.000 s     
|  |  |        `- Remap coarse edges and mapping: 0.001 s     
|  |  |- Level (2): ............................. 0.022 s     
|  |  |  |- Label Propagation: .................. 0.011 s     
|  |  |  |  |- Iteration (0): ................... 0.003 s     
|  |  |  |  |  `- First phase: .................. 0.003 s     
|  |  |  |  |- Iteration (1): ................... 0.002 s     
|  |  |  |  |  `- First phase: .................. 0.002 s     
|  |  |  |  |- Iteration (2): ................... 0.002 s     
|  |  |  |  |  `- First phase: .................. 0.002 s     
|  |  |  |  |- Iteration (3): ................... 0.001 s     
|  |  |  |  |  `- First phase: .................. 0.001 s     
|  |  |  |  |- Iteration (4): ................... 0.001 s     
|  |  |  |  |  `- First phase: .................. 0.001 s     
|  |  |  |  |- Handle isolated nodes: ........... 0.000 s     
|  |  |  |  `- Handle two-hop nodes: ............ 0.000 s     
|  |  |  `- Contract graph: ..................... 0.010 s     
|  |  |     |- Allocation: ...................... 0.000 s  (3)
|  |  |     |- Preprocessing: ................... 0.003 s  (3)
|  |  |     |- Deallocation: .................... 0.000 s     
|  |  |     `- Construct coarse graph: .......... 0.007 s     
|  |  |        |- Aggregate coarse edges: ....... 0.006 s     
|  |  |        |  |- First phase: ............... 0.006 s     
|  |  |        |  `- Second phase: .............. 0.000 s     
|  |  |        `- Remap coarse edges and mapping: 0.000 s     
|  |  `- Deallocation: .......................... 0.000 s     
|  |- Initial partitioning scheme: .............. 0.085 s     
|  |- Uncoarsening: ............................. 0.289 s     
|  |  |- Level (2): ............................. 0.009 s     
|  |  |  |- Allocation: ......................... 0.000 s     
|  |  |  |- Project partition: .................. 0.000 s     
|  |  |  |- Create graph: ....................... 0.000 s     
|  |  |  `- Refinement: ......................... 0.008 s     
|  |  |     |- Greedy Balancer: ................. 0.000 s     
|  |  |     `- Label Propagation: ............... 0.008 s     
|  |  |        |- Allocation: ................... 0.005 s     
|  |  |        |- Iteration (0): ................ 0.002 s     
|  |  |        |- Iteration (1): ................ 0.000 s     
|  |  |        |- Iteration (2): ................ 0.000 s     
|  |  |        |- Iteration (3): ................ 0.000 s     
|  |  |        `- Iteration (4): ................ 0.000 s     
|  |  |- Level (1): ............................. 0.020 s     
|  |  |  |- Allocation: ......................... 0.005 s     
|  |  |  |- Project partition: .................. 0.000 s     
|  |  |  |- Create graph: ....................... 0.000 s     
|  |  |  `- Refinement: ......................... 0.012 s     
|  |  |     |- Greedy Balancer: ................. 0.000 s     
|  |  |     `- Label Propagation: ............... 0.012 s     
|  |  |        |- Iteration (0): ................ 0.010 s     
|  |  |        |- Iteration (1): ................ 0.000 s     
|  |  |        |- Iteration (2): ................ 0.000 s     
|  |  |        |- Iteration (3): ................ 0.000 s     
|  |  |        `- Iteration (4): ................ 0.000 s     
|  |  `- Level (0): ............................. 0.259 s     
|  |     |- Allocation: ......................... 0.006 s     
|  |     |- Project partition: .................. 0.004 s     
|  |     |- Create graph: ....................... 0.004 s     
|  |     `- Refinement: ......................... 0.242 s     
|  |        |- Greedy Balancer: ................. 0.000 s     
|  |        `- Label Propagation: ............... 0.242 s     
|  |           |- Iteration (0): ................ 0.221 s     
|  |           |- Iteration (1): ................ 0.005 s     
|  |           |- Iteration (2): ................ 0.004 s     
|  |           |- Iteration (3): ................ 0.003 s     
|  |           `- Iteration (4): ................ 0.003 s     
|  |- Deallocation: ............................. 0.001 s     
|  `- Re-integrate isolated nodes: .............. 0.017 s     
`- IO: .......................................... 0.006 s     

Partition summary:
  Number of blocks: 16
  Edge cut:         224202
  Imbalance:        0.0282378
  Feasible:         yes

Block weights:
  w(0 ) = 4220332    w(1 ) = 4166228    w(2 ) = 4311016    w(3 ) = 4126887  
  w(4 ) = 4032428    w(5 ) = 4279143    w(6 ) = 4268099    w(7 ) = 4255337  
  w(8 ) = 4095240    w(9 ) = 4130028    w(10) = 4259800    w(11) = 4141653  
  w(12) = 4060373    w(13) = 4258259    w(14) = 4312742    w(15) = 4191299  

Maximum resident set size: 14774156 KiB
