################################################################################
#                _  __       __  __  _         ____                            #
#               | |/ / __ _ |  \/  |(_) _ __  |  _ \  __ _  _ __               #
#               | ' / / _` || |\/| || || '_ \ | |_) |/ _` || '__|              #
#               | . \| (_| || |  | || || | | ||  __/| (_| || |                 #
#               |_|\_\\__,_||_|  |_||_||_| |_||_|    \__,_||_|                 #
#                                                                              #
################################################################################
Current commit hash:          99c62314d27845b3825829ec1e3e97256490627d
Assertion level:              always+light
Statistics:                   disabled
Built on:                     liskov
Data type sizes:
  Nodes IDs: 4 bytes | Node weights: 4 bytes
  Edges IDs: 4 bytes | Edge weights: 4 bytes
############################################################## Input Summary ###
Execution mode:               64
Seed:                         1
Graph:                        rgg26_3d [node ordering: deg-buckets] [edge ordering: natural]
  Number of nodes:             67108864 (unweighted)
  Number of edges:            755904090 (unweighted)
Number of blocks:             16
Maximum block weight:         4320133 (4194304 + 3% / 3%)
---------------------------------------------------------- Graph Compression ---
Enabled:                      no
-------------------------------------------------------- Partitioning Scheme ---
Partitioning mode:            deep
  Deep initial part. mode:    async-parallel
  Deep initial part. load:    1
Subgraph memory:              Lazy
----------------------------------------------------------------- Coarsening ---
Contraction limit:            2000
Coarsening algorithm:         clustering
  Cluster weight limit:       epsilon-block-weight x 1
  Shrink factor:              1.79769e+308
  Max mem-free level:         1
  Clustering algorithm:       lp
    Number of iterations:     5
    High degree threshold:    4294967295
    Max degree:               4294967295
    Tie breaking strategy:    uniform
    Implementation:           two-phase
      Relabel:                no
    2-hop clustering:         match-threadwise, if |Vcoarse| > 0.500000 * |V|
    Isolated nodes:           match-during-two-hop
  Forced hierarchy levels:    <none> (leeway: U=10.000000, L=1.100000)
Contraction algorithm:        unbuffered
  Implementation:             two-phase
------------------------------------------------------- Initial Partitioning ---
Adaptive algorithm selection: yes
----------------------------------------------------------------- Refinement ---
Refinement algorithms:        [greedy-balancer -> lp]
Label propagation:
  Number of iterations:       5
  Tie breaking strategy:      uniform
  Implementation:             single-phase
############################################################## Preprocessing ###
Removed 2415 isolated nodes
  Remaining nodes:             67106449
  Remaining total node weight: 67106449
############################################################### Partitioning ###
Input graph:
 Number of nodes: 67106449 | Number of edges: 755904090
 Maximum node weight: 1

Coarsening -> Level 1 [max cluster weight: 125979]:
 Total edge weight:   230010510
 Number of nodes:     3424707 | Number of edges: 36442514
 Maximum node weight: 195

Coarsening -> Level 2 [max cluster weight: 125979]:
 Total edge weight:   105769558
 Number of nodes:     460278 | Number of edges: 6168934
 Maximum node weight: 1704

Coarsening -> Level 3 [max cluster weight: 125979]:
 Total edge weight:   48356846
 Number of nodes:     34626 | Number of edges: 479256
 Maximum node weight: 26443

==> Coarsening terminated with less than 128000 nodes

Initial partitioning:
 Number of blocks: 16

Uncoarsening -> Level 2
 Number of nodes: 460278 | Number of edges: 6168934
  Running refinement on 16 blocks
   1. Greedy Balancer
   2. Label Propagation

Uncoarsening -> Level 1
 Number of nodes: 3424707 | Number of edges: 36442514
  Running refinement on 16 blocks
   1. Greedy Balancer
   2. Label Propagation

Uncoarsening -> Level 0
 Number of nodes: 67106449 | Number of edges: 755904090
  Running refinement on 16 blocks
   1. Greedy Balancer
   2. Label Propagation
############################################################# Result Summary ###
RESULT cut=1612163 imbalance=0.0280912 feasible=1 k=16
TIME read_input_graph=58.075 partitioning=2.434 partitioning.rearrange_by_degree-buckets=0.177 partitioning.rearrange_by_degree-buckets.sort_nodes_by_integer_buckets=0.031 partitioning.rearrange_by_degree-buckets.rearrange_input_graph=0.121 partitioning.rearrange_by_degree-buckets.deallocation=0.014 partitioning.refinement=0.000 partitioning.refinement.allocation=0.000 partitioning.coarsening=1.851 partitioning.coarsening.level[0]=1.663 partitioning.coarsening.level[0].label_propagation=1.342 partitioning.coarsening.level[0].label_propagation.allocation=0.021 partitioning.coarsening.level[0].label_propagation.iteration[0]=0.383 partitioning.coarsening.level[0].label_propagation.iteration[0].first_phase=0.372 partitioning.coarsening.level[0].label_propagation.iteration[1]=0.313 partitioning.coarsening.level[0].label_propagation.iteration[1].first_phase=0.312 partitioning.coarsening.level[0].label_propagation.iteration[2]=0.261 partitioning.coarsening.level[0].label_propagation.iteration[2].first_phase=0.261 partitioning.coarsening.level[0].label_propagation.iteration[3]=0.198 partitioning.coarsening.level[0].label_propagation.iteration[3].first_phase=0.197 partitioning.coarsening.level[0].label_propagation.iteration[4]=0.142 partitioning.coarsening.level[0].label_propagation.iteration[4].first_phase=0.142 partitioning.coarsening.level[0].label_propagation.handle_isolated_nodes=0.000 partitioning.coarsening.level[0].label_propagation.handle_two-hop_nodes=0.000 partitioning.coarsening.level[0].label_propagation.free=0.009 partitioning.coarsening.level[0].contract_graph=0.319 partitioning.coarsening.level[0].contract_graph.allocation=0.003 partitioning.coarsening.level[0].contract_graph.preprocessing=0.078 partitioning.coarsening.level[0].contract_graph.deallocation=0.001 partitioning.coarsening.level[0].contract_graph.construct_coarse_graph=0.233 partitioning.coarsening.level[0].contract_graph.construct_coarse_graph.aggregate_coarse_edges=0.214 partitioning.coarsening.level[0].contract_graph.construct_coarse_graph.aggregate_coarse_edges.first_phase=0.204 partitioning.coarsening.level[0].contract_graph.construct_coarse_graph.aggregate_coarse_edges.second_phase=0.004 partitioning.coarsening.level[0].contract_graph.construct_coarse_graph.remap_coarse_edges_and_mapping=0.016 partitioning.coarsening.level[1]=0.150 partitioning.coarsening.level[1].label_propagation=0.095 partitioning.coarsening.level[1].label_propagation.allocation=0.008 partitioning.coarsening.level[1].label_propagation.iteration[0]=0.026 partitioning.coarsening.level[1].label_propagation.iteration[0].first_phase=0.025 partitioning.coarsening.level[1].label_propagation.iteration[1]=0.021 partitioning.coarsening.level[1].label_propagation.iteration[1].first_phase=0.021 partitioning.coarsening.level[1].label_propagation.iteration[2]=0.017 partitioning.coarsening.level[1].label_propagation.iteration[2].first_phase=0.017 partitioning.coarsening.level[1].label_propagation.iteration[3]=0.012 partitioning.coarsening.level[1].label_propagation.iteration[3].first_phase=0.012 partitioning.coarsening.level[1].label_propagation.iteration[4]=0.008 partitioning.coarsening.level[1].label_propagation.iteration[4].first_phase=0.008 partitioning.coarsening.level[1].label_propagation.handle_isolated_nodes=0.000 partitioning.coarsening.level[1].label_propagation.handle_two-hop_nodes=0.000 partitioning.coarsening.level[1].contract_graph=0.055 partitioning.coarsening.level[1].contract_graph.allocation=0.001 partitioning.coarsening.level[1].contract_graph.preprocessing=0.012 partitioning.coarsening.level[1].contract_graph.deallocation=0.000 partitioning.coarsening.level[1].contract_graph.construct_coarse_graph=0.039 partitioning.coarsening.level[1].contract_graph.construct_coarse_graph.aggregate_coarse_edges=0.037 partitioning.coarsening.level[1].contract_graph.construct_coarse_graph.aggregate_coarse_edges.first_phase=0.035 partitioning.coarsening.level[1].contract_graph.construct_coarse_graph.aggregate_coarse_edges.second_phase=0.001 partitioning.coarsening.level[1].contract_graph.construct_coarse_graph.remap_coarse_edges_and_mapping=0.002 partitioning.coarsening.level[2]=0.036 partitioning.coarsening.level[2].label_propagation=0.023 partitioning.coarsening.level[2].label_propagation.iteration[0]=0.009 partitioning.coarsening.level[2].label_propagation.iteration[0].first_phase=0.009 partitioning.coarsening.level[2].label_propagation.iteration[1]=0.004 partitioning.coarsening.level[2].label_propagation.iteration[1].first_phase=0.004 partitioning.coarsening.level[2].label_propagation.iteration[2]=0.003 partitioning.coarsening.level[2].label_propagation.iteration[2].first_phase=0.003 partitioning.coarsening.level[2].label_propagation.iteration[3]=0.003 partitioning.coarsening.level[2].label_propagation.iteration[3].first_phase=0.003 partitioning.coarsening.level[2].label_propagation.iteration[4]=0.002 partitioning.coarsening.level[2].label_propagation.iteration[4].first_phase=0.002 partitioning.coarsening.level[2].label_propagation.handle_isolated_nodes=0.000 partitioning.coarsening.level[2].label_propagation.handle_two-hop_nodes=0.000 partitioning.coarsening.level[2].contract_graph=0.013 partitioning.coarsening.level[2].contract_graph.allocation=0.000 partitioning.coarsening.level[2].contract_graph.preprocessing=0.004 partitioning.coarsening.level[2].contract_graph.deallocation=0.000 partitioning.coarsening.level[2].contract_graph.construct_coarse_graph=0.007 partitioning.coarsening.level[2].contract_graph.construct_coarse_graph.aggregate_coarse_edges=0.007 partitioning.coarsening.level[2].contract_graph.construct_coarse_graph.aggregate_coarse_edges.first_phase=0.007 partitioning.coarsening.level[2].contract_graph.construct_coarse_graph.aggregate_coarse_edges.second_phase=0.000 partitioning.coarsening.level[2].contract_graph.construct_coarse_graph.remap_coarse_edges_and_mapping=0.000 partitioning.coarsening.deallocation=0.000 partitioning.initial_partitioning_scheme=0.075 partitioning.uncoarsening=0.307 partitioning.uncoarsening.level[2]=0.013 partitioning.uncoarsening.level[2].allocation=0.000 partitioning.uncoarsening.level[2].project_partition=0.000 partitioning.uncoarsening.level[2].create_graph=0.000 partitioning.uncoarsening.level[2].refinement=0.012 partitioning.uncoarsening.level[2].refinement.greedy_balancer=0.000 partitioning.uncoarsening.level[2].refinement.label_propagation=0.012 partitioning.uncoarsening.level[2].refinement.label_propagation.allocation=0.004 partitioning.uncoarsening.level[2].refinement.label_propagation.iteration[0]=0.004 partitioning.uncoarsening.level[2].refinement.label_propagation.iteration[1]=0.001 partitioning.uncoarsening.level[2].refinement.label_propagation.iteration[2]=0.000 partitioning.uncoarsening.level[2].refinement.label_propagation.iteration[3]=0.000 partitioning.uncoarsening.level[2].refinement.label_propagation.iteration[4]=0.000 partitioning.uncoarsening.level[1]=0.031 partitioning.uncoarsening.level[1].allocation=0.005 partitioning.uncoarsening.level[1].project_partition=0.000 partitioning.uncoarsening.level[1].create_graph=0.000 partitioning.uncoarsening.level[1].refinement=0.023 partitioning.uncoarsening.level[1].refinement.greedy_balancer=0.000 partitioning.uncoarsening.level[1].refinement.label_propagation=0.023 partitioning.uncoarsening.level[1].refinement.label_propagation.iteration[0]=0.016 partitioning.uncoarsening.level[1].refinement.label_propagation.iteration[1]=0.003 partitioning.uncoarsening.level[1].refinement.label_propagation.iteration[2]=0.001 partitioning.uncoarsening.level[1].refinement.label_propagation.iteration[3]=0.000 partitioning.uncoarsening.level[1].refinement.label_propagation.iteration[4]=0.000 partitioning.uncoarsening.level[0]=0.262 partitioning.uncoarsening.level[0].allocation=0.007 partitioning.uncoarsening.level[0].project_partition=0.005 partitioning.uncoarsening.level[0].create_graph=0.005 partitioning.uncoarsening.level[0].refinement=0.241 partitioning.uncoarsening.level[0].refinement.greedy_balancer=0.000 partitioning.uncoarsening.level[0].refinement.label_propagation=0.241 partitioning.uncoarsening.level[0].refinement.label_propagation.iteration[0]=0.209 partitioning.uncoarsening.level[0].refinement.label_propagation.iteration[1]=0.012 partitioning.uncoarsening.level[0].refinement.label_propagation.iteration[2]=0.006 partitioning.uncoarsening.level[0].refinement.label_propagation.iteration[3]=0.004 partitioning.uncoarsening.level[0].refinement.label_propagation.iteration[4]=0.003 partitioning.deallocation=0.002 partitioning.re-integrate_isolated_nodes=0.016 io=0.005 
MEMORY disabled

Global Timer: ................................... 60.560 s    
|- Read input graph: ............................ 58.075 s    
|- Partitioning: ................................ 2.434 s     
|  |- Rearrange by degree-buckets: .............. 0.177 s     
|  |  |- Sort nodes by integer buckets: ......... 0.031 s     
|  |  |- Rearrange input graph: ................. 0.121 s     
|  |  `- Deallocation: .......................... 0.014 s     
|  |- Refinement: ............................... 0.000 s     
|  |  `- Allocation: ............................ 0.000 s     
|  |- Coarsening: ............................... 1.851 s     
|  |  |- Level (0): ............................. 1.663 s     
|  |  |  |- Label Propagation: .................. 1.342 s     
|  |  |  |  |- Allocation: ...................... 0.021 s     
|  |  |  |  |- Iteration (0): ................... 0.383 s     
|  |  |  |  |  `- First phase: .................. 0.372 s     
|  |  |  |  |- Iteration (1): ................... 0.313 s     
|  |  |  |  |  `- First phase: .................. 0.312 s     
|  |  |  |  |- Iteration (2): ................... 0.261 s     
|  |  |  |  |  `- First phase: .................. 0.261 s     
|  |  |  |  |- Iteration (3): ................... 0.198 s     
|  |  |  |  |  `- First phase: .................. 0.197 s     
|  |  |  |  |- Iteration (4): ................... 0.142 s     
|  |  |  |  |  `- First phase: .................. 0.142 s     
|  |  |  |  |- Handle isolated nodes: ........... 0.000 s     
|  |  |  |  |- Handle two-hop nodes: ............ 0.000 s     
|  |  |  |  `- Free: ............................ 0.009 s     
|  |  |  `- Contract graph: ..................... 0.319 s     
|  |  |     |- Allocation: ...................... 0.003 s  (3)
|  |  |     |- Preprocessing: ................... 0.078 s  (3)
|  |  |     |- Deallocation: .................... 0.001 s     
|  |  |     `- Construct coarse graph: .......... 0.233 s     
|  |  |        |- Aggregate coarse edges: ....... 0.214 s     
|  |  |        |  |- First phase: ............... 0.204 s     
|  |  |        |  `- Second phase: .............. 0.004 s     
|  |  |        `- Remap coarse edges and mapping: 0.016 s     
|  |  |- Level (1): ............................. 0.150 s     
|  |  |  |- Label Propagation: .................. 0.095 s     
|  |  |  |  |- Allocation: ...................... 0.008 s     
|  |  |  |  |- Iteration (0): ................... 0.026 s     
|  |  |  |  |  `- First phase: .................. 0.025 s     
|  |  |  |  |- Iteration (1): ................... 0.021 s     
|  |  |  |  |  `- First phase: .................. 0.021 s     
|  |  |  |  |- Iteration (2): ................... 0.017 s     
|  |  |  |  |  `- First phase: .................. 0.017 s     
|  |  |  |  |- Iteration (3): ................... 0.012 s     
|  |  |  |  |  `- First phase: .................. 0.012 s     
|  |  |  |  |- Iteration (4): ................... 0.008 s     
|  |  |  |  |  `- First phase: .................. 0.008 s     
|  |  |  |  |- Handle isolated nodes: ........... 0.000 s     
|  |  |  |  `- Handle two-hop nodes: ............ 0.000 s     
|  |  |  `- Contract graph: ..................... 0.055 s     
|  |  |     |- Allocation: ...................... 0.001 s  (3)
|  |  |     |- Preprocessing: ................... 0.012 s  (3)
|  |  |     |- Deallocation: .................... 0.000 s     
|  |  |     `- Construct coarse graph: .......... 0.039 s     
|  |  |        |- Aggregate coarse edges: ....... 0.037 s     
|  |  |        |  |- First phase: ............... 0.035 s     
|  |  |        |  `- Second phase: .............. 0.001 s     
|  |  |        `- Remap coarse edges and mapping: 0.002 s     
|  |  |- Level (2): ............................. 0.036 s     
|  |  |  |- Label Propagation: .................. 0.023 s     
|  |  |  |  |- Iteration (0): ................... 0.009 s     
|  |  |  |  |  `- First phase: .................. 0.009 s     
|  |  |  |  |- Iteration (1): ................... 0.004 s     
|  |  |  |  |  `- First phase: .................. 0.004 s     
|  |  |  |  |- Iteration (2): ................... 0.003 s     
|  |  |  |  |  `- First phase: .................. 0.003 s     
|  |  |  |  |- Iteration (3): ................... 0.003 s     
|  |  |  |  |  `- First phase: .................. 0.003 s     
|  |  |  |  |- Iteration (4): ................... 0.002 s     
|  |  |  |  |  `- First phase: .................. 0.002 s     
|  |  |  |  |- Handle isolated nodes: ........... 0.000 s     
|  |  |  |  `- Handle two-hop nodes: ............ 0.000 s     
|  |  |  `- Contract graph: ..................... 0.013 s     
|  |  |     |- Allocation: ...................... 0.000 s  (3)
|  |  |     |- Preprocessing: ................... 0.004 s  (3)
|  |  |     |- Deallocation: .................... 0.000 s     
|  |  |     `- Construct coarse graph: .......... 0.007 s     
|  |  |        |- Aggregate coarse edges: ....... 0.007 s     
|  |  |        |  |- First phase: ............... 0.007 s     
|  |  |        |  `- Second phase: .............. 0.000 s     
|  |  |        `- Remap coarse edges and mapping: 0.000 s     
|  |  `- Deallocation: .......................... 0.000 s     
|  |- Initial partitioning scheme: .............. 0.075 s     
|  |- Uncoarsening: ............................. 0.307 s     
|  |  |- Level (2): ............................. 0.013 s     
|  |  |  |- Allocation: ......................... 0.000 s     
|  |  |  |- Project partition: .................. 0.000 s     
|  |  |  |- Create graph: ....................... 0.000 s     
|  |  |  `- Refinement: ......................... 0.012 s     
|  |  |     |- Greedy Balancer: ................. 0.000 s     
|  |  |     `- Label Propagation: ............... 0.012 s     
|  |  |        |- Allocation: ................... 0.004 s     
|  |  |        |- Iteration (0): ................ 0.004 s     
|  |  |        |- Iteration (1): ................ 0.001 s     
|  |  |        |- Iteration (2): ................ 0.000 s     
|  |  |        |- Iteration (3): ................ 0.000 s     
|  |  |        `- Iteration (4): ................ 0.000 s     
|  |  |- Level (1): ............................. 0.031 s     
|  |  |  |- Allocation: ......................... 0.005 s     
|  |  |  |- Project partition: .................. 0.000 s     
|  |  |  |- Create graph: ....................... 0.000 s     
|  |  |  `- Refinement: ......................... 0.023 s     
|  |  |     |- Greedy Balancer: ................. 0.000 s     
|  |  |     `- Label Propagation: ............... 0.023 s     
|  |  |        |- Iteration (0): ................ 0.016 s     
|  |  |        |- Iteration (1): ................ 0.003 s     
|  |  |        |- Iteration (2): ................ 0.001 s     
|  |  |        |- Iteration (3): ................ 0.000 s     
|  |  |        `- Iteration (4): ................ 0.000 s     
|  |  `- Level (0): ............................. 0.262 s     
|  |     |- Allocation: ......................... 0.007 s     
|  |     |- Project partition: .................. 0.005 s     
|  |     |- Create graph: ....................... 0.005 s     
|  |     `- Refinement: ......................... 0.241 s     
|  |        |- Greedy Balancer: ................. 0.000 s     
|  |        `- Label Propagation: ............... 0.241 s     
|  |           |- Iteration (0): ................ 0.209 s     
|  |           |- Iteration (1): ................ 0.012 s     
|  |           |- Iteration (2): ................ 0.006 s     
|  |           |- Iteration (3): ................ 0.004 s     
|  |           `- Iteration (4): ................ 0.003 s     
|  |- Deallocation: ............................. 0.002 s     
|  `- Re-integrate isolated nodes: .............. 0.016 s     
`- IO: .......................................... 0.005 s     

Partition summary:
  Number of blocks: 16
  Edge cut:         1612163
  Imbalance:        0.0280912
  Feasible:         yes

Block weights:
  w(0 ) = 4239622    w(1 ) = 4306681    w(2 ) = 4136970    w(3 ) = 4246229  
  w(4 ) = 4306161    w(5 ) = 4194373    w(6 ) = 4073454    w(7 ) = 4254189  
  w(8 ) = 4148984    w(9 ) = 4292376    w(10) = 3848439    w(11) = 4310464  
  w(12) = 4312127    w(13) = 4154758    w(14) = 4305022    w(15) = 3979015  

Maximum resident set size: 9844640 KiB
