################################################################################
#                _  __       __  __  _         ____                            #
#               | |/ / __ _ |  \/  |(_) _ __  |  _ \  __ _  _ __               #
#               | ' / / _` || |\/| || || '_ \ | |_) |/ _` || '__|              #
#               | . \| (_| || |  | || || | | ||  __/| (_| || |                 #
#               |_|\_\\__,_||_|  |_||_||_| |_||_|    \__,_||_|                 #
#                                                                              #
################################################################################
Current commit hash:          99c62314d27845b3825829ec1e3e97256490627d
Assertion level:              always+light
Statistics:                   disabled
Built on:                     liskov
Data type sizes:
  Nodes IDs: 4 bytes | Node weights: 4 bytes
  Edges IDs: 4 bytes | Edge weights: 4 bytes
############################################################## Input Summary ###
Execution mode:               64
Seed:                         1
Graph:                        rmat_n25_m28 [node ordering: deg-buckets] [edge ordering: natural]
  Number of nodes:             27089643 (unweighted)
  Number of edges:            536831408 (unweighted)
Number of blocks:             16
Maximum block weight:         1743896 (1693103 + 3% / 3%)
---------------------------------------------------------- Graph Compression ---
Enabled:                      no
-------------------------------------------------------- Partitioning Scheme ---
Partitioning mode:            deep
  Deep initial part. mode:    async-parallel
  Deep initial part. load:    1
Subgraph memory:              Lazy
----------------------------------------------------------------- Coarsening ---
Contraction limit:            2000
Coarsening algorithm:         clustering
  Cluster weight limit:       epsilon-block-weight x 1
  Shrink factor:              1.79769e+308
  Max mem-free level:         1
  Clustering algorithm:       lp
    Number of iterations:     5
    High degree threshold:    4294967295
    Max degree:               4294967295
    Tie breaking strategy:    uniform
    Implementation:           two-phase
      Relabel:                no
    2-hop clustering:         match-threadwise, if |Vcoarse| > 0.500000 * |V|
    Isolated nodes:           match-during-two-hop
  Forced hierarchy levels:    <none> (leeway: U=10.000000, L=1.100000)
Contraction algorithm:        unbuffered
  Implementation:             two-phase
------------------------------------------------------- Initial Partitioning ---
Adaptive algorithm selection: yes
----------------------------------------------------------------- Refinement ---
Refinement algorithms:        [greedy-balancer -> lp]
Label propagation:
  Number of iterations:       5
  Tie breaking strategy:      uniform
  Implementation:             single-phase
############################################################## Preprocessing ###
Removed 0 isolated nodes
  Remaining nodes:             27089643
  Remaining total node weight: 27089643
############################################################### Partitioning ###
Input graph:
 Number of nodes: 27089643 | Number of edges: 536831408
 Maximum node weight: 1

Coarsening -> Level 1 [max cluster weight: 50793]:
 Total edge weight:   488308562
 Number of nodes:     2831680 | Number of edges: 488145436
 Maximum node weight: 1789

Coarsening -> Level 2 [max cluster weight: 50793]:
 Total edge weight:   479704582
 Number of nodes:     127651 | Number of edges: 110899108
 Maximum node weight: 50799

==> Coarsening terminated with less than 128000 nodes

Initial partitioning:
 Number of blocks: 16

Uncoarsening -> Level 1
 Number of nodes: 2831680 | Number of edges: 488145436
  Running refinement on 16 blocks
   1. Greedy Balancer
   2. Label Propagation

Uncoarsening -> Level 0
 Number of nodes: 27089643 | Number of edges: 536831408
  Running refinement on 16 blocks
   1. Greedy Balancer
   2. Label Propagation
############################################################# Result Summary ###
RESULT cut=211870258 imbalance=0.00644379 feasible=1 k=16
TIME read_input_graph=39.154 partitioning=19.284 partitioning.rearrange_by_degree-buckets=0.192 partitioning.rearrange_by_degree-buckets.sort_nodes_by_integer_buckets=0.018 partitioning.rearrange_by_degree-buckets.rearrange_input_graph=0.160 partitioning.rearrange_by_degree-buckets.deallocation=0.009 partitioning.refinement=0.000 partitioning.refinement.allocation=0.000 partitioning.coarsening=11.763 partitioning.coarsening.level[0]=4.479 partitioning.coarsening.level[0].label_propagation=2.871 partitioning.coarsening.level[0].label_propagation.allocation=0.014 partitioning.coarsening.level[0].label_propagation.iteration[0]=0.640 partitioning.coarsening.level[0].label_propagation.iteration[0].first_phase=0.623 partitioning.coarsening.level[0].label_propagation.iteration[0].second_phase=0.011 partitioning.coarsening.level[0].label_propagation.iteration[1]=0.596 partitioning.coarsening.level[0].label_propagation.iteration[1].first_phase=0.590 partitioning.coarsening.level[0].label_propagation.iteration[1].second_phase=0.005 partitioning.coarsening.level[0].label_propagation.iteration[2]=0.593 partitioning.coarsening.level[0].label_propagation.iteration[2].first_phase=0.587 partitioning.coarsening.level[0].label_propagation.iteration[2].second_phase=0.005 partitioning.coarsening.level[0].label_propagation.iteration[3]=0.514 partitioning.coarsening.level[0].label_propagation.iteration[3].first_phase=0.509 partitioning.coarsening.level[0].label_propagation.iteration[3].second_phase=0.005 partitioning.coarsening.level[0].label_propagation.iteration[4]=0.491 partitioning.coarsening.level[0].label_propagation.iteration[4].first_phase=0.485 partitioning.coarsening.level[0].label_propagation.iteration[4].second_phase=0.005 partitioning.coarsening.level[0].label_propagation.handle_isolated_nodes=0.000 partitioning.coarsening.level[0].label_propagation.handle_two-hop_nodes=0.000 partitioning.coarsening.level[0].label_propagation.free=0.008 partitioning.coarsening.level[0].contract_graph=1.607 partitioning.coarsening.level[0].contract_graph.allocation=0.003 partitioning.coarsening.level[0].contract_graph.preprocessing=0.232 partitioning.coarsening.level[0].contract_graph.deallocation=0.000 partitioning.coarsening.level[0].contract_graph.construct_coarse_graph=1.356 partitioning.coarsening.level[0].contract_graph.construct_coarse_graph.aggregate_coarse_edges=1.276 partitioning.coarsening.level[0].contract_graph.construct_coarse_graph.aggregate_coarse_edges.first_phase=1.261 partitioning.coarsening.level[0].contract_graph.construct_coarse_graph.aggregate_coarse_edges.second_phase=0.006 partitioning.coarsening.level[0].contract_graph.construct_coarse_graph.remap_coarse_edges_and_mapping=0.078 partitioning.coarsening.level[1]=7.282 partitioning.coarsening.level[1].label_propagation=5.544 partitioning.coarsening.level[1].label_propagation.allocation=0.008 partitioning.coarsening.level[1].label_propagation.iteration[0]=2.141 partitioning.coarsening.level[1].label_propagation.iteration[0].first_phase=2.128 partitioning.coarsening.level[1].label_propagation.iteration[0].second_phase=0.011 partitioning.coarsening.level[1].label_propagation.iteration[1]=1.344 partitioning.coarsening.level[1].label_propagation.iteration[1].first_phase=1.340 partitioning.coarsening.level[1].label_propagation.iteration[1].second_phase=0.004 partitioning.coarsening.level[1].label_propagation.iteration[2]=0.890 partitioning.coarsening.level[1].label_propagation.iteration[2].first_phase=0.887 partitioning.coarsening.level[1].label_propagation.iteration[2].second_phase=0.002 partitioning.coarsening.level[1].label_propagation.iteration[3]=0.651 partitioning.coarsening.level[1].label_propagation.iteration[3].first_phase=0.650 partitioning.coarsening.level[1].label_propagation.iteration[3].second_phase=0.000 partitioning.coarsening.level[1].label_propagation.iteration[4]=0.508 partitioning.coarsening.level[1].label_propagation.iteration[4].first_phase=0.507 partitioning.coarsening.level[1].label_propagation.iteration[4].second_phase=0.000 partitioning.coarsening.level[1].label_propagation.handle_isolated_nodes=0.000 partitioning.coarsening.level[1].label_propagation.handle_two-hop_nodes=0.000 partitioning.coarsening.level[1].contract_graph=1.737 partitioning.coarsening.level[1].contract_graph.allocation=0.003 partitioning.coarsening.level[1].contract_graph.preprocessing=0.032 partitioning.coarsening.level[1].contract_graph.deallocation=0.000 partitioning.coarsening.level[1].contract_graph.construct_coarse_graph=1.698 partitioning.coarsening.level[1].contract_graph.construct_coarse_graph.aggregate_coarse_edges=1.681 partitioning.coarsening.level[1].contract_graph.construct_coarse_graph.aggregate_coarse_edges.first_phase=0.220 partitioning.coarsening.level[1].contract_graph.construct_coarse_graph.aggregate_coarse_edges.second_phase=1.460 partitioning.coarsening.level[1].contract_graph.construct_coarse_graph.remap_coarse_edges_and_mapping=0.016 partitioning.coarsening.deallocation=0.000 partitioning.initial_partitioning_scheme=2.465 partitioning.uncoarsening=4.849 partitioning.uncoarsening.level[1]=0.897 partitioning.uncoarsening.level[1].allocation=0.005 partitioning.uncoarsening.level[1].project_partition=0.001 partitioning.uncoarsening.level[1].create_graph=0.000 partitioning.uncoarsening.level[1].refinement=0.885 partitioning.uncoarsening.level[1].refinement.greedy_balancer=0.070 partitioning.uncoarsening.level[1].refinement.greedy_balancer.allocation=0.000 partitioning.uncoarsening.level[1].refinement.greedy_balancer.initialize_balancer_pq=0.070 partitioning.uncoarsening.level[1].refinement.greedy_balancer.initialize_balancer_pq.thread-local=0.064 partitioning.uncoarsening.level[1].refinement.greedy_balancer.initialize_balancer_pq.merge_thread-local_pqs=0.005 partitioning.uncoarsening.level[1].refinement.greedy_balancer.main_loop=0.000 partitioning.uncoarsening.level[1].refinement.label_propagation=0.814 partitioning.uncoarsening.level[1].refinement.label_propagation.allocation=0.002 partitioning.uncoarsening.level[1].refinement.label_propagation.iteration[0]=0.265 partitioning.uncoarsening.level[1].refinement.label_propagation.iteration[1]=0.163 partitioning.uncoarsening.level[1].refinement.label_propagation.iteration[2]=0.139 partitioning.uncoarsening.level[1].refinement.label_propagation.iteration[3]=0.126 partitioning.uncoarsening.level[1].refinement.label_propagation.iteration[4]=0.116 partitioning.uncoarsening.level[0]=3.952 partitioning.uncoarsening.level[0].allocation=0.006 partitioning.uncoarsening.level[0].project_partition=0.003 partitioning.uncoarsening.level[0].create_graph=0.002 partitioning.uncoarsening.level[0].refinement=3.922 partitioning.uncoarsening.level[0].refinement.greedy_balancer=0.000 partitioning.uncoarsening.level[0].refinement.label_propagation=3.922 partitioning.uncoarsening.level[0].refinement.label_propagation.iteration[0]=1.662 partitioning.uncoarsening.level[0].refinement.label_propagation.iteration[1]=0.972 partitioning.uncoarsening.level[0].refinement.label_propagation.iteration[2]=0.602 partitioning.uncoarsening.level[0].refinement.label_propagation.iteration[3]=0.400 partitioning.uncoarsening.level[0].refinement.label_propagation.iteration[4]=0.283 partitioning.deallocation=0.001 partitioning.re-integrate_isolated_nodes=0.010 io=0.002 
MEMORY disabled

Global Timer: ................................... 58.461 s    
|- Read input graph: ............................ 39.154 s    
|- Partitioning: ................................ 19.284 s    
|  |- Rearrange by degree-buckets: .............. 0.192 s     
|  |  |- Sort nodes by integer buckets: ......... 0.018 s     
|  |  |- Rearrange input graph: ................. 0.160 s     
|  |  `- Deallocation: .......................... 0.009 s     
|  |- Refinement: ............................... 0.000 s     
|  |  `- Allocation: ............................ 0.000 s     
|  |- Coarsening: ............................... 11.763 s    
|  |  |- Level (0): ............................. 4.479 s     
|  |  |  |- Label Propagation: .................. 2.871 s     
|  |  |  |  |- Allocation: ...................... 0.014 s     
|  |  |  |  |- Iteration (0): ................... 0.640 s     
|  |  |  |  |  |- First phase: .................. 0.623 s     
|  |  |  |  |  `- Second phase: ................. 0.011 s     
|  |  |  |  |- Iteration (1): ................... 0.596 s     
|  |  |  |  |  |- First phase: .................. 0.590 s     
|  |  |  |  |  `- Second phase: ................. 0.005 s     
|  |  |  |  |- Iteration (2): ................... 0.593 s     
|  |  |  |  |  |- First phase: .................. 0.587 s     
|  |  |  |  |  `- Second phase: ................. 0.005 s     
|  |  |  |  |- Iteration (3): ................... 0.514 s     
|  |  |  |  |  |- First phase: .................. 0.509 s     
|  |  |  |  |  `- Second phase: ................. 0.005 s     
|  |  |  |  |- Iteration (4): ................... 0.491 s     
|  |  |  |  |  |- First phase: .................. 0.485 s     
|  |  |  |  |  `- Second phase: ................. 0.005 s     
|  |  |  |  |- Handle isolated nodes: ........... 0.000 s     
|  |  |  |  |- Handle two-hop nodes: ............ 0.000 s     
|  |  |  |  `- Free: ............................ 0.008 s     
|  |  |  `- Contract graph: ..................... 1.607 s     
|  |  |     |- Allocation: ...................... 0.003 s  (3)
|  |  |     |- Preprocessing: ................... 0.232 s  (3)
|  |  |     |- Deallocation: .................... 0.000 s     
|  |  |     `- Construct coarse graph: .......... 1.356 s     
|  |  |        |- Aggregate coarse edges: ....... 1.276 s     
|  |  |        |  |- First phase: ............... 1.261 s     
|  |  |        |  `- Second phase: .............. 0.006 s     
|  |  |        `- Remap coarse edges and mapping: 0.078 s     
|  |  |- Level (1): ............................. 7.282 s     
|  |  |  |- Label Propagation: .................. 5.544 s     
|  |  |  |  |- Allocation: ...................... 0.008 s     
|  |  |  |  |- Iteration (0): ................... 2.141 s     
|  |  |  |  |  |- First phase: .................. 2.128 s     
|  |  |  |  |  `- Second phase: ................. 0.011 s     
|  |  |  |  |- Iteration (1): ................... 1.344 s     
|  |  |  |  |  |- First phase: .................. 1.340 s     
|  |  |  |  |  `- Second phase: ................. 0.004 s     
|  |  |  |  |- Iteration (2): ................... 0.890 s     
|  |  |  |  |  |- First phase: .................. 0.887 s     
|  |  |  |  |  `- Second phase: ................. 0.002 s     
|  |  |  |  |- Iteration (3): ................... 0.651 s     
|  |  |  |  |  |- First phase: .................. 0.650 s     
|  |  |  |  |  `- Second phase: ................. 0.000 s     
|  |  |  |  |- Iteration (4): ................... 0.508 s     
|  |  |  |  |  |- First phase: .................. 0.507 s     
|  |  |  |  |  `- Second phase: ................. 0.000 s     
|  |  |  |  |- Handle isolated nodes: ........... 0.000 s     
|  |  |  |  `- Handle two-hop nodes: ............ 0.000 s     
|  |  |  `- Contract graph: ..................... 1.737 s     
|  |  |     |- Allocation: ...................... 0.003 s  (3)
|  |  |     |- Preprocessing: ................... 0.032 s  (3)
|  |  |     |- Deallocation: .................... 0.000 s     
|  |  |     `- Construct coarse graph: .......... 1.698 s     
|  |  |        |- Aggregate coarse edges: ....... 1.681 s     
|  |  |        |  |- First phase: ............... 0.220 s     
|  |  |        |  `- Second phase: .............. 1.460 s     
|  |  |        `- Remap coarse edges and mapping: 0.016 s     
|  |  `- Deallocation: .......................... 0.000 s     
|  |- Initial partitioning scheme: .............. 2.465 s     
|  |- Uncoarsening: ............................. 4.849 s     
|  |  |- Level (1): ............................. 0.897 s     
|  |  |  |- Allocation: ......................... 0.005 s     
|  |  |  |- Project partition: .................. 0.001 s     
|  |  |  |- Create graph: ....................... 0.000 s     
|  |  |  `- Refinement: ......................... 0.885 s     
|  |  |     |- Greedy Balancer: ................. 0.070 s     
|  |  |     |  |- Allocation: ................... 0.000 s     
|  |  |     |  |- Initialize balancer PQ: ....... 0.070 s     
|  |  |     |  |  |- Thread-local: .............. 0.064 s     
|  |  |     |  |  `- Merge thread-local PQs: .... 0.005 s     
|  |  |     |  `- Main loop: .................... 0.000 s     
|  |  |     `- Label Propagation: ............... 0.814 s     
|  |  |        |- Allocation: ................... 0.002 s     
|  |  |        |- Iteration (0): ................ 0.265 s     
|  |  |        |- Iteration (1): ................ 0.163 s     
|  |  |        |- Iteration (2): ................ 0.139 s     
|  |  |        |- Iteration (3): ................ 0.126 s     
|  |  |        `- Iteration (4): ................ 0.116 s     
|  |  `- Level (0): ............................. 3.952 s     
|  |     |- Allocation: ......................... 0.006 s     
|  |     |- Project partition: .................. 0.003 s     
|  |     |- Create graph: ....................... 0.002 s     
|  |     `- Refinement: ......................... 3.922 s     
|  |        |- Greedy Balancer: ................. 0.000 s     
|  |        `- Label Propagation: ............... 3.922 s     
|  |           |- Iteration (0): ................ 1.662 s     
|  |           |- Iteration (1): ................ 0.972 s     
|  |           |- Iteration (2): ................ 0.602 s     
|  |           |- Iteration (3): ................ 0.400 s     
|  |           `- Iteration (4): ................ 0.283 s     
|  |- Deallocation: ............................. 0.001 s     
|  `- Re-integrate isolated nodes: .............. 0.010 s     
`- IO: .......................................... 0.002 s     

Partition summary:
  Number of blocks: 16
  Edge cut:         211870258
  Imbalance:        0.00644379
  Feasible:         yes

Block weights:
  w(0 ) = 1703981    w(1 ) = 1703978    w(2 ) = 1703978    w(3 ) = 1703979  
  w(4 ) = 1703977    w(5 ) = 1529904    w(6 ) = 1703979    w(7 ) = 1703979  
  w(8 ) = 1703980    w(9 ) = 1703979    w(10) = 1703981    w(11) = 1703984  
  w(12) = 1703983    w(13) = 1703986    w(14) = 1704013    w(15) = 1703982  

Maximum resident set size: 7951564 KiB
