################################################################################
#                _  __       __  __  _         ____                            #
#               | |/ / __ _ |  \/  |(_) _ __  |  _ \  __ _  _ __               #
#               | ' / / _` || |\/| || || '_ \ | |_) |/ _` || '__|              #
#               | . \| (_| || |  | || || | | ||  __/| (_| || |                 #
#               |_|\_\\__,_||_|  |_||_||_| |_||_|    \__,_||_|                 #
#                                                                              #
################################################################################
Current commit hash:          99c62314d27845b3825829ec1e3e97256490627d
Assertion level:              always+light
Statistics:                   disabled
Built on:                     liskov
Data type sizes:
  Nodes IDs: 4 bytes | Node weights: 4 bytes
  Edges IDs: 4 bytes | Edge weights: 4 bytes
############################################################## Input Summary ###
Execution mode:               64
Seed:                         1
Graph:                        Serena [node ordering: deg-buckets] [edge ordering: natural]
  Number of nodes:             1391349 (unweighted)
  Number of edges:            63140352 (unweighted)
Number of blocks:             16
Maximum block weight:         89568 (86960 + 3% / 3%)
---------------------------------------------------------- Graph Compression ---
Enabled:                      no
-------------------------------------------------------- Partitioning Scheme ---
Partitioning mode:            deep
  Deep initial part. mode:    async-parallel
  Deep initial part. load:    1
Subgraph memory:              Lazy
----------------------------------------------------------------- Coarsening ---
Contraction limit:            2000
Coarsening algorithm:         clustering
  Cluster weight limit:       epsilon-block-weight x 1
  Shrink factor:              1.79769e+308
  Max mem-free level:         1
  Clustering algorithm:       lp
    Number of iterations:     5
    High degree threshold:    4294967295
    Max degree:               4294967295
    Tie breaking strategy:    uniform
    Implementation:           two-phase
      Relabel:                no
    2-hop clustering:         match-threadwise, if |Vcoarse| > 0.500000 * |V|
    Isolated nodes:           match-during-two-hop
  Forced hierarchy levels:    <none> (leeway: U=10.000000, L=1.100000)
Contraction algorithm:        unbuffered
  Implementation:             two-phase
------------------------------------------------------- Initial Partitioning ---
Adaptive algorithm selection: yes
----------------------------------------------------------------- Refinement ---
Refinement algorithms:        [greedy-balancer -> lp]
Label propagation:
  Number of iterations:       5
  Tie breaking strategy:      uniform
  Implementation:             single-phase
############################################################## Preprocessing ###
Removed 0 isolated nodes
  Remaining nodes:             1391349
  Remaining total node weight: 1391349
############################################################### Partitioning ###
Input graph:
 Number of nodes: 1391349 | Number of edges: 63140352
 Maximum node weight: 1

Coarsening -> Level 1 [max cluster weight: 2608]:
 Total edge weight:   22486974
 Number of nodes:     12172 | Number of edges: 159586
 Maximum node weight: 1355

==> Coarsening terminated with less than 128000 nodes

Initial partitioning:
 Number of blocks: 8

Uncoarsening -> Level 0
 Number of nodes: 1391349 | Number of edges: 63140352
  Running refinement on 8 blocks
   1. Greedy Balancer
   2. Label Propagation
  Extending partition from 8 blocks to 16 blocks

Toplevel:
 Number of nodes: 1391349 | Number of edges: 63140352
  Running refinement on 16 blocks
   1. Greedy Balancer
   2. Label Propagation
############################################################# Result Summary ###
RESULT cut=1023160 imbalance=0.0219181 feasible=1 k=16
TIME read_input_graph=3.928 partitioning=0.668 partitioning.rearrange_by_degree-buckets=0.032 partitioning.rearrange_by_degree-buckets.sort_nodes_by_integer_buckets=0.014 partitioning.rearrange_by_degree-buckets.rearrange_input_graph=0.014 partitioning.rearrange_by_degree-buckets.deallocation=0.001 partitioning.refinement=0.000 partitioning.refinement.allocation=0.000 partitioning.coarsening=0.114 partitioning.coarsening.level[0]=0.114 partitioning.coarsening.level[0].label_propagation=0.082 partitioning.coarsening.level[0].label_propagation.allocation=0.009 partitioning.coarsening.level[0].label_propagation.iteration[0]=0.026 partitioning.coarsening.level[0].label_propagation.iteration[0].first_phase=0.023 partitioning.coarsening.level[0].label_propagation.iteration[1]=0.013 partitioning.coarsening.level[0].label_propagation.iteration[1].first_phase=0.013 partitioning.coarsening.level[0].label_propagation.iteration[2]=0.012 partitioning.coarsening.level[0].label_propagation.iteration[2].first_phase=0.012 partitioning.coarsening.level[0].label_propagation.iteration[3]=0.008 partitioning.coarsening.level[0].label_propagation.iteration[3].first_phase=0.008 partitioning.coarsening.level[0].label_propagation.iteration[4]=0.006 partitioning.coarsening.level[0].label_propagation.iteration[4].first_phase=0.006 partitioning.coarsening.level[0].label_propagation.handle_isolated_nodes=0.000 partitioning.coarsening.level[0].label_propagation.handle_two-hop_nodes=0.000 partitioning.coarsening.level[0].label_propagation.free=0.005 partitioning.coarsening.level[0].contract_graph=0.032 partitioning.coarsening.level[0].contract_graph.allocation=0.000 partitioning.coarsening.level[0].contract_graph.preprocessing=0.002 partitioning.coarsening.level[0].contract_graph.deallocation=0.000 partitioning.coarsening.level[0].contract_graph.construct_coarse_graph=0.029 partitioning.coarsening.level[0].contract_graph.construct_coarse_graph.aggregate_coarse_edges=0.027 partitioning.coarsening.level[0].contract_graph.construct_coarse_graph.aggregate_coarse_edges.first_phase=0.017 partitioning.coarsening.level[0].contract_graph.construct_coarse_graph.aggregate_coarse_edges.second_phase=0.000 partitioning.coarsening.level[0].contract_graph.construct_coarse_graph.remap_coarse_edges_and_mapping=0.002 partitioning.coarsening.deallocation=0.000 partitioning.initial_partitioning_scheme=0.126 partitioning.uncoarsening=0.393 partitioning.uncoarsening.level[0]=0.378 partitioning.uncoarsening.level[0].allocation=0.006 partitioning.uncoarsening.level[0].project_partition=0.000 partitioning.uncoarsening.level[0].create_graph=0.000 partitioning.uncoarsening.level[0].refinement=0.025 partitioning.uncoarsening.level[0].refinement.greedy_balancer=0.000 partitioning.uncoarsening.level[0].refinement.label_propagation=0.025 partitioning.uncoarsening.level[0].refinement.label_propagation.allocation=0.000 partitioning.uncoarsening.level[0].refinement.label_propagation.iteration[0]=0.015 partitioning.uncoarsening.level[0].refinement.label_propagation.iteration[1]=0.004 partitioning.uncoarsening.level[0].refinement.label_propagation.iteration[2]=0.002 partitioning.uncoarsening.level[0].refinement.label_propagation.iteration[3]=0.001 partitioning.uncoarsening.level[0].refinement.label_propagation.iteration[4]=0.001 partitioning.uncoarsening.level[0].initial_partitioning=0.337 partitioning.uncoarsening.level[0].initial_partitioning.preprocessing=0.047 partitioning.uncoarsening.level[0].initial_partitioning.allocation=0.005 partitioning.uncoarsening.level[0].initial_partitioning.bipartitioning=0.279 partitioning.uncoarsening.level[0].initial_partitioning.copy_subgraph_partitions=0.005 partitioning.uncoarsening.level[0].deallocation=0.008 partitioning.uncoarsening.refinement=0.015 partitioning.uncoarsening.refinement.greedy_balancer=0.000 partitioning.uncoarsening.refinement.label_propagation=0.015 partitioning.uncoarsening.refinement.label_propagation.iteration[0]=0.012 partitioning.uncoarsening.refinement.label_propagation.iteration[1]=0.000 partitioning.uncoarsening.refinement.label_propagation.iteration[2]=0.000 partitioning.uncoarsening.refinement.label_propagation.iteration[3]=0.000 partitioning.uncoarsening.refinement.label_propagation.iteration[4]=0.000 partitioning.deallocation=0.000 partitioning.re-integrate_isolated_nodes=0.000 io=0.000 
MEMORY disabled

Global Timer: ................................... 4.599 s    
|- Read input graph: ............................ 3.928 s    
|- Partitioning: ................................ 0.668 s    
|  |- Rearrange by degree-buckets: .............. 0.032 s    
|  |  |- Sort nodes by integer buckets: ......... 0.014 s    
|  |  |- Rearrange input graph: ................. 0.014 s    
|  |  `- Deallocation: .......................... 0.001 s    
|  |- Refinement: ............................... 0.000 s    
|  |  `- Allocation: ............................ 0.000 s    
|  |- Coarsening: ............................... 0.114 s    
|  |  |- Level (0): ............................. 0.114 s    
|  |  |  |- Label Propagation: .................. 0.082 s    
|  |  |  |  |- Allocation: ...................... 0.009 s    
|  |  |  |  |- Iteration (0): ................... 0.026 s    
|  |  |  |  |  `- First phase: .................. 0.023 s    
|  |  |  |  |- Iteration (1): ................... 0.013 s    
|  |  |  |  |  `- First phase: .................. 0.013 s    
|  |  |  |  |- Iteration (2): ................... 0.012 s    
|  |  |  |  |  `- First phase: .................. 0.012 s    
|  |  |  |  |- Iteration (3): ................... 0.008 s    
|  |  |  |  |  `- First phase: .................. 0.008 s    
|  |  |  |  |- Iteration (4): ................... 0.006 s    
|  |  |  |  |  `- First phase: .................. 0.006 s    
|  |  |  |  |- Handle isolated nodes: ........... 0.000 s    
|  |  |  |  |- Handle two-hop nodes: ............ 0.000 s    
|  |  |  |  `- Free: ............................ 0.005 s    
|  |  |  `- Contract graph: ..................... 0.032 s    
|  |  |     |- Allocation: ...................... 0.000 s (3)
|  |  |     |- Preprocessing: ................... 0.002 s (3)
|  |  |     |- Deallocation: .................... 0.000 s    
|  |  |     `- Construct coarse graph: .......... 0.029 s    
|  |  |        |- Aggregate coarse edges: ....... 0.027 s    
|  |  |        |  |- First phase: ............... 0.017 s    
|  |  |        |  `- Second phase: .............. 0.000 s    
|  |  |        `- Remap coarse edges and mapping: 0.002 s    
|  |  `- Deallocation: .......................... 0.000 s    
|  |- Initial partitioning scheme: .............. 0.126 s    
|  |- Uncoarsening: ............................. 0.393 s    
|  |  |- Level (0): ............................. 0.378 s    
|  |  |  |- Allocation: ......................... 0.006 s    
|  |  |  |- Project partition: .................. 0.000 s    
|  |  |  |- Create graph: ....................... 0.000 s    
|  |  |  |- Refinement: ......................... 0.025 s    
|  |  |  |  |- Greedy Balancer: ................. 0.000 s    
|  |  |  |  `- Label Propagation: ............... 0.025 s    
|  |  |  |     |- Allocation: ................... 0.000 s    
|  |  |  |     |- Iteration (0): ................ 0.015 s    
|  |  |  |     |- Iteration (1): ................ 0.004 s    
|  |  |  |     |- Iteration (2): ................ 0.002 s    
|  |  |  |     |- Iteration (3): ................ 0.001 s    
|  |  |  |     `- Iteration (4): ................ 0.001 s    
|  |  |  |- Initial partitioning: ............... 0.337 s    
|  |  |  |  |- Preprocessing: ................... 0.047 s    
|  |  |  |  |- Allocation: ...................... 0.005 s    
|  |  |  |  |- Bipartitioning: .................. 0.279 s    
|  |  |  |  `- Copy subgraph partitions: ........ 0.005 s    
|  |  |  `- Deallocation: ....................... 0.008 s    
|  |  `- Refinement: ............................ 0.015 s    
|  |     |- Greedy Balancer: .................... 0.000 s    
|  |     `- Label Propagation: .................. 0.015 s    
|  |        |- Iteration (0): ................... 0.012 s    
|  |        |- Iteration (1): ................... 0.000 s    
|  |        |- Iteration (2): ................... 0.000 s    
|  |        |- Iteration (3): ................... 0.000 s    
|  |        `- Iteration (4): ................... 0.000 s    
|  |- Deallocation: ............................. 0.000 s    
|  `- Re-integrate isolated nodes: .............. 0.000 s    
`- IO: .......................................... 0.000 s    

Partition summary:
  Number of blocks: 16
  Edge cut:         1023160
  Imbalance:        0.0219181
  Feasible:         yes

Block weights:
  w(0 ) = 87393     w(1 ) = 88139     w(2 ) = 88330     w(3 ) = 84891   
  w(4 ) = 86328     w(5 ) = 79998     w(6 ) = 87555     w(7 ) = 87453   
  w(8 ) = 87519     w(9 ) = 87767     w(10) = 88866     w(11) = 88809   
  w(12) = 88150     w(13) = 88524     w(14) = 82944     w(15) = 88683   

Maximum resident set size: 1140676 KiB
