################################################################################
#                _  __       __  __  _         ____                            #
#               | |/ / __ _ |  \/  |(_) _ __  |  _ \  __ _  _ __               #
#               | ' / / _` || |\/| || || '_ \ | |_) |/ _` || '__|              #
#               | . \| (_| || |  | || || | | ||  __/| (_| || |                 #
#               |_|\_\\__,_||_|  |_||_||_| |_||_|    \__,_||_|                 #
#                                                                              #
################################################################################
Current commit hash:          99c62314d27845b3825829ec1e3e97256490627d
Assertion level:              always+light
Statistics:                   disabled
Built on:                     liskov
Data type sizes:
  Nodes IDs: 4 bytes | Node weights: 4 bytes
  Edges IDs: 4 bytes | Edge weights: 4 bytes
############################################################## Input Summary ###
Execution mode:               64
Seed:                         1
Graph:                        soc-sinaweibo [node ordering: deg-buckets] [edge ordering: natural]
  Number of nodes:             58655849 (unweighted)
  Number of edges:            522642066 (unweighted)
Number of blocks:             16
Maximum block weight:         3775970 (3665991 + 3% / 3%)
---------------------------------------------------------- Graph Compression ---
Enabled:                      no
-------------------------------------------------------- Partitioning Scheme ---
Partitioning mode:            deep
  Deep initial part. mode:    async-parallel
  Deep initial part. load:    1
Subgraph memory:              Lazy
----------------------------------------------------------------- Coarsening ---
Contraction limit:            2000
Coarsening algorithm:         clustering
  Cluster weight limit:       epsilon-block-weight x 1
  Shrink factor:              1.79769e+308
  Max mem-free level:         1
  Clustering algorithm:       lp
    Number of iterations:     5
    High degree threshold:    4294967295
    Max degree:               4294967295
    Tie breaking strategy:    uniform
    Implementation:           two-phase
      Relabel:                no
    2-hop clustering:         match-threadwise, if |Vcoarse| > 0.500000 * |V|
    Isolated nodes:           match-during-two-hop
  Forced hierarchy levels:    <none> (leeway: U=10.000000, L=1.100000)
Contraction algorithm:        unbuffered
  Implementation:             two-phase
------------------------------------------------------- Initial Partitioning ---
Adaptive algorithm selection: yes
----------------------------------------------------------------- Refinement ---
Refinement algorithms:        [greedy-balancer -> lp]
Label propagation:
  Number of iterations:       5
  Tie breaking strategy:      uniform
  Implementation:             single-phase
############################################################## Preprocessing ###
Removed 0 isolated nodes
  Remaining nodes:             58655849
  Remaining total node weight: 58655849
############################################################### Partitioning ###
Input graph:
 Number of nodes: 58655849 | Number of edges: 522642066
 Maximum node weight: 1

Coarsening -> Level 1 [max cluster weight: 109979]:
 Total edge weight:   382079484
 Number of nodes:     189741 | Number of edges: 168490650
 Maximum node weight: 109979

Coarsening -> Level 2 [max cluster weight: 109979]:
 Total edge weight:   325819722
 Number of nodes:     18140 | Number of edges: 7960050
 Maximum node weight: 110009

==> Coarsening terminated with less than 128000 nodes

Initial partitioning:
 Number of blocks: 16

Uncoarsening -> Level 1
 Number of nodes: 189741 | Number of edges: 168490650
  Running refinement on 16 blocks
   1. Greedy Balancer
   2. Label Propagation

Uncoarsening -> Level 0
 Number of nodes: 58655849 | Number of edges: 522642066
  Running refinement on 16 blocks
   1. Greedy Balancer
   2. Label Propagation
############################################################# Result Summary ###
RESULT cut=104000549 imbalance=0.0299995 feasible=1 k=16
TIME read_input_graph=35.604 partitioning=12.004 partitioning.rearrange_by_degree-buckets=0.278 partitioning.rearrange_by_degree-buckets.sort_nodes_by_integer_buckets=0.024 partitioning.rearrange_by_degree-buckets.rearrange_input_graph=0.236 partitioning.rearrange_by_degree-buckets.deallocation=0.010 partitioning.refinement=0.000 partitioning.refinement.allocation=0.000 partitioning.coarsening=8.716 partitioning.coarsening.level[0]=5.974 partitioning.coarsening.level[0].label_propagation=3.964 partitioning.coarsening.level[0].label_propagation.allocation=0.013 partitioning.coarsening.level[0].label_propagation.iteration[0]=1.814 partitioning.coarsening.level[0].label_propagation.iteration[0].first_phase=1.772 partitioning.coarsening.level[0].label_propagation.iteration[0].second_phase=0.032 partitioning.coarsening.level[0].label_propagation.iteration[1]=0.336 partitioning.coarsening.level[0].label_propagation.iteration[1].first_phase=0.314 partitioning.coarsening.level[0].label_propagation.iteration[1].second_phase=0.022 partitioning.coarsening.level[0].label_propagation.iteration[2]=0.703 partitioning.coarsening.level[0].label_propagation.iteration[2].first_phase=0.685 partitioning.coarsening.level[0].label_propagation.iteration[2].second_phase=0.017 partitioning.coarsening.level[0].label_propagation.iteration[3]=0.520 partitioning.coarsening.level[0].label_propagation.iteration[3].first_phase=0.504 partitioning.coarsening.level[0].label_propagation.iteration[3].second_phase=0.015 partitioning.coarsening.level[0].label_propagation.iteration[4]=0.555 partitioning.coarsening.level[0].label_propagation.iteration[4].first_phase=0.542 partitioning.coarsening.level[0].label_propagation.iteration[4].second_phase=0.012 partitioning.coarsening.level[0].label_propagation.handle_isolated_nodes=0.000 partitioning.coarsening.level[0].label_propagation.handle_two-hop_nodes=0.000 partitioning.coarsening.level[0].label_propagation.free=0.009 partitioning.coarsening.level[0].contract_graph=2.008 partitioning.coarsening.level[0].contract_graph.allocation=0.001 partitioning.coarsening.level[0].contract_graph.preprocessing=1.206 partitioning.coarsening.level[0].contract_graph.deallocation=0.001 partitioning.coarsening.level[0].contract_graph.construct_coarse_graph=0.793 partitioning.coarsening.level[0].contract_graph.construct_coarse_graph.aggregate_coarse_edges=0.758 partitioning.coarsening.level[0].contract_graph.construct_coarse_graph.aggregate_coarse_edges.first_phase=0.473 partitioning.coarsening.level[0].contract_graph.construct_coarse_graph.aggregate_coarse_edges.second_phase=0.279 partitioning.coarsening.level[0].contract_graph.construct_coarse_graph.remap_coarse_edges_and_mapping=0.034 partitioning.coarsening.level[1]=2.741 partitioning.coarsening.level[1].label_propagation=2.681 partitioning.coarsening.level[1].label_propagation.allocation=0.000 partitioning.coarsening.level[1].label_propagation.iteration[0]=1.552 partitioning.coarsening.level[1].label_propagation.iteration[0].first_phase=1.485 partitioning.coarsening.level[1].label_propagation.iteration[0].second_phase=0.066 partitioning.coarsening.level[1].label_propagation.iteration[1]=0.640 partitioning.coarsening.level[1].label_propagation.iteration[1].first_phase=0.619 partitioning.coarsening.level[1].label_propagation.iteration[1].second_phase=0.020 partitioning.coarsening.level[1].label_propagation.iteration[2]=0.274 partitioning.coarsening.level[1].label_propagation.iteration[2].first_phase=0.270 partitioning.coarsening.level[1].label_propagation.iteration[2].second_phase=0.003 partitioning.coarsening.level[1].label_propagation.iteration[3]=0.142 partitioning.coarsening.level[1].label_propagation.iteration[3].first_phase=0.140 partitioning.coarsening.level[1].label_propagation.iteration[3].second_phase=0.001 partitioning.coarsening.level[1].label_propagation.iteration[4]=0.072 partitioning.coarsening.level[1].label_propagation.iteration[4].first_phase=0.070 partitioning.coarsening.level[1].label_propagation.iteration[4].second_phase=0.001 partitioning.coarsening.level[1].label_propagation.handle_isolated_nodes=0.000 partitioning.coarsening.level[1].label_propagation.handle_two-hop_nodes=0.000 partitioning.coarsening.level[1].contract_graph=0.059 partitioning.coarsening.level[1].contract_graph.allocation=0.000 partitioning.coarsening.level[1].contract_graph.preprocessing=0.004 partitioning.coarsening.level[1].contract_graph.deallocation=0.000 partitioning.coarsening.level[1].contract_graph.construct_coarse_graph=0.052 partitioning.coarsening.level[1].contract_graph.construct_coarse_graph.aggregate_coarse_edges=0.050 partitioning.coarsening.level[1].contract_graph.construct_coarse_graph.aggregate_coarse_edges.first_phase=0.050 partitioning.coarsening.level[1].contract_graph.construct_coarse_graph.aggregate_coarse_edges.second_phase=0.000 partitioning.coarsening.level[1].contract_graph.construct_coarse_graph.remap_coarse_edges_and_mapping=0.002 partitioning.coarsening.deallocation=0.000 partitioning.initial_partitioning_scheme=0.946 partitioning.uncoarsening=2.042 partitioning.uncoarsening.level[1]=0.216 partitioning.uncoarsening.level[1].allocation=0.000 partitioning.uncoarsening.level[1].project_partition=0.000 partitioning.uncoarsening.level[1].create_graph=0.000 partitioning.uncoarsening.level[1].refinement=0.215 partitioning.uncoarsening.level[1].refinement.greedy_balancer=0.037 partitioning.uncoarsening.level[1].refinement.greedy_balancer.allocation=0.000 partitioning.uncoarsening.level[1].refinement.greedy_balancer.initialize_balancer_pq=0.020 partitioning.uncoarsening.level[1].refinement.greedy_balancer.initialize_balancer_pq.thread-local=0.013 partitioning.uncoarsening.level[1].refinement.greedy_balancer.initialize_balancer_pq.merge_thread-local_pqs=0.007 partitioning.uncoarsening.level[1].refinement.greedy_balancer.main_loop=0.017 partitioning.uncoarsening.level[1].refinement.label_propagation=0.177 partitioning.uncoarsening.level[1].refinement.label_propagation.allocation=0.008 partitioning.uncoarsening.level[1].refinement.label_propagation.iteration[0]=0.037 partitioning.uncoarsening.level[1].refinement.label_propagation.iteration[1]=0.034 partitioning.uncoarsening.level[1].refinement.label_propagation.iteration[2]=0.032 partitioning.uncoarsening.level[1].refinement.label_propagation.iteration[3]=0.032 partitioning.uncoarsening.level[1].refinement.label_propagation.iteration[4]=0.030 partitioning.uncoarsening.level[0]=1.826 partitioning.uncoarsening.level[0].allocation=0.004 partitioning.uncoarsening.level[0].project_partition=0.004 partitioning.uncoarsening.level[0].create_graph=0.004 partitioning.uncoarsening.level[0].refinement=1.806 partitioning.uncoarsening.level[0].refinement.greedy_balancer=0.000 partitioning.uncoarsening.level[0].refinement.label_propagation=1.806 partitioning.uncoarsening.level[0].refinement.label_propagation.iteration[0]=1.098 partitioning.uncoarsening.level[0].refinement.label_propagation.iteration[1]=0.249 partitioning.uncoarsening.level[0].refinement.label_propagation.iteration[2]=0.206 partitioning.uncoarsening.level[0].refinement.label_propagation.iteration[3]=0.147 partitioning.uncoarsening.level[0].refinement.label_propagation.iteration[4]=0.100 partitioning.deallocation=0.001 partitioning.re-integrate_isolated_nodes=0.014 io=0.005 
MEMORY disabled

Global Timer: ................................... 47.652 s    
|- Read input graph: ............................ 35.604 s    
|- Partitioning: ................................ 12.004 s    
|  |- Rearrange by degree-buckets: .............. 0.278 s     
|  |  |- Sort nodes by integer buckets: ......... 0.024 s     
|  |  |- Rearrange input graph: ................. 0.236 s     
|  |  `- Deallocation: .......................... 0.010 s     
|  |- Refinement: ............................... 0.000 s     
|  |  `- Allocation: ............................ 0.000 s     
|  |- Coarsening: ............................... 8.716 s     
|  |  |- Level (0): ............................. 5.974 s     
|  |  |  |- Label Propagation: .................. 3.964 s     
|  |  |  |  |- Allocation: ...................... 0.013 s     
|  |  |  |  |- Iteration (0): ................... 1.814 s     
|  |  |  |  |  |- First phase: .................. 1.772 s     
|  |  |  |  |  `- Second phase: ................. 0.032 s     
|  |  |  |  |- Iteration (1): ................... 0.336 s     
|  |  |  |  |  |- First phase: .................. 0.314 s     
|  |  |  |  |  `- Second phase: ................. 0.022 s     
|  |  |  |  |- Iteration (2): ................... 0.703 s     
|  |  |  |  |  |- First phase: .................. 0.685 s     
|  |  |  |  |  `- Second phase: ................. 0.017 s     
|  |  |  |  |- Iteration (3): ................... 0.520 s     
|  |  |  |  |  |- First phase: .................. 0.504 s     
|  |  |  |  |  `- Second phase: ................. 0.015 s     
|  |  |  |  |- Iteration (4): ................... 0.555 s     
|  |  |  |  |  |- First phase: .................. 0.542 s     
|  |  |  |  |  `- Second phase: ................. 0.012 s     
|  |  |  |  |- Handle isolated nodes: ........... 0.000 s     
|  |  |  |  |- Handle two-hop nodes: ............ 0.000 s     
|  |  |  |  `- Free: ............................ 0.009 s     
|  |  |  `- Contract graph: ..................... 2.008 s     
|  |  |     |- Allocation: ...................... 0.001 s  (3)
|  |  |     |- Preprocessing: ................... 1.206 s  (3)
|  |  |     |- Deallocation: .................... 0.001 s     
|  |  |     `- Construct coarse graph: .......... 0.793 s     
|  |  |        |- Aggregate coarse edges: ....... 0.758 s     
|  |  |        |  |- First phase: ............... 0.473 s     
|  |  |        |  `- Second phase: .............. 0.279 s     
|  |  |        `- Remap coarse edges and mapping: 0.034 s     
|  |  |- Level (1): ............................. 2.741 s     
|  |  |  |- Label Propagation: .................. 2.681 s     
|  |  |  |  |- Allocation: ...................... 0.000 s     
|  |  |  |  |- Iteration (0): ................... 1.552 s     
|  |  |  |  |  |- First phase: .................. 1.485 s     
|  |  |  |  |  `- Second phase: ................. 0.066 s     
|  |  |  |  |- Iteration (1): ................... 0.640 s     
|  |  |  |  |  |- First phase: .................. 0.619 s     
|  |  |  |  |  `- Second phase: ................. 0.020 s     
|  |  |  |  |- Iteration (2): ................... 0.274 s     
|  |  |  |  |  |- First phase: .................. 0.270 s     
|  |  |  |  |  `- Second phase: ................. 0.003 s     
|  |  |  |  |- Iteration (3): ................... 0.142 s     
|  |  |  |  |  |- First phase: .................. 0.140 s     
|  |  |  |  |  `- Second phase: ................. 0.001 s     
|  |  |  |  |- Iteration (4): ................... 0.072 s     
|  |  |  |  |  |- First phase: .................. 0.070 s     
|  |  |  |  |  `- Second phase: ................. 0.001 s     
|  |  |  |  |- Handle isolated nodes: ........... 0.000 s     
|  |  |  |  `- Handle two-hop nodes: ............ 0.000 s     
|  |  |  `- Contract graph: ..................... 0.059 s     
|  |  |     |- Allocation: ...................... 0.000 s  (3)
|  |  |     |- Preprocessing: ................... 0.004 s  (3)
|  |  |     |- Deallocation: .................... 0.000 s     
|  |  |     `- Construct coarse graph: .......... 0.052 s     
|  |  |        |- Aggregate coarse edges: ....... 0.050 s     
|  |  |        |  |- First phase: ............... 0.050 s     
|  |  |        |  `- Second phase: .............. 0.000 s     
|  |  |        `- Remap coarse edges and mapping: 0.002 s     
|  |  `- Deallocation: .......................... 0.000 s     
|  |- Initial partitioning scheme: .............. 0.946 s     
|  |- Uncoarsening: ............................. 2.042 s     
|  |  |- Level (1): ............................. 0.216 s     
|  |  |  |- Allocation: ......................... 0.000 s     
|  |  |  |- Project partition: .................. 0.000 s     
|  |  |  |- Create graph: ....................... 0.000 s     
|  |  |  `- Refinement: ......................... 0.215 s     
|  |  |     |- Greedy Balancer: ................. 0.037 s     
|  |  |     |  |- Allocation: ................... 0.000 s     
|  |  |     |  |- Initialize balancer PQ: ....... 0.020 s     
|  |  |     |  |  |- Thread-local: .............. 0.013 s     
|  |  |     |  |  `- Merge thread-local PQs: .... 0.007 s     
|  |  |     |  `- Main loop: .................... 0.017 s     
|  |  |     `- Label Propagation: ............... 0.177 s     
|  |  |        |- Allocation: ................... 0.008 s     
|  |  |        |- Iteration (0): ................ 0.037 s     
|  |  |        |- Iteration (1): ................ 0.034 s     
|  |  |        |- Iteration (2): ................ 0.032 s     
|  |  |        |- Iteration (3): ................ 0.032 s     
|  |  |        `- Iteration (4): ................ 0.030 s     
|  |  `- Level (0): ............................. 1.826 s     
|  |     |- Allocation: ......................... 0.004 s     
|  |     |- Project partition: .................. 0.004 s     
|  |     |- Create graph: ....................... 0.004 s     
|  |     `- Refinement: ......................... 1.806 s     
|  |        |- Greedy Balancer: ................. 0.000 s     
|  |        `- Label Propagation: ............... 1.806 s     
|  |           |- Iteration (0): ................ 1.098 s     
|  |           |- Iteration (1): ................ 0.249 s     
|  |           |- Iteration (2): ................ 0.206 s     
|  |           |- Iteration (3): ................ 0.147 s     
|  |           `- Iteration (4): ................ 0.100 s     
|  |- Deallocation: ............................. 0.001 s     
|  `- Re-integrate isolated nodes: .............. 0.014 s     
`- IO: .......................................... 0.005 s     

Partition summary:
  Number of blocks: 16
  Edge cut:         104000549
  Imbalance:        0.0299995
  Feasible:         yes

Block weights:
  w(0 ) = 3775969    w(1 ) = 3775969    w(2 ) = 3759025    w(3 ) = 3744799  
  w(4 ) = 3775969    w(5 ) = 3730468    w(6 ) = 3775969    w(7 ) = 3775969  
  w(8 ) = 3775969    w(9 ) = 3732539    w(10) = 3675703    w(11) = 3775964  
  w(12) = 3429230    w(13) = 3656295    w(14) = 3703208    w(15) = 2792804  

Maximum resident set size: 6338708 KiB
