[33m[Warning] [0m[33mThe edge weight type is not large enough to store the sum of all edge weights. [0m[33mThis might cause overflows for very large cuts.[0m
################################################################################
#                _  __       __  __  _         ____                            #
#               | |/ / __ _ |  \/  |(_) _ __  |  _ \  __ _  _ __               #
#               | ' / / _` || |\/| || || '_ \ | |_) |/ _` || '__|              #
#               | . \| (_| || |  | || || | | ||  __/| (_| || |                 #
#               |_|\_\\__,_||_|  |_||_||_| |_||_|    \__,_||_|                 #
#                                                                              #
################################################################################
Current commit hash:          99c62314d27845b3825829ec1e3e97256490627d
Assertion level:              always+light
Statistics:                   disabled
Built on:                     liskov
Data type sizes:
  Nodes IDs: 4 bytes | Node weights: 4 bytes
  Edges IDs: 4 bytes | Edge weights: 4 bytes
############################################################## Input Summary ###
Execution mode:               64
Seed:                         1
Graph:                        twitter-2010 [node ordering: deg-buckets] [edge ordering: natural]
  Number of nodes:              41652230 (unweighted)
  Number of edges:            2405026092 (unweighted)
Number of blocks:             16
Maximum block weight:         2681362 (2603265 + 3% / 3%)
---------------------------------------------------------- Graph Compression ---
Enabled:                      no
-------------------------------------------------------- Partitioning Scheme ---
Partitioning mode:            deep
  Deep initial part. mode:    async-parallel
  Deep initial part. load:    1
Subgraph memory:              Lazy
----------------------------------------------------------------- Coarsening ---
Contraction limit:            2000
Coarsening algorithm:         clustering
  Cluster weight limit:       epsilon-block-weight x 1
  Shrink factor:              1.79769e+308
  Max mem-free level:         1
  Clustering algorithm:       lp
    Number of iterations:     5
    High degree threshold:    4294967295
    Max degree:               4294967295
    Tie breaking strategy:    uniform
    Implementation:           two-phase
      Relabel:                no
    2-hop clustering:         match-threadwise, if |Vcoarse| > 0.500000 * |V|
    Isolated nodes:           match-during-two-hop
  Forced hierarchy levels:    <none> (leeway: U=10.000000, L=1.100000)
Contraction algorithm:        unbuffered
  Implementation:             two-phase
------------------------------------------------------- Initial Partitioning ---
Adaptive algorithm selection: yes
----------------------------------------------------------------- Refinement ---
Refinement algorithms:        [greedy-balancer -> lp]
Label propagation:
  Number of iterations:       5
  Tie breaking strategy:      uniform
  Implementation:             single-phase
############################################################## Preprocessing ###
Removed 0 isolated nodes
  Remaining nodes:             41652230
  Remaining total node weight: 41652230
############################################################### Partitioning ###
Input graph:
 Number of nodes: 41652230 | Number of edges: 2405026092
 Maximum node weight: 1

Coarsening -> Level 1 [max cluster weight: 78097]:
 Total edge weight:   1929617992
 Number of nodes:     670846 | Number of edges: 144102522
 Maximum node weight: 78097

Coarsening -> Level 2 [max cluster weight: 78097]:
 Total edge weight:   1896562532
 Number of nodes:     69198 | Number of edges: 8108610
 Maximum node weight: 156184

==> Coarsening terminated with less than 128000 nodes

Initial partitioning:
 Number of blocks: 16

Uncoarsening -> Level 1
 Number of nodes: 670846 | Number of edges: 144102522
  Running refinement on 16 blocks
   1. Greedy Balancer
   2. Label Propagation

Uncoarsening -> Level 0
 Number of nodes: 41652230 | Number of edges: 2405026092
  Running refinement on 16 blocks
   1. Greedy Balancer
   2. Label Propagation
############################################################# Result Summary ###
RESULT cut=634284767 imbalance=0.0299996 feasible=1 k=16
TIME read_input_graph=185.150 partitioning=29.931 partitioning.rearrange_by_degree-buckets=0.758 partitioning.rearrange_by_degree-buckets.sort_nodes_by_integer_buckets=0.021 partitioning.rearrange_by_degree-buckets.rearrange_input_graph=0.687 partitioning.rearrange_by_degree-buckets.deallocation=0.041 partitioning.refinement=0.000 partitioning.refinement.allocation=0.000 partitioning.coarsening=22.474 partitioning.coarsening.level[0]=20.881 partitioning.coarsening.level[0].label_propagation=18.467 partitioning.coarsening.level[0].label_propagation.allocation=0.013 partitioning.coarsening.level[0].label_propagation.iteration[0]=7.748 partitioning.coarsening.level[0].label_propagation.iteration[0].first_phase=6.331 partitioning.coarsening.level[0].label_propagation.iteration[0].second_phase=1.408 partitioning.coarsening.level[0].label_propagation.iteration[1]=4.274 partitioning.coarsening.level[0].label_propagation.iteration[1].first_phase=3.542 partitioning.coarsening.level[0].label_propagation.iteration[1].second_phase=0.732 partitioning.coarsening.level[0].label_propagation.iteration[2]=2.845 partitioning.coarsening.level[0].label_propagation.iteration[2].first_phase=2.316 partitioning.coarsening.level[0].label_propagation.iteration[2].second_phase=0.528 partitioning.coarsening.level[0].label_propagation.iteration[3]=2.000 partitioning.coarsening.level[0].label_propagation.iteration[3].first_phase=1.545 partitioning.coarsening.level[0].label_propagation.iteration[3].second_phase=0.454 partitioning.coarsening.level[0].label_propagation.iteration[4]=1.561 partitioning.coarsening.level[0].label_propagation.iteration[4].first_phase=1.137 partitioning.coarsening.level[0].label_propagation.iteration[4].second_phase=0.424 partitioning.coarsening.level[0].label_propagation.handle_isolated_nodes=0.000 partitioning.coarsening.level[0].label_propagation.handle_two-hop_nodes=0.000 partitioning.coarsening.level[0].label_propagation.free=0.012 partitioning.coarsening.level[0].contract_graph=2.410 partitioning.coarsening.level[0].contract_graph.allocation=0.003 partitioning.coarsening.level[0].contract_graph.preprocessing=0.519 partitioning.coarsening.level[0].contract_graph.deallocation=0.000 partitioning.coarsening.level[0].contract_graph.construct_coarse_graph=1.882 partitioning.coarsening.level[0].contract_graph.construct_coarse_graph.aggregate_coarse_edges=1.851 partitioning.coarsening.level[0].contract_graph.construct_coarse_graph.aggregate_coarse_edges.first_phase=0.403 partitioning.coarsening.level[0].contract_graph.construct_coarse_graph.aggregate_coarse_edges.second_phase=1.440 partitioning.coarsening.level[0].contract_graph.construct_coarse_graph.remap_coarse_edges_and_mapping=0.029 partitioning.coarsening.level[1]=1.593 partitioning.coarsening.level[1].label_propagation=1.530 partitioning.coarsening.level[1].label_propagation.allocation=0.001 partitioning.coarsening.level[1].label_propagation.iteration[0]=0.835 partitioning.coarsening.level[1].label_propagation.iteration[0].first_phase=0.620 partitioning.coarsening.level[1].label_propagation.iteration[0].second_phase=0.214 partitioning.coarsening.level[1].label_propagation.iteration[1]=0.295 partitioning.coarsening.level[1].label_propagation.iteration[1].first_phase=0.253 partitioning.coarsening.level[1].label_propagation.iteration[1].second_phase=0.042 partitioning.coarsening.level[1].label_propagation.iteration[2]=0.155 partitioning.coarsening.level[1].label_propagation.iteration[2].first_phase=0.153 partitioning.coarsening.level[1].label_propagation.iteration[2].second_phase=0.001 partitioning.coarsening.level[1].label_propagation.iteration[3]=0.137 partitioning.coarsening.level[1].label_propagation.iteration[3].first_phase=0.136 partitioning.coarsening.level[1].label_propagation.iteration[3].second_phase=0.001 partitioning.coarsening.level[1].label_propagation.iteration[4]=0.104 partitioning.coarsening.level[1].label_propagation.iteration[4].first_phase=0.103 partitioning.coarsening.level[1].label_propagation.iteration[4].second_phase=0.001 partitioning.coarsening.level[1].label_propagation.handle_isolated_nodes=0.000 partitioning.coarsening.level[1].label_propagation.handle_two-hop_nodes=0.000 partitioning.coarsening.level[1].contract_graph=0.062 partitioning.coarsening.level[1].contract_graph.allocation=0.000 partitioning.coarsening.level[1].contract_graph.preprocessing=0.011 partitioning.coarsening.level[1].contract_graph.deallocation=0.000 partitioning.coarsening.level[1].contract_graph.construct_coarse_graph=0.050 partitioning.coarsening.level[1].contract_graph.construct_coarse_graph.aggregate_coarse_edges=0.048 partitioning.coarsening.level[1].contract_graph.construct_coarse_graph.aggregate_coarse_edges.first_phase=0.048 partitioning.coarsening.level[1].contract_graph.construct_coarse_graph.aggregate_coarse_edges.second_phase=0.000 partitioning.coarsening.level[1].contract_graph.construct_coarse_graph.remap_coarse_edges_and_mapping=0.001 partitioning.coarsening.deallocation=0.000 partitioning.initial_partitioning_scheme=0.380 partitioning.uncoarsening=6.294 partitioning.uncoarsening.level[1]=0.311 partitioning.uncoarsening.level[1].allocation=0.000 partitioning.uncoarsening.level[1].project_partition=0.000 partitioning.uncoarsening.level[1].create_graph=0.000 partitioning.uncoarsening.level[1].refinement=0.310 partitioning.uncoarsening.level[1].refinement.greedy_balancer=0.179 partitioning.uncoarsening.level[1].refinement.greedy_balancer.allocation=0.000 partitioning.uncoarsening.level[1].refinement.greedy_balancer.initialize_balancer_pq=0.133 partitioning.uncoarsening.level[1].refinement.greedy_balancer.initialize_balancer_pq.thread-local=0.037 partitioning.uncoarsening.level[1].refinement.greedy_balancer.initialize_balancer_pq.merge_thread-local_pqs=0.095 partitioning.uncoarsening.level[1].refinement.greedy_balancer.main_loop=0.045 partitioning.uncoarsening.level[1].refinement.label_propagation=0.131 partitioning.uncoarsening.level[1].refinement.label_propagation.allocation=0.007 partitioning.uncoarsening.level[1].refinement.label_propagation.iteration[0]=0.039 partitioning.uncoarsening.level[1].refinement.label_propagation.iteration[1]=0.031 partitioning.uncoarsening.level[1].refinement.label_propagation.iteration[2]=0.025 partitioning.uncoarsening.level[1].refinement.label_propagation.iteration[3]=0.017 partitioning.uncoarsening.level[1].refinement.label_propagation.iteration[4]=0.009 partitioning.uncoarsening.level[0]=5.983 partitioning.uncoarsening.level[0].allocation=0.005 partitioning.uncoarsening.level[0].project_partition=0.003 partitioning.uncoarsening.level[0].create_graph=0.004 partitioning.uncoarsening.level[0].refinement=5.963 partitioning.uncoarsening.level[0].refinement.greedy_balancer=0.000 partitioning.uncoarsening.level[0].refinement.label_propagation=5.963 partitioning.uncoarsening.level[0].refinement.label_propagation.iteration[0]=1.961 partitioning.uncoarsening.level[0].refinement.label_propagation.iteration[1]=1.351 partitioning.uncoarsening.level[0].refinement.label_propagation.iteration[2]=1.107 partitioning.uncoarsening.level[0].refinement.label_propagation.iteration[3]=0.822 partitioning.uncoarsening.level[0].refinement.label_propagation.iteration[4]=0.717 partitioning.deallocation=0.001 partitioning.re-integrate_isolated_nodes=0.017 io=0.005 
MEMORY disabled

Global Timer: ................................... 215.114 s    
|- Read input graph: ............................ 185.150 s    
|- Partitioning: ................................ 29.931 s     
|  |- Rearrange by degree-buckets: .............. 0.758 s      
|  |  |- Sort nodes by integer buckets: ......... 0.021 s      
|  |  |- Rearrange input graph: ................. 0.687 s      
|  |  `- Deallocation: .......................... 0.041 s      
|  |- Refinement: ............................... 0.000 s      
|  |  `- Allocation: ............................ 0.000 s      
|  |- Coarsening: ............................... 22.474 s     
|  |  |- Level (0): ............................. 20.881 s     
|  |  |  |- Label Propagation: .................. 18.467 s     
|  |  |  |  |- Allocation: ...................... 0.013 s      
|  |  |  |  |- Iteration (0): ................... 7.748 s      
|  |  |  |  |  |- First phase: .................. 6.331 s      
|  |  |  |  |  `- Second phase: ................. 1.408 s      
|  |  |  |  |- Iteration (1): ................... 4.274 s      
|  |  |  |  |  |- First phase: .................. 3.542 s      
|  |  |  |  |  `- Second phase: ................. 0.732 s      
|  |  |  |  |- Iteration (2): ................... 2.845 s      
|  |  |  |  |  |- First phase: .................. 2.316 s      
|  |  |  |  |  `- Second phase: ................. 0.528 s      
|  |  |  |  |- Iteration (3): ................... 2.000 s      
|  |  |  |  |  |- First phase: .................. 1.545 s      
|  |  |  |  |  `- Second phase: ................. 0.454 s      
|  |  |  |  |- Iteration (4): ................... 1.561 s      
|  |  |  |  |  |- First phase: .................. 1.137 s      
|  |  |  |  |  `- Second phase: ................. 0.424 s      
|  |  |  |  |- Handle isolated nodes: ........... 0.000 s      
|  |  |  |  |- Handle two-hop nodes: ............ 0.000 s      
|  |  |  |  `- Free: ............................ 0.012 s      
|  |  |  `- Contract graph: ..................... 2.410 s      
|  |  |     |- Allocation: ...................... 0.003 s   (3)
|  |  |     |- Preprocessing: ................... 0.519 s   (3)
|  |  |     |- Deallocation: .................... 0.000 s      
|  |  |     `- Construct coarse graph: .......... 1.882 s      
|  |  |        |- Aggregate coarse edges: ....... 1.851 s      
|  |  |        |  |- First phase: ............... 0.403 s      
|  |  |        |  `- Second phase: .............. 1.440 s      
|  |  |        `- Remap coarse edges and mapping: 0.029 s      
|  |  |- Level (1): ............................. 1.593 s      
|  |  |  |- Label Propagation: .................. 1.530 s      
|  |  |  |  |- Allocation: ...................... 0.001 s      
|  |  |  |  |- Iteration (0): ................... 0.835 s      
|  |  |  |  |  |- First phase: .................. 0.620 s      
|  |  |  |  |  `- Second phase: ................. 0.214 s      
|  |  |  |  |- Iteration (1): ................... 0.295 s      
|  |  |  |  |  |- First phase: .................. 0.253 s      
|  |  |  |  |  `- Second phase: ................. 0.042 s      
|  |  |  |  |- Iteration (2): ................... 0.155 s      
|  |  |  |  |  |- First phase: .................. 0.153 s      
|  |  |  |  |  `- Second phase: ................. 0.001 s      
|  |  |  |  |- Iteration (3): ................... 0.137 s      
|  |  |  |  |  |- First phase: .................. 0.136 s      
|  |  |  |  |  `- Second phase: ................. 0.001 s      
|  |  |  |  |- Iteration (4): ................... 0.104 s      
|  |  |  |  |  |- First phase: .................. 0.103 s      
|  |  |  |  |  `- Second phase: ................. 0.001 s      
|  |  |  |  |- Handle isolated nodes: ........... 0.000 s      
|  |  |  |  `- Handle two-hop nodes: ............ 0.000 s      
|  |  |  `- Contract graph: ..................... 0.062 s      
|  |  |     |- Allocation: ...................... 0.000 s   (3)
|  |  |     |- Preprocessing: ................... 0.011 s   (3)
|  |  |     |- Deallocation: .................... 0.000 s      
|  |  |     `- Construct coarse graph: .......... 0.050 s      
|  |  |        |- Aggregate coarse edges: ....... 0.048 s      
|  |  |        |  |- First phase: ............... 0.048 s      
|  |  |        |  `- Second phase: .............. 0.000 s      
|  |  |        `- Remap coarse edges and mapping: 0.001 s      
|  |  `- Deallocation: .......................... 0.000 s      
|  |- Initial partitioning scheme: .............. 0.380 s      
|  |- Uncoarsening: ............................. 6.294 s      
|  |  |- Level (1): ............................. 0.311 s      
|  |  |  |- Allocation: ......................... 0.000 s      
|  |  |  |- Project partition: .................. 0.000 s      
|  |  |  |- Create graph: ....................... 0.000 s      
|  |  |  `- Refinement: ......................... 0.310 s      
|  |  |     |- Greedy Balancer: ................. 0.179 s      
|  |  |     |  |- Allocation: ................... 0.000 s      
|  |  |     |  |- Initialize balancer PQ: ....... 0.133 s      
|  |  |     |  |  |- Thread-local: .............. 0.037 s      
|  |  |     |  |  `- Merge thread-local PQs: .... 0.095 s      
|  |  |     |  `- Main loop: .................... 0.045 s      
|  |  |     `- Label Propagation: ............... 0.131 s      
|  |  |        |- Allocation: ................... 0.007 s      
|  |  |        |- Iteration (0): ................ 0.039 s      
|  |  |        |- Iteration (1): ................ 0.031 s      
|  |  |        |- Iteration (2): ................ 0.025 s      
|  |  |        |- Iteration (3): ................ 0.017 s      
|  |  |        `- Iteration (4): ................ 0.009 s      
|  |  `- Level (0): ............................. 5.983 s      
|  |     |- Allocation: ......................... 0.005 s      
|  |     |- Project partition: .................. 0.003 s      
|  |     |- Create graph: ....................... 0.004 s      
|  |     `- Refinement: ......................... 5.963 s      
|  |        |- Greedy Balancer: ................. 0.000 s      
|  |        `- Label Propagation: ............... 5.963 s      
|  |           |- Iteration (0): ................ 1.961 s      
|  |           |- Iteration (1): ................ 1.351 s      
|  |           |- Iteration (2): ................ 1.107 s      
|  |           |- Iteration (3): ................ 0.822 s      
|  |           `- Iteration (4): ................ 0.717 s      
|  |- Deallocation: ............................. 0.001 s      
|  `- Re-integrate isolated nodes: .............. 0.017 s      
`- IO: .......................................... 0.005 s      

Partition summary:
  Number of blocks: 16
  Edge cut:         634284767
  Imbalance:        0.0299996
  Feasible:         yes

Block weights:
  w(0 ) = 2681362    w(1 ) = 2681362    w(2 ) = 2681362    w(3 ) = 2681362  
  w(4 ) = 1463847    w(5 ) = 2681362    w(6 ) = 2681360    w(7 ) = 2681361  
  w(8 ) = 2681358    w(9 ) = 2681361    w(10) = 2674115    w(11) = 2671644  
  w(12) = 2677301    w(13) = 2681316    w(14) = 2675844    w(15) = 2675913  

Maximum resident set size: 30511936 KiB
