################################################################################
#                _  __       __  __  _         ____                            #
#               | |/ / __ _ |  \/  |(_) _ __  |  _ \  __ _  _ __               #
#               | ' / / _` || |\/| || || '_ \ | |_) |/ _` || '__|              #
#               | . \| (_| || |  | || || | | ||  __/| (_| || |                 #
#               |_|\_\\__,_||_|  |_||_||_| |_||_|    \__,_||_|                 #
#                                                                              #
################################################################################
Current commit hash:          99c62314d27845b3825829ec1e3e97256490627d
Assertion level:              always+light
Statistics:                   disabled
Built on:                     liskov
Data type sizes:
  Nodes IDs: 4 bytes | Node weights: 4 bytes
  Edges IDs: 4 bytes | Edge weights: 4 bytes
############################################################## Input Summary ###
Execution mode:               64
Seed:                         1
Graph:                        uk-2005 [node ordering: deg-buckets] [edge ordering: natural]
  Number of nodes:              39459925 (unweighted)
  Number of edges:            1566054250 (unweighted)
Number of blocks:             16
Maximum block weight:         2540233 (2466246 + 3% / 3%)
---------------------------------------------------------- Graph Compression ---
Enabled:                      no
-------------------------------------------------------- Partitioning Scheme ---
Partitioning mode:            deep
  Deep initial part. mode:    async-parallel
  Deep initial part. load:    1
Subgraph memory:              Lazy
----------------------------------------------------------------- Coarsening ---
Contraction limit:            2000
Coarsening algorithm:         clustering
  Cluster weight limit:       epsilon-block-weight x 1
  Shrink factor:              1.79769e+308
  Max mem-free level:         1
  Clustering algorithm:       lp
    Number of iterations:     5
    High degree threshold:    4294967295
    Max degree:               4294967295
    Tie breaking strategy:    uniform
    Implementation:           two-phase
      Relabel:                no
    2-hop clustering:         match-threadwise, if |Vcoarse| > 0.500000 * |V|
    Isolated nodes:           match-during-two-hop
  Forced hierarchy levels:    <none> (leeway: U=10.000000, L=1.100000)
Contraction algorithm:        unbuffered
  Implementation:             two-phase
------------------------------------------------------- Initial Partitioning ---
Adaptive algorithm selection: yes
----------------------------------------------------------------- Refinement ---
Refinement algorithms:        [greedy-balancer -> lp]
Label propagation:
  Number of iterations:       5
  Tie breaking strategy:      uniform
  Implementation:             single-phase
############################################################## Preprocessing ###
Removed 5462 isolated nodes
  Remaining nodes:             39454463
  Remaining total node weight: 39454463
############################################################### Partitioning ###
Input graph:
 Number of nodes: 39454463 | Number of edges: 1566054250
 Maximum node weight: 1

Coarsening -> Level 1 [max cluster weight: 74329]:
 Total edge weight:   260815070
 Number of nodes:     874832 | Number of edges: 10905376
 Maximum node weight: 74331

Coarsening -> Level 2 [max cluster weight: 74329]:
 Total edge weight:   181142352
 Number of nodes:     118577 | Number of edges: 3774388
 Maximum node weight: 74331

==> Coarsening terminated with less than 128000 nodes

Initial partitioning:
 Number of blocks: 16

Uncoarsening -> Level 1
 Number of nodes: 874832 | Number of edges: 10905376
  Running refinement on 16 blocks
   1. Greedy Balancer
   2. Label Propagation

Uncoarsening -> Level 0
 Number of nodes: 39454463 | Number of edges: 1566054250
  Running refinement on 16 blocks
   1. Greedy Balancer
   2. Label Propagation
############################################################# Result Summary ###
RESULT cut=3377228 imbalance=0.0294439 feasible=1 k=16
TIME read_input_graph=118.950 partitioning=2.942 partitioning.rearrange_by_degree-buckets=0.513 partitioning.rearrange_by_degree-buckets.sort_nodes_by_integer_buckets=0.022 partitioning.rearrange_by_degree-buckets.rearrange_input_graph=0.455 partitioning.rearrange_by_degree-buckets.deallocation=0.027 partitioning.refinement=0.000 partitioning.refinement.allocation=0.000 partitioning.coarsening=1.762 partitioning.coarsening.level[0]=1.692 partitioning.coarsening.level[0].label_propagation=1.221 partitioning.coarsening.level[0].label_propagation.allocation=0.016 partitioning.coarsening.level[0].label_propagation.iteration[0]=0.474 partitioning.coarsening.level[0].label_propagation.iteration[0].first_phase=0.418 partitioning.coarsening.level[0].label_propagation.iteration[0].second_phase=0.048 partitioning.coarsening.level[0].label_propagation.iteration[1]=0.388 partitioning.coarsening.level[0].label_propagation.iteration[1].first_phase=0.388 partitioning.coarsening.level[0].label_propagation.iteration[2]=0.175 partitioning.coarsening.level[0].label_propagation.iteration[2].first_phase=0.175 partitioning.coarsening.level[0].label_propagation.iteration[3]=0.095 partitioning.coarsening.level[0].label_propagation.iteration[3].first_phase=0.094 partitioning.coarsening.level[0].label_propagation.iteration[4]=0.052 partitioning.coarsening.level[0].label_propagation.iteration[4].first_phase=0.052 partitioning.coarsening.level[0].label_propagation.handle_isolated_nodes=0.000 partitioning.coarsening.level[0].label_propagation.handle_two-hop_nodes=0.000 partitioning.coarsening.level[0].label_propagation.free=0.011 partitioning.coarsening.level[0].contract_graph=0.468 partitioning.coarsening.level[0].contract_graph.allocation=0.004 partitioning.coarsening.level[0].contract_graph.preprocessing=0.078 partitioning.coarsening.level[0].contract_graph.deallocation=0.000 partitioning.coarsening.level[0].contract_graph.construct_coarse_graph=0.383 partitioning.coarsening.level[0].contract_graph.construct_coarse_graph.aggregate_coarse_edges=0.374 partitioning.coarsening.level[0].contract_graph.construct_coarse_graph.aggregate_coarse_edges.first_phase=0.362 partitioning.coarsening.level[0].contract_graph.construct_coarse_graph.aggregate_coarse_edges.second_phase=0.001 partitioning.coarsening.level[0].contract_graph.construct_coarse_graph.remap_coarse_edges_and_mapping=0.008 partitioning.coarsening.level[1]=0.069 partitioning.coarsening.level[1].label_propagation=0.036 partitioning.coarsening.level[1].label_propagation.allocation=0.001 partitioning.coarsening.level[1].label_propagation.iteration[0]=0.017 partitioning.coarsening.level[1].label_propagation.iteration[0].first_phase=0.012 partitioning.coarsening.level[1].label_propagation.iteration[0].second_phase=0.004 partitioning.coarsening.level[1].label_propagation.iteration[1]=0.006 partitioning.coarsening.level[1].label_propagation.iteration[1].first_phase=0.006 partitioning.coarsening.level[1].label_propagation.iteration[1].second_phase=0.000 partitioning.coarsening.level[1].label_propagation.iteration[2]=0.004 partitioning.coarsening.level[1].label_propagation.iteration[2].first_phase=0.004 partitioning.coarsening.level[1].label_propagation.iteration[2].second_phase=0.000 partitioning.coarsening.level[1].label_propagation.iteration[3]=0.003 partitioning.coarsening.level[1].label_propagation.iteration[3].first_phase=0.002 partitioning.coarsening.level[1].label_propagation.iteration[3].second_phase=0.000 partitioning.coarsening.level[1].label_propagation.iteration[4]=0.002 partitioning.coarsening.level[1].label_propagation.iteration[4].first_phase=0.001 partitioning.coarsening.level[1].label_propagation.iteration[4].second_phase=0.000 partitioning.coarsening.level[1].label_propagation.handle_isolated_nodes=0.000 partitioning.coarsening.level[1].label_propagation.handle_two-hop_nodes=0.000 partitioning.coarsening.level[1].contract_graph=0.033 partitioning.coarsening.level[1].contract_graph.allocation=0.000 partitioning.coarsening.level[1].contract_graph.preprocessing=0.008 partitioning.coarsening.level[1].contract_graph.deallocation=0.000 partitioning.coarsening.level[1].contract_graph.construct_coarse_graph=0.023 partitioning.coarsening.level[1].contract_graph.construct_coarse_graph.aggregate_coarse_edges=0.022 partitioning.coarsening.level[1].contract_graph.construct_coarse_graph.aggregate_coarse_edges.first_phase=0.022 partitioning.coarsening.level[1].contract_graph.construct_coarse_graph.aggregate_coarse_edges.second_phase=0.000 partitioning.coarsening.level[1].contract_graph.construct_coarse_graph.remap_coarse_edges_and_mapping=0.000 partitioning.coarsening.deallocation=0.000 partitioning.initial_partitioning_scheme=0.330 partitioning.uncoarsening=0.320 partitioning.uncoarsening.level[1]=0.026 partitioning.uncoarsening.level[1].allocation=0.000 partitioning.uncoarsening.level[1].project_partition=0.000 partitioning.uncoarsening.level[1].create_graph=0.000 partitioning.uncoarsening.level[1].refinement=0.025 partitioning.uncoarsening.level[1].refinement.greedy_balancer=0.000 partitioning.uncoarsening.level[1].refinement.label_propagation=0.024 partitioning.uncoarsening.level[1].refinement.label_propagation.allocation=0.008 partitioning.uncoarsening.level[1].refinement.label_propagation.iteration[0]=0.009 partitioning.uncoarsening.level[1].refinement.label_propagation.iteration[1]=0.003 partitioning.uncoarsening.level[1].refinement.label_propagation.iteration[2]=0.001 partitioning.uncoarsening.level[1].refinement.label_propagation.iteration[3]=0.001 partitioning.uncoarsening.level[1].refinement.label_propagation.iteration[4]=0.000 partitioning.uncoarsening.level[0]=0.293 partitioning.uncoarsening.level[0].allocation=0.005 partitioning.uncoarsening.level[0].project_partition=0.002 partitioning.uncoarsening.level[0].create_graph=0.002 partitioning.uncoarsening.level[0].refinement=0.281 partitioning.uncoarsening.level[0].refinement.greedy_balancer=0.000 partitioning.uncoarsening.level[0].refinement.label_propagation=0.281 partitioning.uncoarsening.level[0].refinement.label_propagation.iteration[0]=0.250 partitioning.uncoarsening.level[0].refinement.label_propagation.iteration[1]=0.014 partitioning.uncoarsening.level[0].refinement.label_propagation.iteration[2]=0.006 partitioning.uncoarsening.level[0].refinement.label_propagation.iteration[3]=0.004 partitioning.uncoarsening.level[0].refinement.label_propagation.iteration[4]=0.003 partitioning.deallocation=0.001 partitioning.re-integrate_isolated_nodes=0.012 io=0.003 
MEMORY disabled

Global Timer: ................................... 121.923 s    
|- Read input graph: ............................ 118.950 s    
|- Partitioning: ................................ 2.942 s      
|  |- Rearrange by degree-buckets: .............. 0.513 s      
|  |  |- Sort nodes by integer buckets: ......... 0.022 s      
|  |  |- Rearrange input graph: ................. 0.455 s      
|  |  `- Deallocation: .......................... 0.027 s      
|  |- Refinement: ............................... 0.000 s      
|  |  `- Allocation: ............................ 0.000 s      
|  |- Coarsening: ............................... 1.762 s      
|  |  |- Level (0): ............................. 1.692 s      
|  |  |  |- Label Propagation: .................. 1.221 s      
|  |  |  |  |- Allocation: ...................... 0.016 s      
|  |  |  |  |- Iteration (0): ................... 0.474 s      
|  |  |  |  |  |- First phase: .................. 0.418 s      
|  |  |  |  |  `- Second phase: ................. 0.048 s      
|  |  |  |  |- Iteration (1): ................... 0.388 s      
|  |  |  |  |  `- First phase: .................. 0.388 s      
|  |  |  |  |- Iteration (2): ................... 0.175 s      
|  |  |  |  |  `- First phase: .................. 0.175 s      
|  |  |  |  |- Iteration (3): ................... 0.095 s      
|  |  |  |  |  `- First phase: .................. 0.094 s      
|  |  |  |  |- Iteration (4): ................... 0.052 s      
|  |  |  |  |  `- First phase: .................. 0.052 s      
|  |  |  |  |- Handle isolated nodes: ........... 0.000 s      
|  |  |  |  |- Handle two-hop nodes: ............ 0.000 s      
|  |  |  |  `- Free: ............................ 0.011 s      
|  |  |  `- Contract graph: ..................... 0.468 s      
|  |  |     |- Allocation: ...................... 0.004 s   (3)
|  |  |     |- Preprocessing: ................... 0.078 s   (3)
|  |  |     |- Deallocation: .................... 0.000 s      
|  |  |     `- Construct coarse graph: .......... 0.383 s      
|  |  |        |- Aggregate coarse edges: ....... 0.374 s      
|  |  |        |  |- First phase: ............... 0.362 s      
|  |  |        |  `- Second phase: .............. 0.001 s      
|  |  |        `- Remap coarse edges and mapping: 0.008 s      
|  |  |- Level (1): ............................. 0.069 s      
|  |  |  |- Label Propagation: .................. 0.036 s      
|  |  |  |  |- Allocation: ...................... 0.001 s      
|  |  |  |  |- Iteration (0): ................... 0.017 s      
|  |  |  |  |  |- First phase: .................. 0.012 s      
|  |  |  |  |  `- Second phase: ................. 0.004 s      
|  |  |  |  |- Iteration (1): ................... 0.006 s      
|  |  |  |  |  |- First phase: .................. 0.006 s      
|  |  |  |  |  `- Second phase: ................. 0.000 s      
|  |  |  |  |- Iteration (2): ................... 0.004 s      
|  |  |  |  |  |- First phase: .................. 0.004 s      
|  |  |  |  |  `- Second phase: ................. 0.000 s      
|  |  |  |  |- Iteration (3): ................... 0.003 s      
|  |  |  |  |  |- First phase: .................. 0.002 s      
|  |  |  |  |  `- Second phase: ................. 0.000 s      
|  |  |  |  |- Iteration (4): ................... 0.002 s      
|  |  |  |  |  |- First phase: .................. 0.001 s      
|  |  |  |  |  `- Second phase: ................. 0.000 s      
|  |  |  |  |- Handle isolated nodes: ........... 0.000 s      
|  |  |  |  `- Handle two-hop nodes: ............ 0.000 s      
|  |  |  `- Contract graph: ..................... 0.033 s      
|  |  |     |- Allocation: ...................... 0.000 s   (3)
|  |  |     |- Preprocessing: ................... 0.008 s   (3)
|  |  |     |- Deallocation: .................... 0.000 s      
|  |  |     `- Construct coarse graph: .......... 0.023 s      
|  |  |        |- Aggregate coarse edges: ....... 0.022 s      
|  |  |        |  |- First phase: ............... 0.022 s      
|  |  |        |  `- Second phase: .............. 0.000 s      
|  |  |        `- Remap coarse edges and mapping: 0.000 s      
|  |  `- Deallocation: .......................... 0.000 s      
|  |- Initial partitioning scheme: .............. 0.330 s      
|  |- Uncoarsening: ............................. 0.320 s      
|  |  |- Level (1): ............................. 0.026 s      
|  |  |  |- Allocation: ......................... 0.000 s      
|  |  |  |- Project partition: .................. 0.000 s      
|  |  |  |- Create graph: ....................... 0.000 s      
|  |  |  `- Refinement: ......................... 0.025 s      
|  |  |     |- Greedy Balancer: ................. 0.000 s      
|  |  |     `- Label Propagation: ............... 0.024 s      
|  |  |        |- Allocation: ................... 0.008 s      
|  |  |        |- Iteration (0): ................ 0.009 s      
|  |  |        |- Iteration (1): ................ 0.003 s      
|  |  |        |- Iteration (2): ................ 0.001 s      
|  |  |        |- Iteration (3): ................ 0.001 s      
|  |  |        `- Iteration (4): ................ 0.000 s      
|  |  `- Level (0): ............................. 0.293 s      
|  |     |- Allocation: ......................... 0.005 s      
|  |     |- Project partition: .................. 0.002 s      
|  |     |- Create graph: ....................... 0.002 s      
|  |     `- Refinement: ......................... 0.281 s      
|  |        |- Greedy Balancer: ................. 0.000 s      
|  |        `- Label Propagation: ............... 0.281 s      
|  |           |- Iteration (0): ................ 0.250 s      
|  |           |- Iteration (1): ................ 0.014 s      
|  |           |- Iteration (2): ................ 0.006 s      
|  |           |- Iteration (3): ................ 0.004 s      
|  |           `- Iteration (4): ................ 0.003 s      
|  |- Deallocation: ............................. 0.001 s      
|  `- Re-integrate isolated nodes: .............. 0.012 s      
`- IO: .......................................... 0.003 s      

Partition summary:
  Number of blocks: 16
  Edge cut:         3377228
  Imbalance:        0.0294439
  Feasible:         yes

Block weights:
  w(0 ) = 2538862    w(1 ) = 2532974    w(2 ) = 2533910    w(3 ) = 1460217  
  w(4 ) = 2533067    w(5 ) = 2533024    w(6 ) = 2533037    w(7 ) = 2532974  
  w(8 ) = 2531804    w(9 ) = 2533032    w(10) = 2531894    w(11) = 2533021  
  w(12) = 2533025    w(13) = 2533038    w(14) = 2533032    w(15) = 2533014  

Maximum resident set size: 19796396 KiB
