################################################################################
#                _  __       __  __  _         ____                            #
#               | |/ / __ _ |  \/  |(_) _ __  |  _ \  __ _  _ __               #
#               | ' / / _` || |\/| || || '_ \ | |_) |/ _` || '__|              #
#               | . \| (_| || |  | || || | | ||  __/| (_| || |                 #
#               |_|\_\\__,_||_|  |_||_||_| |_||_|    \__,_||_|                 #
#                                                                              #
################################################################################
Current commit hash:          99c62314d27845b3825829ec1e3e97256490627d
Assertion level:              always+light
Statistics:                   disabled
Built on:                     liskov
Data type sizes:
  Nodes IDs: 4 bytes | Node weights: 4 bytes
  Edges IDs: 4 bytes | Edge weights: 4 bytes
############################################################## Input Summary ###
Execution mode:               64
Seed:                         1
Graph:                        vas_stokes_4M [node ordering: deg-buckets] [edge ordering: natural]
  Number of nodes:              4382246 (unweighted)
  Number of edges:            195417042 (unweighted)
Number of blocks:             16
Maximum block weight:         282107 (273891 + 3% / 3%)
---------------------------------------------------------- Graph Compression ---
Enabled:                      no
-------------------------------------------------------- Partitioning Scheme ---
Partitioning mode:            deep
  Deep initial part. mode:    async-parallel
  Deep initial part. load:    1
Subgraph memory:              Lazy
----------------------------------------------------------------- Coarsening ---
Contraction limit:            2000
Coarsening algorithm:         clustering
  Cluster weight limit:       epsilon-block-weight x 1
  Shrink factor:              1.79769e+308
  Max mem-free level:         1
  Clustering algorithm:       lp
    Number of iterations:     5
    High degree threshold:    4294967295
    Max degree:               4294967295
    Tie breaking strategy:    uniform
    Implementation:           two-phase
      Relabel:                no
    2-hop clustering:         match-threadwise, if |Vcoarse| > 0.500000 * |V|
    Isolated nodes:           match-during-two-hop
  Forced hierarchy levels:    <none> (leeway: U=10.000000, L=1.100000)
Contraction algorithm:        unbuffered
  Implementation:             two-phase
------------------------------------------------------- Initial Partitioning ---
Adaptive algorithm selection: yes
----------------------------------------------------------------- Refinement ---
Refinement algorithms:        [greedy-balancer -> lp]
Label propagation:
  Number of iterations:       5
  Tie breaking strategy:      uniform
  Implementation:             single-phase
############################################################## Preprocessing ###
Removed 37340 isolated nodes
  Remaining nodes:             4344906
  Remaining total node weight: 4344906
############################################################### Partitioning ###
Input graph:
 Number of nodes: 4344906 | Number of edges: 195417042
 Maximum node weight: 1

Coarsening -> Level 1 [max cluster weight: 10550]:
 Total edge weight:   65647232
 Number of nodes:     40863 | Number of edges: 569278
 Maximum node weight: 9185

==> Coarsening terminated with less than 128000 nodes

Initial partitioning:
 Number of blocks: 16

Uncoarsening -> Level 0
 Number of nodes: 4344906 | Number of edges: 195417042
  Running refinement on 16 blocks
   1. Greedy Balancer
   2. Label Propagation
############################################################# Result Summary ###
RESULT cut=1816120 imbalance=0.0299973 feasible=1 k=16
TIME read_input_graph=13.002 partitioning=0.563 partitioning.rearrange_by_degree-buckets=0.052 partitioning.rearrange_by_degree-buckets.sort_nodes_by_integer_buckets=0.016 partitioning.rearrange_by_degree-buckets.rearrange_input_graph=0.028 partitioning.rearrange_by_degree-buckets.deallocation=0.003 partitioning.refinement=0.000 partitioning.refinement.allocation=0.000 partitioning.coarsening=0.331 partitioning.coarsening.level[0]=0.331 partitioning.coarsening.level[0].label_propagation=0.272 partitioning.coarsening.level[0].label_propagation.allocation=0.009 partitioning.coarsening.level[0].label_propagation.iteration[0]=0.091 partitioning.coarsening.level[0].label_propagation.iteration[0].first_phase=0.088 partitioning.coarsening.level[0].label_propagation.iteration[1]=0.054 partitioning.coarsening.level[0].label_propagation.iteration[1].first_phase=0.054 partitioning.coarsening.level[0].label_propagation.iteration[2]=0.039 partitioning.coarsening.level[0].label_propagation.iteration[2].first_phase=0.039 partitioning.coarsening.level[0].label_propagation.iteration[3]=0.036 partitioning.coarsening.level[0].label_propagation.iteration[3].first_phase=0.036 partitioning.coarsening.level[0].label_propagation.iteration[4]=0.033 partitioning.coarsening.level[0].label_propagation.iteration[4].first_phase=0.033 partitioning.coarsening.level[0].label_propagation.handle_isolated_nodes=0.000 partitioning.coarsening.level[0].label_propagation.handle_two-hop_nodes=0.000 partitioning.coarsening.level[0].label_propagation.free=0.005 partitioning.coarsening.level[0].contract_graph=0.059 partitioning.coarsening.level[0].contract_graph.allocation=0.000 partitioning.coarsening.level[0].contract_graph.preprocessing=0.012 partitioning.coarsening.level[0].contract_graph.deallocation=0.000 partitioning.coarsening.level[0].contract_graph.construct_coarse_graph=0.046 partitioning.coarsening.level[0].contract_graph.construct_coarse_graph.aggregate_coarse_edges=0.044 partitioning.coarsening.level[0].contract_graph.construct_coarse_graph.aggregate_coarse_edges.first_phase=0.034 partitioning.coarsening.level[0].contract_graph.construct_coarse_graph.aggregate_coarse_edges.second_phase=0.000 partitioning.coarsening.level[0].contract_graph.construct_coarse_graph.remap_coarse_edges_and_mapping=0.001 partitioning.coarsening.deallocation=0.000 partitioning.initial_partitioning_scheme=0.076 partitioning.uncoarsening=0.092 partitioning.uncoarsening.level[0]=0.092 partitioning.uncoarsening.level[0].allocation=0.011 partitioning.uncoarsening.level[0].project_partition=0.000 partitioning.uncoarsening.level[0].create_graph=0.000 partitioning.uncoarsening.level[0].refinement=0.079 partitioning.uncoarsening.level[0].refinement.greedy_balancer=0.019 partitioning.uncoarsening.level[0].refinement.greedy_balancer.allocation=0.006 partitioning.uncoarsening.level[0].refinement.greedy_balancer.initialize_balancer_pq=0.007 partitioning.uncoarsening.level[0].refinement.greedy_balancer.initialize_balancer_pq.thread-local=0.004 partitioning.uncoarsening.level[0].refinement.greedy_balancer.initialize_balancer_pq.merge_thread-local_pqs=0.003 partitioning.uncoarsening.level[0].refinement.greedy_balancer.main_loop=0.004 partitioning.uncoarsening.level[0].refinement.label_propagation=0.060 partitioning.uncoarsening.level[0].refinement.label_propagation.allocation=0.005 partitioning.uncoarsening.level[0].refinement.label_propagation.iteration[0]=0.032 partitioning.uncoarsening.level[0].refinement.label_propagation.iteration[1]=0.007 partitioning.uncoarsening.level[0].refinement.label_propagation.iteration[2]=0.005 partitioning.uncoarsening.level[0].refinement.label_propagation.iteration[3]=0.004 partitioning.uncoarsening.level[0].refinement.label_propagation.iteration[4]=0.003 partitioning.deallocation=0.001 partitioning.re-integrate_isolated_nodes=0.008 io=0.000 
MEMORY disabled

Global Timer: ................................... 13.571 s    
|- Read input graph: ............................ 13.002 s    
|- Partitioning: ................................ 0.563 s     
|  |- Rearrange by degree-buckets: .............. 0.052 s     
|  |  |- Sort nodes by integer buckets: ......... 0.016 s     
|  |  |- Rearrange input graph: ................. 0.028 s     
|  |  `- Deallocation: .......................... 0.003 s     
|  |- Refinement: ............................... 0.000 s     
|  |  `- Allocation: ............................ 0.000 s     
|  |- Coarsening: ............................... 0.331 s     
|  |  |- Level (0): ............................. 0.331 s     
|  |  |  |- Label Propagation: .................. 0.272 s     
|  |  |  |  |- Allocation: ...................... 0.009 s     
|  |  |  |  |- Iteration (0): ................... 0.091 s     
|  |  |  |  |  `- First phase: .................. 0.088 s     
|  |  |  |  |- Iteration (1): ................... 0.054 s     
|  |  |  |  |  `- First phase: .................. 0.054 s     
|  |  |  |  |- Iteration (2): ................... 0.039 s     
|  |  |  |  |  `- First phase: .................. 0.039 s     
|  |  |  |  |- Iteration (3): ................... 0.036 s     
|  |  |  |  |  `- First phase: .................. 0.036 s     
|  |  |  |  |- Iteration (4): ................... 0.033 s     
|  |  |  |  |  `- First phase: .................. 0.033 s     
|  |  |  |  |- Handle isolated nodes: ........... 0.000 s     
|  |  |  |  |- Handle two-hop nodes: ............ 0.000 s     
|  |  |  |  `- Free: ............................ 0.005 s     
|  |  |  `- Contract graph: ..................... 0.059 s     
|  |  |     |- Allocation: ...................... 0.000 s  (3)
|  |  |     |- Preprocessing: ................... 0.012 s  (3)
|  |  |     |- Deallocation: .................... 0.000 s     
|  |  |     `- Construct coarse graph: .......... 0.046 s     
|  |  |        |- Aggregate coarse edges: ....... 0.044 s     
|  |  |        |  |- First phase: ............... 0.034 s     
|  |  |        |  `- Second phase: .............. 0.000 s     
|  |  |        `- Remap coarse edges and mapping: 0.001 s     
|  |  `- Deallocation: .......................... 0.000 s     
|  |- Initial partitioning scheme: .............. 0.076 s     
|  |- Uncoarsening: ............................. 0.092 s     
|  |  `- Level (0): ............................. 0.092 s     
|  |     |- Allocation: ......................... 0.011 s     
|  |     |- Project partition: .................. 0.000 s     
|  |     |- Create graph: ....................... 0.000 s     
|  |     `- Refinement: ......................... 0.079 s     
|  |        |- Greedy Balancer: ................. 0.019 s     
|  |        |  |- Allocation: ................... 0.006 s     
|  |        |  |- Initialize balancer PQ: ....... 0.007 s     
|  |        |  |  |- Thread-local: .............. 0.004 s     
|  |        |  |  `- Merge thread-local PQs: .... 0.003 s     
|  |        |  `- Main loop: .................... 0.004 s     
|  |        `- Label Propagation: ............... 0.060 s     
|  |           |- Allocation: ................... 0.005 s     
|  |           |- Iteration (0): ................ 0.032 s     
|  |           |- Iteration (1): ................ 0.007 s     
|  |           |- Iteration (2): ................ 0.005 s     
|  |           |- Iteration (3): ................ 0.004 s     
|  |           `- Iteration (4): ................ 0.003 s     
|  |- Deallocation: ............................. 0.001 s     
|  `- Re-integrate isolated nodes: .............. 0.008 s     
`- IO: .......................................... 0.000 s     

Partition summary:
  Number of blocks: 16
  Edge cut:         1816120
  Imbalance:        0.0299973
  Feasible:         yes

Block weights:
  w(0 ) = 282107    w(1 ) = 282107    w(2 ) = 282107    w(3 ) = 282107  
  w(4 ) = 280487    w(5 ) = 240919    w(6 ) = 262534    w(7 ) = 281393  
  w(8 ) = 280539    w(9 ) = 278216    w(10) = 279770    w(11) = 268485  
  w(12) = 279195    w(13) = 267325    w(14) = 254382    w(15) = 280573  

Maximum resident set size: 2292496 KiB
