################################################################################
#                _  __       __  __  _         ____                            #
#               | |/ / __ _ |  \/  |(_) _ __  |  _ \  __ _  _ __               #
#               | ' / / _` || |\/| || || '_ \ | |_) |/ _` || '__|              #
#               | . \| (_| || |  | || || | | ||  __/| (_| || |                 #
#               |_|\_\\__,_||_|  |_||_||_| |_||_|    \__,_||_|                 #
#                                                                              #
################################################################################
Current commit hash:          99c62314d27845b3825829ec1e3e97256490627d
Assertion level:              always+light
Statistics:                   disabled
Built on:                     liskov
Data type sizes:
  Nodes IDs: 4 bytes | Node weights: 4 bytes
  Edges IDs: 4 bytes | Edge weights: 4 bytes
############################################################## Input Summary ###
Execution mode:               64
Seed:                         1
Graph:                        vas_stokes_2M [node ordering: deg-buckets] [edge ordering: natural]
  Number of nodes:             2146677 (unweighted)
  Number of edges:            96703558 (unweighted)
Number of blocks:             16
Maximum block weight:         138193 (134168 + 3% / 3%)
---------------------------------------------------------- Graph Compression ---
Enabled:                      no
-------------------------------------------------------- Partitioning Scheme ---
Partitioning mode:            deep
  Deep initial part. mode:    async-parallel
  Deep initial part. load:    1
Subgraph memory:              Lazy
----------------------------------------------------------------- Coarsening ---
Contraction limit:            2000
Coarsening algorithm:         clustering
  Cluster weight limit:       epsilon-block-weight x 1
  Shrink factor:              1.79769e+308
  Max mem-free level:         1
  Clustering algorithm:       lp
    Number of iterations:     5
    High degree threshold:    4294967295
    Max degree:               4294967295
    Tie breaking strategy:    uniform
    Implementation:           two-phase
      Relabel:                no
    2-hop clustering:         match-threadwise, if |Vcoarse| > 0.500000 * |V|
    Isolated nodes:           match-during-two-hop
  Forced hierarchy levels:    <none> (leeway: U=10.000000, L=1.100000)
Contraction algorithm:        unbuffered
  Implementation:             two-phase
------------------------------------------------------- Initial Partitioning ---
Adaptive algorithm selection: yes
----------------------------------------------------------------- Refinement ---
Refinement algorithms:        [greedy-balancer -> lp]
Label propagation:
  Number of iterations:       5
  Tie breaking strategy:      uniform
  Implementation:             single-phase
############################################################## Preprocessing ###
Removed 0 isolated nodes
  Remaining nodes:             2146677
  Remaining total node weight: 2146677
############################################################### Partitioning ###
Input graph:
 Number of nodes: 2146677 | Number of edges: 96703558
 Maximum node weight: 1

Coarsening -> Level 1 [max cluster weight: 4025]:
 Total edge weight:   32240406
 Number of nodes:     19884 | Number of edges: 278744
 Maximum node weight: 4025

==> Coarsening terminated with less than 128000 nodes

Initial partitioning:
 Number of blocks: 16

Uncoarsening -> Level 0
 Number of nodes: 2146677 | Number of edges: 96703558
  Running refinement on 16 blocks
   1. Greedy Balancer
   2. Label Propagation
############################################################# Result Summary ###
RESULT cut=1427299 imbalance=0.0295227 feasible=1 k=16
TIME read_input_graph=6.290 partitioning=0.433 partitioning.rearrange_by_degree-buckets=0.043 partitioning.rearrange_by_degree-buckets.sort_nodes_by_integer_buckets=0.017 partitioning.rearrange_by_degree-buckets.rearrange_input_graph=0.021 partitioning.rearrange_by_degree-buckets.deallocation=0.002 partitioning.refinement=0.000 partitioning.refinement.allocation=0.000 partitioning.coarsening=0.196 partitioning.coarsening.level[0]=0.196 partitioning.coarsening.level[0].label_propagation=0.149 partitioning.coarsening.level[0].label_propagation.allocation=0.011 partitioning.coarsening.level[0].label_propagation.iteration[0]=0.046 partitioning.coarsening.level[0].label_propagation.iteration[0].first_phase=0.043 partitioning.coarsening.level[0].label_propagation.iteration[1]=0.026 partitioning.coarsening.level[0].label_propagation.iteration[1].first_phase=0.026 partitioning.coarsening.level[0].label_propagation.iteration[2]=0.021 partitioning.coarsening.level[0].label_propagation.iteration[2].first_phase=0.021 partitioning.coarsening.level[0].label_propagation.iteration[3]=0.019 partitioning.coarsening.level[0].label_propagation.iteration[3].first_phase=0.018 partitioning.coarsening.level[0].label_propagation.iteration[4]=0.017 partitioning.coarsening.level[0].label_propagation.iteration[4].first_phase=0.016 partitioning.coarsening.level[0].label_propagation.handle_isolated_nodes=0.000 partitioning.coarsening.level[0].label_propagation.handle_two-hop_nodes=0.000 partitioning.coarsening.level[0].label_propagation.free=0.006 partitioning.coarsening.level[0].contract_graph=0.047 partitioning.coarsening.level[0].contract_graph.allocation=0.000 partitioning.coarsening.level[0].contract_graph.preprocessing=0.006 partitioning.coarsening.level[0].contract_graph.deallocation=0.000 partitioning.coarsening.level[0].contract_graph.construct_coarse_graph=0.040 partitioning.coarsening.level[0].contract_graph.construct_coarse_graph.aggregate_coarse_edges=0.038 partitioning.coarsening.level[0].contract_graph.construct_coarse_graph.aggregate_coarse_edges.first_phase=0.023 partitioning.coarsening.level[0].contract_graph.construct_coarse_graph.aggregate_coarse_edges.second_phase=0.000 partitioning.coarsening.level[0].contract_graph.construct_coarse_graph.remap_coarse_edges_and_mapping=0.001 partitioning.coarsening.deallocation=0.000 partitioning.initial_partitioning_scheme=0.118 partitioning.uncoarsening=0.063 partitioning.uncoarsening.level[0]=0.063 partitioning.uncoarsening.level[0].allocation=0.005 partitioning.uncoarsening.level[0].project_partition=0.000 partitioning.uncoarsening.level[0].create_graph=0.000 partitioning.uncoarsening.level[0].refinement=0.057 partitioning.uncoarsening.level[0].refinement.greedy_balancer=0.018 partitioning.uncoarsening.level[0].refinement.greedy_balancer.allocation=0.000 partitioning.uncoarsening.level[0].refinement.greedy_balancer.initialize_balancer_pq=0.013 partitioning.uncoarsening.level[0].refinement.greedy_balancer.initialize_balancer_pq.thread-local=0.004 partitioning.uncoarsening.level[0].refinement.greedy_balancer.initialize_balancer_pq.merge_thread-local_pqs=0.009 partitioning.uncoarsening.level[0].refinement.greedy_balancer.main_loop=0.003 partitioning.uncoarsening.level[0].refinement.label_propagation=0.039 partitioning.uncoarsening.level[0].refinement.label_propagation.allocation=0.000 partitioning.uncoarsening.level[0].refinement.label_propagation.iteration[0]=0.021 partitioning.uncoarsening.level[0].refinement.label_propagation.iteration[1]=0.006 partitioning.uncoarsening.level[0].refinement.label_propagation.iteration[2]=0.004 partitioning.uncoarsening.level[0].refinement.label_propagation.iteration[3]=0.003 partitioning.uncoarsening.level[0].refinement.label_propagation.iteration[4]=0.003 partitioning.deallocation=0.002 partitioning.re-integrate_isolated_nodes=0.007 io=0.000 
MEMORY disabled

Global Timer: ................................... 6.728 s    
|- Read input graph: ............................ 6.290 s    
|- Partitioning: ................................ 0.433 s    
|  |- Rearrange by degree-buckets: .............. 0.043 s    
|  |  |- Sort nodes by integer buckets: ......... 0.017 s    
|  |  |- Rearrange input graph: ................. 0.021 s    
|  |  `- Deallocation: .......................... 0.002 s    
|  |- Refinement: ............................... 0.000 s    
|  |  `- Allocation: ............................ 0.000 s    
|  |- Coarsening: ............................... 0.196 s    
|  |  |- Level (0): ............................. 0.196 s    
|  |  |  |- Label Propagation: .................. 0.149 s    
|  |  |  |  |- Allocation: ...................... 0.011 s    
|  |  |  |  |- Iteration (0): ................... 0.046 s    
|  |  |  |  |  `- First phase: .................. 0.043 s    
|  |  |  |  |- Iteration (1): ................... 0.026 s    
|  |  |  |  |  `- First phase: .................. 0.026 s    
|  |  |  |  |- Iteration (2): ................... 0.021 s    
|  |  |  |  |  `- First phase: .................. 0.021 s    
|  |  |  |  |- Iteration (3): ................... 0.019 s    
|  |  |  |  |  `- First phase: .................. 0.018 s    
|  |  |  |  |- Iteration (4): ................... 0.017 s    
|  |  |  |  |  `- First phase: .................. 0.016 s    
|  |  |  |  |- Handle isolated nodes: ........... 0.000 s    
|  |  |  |  |- Handle two-hop nodes: ............ 0.000 s    
|  |  |  |  `- Free: ............................ 0.006 s    
|  |  |  `- Contract graph: ..................... 0.047 s    
|  |  |     |- Allocation: ...................... 0.000 s (3)
|  |  |     |- Preprocessing: ................... 0.006 s (3)
|  |  |     |- Deallocation: .................... 0.000 s    
|  |  |     `- Construct coarse graph: .......... 0.040 s    
|  |  |        |- Aggregate coarse edges: ....... 0.038 s    
|  |  |        |  |- First phase: ............... 0.023 s    
|  |  |        |  `- Second phase: .............. 0.000 s    
|  |  |        `- Remap coarse edges and mapping: 0.001 s    
|  |  `- Deallocation: .......................... 0.000 s    
|  |- Initial partitioning scheme: .............. 0.118 s    
|  |- Uncoarsening: ............................. 0.063 s    
|  |  `- Level (0): ............................. 0.063 s    
|  |     |- Allocation: ......................... 0.005 s    
|  |     |- Project partition: .................. 0.000 s    
|  |     |- Create graph: ....................... 0.000 s    
|  |     `- Refinement: ......................... 0.057 s    
|  |        |- Greedy Balancer: ................. 0.018 s    
|  |        |  |- Allocation: ................... 0.000 s    
|  |        |  |- Initialize balancer PQ: ....... 0.013 s    
|  |        |  |  |- Thread-local: .............. 0.004 s    
|  |        |  |  `- Merge thread-local PQs: .... 0.009 s    
|  |        |  `- Main loop: .................... 0.003 s    
|  |        `- Label Propagation: ............... 0.039 s    
|  |           |- Allocation: ................... 0.000 s    
|  |           |- Iteration (0): ................ 0.021 s    
|  |           |- Iteration (1): ................ 0.006 s    
|  |           |- Iteration (2): ................ 0.004 s    
|  |           |- Iteration (3): ................ 0.003 s    
|  |           `- Iteration (4): ................ 0.003 s    
|  |- Deallocation: ............................. 0.002 s    
|  `- Re-integrate isolated nodes: .............. 0.007 s    
`- IO: .......................................... 0.000 s    

Partition summary:
  Number of blocks: 16
  Edge cut:         1427299
  Imbalance:        0.0295227
  Feasible:         yes

Block weights:
  w(0 ) = 131866    w(1 ) = 133094    w(2 ) = 137342    w(3 ) = 133026  
  w(4 ) = 137637    w(5 ) = 125544    w(6 ) = 137671    w(7 ) = 133078  
  w(8 ) = 136475    w(9 ) = 131979    w(10) = 137381    w(11) = 136884  
  w(12) = 130472    w(13) = 132459    w(14) = 133640    w(15) = 138129  

Maximum resident set size: 1119452 KiB
