################################################################################
#                _  __       __  __  _         ____                            #
#               | |/ / __ _ |  \/  |(_) _ __  |  _ \  __ _  _ __               #
#               | ' / / _` || |\/| || || '_ \ | |_) |/ _` || '__|              #
#               | . \| (_| || |  | || || | | ||  __/| (_| || |                 #
#               |_|\_\\__,_||_|  |_||_||_| |_||_|    \__,_||_|                 #
#                                                                              #
################################################################################
Current commit hash:          99c62314d27845b3825829ec1e3e97256490627d
Assertion level:              always+light
Statistics:                   disabled
Built on:                     liskov
Data type sizes:
  Nodes IDs: 4 bytes | Node weights: 4 bytes
  Edges IDs: 4 bytes | Edge weights: 4 bytes
############################################################## Input Summary ###
Execution mode:               64
Seed:                         1
Graph:                        webbase-2001 [node ordering: deg-buckets] [edge ordering: natural]
  Number of nodes:             118142155 (unweighted)
  Number of edges:            1709619522 (unweighted)
Number of blocks:             16
Maximum block weight:         7605401 (7383885 + 3% / 3%)
---------------------------------------------------------- Graph Compression ---
Enabled:                      no
-------------------------------------------------------- Partitioning Scheme ---
Partitioning mode:            deep
  Deep initial part. mode:    async-parallel
  Deep initial part. load:    1
Subgraph memory:              Lazy
----------------------------------------------------------------- Coarsening ---
Contraction limit:            2000
Coarsening algorithm:         clustering
  Cluster weight limit:       epsilon-block-weight x 1
  Shrink factor:              1.79769e+308
  Max mem-free level:         1
  Clustering algorithm:       lp
    Number of iterations:     5
    High degree threshold:    4294967295
    Max degree:               4294967295
    Tie breaking strategy:    uniform
    Implementation:           two-phase
      Relabel:                no
    2-hop clustering:         match-threadwise, if |Vcoarse| > 0.500000 * |V|
    Isolated nodes:           match-during-two-hop
  Forced hierarchy levels:    <none> (leeway: U=10.000000, L=1.100000)
Contraction algorithm:        unbuffered
  Implementation:             two-phase
------------------------------------------------------- Initial Partitioning ---
Adaptive algorithm selection: yes
----------------------------------------------------------------- Refinement ---
Refinement algorithms:        [greedy-balancer -> lp]
Label propagation:
  Number of iterations:       5
  Tie breaking strategy:      uniform
  Implementation:             single-phase
############################################################## Preprocessing ###
Removed 2587714 isolated nodes
  Remaining nodes:             115554441
  Remaining total node weight: 115554441
############################################################### Partitioning ###
Input graph:
 Number of nodes: 115554441 | Number of edges: 1709619522
 Maximum node weight: 1

Coarsening -> Level 1 [max cluster weight: 383248]:
 Total edge weight:   175239980
 Number of nodes:     5188504 | Number of edges: 35824374
 Maximum node weight: 58542

Coarsening -> Level 2 [max cluster weight: 383248]:
 Total edge weight:   45535828
 Number of nodes:     728003 | Number of edges: 10074262
 Maximum node weight: 383254

Coarsening -> Level 3 [max cluster weight: 383248]:
 Total edge weight:   33619570
 Number of nodes:     217993 | Number of edges: 2385660
 Maximum node weight: 383254

Coarsening -> Level 4 [max cluster weight: 383248]:
 Total edge weight:   32499256
 Number of nodes:     90368 | Number of edges: 388720
 Maximum node weight: 383254

==> Coarsening terminated with less than 128000 nodes

Initial partitioning:
 Number of blocks: 16

Uncoarsening -> Level 3
 Number of nodes: 217993 | Number of edges: 2385660
  Running refinement on 16 blocks
   1. Greedy Balancer
   2. Label Propagation

Uncoarsening -> Level 2
 Number of nodes: 728003 | Number of edges: 10074262
  Running refinement on 16 blocks
   1. Greedy Balancer
   2. Label Propagation

Uncoarsening -> Level 1
 Number of nodes: 5188504 | Number of edges: 35824374
  Running refinement on 16 blocks
   1. Greedy Balancer
   2. Label Propagation

Uncoarsening -> Level 0
 Number of nodes: 115554441 | Number of edges: 1709619522
  Running refinement on 16 blocks
   1. Greedy Balancer
   2. Label Propagation
############################################################# Result Summary ###
RESULT cut=9421389 imbalance=0.0299999 feasible=1 k=16
TIME read_input_graph=134.244 partitioning=3.665 partitioning.rearrange_by_degree-buckets=0.383 partitioning.rearrange_by_degree-buckets.sort_nodes_by_integer_buckets=0.045 partitioning.rearrange_by_degree-buckets.rearrange_input_graph=0.292 partitioning.rearrange_by_degree-buckets.deallocation=0.032 partitioning.refinement=0.000 partitioning.refinement.allocation=0.000 partitioning.coarsening=2.399 partitioning.coarsening.level[0]=1.990 partitioning.coarsening.level[0].label_propagation=1.607 partitioning.coarsening.level[0].label_propagation.allocation=0.022 partitioning.coarsening.level[0].label_propagation.iteration[0]=0.610 partitioning.coarsening.level[0].label_propagation.iteration[0].first_phase=0.575 partitioning.coarsening.level[0].label_propagation.iteration[0].second_phase=0.018 partitioning.coarsening.level[0].label_propagation.iteration[1]=0.418 partitioning.coarsening.level[0].label_propagation.iteration[1].first_phase=0.412 partitioning.coarsening.level[0].label_propagation.iteration[1].second_phase=0.006 partitioning.coarsening.level[0].label_propagation.iteration[2]=0.295 partitioning.coarsening.level[0].label_propagation.iteration[2].first_phase=0.290 partitioning.coarsening.level[0].label_propagation.iteration[2].second_phase=0.005 partitioning.coarsening.level[0].label_propagation.iteration[3]=0.140 partitioning.coarsening.level[0].label_propagation.iteration[3].first_phase=0.135 partitioning.coarsening.level[0].label_propagation.iteration[3].second_phase=0.004 partitioning.coarsening.level[0].label_propagation.iteration[4]=0.085 partitioning.coarsening.level[0].label_propagation.iteration[4].first_phase=0.080 partitioning.coarsening.level[0].label_propagation.iteration[4].second_phase=0.004 partitioning.coarsening.level[0].label_propagation.handle_isolated_nodes=0.000 partitioning.coarsening.level[0].label_propagation.handle_two-hop_nodes=0.000 partitioning.coarsening.level[0].label_propagation.free=0.014 partitioning.coarsening.level[0].contract_graph=0.379 partitioning.coarsening.level[0].contract_graph.allocation=0.003 partitioning.coarsening.level[0].contract_graph.preprocessing=0.104 partitioning.coarsening.level[0].contract_graph.deallocation=0.002 partitioning.coarsening.level[0].contract_graph.construct_coarse_graph=0.266 partitioning.coarsening.level[0].contract_graph.construct_coarse_graph.aggregate_coarse_edges=0.239 partitioning.coarsening.level[0].contract_graph.construct_coarse_graph.aggregate_coarse_edges.first_phase=0.206 partitioning.coarsening.level[0].contract_graph.construct_coarse_graph.aggregate_coarse_edges.second_phase=0.025 partitioning.coarsening.level[0].contract_graph.construct_coarse_graph.remap_coarse_edges_and_mapping=0.024 partitioning.coarsening.level[1]=0.255 partitioning.coarsening.level[1].label_propagation=0.171 partitioning.coarsening.level[1].label_propagation.allocation=0.012 partitioning.coarsening.level[1].label_propagation.iteration[0]=0.088 partitioning.coarsening.level[1].label_propagation.iteration[0].first_phase=0.074 partitioning.coarsening.level[1].label_propagation.iteration[0].second_phase=0.012 partitioning.coarsening.level[1].label_propagation.iteration[1]=0.029 partitioning.coarsening.level[1].label_propagation.iteration[1].first_phase=0.025 partitioning.coarsening.level[1].label_propagation.iteration[1].second_phase=0.003 partitioning.coarsening.level[1].label_propagation.iteration[2]=0.018 partitioning.coarsening.level[1].label_propagation.iteration[2].first_phase=0.014 partitioning.coarsening.level[1].label_propagation.iteration[2].second_phase=0.003 partitioning.coarsening.level[1].label_propagation.iteration[3]=0.012 partitioning.coarsening.level[1].label_propagation.iteration[3].first_phase=0.008 partitioning.coarsening.level[1].label_propagation.iteration[3].second_phase=0.003 partitioning.coarsening.level[1].label_propagation.iteration[4]=0.009 partitioning.coarsening.level[1].label_propagation.iteration[4].first_phase=0.005 partitioning.coarsening.level[1].label_propagation.iteration[4].second_phase=0.003 partitioning.coarsening.level[1].label_propagation.handle_isolated_nodes=0.000 partitioning.coarsening.level[1].label_propagation.handle_two-hop_nodes=0.000 partitioning.coarsening.level[1].contract_graph=0.084 partitioning.coarsening.level[1].contract_graph.allocation=0.001 partitioning.coarsening.level[1].contract_graph.preprocessing=0.017 partitioning.coarsening.level[1].contract_graph.deallocation=0.000 partitioning.coarsening.level[1].contract_graph.construct_coarse_graph=0.064 partitioning.coarsening.level[1].contract_graph.construct_coarse_graph.aggregate_coarse_edges=0.060 partitioning.coarsening.level[1].contract_graph.construct_coarse_graph.aggregate_coarse_edges.first_phase=0.037 partitioning.coarsening.level[1].contract_graph.construct_coarse_graph.aggregate_coarse_edges.second_phase=0.022 partitioning.coarsening.level[1].contract_graph.construct_coarse_graph.remap_coarse_edges_and_mapping=0.002 partitioning.coarsening.level[2]=0.104 partitioning.coarsening.level[2].label_propagation=0.083 partitioning.coarsening.level[2].label_propagation.iteration[0]=0.056 partitioning.coarsening.level[2].label_propagation.iteration[0].first_phase=0.048 partitioning.coarsening.level[2].label_propagation.iteration[0].second_phase=0.007 partitioning.coarsening.level[2].label_propagation.iteration[1]=0.012 partitioning.coarsening.level[2].label_propagation.iteration[1].first_phase=0.009 partitioning.coarsening.level[2].label_propagation.iteration[1].second_phase=0.002 partitioning.coarsening.level[2].label_propagation.iteration[2]=0.005 partitioning.coarsening.level[2].label_propagation.iteration[2].first_phase=0.004 partitioning.coarsening.level[2].label_propagation.iteration[2].second_phase=0.001 partitioning.coarsening.level[2].label_propagation.iteration[3]=0.005 partitioning.coarsening.level[2].label_propagation.iteration[3].first_phase=0.003 partitioning.coarsening.level[2].label_propagation.iteration[3].second_phase=0.001 partitioning.coarsening.level[2].label_propagation.iteration[4]=0.004 partitioning.coarsening.level[2].label_propagation.iteration[4].first_phase=0.002 partitioning.coarsening.level[2].label_propagation.iteration[4].second_phase=0.001 partitioning.coarsening.level[2].label_propagation.handle_isolated_nodes=0.000 partitioning.coarsening.level[2].label_propagation.handle_two-hop_nodes=0.000 partitioning.coarsening.level[2].contract_graph=0.019 partitioning.coarsening.level[2].contract_graph.allocation=0.000 partitioning.coarsening.level[2].contract_graph.preprocessing=0.002 partitioning.coarsening.level[2].contract_graph.deallocation=0.000 partitioning.coarsening.level[2].contract_graph.construct_coarse_graph=0.015 partitioning.coarsening.level[2].contract_graph.construct_coarse_graph.aggregate_coarse_edges=0.014 partitioning.coarsening.level[2].contract_graph.construct_coarse_graph.aggregate_coarse_edges.first_phase=0.014 partitioning.coarsening.level[2].contract_graph.construct_coarse_graph.aggregate_coarse_edges.second_phase=0.000 partitioning.coarsening.level[2].contract_graph.construct_coarse_graph.remap_coarse_edges_and_mapping=0.000 partitioning.coarsening.level[3]=0.049 partitioning.coarsening.level[3].label_propagation=0.039 partitioning.coarsening.level[3].label_propagation.iteration[0]=0.021 partitioning.coarsening.level[3].label_propagation.iteration[0].first_phase=0.020 partitioning.coarsening.level[3].label_propagation.iteration[0].second_phase=0.000 partitioning.coarsening.level[3].label_propagation.iteration[1]=0.007 partitioning.coarsening.level[3].label_propagation.iteration[1].first_phase=0.007 partitioning.coarsening.level[3].label_propagation.iteration[2]=0.005 partitioning.coarsening.level[3].label_propagation.iteration[2].first_phase=0.005 partitioning.coarsening.level[3].label_propagation.iteration[3]=0.003 partitioning.coarsening.level[3].label_propagation.iteration[3].first_phase=0.003 partitioning.coarsening.level[3].label_propagation.iteration[4]=0.002 partitioning.coarsening.level[3].label_propagation.iteration[4].first_phase=0.002 partitioning.coarsening.level[3].label_propagation.handle_isolated_nodes=0.000 partitioning.coarsening.level[3].label_propagation.handle_two-hop_nodes=0.000 partitioning.coarsening.level[3].contract_graph=0.010 partitioning.coarsening.level[3].contract_graph.allocation=0.000 partitioning.coarsening.level[3].contract_graph.preprocessing=0.000 partitioning.coarsening.level[3].contract_graph.deallocation=0.000 partitioning.coarsening.level[3].contract_graph.construct_coarse_graph=0.009 partitioning.coarsening.level[3].contract_graph.construct_coarse_graph.aggregate_coarse_edges=0.008 partitioning.coarsening.level[3].contract_graph.construct_coarse_graph.aggregate_coarse_edges.first_phase=0.008 partitioning.coarsening.level[3].contract_graph.construct_coarse_graph.aggregate_coarse_edges.second_phase=0.000 partitioning.coarsening.level[3].contract_graph.construct_coarse_graph.remap_coarse_edges_and_mapping=0.000 partitioning.coarsening.deallocation=0.000 partitioning.initial_partitioning_scheme=0.177 partitioning.uncoarsening=0.650 partitioning.uncoarsening.level[3]=0.018 partitioning.uncoarsening.level[3].allocation=0.000 partitioning.uncoarsening.level[3].project_partition=0.000 partitioning.uncoarsening.level[3].create_graph=0.000 partitioning.uncoarsening.level[3].refinement=0.017 partitioning.uncoarsening.level[3].refinement.greedy_balancer=0.000 partitioning.uncoarsening.level[3].refinement.label_propagation=0.017 partitioning.uncoarsening.level[3].refinement.label_propagation.allocation=0.008 partitioning.uncoarsening.level[3].refinement.label_propagation.iteration[0]=0.005 partitioning.uncoarsening.level[3].refinement.label_propagation.iteration[1]=0.001 partitioning.uncoarsening.level[3].refinement.label_propagation.iteration[2]=0.000 partitioning.uncoarsening.level[3].refinement.label_propagation.iteration[3]=0.000 partitioning.uncoarsening.level[3].refinement.label_propagation.iteration[4]=0.000 partitioning.uncoarsening.level[2]=0.020 partitioning.uncoarsening.level[2].allocation=0.000 partitioning.uncoarsening.level[2].project_partition=0.000 partitioning.uncoarsening.level[2].create_graph=0.000 partitioning.uncoarsening.level[2].refinement=0.019 partitioning.uncoarsening.level[2].refinement.greedy_balancer=0.000 partitioning.uncoarsening.level[2].refinement.label_propagation=0.019 partitioning.uncoarsening.level[2].refinement.label_propagation.iteration[0]=0.010 partitioning.uncoarsening.level[2].refinement.label_propagation.iteration[1]=0.003 partitioning.uncoarsening.level[2].refinement.label_propagation.iteration[2]=0.002 partitioning.uncoarsening.level[2].refinement.label_propagation.iteration[3]=0.001 partitioning.uncoarsening.level[2].refinement.label_propagation.iteration[4]=0.001 partitioning.uncoarsening.level[1]=0.055 partitioning.uncoarsening.level[1].allocation=0.002 partitioning.uncoarsening.level[1].project_partition=0.000 partitioning.uncoarsening.level[1].create_graph=0.000 partitioning.uncoarsening.level[1].refinement=0.050 partitioning.uncoarsening.level[1].refinement.greedy_balancer=0.000 partitioning.uncoarsening.level[1].refinement.label_propagation=0.050 partitioning.uncoarsening.level[1].refinement.label_propagation.iteration[0]=0.030 partitioning.uncoarsening.level[1].refinement.label_propagation.iteration[1]=0.009 partitioning.uncoarsening.level[1].refinement.label_propagation.iteration[2]=0.004 partitioning.uncoarsening.level[1].refinement.label_propagation.iteration[3]=0.002 partitioning.uncoarsening.level[1].refinement.label_propagation.iteration[4]=0.002 partitioning.uncoarsening.level[0]=0.555 partitioning.uncoarsening.level[0].allocation=0.007 partitioning.uncoarsening.level[0].project_partition=0.007 partitioning.uncoarsening.level[0].create_graph=0.007 partitioning.uncoarsening.level[0].refinement=0.527 partitioning.uncoarsening.level[0].refinement.greedy_balancer=0.000 partitioning.uncoarsening.level[0].refinement.label_propagation=0.527 partitioning.uncoarsening.level[0].refinement.label_propagation.iteration[0]=0.406 partitioning.uncoarsening.level[0].refinement.label_propagation.iteration[1]=0.048 partitioning.uncoarsening.level[0].refinement.label_propagation.iteration[2]=0.029 partitioning.uncoarsening.level[0].refinement.label_propagation.iteration[3]=0.019 partitioning.uncoarsening.level[0].refinement.label_propagation.iteration[4]=0.018 partitioning.deallocation=0.005 partitioning.re-integrate_isolated_nodes=0.043 io=0.009 
MEMORY disabled

Global Timer: ................................... 137.990 s    
|- Read input graph: ............................ 134.244 s    
|- Partitioning: ................................ 3.665 s      
|  |- Rearrange by degree-buckets: .............. 0.383 s      
|  |  |- Sort nodes by integer buckets: ......... 0.045 s      
|  |  |- Rearrange input graph: ................. 0.292 s      
|  |  `- Deallocation: .......................... 0.032 s      
|  |- Refinement: ............................... 0.000 s      
|  |  `- Allocation: ............................ 0.000 s      
|  |- Coarsening: ............................... 2.399 s      
|  |  |- Level (0): ............................. 1.990 s      
|  |  |  |- Label Propagation: .................. 1.607 s      
|  |  |  |  |- Allocation: ...................... 0.022 s      
|  |  |  |  |- Iteration (0): ................... 0.610 s      
|  |  |  |  |  |- First phase: .................. 0.575 s      
|  |  |  |  |  `- Second phase: ................. 0.018 s      
|  |  |  |  |- Iteration (1): ................... 0.418 s      
|  |  |  |  |  |- First phase: .................. 0.412 s      
|  |  |  |  |  `- Second phase: ................. 0.006 s      
|  |  |  |  |- Iteration (2): ................... 0.295 s      
|  |  |  |  |  |- First phase: .................. 0.290 s      
|  |  |  |  |  `- Second phase: ................. 0.005 s      
|  |  |  |  |- Iteration (3): ................... 0.140 s      
|  |  |  |  |  |- First phase: .................. 0.135 s      
|  |  |  |  |  `- Second phase: ................. 0.004 s      
|  |  |  |  |- Iteration (4): ................... 0.085 s      
|  |  |  |  |  |- First phase: .................. 0.080 s      
|  |  |  |  |  `- Second phase: ................. 0.004 s      
|  |  |  |  |- Handle isolated nodes: ........... 0.000 s      
|  |  |  |  |- Handle two-hop nodes: ............ 0.000 s      
|  |  |  |  `- Free: ............................ 0.014 s      
|  |  |  `- Contract graph: ..................... 0.379 s      
|  |  |     |- Allocation: ...................... 0.003 s   (3)
|  |  |     |- Preprocessing: ................... 0.104 s   (3)
|  |  |     |- Deallocation: .................... 0.002 s      
|  |  |     `- Construct coarse graph: .......... 0.266 s      
|  |  |        |- Aggregate coarse edges: ....... 0.239 s      
|  |  |        |  |- First phase: ............... 0.206 s      
|  |  |        |  `- Second phase: .............. 0.025 s      
|  |  |        `- Remap coarse edges and mapping: 0.024 s      
|  |  |- Level (1): ............................. 0.255 s      
|  |  |  |- Label Propagation: .................. 0.171 s      
|  |  |  |  |- Allocation: ...................... 0.012 s      
|  |  |  |  |- Iteration (0): ................... 0.088 s      
|  |  |  |  |  |- First phase: .................. 0.074 s      
|  |  |  |  |  `- Second phase: ................. 0.012 s      
|  |  |  |  |- Iteration (1): ................... 0.029 s      
|  |  |  |  |  |- First phase: .................. 0.025 s      
|  |  |  |  |  `- Second phase: ................. 0.003 s      
|  |  |  |  |- Iteration (2): ................... 0.018 s      
|  |  |  |  |  |- First phase: .................. 0.014 s      
|  |  |  |  |  `- Second phase: ................. 0.003 s      
|  |  |  |  |- Iteration (3): ................... 0.012 s      
|  |  |  |  |  |- First phase: .................. 0.008 s      
|  |  |  |  |  `- Second phase: ................. 0.003 s      
|  |  |  |  |- Iteration (4): ................... 0.009 s      
|  |  |  |  |  |- First phase: .................. 0.005 s      
|  |  |  |  |  `- Second phase: ................. 0.003 s      
|  |  |  |  |- Handle isolated nodes: ........... 0.000 s      
|  |  |  |  `- Handle two-hop nodes: ............ 0.000 s      
|  |  |  `- Contract graph: ..................... 0.084 s      
|  |  |     |- Allocation: ...................... 0.001 s   (3)
|  |  |     |- Preprocessing: ................... 0.017 s   (3)
|  |  |     |- Deallocation: .................... 0.000 s      
|  |  |     `- Construct coarse graph: .......... 0.064 s      
|  |  |        |- Aggregate coarse edges: ....... 0.060 s      
|  |  |        |  |- First phase: ............... 0.037 s      
|  |  |        |  `- Second phase: .............. 0.022 s      
|  |  |        `- Remap coarse edges and mapping: 0.002 s      
|  |  |- Level (2): ............................. 0.104 s      
|  |  |  |- Label Propagation: .................. 0.083 s      
|  |  |  |  |- Iteration (0): ................... 0.056 s      
|  |  |  |  |  |- First phase: .................. 0.048 s      
|  |  |  |  |  `- Second phase: ................. 0.007 s      
|  |  |  |  |- Iteration (1): ................... 0.012 s      
|  |  |  |  |  |- First phase: .................. 0.009 s      
|  |  |  |  |  `- Second phase: ................. 0.002 s      
|  |  |  |  |- Iteration (2): ................... 0.005 s      
|  |  |  |  |  |- First phase: .................. 0.004 s      
|  |  |  |  |  `- Second phase: ................. 0.001 s      
|  |  |  |  |- Iteration (3): ................... 0.005 s      
|  |  |  |  |  |- First phase: .................. 0.003 s      
|  |  |  |  |  `- Second phase: ................. 0.001 s      
|  |  |  |  |- Iteration (4): ................... 0.004 s      
|  |  |  |  |  |- First phase: .................. 0.002 s      
|  |  |  |  |  `- Second phase: ................. 0.001 s      
|  |  |  |  |- Handle isolated nodes: ........... 0.000 s      
|  |  |  |  `- Handle two-hop nodes: ............ 0.000 s      
|  |  |  `- Contract graph: ..................... 0.019 s      
|  |  |     |- Allocation: ...................... 0.000 s   (3)
|  |  |     |- Preprocessing: ................... 0.002 s   (3)
|  |  |     |- Deallocation: .................... 0.000 s      
|  |  |     `- Construct coarse graph: .......... 0.015 s      
|  |  |        |- Aggregate coarse edges: ....... 0.014 s      
|  |  |        |  |- First phase: ............... 0.014 s      
|  |  |        |  `- Second phase: .............. 0.000 s      
|  |  |        `- Remap coarse edges and mapping: 0.000 s      
|  |  |- Level (3): ............................. 0.049 s      
|  |  |  |- Label Propagation: .................. 0.039 s      
|  |  |  |  |- Iteration (0): ................... 0.021 s      
|  |  |  |  |  |- First phase: .................. 0.020 s      
|  |  |  |  |  `- Second phase: ................. 0.000 s      
|  |  |  |  |- Iteration (1): ................... 0.007 s      
|  |  |  |  |  `- First phase: .................. 0.007 s      
|  |  |  |  |- Iteration (2): ................... 0.005 s      
|  |  |  |  |  `- First phase: .................. 0.005 s      
|  |  |  |  |- Iteration (3): ................... 0.003 s      
|  |  |  |  |  `- First phase: .................. 0.003 s      
|  |  |  |  |- Iteration (4): ................... 0.002 s      
|  |  |  |  |  `- First phase: .................. 0.002 s      
|  |  |  |  |- Handle isolated nodes: ........... 0.000 s      
|  |  |  |  `- Handle two-hop nodes: ............ 0.000 s      
|  |  |  `- Contract graph: ..................... 0.010 s      
|  |  |     |- Allocation: ...................... 0.000 s   (3)
|  |  |     |- Preprocessing: ................... 0.000 s   (3)
|  |  |     |- Deallocation: .................... 0.000 s      
|  |  |     `- Construct coarse graph: .......... 0.009 s      
|  |  |        |- Aggregate coarse edges: ....... 0.008 s      
|  |  |        |  |- First phase: ............... 0.008 s      
|  |  |        |  `- Second phase: .............. 0.000 s      
|  |  |        `- Remap coarse edges and mapping: 0.000 s      
|  |  `- Deallocation: .......................... 0.000 s      
|  |- Initial partitioning scheme: .............. 0.177 s      
|  |- Uncoarsening: ............................. 0.650 s      
|  |  |- Level (3): ............................. 0.018 s      
|  |  |  |- Allocation: ......................... 0.000 s      
|  |  |  |- Project partition: .................. 0.000 s      
|  |  |  |- Create graph: ....................... 0.000 s      
|  |  |  `- Refinement: ......................... 0.017 s      
|  |  |     |- Greedy Balancer: ................. 0.000 s      
|  |  |     `- Label Propagation: ............... 0.017 s      
|  |  |        |- Allocation: ................... 0.008 s      
|  |  |        |- Iteration (0): ................ 0.005 s      
|  |  |        |- Iteration (1): ................ 0.001 s      
|  |  |        |- Iteration (2): ................ 0.000 s      
|  |  |        |- Iteration (3): ................ 0.000 s      
|  |  |        `- Iteration (4): ................ 0.000 s      
|  |  |- Level (2): ............................. 0.020 s      
|  |  |  |- Allocation: ......................... 0.000 s      
|  |  |  |- Project partition: .................. 0.000 s      
|  |  |  |- Create graph: ....................... 0.000 s      
|  |  |  `- Refinement: ......................... 0.019 s      
|  |  |     |- Greedy Balancer: ................. 0.000 s      
|  |  |     `- Label Propagation: ............... 0.019 s      
|  |  |        |- Iteration (0): ................ 0.010 s      
|  |  |        |- Iteration (1): ................ 0.003 s      
|  |  |        |- Iteration (2): ................ 0.002 s      
|  |  |        |- Iteration (3): ................ 0.001 s      
|  |  |        `- Iteration (4): ................ 0.001 s      
|  |  |- Level (1): ............................. 0.055 s      
|  |  |  |- Allocation: ......................... 0.002 s      
|  |  |  |- Project partition: .................. 0.000 s      
|  |  |  |- Create graph: ....................... 0.000 s      
|  |  |  `- Refinement: ......................... 0.050 s      
|  |  |     |- Greedy Balancer: ................. 0.000 s      
|  |  |     `- Label Propagation: ............... 0.050 s      
|  |  |        |- Iteration (0): ................ 0.030 s      
|  |  |        |- Iteration (1): ................ 0.009 s      
|  |  |        |- Iteration (2): ................ 0.004 s      
|  |  |        |- Iteration (3): ................ 0.002 s      
|  |  |        `- Iteration (4): ................ 0.002 s      
|  |  `- Level (0): ............................. 0.555 s      
|  |     |- Allocation: ......................... 0.007 s      
|  |     |- Project partition: .................. 0.007 s      
|  |     |- Create graph: ....................... 0.007 s      
|  |     `- Refinement: ......................... 0.527 s      
|  |        |- Greedy Balancer: ................. 0.000 s      
|  |        `- Label Propagation: ............... 0.527 s      
|  |           |- Iteration (0): ................ 0.406 s      
|  |           |- Iteration (1): ................ 0.048 s      
|  |           |- Iteration (2): ................ 0.029 s      
|  |           |- Iteration (3): ................ 0.019 s      
|  |           `- Iteration (4): ................ 0.018 s      
|  |- Deallocation: ............................. 0.005 s      
|  `- Re-integrate isolated nodes: .............. 0.043 s      
`- IO: .......................................... 0.009 s      

Partition summary:
  Number of blocks: 16
  Edge cut:         9421389
  Imbalance:        0.0299999
  Feasible:         yes

Block weights:
  w(0 ) = 7605401     w(1 ) = 7605401     w(2 ) = 7605401     w(3 ) = 7605401   
  w(4 ) = 7605401     w(5 ) = 7605401     w(6 ) = 7605401     w(7 ) = 7605401   
  w(8 ) = 7605401     w(9 ) = 7246710     w(10) = 7588293     w(11) = 7534354   
  w(12) = 7582933     w(13) = 7583421     w(14) = 4575850     w(15) = 7581985   

Maximum resident set size: 22459100 KiB
