################################################################################
#                _  __       __  __  _         ____                            #
#               | |/ / __ _ |  \/  |(_) _ __  |  _ \  __ _  _ __               #
#               | ' / / _` || |\/| || || '_ \ | |_) |/ _` || '__|              #
#               | . \| (_| || |  | || || | | ||  __/| (_| || |                 #
#               |_|\_\\__,_||_|  |_||_||_| |_||_|    \__,_||_|                 #
#                                                                              #
################################################################################
Current commit hash:          99c62314d27845b3825829ec1e3e97256490627d
Assertion level:              always+light
Statistics:                   disabled
Built on:                     liskov
Data type sizes:
  Nodes IDs: 4 bytes | Node weights: 4 bytes
  Edges IDs: 4 bytes | Edge weights: 4 bytes
############################################################## Input Summary ###
Execution mode:               64
Seed:                         1
Graph:                        arabic-2005 [node ordering: deg-buckets] [edge ordering: natural]
  Number of nodes:              22744080 (unweighted)
  Number of edges:            1107806146 (unweighted)
Number of blocks:             16
Maximum block weight:         1464150 (1421505 + 3% / 3%)
---------------------------------------------------------- Graph Compression ---
Enabled:                      no
-------------------------------------------------------- Partitioning Scheme ---
Partitioning mode:            deep
  Deep initial part. mode:    async-parallel
  Deep initial part. load:    1
Subgraph memory:              Lazy
----------------------------------------------------------------- Coarsening ---
Contraction limit:            2000
Coarsening algorithm:         clustering
  Cluster weight limit:       epsilon-block-weight x 1
  Shrink factor:              2.5
  Max mem-free level:         1
  Clustering algorithm:       lp
    Number of iterations:     5
    High degree threshold:    4294967295
    Max degree:               4294967295
    Tie breaking strategy:    uniform
    Implementation:           two-phase
      Relabel:                no
    2-hop clustering:         match-threadwise, if |Vcoarse| > 0.500000 * |V|
    Isolated nodes:           match-during-two-hop
  Forced hierarchy levels:    <none> (leeway: U=10.000000, L=1.100000)
Contraction algorithm:        unbuffered
  Implementation:             two-phase
------------------------------------------------------- Initial Partitioning ---
Adaptive algorithm selection: yes
----------------------------------------------------------------- Refinement ---
Refinement algorithms:        [greedy-balancer -> lp]
Label propagation:
  Number of iterations:       5
  Tie breaking strategy:      uniform
  Implementation:             single-phase
############################################################## Preprocessing ###
Removed 199 isolated nodes
  Remaining nodes:             22743881
  Remaining total node weight: 22743881
############################################################### Partitioning ###
Input graph:
 Number of nodes: 22743881 | Number of edges: 1107806146
 Maximum node weight: 1

Coarsening -> Level 1 [max cluster weight: 42657]:
 Total edge weight:   1063145040
 Number of nodes:     9017354 | Number of edges: 844464940
 Maximum node weight: 30383

Coarsening -> Level 2 [max cluster weight: 42657]:
 Total edge weight:   684648396
 Number of nodes:     3580546 | Number of edges: 152886622
 Maximum node weight: 42657

Coarsening -> Level 3 [max cluster weight: 42657]:
 Total edge weight:   348545472
 Number of nodes:     1407458 | Number of edges: 31877262
 Maximum node weight: 42657

Coarsening -> Level 4 [max cluster weight: 42657]:
 Total edge weight:   181776180
 Number of nodes:     547279 | Number of edges: 8320682
 Maximum node weight: 42657

Coarsening -> Level 5 [max cluster weight: 42657]:
 Total edge weight:   109285520
 Number of nodes:     206812 | Number of edges: 2471236
 Maximum node weight: 42657

Coarsening -> Level 6 [max cluster weight: 42657]:
 Total edge weight:   79390396
 Number of nodes:     75240 | Number of edges: 788268
 Maximum node weight: 42657

==> Coarsening terminated with less than 128000 nodes

Initial partitioning:
 Number of blocks: 16

Uncoarsening -> Level 5
 Number of nodes: 206812 | Number of edges: 2471236
  Running refinement on 16 blocks
   1. Greedy Balancer
   2. Label Propagation

Uncoarsening -> Level 4
 Number of nodes: 547279 | Number of edges: 8320682
  Running refinement on 16 blocks
   1. Greedy Balancer
   2. Label Propagation

Uncoarsening -> Level 3
 Number of nodes: 1407458 | Number of edges: 31877262
  Running refinement on 16 blocks
   1. Greedy Balancer
   2. Label Propagation

Uncoarsening -> Level 2
 Number of nodes: 3580546 | Number of edges: 152886622
  Running refinement on 16 blocks
   1. Greedy Balancer
   2. Label Propagation

Uncoarsening -> Level 1
 Number of nodes: 9017354 | Number of edges: 844464940
  Running refinement on 16 blocks
   1. Greedy Balancer
   2. Label Propagation

Uncoarsening -> Level 0
 Number of nodes: 22743881 | Number of edges: 1107806146
  Running refinement on 16 blocks
   1. Greedy Balancer
   2. Label Propagation
############################################################# Result Summary ###
RESULT cut=1866185 imbalance=0.0299035 feasible=1 k=16
TIME read_input_graph=10.519 partitioning=3.742 partitioning.rearrange_by_degree-buckets=0.190 partitioning.rearrange_by_degree-buckets.sort_nodes_by_integer_buckets=0.016 partitioning.rearrange_by_degree-buckets.rearrange_input_graph=0.148 partitioning.rearrange_by_degree-buckets.deallocation=0.019 partitioning.refinement=0.000 partitioning.refinement.allocation=0.000 partitioning.coarsening=2.906 partitioning.coarsening.level[0]=1.887 partitioning.coarsening.level[0].label_propagation=0.124 partitioning.coarsening.level[0].label_propagation.allocation=0.010 partitioning.coarsening.level[0].label_propagation.iteration[0]=0.098 partitioning.coarsening.level[0].label_propagation.iteration[0].first_phase=0.092 partitioning.coarsening.level[0].label_propagation.iteration[1]=0.000 partitioning.coarsening.level[0].label_propagation.iteration[1].first_phase=0.000 partitioning.coarsening.level[0].label_propagation.handle_isolated_nodes=0.000 partitioning.coarsening.level[0].label_propagation.handle_two-hop_nodes=0.000 partitioning.coarsening.level[0].label_propagation.free=0.007 partitioning.coarsening.level[0].contract_graph=1.762 partitioning.coarsening.level[0].contract_graph.allocation=0.002 partitioning.coarsening.level[0].contract_graph.preprocessing=0.038 partitioning.coarsening.level[0].contract_graph.deallocation=0.000 partitioning.coarsening.level[0].contract_graph.construct_coarse_graph=1.692 partitioning.coarsening.level[0].contract_graph.construct_coarse_graph.aggregate_coarse_edges=1.557 partitioning.coarsening.level[0].contract_graph.construct_coarse_graph.aggregate_coarse_edges.first_phase=1.372 partitioning.coarsening.level[0].contract_graph.construct_coarse_graph.aggregate_coarse_edges.second_phase=0.179 partitioning.coarsening.level[0].contract_graph.construct_coarse_graph.remap_coarse_edges_and_mapping=0.130 partitioning.coarsening.level[1]=0.773 partitioning.coarsening.level[1].label_propagation=0.251 partitioning.coarsening.level[1].label_propagation.allocation=0.011 partitioning.coarsening.level[1].label_propagation.iteration[0]=0.237 partitioning.coarsening.level[1].label_propagation.iteration[0].first_phase=0.149 partitioning.coarsening.level[1].label_propagation.iteration[0].second_phase=0.086 partitioning.coarsening.level[1].label_propagation.iteration[1]=0.000 partitioning.coarsening.level[1].label_propagation.iteration[1].first_phase=0.000 partitioning.coarsening.level[1].label_propagation.handle_isolated_nodes=0.000 partitioning.coarsening.level[1].label_propagation.handle_two-hop_nodes=0.000 partitioning.coarsening.level[1].contract_graph=0.522 partitioning.coarsening.level[1].contract_graph.allocation=0.002 partitioning.coarsening.level[1].contract_graph.preprocessing=0.023 partitioning.coarsening.level[1].contract_graph.deallocation=0.000 partitioning.coarsening.level[1].contract_graph.construct_coarse_graph=0.490 partitioning.coarsening.level[1].contract_graph.construct_coarse_graph.aggregate_coarse_edges=0.462 partitioning.coarsening.level[1].contract_graph.construct_coarse_graph.aggregate_coarse_edges.first_phase=0.394 partitioning.coarsening.level[1].contract_graph.construct_coarse_graph.aggregate_coarse_edges.second_phase=0.067 partitioning.coarsening.level[1].contract_graph.construct_coarse_graph.remap_coarse_edges_and_mapping=0.025 partitioning.coarsening.level[2]=0.154 partitioning.coarsening.level[2].label_propagation=0.053 partitioning.coarsening.level[2].label_propagation.iteration[0]=0.049 partitioning.coarsening.level[2].label_propagation.iteration[0].first_phase=0.041 partitioning.coarsening.level[2].label_propagation.iteration[0].second_phase=0.007 partitioning.coarsening.level[2].label_propagation.iteration[1]=0.000 partitioning.coarsening.level[2].label_propagation.iteration[1].first_phase=0.000 partitioning.coarsening.level[2].label_propagation.handle_isolated_nodes=0.000 partitioning.coarsening.level[2].label_propagation.handle_two-hop_nodes=0.000 partitioning.coarsening.level[2].contract_graph=0.100 partitioning.coarsening.level[2].contract_graph.allocation=0.000 partitioning.coarsening.level[2].contract_graph.preprocessing=0.009 partitioning.coarsening.level[2].contract_graph.deallocation=0.000 partitioning.coarsening.level[2].contract_graph.construct_coarse_graph=0.088 partitioning.coarsening.level[2].contract_graph.construct_coarse_graph.aggregate_coarse_edges=0.082 partitioning.coarsening.level[2].contract_graph.construct_coarse_graph.aggregate_coarse_edges.first_phase=0.069 partitioning.coarsening.level[2].contract_graph.construct_coarse_graph.aggregate_coarse_edges.second_phase=0.012 partitioning.coarsening.level[2].contract_graph.construct_coarse_graph.remap_coarse_edges_and_mapping=0.005 partitioning.coarsening.level[3]=0.058 partitioning.coarsening.level[3].label_propagation=0.018 partitioning.coarsening.level[3].label_propagation.iteration[0]=0.017 partitioning.coarsening.level[3].label_propagation.iteration[0].first_phase=0.014 partitioning.coarsening.level[3].label_propagation.iteration[0].second_phase=0.002 partitioning.coarsening.level[3].label_propagation.iteration[1]=0.000 partitioning.coarsening.level[3].label_propagation.iteration[1].first_phase=0.000 partitioning.coarsening.level[3].label_propagation.handle_isolated_nodes=0.000 partitioning.coarsening.level[3].label_propagation.handle_two-hop_nodes=0.000 partitioning.coarsening.level[3].contract_graph=0.039 partitioning.coarsening.level[3].contract_graph.allocation=0.000 partitioning.coarsening.level[3].contract_graph.preprocessing=0.006 partitioning.coarsening.level[3].contract_graph.deallocation=0.000 partitioning.coarsening.level[3].contract_graph.construct_coarse_graph=0.031 partitioning.coarsening.level[3].contract_graph.construct_coarse_graph.aggregate_coarse_edges=0.029 partitioning.coarsening.level[3].contract_graph.construct_coarse_graph.aggregate_coarse_edges.first_phase=0.024 partitioning.coarsening.level[3].contract_graph.construct_coarse_graph.aggregate_coarse_edges.second_phase=0.004 partitioning.coarsening.level[3].contract_graph.construct_coarse_graph.remap_coarse_edges_and_mapping=0.002 partitioning.coarsening.level[4]=0.022 partitioning.coarsening.level[4].label_propagation=0.006 partitioning.coarsening.level[4].label_propagation.iteration[0]=0.006 partitioning.coarsening.level[4].label_propagation.iteration[0].first_phase=0.005 partitioning.coarsening.level[4].label_propagation.iteration[0].second_phase=0.000 partitioning.coarsening.level[4].label_propagation.iteration[1]=0.000 partitioning.coarsening.level[4].label_propagation.iteration[1].first_phase=0.000 partitioning.coarsening.level[4].label_propagation.handle_isolated_nodes=0.000 partitioning.coarsening.level[4].label_propagation.handle_two-hop_nodes=0.000 partitioning.coarsening.level[4].contract_graph=0.015 partitioning.coarsening.level[4].contract_graph.allocation=0.000 partitioning.coarsening.level[4].contract_graph.preprocessing=0.002 partitioning.coarsening.level[4].contract_graph.deallocation=0.000 partitioning.coarsening.level[4].contract_graph.construct_coarse_graph=0.012 partitioning.coarsening.level[4].contract_graph.construct_coarse_graph.aggregate_coarse_edges=0.012 partitioning.coarsening.level[4].contract_graph.construct_coarse_graph.aggregate_coarse_edges.first_phase=0.011 partitioning.coarsening.level[4].contract_graph.construct_coarse_graph.aggregate_coarse_edges.second_phase=0.000 partitioning.coarsening.level[4].contract_graph.construct_coarse_graph.remap_coarse_edges_and_mapping=0.000 partitioning.coarsening.level[5]=0.009 partitioning.coarsening.level[5].label_propagation=0.003 partitioning.coarsening.level[5].label_propagation.iteration[0]=0.003 partitioning.coarsening.level[5].label_propagation.iteration[0].first_phase=0.003 partitioning.coarsening.level[5].label_propagation.iteration[1]=0.000 partitioning.coarsening.level[5].label_propagation.iteration[1].first_phase=0.000 partitioning.coarsening.level[5].label_propagation.handle_isolated_nodes=0.000 partitioning.coarsening.level[5].label_propagation.handle_two-hop_nodes=0.000 partitioning.coarsening.level[5].contract_graph=0.006 partitioning.coarsening.level[5].contract_graph.allocation=0.000 partitioning.coarsening.level[5].contract_graph.preprocessing=0.001 partitioning.coarsening.level[5].contract_graph.deallocation=0.000 partitioning.coarsening.level[5].contract_graph.construct_coarse_graph=0.004 partitioning.coarsening.level[5].contract_graph.construct_coarse_graph.aggregate_coarse_edges=0.004 partitioning.coarsening.level[5].contract_graph.construct_coarse_graph.aggregate_coarse_edges.first_phase=0.003 partitioning.coarsening.level[5].contract_graph.construct_coarse_graph.aggregate_coarse_edges.second_phase=0.000 partitioning.coarsening.level[5].contract_graph.construct_coarse_graph.remap_coarse_edges_and_mapping=0.000 partitioning.coarsening.deallocation=0.000 partitioning.initial_partitioning_scheme=0.102 partitioning.uncoarsening=0.526 partitioning.uncoarsening.level[5]=0.009 partitioning.uncoarsening.level[5].allocation=0.000 partitioning.uncoarsening.level[5].project_partition=0.000 partitioning.uncoarsening.level[5].create_graph=0.000 partitioning.uncoarsening.level[5].refinement=0.009 partitioning.uncoarsening.level[5].refinement.greedy_balancer=0.000 partitioning.uncoarsening.level[5].refinement.label_propagation=0.009 partitioning.uncoarsening.level[5].refinement.label_propagation.allocation=0.005 partitioning.uncoarsening.level[5].refinement.label_propagation.iteration[0]=0.002 partitioning.uncoarsening.level[5].refinement.label_propagation.iteration[1]=0.000 partitioning.uncoarsening.level[5].refinement.label_propagation.iteration[2]=0.000 partitioning.uncoarsening.level[5].refinement.label_propagation.iteration[3]=0.000 partitioning.uncoarsening.level[5].refinement.label_propagation.iteration[4]=0.000 partitioning.uncoarsening.level[4]=0.007 partitioning.uncoarsening.level[4].allocation=0.000 partitioning.uncoarsening.level[4].project_partition=0.000 partitioning.uncoarsening.level[4].create_graph=0.000 partitioning.uncoarsening.level[4].refinement=0.006 partitioning.uncoarsening.level[4].refinement.greedy_balancer=0.000 partitioning.uncoarsening.level[4].refinement.label_propagation=0.006 partitioning.uncoarsening.level[4].refinement.label_propagation.iteration[0]=0.004 partitioning.uncoarsening.level[4].refinement.label_propagation.iteration[1]=0.000 partitioning.uncoarsening.level[4].refinement.label_propagation.iteration[2]=0.000 partitioning.uncoarsening.level[4].refinement.label_propagation.iteration[3]=0.000 partitioning.uncoarsening.level[4].refinement.label_propagation.iteration[4]=0.000 partitioning.uncoarsening.level[3]=0.020 partitioning.uncoarsening.level[3].allocation=0.004 partitioning.uncoarsening.level[3].project_partition=0.000 partitioning.uncoarsening.level[3].create_graph=0.000 partitioning.uncoarsening.level[3].refinement=0.014 partitioning.uncoarsening.level[3].refinement.greedy_balancer=0.000 partitioning.uncoarsening.level[3].refinement.label_propagation=0.014 partitioning.uncoarsening.level[3].refinement.label_propagation.iteration[0]=0.009 partitioning.uncoarsening.level[3].refinement.label_propagation.iteration[1]=0.001 partitioning.uncoarsening.level[3].refinement.label_propagation.iteration[2]=0.001 partitioning.uncoarsening.level[3].refinement.label_propagation.iteration[3]=0.000 partitioning.uncoarsening.level[3].refinement.label_propagation.iteration[4]=0.000 partitioning.uncoarsening.level[2]=0.050 partitioning.uncoarsening.level[2].allocation=0.003 partitioning.uncoarsening.level[2].project_partition=0.000 partitioning.uncoarsening.level[2].create_graph=0.000 partitioning.uncoarsening.level[2].refinement=0.043 partitioning.uncoarsening.level[2].refinement.greedy_balancer=0.000 partitioning.uncoarsening.level[2].refinement.label_propagation=0.043 partitioning.uncoarsening.level[2].refinement.label_propagation.iteration[0]=0.031 partitioning.uncoarsening.level[2].refinement.label_propagation.iteration[1]=0.004 partitioning.uncoarsening.level[2].refinement.label_propagation.iteration[2]=0.002 partitioning.uncoarsening.level[2].refinement.label_propagation.iteration[3]=0.002 partitioning.uncoarsening.level[2].refinement.label_propagation.iteration[4]=0.002 partitioning.uncoarsening.level[1]=0.192 partitioning.uncoarsening.level[1].allocation=0.003 partitioning.uncoarsening.level[1].project_partition=0.001 partitioning.uncoarsening.level[1].create_graph=0.000 partitioning.uncoarsening.level[1].refinement=0.181 partitioning.uncoarsening.level[1].refinement.greedy_balancer=0.000 partitioning.uncoarsening.level[1].refinement.label_propagation=0.181 partitioning.uncoarsening.level[1].refinement.label_propagation.iteration[0]=0.150 partitioning.uncoarsening.level[1].refinement.label_propagation.iteration[1]=0.015 partitioning.uncoarsening.level[1].refinement.label_propagation.iteration[2]=0.008 partitioning.uncoarsening.level[1].refinement.label_propagation.iteration[3]=0.003 partitioning.uncoarsening.level[1].refinement.label_propagation.iteration[4]=0.002 partitioning.uncoarsening.level[0]=0.245 partitioning.uncoarsening.level[0].allocation=0.004 partitioning.uncoarsening.level[0].project_partition=0.002 partitioning.uncoarsening.level[0].create_graph=0.001 partitioning.uncoarsening.level[0].refinement=0.207 partitioning.uncoarsening.level[0].refinement.greedy_balancer=0.000 partitioning.uncoarsening.level[0].refinement.label_propagation=0.207 partitioning.uncoarsening.level[0].refinement.label_propagation.iteration[0]=0.174 partitioning.uncoarsening.level[0].refinement.label_propagation.iteration[1]=0.014 partitioning.uncoarsening.level[0].refinement.label_propagation.iteration[2]=0.009 partitioning.uncoarsening.level[0].refinement.label_propagation.iteration[3]=0.004 partitioning.uncoarsening.level[0].refinement.label_propagation.iteration[4]=0.003 partitioning.deallocation=0.002 partitioning.re-integrate_isolated_nodes=0.011 io=0.002 
MEMORY disabled

Global Timer: ................................... 14.281 s    
|- Read input graph: ............................ 10.519 s    
|- Partitioning: ................................ 3.742 s     
|  |- Rearrange by degree-buckets: .............. 0.190 s     
|  |  |- Sort nodes by integer buckets: ......... 0.016 s     
|  |  |- Rearrange input graph: ................. 0.148 s     
|  |  `- Deallocation: .......................... 0.019 s     
|  |- Refinement: ............................... 0.000 s     
|  |  `- Allocation: ............................ 0.000 s     
|  |- Coarsening: ............................... 2.906 s     
|  |  |- Level (0): ............................. 1.887 s     
|  |  |  |- Label Propagation: .................. 0.124 s     
|  |  |  |  |- Allocation: ...................... 0.010 s     
|  |  |  |  |- Iteration (0): ................... 0.098 s     
|  |  |  |  |  `- First phase: .................. 0.092 s     
|  |  |  |  |- Iteration (1): ................... 0.000 s     
|  |  |  |  |  `- First phase: .................. 0.000 s     
|  |  |  |  |- Handle isolated nodes: ........... 0.000 s     
|  |  |  |  |- Handle two-hop nodes: ............ 0.000 s     
|  |  |  |  `- Free: ............................ 0.007 s     
|  |  |  `- Contract graph: ..................... 1.762 s     
|  |  |     |- Allocation: ...................... 0.002 s  (3)
|  |  |     |- Preprocessing: ................... 0.038 s  (3)
|  |  |     |- Deallocation: .................... 0.000 s     
|  |  |     `- Construct coarse graph: .......... 1.692 s     
|  |  |        |- Aggregate coarse edges: ....... 1.557 s     
|  |  |        |  |- First phase: ............... 1.372 s     
|  |  |        |  `- Second phase: .............. 0.179 s     
|  |  |        `- Remap coarse edges and mapping: 0.130 s     
|  |  |- Level (1): ............................. 0.773 s     
|  |  |  |- Label Propagation: .................. 0.251 s     
|  |  |  |  |- Allocation: ...................... 0.011 s     
|  |  |  |  |- Iteration (0): ................... 0.237 s     
|  |  |  |  |  |- First phase: .................. 0.149 s     
|  |  |  |  |  `- Second phase: ................. 0.086 s     
|  |  |  |  |- Iteration (1): ................... 0.000 s     
|  |  |  |  |  `- First phase: .................. 0.000 s     
|  |  |  |  |- Handle isolated nodes: ........... 0.000 s     
|  |  |  |  `- Handle two-hop nodes: ............ 0.000 s     
|  |  |  `- Contract graph: ..................... 0.522 s     
|  |  |     |- Allocation: ...................... 0.002 s  (3)
|  |  |     |- Preprocessing: ................... 0.023 s  (3)
|  |  |     |- Deallocation: .................... 0.000 s     
|  |  |     `- Construct coarse graph: .......... 0.490 s     
|  |  |        |- Aggregate coarse edges: ....... 0.462 s     
|  |  |        |  |- First phase: ............... 0.394 s     
|  |  |        |  `- Second phase: .............. 0.067 s     
|  |  |        `- Remap coarse edges and mapping: 0.025 s     
|  |  |- Level (2): ............................. 0.154 s     
|  |  |  |- Label Propagation: .................. 0.053 s     
|  |  |  |  |- Iteration (0): ................... 0.049 s     
|  |  |  |  |  |- First phase: .................. 0.041 s     
|  |  |  |  |  `- Second phase: ................. 0.007 s     
|  |  |  |  |- Iteration (1): ................... 0.000 s     
|  |  |  |  |  `- First phase: .................. 0.000 s     
|  |  |  |  |- Handle isolated nodes: ........... 0.000 s     
|  |  |  |  `- Handle two-hop nodes: ............ 0.000 s     
|  |  |  `- Contract graph: ..................... 0.100 s     
|  |  |     |- Allocation: ...................... 0.000 s  (3)
|  |  |     |- Preprocessing: ................... 0.009 s  (3)
|  |  |     |- Deallocation: .................... 0.000 s     
|  |  |     `- Construct coarse graph: .......... 0.088 s     
|  |  |        |- Aggregate coarse edges: ....... 0.082 s     
|  |  |        |  |- First phase: ............... 0.069 s     
|  |  |        |  `- Second phase: .............. 0.012 s     
|  |  |        `- Remap coarse edges and mapping: 0.005 s     
|  |  |- Level (3): ............................. 0.058 s     
|  |  |  |- Label Propagation: .................. 0.018 s     
|  |  |  |  |- Iteration (0): ................... 0.017 s     
|  |  |  |  |  |- First phase: .................. 0.014 s     
|  |  |  |  |  `- Second phase: ................. 0.002 s     
|  |  |  |  |- Iteration (1): ................... 0.000 s     
|  |  |  |  |  `- First phase: .................. 0.000 s     
|  |  |  |  |- Handle isolated nodes: ........... 0.000 s     
|  |  |  |  `- Handle two-hop nodes: ............ 0.000 s     
|  |  |  `- Contract graph: ..................... 0.039 s     
|  |  |     |- Allocation: ...................... 0.000 s  (3)
|  |  |     |- Preprocessing: ................... 0.006 s  (3)
|  |  |     |- Deallocation: .................... 0.000 s     
|  |  |     `- Construct coarse graph: .......... 0.031 s     
|  |  |        |- Aggregate coarse edges: ....... 0.029 s     
|  |  |        |  |- First phase: ............... 0.024 s     
|  |  |        |  `- Second phase: .............. 0.004 s     
|  |  |        `- Remap coarse edges and mapping: 0.002 s     
|  |  |- Level (4): ............................. 0.022 s     
|  |  |  |- Label Propagation: .................. 0.006 s     
|  |  |  |  |- Iteration (0): ................... 0.006 s     
|  |  |  |  |  |- First phase: .................. 0.005 s     
|  |  |  |  |  `- Second phase: ................. 0.000 s     
|  |  |  |  |- Iteration (1): ................... 0.000 s     
|  |  |  |  |  `- First phase: .................. 0.000 s     
|  |  |  |  |- Handle isolated nodes: ........... 0.000 s     
|  |  |  |  `- Handle two-hop nodes: ............ 0.000 s     
|  |  |  `- Contract graph: ..................... 0.015 s     
|  |  |     |- Allocation: ...................... 0.000 s  (3)
|  |  |     |- Preprocessing: ................... 0.002 s  (3)
|  |  |     |- Deallocation: .................... 0.000 s     
|  |  |     `- Construct coarse graph: .......... 0.012 s     
|  |  |        |- Aggregate coarse edges: ....... 0.012 s     
|  |  |        |  |- First phase: ............... 0.011 s     
|  |  |        |  `- Second phase: .............. 0.000 s     
|  |  |        `- Remap coarse edges and mapping: 0.000 s     
|  |  |- Level (5): ............................. 0.009 s     
|  |  |  |- Label Propagation: .................. 0.003 s     
|  |  |  |  |- Iteration (0): ................... 0.003 s     
|  |  |  |  |  `- First phase: .................. 0.003 s     
|  |  |  |  |- Iteration (1): ................... 0.000 s     
|  |  |  |  |  `- First phase: .................. 0.000 s     
|  |  |  |  |- Handle isolated nodes: ........... 0.000 s     
|  |  |  |  `- Handle two-hop nodes: ............ 0.000 s     
|  |  |  `- Contract graph: ..................... 0.006 s     
|  |  |     |- Allocation: ...................... 0.000 s  (3)
|  |  |     |- Preprocessing: ................... 0.001 s  (3)
|  |  |     |- Deallocation: .................... 0.000 s     
|  |  |     `- Construct coarse graph: .......... 0.004 s     
|  |  |        |- Aggregate coarse edges: ....... 0.004 s     
|  |  |        |  |- First phase: ............... 0.003 s     
|  |  |        |  `- Second phase: .............. 0.000 s     
|  |  |        `- Remap coarse edges and mapping: 0.000 s     
|  |  `- Deallocation: .......................... 0.000 s     
|  |- Initial partitioning scheme: .............. 0.102 s     
|  |- Uncoarsening: ............................. 0.526 s     
|  |  |- Level (5): ............................. 0.009 s     
|  |  |  |- Allocation: ......................... 0.000 s     
|  |  |  |- Project partition: .................. 0.000 s     
|  |  |  |- Create graph: ....................... 0.000 s     
|  |  |  `- Refinement: ......................... 0.009 s     
|  |  |     |- Greedy Balancer: ................. 0.000 s     
|  |  |     `- Label Propagation: ............... 0.009 s     
|  |  |        |- Allocation: ................... 0.005 s     
|  |  |        |- Iteration (0): ................ 0.002 s     
|  |  |        |- Iteration (1): ................ 0.000 s     
|  |  |        |- Iteration (2): ................ 0.000 s     
|  |  |        |- Iteration (3): ................ 0.000 s     
|  |  |        `- Iteration (4): ................ 0.000 s     
|  |  |- Level (4): ............................. 0.007 s     
|  |  |  |- Allocation: ......................... 0.000 s     
|  |  |  |- Project partition: .................. 0.000 s     
|  |  |  |- Create graph: ....................... 0.000 s     
|  |  |  `- Refinement: ......................... 0.006 s     
|  |  |     |- Greedy Balancer: ................. 0.000 s     
|  |  |     `- Label Propagation: ............... 0.006 s     
|  |  |        |- Iteration (0): ................ 0.004 s     
|  |  |        |- Iteration (1): ................ 0.000 s     
|  |  |        |- Iteration (2): ................ 0.000 s     
|  |  |        |- Iteration (3): ................ 0.000 s     
|  |  |        `- Iteration (4): ................ 0.000 s     
|  |  |- Level (3): ............................. 0.020 s     
|  |  |  |- Allocation: ......................... 0.004 s     
|  |  |  |- Project partition: .................. 0.000 s     
|  |  |  |- Create graph: ....................... 0.000 s     
|  |  |  `- Refinement: ......................... 0.014 s     
|  |  |     |- Greedy Balancer: ................. 0.000 s     
|  |  |     `- Label Propagation: ............... 0.014 s     
|  |  |        |- Iteration (0): ................ 0.009 s     
|  |  |        |- Iteration (1): ................ 0.001 s     
|  |  |        |- Iteration (2): ................ 0.001 s     
|  |  |        |- Iteration (3): ................ 0.000 s     
|  |  |        `- Iteration (4): ................ 0.000 s     
|  |  |- Level (2): ............................. 0.050 s     
|  |  |  |- Allocation: ......................... 0.003 s     
|  |  |  |- Project partition: .................. 0.000 s     
|  |  |  |- Create graph: ....................... 0.000 s     
|  |  |  `- Refinement: ......................... 0.043 s     
|  |  |     |- Greedy Balancer: ................. 0.000 s     
|  |  |     `- Label Propagation: ............... 0.043 s     
|  |  |        |- Iteration (0): ................ 0.031 s     
|  |  |        |- Iteration (1): ................ 0.004 s     
|  |  |        |- Iteration (2): ................ 0.002 s     
|  |  |        |- Iteration (3): ................ 0.002 s     
|  |  |        `- Iteration (4): ................ 0.002 s     
|  |  |- Level (1): ............................. 0.192 s     
|  |  |  |- Allocation: ......................... 0.003 s     
|  |  |  |- Project partition: .................. 0.001 s     
|  |  |  |- Create graph: ....................... 0.000 s     
|  |  |  `- Refinement: ......................... 0.181 s     
|  |  |     |- Greedy Balancer: ................. 0.000 s     
|  |  |     `- Label Propagation: ............... 0.181 s     
|  |  |        |- Iteration (0): ................ 0.150 s     
|  |  |        |- Iteration (1): ................ 0.015 s     
|  |  |        |- Iteration (2): ................ 0.008 s     
|  |  |        |- Iteration (3): ................ 0.003 s     
|  |  |        `- Iteration (4): ................ 0.002 s     
|  |  `- Level (0): ............................. 0.245 s     
|  |     |- Allocation: ......................... 0.004 s     
|  |     |- Project partition: .................. 0.002 s     
|  |     |- Create graph: ....................... 0.001 s     
|  |     `- Refinement: ......................... 0.207 s     
|  |        |- Greedy Balancer: ................. 0.000 s     
|  |        `- Label Propagation: ............... 0.207 s     
|  |           |- Iteration (0): ................ 0.174 s     
|  |           |- Iteration (1): ................ 0.014 s     
|  |           |- Iteration (2): ................ 0.009 s     
|  |           |- Iteration (3): ................ 0.004 s     
|  |           `- Iteration (4): ................ 0.003 s     
|  |- Deallocation: ............................. 0.002 s     
|  `- Re-integrate isolated nodes: .............. 0.011 s     
`- IO: .......................................... 0.002 s     

Partition summary:
  Number of blocks: 16
  Edge cut:         1866185
  Imbalance:        0.0299035
  Feasible:         yes

Block weights:
  w(0 ) = 1245162    w(1 ) = 1445188    w(2 ) = 1265650    w(3 ) = 1445929  
  w(4 ) = 1463954    w(5 ) = 1303084    w(6 ) = 1432472    w(7 ) = 1464013  
  w(8 ) = 1461625    w(9 ) = 1460751    w(10) = 1458926    w(11) = 1456708  
  w(12) = 1459038    w(13) = 1460406    w(14) = 1460549    w(15) = 1460625  

Maximum resident set size: 13788908 KiB
