################################################################################
#                _  __       __  __  _         ____                            #
#               | |/ / __ _ |  \/  |(_) _ __  |  _ \  __ _  _ __               #
#               | ' / / _` || |\/| || || '_ \ | |_) |/ _` || '__|              #
#               | . \| (_| || |  | || || | | ||  __/| (_| || |                 #
#               |_|\_\\__,_||_|  |_||_||_| |_||_|    \__,_||_|                 #
#                                                                              #
################################################################################
Current commit hash:          99c62314d27845b3825829ec1e3e97256490627d
Assertion level:              always+light
Statistics:                   disabled
Built on:                     liskov
Data type sizes:
  Nodes IDs: 4 bytes | Node weights: 4 bytes
  Edges IDs: 4 bytes | Edge weights: 4 bytes
############################################################## Input Summary ###
Execution mode:               64
Seed:                         1
Graph:                        bn-human-Jung2015_M87123142 [node ordering: deg-buckets] [edge ordering: natural]
  Number of nodes:               846535 (unweighted)
  Number of edges:            107650654 (unweighted)
Number of blocks:             16
Maximum block weight:         54496 (52909 + 3% / 3%)
---------------------------------------------------------- Graph Compression ---
Enabled:                      no
-------------------------------------------------------- Partitioning Scheme ---
Partitioning mode:            deep
  Deep initial part. mode:    async-parallel
  Deep initial part. load:    1
Subgraph memory:              Lazy
----------------------------------------------------------------- Coarsening ---
Contraction limit:            2000
Coarsening algorithm:         clustering
  Cluster weight limit:       epsilon-block-weight x 1
  Shrink factor:              2.5
  Max mem-free level:         1
  Clustering algorithm:       lp
    Number of iterations:     5
    High degree threshold:    4294967295
    Max degree:               4294967295
    Tie breaking strategy:    uniform
    Implementation:           two-phase
      Relabel:                no
    2-hop clustering:         match-threadwise, if |Vcoarse| > 0.500000 * |V|
    Isolated nodes:           match-during-two-hop
  Forced hierarchy levels:    <none> (leeway: U=10.000000, L=1.100000)
Contraction algorithm:        unbuffered
  Implementation:             two-phase
------------------------------------------------------- Initial Partitioning ---
Adaptive algorithm selection: yes
----------------------------------------------------------------- Refinement ---
Refinement algorithms:        [greedy-balancer -> lp]
Label propagation:
  Number of iterations:       5
  Tie breaking strategy:      uniform
  Implementation:             single-phase
############################################################## Preprocessing ###
Removed 0 isolated nodes
  Remaining nodes:             846535
  Remaining total node weight: 846535
############################################################### Partitioning ###
Input graph:
 Number of nodes: 846535 | Number of edges: 107650654
 Maximum node weight: 1

Coarsening -> Level 1 [max cluster weight: 1587]:
 Total edge weight:   96434838
 Number of nodes:     331645 | Number of edges: 75067026
 Maximum node weight: 730

Coarsening -> Level 2 [max cluster weight: 1587]:
 Total edge weight:   73943214
 Number of nodes:     131000 | Number of edges: 11985144
 Maximum node weight: 1588

Coarsening -> Level 3 [max cluster weight: 1587]:
 Total edge weight:   58161488
 Number of nodes:     49700 | Number of edges: 2061084
 Maximum node weight: 1588

==> Coarsening terminated with less than 128000 nodes

Initial partitioning:
 Number of blocks: 16

Uncoarsening -> Level 2
 Number of nodes: 131000 | Number of edges: 11985144
  Running refinement on 16 blocks
   1. Greedy Balancer
   2. Label Propagation

Uncoarsening -> Level 1
 Number of nodes: 331645 | Number of edges: 75067026
  Running refinement on 16 blocks
   1. Greedy Balancer
   2. Label Propagation

Uncoarsening -> Level 0
 Number of nodes: 846535 | Number of edges: 107650654
  Running refinement on 16 blocks
   1. Greedy Balancer
   2. Label Propagation
############################################################# Result Summary ###
RESULT cut=2052962 imbalance=0.029976 feasible=1 k=16
TIME read_input_graph=0.889 partitioning=0.564 partitioning.rearrange_by_degree-buckets=0.044 partitioning.rearrange_by_degree-buckets.sort_nodes_by_integer_buckets=0.017 partitioning.rearrange_by_degree-buckets.rearrange_input_graph=0.022 partitioning.rearrange_by_degree-buckets.deallocation=0.002 partitioning.refinement=0.000 partitioning.refinement.allocation=0.000 partitioning.coarsening=0.287 partitioning.coarsening.level[0]=0.209 partitioning.coarsening.level[0].label_propagation=0.025 partitioning.coarsening.level[0].label_propagation.allocation=0.004 partitioning.coarsening.level[0].label_propagation.iteration[0]=0.015 partitioning.coarsening.level[0].label_propagation.iteration[0].first_phase=0.013 partitioning.coarsening.level[0].label_propagation.iteration[1]=0.000 partitioning.coarsening.level[0].label_propagation.iteration[1].first_phase=0.000 partitioning.coarsening.level[0].label_propagation.handle_isolated_nodes=0.000 partitioning.coarsening.level[0].label_propagation.handle_two-hop_nodes=0.000 partitioning.coarsening.level[0].label_propagation.free=0.005 partitioning.coarsening.level[0].contract_graph=0.183 partitioning.coarsening.level[0].contract_graph.allocation=0.000 partitioning.coarsening.level[0].contract_graph.preprocessing=0.002 partitioning.coarsening.level[0].contract_graph.deallocation=0.000 partitioning.coarsening.level[0].contract_graph.construct_coarse_graph=0.176 partitioning.coarsening.level[0].contract_graph.construct_coarse_graph.aggregate_coarse_edges=0.164 partitioning.coarsening.level[0].contract_graph.construct_coarse_graph.aggregate_coarse_edges.first_phase=0.152 partitioning.coarsening.level[0].contract_graph.construct_coarse_graph.aggregate_coarse_edges.second_phase=0.000 partitioning.coarsening.level[0].contract_graph.construct_coarse_graph.remap_coarse_edges_and_mapping=0.011 partitioning.coarsening.level[1]=0.062 partitioning.coarsening.level[1].label_propagation=0.019 partitioning.coarsening.level[1].label_propagation.allocation=0.000 partitioning.coarsening.level[1].label_propagation.iteration[0]=0.018 partitioning.coarsening.level[1].label_propagation.iteration[0].first_phase=0.018 partitioning.coarsening.level[1].label_propagation.iteration[1]=0.000 partitioning.coarsening.level[1].label_propagation.iteration[1].first_phase=0.000 partitioning.coarsening.level[1].label_propagation.handle_isolated_nodes=0.000 partitioning.coarsening.level[1].label_propagation.handle_two-hop_nodes=0.000 partitioning.coarsening.level[1].contract_graph=0.043 partitioning.coarsening.level[1].contract_graph.allocation=0.000 partitioning.coarsening.level[1].contract_graph.preprocessing=0.000 partitioning.coarsening.level[1].contract_graph.deallocation=0.000 partitioning.coarsening.level[1].contract_graph.construct_coarse_graph=0.041 partitioning.coarsening.level[1].contract_graph.construct_coarse_graph.aggregate_coarse_edges=0.039 partitioning.coarsening.level[1].contract_graph.construct_coarse_graph.aggregate_coarse_edges.first_phase=0.039 partitioning.coarsening.level[1].contract_graph.construct_coarse_graph.aggregate_coarse_edges.second_phase=0.000 partitioning.coarsening.level[1].contract_graph.construct_coarse_graph.remap_coarse_edges_and_mapping=0.002 partitioning.coarsening.level[2]=0.015 partitioning.coarsening.level[2].label_propagation=0.004 partitioning.coarsening.level[2].label_propagation.iteration[0]=0.004 partitioning.coarsening.level[2].label_propagation.iteration[0].first_phase=0.004 partitioning.coarsening.level[2].label_propagation.iteration[1]=0.000 partitioning.coarsening.level[2].label_propagation.iteration[1].first_phase=0.000 partitioning.coarsening.level[2].label_propagation.handle_isolated_nodes=0.000 partitioning.coarsening.level[2].label_propagation.handle_two-hop_nodes=0.000 partitioning.coarsening.level[2].contract_graph=0.010 partitioning.coarsening.level[2].contract_graph.allocation=0.000 partitioning.coarsening.level[2].contract_graph.preprocessing=0.000 partitioning.coarsening.level[2].contract_graph.deallocation=0.000 partitioning.coarsening.level[2].contract_graph.construct_coarse_graph=0.009 partitioning.coarsening.level[2].contract_graph.construct_coarse_graph.aggregate_coarse_edges=0.009 partitioning.coarsening.level[2].contract_graph.construct_coarse_graph.aggregate_coarse_edges.first_phase=0.008 partitioning.coarsening.level[2].contract_graph.construct_coarse_graph.aggregate_coarse_edges.second_phase=0.000 partitioning.coarsening.level[2].contract_graph.construct_coarse_graph.remap_coarse_edges_and_mapping=0.000 partitioning.coarsening.deallocation=0.000 partitioning.initial_partitioning_scheme=0.156 partitioning.uncoarsening=0.073 partitioning.uncoarsening.level[2]=0.008 partitioning.uncoarsening.level[2].allocation=0.000 partitioning.uncoarsening.level[2].project_partition=0.000 partitioning.uncoarsening.level[2].create_graph=0.000 partitioning.uncoarsening.level[2].refinement=0.007 partitioning.uncoarsening.level[2].refinement.greedy_balancer=0.000 partitioning.uncoarsening.level[2].refinement.label_propagation=0.007 partitioning.uncoarsening.level[2].refinement.label_propagation.allocation=0.000 partitioning.uncoarsening.level[2].refinement.label_propagation.iteration[0]=0.003 partitioning.uncoarsening.level[2].refinement.label_propagation.iteration[1]=0.001 partitioning.uncoarsening.level[2].refinement.label_propagation.iteration[2]=0.001 partitioning.uncoarsening.level[2].refinement.label_propagation.iteration[3]=0.000 partitioning.uncoarsening.level[2].refinement.label_propagation.iteration[4]=0.000 partitioning.uncoarsening.level[1]=0.033 partitioning.uncoarsening.level[1].allocation=0.000 partitioning.uncoarsening.level[1].project_partition=0.000 partitioning.uncoarsening.level[1].create_graph=0.000 partitioning.uncoarsening.level[1].refinement=0.030 partitioning.uncoarsening.level[1].refinement.greedy_balancer=0.000 partitioning.uncoarsening.level[1].refinement.label_propagation=0.030 partitioning.uncoarsening.level[1].refinement.label_propagation.iteration[0]=0.012 partitioning.uncoarsening.level[1].refinement.label_propagation.iteration[1]=0.006 partitioning.uncoarsening.level[1].refinement.label_propagation.iteration[2]=0.005 partitioning.uncoarsening.level[1].refinement.label_propagation.iteration[3]=0.003 partitioning.uncoarsening.level[1].refinement.label_propagation.iteration[4]=0.002 partitioning.uncoarsening.level[0]=0.031 partitioning.uncoarsening.level[0].allocation=0.000 partitioning.uncoarsening.level[0].project_partition=0.000 partitioning.uncoarsening.level[0].create_graph=0.000 partitioning.uncoarsening.level[0].refinement=0.026 partitioning.uncoarsening.level[0].refinement.greedy_balancer=0.000 partitioning.uncoarsening.level[0].refinement.label_propagation=0.026 partitioning.uncoarsening.level[0].refinement.label_propagation.iteration[0]=0.014 partitioning.uncoarsening.level[0].refinement.label_propagation.iteration[1]=0.004 partitioning.uncoarsening.level[0].refinement.label_propagation.iteration[2]=0.003 partitioning.uncoarsening.level[0].refinement.label_propagation.iteration[3]=0.002 partitioning.uncoarsening.level[0].refinement.label_propagation.iteration[4]=0.002 partitioning.deallocation=0.001 partitioning.re-integrate_isolated_nodes=0.000 io=0.000 
MEMORY disabled

Global Timer: ................................... 1.456 s    
|- Read input graph: ............................ 0.889 s    
|- Partitioning: ................................ 0.564 s    
|  |- Rearrange by degree-buckets: .............. 0.044 s    
|  |  |- Sort nodes by integer buckets: ......... 0.017 s    
|  |  |- Rearrange input graph: ................. 0.022 s    
|  |  `- Deallocation: .......................... 0.002 s    
|  |- Refinement: ............................... 0.000 s    
|  |  `- Allocation: ............................ 0.000 s    
|  |- Coarsening: ............................... 0.287 s    
|  |  |- Level (0): ............................. 0.209 s    
|  |  |  |- Label Propagation: .................. 0.025 s    
|  |  |  |  |- Allocation: ...................... 0.004 s    
|  |  |  |  |- Iteration (0): ................... 0.015 s    
|  |  |  |  |  `- First phase: .................. 0.013 s    
|  |  |  |  |- Iteration (1): ................... 0.000 s    
|  |  |  |  |  `- First phase: .................. 0.000 s    
|  |  |  |  |- Handle isolated nodes: ........... 0.000 s    
|  |  |  |  |- Handle two-hop nodes: ............ 0.000 s    
|  |  |  |  `- Free: ............................ 0.005 s    
|  |  |  `- Contract graph: ..................... 0.183 s    
|  |  |     |- Allocation: ...................... 0.000 s (3)
|  |  |     |- Preprocessing: ................... 0.002 s (3)
|  |  |     |- Deallocation: .................... 0.000 s    
|  |  |     `- Construct coarse graph: .......... 0.176 s    
|  |  |        |- Aggregate coarse edges: ....... 0.164 s    
|  |  |        |  |- First phase: ............... 0.152 s    
|  |  |        |  `- Second phase: .............. 0.000 s    
|  |  |        `- Remap coarse edges and mapping: 0.011 s    
|  |  |- Level (1): ............................. 0.062 s    
|  |  |  |- Label Propagation: .................. 0.019 s    
|  |  |  |  |- Allocation: ...................... 0.000 s    
|  |  |  |  |- Iteration (0): ................... 0.018 s    
|  |  |  |  |  `- First phase: .................. 0.018 s    
|  |  |  |  |- Iteration (1): ................... 0.000 s    
|  |  |  |  |  `- First phase: .................. 0.000 s    
|  |  |  |  |- Handle isolated nodes: ........... 0.000 s    
|  |  |  |  `- Handle two-hop nodes: ............ 0.000 s    
|  |  |  `- Contract graph: ..................... 0.043 s    
|  |  |     |- Allocation: ...................... 0.000 s (3)
|  |  |     |- Preprocessing: ................... 0.000 s (3)
|  |  |     |- Deallocation: .................... 0.000 s    
|  |  |     `- Construct coarse graph: .......... 0.041 s    
|  |  |        |- Aggregate coarse edges: ....... 0.039 s    
|  |  |        |  |- First phase: ............... 0.039 s    
|  |  |        |  `- Second phase: .............. 0.000 s    
|  |  |        `- Remap coarse edges and mapping: 0.002 s    
|  |  |- Level (2): ............................. 0.015 s    
|  |  |  |- Label Propagation: .................. 0.004 s    
|  |  |  |  |- Iteration (0): ................... 0.004 s    
|  |  |  |  |  `- First phase: .................. 0.004 s    
|  |  |  |  |- Iteration (1): ................... 0.000 s    
|  |  |  |  |  `- First phase: .................. 0.000 s    
|  |  |  |  |- Handle isolated nodes: ........... 0.000 s    
|  |  |  |  `- Handle two-hop nodes: ............ 0.000 s    
|  |  |  `- Contract graph: ..................... 0.010 s    
|  |  |     |- Allocation: ...................... 0.000 s (3)
|  |  |     |- Preprocessing: ................... 0.000 s (3)
|  |  |     |- Deallocation: .................... 0.000 s    
|  |  |     `- Construct coarse graph: .......... 0.009 s    
|  |  |        |- Aggregate coarse edges: ....... 0.009 s    
|  |  |        |  |- First phase: ............... 0.008 s    
|  |  |        |  `- Second phase: .............. 0.000 s    
|  |  |        `- Remap coarse edges and mapping: 0.000 s    
|  |  `- Deallocation: .......................... 0.000 s    
|  |- Initial partitioning scheme: .............. 0.156 s    
|  |- Uncoarsening: ............................. 0.073 s    
|  |  |- Level (2): ............................. 0.008 s    
|  |  |  |- Allocation: ......................... 0.000 s    
|  |  |  |- Project partition: .................. 0.000 s    
|  |  |  |- Create graph: ....................... 0.000 s    
|  |  |  `- Refinement: ......................... 0.007 s    
|  |  |     |- Greedy Balancer: ................. 0.000 s    
|  |  |     `- Label Propagation: ............... 0.007 s    
|  |  |        |- Allocation: ................... 0.000 s    
|  |  |        |- Iteration (0): ................ 0.003 s    
|  |  |        |- Iteration (1): ................ 0.001 s    
|  |  |        |- Iteration (2): ................ 0.001 s    
|  |  |        |- Iteration (3): ................ 0.000 s    
|  |  |        `- Iteration (4): ................ 0.000 s    
|  |  |- Level (1): ............................. 0.033 s    
|  |  |  |- Allocation: ......................... 0.000 s    
|  |  |  |- Project partition: .................. 0.000 s    
|  |  |  |- Create graph: ....................... 0.000 s    
|  |  |  `- Refinement: ......................... 0.030 s    
|  |  |     |- Greedy Balancer: ................. 0.000 s    
|  |  |     `- Label Propagation: ............... 0.030 s    
|  |  |        |- Iteration (0): ................ 0.012 s    
|  |  |        |- Iteration (1): ................ 0.006 s    
|  |  |        |- Iteration (2): ................ 0.005 s    
|  |  |        |- Iteration (3): ................ 0.003 s    
|  |  |        `- Iteration (4): ................ 0.002 s    
|  |  `- Level (0): ............................. 0.031 s    
|  |     |- Allocation: ......................... 0.000 s    
|  |     |- Project partition: .................. 0.000 s    
|  |     |- Create graph: ....................... 0.000 s    
|  |     `- Refinement: ......................... 0.026 s    
|  |        |- Greedy Balancer: ................. 0.000 s    
|  |        `- Label Propagation: ............... 0.026 s    
|  |           |- Iteration (0): ................ 0.014 s    
|  |           |- Iteration (1): ................ 0.004 s    
|  |           |- Iteration (2): ................ 0.003 s    
|  |           |- Iteration (3): ................ 0.002 s    
|  |           `- Iteration (4): ................ 0.002 s    
|  |- Deallocation: ............................. 0.001 s    
|  `- Re-integrate isolated nodes: .............. 0.000 s    
`- IO: .......................................... 0.000 s    

Partition summary:
  Number of blocks: 16
  Edge cut:         2052962
  Imbalance:        0.029976
  Feasible:         yes

Block weights:
  w(0 ) = 54171    w(1 ) = 54160    w(2 ) = 51333    w(3 ) = 54034  
  w(4 ) = 54495    w(5 ) = 54492    w(6 ) = 54495    w(7 ) = 54495  
  w(8 ) = 54495    w(9 ) = 54142    w(10) = 54491    w(11) = 53831  
  w(12) = 50766    w(13) = 46559    w(14) = 54350    w(15) = 46226  

Maximum resident set size: 2013904 KiB
