################################################################################
#                _  __       __  __  _         ____                            #
#               | |/ / __ _ |  \/  |(_) _ __  |  _ \  __ _  _ __               #
#               | ' / / _` || |\/| || || '_ \ | |_) |/ _` || '__|              #
#               | . \| (_| || |  | || || | | ||  __/| (_| || |                 #
#               |_|\_\\__,_||_|  |_||_||_| |_||_|    \__,_||_|                 #
#                                                                              #
################################################################################
Current commit hash:          99c62314d27845b3825829ec1e3e97256490627d
Assertion level:              always+light
Statistics:                   disabled
Built on:                     liskov
Data type sizes:
  Nodes IDs: 4 bytes | Node weights: 4 bytes
  Edges IDs: 4 bytes | Edge weights: 4 bytes
############################################################## Input Summary ###
Execution mode:               64
Seed:                         1
Graph:                        bn-human-Jung2015_M87128519_1 [node ordering: deg-buckets] [edge ordering: natural]
  Number of nodes:               861636 (unweighted)
  Number of edges:            338735702 (unweighted)
Number of blocks:             16
Maximum block weight:         55468 (53853 + 3% / 3%)
---------------------------------------------------------- Graph Compression ---
Enabled:                      no
-------------------------------------------------------- Partitioning Scheme ---
Partitioning mode:            deep
  Deep initial part. mode:    async-parallel
  Deep initial part. load:    1
Subgraph memory:              Lazy
----------------------------------------------------------------- Coarsening ---
Contraction limit:            2000
Coarsening algorithm:         clustering
  Cluster weight limit:       epsilon-block-weight x 1
  Shrink factor:              2.5
  Max mem-free level:         1
  Clustering algorithm:       lp
    Number of iterations:     5
    High degree threshold:    4294967295
    Max degree:               4294967295
    Tie breaking strategy:    uniform
    Implementation:           two-phase
      Relabel:                no
    2-hop clustering:         match-threadwise, if |Vcoarse| > 0.500000 * |V|
    Isolated nodes:           match-during-two-hop
  Forced hierarchy levels:    <none> (leeway: U=10.000000, L=1.100000)
Contraction algorithm:        unbuffered
  Implementation:             two-phase
------------------------------------------------------- Initial Partitioning ---
Adaptive algorithm selection: yes
----------------------------------------------------------------- Refinement ---
Refinement algorithms:        [greedy-balancer -> lp]
Label propagation:
  Number of iterations:       5
  Tie breaking strategy:      uniform
  Implementation:             single-phase
############################################################## Preprocessing ###
Removed 0 isolated nodes
  Remaining nodes:             861636
  Remaining total node weight: 861636
############################################################### Partitioning ###
Input graph:
 Number of nodes: 861636 | Number of edges: 338735702
 Maximum node weight: 1

Coarsening -> Level 1 [max cluster weight: 1615]:
 Total edge weight:   315815836
 Number of nodes:     341653 | Number of edges: 242425926
 Maximum node weight: 980

Coarsening -> Level 2 [max cluster weight: 1615]:
 Total edge weight:   262296342
 Number of nodes:     135503 | Number of edges: 39383710
 Maximum node weight: 1616

Coarsening -> Level 3 [max cluster weight: 1615]:
 Total edge weight:   232786036
 Number of nodes:     52909 | Number of edges: 6374146
 Maximum node weight: 1616

==> Coarsening terminated with less than 128000 nodes

Initial partitioning:
 Number of blocks: 16

Uncoarsening -> Level 2
 Number of nodes: 135503 | Number of edges: 39383710
  Running refinement on 16 blocks
   1. Greedy Balancer
   2. Label Propagation

Uncoarsening -> Level 1
 Number of nodes: 341653 | Number of edges: 242425926
  Running refinement on 16 blocks
   1. Greedy Balancer
   2. Label Propagation

Uncoarsening -> Level 0
 Number of nodes: 861636 | Number of edges: 338735702
  Running refinement on 16 blocks
   1. Greedy Balancer
   2. Label Propagation
############################################################# Result Summary ###
RESULT cut=14320861 imbalance=0.0299705 feasible=1 k=16
TIME read_input_graph=2.768 partitioning=1.598 partitioning.rearrange_by_degree-buckets=0.064 partitioning.rearrange_by_degree-buckets.sort_nodes_by_integer_buckets=0.011 partitioning.rearrange_by_degree-buckets.rearrange_input_graph=0.043 partitioning.rearrange_by_degree-buckets.deallocation=0.005 partitioning.refinement=0.000 partitioning.refinement.allocation=0.000 partitioning.coarsening=0.942 partitioning.coarsening.level[0]=0.519 partitioning.coarsening.level[0].label_propagation=0.037 partitioning.coarsening.level[0].label_propagation.allocation=0.005 partitioning.coarsening.level[0].label_propagation.iteration[0]=0.026 partitioning.coarsening.level[0].label_propagation.iteration[0].first_phase=0.023 partitioning.coarsening.level[0].label_propagation.iteration[1]=0.000 partitioning.coarsening.level[0].label_propagation.iteration[1].first_phase=0.000 partitioning.coarsening.level[0].label_propagation.handle_isolated_nodes=0.000 partitioning.coarsening.level[0].label_propagation.handle_two-hop_nodes=0.000 partitioning.coarsening.level[0].label_propagation.free=0.005 partitioning.coarsening.level[0].contract_graph=0.481 partitioning.coarsening.level[0].contract_graph.allocation=0.000 partitioning.coarsening.level[0].contract_graph.preprocessing=0.001 partitioning.coarsening.level[0].contract_graph.deallocation=0.000 partitioning.coarsening.level[0].contract_graph.construct_coarse_graph=0.470 partitioning.coarsening.level[0].contract_graph.construct_coarse_graph.aggregate_coarse_edges=0.433 partitioning.coarsening.level[0].contract_graph.construct_coarse_graph.aggregate_coarse_edges.first_phase=0.423 partitioning.coarsening.level[0].contract_graph.construct_coarse_graph.aggregate_coarse_edges.second_phase=0.000 partitioning.coarsening.level[0].contract_graph.construct_coarse_graph.remap_coarse_edges_and_mapping=0.036 partitioning.coarsening.level[1]=0.323 partitioning.coarsening.level[1].label_propagation=0.186 partitioning.coarsening.level[1].label_propagation.allocation=0.000 partitioning.coarsening.level[1].label_propagation.iteration[0]=0.185 partitioning.coarsening.level[1].label_propagation.iteration[0].first_phase=0.185 partitioning.coarsening.level[1].label_propagation.iteration[1]=0.000 partitioning.coarsening.level[1].label_propagation.iteration[1].first_phase=0.000 partitioning.coarsening.level[1].label_propagation.handle_isolated_nodes=0.000 partitioning.coarsening.level[1].label_propagation.handle_two-hop_nodes=0.000 partitioning.coarsening.level[1].contract_graph=0.137 partitioning.coarsening.level[1].contract_graph.allocation=0.000 partitioning.coarsening.level[1].contract_graph.preprocessing=0.001 partitioning.coarsening.level[1].contract_graph.deallocation=0.000 partitioning.coarsening.level[1].contract_graph.construct_coarse_graph=0.133 partitioning.coarsening.level[1].contract_graph.construct_coarse_graph.aggregate_coarse_edges=0.127 partitioning.coarsening.level[1].contract_graph.construct_coarse_graph.aggregate_coarse_edges.first_phase=0.126 partitioning.coarsening.level[1].contract_graph.construct_coarse_graph.aggregate_coarse_edges.second_phase=0.000 partitioning.coarsening.level[1].contract_graph.construct_coarse_graph.remap_coarse_edges_and_mapping=0.006 partitioning.coarsening.level[2]=0.099 partitioning.coarsening.level[2].label_propagation=0.071 partitioning.coarsening.level[2].label_propagation.iteration[0]=0.071 partitioning.coarsening.level[2].label_propagation.iteration[0].first_phase=0.071 partitioning.coarsening.level[2].label_propagation.iteration[1]=0.000 partitioning.coarsening.level[2].label_propagation.iteration[1].first_phase=0.000 partitioning.coarsening.level[2].label_propagation.handle_isolated_nodes=0.000 partitioning.coarsening.level[2].label_propagation.handle_two-hop_nodes=0.000 partitioning.coarsening.level[2].contract_graph=0.027 partitioning.coarsening.level[2].contract_graph.allocation=0.000 partitioning.coarsening.level[2].contract_graph.preprocessing=0.000 partitioning.coarsening.level[2].contract_graph.deallocation=0.000 partitioning.coarsening.level[2].contract_graph.construct_coarse_graph=0.026 partitioning.coarsening.level[2].contract_graph.construct_coarse_graph.aggregate_coarse_edges=0.024 partitioning.coarsening.level[2].contract_graph.construct_coarse_graph.aggregate_coarse_edges.first_phase=0.024 partitioning.coarsening.level[2].contract_graph.construct_coarse_graph.aggregate_coarse_edges.second_phase=0.000 partitioning.coarsening.level[2].contract_graph.construct_coarse_graph.remap_coarse_edges_and_mapping=0.001 partitioning.coarsening.deallocation=0.000 partitioning.initial_partitioning_scheme=0.325 partitioning.uncoarsening=0.261 partitioning.uncoarsening.level[2]=0.023 partitioning.uncoarsening.level[2].allocation=0.000 partitioning.uncoarsening.level[2].project_partition=0.000 partitioning.uncoarsening.level[2].create_graph=0.000 partitioning.uncoarsening.level[2].refinement=0.022 partitioning.uncoarsening.level[2].refinement.greedy_balancer=0.000 partitioning.uncoarsening.level[2].refinement.label_propagation=0.022 partitioning.uncoarsening.level[2].refinement.label_propagation.allocation=0.000 partitioning.uncoarsening.level[2].refinement.label_propagation.iteration[0]=0.008 partitioning.uncoarsening.level[2].refinement.label_propagation.iteration[1]=0.005 partitioning.uncoarsening.level[2].refinement.label_propagation.iteration[2]=0.003 partitioning.uncoarsening.level[2].refinement.label_propagation.iteration[3]=0.003 partitioning.uncoarsening.level[2].refinement.label_propagation.iteration[4]=0.001 partitioning.uncoarsening.level[1]=0.132 partitioning.uncoarsening.level[1].allocation=0.000 partitioning.uncoarsening.level[1].project_partition=0.000 partitioning.uncoarsening.level[1].create_graph=0.000 partitioning.uncoarsening.level[1].refinement=0.128 partitioning.uncoarsening.level[1].refinement.greedy_balancer=0.000 partitioning.uncoarsening.level[1].refinement.label_propagation=0.128 partitioning.uncoarsening.level[1].refinement.label_propagation.iteration[0]=0.037 partitioning.uncoarsening.level[1].refinement.label_propagation.iteration[1]=0.030 partitioning.uncoarsening.level[1].refinement.label_propagation.iteration[2]=0.024 partitioning.uncoarsening.level[1].refinement.label_propagation.iteration[3]=0.019 partitioning.uncoarsening.level[1].refinement.label_propagation.iteration[4]=0.015 partitioning.uncoarsening.level[0]=0.104 partitioning.uncoarsening.level[0].allocation=0.000 partitioning.uncoarsening.level[0].project_partition=0.000 partitioning.uncoarsening.level[0].create_graph=0.000 partitioning.uncoarsening.level[0].refinement=0.095 partitioning.uncoarsening.level[0].refinement.greedy_balancer=0.000 partitioning.uncoarsening.level[0].refinement.label_propagation=0.095 partitioning.uncoarsening.level[0].refinement.label_propagation.iteration[0]=0.037 partitioning.uncoarsening.level[0].refinement.label_propagation.iteration[1]=0.020 partitioning.uncoarsening.level[0].refinement.label_propagation.iteration[2]=0.015 partitioning.uncoarsening.level[0].refinement.label_propagation.iteration[3]=0.012 partitioning.uncoarsening.level[0].refinement.label_propagation.iteration[4]=0.009 partitioning.deallocation=0.001 partitioning.re-integrate_isolated_nodes=0.000 io=0.000 
MEMORY disabled

Global Timer: ................................... 4.368 s    
|- Read input graph: ............................ 2.768 s    
|- Partitioning: ................................ 1.598 s    
|  |- Rearrange by degree-buckets: .............. 0.064 s    
|  |  |- Sort nodes by integer buckets: ......... 0.011 s    
|  |  |- Rearrange input graph: ................. 0.043 s    
|  |  `- Deallocation: .......................... 0.005 s    
|  |- Refinement: ............................... 0.000 s    
|  |  `- Allocation: ............................ 0.000 s    
|  |- Coarsening: ............................... 0.942 s    
|  |  |- Level (0): ............................. 0.519 s    
|  |  |  |- Label Propagation: .................. 0.037 s    
|  |  |  |  |- Allocation: ...................... 0.005 s    
|  |  |  |  |- Iteration (0): ................... 0.026 s    
|  |  |  |  |  `- First phase: .................. 0.023 s    
|  |  |  |  |- Iteration (1): ................... 0.000 s    
|  |  |  |  |  `- First phase: .................. 0.000 s    
|  |  |  |  |- Handle isolated nodes: ........... 0.000 s    
|  |  |  |  |- Handle two-hop nodes: ............ 0.000 s    
|  |  |  |  `- Free: ............................ 0.005 s    
|  |  |  `- Contract graph: ..................... 0.481 s    
|  |  |     |- Allocation: ...................... 0.000 s (3)
|  |  |     |- Preprocessing: ................... 0.001 s (3)
|  |  |     |- Deallocation: .................... 0.000 s    
|  |  |     `- Construct coarse graph: .......... 0.470 s    
|  |  |        |- Aggregate coarse edges: ....... 0.433 s    
|  |  |        |  |- First phase: ............... 0.423 s    
|  |  |        |  `- Second phase: .............. 0.000 s    
|  |  |        `- Remap coarse edges and mapping: 0.036 s    
|  |  |- Level (1): ............................. 0.323 s    
|  |  |  |- Label Propagation: .................. 0.186 s    
|  |  |  |  |- Allocation: ...................... 0.000 s    
|  |  |  |  |- Iteration (0): ................... 0.185 s    
|  |  |  |  |  `- First phase: .................. 0.185 s    
|  |  |  |  |- Iteration (1): ................... 0.000 s    
|  |  |  |  |  `- First phase: .................. 0.000 s    
|  |  |  |  |- Handle isolated nodes: ........... 0.000 s    
|  |  |  |  `- Handle two-hop nodes: ............ 0.000 s    
|  |  |  `- Contract graph: ..................... 0.137 s    
|  |  |     |- Allocation: ...................... 0.000 s (3)
|  |  |     |- Preprocessing: ................... 0.001 s (3)
|  |  |     |- Deallocation: .................... 0.000 s    
|  |  |     `- Construct coarse graph: .......... 0.133 s    
|  |  |        |- Aggregate coarse edges: ....... 0.127 s    
|  |  |        |  |- First phase: ............... 0.126 s    
|  |  |        |  `- Second phase: .............. 0.000 s    
|  |  |        `- Remap coarse edges and mapping: 0.006 s    
|  |  |- Level (2): ............................. 0.099 s    
|  |  |  |- Label Propagation: .................. 0.071 s    
|  |  |  |  |- Iteration (0): ................... 0.071 s    
|  |  |  |  |  `- First phase: .................. 0.071 s    
|  |  |  |  |- Iteration (1): ................... 0.000 s    
|  |  |  |  |  `- First phase: .................. 0.000 s    
|  |  |  |  |- Handle isolated nodes: ........... 0.000 s    
|  |  |  |  `- Handle two-hop nodes: ............ 0.000 s    
|  |  |  `- Contract graph: ..................... 0.027 s    
|  |  |     |- Allocation: ...................... 0.000 s (3)
|  |  |     |- Preprocessing: ................... 0.000 s (3)
|  |  |     |- Deallocation: .................... 0.000 s    
|  |  |     `- Construct coarse graph: .......... 0.026 s    
|  |  |        |- Aggregate coarse edges: ....... 0.024 s    
|  |  |        |  |- First phase: ............... 0.024 s    
|  |  |        |  `- Second phase: .............. 0.000 s    
|  |  |        `- Remap coarse edges and mapping: 0.001 s    
|  |  `- Deallocation: .......................... 0.000 s    
|  |- Initial partitioning scheme: .............. 0.325 s    
|  |- Uncoarsening: ............................. 0.261 s    
|  |  |- Level (2): ............................. 0.023 s    
|  |  |  |- Allocation: ......................... 0.000 s    
|  |  |  |- Project partition: .................. 0.000 s    
|  |  |  |- Create graph: ....................... 0.000 s    
|  |  |  `- Refinement: ......................... 0.022 s    
|  |  |     |- Greedy Balancer: ................. 0.000 s    
|  |  |     `- Label Propagation: ............... 0.022 s    
|  |  |        |- Allocation: ................... 0.000 s    
|  |  |        |- Iteration (0): ................ 0.008 s    
|  |  |        |- Iteration (1): ................ 0.005 s    
|  |  |        |- Iteration (2): ................ 0.003 s    
|  |  |        |- Iteration (3): ................ 0.003 s    
|  |  |        `- Iteration (4): ................ 0.001 s    
|  |  |- Level (1): ............................. 0.132 s    
|  |  |  |- Allocation: ......................... 0.000 s    
|  |  |  |- Project partition: .................. 0.000 s    
|  |  |  |- Create graph: ....................... 0.000 s    
|  |  |  `- Refinement: ......................... 0.128 s    
|  |  |     |- Greedy Balancer: ................. 0.000 s    
|  |  |     `- Label Propagation: ............... 0.128 s    
|  |  |        |- Iteration (0): ................ 0.037 s    
|  |  |        |- Iteration (1): ................ 0.030 s    
|  |  |        |- Iteration (2): ................ 0.024 s    
|  |  |        |- Iteration (3): ................ 0.019 s    
|  |  |        `- Iteration (4): ................ 0.015 s    
|  |  `- Level (0): ............................. 0.104 s    
|  |     |- Allocation: ......................... 0.000 s    
|  |     |- Project partition: .................. 0.000 s    
|  |     |- Create graph: ....................... 0.000 s    
|  |     `- Refinement: ......................... 0.095 s    
|  |        |- Greedy Balancer: ................. 0.000 s    
|  |        `- Label Propagation: ............... 0.095 s    
|  |           |- Iteration (0): ................ 0.037 s    
|  |           |- Iteration (1): ................ 0.020 s    
|  |           |- Iteration (2): ................ 0.015 s    
|  |           |- Iteration (3): ................ 0.012 s    
|  |           `- Iteration (4): ................ 0.009 s    
|  |- Deallocation: ............................. 0.001 s    
|  `- Re-integrate isolated nodes: .............. 0.000 s    
`- IO: .......................................... 0.000 s    

Partition summary:
  Number of blocks: 16
  Edge cut:         14320861
  Imbalance:        0.0299705
  Feasible:         yes

Block weights:
  w(0 ) = 55454    w(1 ) = 52771    w(2 ) = 55460    w(3 ) = 55465  
  w(4 ) = 55467    w(5 ) = 55236    w(6 ) = 55453    w(7 ) = 51711  
  w(8 ) = 50087    w(9 ) = 48401    w(10) = 48817    w(11) = 55449  
  w(12) = 55467    w(13) = 55467    w(14) = 55467    w(15) = 55464  

Maximum resident set size: 4598964 KiB
