################################################################################
#                _  __       __  __  _         ____                            #
#               | |/ / __ _ |  \/  |(_) _ __  |  _ \  __ _  _ __               #
#               | ' / / _` || |\/| || || '_ \ | |_) |/ _` || '__|              #
#               | . \| (_| || |  | || || | | ||  __/| (_| || |                 #
#               |_|\_\\__,_||_|  |_||_||_| |_||_|    \__,_||_|                 #
#                                                                              #
################################################################################
Current commit hash:          99c62314d27845b3825829ec1e3e97256490627d
Assertion level:              always+light
Statistics:                   disabled
Built on:                     liskov
Data type sizes:
  Nodes IDs: 4 bytes | Node weights: 4 bytes
  Edges IDs: 4 bytes | Edge weights: 4 bytes
############################################################## Input Summary ###
Execution mode:               64
Seed:                         1
Graph:                        bn-human-Jung2015_M87117515 [node ordering: deg-buckets] [edge ordering: natural]
  Number of nodes:              891589 (unweighted)
  Number of edges:            97339212 (unweighted)
Number of blocks:             16
Maximum block weight:         57396 (55725 + 3% / 3%)
---------------------------------------------------------- Graph Compression ---
Enabled:                      no
-------------------------------------------------------- Partitioning Scheme ---
Partitioning mode:            deep
  Deep initial part. mode:    async-parallel
  Deep initial part. load:    1
Subgraph memory:              Lazy
----------------------------------------------------------------- Coarsening ---
Contraction limit:            2000
Coarsening algorithm:         clustering
  Cluster weight limit:       epsilon-block-weight x 1
  Shrink factor:              2.5
  Max mem-free level:         1
  Clustering algorithm:       lp
    Number of iterations:     5
    High degree threshold:    4294967295
    Max degree:               4294967295
    Tie breaking strategy:    uniform
    Implementation:           two-phase
      Relabel:                no
    2-hop clustering:         match-threadwise, if |Vcoarse| > 0.500000 * |V|
    Isolated nodes:           match-during-two-hop
  Forced hierarchy levels:    <none> (leeway: U=10.000000, L=1.100000)
Contraction algorithm:        unbuffered
  Implementation:             two-phase
------------------------------------------------------- Initial Partitioning ---
Adaptive algorithm selection: yes
----------------------------------------------------------------- Refinement ---
Refinement algorithms:        [greedy-balancer -> lp]
Label propagation:
  Number of iterations:       5
  Tie breaking strategy:      uniform
  Implementation:             single-phase
############################################################## Preprocessing ###
Removed 0 isolated nodes
  Remaining nodes:             891589
  Remaining total node weight: 891589
############################################################### Partitioning ###
Input graph:
 Number of nodes: 891589 | Number of edges: 97339212
 Maximum node weight: 1

Coarsening -> Level 1 [max cluster weight: 1671]:
 Total edge weight:   82271564
 Number of nodes:     350153 | Number of edges: 58816394
 Maximum node weight: 806

Coarsening -> Level 2 [max cluster weight: 1671]:
 Total edge weight:   59804296
 Number of nodes:     135215 | Number of edges: 10362804
 Maximum node weight: 1671

Coarsening -> Level 3 [max cluster weight: 1671]:
 Total edge weight:   43178858
 Number of nodes:     51364 | Number of edges: 1866098
 Maximum node weight: 1671

==> Coarsening terminated with less than 128000 nodes

Initial partitioning:
 Number of blocks: 16

Uncoarsening -> Level 2
 Number of nodes: 135215 | Number of edges: 10362804
  Running refinement on 16 blocks
   1. Greedy Balancer
   2. Label Propagation

Uncoarsening -> Level 1
 Number of nodes: 350153 | Number of edges: 58816394
  Running refinement on 16 blocks
   1. Greedy Balancer
   2. Label Propagation

Uncoarsening -> Level 0
 Number of nodes: 891589 | Number of edges: 97339212
  Running refinement on 16 blocks
   1. Greedy Balancer
   2. Label Propagation
############################################################# Result Summary ###
RESULT cut=1168338 imbalance=0.0299686 feasible=1 k=16
TIME read_input_graph=0.814 partitioning=0.542 partitioning.rearrange_by_degree-buckets=0.035 partitioning.rearrange_by_degree-buckets.sort_nodes_by_integer_buckets=0.008 partitioning.rearrange_by_degree-buckets.rearrange_input_graph=0.021 partitioning.rearrange_by_degree-buckets.deallocation=0.002 partitioning.refinement=0.000 partitioning.refinement.allocation=0.000 partitioning.coarsening=0.244 partitioning.coarsening.level[0]=0.171 partitioning.coarsening.level[0].label_propagation=0.032 partitioning.coarsening.level[0].label_propagation.allocation=0.006 partitioning.coarsening.level[0].label_propagation.iteration[0]=0.019 partitioning.coarsening.level[0].label_propagation.iteration[0].first_phase=0.017 partitioning.coarsening.level[0].label_propagation.iteration[1]=0.000 partitioning.coarsening.level[0].label_propagation.iteration[1].first_phase=0.000 partitioning.coarsening.level[0].label_propagation.handle_isolated_nodes=0.000 partitioning.coarsening.level[0].label_propagation.handle_two-hop_nodes=0.000 partitioning.coarsening.level[0].label_propagation.free=0.006 partitioning.coarsening.level[0].contract_graph=0.138 partitioning.coarsening.level[0].contract_graph.allocation=0.000 partitioning.coarsening.level[0].contract_graph.preprocessing=0.003 partitioning.coarsening.level[0].contract_graph.deallocation=0.000 partitioning.coarsening.level[0].contract_graph.construct_coarse_graph=0.130 partitioning.coarsening.level[0].contract_graph.construct_coarse_graph.aggregate_coarse_edges=0.120 partitioning.coarsening.level[0].contract_graph.construct_coarse_graph.aggregate_coarse_edges.first_phase=0.111 partitioning.coarsening.level[0].contract_graph.construct_coarse_graph.aggregate_coarse_edges.second_phase=0.000 partitioning.coarsening.level[0].contract_graph.construct_coarse_graph.remap_coarse_edges_and_mapping=0.009 partitioning.coarsening.level[1]=0.057 partitioning.coarsening.level[1].label_propagation=0.015 partitioning.coarsening.level[1].label_propagation.allocation=0.000 partitioning.coarsening.level[1].label_propagation.iteration[0]=0.015 partitioning.coarsening.level[1].label_propagation.iteration[0].first_phase=0.014 partitioning.coarsening.level[1].label_propagation.iteration[1]=0.000 partitioning.coarsening.level[1].label_propagation.iteration[1].first_phase=0.000 partitioning.coarsening.level[1].label_propagation.handle_isolated_nodes=0.000 partitioning.coarsening.level[1].label_propagation.handle_two-hop_nodes=0.000 partitioning.coarsening.level[1].contract_graph=0.041 partitioning.coarsening.level[1].contract_graph.allocation=0.000 partitioning.coarsening.level[1].contract_graph.preprocessing=0.002 partitioning.coarsening.level[1].contract_graph.deallocation=0.000 partitioning.coarsening.level[1].contract_graph.construct_coarse_graph=0.038 partitioning.coarsening.level[1].contract_graph.construct_coarse_graph.aggregate_coarse_edges=0.036 partitioning.coarsening.level[1].contract_graph.construct_coarse_graph.aggregate_coarse_edges.first_phase=0.036 partitioning.coarsening.level[1].contract_graph.construct_coarse_graph.aggregate_coarse_edges.second_phase=0.000 partitioning.coarsening.level[1].contract_graph.construct_coarse_graph.remap_coarse_edges_and_mapping=0.001 partitioning.coarsening.level[2]=0.015 partitioning.coarsening.level[2].label_propagation=0.004 partitioning.coarsening.level[2].label_propagation.iteration[0]=0.003 partitioning.coarsening.level[2].label_propagation.iteration[0].first_phase=0.003 partitioning.coarsening.level[2].label_propagation.iteration[1]=0.000 partitioning.coarsening.level[2].label_propagation.iteration[1].first_phase=0.000 partitioning.coarsening.level[2].label_propagation.handle_isolated_nodes=0.000 partitioning.coarsening.level[2].label_propagation.handle_two-hop_nodes=0.000 partitioning.coarsening.level[2].contract_graph=0.010 partitioning.coarsening.level[2].contract_graph.allocation=0.000 partitioning.coarsening.level[2].contract_graph.preprocessing=0.001 partitioning.coarsening.level[2].contract_graph.deallocation=0.000 partitioning.coarsening.level[2].contract_graph.construct_coarse_graph=0.009 partitioning.coarsening.level[2].contract_graph.construct_coarse_graph.aggregate_coarse_edges=0.008 partitioning.coarsening.level[2].contract_graph.construct_coarse_graph.aggregate_coarse_edges.first_phase=0.008 partitioning.coarsening.level[2].contract_graph.construct_coarse_graph.aggregate_coarse_edges.second_phase=0.000 partitioning.coarsening.level[2].contract_graph.construct_coarse_graph.remap_coarse_edges_and_mapping=0.000 partitioning.coarsening.deallocation=0.000 partitioning.initial_partitioning_scheme=0.191 partitioning.uncoarsening=0.068 partitioning.uncoarsening.level[2]=0.007 partitioning.uncoarsening.level[2].allocation=0.000 partitioning.uncoarsening.level[2].project_partition=0.000 partitioning.uncoarsening.level[2].create_graph=0.000 partitioning.uncoarsening.level[2].refinement=0.006 partitioning.uncoarsening.level[2].refinement.greedy_balancer=0.000 partitioning.uncoarsening.level[2].refinement.label_propagation=0.006 partitioning.uncoarsening.level[2].refinement.label_propagation.allocation=0.000 partitioning.uncoarsening.level[2].refinement.label_propagation.iteration[0]=0.003 partitioning.uncoarsening.level[2].refinement.label_propagation.iteration[1]=0.001 partitioning.uncoarsening.level[2].refinement.label_propagation.iteration[2]=0.000 partitioning.uncoarsening.level[2].refinement.label_propagation.iteration[3]=0.000 partitioning.uncoarsening.level[2].refinement.label_propagation.iteration[4]=0.000 partitioning.uncoarsening.level[1]=0.023 partitioning.uncoarsening.level[1].allocation=0.000 partitioning.uncoarsening.level[1].project_partition=0.000 partitioning.uncoarsening.level[1].create_graph=0.000 partitioning.uncoarsening.level[1].refinement=0.021 partitioning.uncoarsening.level[1].refinement.greedy_balancer=0.000 partitioning.uncoarsening.level[1].refinement.label_propagation=0.021 partitioning.uncoarsening.level[1].refinement.label_propagation.iteration[0]=0.010 partitioning.uncoarsening.level[1].refinement.label_propagation.iteration[1]=0.004 partitioning.uncoarsening.level[1].refinement.label_propagation.iteration[2]=0.002 partitioning.uncoarsening.level[1].refinement.label_propagation.iteration[3]=0.002 partitioning.uncoarsening.level[1].refinement.label_propagation.iteration[4]=0.001 partitioning.uncoarsening.level[0]=0.037 partitioning.uncoarsening.level[0].allocation=0.006 partitioning.uncoarsening.level[0].project_partition=0.000 partitioning.uncoarsening.level[0].create_graph=0.000 partitioning.uncoarsening.level[0].refinement=0.025 partitioning.uncoarsening.level[0].refinement.greedy_balancer=0.000 partitioning.uncoarsening.level[0].refinement.label_propagation=0.025 partitioning.uncoarsening.level[0].refinement.label_propagation.iteration[0]=0.013 partitioning.uncoarsening.level[0].refinement.label_propagation.iteration[1]=0.003 partitioning.uncoarsening.level[0].refinement.label_propagation.iteration[2]=0.002 partitioning.uncoarsening.level[0].refinement.label_propagation.iteration[3]=0.002 partitioning.uncoarsening.level[0].refinement.label_propagation.iteration[4]=0.002 partitioning.deallocation=0.001 partitioning.re-integrate_isolated_nodes=0.000 io=0.000 
MEMORY disabled

Global Timer: ................................... 1.364 s    
|- Read input graph: ............................ 0.814 s    
|- Partitioning: ................................ 0.542 s    
|  |- Rearrange by degree-buckets: .............. 0.035 s    
|  |  |- Sort nodes by integer buckets: ......... 0.008 s    
|  |  |- Rearrange input graph: ................. 0.021 s    
|  |  `- Deallocation: .......................... 0.002 s    
|  |- Refinement: ............................... 0.000 s    
|  |  `- Allocation: ............................ 0.000 s    
|  |- Coarsening: ............................... 0.244 s    
|  |  |- Level (0): ............................. 0.171 s    
|  |  |  |- Label Propagation: .................. 0.032 s    
|  |  |  |  |- Allocation: ...................... 0.006 s    
|  |  |  |  |- Iteration (0): ................... 0.019 s    
|  |  |  |  |  `- First phase: .................. 0.017 s    
|  |  |  |  |- Iteration (1): ................... 0.000 s    
|  |  |  |  |  `- First phase: .................. 0.000 s    
|  |  |  |  |- Handle isolated nodes: ........... 0.000 s    
|  |  |  |  |- Handle two-hop nodes: ............ 0.000 s    
|  |  |  |  `- Free: ............................ 0.006 s    
|  |  |  `- Contract graph: ..................... 0.138 s    
|  |  |     |- Allocation: ...................... 0.000 s (3)
|  |  |     |- Preprocessing: ................... 0.003 s (3)
|  |  |     |- Deallocation: .................... 0.000 s    
|  |  |     `- Construct coarse graph: .......... 0.130 s    
|  |  |        |- Aggregate coarse edges: ....... 0.120 s    
|  |  |        |  |- First phase: ............... 0.111 s    
|  |  |        |  `- Second phase: .............. 0.000 s    
|  |  |        `- Remap coarse edges and mapping: 0.009 s    
|  |  |- Level (1): ............................. 0.057 s    
|  |  |  |- Label Propagation: .................. 0.015 s    
|  |  |  |  |- Allocation: ...................... 0.000 s    
|  |  |  |  |- Iteration (0): ................... 0.015 s    
|  |  |  |  |  `- First phase: .................. 0.014 s    
|  |  |  |  |- Iteration (1): ................... 0.000 s    
|  |  |  |  |  `- First phase: .................. 0.000 s    
|  |  |  |  |- Handle isolated nodes: ........... 0.000 s    
|  |  |  |  `- Handle two-hop nodes: ............ 0.000 s    
|  |  |  `- Contract graph: ..................... 0.041 s    
|  |  |     |- Allocation: ...................... 0.000 s (3)
|  |  |     |- Preprocessing: ................... 0.002 s (3)
|  |  |     |- Deallocation: .................... 0.000 s    
|  |  |     `- Construct coarse graph: .......... 0.038 s    
|  |  |        |- Aggregate coarse edges: ....... 0.036 s    
|  |  |        |  |- First phase: ............... 0.036 s    
|  |  |        |  `- Second phase: .............. 0.000 s    
|  |  |        `- Remap coarse edges and mapping: 0.001 s    
|  |  |- Level (2): ............................. 0.015 s    
|  |  |  |- Label Propagation: .................. 0.004 s    
|  |  |  |  |- Iteration (0): ................... 0.003 s    
|  |  |  |  |  `- First phase: .................. 0.003 s    
|  |  |  |  |- Iteration (1): ................... 0.000 s    
|  |  |  |  |  `- First phase: .................. 0.000 s    
|  |  |  |  |- Handle isolated nodes: ........... 0.000 s    
|  |  |  |  `- Handle two-hop nodes: ............ 0.000 s    
|  |  |  `- Contract graph: ..................... 0.010 s    
|  |  |     |- Allocation: ...................... 0.000 s (3)
|  |  |     |- Preprocessing: ................... 0.001 s (3)
|  |  |     |- Deallocation: .................... 0.000 s    
|  |  |     `- Construct coarse graph: .......... 0.009 s    
|  |  |        |- Aggregate coarse edges: ....... 0.008 s    
|  |  |        |  |- First phase: ............... 0.008 s    
|  |  |        |  `- Second phase: .............. 0.000 s    
|  |  |        `- Remap coarse edges and mapping: 0.000 s    
|  |  `- Deallocation: .......................... 0.000 s    
|  |- Initial partitioning scheme: .............. 0.191 s    
|  |- Uncoarsening: ............................. 0.068 s    
|  |  |- Level (2): ............................. 0.007 s    
|  |  |  |- Allocation: ......................... 0.000 s    
|  |  |  |- Project partition: .................. 0.000 s    
|  |  |  |- Create graph: ....................... 0.000 s    
|  |  |  `- Refinement: ......................... 0.006 s    
|  |  |     |- Greedy Balancer: ................. 0.000 s    
|  |  |     `- Label Propagation: ............... 0.006 s    
|  |  |        |- Allocation: ................... 0.000 s    
|  |  |        |- Iteration (0): ................ 0.003 s    
|  |  |        |- Iteration (1): ................ 0.001 s    
|  |  |        |- Iteration (2): ................ 0.000 s    
|  |  |        |- Iteration (3): ................ 0.000 s    
|  |  |        `- Iteration (4): ................ 0.000 s    
|  |  |- Level (1): ............................. 0.023 s    
|  |  |  |- Allocation: ......................... 0.000 s    
|  |  |  |- Project partition: .................. 0.000 s    
|  |  |  |- Create graph: ....................... 0.000 s    
|  |  |  `- Refinement: ......................... 0.021 s    
|  |  |     |- Greedy Balancer: ................. 0.000 s    
|  |  |     `- Label Propagation: ............... 0.021 s    
|  |  |        |- Iteration (0): ................ 0.010 s    
|  |  |        |- Iteration (1): ................ 0.004 s    
|  |  |        |- Iteration (2): ................ 0.002 s    
|  |  |        |- Iteration (3): ................ 0.002 s    
|  |  |        `- Iteration (4): ................ 0.001 s    
|  |  `- Level (0): ............................. 0.037 s    
|  |     |- Allocation: ......................... 0.006 s    
|  |     |- Project partition: .................. 0.000 s    
|  |     |- Create graph: ....................... 0.000 s    
|  |     `- Refinement: ......................... 0.025 s    
|  |        |- Greedy Balancer: ................. 0.000 s    
|  |        `- Label Propagation: ............... 0.025 s    
|  |           |- Iteration (0): ................ 0.013 s    
|  |           |- Iteration (1): ................ 0.003 s    
|  |           |- Iteration (2): ................ 0.002 s    
|  |           |- Iteration (3): ................ 0.002 s    
|  |           `- Iteration (4): ................ 0.002 s    
|  |- Deallocation: ............................. 0.001 s    
|  `- Re-integrate isolated nodes: .............. 0.000 s    
`- IO: .......................................... 0.000 s    

Partition summary:
  Number of blocks: 16
  Edge cut:         1168338
  Imbalance:        0.0299686
  Feasible:         yes

Block weights:
  w(0 ) = 53255    w(1 ) = 54472    w(2 ) = 57395    w(3 ) = 57394  
  w(4 ) = 57395    w(5 ) = 56656    w(6 ) = 55189    w(7 ) = 47411  
  w(8 ) = 57395    w(9 ) = 55598    w(10) = 57253    w(11) = 55521  
  w(12) = 57004    w(13) = 57095    w(14) = 56150    w(15) = 56406  

Maximum resident set size: 1822976 KiB
