################################################################################
#                _  __       __  __  _         ____                            #
#               | |/ / __ _ |  \/  |(_) _ __  |  _ \  __ _  _ __               #
#               | ' / / _` || |\/| || || '_ \ | |_) |/ _` || '__|              #
#               | . \| (_| || |  | || || | | ||  __/| (_| || |                 #
#               |_|\_\\__,_||_|  |_||_||_| |_||_|    \__,_||_|                 #
#                                                                              #
################################################################################
Current commit hash:          99c62314d27845b3825829ec1e3e97256490627d
Assertion level:              always+light
Statistics:                   disabled
Built on:                     liskov
Data type sizes:
  Nodes IDs: 4 bytes | Node weights: 4 bytes
  Edges IDs: 4 bytes | Edge weights: 4 bytes
############################################################## Input Summary ###
Execution mode:               64
Seed:                         1
Graph:                        cage15 [node ordering: deg-buckets] [edge ordering: natural]
  Number of nodes:             5154859 (unweighted)
  Number of edges:            94044692 (unweighted)
Number of blocks:             16
Maximum block weight:         331844 (322179 + 3% / 3%)
---------------------------------------------------------- Graph Compression ---
Enabled:                      no
-------------------------------------------------------- Partitioning Scheme ---
Partitioning mode:            deep
  Deep initial part. mode:    async-parallel
  Deep initial part. load:    1
Subgraph memory:              Lazy
----------------------------------------------------------------- Coarsening ---
Contraction limit:            2000
Coarsening algorithm:         clustering
  Cluster weight limit:       epsilon-block-weight x 1
  Shrink factor:              2.5
  Max mem-free level:         1
  Clustering algorithm:       lp
    Number of iterations:     5
    High degree threshold:    4294967295
    Max degree:               4294967295
    Tie breaking strategy:    uniform
    Implementation:           two-phase
      Relabel:                no
    2-hop clustering:         match-threadwise, if |Vcoarse| > 0.500000 * |V|
    Isolated nodes:           match-during-two-hop
  Forced hierarchy levels:    <none> (leeway: U=10.000000, L=1.100000)
Contraction algorithm:        unbuffered
  Implementation:             two-phase
------------------------------------------------------- Initial Partitioning ---
Adaptive algorithm selection: yes
----------------------------------------------------------------- Refinement ---
Refinement algorithms:        [greedy-balancer -> lp]
Label propagation:
  Number of iterations:       5
  Tie breaking strategy:      uniform
  Implementation:             single-phase
############################################################## Preprocessing ###
Removed 0 isolated nodes
  Remaining nodes:             5154859
  Remaining total node weight: 5154859
############################################################### Partitioning ###
Input graph:
 Number of nodes: 5154859 | Number of edges: 94044692
 Maximum node weight: 1

Coarsening -> Level 1 [max cluster weight: 9665]:
 Total edge weight:   81364638
 Number of nodes:     2039715 | Number of edges: 59462010
 Maximum node weight: 1035

Coarsening -> Level 2 [max cluster weight: 9665]:
 Total edge weight:   67066168
 Number of nodes:     801047 | Number of edges: 24773460
 Maximum node weight: 7757

Coarsening -> Level 3 [max cluster weight: 9665]:
 Total edge weight:   52557170
 Number of nodes:     309698 | Number of edges: 7905484
 Maximum node weight: 9665

Coarsening -> Level 4 [max cluster weight: 9665]:
 Total edge weight:   41962240
 Number of nodes:     116820 | Number of edges: 2441838
 Maximum node weight: 9665

==> Coarsening terminated with less than 128000 nodes

Initial partitioning:
 Number of blocks: 16

Uncoarsening -> Level 3
 Number of nodes: 309698 | Number of edges: 7905484
  Running refinement on 16 blocks
   1. Greedy Balancer
   2. Label Propagation

Uncoarsening -> Level 2
 Number of nodes: 801047 | Number of edges: 24773460
  Running refinement on 16 blocks
   1. Greedy Balancer
   2. Label Propagation

Uncoarsening -> Level 1
 Number of nodes: 2039715 | Number of edges: 59462010
  Running refinement on 16 blocks
   1. Greedy Balancer
   2. Label Propagation

Uncoarsening -> Level 0
 Number of nodes: 5154859 | Number of edges: 94044692
  Running refinement on 16 blocks
   1. Greedy Balancer
   2. Label Propagation
############################################################# Result Summary ###
RESULT cut=2910481 imbalance=0.0299957 feasible=1 k=16
TIME read_input_graph=0.905 partitioning=0.838 partitioning.rearrange_by_degree-buckets=0.035 partitioning.rearrange_by_degree-buckets.sort_nodes_by_integer_buckets=0.012 partitioning.rearrange_by_degree-buckets.rearrange_input_graph=0.017 partitioning.rearrange_by_degree-buckets.deallocation=0.003 partitioning.refinement=0.000 partitioning.refinement.allocation=0.000 partitioning.coarsening=0.454 partitioning.coarsening.level[0]=0.237 partitioning.coarsening.level[0].label_propagation=0.066 partitioning.coarsening.level[0].label_propagation.allocation=0.012 partitioning.coarsening.level[0].label_propagation.iteration[0]=0.046 partitioning.coarsening.level[0].label_propagation.iteration[0].first_phase=0.043 partitioning.coarsening.level[0].label_propagation.iteration[1]=0.000 partitioning.coarsening.level[0].label_propagation.iteration[1].first_phase=0.000 partitioning.coarsening.level[0].label_propagation.handle_isolated_nodes=0.000 partitioning.coarsening.level[0].label_propagation.handle_two-hop_nodes=0.000 partitioning.coarsening.level[0].label_propagation.free=0.005 partitioning.coarsening.level[0].contract_graph=0.170 partitioning.coarsening.level[0].contract_graph.allocation=0.001 partitioning.coarsening.level[0].contract_graph.preprocessing=0.018 partitioning.coarsening.level[0].contract_graph.deallocation=0.000 partitioning.coarsening.level[0].contract_graph.construct_coarse_graph=0.145 partitioning.coarsening.level[0].contract_graph.construct_coarse_graph.aggregate_coarse_edges=0.132 partitioning.coarsening.level[0].contract_graph.construct_coarse_graph.aggregate_coarse_edges.first_phase=0.119 partitioning.coarsening.level[0].contract_graph.construct_coarse_graph.aggregate_coarse_edges.second_phase=0.005 partitioning.coarsening.level[0].contract_graph.construct_coarse_graph.remap_coarse_edges_and_mapping=0.011 partitioning.coarsening.level[1]=0.147 partitioning.coarsening.level[1].label_propagation=0.042 partitioning.coarsening.level[1].label_propagation.allocation=0.011 partitioning.coarsening.level[1].label_propagation.iteration[0]=0.030 partitioning.coarsening.level[1].label_propagation.iteration[0].first_phase=0.029 partitioning.coarsening.level[1].label_propagation.iteration[1]=0.000 partitioning.coarsening.level[1].label_propagation.iteration[1].first_phase=0.000 partitioning.coarsening.level[1].label_propagation.handle_isolated_nodes=0.000 partitioning.coarsening.level[1].label_propagation.handle_two-hop_nodes=0.000 partitioning.coarsening.level[1].contract_graph=0.104 partitioning.coarsening.level[1].contract_graph.allocation=0.001 partitioning.coarsening.level[1].contract_graph.preprocessing=0.012 partitioning.coarsening.level[1].contract_graph.deallocation=0.000 partitioning.coarsening.level[1].contract_graph.construct_coarse_graph=0.089 partitioning.coarsening.level[1].contract_graph.construct_coarse_graph.aggregate_coarse_edges=0.083 partitioning.coarsening.level[1].contract_graph.construct_coarse_graph.aggregate_coarse_edges.first_phase=0.081 partitioning.coarsening.level[1].contract_graph.construct_coarse_graph.aggregate_coarse_edges.second_phase=0.001 partitioning.coarsening.level[1].contract_graph.construct_coarse_graph.remap_coarse_edges_and_mapping=0.004 partitioning.coarsening.level[2]=0.048 partitioning.coarsening.level[2].label_propagation=0.012 partitioning.coarsening.level[2].label_propagation.iteration[0]=0.012 partitioning.coarsening.level[2].label_propagation.iteration[0].first_phase=0.012 partitioning.coarsening.level[2].label_propagation.iteration[1]=0.000 partitioning.coarsening.level[2].label_propagation.iteration[1].first_phase=0.000 partitioning.coarsening.level[2].label_propagation.handle_isolated_nodes=0.000 partitioning.coarsening.level[2].label_propagation.handle_two-hop_nodes=0.000 partitioning.coarsening.level[2].contract_graph=0.035 partitioning.coarsening.level[2].contract_graph.allocation=0.000 partitioning.coarsening.level[2].contract_graph.preprocessing=0.006 partitioning.coarsening.level[2].contract_graph.deallocation=0.000 partitioning.coarsening.level[2].contract_graph.construct_coarse_graph=0.027 partitioning.coarsening.level[2].contract_graph.construct_coarse_graph.aggregate_coarse_edges=0.025 partitioning.coarsening.level[2].contract_graph.construct_coarse_graph.aggregate_coarse_edges.first_phase=0.025 partitioning.coarsening.level[2].contract_graph.construct_coarse_graph.aggregate_coarse_edges.second_phase=0.000 partitioning.coarsening.level[2].contract_graph.construct_coarse_graph.remap_coarse_edges_and_mapping=0.001 partitioning.coarsening.level[3]=0.020 partitioning.coarsening.level[3].label_propagation=0.008 partitioning.coarsening.level[3].label_propagation.iteration[0]=0.007 partitioning.coarsening.level[3].label_propagation.iteration[0].first_phase=0.007 partitioning.coarsening.level[3].label_propagation.iteration[1]=0.000 partitioning.coarsening.level[3].label_propagation.iteration[1].first_phase=0.000 partitioning.coarsening.level[3].label_propagation.handle_isolated_nodes=0.000 partitioning.coarsening.level[3].label_propagation.handle_two-hop_nodes=0.000 partitioning.coarsening.level[3].contract_graph=0.012 partitioning.coarsening.level[3].contract_graph.allocation=0.000 partitioning.coarsening.level[3].contract_graph.preprocessing=0.000 partitioning.coarsening.level[3].contract_graph.deallocation=0.000 partitioning.coarsening.level[3].contract_graph.construct_coarse_graph=0.011 partitioning.coarsening.level[3].contract_graph.construct_coarse_graph.aggregate_coarse_edges=0.010 partitioning.coarsening.level[3].contract_graph.construct_coarse_graph.aggregate_coarse_edges.first_phase=0.010 partitioning.coarsening.level[3].contract_graph.construct_coarse_graph.aggregate_coarse_edges.second_phase=0.000 partitioning.coarsening.level[3].contract_graph.construct_coarse_graph.remap_coarse_edges_and_mapping=0.000 partitioning.coarsening.deallocation=0.000 partitioning.initial_partitioning_scheme=0.165 partitioning.uncoarsening=0.176 partitioning.uncoarsening.level[3]=0.019 partitioning.uncoarsening.level[3].allocation=0.000 partitioning.uncoarsening.level[3].project_partition=0.000 partitioning.uncoarsening.level[3].create_graph=0.000 partitioning.uncoarsening.level[3].refinement=0.019 partitioning.uncoarsening.level[3].refinement.greedy_balancer=0.000 partitioning.uncoarsening.level[3].refinement.label_propagation=0.019 partitioning.uncoarsening.level[3].refinement.label_propagation.allocation=0.007 partitioning.uncoarsening.level[3].refinement.label_propagation.iteration[0]=0.005 partitioning.uncoarsening.level[3].refinement.label_propagation.iteration[1]=0.002 partitioning.uncoarsening.level[3].refinement.label_propagation.iteration[2]=0.001 partitioning.uncoarsening.level[3].refinement.label_propagation.iteration[3]=0.001 partitioning.uncoarsening.level[3].refinement.label_propagation.iteration[4]=0.000 partitioning.uncoarsening.level[2]=0.026 partitioning.uncoarsening.level[2].allocation=0.000 partitioning.uncoarsening.level[2].project_partition=0.000 partitioning.uncoarsening.level[2].create_graph=0.000 partitioning.uncoarsening.level[2].refinement=0.025 partitioning.uncoarsening.level[2].refinement.greedy_balancer=0.000 partitioning.uncoarsening.level[2].refinement.label_propagation=0.025 partitioning.uncoarsening.level[2].refinement.label_propagation.iteration[0]=0.011 partitioning.uncoarsening.level[2].refinement.label_propagation.iteration[1]=0.005 partitioning.uncoarsening.level[2].refinement.label_propagation.iteration[2]=0.003 partitioning.uncoarsening.level[2].refinement.label_propagation.iteration[3]=0.002 partitioning.uncoarsening.level[2].refinement.label_propagation.iteration[4]=0.001 partitioning.uncoarsening.level[1]=0.060 partitioning.uncoarsening.level[1].allocation=0.005 partitioning.uncoarsening.level[1].project_partition=0.000 partitioning.uncoarsening.level[1].create_graph=0.000 partitioning.uncoarsening.level[1].refinement=0.052 partitioning.uncoarsening.level[1].refinement.greedy_balancer=0.000 partitioning.uncoarsening.level[1].refinement.label_propagation=0.052 partitioning.uncoarsening.level[1].refinement.label_propagation.iteration[0]=0.026 partitioning.uncoarsening.level[1].refinement.label_propagation.iteration[1]=0.011 partitioning.uncoarsening.level[1].refinement.label_propagation.iteration[2]=0.005 partitioning.uncoarsening.level[1].refinement.label_propagation.iteration[3]=0.003 partitioning.uncoarsening.level[1].refinement.label_propagation.iteration[4]=0.003 partitioning.uncoarsening.level[0]=0.069 partitioning.uncoarsening.level[0].allocation=0.002 partitioning.uncoarsening.level[0].project_partition=0.000 partitioning.uncoarsening.level[0].create_graph=0.000 partitioning.uncoarsening.level[0].refinement=0.063 partitioning.uncoarsening.level[0].refinement.greedy_balancer=0.000 partitioning.uncoarsening.level[0].refinement.label_propagation=0.063 partitioning.uncoarsening.level[0].refinement.label_propagation.iteration[0]=0.038 partitioning.uncoarsening.level[0].refinement.label_propagation.iteration[1]=0.013 partitioning.uncoarsening.level[0].refinement.label_propagation.iteration[2]=0.005 partitioning.uncoarsening.level[0].refinement.label_propagation.iteration[3]=0.003 partitioning.uncoarsening.level[0].refinement.label_propagation.iteration[4]=0.002 partitioning.deallocation=0.001 partitioning.re-integrate_isolated_nodes=0.004 io=0.000 
MEMORY disabled

Global Timer: ................................... 1.748 s    
|- Read input graph: ............................ 0.905 s    
|- Partitioning: ................................ 0.838 s    
|  |- Rearrange by degree-buckets: .............. 0.035 s    
|  |  |- Sort nodes by integer buckets: ......... 0.012 s    
|  |  |- Rearrange input graph: ................. 0.017 s    
|  |  `- Deallocation: .......................... 0.003 s    
|  |- Refinement: ............................... 0.000 s    
|  |  `- Allocation: ............................ 0.000 s    
|  |- Coarsening: ............................... 0.454 s    
|  |  |- Level (0): ............................. 0.237 s    
|  |  |  |- Label Propagation: .................. 0.066 s    
|  |  |  |  |- Allocation: ...................... 0.012 s    
|  |  |  |  |- Iteration (0): ................... 0.046 s    
|  |  |  |  |  `- First phase: .................. 0.043 s    
|  |  |  |  |- Iteration (1): ................... 0.000 s    
|  |  |  |  |  `- First phase: .................. 0.000 s    
|  |  |  |  |- Handle isolated nodes: ........... 0.000 s    
|  |  |  |  |- Handle two-hop nodes: ............ 0.000 s    
|  |  |  |  `- Free: ............................ 0.005 s    
|  |  |  `- Contract graph: ..................... 0.170 s    
|  |  |     |- Allocation: ...................... 0.001 s (3)
|  |  |     |- Preprocessing: ................... 0.018 s (3)
|  |  |     |- Deallocation: .................... 0.000 s    
|  |  |     `- Construct coarse graph: .......... 0.145 s    
|  |  |        |- Aggregate coarse edges: ....... 0.132 s    
|  |  |        |  |- First phase: ............... 0.119 s    
|  |  |        |  `- Second phase: .............. 0.005 s    
|  |  |        `- Remap coarse edges and mapping: 0.011 s    
|  |  |- Level (1): ............................. 0.147 s    
|  |  |  |- Label Propagation: .................. 0.042 s    
|  |  |  |  |- Allocation: ...................... 0.011 s    
|  |  |  |  |- Iteration (0): ................... 0.030 s    
|  |  |  |  |  `- First phase: .................. 0.029 s    
|  |  |  |  |- Iteration (1): ................... 0.000 s    
|  |  |  |  |  `- First phase: .................. 0.000 s    
|  |  |  |  |- Handle isolated nodes: ........... 0.000 s    
|  |  |  |  `- Handle two-hop nodes: ............ 0.000 s    
|  |  |  `- Contract graph: ..................... 0.104 s    
|  |  |     |- Allocation: ...................... 0.001 s (3)
|  |  |     |- Preprocessing: ................... 0.012 s (3)
|  |  |     |- Deallocation: .................... 0.000 s    
|  |  |     `- Construct coarse graph: .......... 0.089 s    
|  |  |        |- Aggregate coarse edges: ....... 0.083 s    
|  |  |        |  |- First phase: ............... 0.081 s    
|  |  |        |  `- Second phase: .............. 0.001 s    
|  |  |        `- Remap coarse edges and mapping: 0.004 s    
|  |  |- Level (2): ............................. 0.048 s    
|  |  |  |- Label Propagation: .................. 0.012 s    
|  |  |  |  |- Iteration (0): ................... 0.012 s    
|  |  |  |  |  `- First phase: .................. 0.012 s    
|  |  |  |  |- Iteration (1): ................... 0.000 s    
|  |  |  |  |  `- First phase: .................. 0.000 s    
|  |  |  |  |- Handle isolated nodes: ........... 0.000 s    
|  |  |  |  `- Handle two-hop nodes: ............ 0.000 s    
|  |  |  `- Contract graph: ..................... 0.035 s    
|  |  |     |- Allocation: ...................... 0.000 s (3)
|  |  |     |- Preprocessing: ................... 0.006 s (3)
|  |  |     |- Deallocation: .................... 0.000 s    
|  |  |     `- Construct coarse graph: .......... 0.027 s    
|  |  |        |- Aggregate coarse edges: ....... 0.025 s    
|  |  |        |  |- First phase: ............... 0.025 s    
|  |  |        |  `- Second phase: .............. 0.000 s    
|  |  |        `- Remap coarse edges and mapping: 0.001 s    
|  |  |- Level (3): ............................. 0.020 s    
|  |  |  |- Label Propagation: .................. 0.008 s    
|  |  |  |  |- Iteration (0): ................... 0.007 s    
|  |  |  |  |  `- First phase: .................. 0.007 s    
|  |  |  |  |- Iteration (1): ................... 0.000 s    
|  |  |  |  |  `- First phase: .................. 0.000 s    
|  |  |  |  |- Handle isolated nodes: ........... 0.000 s    
|  |  |  |  `- Handle two-hop nodes: ............ 0.000 s    
|  |  |  `- Contract graph: ..................... 0.012 s    
|  |  |     |- Allocation: ...................... 0.000 s (3)
|  |  |     |- Preprocessing: ................... 0.000 s (3)
|  |  |     |- Deallocation: .................... 0.000 s    
|  |  |     `- Construct coarse graph: .......... 0.011 s    
|  |  |        |- Aggregate coarse edges: ....... 0.010 s    
|  |  |        |  |- First phase: ............... 0.010 s    
|  |  |        |  `- Second phase: .............. 0.000 s    
|  |  |        `- Remap coarse edges and mapping: 0.000 s    
|  |  `- Deallocation: .......................... 0.000 s    
|  |- Initial partitioning scheme: .............. 0.165 s    
|  |- Uncoarsening: ............................. 0.176 s    
|  |  |- Level (3): ............................. 0.019 s    
|  |  |  |- Allocation: ......................... 0.000 s    
|  |  |  |- Project partition: .................. 0.000 s    
|  |  |  |- Create graph: ....................... 0.000 s    
|  |  |  `- Refinement: ......................... 0.019 s    
|  |  |     |- Greedy Balancer: ................. 0.000 s    
|  |  |     `- Label Propagation: ............... 0.019 s    
|  |  |        |- Allocation: ................... 0.007 s    
|  |  |        |- Iteration (0): ................ 0.005 s    
|  |  |        |- Iteration (1): ................ 0.002 s    
|  |  |        |- Iteration (2): ................ 0.001 s    
|  |  |        |- Iteration (3): ................ 0.001 s    
|  |  |        `- Iteration (4): ................ 0.000 s    
|  |  |- Level (2): ............................. 0.026 s    
|  |  |  |- Allocation: ......................... 0.000 s    
|  |  |  |- Project partition: .................. 0.000 s    
|  |  |  |- Create graph: ....................... 0.000 s    
|  |  |  `- Refinement: ......................... 0.025 s    
|  |  |     |- Greedy Balancer: ................. 0.000 s    
|  |  |     `- Label Propagation: ............... 0.025 s    
|  |  |        |- Iteration (0): ................ 0.011 s    
|  |  |        |- Iteration (1): ................ 0.005 s    
|  |  |        |- Iteration (2): ................ 0.003 s    
|  |  |        |- Iteration (3): ................ 0.002 s    
|  |  |        `- Iteration (4): ................ 0.001 s    
|  |  |- Level (1): ............................. 0.060 s    
|  |  |  |- Allocation: ......................... 0.005 s    
|  |  |  |- Project partition: .................. 0.000 s    
|  |  |  |- Create graph: ....................... 0.000 s    
|  |  |  `- Refinement: ......................... 0.052 s    
|  |  |     |- Greedy Balancer: ................. 0.000 s    
|  |  |     `- Label Propagation: ............... 0.052 s    
|  |  |        |- Iteration (0): ................ 0.026 s    
|  |  |        |- Iteration (1): ................ 0.011 s    
|  |  |        |- Iteration (2): ................ 0.005 s    
|  |  |        |- Iteration (3): ................ 0.003 s    
|  |  |        `- Iteration (4): ................ 0.003 s    
|  |  `- Level (0): ............................. 0.069 s    
|  |     |- Allocation: ......................... 0.002 s    
|  |     |- Project partition: .................. 0.000 s    
|  |     |- Create graph: ....................... 0.000 s    
|  |     `- Refinement: ......................... 0.063 s    
|  |        |- Greedy Balancer: ................. 0.000 s    
|  |        `- Label Propagation: ............... 0.063 s    
|  |           |- Iteration (0): ................ 0.038 s    
|  |           |- Iteration (1): ................ 0.013 s    
|  |           |- Iteration (2): ................ 0.005 s    
|  |           |- Iteration (3): ................ 0.003 s    
|  |           `- Iteration (4): ................ 0.002 s    
|  |- Deallocation: ............................. 0.001 s    
|  `- Re-integrate isolated nodes: .............. 0.004 s    
`- IO: .......................................... 0.000 s    

Partition summary:
  Number of blocks: 16
  Edge cut:         2910481
  Imbalance:        0.0299957
  Feasible:         yes

Block weights:
  w(0 ) = 312117    w(1 ) = 319572    w(2 ) = 325041    w(3 ) = 325324  
  w(4 ) = 328889    w(5 ) = 325463    w(6 ) = 325841    w(7 ) = 331841  
  w(8 ) = 313976    w(9 ) = 320152    w(10) = 329469    w(11) = 288206  
  w(12) = 331843    w(13) = 318530    w(14) = 331843    w(15) = 326752  

Maximum resident set size: 2084104 KiB
