################################################################################
#                _  __       __  __  _         ____                            #
#               | |/ / __ _ |  \/  |(_) _ __  |  _ \  __ _  _ __               #
#               | ' / / _` || |\/| || || '_ \ | |_) |/ _` || '__|              #
#               | . \| (_| || |  | || || | | ||  __/| (_| || |                 #
#               |_|\_\\__,_||_|  |_||_||_| |_||_|    \__,_||_|                 #
#                                                                              #
################################################################################
Current commit hash:          99c62314d27845b3825829ec1e3e97256490627d
Assertion level:              always+light
Statistics:                   disabled
Built on:                     liskov
Data type sizes:
  Nodes IDs: 4 bytes | Node weights: 4 bytes
  Edges IDs: 4 bytes | Edge weights: 4 bytes
############################################################## Input Summary ###
Execution mode:               64
Seed:                         1
Graph:                        com-orkut.ungraph [node ordering: deg-buckets] [edge ordering: natural]
  Number of nodes:              3072627 (unweighted)
  Number of edges:            234370166 (unweighted)
Number of blocks:             16
Maximum block weight:         197801 (192040 + 3% / 3%)
---------------------------------------------------------- Graph Compression ---
Enabled:                      no
-------------------------------------------------------- Partitioning Scheme ---
Partitioning mode:            deep
  Deep initial part. mode:    async-parallel
  Deep initial part. load:    1
Subgraph memory:              Lazy
----------------------------------------------------------------- Coarsening ---
Contraction limit:            2000
Coarsening algorithm:         clustering
  Cluster weight limit:       epsilon-block-weight x 1
  Shrink factor:              2.5
  Max mem-free level:         1
  Clustering algorithm:       lp
    Number of iterations:     5
    High degree threshold:    4294967295
    Max degree:               4294967295
    Tie breaking strategy:    uniform
    Implementation:           two-phase
      Relabel:                no
    2-hop clustering:         match-threadwise, if |Vcoarse| > 0.500000 * |V|
    Isolated nodes:           match-during-two-hop
  Forced hierarchy levels:    <none> (leeway: U=10.000000, L=1.100000)
Contraction algorithm:        unbuffered
  Implementation:             two-phase
------------------------------------------------------- Initial Partitioning ---
Adaptive algorithm selection: yes
----------------------------------------------------------------- Refinement ---
Refinement algorithms:        [greedy-balancer -> lp]
Label propagation:
  Number of iterations:       5
  Tie breaking strategy:      uniform
  Implementation:             single-phase
############################################################## Preprocessing ###
Removed 186 isolated nodes
  Remaining nodes:             3072441
  Remaining total node weight: 3072441
############################################################### Partitioning ###
Input graph:
 Number of nodes: 3072441 | Number of edges: 234370166
 Maximum node weight: 1

Coarsening -> Level 1 [max cluster weight: 5773]:
 Total edge weight:   224653052
 Number of nodes:     1221970 | Number of edges: 191727488
 Maximum node weight: 5291

Coarsening -> Level 2 [max cluster weight: 5773]:
 Total edge weight:   200866222
 Number of nodes:     483601 | Number of edges: 85846586
 Maximum node weight: 5774

Coarsening -> Level 3 [max cluster weight: 5773]:
 Total edge weight:   179947744
 Number of nodes:     190118 | Number of edges: 35676320
 Maximum node weight: 5774

Coarsening -> Level 4 [max cluster weight: 5773]:
 Total edge weight:   167705564
 Number of nodes:     73169 | Number of edges: 13183984
 Maximum node weight: 5774

==> Coarsening terminated with less than 128000 nodes

Initial partitioning:
 Number of blocks: 16

Uncoarsening -> Level 3
 Number of nodes: 190118 | Number of edges: 35676320
  Running refinement on 16 blocks
   1. Greedy Balancer
   2. Label Propagation

Uncoarsening -> Level 2
 Number of nodes: 483601 | Number of edges: 85846586
  Running refinement on 16 blocks
   1. Greedy Balancer
   2. Label Propagation

Uncoarsening -> Level 1
 Number of nodes: 1221970 | Number of edges: 191727488
  Running refinement on 16 blocks
   1. Greedy Balancer
   2. Label Propagation

Uncoarsening -> Level 0
 Number of nodes: 3072441 | Number of edges: 234370166
  Running refinement on 16 blocks
   1. Greedy Balancer
   2. Label Propagation
############################################################# Result Summary ###
RESULT cut=31222015 imbalance=0.029999 feasible=1 k=16
TIME read_input_graph=2.354 partitioning=2.502 partitioning.rearrange_by_degree-buckets=0.056 partitioning.rearrange_by_degree-buckets.sort_nodes_by_integer_buckets=0.010 partitioning.rearrange_by_degree-buckets.rearrange_input_graph=0.038 partitioning.rearrange_by_degree-buckets.deallocation=0.004 partitioning.refinement=0.000 partitioning.refinement.allocation=0.000 partitioning.coarsening=1.562 partitioning.coarsening.level[0]=0.702 partitioning.coarsening.level[0].label_propagation=0.085 partitioning.coarsening.level[0].label_propagation.allocation=0.010 partitioning.coarsening.level[0].label_propagation.iteration[0]=0.068 partitioning.coarsening.level[0].label_propagation.iteration[0].first_phase=0.065 partitioning.coarsening.level[0].label_propagation.iteration[1]=0.000 partitioning.coarsening.level[0].label_propagation.iteration[1].first_phase=0.000 partitioning.coarsening.level[0].label_propagation.handle_isolated_nodes=0.000 partitioning.coarsening.level[0].label_propagation.handle_two-hop_nodes=0.000 partitioning.coarsening.level[0].label_propagation.free=0.005 partitioning.coarsening.level[0].contract_graph=0.616 partitioning.coarsening.level[0].contract_graph.allocation=0.001 partitioning.coarsening.level[0].contract_graph.preprocessing=0.020 partitioning.coarsening.level[0].contract_graph.deallocation=0.000 partitioning.coarsening.level[0].contract_graph.construct_coarse_graph=0.586 partitioning.coarsening.level[0].contract_graph.construct_coarse_graph.aggregate_coarse_edges=0.555 partitioning.coarsening.level[0].contract_graph.construct_coarse_graph.aggregate_coarse_edges.first_phase=0.525 partitioning.coarsening.level[0].contract_graph.construct_coarse_graph.aggregate_coarse_edges.second_phase=0.021 partitioning.coarsening.level[0].contract_graph.construct_coarse_graph.remap_coarse_edges_and_mapping=0.029 partitioning.coarsening.level[1]=0.540 partitioning.coarsening.level[1].label_propagation=0.111 partitioning.coarsening.level[1].label_propagation.allocation=0.012 partitioning.coarsening.level[1].label_propagation.iteration[0]=0.098 partitioning.coarsening.level[1].label_propagation.iteration[0].first_phase=0.081 partitioning.coarsening.level[1].label_propagation.iteration[0].second_phase=0.016 partitioning.coarsening.level[1].label_propagation.iteration[1]=0.000 partitioning.coarsening.level[1].label_propagation.iteration[1].first_phase=0.000 partitioning.coarsening.level[1].label_propagation.handle_isolated_nodes=0.000 partitioning.coarsening.level[1].label_propagation.handle_two-hop_nodes=0.000 partitioning.coarsening.level[1].contract_graph=0.429 partitioning.coarsening.level[1].contract_graph.allocation=0.001 partitioning.coarsening.level[1].contract_graph.preprocessing=0.009 partitioning.coarsening.level[1].contract_graph.deallocation=0.000 partitioning.coarsening.level[1].contract_graph.construct_coarse_graph=0.415 partitioning.coarsening.level[1].contract_graph.construct_coarse_graph.aggregate_coarse_edges=0.401 partitioning.coarsening.level[1].contract_graph.construct_coarse_graph.aggregate_coarse_edges.first_phase=0.199 partitioning.coarsening.level[1].contract_graph.construct_coarse_graph.aggregate_coarse_edges.second_phase=0.202 partitioning.coarsening.level[1].contract_graph.construct_coarse_graph.remap_coarse_edges_and_mapping=0.012 partitioning.coarsening.level[2]=0.239 partitioning.coarsening.level[2].label_propagation=0.077 partitioning.coarsening.level[2].label_propagation.iteration[0]=0.077 partitioning.coarsening.level[2].label_propagation.iteration[0].first_phase=0.059 partitioning.coarsening.level[2].label_propagation.iteration[0].second_phase=0.017 partitioning.coarsening.level[2].label_propagation.iteration[1]=0.000 partitioning.coarsening.level[2].label_propagation.iteration[1].first_phase=0.000 partitioning.coarsening.level[2].label_propagation.handle_isolated_nodes=0.000 partitioning.coarsening.level[2].label_propagation.handle_two-hop_nodes=0.000 partitioning.coarsening.level[2].contract_graph=0.161 partitioning.coarsening.level[2].contract_graph.allocation=0.000 partitioning.coarsening.level[2].contract_graph.preprocessing=0.004 partitioning.coarsening.level[2].contract_graph.deallocation=0.000 partitioning.coarsening.level[2].contract_graph.construct_coarse_graph=0.154 partitioning.coarsening.level[2].contract_graph.construct_coarse_graph.aggregate_coarse_edges=0.149 partitioning.coarsening.level[2].contract_graph.construct_coarse_graph.aggregate_coarse_edges.first_phase=0.074 partitioning.coarsening.level[2].contract_graph.construct_coarse_graph.aggregate_coarse_edges.second_phase=0.074 partitioning.coarsening.level[2].contract_graph.construct_coarse_graph.remap_coarse_edges_and_mapping=0.005 partitioning.coarsening.level[3]=0.079 partitioning.coarsening.level[3].label_propagation=0.042 partitioning.coarsening.level[3].label_propagation.iteration[0]=0.042 partitioning.coarsening.level[3].label_propagation.iteration[0].first_phase=0.029 partitioning.coarsening.level[3].label_propagation.iteration[0].second_phase=0.012 partitioning.coarsening.level[3].label_propagation.iteration[1]=0.000 partitioning.coarsening.level[3].label_propagation.iteration[1].first_phase=0.000 partitioning.coarsening.level[3].label_propagation.handle_isolated_nodes=0.000 partitioning.coarsening.level[3].label_propagation.handle_two-hop_nodes=0.000 partitioning.coarsening.level[3].contract_graph=0.037 partitioning.coarsening.level[3].contract_graph.allocation=0.000 partitioning.coarsening.level[3].contract_graph.preprocessing=0.001 partitioning.coarsening.level[3].contract_graph.deallocation=0.000 partitioning.coarsening.level[3].contract_graph.construct_coarse_graph=0.034 partitioning.coarsening.level[3].contract_graph.construct_coarse_graph.aggregate_coarse_edges=0.032 partitioning.coarsening.level[3].contract_graph.construct_coarse_graph.aggregate_coarse_edges.first_phase=0.031 partitioning.coarsening.level[3].contract_graph.construct_coarse_graph.aggregate_coarse_edges.second_phase=0.000 partitioning.coarsening.level[3].contract_graph.construct_coarse_graph.remap_coarse_edges_and_mapping=0.002 partitioning.coarsening.deallocation=0.000 partitioning.initial_partitioning_scheme=0.363 partitioning.uncoarsening=0.511 partitioning.uncoarsening.level[3]=0.033 partitioning.uncoarsening.level[3].allocation=0.000 partitioning.uncoarsening.level[3].project_partition=0.000 partitioning.uncoarsening.level[3].create_graph=0.000 partitioning.uncoarsening.level[3].refinement=0.031 partitioning.uncoarsening.level[3].refinement.greedy_balancer=0.000 partitioning.uncoarsening.level[3].refinement.label_propagation=0.031 partitioning.uncoarsening.level[3].refinement.label_propagation.allocation=0.000 partitioning.uncoarsening.level[3].refinement.label_propagation.iteration[0]=0.015 partitioning.uncoarsening.level[3].refinement.label_propagation.iteration[1]=0.006 partitioning.uncoarsening.level[3].refinement.label_propagation.iteration[2]=0.004 partitioning.uncoarsening.level[3].refinement.label_propagation.iteration[3]=0.002 partitioning.uncoarsening.level[3].refinement.label_propagation.iteration[4]=0.001 partitioning.uncoarsening.level[2]=0.078 partitioning.uncoarsening.level[2].allocation=0.000 partitioning.uncoarsening.level[2].project_partition=0.000 partitioning.uncoarsening.level[2].create_graph=0.000 partitioning.uncoarsening.level[2].refinement=0.075 partitioning.uncoarsening.level[2].refinement.greedy_balancer=0.000 partitioning.uncoarsening.level[2].refinement.label_propagation=0.075 partitioning.uncoarsening.level[2].refinement.label_propagation.iteration[0]=0.030 partitioning.uncoarsening.level[2].refinement.label_propagation.iteration[1]=0.016 partitioning.uncoarsening.level[2].refinement.label_propagation.iteration[2]=0.012 partitioning.uncoarsening.level[2].refinement.label_propagation.iteration[3]=0.009 partitioning.uncoarsening.level[2].refinement.label_propagation.iteration[4]=0.006 partitioning.uncoarsening.level[1]=0.173 partitioning.uncoarsening.level[1].allocation=0.000 partitioning.uncoarsening.level[1].project_partition=0.000 partitioning.uncoarsening.level[1].create_graph=0.000 partitioning.uncoarsening.level[1].refinement=0.167 partitioning.uncoarsening.level[1].refinement.greedy_balancer=0.011 partitioning.uncoarsening.level[1].refinement.greedy_balancer.allocation=0.000 partitioning.uncoarsening.level[1].refinement.greedy_balancer.initialize_balancer_pq=0.011 partitioning.uncoarsening.level[1].refinement.greedy_balancer.initialize_balancer_pq.thread-local=0.008 partitioning.uncoarsening.level[1].refinement.greedy_balancer.initialize_balancer_pq.merge_thread-local_pqs=0.002 partitioning.uncoarsening.level[1].refinement.greedy_balancer.main_loop=0.000 partitioning.uncoarsening.level[1].refinement.label_propagation=0.155 partitioning.uncoarsening.level[1].refinement.label_propagation.iteration[0]=0.058 partitioning.uncoarsening.level[1].refinement.label_propagation.iteration[1]=0.040 partitioning.uncoarsening.level[1].refinement.label_propagation.iteration[2]=0.027 partitioning.uncoarsening.level[1].refinement.label_propagation.iteration[3]=0.017 partitioning.uncoarsening.level[1].refinement.label_propagation.iteration[4]=0.011 partitioning.uncoarsening.level[0]=0.226 partitioning.uncoarsening.level[0].allocation=0.004 partitioning.uncoarsening.level[0].project_partition=0.000 partitioning.uncoarsening.level[0].create_graph=0.000 partitioning.uncoarsening.level[0].refinement=0.213 partitioning.uncoarsening.level[0].refinement.greedy_balancer=0.000 partitioning.uncoarsening.level[0].refinement.label_propagation=0.213 partitioning.uncoarsening.level[0].refinement.label_propagation.iteration[0]=0.102 partitioning.uncoarsening.level[0].refinement.label_propagation.iteration[1]=0.052 partitioning.uncoarsening.level[0].refinement.label_propagation.iteration[2]=0.025 partitioning.uncoarsening.level[0].refinement.label_propagation.iteration[3]=0.018 partitioning.uncoarsening.level[0].refinement.label_propagation.iteration[4]=0.013 partitioning.deallocation=0.001 partitioning.re-integrate_isolated_nodes=0.006 io=0.000 
MEMORY disabled

Global Timer: ................................... 4.864 s    
|- Read input graph: ............................ 2.354 s    
|- Partitioning: ................................ 2.502 s    
|  |- Rearrange by degree-buckets: .............. 0.056 s    
|  |  |- Sort nodes by integer buckets: ......... 0.010 s    
|  |  |- Rearrange input graph: ................. 0.038 s    
|  |  `- Deallocation: .......................... 0.004 s    
|  |- Refinement: ............................... 0.000 s    
|  |  `- Allocation: ............................ 0.000 s    
|  |- Coarsening: ............................... 1.562 s    
|  |  |- Level (0): ............................. 0.702 s    
|  |  |  |- Label Propagation: .................. 0.085 s    
|  |  |  |  |- Allocation: ...................... 0.010 s    
|  |  |  |  |- Iteration (0): ................... 0.068 s    
|  |  |  |  |  `- First phase: .................. 0.065 s    
|  |  |  |  |- Iteration (1): ................... 0.000 s    
|  |  |  |  |  `- First phase: .................. 0.000 s    
|  |  |  |  |- Handle isolated nodes: ........... 0.000 s    
|  |  |  |  |- Handle two-hop nodes: ............ 0.000 s    
|  |  |  |  `- Free: ............................ 0.005 s    
|  |  |  `- Contract graph: ..................... 0.616 s    
|  |  |     |- Allocation: ...................... 0.001 s (3)
|  |  |     |- Preprocessing: ................... 0.020 s (3)
|  |  |     |- Deallocation: .................... 0.000 s    
|  |  |     `- Construct coarse graph: .......... 0.586 s    
|  |  |        |- Aggregate coarse edges: ....... 0.555 s    
|  |  |        |  |- First phase: ............... 0.525 s    
|  |  |        |  `- Second phase: .............. 0.021 s    
|  |  |        `- Remap coarse edges and mapping: 0.029 s    
|  |  |- Level (1): ............................. 0.540 s    
|  |  |  |- Label Propagation: .................. 0.111 s    
|  |  |  |  |- Allocation: ...................... 0.012 s    
|  |  |  |  |- Iteration (0): ................... 0.098 s    
|  |  |  |  |  |- First phase: .................. 0.081 s    
|  |  |  |  |  `- Second phase: ................. 0.016 s    
|  |  |  |  |- Iteration (1): ................... 0.000 s    
|  |  |  |  |  `- First phase: .................. 0.000 s    
|  |  |  |  |- Handle isolated nodes: ........... 0.000 s    
|  |  |  |  `- Handle two-hop nodes: ............ 0.000 s    
|  |  |  `- Contract graph: ..................... 0.429 s    
|  |  |     |- Allocation: ...................... 0.001 s (3)
|  |  |     |- Preprocessing: ................... 0.009 s (3)
|  |  |     |- Deallocation: .................... 0.000 s    
|  |  |     `- Construct coarse graph: .......... 0.415 s    
|  |  |        |- Aggregate coarse edges: ....... 0.401 s    
|  |  |        |  |- First phase: ............... 0.199 s    
|  |  |        |  `- Second phase: .............. 0.202 s    
|  |  |        `- Remap coarse edges and mapping: 0.012 s    
|  |  |- Level (2): ............................. 0.239 s    
|  |  |  |- Label Propagation: .................. 0.077 s    
|  |  |  |  |- Iteration (0): ................... 0.077 s    
|  |  |  |  |  |- First phase: .................. 0.059 s    
|  |  |  |  |  `- Second phase: ................. 0.017 s    
|  |  |  |  |- Iteration (1): ................... 0.000 s    
|  |  |  |  |  `- First phase: .................. 0.000 s    
|  |  |  |  |- Handle isolated nodes: ........... 0.000 s    
|  |  |  |  `- Handle two-hop nodes: ............ 0.000 s    
|  |  |  `- Contract graph: ..................... 0.161 s    
|  |  |     |- Allocation: ...................... 0.000 s (3)
|  |  |     |- Preprocessing: ................... 0.004 s (3)
|  |  |     |- Deallocation: .................... 0.000 s    
|  |  |     `- Construct coarse graph: .......... 0.154 s    
|  |  |        |- Aggregate coarse edges: ....... 0.149 s    
|  |  |        |  |- First phase: ............... 0.074 s    
|  |  |        |  `- Second phase: .............. 0.074 s    
|  |  |        `- Remap coarse edges and mapping: 0.005 s    
|  |  |- Level (3): ............................. 0.079 s    
|  |  |  |- Label Propagation: .................. 0.042 s    
|  |  |  |  |- Iteration (0): ................... 0.042 s    
|  |  |  |  |  |- First phase: .................. 0.029 s    
|  |  |  |  |  `- Second phase: ................. 0.012 s    
|  |  |  |  |- Iteration (1): ................... 0.000 s    
|  |  |  |  |  `- First phase: .................. 0.000 s    
|  |  |  |  |- Handle isolated nodes: ........... 0.000 s    
|  |  |  |  `- Handle two-hop nodes: ............ 0.000 s    
|  |  |  `- Contract graph: ..................... 0.037 s    
|  |  |     |- Allocation: ...................... 0.000 s (3)
|  |  |     |- Preprocessing: ................... 0.001 s (3)
|  |  |     |- Deallocation: .................... 0.000 s    
|  |  |     `- Construct coarse graph: .......... 0.034 s    
|  |  |        |- Aggregate coarse edges: ....... 0.032 s    
|  |  |        |  |- First phase: ............... 0.031 s    
|  |  |        |  `- Second phase: .............. 0.000 s    
|  |  |        `- Remap coarse edges and mapping: 0.002 s    
|  |  `- Deallocation: .......................... 0.000 s    
|  |- Initial partitioning scheme: .............. 0.363 s    
|  |- Uncoarsening: ............................. 0.511 s    
|  |  |- Level (3): ............................. 0.033 s    
|  |  |  |- Allocation: ......................... 0.000 s    
|  |  |  |- Project partition: .................. 0.000 s    
|  |  |  |- Create graph: ....................... 0.000 s    
|  |  |  `- Refinement: ......................... 0.031 s    
|  |  |     |- Greedy Balancer: ................. 0.000 s    
|  |  |     `- Label Propagation: ............... 0.031 s    
|  |  |        |- Allocation: ................... 0.000 s    
|  |  |        |- Iteration (0): ................ 0.015 s    
|  |  |        |- Iteration (1): ................ 0.006 s    
|  |  |        |- Iteration (2): ................ 0.004 s    
|  |  |        |- Iteration (3): ................ 0.002 s    
|  |  |        `- Iteration (4): ................ 0.001 s    
|  |  |- Level (2): ............................. 0.078 s    
|  |  |  |- Allocation: ......................... 0.000 s    
|  |  |  |- Project partition: .................. 0.000 s    
|  |  |  |- Create graph: ....................... 0.000 s    
|  |  |  `- Refinement: ......................... 0.075 s    
|  |  |     |- Greedy Balancer: ................. 0.000 s    
|  |  |     `- Label Propagation: ............... 0.075 s    
|  |  |        |- Iteration (0): ................ 0.030 s    
|  |  |        |- Iteration (1): ................ 0.016 s    
|  |  |        |- Iteration (2): ................ 0.012 s    
|  |  |        |- Iteration (3): ................ 0.009 s    
|  |  |        `- Iteration (4): ................ 0.006 s    
|  |  |- Level (1): ............................. 0.173 s    
|  |  |  |- Allocation: ......................... 0.000 s    
|  |  |  |- Project partition: .................. 0.000 s    
|  |  |  |- Create graph: ....................... 0.000 s    
|  |  |  `- Refinement: ......................... 0.167 s    
|  |  |     |- Greedy Balancer: ................. 0.011 s    
|  |  |     |  |- Allocation: ................... 0.000 s    
|  |  |     |  |- Initialize balancer PQ: ....... 0.011 s    
|  |  |     |  |  |- Thread-local: .............. 0.008 s    
|  |  |     |  |  `- Merge thread-local PQs: .... 0.002 s    
|  |  |     |  `- Main loop: .................... 0.000 s    
|  |  |     `- Label Propagation: ............... 0.155 s    
|  |  |        |- Iteration (0): ................ 0.058 s    
|  |  |        |- Iteration (1): ................ 0.040 s    
|  |  |        |- Iteration (2): ................ 0.027 s    
|  |  |        |- Iteration (3): ................ 0.017 s    
|  |  |        `- Iteration (4): ................ 0.011 s    
|  |  `- Level (0): ............................. 0.226 s    
|  |     |- Allocation: ......................... 0.004 s    
|  |     |- Project partition: .................. 0.000 s    
|  |     |- Create graph: ....................... 0.000 s    
|  |     `- Refinement: ......................... 0.213 s    
|  |        |- Greedy Balancer: ................. 0.000 s    
|  |        `- Label Propagation: ............... 0.213 s    
|  |           |- Iteration (0): ................ 0.102 s    
|  |           |- Iteration (1): ................ 0.052 s    
|  |           |- Iteration (2): ................ 0.025 s    
|  |           |- Iteration (3): ................ 0.018 s    
|  |           `- Iteration (4): ................ 0.013 s    
|  |- Deallocation: ............................. 0.001 s    
|  `- Re-integrate isolated nodes: .............. 0.006 s    
`- IO: .......................................... 0.000 s    

Partition summary:
  Number of blocks: 16
  Edge cut:         31222015
  Imbalance:        0.029999
  Feasible:         yes

Block weights:
  w(0 ) = 197801    w(1 ) = 197801    w(2 ) = 185008    w(3 ) = 196339  
  w(4 ) = 153249    w(5 ) = 194770    w(6 ) = 177381    w(7 ) = 197800  
  w(8 ) = 197801    w(9 ) = 197800    w(10) = 197800    w(11) = 197801  
  w(12) = 197800    w(13) = 197800    w(14) = 193634    w(15) = 192042  

Maximum resident set size: 4820384 KiB
