################################################################################
#                _  __       __  __  _         ____                            #
#               | |/ / __ _ |  \/  |(_) _ __  |  _ \  __ _  _ __               #
#               | ' / / _` || |\/| || || '_ \ | |_) |/ _` || '__|              #
#               | . \| (_| || |  | || || | | ||  __/| (_| || |                 #
#               |_|\_\\__,_||_|  |_||_||_| |_||_|    \__,_||_|                 #
#                                                                              #
################################################################################
Current commit hash:          99c62314d27845b3825829ec1e3e97256490627d
Assertion level:              always+light
Statistics:                   disabled
Built on:                     liskov
Data type sizes:
  Nodes IDs: 4 bytes | Node weights: 4 bytes
  Edges IDs: 4 bytes | Edge weights: 4 bytes
############################################################## Input Summary ###
Execution mode:               64
Seed:                         1
Graph:                        dewiki-2013 [node ordering: deg-buckets] [edge ordering: natural]
  Number of nodes:             1532354 (unweighted)
  Number of edges:            66186058 (unweighted)
Number of blocks:             16
Maximum block weight:         98646 (95773 + 3% / 3%)
---------------------------------------------------------- Graph Compression ---
Enabled:                      no
-------------------------------------------------------- Partitioning Scheme ---
Partitioning mode:            deep
  Deep initial part. mode:    async-parallel
  Deep initial part. load:    1
Subgraph memory:              Lazy
----------------------------------------------------------------- Coarsening ---
Contraction limit:            2000
Coarsening algorithm:         clustering
  Cluster weight limit:       epsilon-block-weight x 1
  Shrink factor:              2.5
  Max mem-free level:         1
  Clustering algorithm:       lp
    Number of iterations:     5
    High degree threshold:    4294967295
    Max degree:               4294967295
    Tie breaking strategy:    uniform
    Implementation:           two-phase
      Relabel:                no
    2-hop clustering:         match-threadwise, if |Vcoarse| > 0.500000 * |V|
    Isolated nodes:           match-during-two-hop
  Forced hierarchy levels:    <none> (leeway: U=10.000000, L=1.100000)
Contraction algorithm:        unbuffered
  Implementation:             two-phase
------------------------------------------------------- Initial Partitioning ---
Adaptive algorithm selection: yes
----------------------------------------------------------------- Refinement ---
Refinement algorithms:        [greedy-balancer -> lp]
Label propagation:
  Number of iterations:       5
  Tie breaking strategy:      uniform
  Implementation:             single-phase
############################################################## Preprocessing ###
Removed 22206 isolated nodes
  Remaining nodes:             1510148
  Remaining total node weight: 1510148
############################################################### Partitioning ###
Input graph:
 Number of nodes: 1510148 | Number of edges: 66186058
 Maximum node weight: 1

Coarsening -> Level 1 [max cluster weight: 4261]:
 Total edge weight:   63788212
 Number of nodes:     594853 | Number of edges: 54525834
 Maximum node weight: 4261

Coarsening -> Level 2 [max cluster weight: 4261]:
 Total edge weight:   57593132
 Number of nodes:     232693 | Number of edges: 19411620
 Maximum node weight: 4263

Coarsening -> Level 3 [max cluster weight: 4261]:
 Total edge weight:   53828106
 Number of nodes:     88668 | Number of edges: 6617192
 Maximum node weight: 4263

==> Coarsening terminated with less than 128000 nodes

Initial partitioning:
 Number of blocks: 16

Uncoarsening -> Level 2
 Number of nodes: 232693 | Number of edges: 19411620
  Running refinement on 16 blocks
   1. Greedy Balancer
   2. Label Propagation

Uncoarsening -> Level 1
 Number of nodes: 594853 | Number of edges: 54525834
  Running refinement on 16 blocks
   1. Greedy Balancer
   2. Label Propagation

Uncoarsening -> Level 0
 Number of nodes: 1510148 | Number of edges: 66186058
  Running refinement on 16 blocks
   1. Greedy Balancer
   2. Label Propagation
############################################################# Result Summary ###
RESULT cut=12675775 imbalance=0.029998 feasible=1 k=16
TIME read_input_graph=0.614 partitioning=0.980 partitioning.rearrange_by_degree-buckets=0.044 partitioning.rearrange_by_degree-buckets.sort_nodes_by_integer_buckets=0.010 partitioning.rearrange_by_degree-buckets.rearrange_input_graph=0.027 partitioning.rearrange_by_degree-buckets.deallocation=0.001 partitioning.refinement=0.000 partitioning.refinement.allocation=0.000 partitioning.coarsening=0.498 partitioning.coarsening.level[0]=0.256 partitioning.coarsening.level[0].label_propagation=0.061 partitioning.coarsening.level[0].label_propagation.allocation=0.012 partitioning.coarsening.level[0].label_propagation.iteration[0]=0.037 partitioning.coarsening.level[0].label_propagation.iteration[0].first_phase=0.034 partitioning.coarsening.level[0].label_propagation.iteration[1]=0.000 partitioning.coarsening.level[0].label_propagation.iteration[1].first_phase=0.000 partitioning.coarsening.level[0].label_propagation.handle_isolated_nodes=0.000 partitioning.coarsening.level[0].label_propagation.handle_two-hop_nodes=0.000 partitioning.coarsening.level[0].label_propagation.free=0.005 partitioning.coarsening.level[0].contract_graph=0.193 partitioning.coarsening.level[0].contract_graph.allocation=0.001 partitioning.coarsening.level[0].contract_graph.preprocessing=0.013 partitioning.coarsening.level[0].contract_graph.deallocation=0.000 partitioning.coarsening.level[0].contract_graph.construct_coarse_graph=0.176 partitioning.coarsening.level[0].contract_graph.construct_coarse_graph.aggregate_coarse_edges=0.166 partitioning.coarsening.level[0].contract_graph.construct_coarse_graph.aggregate_coarse_edges.first_phase=0.124 partitioning.coarsening.level[0].contract_graph.construct_coarse_graph.aggregate_coarse_edges.second_phase=0.028 partitioning.coarsening.level[0].contract_graph.construct_coarse_graph.remap_coarse_edges_and_mapping=0.008 partitioning.coarsening.level[1]=0.148 partitioning.coarsening.level[1].label_propagation=0.050 partitioning.coarsening.level[1].label_propagation.allocation=0.000 partitioning.coarsening.level[1].label_propagation.iteration[0]=0.049 partitioning.coarsening.level[1].label_propagation.iteration[0].first_phase=0.039 partitioning.coarsening.level[1].label_propagation.iteration[0].second_phase=0.009 partitioning.coarsening.level[1].label_propagation.iteration[1]=0.000 partitioning.coarsening.level[1].label_propagation.iteration[1].first_phase=0.000 partitioning.coarsening.level[1].label_propagation.handle_isolated_nodes=0.000 partitioning.coarsening.level[1].label_propagation.handle_two-hop_nodes=0.000 partitioning.coarsening.level[1].contract_graph=0.098 partitioning.coarsening.level[1].contract_graph.allocation=0.000 partitioning.coarsening.level[1].contract_graph.preprocessing=0.004 partitioning.coarsening.level[1].contract_graph.deallocation=0.000 partitioning.coarsening.level[1].contract_graph.construct_coarse_graph=0.093 partitioning.coarsening.level[1].contract_graph.construct_coarse_graph.aggregate_coarse_edges=0.089 partitioning.coarsening.level[1].contract_graph.construct_coarse_graph.aggregate_coarse_edges.first_phase=0.048 partitioning.coarsening.level[1].contract_graph.construct_coarse_graph.aggregate_coarse_edges.second_phase=0.041 partitioning.coarsening.level[1].contract_graph.construct_coarse_graph.remap_coarse_edges_and_mapping=0.003 partitioning.coarsening.level[2]=0.093 partitioning.coarsening.level[2].label_propagation=0.063 partitioning.coarsening.level[2].label_propagation.iteration[0]=0.063 partitioning.coarsening.level[2].label_propagation.iteration[0].first_phase=0.029 partitioning.coarsening.level[2].label_propagation.iteration[0].second_phase=0.034 partitioning.coarsening.level[2].label_propagation.iteration[1]=0.000 partitioning.coarsening.level[2].label_propagation.iteration[1].first_phase=0.000 partitioning.coarsening.level[2].label_propagation.handle_isolated_nodes=0.000 partitioning.coarsening.level[2].label_propagation.handle_two-hop_nodes=0.000 partitioning.coarsening.level[2].contract_graph=0.029 partitioning.coarsening.level[2].contract_graph.allocation=0.000 partitioning.coarsening.level[2].contract_graph.preprocessing=0.003 partitioning.coarsening.level[2].contract_graph.deallocation=0.000 partitioning.coarsening.level[2].contract_graph.construct_coarse_graph=0.025 partitioning.coarsening.level[2].contract_graph.construct_coarse_graph.aggregate_coarse_edges=0.024 partitioning.coarsening.level[2].contract_graph.construct_coarse_graph.aggregate_coarse_edges.first_phase=0.024 partitioning.coarsening.level[2].contract_graph.construct_coarse_graph.aggregate_coarse_edges.second_phase=0.000 partitioning.coarsening.level[2].contract_graph.construct_coarse_graph.remap_coarse_edges_and_mapping=0.001 partitioning.coarsening.deallocation=0.000 partitioning.initial_partitioning_scheme=0.248 partitioning.uncoarsening=0.186 partitioning.uncoarsening.level[2]=0.025 partitioning.uncoarsening.level[2].allocation=0.000 partitioning.uncoarsening.level[2].project_partition=0.000 partitioning.uncoarsening.level[2].create_graph=0.000 partitioning.uncoarsening.level[2].refinement=0.024 partitioning.uncoarsening.level[2].refinement.greedy_balancer=0.000 partitioning.uncoarsening.level[2].refinement.label_propagation=0.024 partitioning.uncoarsening.level[2].refinement.label_propagation.allocation=0.000 partitioning.uncoarsening.level[2].refinement.label_propagation.iteration[0]=0.010 partitioning.uncoarsening.level[2].refinement.label_propagation.iteration[1]=0.004 partitioning.uncoarsening.level[2].refinement.label_propagation.iteration[2]=0.003 partitioning.uncoarsening.level[2].refinement.label_propagation.iteration[3]=0.002 partitioning.uncoarsening.level[2].refinement.label_propagation.iteration[4]=0.002 partitioning.uncoarsening.level[1]=0.066 partitioning.uncoarsening.level[1].allocation=0.000 partitioning.uncoarsening.level[1].project_partition=0.000 partitioning.uncoarsening.level[1].create_graph=0.000 partitioning.uncoarsening.level[1].refinement=0.064 partitioning.uncoarsening.level[1].refinement.greedy_balancer=0.003 partitioning.uncoarsening.level[1].refinement.greedy_balancer.allocation=0.000 partitioning.uncoarsening.level[1].refinement.greedy_balancer.initialize_balancer_pq=0.003 partitioning.uncoarsening.level[1].refinement.greedy_balancer.initialize_balancer_pq.thread-local=0.002 partitioning.uncoarsening.level[1].refinement.greedy_balancer.initialize_balancer_pq.merge_thread-local_pqs=0.000 partitioning.uncoarsening.level[1].refinement.greedy_balancer.main_loop=0.000 partitioning.uncoarsening.level[1].refinement.label_propagation=0.060 partitioning.uncoarsening.level[1].refinement.label_propagation.iteration[0]=0.022 partitioning.uncoarsening.level[1].refinement.label_propagation.iteration[1]=0.014 partitioning.uncoarsening.level[1].refinement.label_propagation.iteration[2]=0.009 partitioning.uncoarsening.level[1].refinement.label_propagation.iteration[3]=0.007 partitioning.uncoarsening.level[1].refinement.label_propagation.iteration[4]=0.006 partitioning.uncoarsening.level[0]=0.095 partitioning.uncoarsening.level[0].allocation=0.000 partitioning.uncoarsening.level[0].project_partition=0.000 partitioning.uncoarsening.level[0].create_graph=0.000 partitioning.uncoarsening.level[0].refinement=0.092 partitioning.uncoarsening.level[0].refinement.greedy_balancer=0.000 partitioning.uncoarsening.level[0].refinement.label_propagation=0.092 partitioning.uncoarsening.level[0].refinement.label_propagation.iteration[0]=0.043 partitioning.uncoarsening.level[0].refinement.label_propagation.iteration[1]=0.027 partitioning.uncoarsening.level[0].refinement.label_propagation.iteration[2]=0.010 partitioning.uncoarsening.level[0].refinement.label_propagation.iteration[3]=0.006 partitioning.uncoarsening.level[0].refinement.label_propagation.iteration[4]=0.003 partitioning.deallocation=0.001 partitioning.re-integrate_isolated_nodes=0.000 io=0.000 
MEMORY disabled

Global Timer: ................................... 1.597 s    
|- Read input graph: ............................ 0.614 s    
|- Partitioning: ................................ 0.980 s    
|  |- Rearrange by degree-buckets: .............. 0.044 s    
|  |  |- Sort nodes by integer buckets: ......... 0.010 s    
|  |  |- Rearrange input graph: ................. 0.027 s    
|  |  `- Deallocation: .......................... 0.001 s    
|  |- Refinement: ............................... 0.000 s    
|  |  `- Allocation: ............................ 0.000 s    
|  |- Coarsening: ............................... 0.498 s    
|  |  |- Level (0): ............................. 0.256 s    
|  |  |  |- Label Propagation: .................. 0.061 s    
|  |  |  |  |- Allocation: ...................... 0.012 s    
|  |  |  |  |- Iteration (0): ................... 0.037 s    
|  |  |  |  |  `- First phase: .................. 0.034 s    
|  |  |  |  |- Iteration (1): ................... 0.000 s    
|  |  |  |  |  `- First phase: .................. 0.000 s    
|  |  |  |  |- Handle isolated nodes: ........... 0.000 s    
|  |  |  |  |- Handle two-hop nodes: ............ 0.000 s    
|  |  |  |  `- Free: ............................ 0.005 s    
|  |  |  `- Contract graph: ..................... 0.193 s    
|  |  |     |- Allocation: ...................... 0.001 s (3)
|  |  |     |- Preprocessing: ................... 0.013 s (3)
|  |  |     |- Deallocation: .................... 0.000 s    
|  |  |     `- Construct coarse graph: .......... 0.176 s    
|  |  |        |- Aggregate coarse edges: ....... 0.166 s    
|  |  |        |  |- First phase: ............... 0.124 s    
|  |  |        |  `- Second phase: .............. 0.028 s    
|  |  |        `- Remap coarse edges and mapping: 0.008 s    
|  |  |- Level (1): ............................. 0.148 s    
|  |  |  |- Label Propagation: .................. 0.050 s    
|  |  |  |  |- Allocation: ...................... 0.000 s    
|  |  |  |  |- Iteration (0): ................... 0.049 s    
|  |  |  |  |  |- First phase: .................. 0.039 s    
|  |  |  |  |  `- Second phase: ................. 0.009 s    
|  |  |  |  |- Iteration (1): ................... 0.000 s    
|  |  |  |  |  `- First phase: .................. 0.000 s    
|  |  |  |  |- Handle isolated nodes: ........... 0.000 s    
|  |  |  |  `- Handle two-hop nodes: ............ 0.000 s    
|  |  |  `- Contract graph: ..................... 0.098 s    
|  |  |     |- Allocation: ...................... 0.000 s (3)
|  |  |     |- Preprocessing: ................... 0.004 s (3)
|  |  |     |- Deallocation: .................... 0.000 s    
|  |  |     `- Construct coarse graph: .......... 0.093 s    
|  |  |        |- Aggregate coarse edges: ....... 0.089 s    
|  |  |        |  |- First phase: ............... 0.048 s    
|  |  |        |  `- Second phase: .............. 0.041 s    
|  |  |        `- Remap coarse edges and mapping: 0.003 s    
|  |  |- Level (2): ............................. 0.093 s    
|  |  |  |- Label Propagation: .................. 0.063 s    
|  |  |  |  |- Iteration (0): ................... 0.063 s    
|  |  |  |  |  |- First phase: .................. 0.029 s    
|  |  |  |  |  `- Second phase: ................. 0.034 s    
|  |  |  |  |- Iteration (1): ................... 0.000 s    
|  |  |  |  |  `- First phase: .................. 0.000 s    
|  |  |  |  |- Handle isolated nodes: ........... 0.000 s    
|  |  |  |  `- Handle two-hop nodes: ............ 0.000 s    
|  |  |  `- Contract graph: ..................... 0.029 s    
|  |  |     |- Allocation: ...................... 0.000 s (3)
|  |  |     |- Preprocessing: ................... 0.003 s (3)
|  |  |     |- Deallocation: .................... 0.000 s    
|  |  |     `- Construct coarse graph: .......... 0.025 s    
|  |  |        |- Aggregate coarse edges: ....... 0.024 s    
|  |  |        |  |- First phase: ............... 0.024 s    
|  |  |        |  `- Second phase: .............. 0.000 s    
|  |  |        `- Remap coarse edges and mapping: 0.001 s    
|  |  `- Deallocation: .......................... 0.000 s    
|  |- Initial partitioning scheme: .............. 0.248 s    
|  |- Uncoarsening: ............................. 0.186 s    
|  |  |- Level (2): ............................. 0.025 s    
|  |  |  |- Allocation: ......................... 0.000 s    
|  |  |  |- Project partition: .................. 0.000 s    
|  |  |  |- Create graph: ....................... 0.000 s    
|  |  |  `- Refinement: ......................... 0.024 s    
|  |  |     |- Greedy Balancer: ................. 0.000 s    
|  |  |     `- Label Propagation: ............... 0.024 s    
|  |  |        |- Allocation: ................... 0.000 s    
|  |  |        |- Iteration (0): ................ 0.010 s    
|  |  |        |- Iteration (1): ................ 0.004 s    
|  |  |        |- Iteration (2): ................ 0.003 s    
|  |  |        |- Iteration (3): ................ 0.002 s    
|  |  |        `- Iteration (4): ................ 0.002 s    
|  |  |- Level (1): ............................. 0.066 s    
|  |  |  |- Allocation: ......................... 0.000 s    
|  |  |  |- Project partition: .................. 0.000 s    
|  |  |  |- Create graph: ....................... 0.000 s    
|  |  |  `- Refinement: ......................... 0.064 s    
|  |  |     |- Greedy Balancer: ................. 0.003 s    
|  |  |     |  |- Allocation: ................... 0.000 s    
|  |  |     |  |- Initialize balancer PQ: ....... 0.003 s    
|  |  |     |  |  |- Thread-local: .............. 0.002 s    
|  |  |     |  |  `- Merge thread-local PQs: .... 0.000 s    
|  |  |     |  `- Main loop: .................... 0.000 s    
|  |  |     `- Label Propagation: ............... 0.060 s    
|  |  |        |- Iteration (0): ................ 0.022 s    
|  |  |        |- Iteration (1): ................ 0.014 s    
|  |  |        |- Iteration (2): ................ 0.009 s    
|  |  |        |- Iteration (3): ................ 0.007 s    
|  |  |        `- Iteration (4): ................ 0.006 s    
|  |  `- Level (0): ............................. 0.095 s    
|  |     |- Allocation: ......................... 0.000 s    
|  |     |- Project partition: .................. 0.000 s    
|  |     |- Create graph: ....................... 0.000 s    
|  |     `- Refinement: ......................... 0.092 s    
|  |        |- Greedy Balancer: ................. 0.000 s    
|  |        `- Label Propagation: ............... 0.092 s    
|  |           |- Iteration (0): ................ 0.043 s    
|  |           |- Iteration (1): ................ 0.027 s    
|  |           |- Iteration (2): ................ 0.010 s    
|  |           |- Iteration (3): ................ 0.006 s    
|  |           `- Iteration (4): ................ 0.003 s    
|  |- Deallocation: ............................. 0.001 s    
|  `- Re-integrate isolated nodes: .............. 0.000 s    
`- IO: .......................................... 0.000 s    

Partition summary:
  Number of blocks: 16
  Edge cut:         12675775
  Imbalance:        0.029998
  Feasible:         yes

Block weights:
  w(0 ) = 98646     w(1 ) = 98646     w(2 ) = 98646     w(3 ) = 98646   
  w(4 ) = 98646     w(5 ) = 84075     w(6 ) = 98645     w(7 ) = 98258   
  w(8 ) = 91817     w(9 ) = 98158     w(10) = 87551     w(11) = 87475   
  w(12) = 98645     w(13) = 97210     w(14) = 98645     w(15) = 98645   

Maximum resident set size: 1851588 KiB
