################################################################################
#                _  __       __  __  _         ____                            #
#               | |/ / __ _ |  \/  |(_) _ __  |  _ \  __ _  _ __               #
#               | ' / / _` || |\/| || || '_ \ | |_) |/ _` || '__|              #
#               | . \| (_| || |  | || || | | ||  __/| (_| || |                 #
#               |_|\_\\__,_||_|  |_||_||_| |_||_|    \__,_||_|                 #
#                                                                              #
################################################################################
Current commit hash:          99c62314d27845b3825829ec1e3e97256490627d
Assertion level:              always+light
Statistics:                   disabled
Built on:                     liskov
Data type sizes:
  Nodes IDs: 4 bytes | Node weights: 4 bytes
  Edges IDs: 4 bytes | Edge weights: 4 bytes
############################################################## Input Summary ###
Execution mode:               64
Seed:                         1
Graph:                        enwiki-2022 [node ordering: deg-buckets] [edge ordering: natural]
  Number of nodes:              6492490 (unweighted)
  Number of edges:            289177312 (unweighted)
Number of blocks:             16
Maximum block weight:         417954 (405781 + 3% / 3%)
---------------------------------------------------------- Graph Compression ---
Enabled:                      no
-------------------------------------------------------- Partitioning Scheme ---
Partitioning mode:            deep
  Deep initial part. mode:    async-parallel
  Deep initial part. load:    1
Subgraph memory:              Lazy
----------------------------------------------------------------- Coarsening ---
Contraction limit:            2000
Coarsening algorithm:         clustering
  Cluster weight limit:       epsilon-block-weight x 1
  Shrink factor:              2.5
  Max mem-free level:         1
  Clustering algorithm:       lp
    Number of iterations:     5
    High degree threshold:    4294967295
    Max degree:               4294967295
    Tie breaking strategy:    uniform
    Implementation:           two-phase
      Relabel:                no
    2-hop clustering:         match-threadwise, if |Vcoarse| > 0.500000 * |V|
    Isolated nodes:           match-during-two-hop
  Forced hierarchy levels:    <none> (leeway: U=10.000000, L=1.100000)
Contraction algorithm:        unbuffered
  Implementation:             two-phase
------------------------------------------------------- Initial Partitioning ---
Adaptive algorithm selection: yes
----------------------------------------------------------------- Refinement ---
Refinement algorithms:        [greedy-balancer -> lp]
Label propagation:
  Number of iterations:       5
  Tie breaking strategy:      uniform
  Implementation:             single-phase
############################################################## Preprocessing ###
Removed 7871 isolated nodes
  Remaining nodes:             6484619
  Remaining total node weight: 6484619
############################################################### Partitioning ###
Input graph:
 Number of nodes: 6484619 | Number of edges: 289177312
 Maximum node weight: 1

Coarsening -> Level 1 [max cluster weight: 12665]:
 Total edge weight:   279864246
 Number of nodes:     2557621 | Number of edges: 246853072
 Maximum node weight: 12665

Coarsening -> Level 2 [max cluster weight: 12665]:
 Total edge weight:   246258466
 Number of nodes:     1012050 | Number of edges: 83360044
 Maximum node weight: 12665

Coarsening -> Level 3 [max cluster weight: 12665]:
 Total edge weight:   224485786
 Number of nodes:     396276 | Number of edges: 29160282
 Maximum node weight: 12667

Coarsening -> Level 4 [max cluster weight: 12665]:
 Total edge weight:   214764306
 Number of nodes:     152248 | Number of edges: 10348646
 Maximum node weight: 12667

Coarsening -> Level 5 [max cluster weight: 12665]:
 Total edge weight:   211672794
 Number of nodes:     57053 | Number of edges: 3652450
 Maximum node weight: 12667

==> Coarsening terminated with less than 128000 nodes

Initial partitioning:
 Number of blocks: 16

Uncoarsening -> Level 4
 Number of nodes: 152248 | Number of edges: 10348646
  Running refinement on 16 blocks
   1. Greedy Balancer
   2. Label Propagation

Uncoarsening -> Level 3
 Number of nodes: 396276 | Number of edges: 29160282
  Running refinement on 16 blocks
   1. Greedy Balancer
   2. Label Propagation

Uncoarsening -> Level 2
 Number of nodes: 1012050 | Number of edges: 83360044
  Running refinement on 16 blocks
   1. Greedy Balancer
   2. Label Propagation

Uncoarsening -> Level 1
 Number of nodes: 2557621 | Number of edges: 246853072
  Running refinement on 16 blocks
   1. Greedy Balancer
   2. Label Propagation

Uncoarsening -> Level 0
 Number of nodes: 6484619 | Number of edges: 289177312
  Running refinement on 16 blocks
   1. Greedy Balancer
   2. Label Propagation
############################################################# Result Summary ###
RESULT cut=41024142 imbalance=0.0299989 feasible=1 k=16
TIME read_input_graph=2.676 partitioning=3.234 partitioning.rearrange_by_degree-buckets=0.082 partitioning.rearrange_by_degree-buckets.sort_nodes_by_integer_buckets=0.010 partitioning.rearrange_by_degree-buckets.rearrange_input_graph=0.061 partitioning.rearrange_by_degree-buckets.deallocation=0.007 partitioning.refinement=0.000 partitioning.refinement.allocation=0.000 partitioning.coarsening=2.153 partitioning.coarsening.level[0]=0.810 partitioning.coarsening.level[0].label_propagation=0.096 partitioning.coarsening.level[0].label_propagation.allocation=0.012 partitioning.coarsening.level[0].label_propagation.iteration[0]=0.076 partitioning.coarsening.level[0].label_propagation.iteration[0].first_phase=0.072 partitioning.coarsening.level[0].label_propagation.iteration[1]=0.000 partitioning.coarsening.level[0].label_propagation.iteration[1].first_phase=0.000 partitioning.coarsening.level[0].label_propagation.handle_isolated_nodes=0.000 partitioning.coarsening.level[0].label_propagation.handle_two-hop_nodes=0.000 partitioning.coarsening.level[0].label_propagation.free=0.006 partitioning.coarsening.level[0].contract_graph=0.713 partitioning.coarsening.level[0].contract_graph.allocation=0.002 partitioning.coarsening.level[0].contract_graph.preprocessing=0.035 partitioning.coarsening.level[0].contract_graph.deallocation=0.000 partitioning.coarsening.level[0].contract_graph.construct_coarse_graph=0.666 partitioning.coarsening.level[0].contract_graph.construct_coarse_graph.aggregate_coarse_edges=0.627 partitioning.coarsening.level[0].contract_graph.construct_coarse_graph.aggregate_coarse_edges.first_phase=0.501 partitioning.coarsening.level[0].contract_graph.construct_coarse_graph.aggregate_coarse_edges.second_phase=0.119 partitioning.coarsening.level[0].contract_graph.construct_coarse_graph.remap_coarse_edges_and_mapping=0.037 partitioning.coarsening.level[1]=0.856 partitioning.coarsening.level[1].label_propagation=0.172 partitioning.coarsening.level[1].label_propagation.allocation=0.005 partitioning.coarsening.level[1].label_propagation.iteration[0]=0.165 partitioning.coarsening.level[1].label_propagation.iteration[0].first_phase=0.110 partitioning.coarsening.level[1].label_propagation.iteration[0].second_phase=0.054 partitioning.coarsening.level[1].label_propagation.iteration[1]=0.000 partitioning.coarsening.level[1].label_propagation.iteration[1].first_phase=0.000 partitioning.coarsening.level[1].label_propagation.handle_isolated_nodes=0.000 partitioning.coarsening.level[1].label_propagation.handle_two-hop_nodes=0.000 partitioning.coarsening.level[1].contract_graph=0.683 partitioning.coarsening.level[1].contract_graph.allocation=0.001 partitioning.coarsening.level[1].contract_graph.preprocessing=0.018 partitioning.coarsening.level[1].contract_graph.deallocation=0.000 partitioning.coarsening.level[1].contract_graph.construct_coarse_graph=0.660 partitioning.coarsening.level[1].contract_graph.construct_coarse_graph.aggregate_coarse_edges=0.646 partitioning.coarsening.level[1].contract_graph.construct_coarse_graph.aggregate_coarse_edges.first_phase=0.180 partitioning.coarsening.level[1].contract_graph.construct_coarse_graph.aggregate_coarse_edges.second_phase=0.466 partitioning.coarsening.level[1].contract_graph.construct_coarse_graph.remap_coarse_edges_and_mapping=0.013 partitioning.coarsening.level[2]=0.324 partitioning.coarsening.level[2].label_propagation=0.149 partitioning.coarsening.level[2].label_propagation.iteration[0]=0.148 partitioning.coarsening.level[2].label_propagation.iteration[0].first_phase=0.108 partitioning.coarsening.level[2].label_propagation.iteration[0].second_phase=0.040 partitioning.coarsening.level[2].label_propagation.iteration[1]=0.000 partitioning.coarsening.level[2].label_propagation.iteration[1].first_phase=0.000 partitioning.coarsening.level[2].label_propagation.handle_isolated_nodes=0.000 partitioning.coarsening.level[2].label_propagation.handle_two-hop_nodes=0.000 partitioning.coarsening.level[2].contract_graph=0.174 partitioning.coarsening.level[2].contract_graph.allocation=0.000 partitioning.coarsening.level[2].contract_graph.preprocessing=0.009 partitioning.coarsening.level[2].contract_graph.deallocation=0.000 partitioning.coarsening.level[2].contract_graph.construct_coarse_graph=0.162 partitioning.coarsening.level[2].contract_graph.construct_coarse_graph.aggregate_coarse_edges=0.157 partitioning.coarsening.level[2].contract_graph.construct_coarse_graph.aggregate_coarse_edges.first_phase=0.070 partitioning.coarsening.level[2].contract_graph.construct_coarse_graph.aggregate_coarse_edges.second_phase=0.086 partitioning.coarsening.level[2].contract_graph.construct_coarse_graph.remap_coarse_edges_and_mapping=0.004 partitioning.coarsening.level[3]=0.122 partitioning.coarsening.level[3].label_propagation=0.082 partitioning.coarsening.level[3].label_propagation.iteration[0]=0.082 partitioning.coarsening.level[3].label_propagation.iteration[0].first_phase=0.053 partitioning.coarsening.level[3].label_propagation.iteration[0].second_phase=0.028 partitioning.coarsening.level[3].label_propagation.iteration[1]=0.000 partitioning.coarsening.level[3].label_propagation.iteration[1].first_phase=0.000 partitioning.coarsening.level[3].label_propagation.handle_isolated_nodes=0.000 partitioning.coarsening.level[3].label_propagation.handle_two-hop_nodes=0.000 partitioning.coarsening.level[3].contract_graph=0.040 partitioning.coarsening.level[3].contract_graph.allocation=0.000 partitioning.coarsening.level[3].contract_graph.preprocessing=0.003 partitioning.coarsening.level[3].contract_graph.deallocation=0.000 partitioning.coarsening.level[3].contract_graph.construct_coarse_graph=0.036 partitioning.coarsening.level[3].contract_graph.construct_coarse_graph.aggregate_coarse_edges=0.034 partitioning.coarsening.level[3].contract_graph.construct_coarse_graph.aggregate_coarse_edges.first_phase=0.033 partitioning.coarsening.level[3].contract_graph.construct_coarse_graph.aggregate_coarse_edges.second_phase=0.000 partitioning.coarsening.level[3].contract_graph.construct_coarse_graph.remap_coarse_edges_and_mapping=0.001 partitioning.coarsening.level[4]=0.038 partitioning.coarsening.level[4].label_propagation=0.020 partitioning.coarsening.level[4].label_propagation.iteration[0]=0.020 partitioning.coarsening.level[4].label_propagation.iteration[0].first_phase=0.016 partitioning.coarsening.level[4].label_propagation.iteration[0].second_phase=0.004 partitioning.coarsening.level[4].label_propagation.iteration[1]=0.000 partitioning.coarsening.level[4].label_propagation.iteration[1].first_phase=0.000 partitioning.coarsening.level[4].label_propagation.handle_isolated_nodes=0.000 partitioning.coarsening.level[4].label_propagation.handle_two-hop_nodes=0.000 partitioning.coarsening.level[4].contract_graph=0.017 partitioning.coarsening.level[4].contract_graph.allocation=0.000 partitioning.coarsening.level[4].contract_graph.preprocessing=0.000 partitioning.coarsening.level[4].contract_graph.deallocation=0.000 partitioning.coarsening.level[4].contract_graph.construct_coarse_graph=0.016 partitioning.coarsening.level[4].contract_graph.construct_coarse_graph.aggregate_coarse_edges=0.015 partitioning.coarsening.level[4].contract_graph.construct_coarse_graph.aggregate_coarse_edges.first_phase=0.015 partitioning.coarsening.level[4].contract_graph.construct_coarse_graph.aggregate_coarse_edges.second_phase=0.000 partitioning.coarsening.level[4].contract_graph.construct_coarse_graph.remap_coarse_edges_and_mapping=0.000 partitioning.coarsening.deallocation=0.000 partitioning.initial_partitioning_scheme=0.200 partitioning.uncoarsening=0.788 partitioning.uncoarsening.level[4]=0.024 partitioning.uncoarsening.level[4].allocation=0.000 partitioning.uncoarsening.level[4].project_partition=0.000 partitioning.uncoarsening.level[4].create_graph=0.000 partitioning.uncoarsening.level[4].refinement=0.023 partitioning.uncoarsening.level[4].refinement.greedy_balancer=0.000 partitioning.uncoarsening.level[4].refinement.label_propagation=0.023 partitioning.uncoarsening.level[4].refinement.label_propagation.allocation=0.007 partitioning.uncoarsening.level[4].refinement.label_propagation.iteration[0]=0.010 partitioning.uncoarsening.level[4].refinement.label_propagation.iteration[1]=0.002 partitioning.uncoarsening.level[4].refinement.label_propagation.iteration[2]=0.001 partitioning.uncoarsening.level[4].refinement.label_propagation.iteration[3]=0.001 partitioning.uncoarsening.level[4].refinement.label_propagation.iteration[4]=0.000 partitioning.uncoarsening.level[3]=0.041 partitioning.uncoarsening.level[3].allocation=0.000 partitioning.uncoarsening.level[3].project_partition=0.000 partitioning.uncoarsening.level[3].create_graph=0.000 partitioning.uncoarsening.level[3].refinement=0.040 partitioning.uncoarsening.level[3].refinement.greedy_balancer=0.000 partitioning.uncoarsening.level[3].refinement.label_propagation=0.040 partitioning.uncoarsening.level[3].refinement.label_propagation.iteration[0]=0.024 partitioning.uncoarsening.level[3].refinement.label_propagation.iteration[1]=0.006 partitioning.uncoarsening.level[3].refinement.label_propagation.iteration[2]=0.003 partitioning.uncoarsening.level[3].refinement.label_propagation.iteration[3]=0.003 partitioning.uncoarsening.level[3].refinement.label_propagation.iteration[4]=0.002 partitioning.uncoarsening.level[2]=0.117 partitioning.uncoarsening.level[2].allocation=0.005 partitioning.uncoarsening.level[2].project_partition=0.000 partitioning.uncoarsening.level[2].create_graph=0.000 partitioning.uncoarsening.level[2].refinement=0.108 partitioning.uncoarsening.level[2].refinement.greedy_balancer=0.013 partitioning.uncoarsening.level[2].refinement.greedy_balancer.allocation=0.000 partitioning.uncoarsening.level[2].refinement.greedy_balancer.initialize_balancer_pq=0.012 partitioning.uncoarsening.level[2].refinement.greedy_balancer.initialize_balancer_pq.thread-local=0.011 partitioning.uncoarsening.level[2].refinement.greedy_balancer.initialize_balancer_pq.merge_thread-local_pqs=0.001 partitioning.uncoarsening.level[2].refinement.greedy_balancer.main_loop=0.000 partitioning.uncoarsening.level[2].refinement.label_propagation=0.094 partitioning.uncoarsening.level[2].refinement.label_propagation.iteration[0]=0.047 partitioning.uncoarsening.level[2].refinement.label_propagation.iteration[1]=0.019 partitioning.uncoarsening.level[2].refinement.label_propagation.iteration[2]=0.011 partitioning.uncoarsening.level[2].refinement.label_propagation.iteration[3]=0.009 partitioning.uncoarsening.level[2].refinement.label_propagation.iteration[4]=0.007 partitioning.uncoarsening.level[1]=0.250 partitioning.uncoarsening.level[1].allocation=0.003 partitioning.uncoarsening.level[1].project_partition=0.000 partitioning.uncoarsening.level[1].create_graph=0.000 partitioning.uncoarsening.level[1].refinement=0.242 partitioning.uncoarsening.level[1].refinement.greedy_balancer=0.000 partitioning.uncoarsening.level[1].refinement.label_propagation=0.242 partitioning.uncoarsening.level[1].refinement.label_propagation.iteration[0]=0.106 partitioning.uncoarsening.level[1].refinement.label_propagation.iteration[1]=0.054 partitioning.uncoarsening.level[1].refinement.label_propagation.iteration[2]=0.033 partitioning.uncoarsening.level[1].refinement.label_propagation.iteration[3]=0.026 partitioning.uncoarsening.level[1].refinement.label_propagation.iteration[4]=0.021 partitioning.uncoarsening.level[0]=0.353 partitioning.uncoarsening.level[0].allocation=0.003 partitioning.uncoarsening.level[0].project_partition=0.000 partitioning.uncoarsening.level[0].create_graph=0.000 partitioning.uncoarsening.level[0].refinement=0.339 partitioning.uncoarsening.level[0].refinement.greedy_balancer=0.000 partitioning.uncoarsening.level[0].refinement.label_propagation=0.339 partitioning.uncoarsening.level[0].refinement.label_propagation.iteration[0]=0.190 partitioning.uncoarsening.level[0].refinement.label_propagation.iteration[1]=0.092 partitioning.uncoarsening.level[0].refinement.label_propagation.iteration[2]=0.033 partitioning.uncoarsening.level[0].refinement.label_propagation.iteration[3]=0.011 partitioning.uncoarsening.level[0].refinement.label_propagation.iteration[4]=0.009 partitioning.deallocation=0.001 partitioning.re-integrate_isolated_nodes=0.007 io=0.000 
MEMORY disabled

Global Timer: ................................... 5.921 s    
|- Read input graph: ............................ 2.676 s    
|- Partitioning: ................................ 3.234 s    
|  |- Rearrange by degree-buckets: .............. 0.082 s    
|  |  |- Sort nodes by integer buckets: ......... 0.010 s    
|  |  |- Rearrange input graph: ................. 0.061 s    
|  |  `- Deallocation: .......................... 0.007 s    
|  |- Refinement: ............................... 0.000 s    
|  |  `- Allocation: ............................ 0.000 s    
|  |- Coarsening: ............................... 2.153 s    
|  |  |- Level (0): ............................. 0.810 s    
|  |  |  |- Label Propagation: .................. 0.096 s    
|  |  |  |  |- Allocation: ...................... 0.012 s    
|  |  |  |  |- Iteration (0): ................... 0.076 s    
|  |  |  |  |  `- First phase: .................. 0.072 s    
|  |  |  |  |- Iteration (1): ................... 0.000 s    
|  |  |  |  |  `- First phase: .................. 0.000 s    
|  |  |  |  |- Handle isolated nodes: ........... 0.000 s    
|  |  |  |  |- Handle two-hop nodes: ............ 0.000 s    
|  |  |  |  `- Free: ............................ 0.006 s    
|  |  |  `- Contract graph: ..................... 0.713 s    
|  |  |     |- Allocation: ...................... 0.002 s (3)
|  |  |     |- Preprocessing: ................... 0.035 s (3)
|  |  |     |- Deallocation: .................... 0.000 s    
|  |  |     `- Construct coarse graph: .......... 0.666 s    
|  |  |        |- Aggregate coarse edges: ....... 0.627 s    
|  |  |        |  |- First phase: ............... 0.501 s    
|  |  |        |  `- Second phase: .............. 0.119 s    
|  |  |        `- Remap coarse edges and mapping: 0.037 s    
|  |  |- Level (1): ............................. 0.856 s    
|  |  |  |- Label Propagation: .................. 0.172 s    
|  |  |  |  |- Allocation: ...................... 0.005 s    
|  |  |  |  |- Iteration (0): ................... 0.165 s    
|  |  |  |  |  |- First phase: .................. 0.110 s    
|  |  |  |  |  `- Second phase: ................. 0.054 s    
|  |  |  |  |- Iteration (1): ................... 0.000 s    
|  |  |  |  |  `- First phase: .................. 0.000 s    
|  |  |  |  |- Handle isolated nodes: ........... 0.000 s    
|  |  |  |  `- Handle two-hop nodes: ............ 0.000 s    
|  |  |  `- Contract graph: ..................... 0.683 s    
|  |  |     |- Allocation: ...................... 0.001 s (3)
|  |  |     |- Preprocessing: ................... 0.018 s (3)
|  |  |     |- Deallocation: .................... 0.000 s    
|  |  |     `- Construct coarse graph: .......... 0.660 s    
|  |  |        |- Aggregate coarse edges: ....... 0.646 s    
|  |  |        |  |- First phase: ............... 0.180 s    
|  |  |        |  `- Second phase: .............. 0.466 s    
|  |  |        `- Remap coarse edges and mapping: 0.013 s    
|  |  |- Level (2): ............................. 0.324 s    
|  |  |  |- Label Propagation: .................. 0.149 s    
|  |  |  |  |- Iteration (0): ................... 0.148 s    
|  |  |  |  |  |- First phase: .................. 0.108 s    
|  |  |  |  |  `- Second phase: ................. 0.040 s    
|  |  |  |  |- Iteration (1): ................... 0.000 s    
|  |  |  |  |  `- First phase: .................. 0.000 s    
|  |  |  |  |- Handle isolated nodes: ........... 0.000 s    
|  |  |  |  `- Handle two-hop nodes: ............ 0.000 s    
|  |  |  `- Contract graph: ..................... 0.174 s    
|  |  |     |- Allocation: ...................... 0.000 s (3)
|  |  |     |- Preprocessing: ................... 0.009 s (3)
|  |  |     |- Deallocation: .................... 0.000 s    
|  |  |     `- Construct coarse graph: .......... 0.162 s    
|  |  |        |- Aggregate coarse edges: ....... 0.157 s    
|  |  |        |  |- First phase: ............... 0.070 s    
|  |  |        |  `- Second phase: .............. 0.086 s    
|  |  |        `- Remap coarse edges and mapping: 0.004 s    
|  |  |- Level (3): ............................. 0.122 s    
|  |  |  |- Label Propagation: .................. 0.082 s    
|  |  |  |  |- Iteration (0): ................... 0.082 s    
|  |  |  |  |  |- First phase: .................. 0.053 s    
|  |  |  |  |  `- Second phase: ................. 0.028 s    
|  |  |  |  |- Iteration (1): ................... 0.000 s    
|  |  |  |  |  `- First phase: .................. 0.000 s    
|  |  |  |  |- Handle isolated nodes: ........... 0.000 s    
|  |  |  |  `- Handle two-hop nodes: ............ 0.000 s    
|  |  |  `- Contract graph: ..................... 0.040 s    
|  |  |     |- Allocation: ...................... 0.000 s (3)
|  |  |     |- Preprocessing: ................... 0.003 s (3)
|  |  |     |- Deallocation: .................... 0.000 s    
|  |  |     `- Construct coarse graph: .......... 0.036 s    
|  |  |        |- Aggregate coarse edges: ....... 0.034 s    
|  |  |        |  |- First phase: ............... 0.033 s    
|  |  |        |  `- Second phase: .............. 0.000 s    
|  |  |        `- Remap coarse edges and mapping: 0.001 s    
|  |  |- Level (4): ............................. 0.038 s    
|  |  |  |- Label Propagation: .................. 0.020 s    
|  |  |  |  |- Iteration (0): ................... 0.020 s    
|  |  |  |  |  |- First phase: .................. 0.016 s    
|  |  |  |  |  `- Second phase: ................. 0.004 s    
|  |  |  |  |- Iteration (1): ................... 0.000 s    
|  |  |  |  |  `- First phase: .................. 0.000 s    
|  |  |  |  |- Handle isolated nodes: ........... 0.000 s    
|  |  |  |  `- Handle two-hop nodes: ............ 0.000 s    
|  |  |  `- Contract graph: ..................... 0.017 s    
|  |  |     |- Allocation: ...................... 0.000 s (3)
|  |  |     |- Preprocessing: ................... 0.000 s (3)
|  |  |     |- Deallocation: .................... 0.000 s    
|  |  |     `- Construct coarse graph: .......... 0.016 s    
|  |  |        |- Aggregate coarse edges: ....... 0.015 s    
|  |  |        |  |- First phase: ............... 0.015 s    
|  |  |        |  `- Second phase: .............. 0.000 s    
|  |  |        `- Remap coarse edges and mapping: 0.000 s    
|  |  `- Deallocation: .......................... 0.000 s    
|  |- Initial partitioning scheme: .............. 0.200 s    
|  |- Uncoarsening: ............................. 0.788 s    
|  |  |- Level (4): ............................. 0.024 s    
|  |  |  |- Allocation: ......................... 0.000 s    
|  |  |  |- Project partition: .................. 0.000 s    
|  |  |  |- Create graph: ....................... 0.000 s    
|  |  |  `- Refinement: ......................... 0.023 s    
|  |  |     |- Greedy Balancer: ................. 0.000 s    
|  |  |     `- Label Propagation: ............... 0.023 s    
|  |  |        |- Allocation: ................... 0.007 s    
|  |  |        |- Iteration (0): ................ 0.010 s    
|  |  |        |- Iteration (1): ................ 0.002 s    
|  |  |        |- Iteration (2): ................ 0.001 s    
|  |  |        |- Iteration (3): ................ 0.001 s    
|  |  |        `- Iteration (4): ................ 0.000 s    
|  |  |- Level (3): ............................. 0.041 s    
|  |  |  |- Allocation: ......................... 0.000 s    
|  |  |  |- Project partition: .................. 0.000 s    
|  |  |  |- Create graph: ....................... 0.000 s    
|  |  |  `- Refinement: ......................... 0.040 s    
|  |  |     |- Greedy Balancer: ................. 0.000 s    
|  |  |     `- Label Propagation: ............... 0.040 s    
|  |  |        |- Iteration (0): ................ 0.024 s    
|  |  |        |- Iteration (1): ................ 0.006 s    
|  |  |        |- Iteration (2): ................ 0.003 s    
|  |  |        |- Iteration (3): ................ 0.003 s    
|  |  |        `- Iteration (4): ................ 0.002 s    
|  |  |- Level (2): ............................. 0.117 s    
|  |  |  |- Allocation: ......................... 0.005 s    
|  |  |  |- Project partition: .................. 0.000 s    
|  |  |  |- Create graph: ....................... 0.000 s    
|  |  |  `- Refinement: ......................... 0.108 s    
|  |  |     |- Greedy Balancer: ................. 0.013 s    
|  |  |     |  |- Allocation: ................... 0.000 s    
|  |  |     |  |- Initialize balancer PQ: ....... 0.012 s    
|  |  |     |  |  |- Thread-local: .............. 0.011 s    
|  |  |     |  |  `- Merge thread-local PQs: .... 0.001 s    
|  |  |     |  `- Main loop: .................... 0.000 s    
|  |  |     `- Label Propagation: ............... 0.094 s    
|  |  |        |- Iteration (0): ................ 0.047 s    
|  |  |        |- Iteration (1): ................ 0.019 s    
|  |  |        |- Iteration (2): ................ 0.011 s    
|  |  |        |- Iteration (3): ................ 0.009 s    
|  |  |        `- Iteration (4): ................ 0.007 s    
|  |  |- Level (1): ............................. 0.250 s    
|  |  |  |- Allocation: ......................... 0.003 s    
|  |  |  |- Project partition: .................. 0.000 s    
|  |  |  |- Create graph: ....................... 0.000 s    
|  |  |  `- Refinement: ......................... 0.242 s    
|  |  |     |- Greedy Balancer: ................. 0.000 s    
|  |  |     `- Label Propagation: ............... 0.242 s    
|  |  |        |- Iteration (0): ................ 0.106 s    
|  |  |        |- Iteration (1): ................ 0.054 s    
|  |  |        |- Iteration (2): ................ 0.033 s    
|  |  |        |- Iteration (3): ................ 0.026 s    
|  |  |        `- Iteration (4): ................ 0.021 s    
|  |  `- Level (0): ............................. 0.353 s    
|  |     |- Allocation: ......................... 0.003 s    
|  |     |- Project partition: .................. 0.000 s    
|  |     |- Create graph: ....................... 0.000 s    
|  |     `- Refinement: ......................... 0.339 s    
|  |        |- Greedy Balancer: ................. 0.000 s    
|  |        `- Label Propagation: ............... 0.339 s    
|  |           |- Iteration (0): ................ 0.190 s    
|  |           |- Iteration (1): ................ 0.092 s    
|  |           |- Iteration (2): ................ 0.033 s    
|  |           |- Iteration (3): ................ 0.011 s    
|  |           `- Iteration (4): ................ 0.009 s    
|  |- Deallocation: ............................. 0.001 s    
|  `- Re-integrate isolated nodes: .............. 0.007 s    
`- IO: .......................................... 0.000 s    

Partition summary:
  Number of blocks: 16
  Edge cut:         41024142
  Imbalance:        0.0299989
  Feasible:         yes

Block weights:
  w(0 ) = 407806    w(1 ) = 417953    w(2 ) = 417953    w(3 ) = 417953  
  w(4 ) = 388648    w(5 ) = 400022    w(6 ) = 397848    w(7 ) = 417954  
  w(8 ) = 417953    w(9 ) = 417953    w(10) = 318850    w(11) = 417953  
  w(12) = 399785    w(13) = 417953    w(14) = 417953    w(15) = 417953  

Maximum resident set size: 5382368 KiB
