################################################################################
#                _  __       __  __  _         ____                            #
#               | |/ / __ _ |  \/  |(_) _ __  |  _ \  __ _  _ __               #
#               | ' / / _` || |\/| || || '_ \ | |_) |/ _` || '__|              #
#               | . \| (_| || |  | || || | | ||  __/| (_| || |                 #
#               |_|\_\\__,_||_|  |_||_||_| |_||_|    \__,_||_|                 #
#                                                                              #
################################################################################
Current commit hash:          99c62314d27845b3825829ec1e3e97256490627d
Assertion level:              always+light
Statistics:                   disabled
Built on:                     liskov
Data type sizes:
  Nodes IDs: 4 bytes | Node weights: 4 bytes
  Edges IDs: 4 bytes | Edge weights: 4 bytes
############################################################## Input Summary ###
Execution mode:               64
Seed:                         1
Graph:                        eswiki-2013 [node ordering: deg-buckets] [edge ordering: natural]
  Number of nodes:              972933 (unweighted)
  Number of edges:            42369862 (unweighted)
Number of blocks:             16
Maximum block weight:         62633 (60809 + 3% / 3%)
---------------------------------------------------------- Graph Compression ---
Enabled:                      no
-------------------------------------------------------- Partitioning Scheme ---
Partitioning mode:            deep
  Deep initial part. mode:    async-parallel
  Deep initial part. load:    1
Subgraph memory:              Lazy
----------------------------------------------------------------- Coarsening ---
Contraction limit:            2000
Coarsening algorithm:         clustering
  Cluster weight limit:       epsilon-block-weight x 1
  Shrink factor:              2.5
  Max mem-free level:         1
  Clustering algorithm:       lp
    Number of iterations:     5
    High degree threshold:    4294967295
    Max degree:               4294967295
    Tie breaking strategy:    uniform
    Implementation:           two-phase
      Relabel:                no
    2-hop clustering:         match-threadwise, if |Vcoarse| > 0.500000 * |V|
    Isolated nodes:           match-during-two-hop
  Forced hierarchy levels:    <none> (leeway: U=10.000000, L=1.100000)
Contraction algorithm:        unbuffered
  Implementation:             two-phase
------------------------------------------------------- Initial Partitioning ---
Adaptive algorithm selection: yes
----------------------------------------------------------------- Refinement ---
Refinement algorithms:        [greedy-balancer -> lp]
Label propagation:
  Number of iterations:       5
  Tie breaking strategy:      uniform
  Implementation:             single-phase
############################################################## Preprocessing ###
Removed 2606 isolated nodes
  Remaining nodes:             970327
  Remaining total node weight: 970327
############################################################### Partitioning ###
Input graph:
 Number of nodes: 970327 | Number of edges: 42369862
 Maximum node weight: 1

Coarsening -> Level 1 [max cluster weight: 1987]:
 Total edge weight:   40879896
 Number of nodes:     371316 | Number of edges: 32377044
 Maximum node weight: 1989

Coarsening -> Level 2 [max cluster weight: 1987]:
 Total edge weight:   37842312
 Number of nodes:     144398 | Number of edges: 12381648
 Maximum node weight: 1989

Coarsening -> Level 3 [max cluster weight: 1987]:
 Total edge weight:   35941768
 Number of nodes:     54624 | Number of edges: 4600390
 Maximum node weight: 1989

==> Coarsening terminated with less than 128000 nodes

Initial partitioning:
 Number of blocks: 16

Uncoarsening -> Level 2
 Number of nodes: 144398 | Number of edges: 12381648
  Running refinement on 16 blocks
   1. Greedy Balancer
   2. Label Propagation

Uncoarsening -> Level 1
 Number of nodes: 371316 | Number of edges: 32377044
  Running refinement on 16 blocks
   1. Greedy Balancer
   2. Label Propagation

Uncoarsening -> Level 0
 Number of nodes: 970327 | Number of edges: 42369862
  Running refinement on 16 blocks
   1. Greedy Balancer
   2. Label Propagation
############################################################# Result Summary ###
RESULT cut=8161932 imbalance=0.0299956 feasible=1 k=16
TIME read_input_graph=0.379 partitioning=1.090 partitioning.rearrange_by_degree-buckets=0.037 partitioning.rearrange_by_degree-buckets.sort_nodes_by_integer_buckets=0.009 partitioning.rearrange_by_degree-buckets.rearrange_input_graph=0.024 partitioning.rearrange_by_degree-buckets.deallocation=0.000 partitioning.refinement=0.000 partitioning.refinement.allocation=0.000 partitioning.coarsening=0.515 partitioning.coarsening.level[0]=0.234 partitioning.coarsening.level[0].label_propagation=0.065 partitioning.coarsening.level[0].label_propagation.allocation=0.011 partitioning.coarsening.level[0].label_propagation.iteration[0]=0.047 partitioning.coarsening.level[0].label_propagation.iteration[0].first_phase=0.044 partitioning.coarsening.level[0].label_propagation.iteration[1]=0.000 partitioning.coarsening.level[0].label_propagation.iteration[1].first_phase=0.000 partitioning.coarsening.level[0].label_propagation.handle_isolated_nodes=0.000 partitioning.coarsening.level[0].label_propagation.handle_two-hop_nodes=0.000 partitioning.coarsening.level[0].label_propagation.free=0.006 partitioning.coarsening.level[0].contract_graph=0.168 partitioning.coarsening.level[0].contract_graph.allocation=0.000 partitioning.coarsening.level[0].contract_graph.preprocessing=0.007 partitioning.coarsening.level[0].contract_graph.deallocation=0.000 partitioning.coarsening.level[0].contract_graph.construct_coarse_graph=0.158 partitioning.coarsening.level[0].contract_graph.construct_coarse_graph.aggregate_coarse_edges=0.152 partitioning.coarsening.level[0].contract_graph.construct_coarse_graph.aggregate_coarse_edges.first_phase=0.101 partitioning.coarsening.level[0].contract_graph.construct_coarse_graph.aggregate_coarse_edges.second_phase=0.036 partitioning.coarsening.level[0].contract_graph.construct_coarse_graph.remap_coarse_edges_and_mapping=0.005 partitioning.coarsening.level[1]=0.196 partitioning.coarsening.level[1].label_propagation=0.142 partitioning.coarsening.level[1].label_propagation.allocation=0.000 partitioning.coarsening.level[1].label_propagation.iteration[0]=0.141 partitioning.coarsening.level[1].label_propagation.iteration[0].first_phase=0.126 partitioning.coarsening.level[1].label_propagation.iteration[0].second_phase=0.014 partitioning.coarsening.level[1].label_propagation.iteration[1]=0.000 partitioning.coarsening.level[1].label_propagation.iteration[1].first_phase=0.000 partitioning.coarsening.level[1].label_propagation.handle_isolated_nodes=0.000 partitioning.coarsening.level[1].label_propagation.handle_two-hop_nodes=0.000 partitioning.coarsening.level[1].contract_graph=0.053 partitioning.coarsening.level[1].contract_graph.allocation=0.000 partitioning.coarsening.level[1].contract_graph.preprocessing=0.004 partitioning.coarsening.level[1].contract_graph.deallocation=0.000 partitioning.coarsening.level[1].contract_graph.construct_coarse_graph=0.048 partitioning.coarsening.level[1].contract_graph.construct_coarse_graph.aggregate_coarse_edges=0.046 partitioning.coarsening.level[1].contract_graph.construct_coarse_graph.aggregate_coarse_edges.first_phase=0.033 partitioning.coarsening.level[1].contract_graph.construct_coarse_graph.aggregate_coarse_edges.second_phase=0.013 partitioning.coarsening.level[1].contract_graph.construct_coarse_graph.remap_coarse_edges_and_mapping=0.002 partitioning.coarsening.level[2]=0.084 partitioning.coarsening.level[2].label_propagation=0.062 partitioning.coarsening.level[2].label_propagation.iteration[0]=0.062 partitioning.coarsening.level[2].label_propagation.iteration[0].first_phase=0.054 partitioning.coarsening.level[2].label_propagation.iteration[0].second_phase=0.007 partitioning.coarsening.level[2].label_propagation.iteration[1]=0.000 partitioning.coarsening.level[2].label_propagation.iteration[1].first_phase=0.000 partitioning.coarsening.level[2].label_propagation.handle_isolated_nodes=0.000 partitioning.coarsening.level[2].label_propagation.handle_two-hop_nodes=0.000 partitioning.coarsening.level[2].contract_graph=0.022 partitioning.coarsening.level[2].contract_graph.allocation=0.000 partitioning.coarsening.level[2].contract_graph.preprocessing=0.001 partitioning.coarsening.level[2].contract_graph.deallocation=0.000 partitioning.coarsening.level[2].contract_graph.construct_coarse_graph=0.019 partitioning.coarsening.level[2].contract_graph.construct_coarse_graph.aggregate_coarse_edges=0.018 partitioning.coarsening.level[2].contract_graph.construct_coarse_graph.aggregate_coarse_edges.first_phase=0.018 partitioning.coarsening.level[2].contract_graph.construct_coarse_graph.aggregate_coarse_edges.second_phase=0.000 partitioning.coarsening.level[2].contract_graph.construct_coarse_graph.remap_coarse_edges_and_mapping=0.000 partitioning.coarsening.deallocation=0.000 partitioning.initial_partitioning_scheme=0.380 partitioning.uncoarsening=0.153 partitioning.uncoarsening.level[2]=0.019 partitioning.uncoarsening.level[2].allocation=0.000 partitioning.uncoarsening.level[2].project_partition=0.000 partitioning.uncoarsening.level[2].create_graph=0.000 partitioning.uncoarsening.level[2].refinement=0.018 partitioning.uncoarsening.level[2].refinement.greedy_balancer=0.000 partitioning.uncoarsening.level[2].refinement.label_propagation=0.018 partitioning.uncoarsening.level[2].refinement.label_propagation.allocation=0.000 partitioning.uncoarsening.level[2].refinement.label_propagation.iteration[0]=0.009 partitioning.uncoarsening.level[2].refinement.label_propagation.iteration[1]=0.003 partitioning.uncoarsening.level[2].refinement.label_propagation.iteration[2]=0.002 partitioning.uncoarsening.level[2].refinement.label_propagation.iteration[3]=0.001 partitioning.uncoarsening.level[2].refinement.label_propagation.iteration[4]=0.001 partitioning.uncoarsening.level[1]=0.050 partitioning.uncoarsening.level[1].allocation=0.000 partitioning.uncoarsening.level[1].project_partition=0.000 partitioning.uncoarsening.level[1].create_graph=0.000 partitioning.uncoarsening.level[1].refinement=0.048 partitioning.uncoarsening.level[1].refinement.greedy_balancer=0.000 partitioning.uncoarsening.level[1].refinement.label_propagation=0.048 partitioning.uncoarsening.level[1].refinement.label_propagation.iteration[0]=0.022 partitioning.uncoarsening.level[1].refinement.label_propagation.iteration[1]=0.009 partitioning.uncoarsening.level[1].refinement.label_propagation.iteration[2]=0.006 partitioning.uncoarsening.level[1].refinement.label_propagation.iteration[3]=0.005 partitioning.uncoarsening.level[1].refinement.label_propagation.iteration[4]=0.004 partitioning.uncoarsening.level[0]=0.083 partitioning.uncoarsening.level[0].allocation=0.005 partitioning.uncoarsening.level[0].project_partition=0.000 partitioning.uncoarsening.level[0].create_graph=0.000 partitioning.uncoarsening.level[0].refinement=0.074 partitioning.uncoarsening.level[0].refinement.greedy_balancer=0.006 partitioning.uncoarsening.level[0].refinement.greedy_balancer.allocation=0.000 partitioning.uncoarsening.level[0].refinement.greedy_balancer.initialize_balancer_pq=0.005 partitioning.uncoarsening.level[0].refinement.greedy_balancer.initialize_balancer_pq.thread-local=0.005 partitioning.uncoarsening.level[0].refinement.greedy_balancer.initialize_balancer_pq.merge_thread-local_pqs=0.000 partitioning.uncoarsening.level[0].refinement.greedy_balancer.main_loop=0.000 partitioning.uncoarsening.level[0].refinement.label_propagation=0.068 partitioning.uncoarsening.level[0].refinement.label_propagation.iteration[0]=0.038 partitioning.uncoarsening.level[0].refinement.label_propagation.iteration[1]=0.016 partitioning.uncoarsening.level[0].refinement.label_propagation.iteration[2]=0.005 partitioning.uncoarsening.level[0].refinement.label_propagation.iteration[3]=0.004 partitioning.uncoarsening.level[0].refinement.label_propagation.iteration[4]=0.003 partitioning.deallocation=0.001 partitioning.re-integrate_isolated_nodes=0.000 io=0.000 
MEMORY disabled

Global Timer: ................................... 1.472 s    
|- Read input graph: ............................ 0.379 s    
|- Partitioning: ................................ 1.090 s    
|  |- Rearrange by degree-buckets: .............. 0.037 s    
|  |  |- Sort nodes by integer buckets: ......... 0.009 s    
|  |  |- Rearrange input graph: ................. 0.024 s    
|  |  `- Deallocation: .......................... 0.000 s    
|  |- Refinement: ............................... 0.000 s    
|  |  `- Allocation: ............................ 0.000 s    
|  |- Coarsening: ............................... 0.515 s    
|  |  |- Level (0): ............................. 0.234 s    
|  |  |  |- Label Propagation: .................. 0.065 s    
|  |  |  |  |- Allocation: ...................... 0.011 s    
|  |  |  |  |- Iteration (0): ................... 0.047 s    
|  |  |  |  |  `- First phase: .................. 0.044 s    
|  |  |  |  |- Iteration (1): ................... 0.000 s    
|  |  |  |  |  `- First phase: .................. 0.000 s    
|  |  |  |  |- Handle isolated nodes: ........... 0.000 s    
|  |  |  |  |- Handle two-hop nodes: ............ 0.000 s    
|  |  |  |  `- Free: ............................ 0.006 s    
|  |  |  `- Contract graph: ..................... 0.168 s    
|  |  |     |- Allocation: ...................... 0.000 s (3)
|  |  |     |- Preprocessing: ................... 0.007 s (3)
|  |  |     |- Deallocation: .................... 0.000 s    
|  |  |     `- Construct coarse graph: .......... 0.158 s    
|  |  |        |- Aggregate coarse edges: ....... 0.152 s    
|  |  |        |  |- First phase: ............... 0.101 s    
|  |  |        |  `- Second phase: .............. 0.036 s    
|  |  |        `- Remap coarse edges and mapping: 0.005 s    
|  |  |- Level (1): ............................. 0.196 s    
|  |  |  |- Label Propagation: .................. 0.142 s    
|  |  |  |  |- Allocation: ...................... 0.000 s    
|  |  |  |  |- Iteration (0): ................... 0.141 s    
|  |  |  |  |  |- First phase: .................. 0.126 s    
|  |  |  |  |  `- Second phase: ................. 0.014 s    
|  |  |  |  |- Iteration (1): ................... 0.000 s    
|  |  |  |  |  `- First phase: .................. 0.000 s    
|  |  |  |  |- Handle isolated nodes: ........... 0.000 s    
|  |  |  |  `- Handle two-hop nodes: ............ 0.000 s    
|  |  |  `- Contract graph: ..................... 0.053 s    
|  |  |     |- Allocation: ...................... 0.000 s (3)
|  |  |     |- Preprocessing: ................... 0.004 s (3)
|  |  |     |- Deallocation: .................... 0.000 s    
|  |  |     `- Construct coarse graph: .......... 0.048 s    
|  |  |        |- Aggregate coarse edges: ....... 0.046 s    
|  |  |        |  |- First phase: ............... 0.033 s    
|  |  |        |  `- Second phase: .............. 0.013 s    
|  |  |        `- Remap coarse edges and mapping: 0.002 s    
|  |  |- Level (2): ............................. 0.084 s    
|  |  |  |- Label Propagation: .................. 0.062 s    
|  |  |  |  |- Iteration (0): ................... 0.062 s    
|  |  |  |  |  |- First phase: .................. 0.054 s    
|  |  |  |  |  `- Second phase: ................. 0.007 s    
|  |  |  |  |- Iteration (1): ................... 0.000 s    
|  |  |  |  |  `- First phase: .................. 0.000 s    
|  |  |  |  |- Handle isolated nodes: ........... 0.000 s    
|  |  |  |  `- Handle two-hop nodes: ............ 0.000 s    
|  |  |  `- Contract graph: ..................... 0.022 s    
|  |  |     |- Allocation: ...................... 0.000 s (3)
|  |  |     |- Preprocessing: ................... 0.001 s (3)
|  |  |     |- Deallocation: .................... 0.000 s    
|  |  |     `- Construct coarse graph: .......... 0.019 s    
|  |  |        |- Aggregate coarse edges: ....... 0.018 s    
|  |  |        |  |- First phase: ............... 0.018 s    
|  |  |        |  `- Second phase: .............. 0.000 s    
|  |  |        `- Remap coarse edges and mapping: 0.000 s    
|  |  `- Deallocation: .......................... 0.000 s    
|  |- Initial partitioning scheme: .............. 0.380 s    
|  |- Uncoarsening: ............................. 0.153 s    
|  |  |- Level (2): ............................. 0.019 s    
|  |  |  |- Allocation: ......................... 0.000 s    
|  |  |  |- Project partition: .................. 0.000 s    
|  |  |  |- Create graph: ....................... 0.000 s    
|  |  |  `- Refinement: ......................... 0.018 s    
|  |  |     |- Greedy Balancer: ................. 0.000 s    
|  |  |     `- Label Propagation: ............... 0.018 s    
|  |  |        |- Allocation: ................... 0.000 s    
|  |  |        |- Iteration (0): ................ 0.009 s    
|  |  |        |- Iteration (1): ................ 0.003 s    
|  |  |        |- Iteration (2): ................ 0.002 s    
|  |  |        |- Iteration (3): ................ 0.001 s    
|  |  |        `- Iteration (4): ................ 0.001 s    
|  |  |- Level (1): ............................. 0.050 s    
|  |  |  |- Allocation: ......................... 0.000 s    
|  |  |  |- Project partition: .................. 0.000 s    
|  |  |  |- Create graph: ....................... 0.000 s    
|  |  |  `- Refinement: ......................... 0.048 s    
|  |  |     |- Greedy Balancer: ................. 0.000 s    
|  |  |     `- Label Propagation: ............... 0.048 s    
|  |  |        |- Iteration (0): ................ 0.022 s    
|  |  |        |- Iteration (1): ................ 0.009 s    
|  |  |        |- Iteration (2): ................ 0.006 s    
|  |  |        |- Iteration (3): ................ 0.005 s    
|  |  |        `- Iteration (4): ................ 0.004 s    
|  |  `- Level (0): ............................. 0.083 s    
|  |     |- Allocation: ......................... 0.005 s    
|  |     |- Project partition: .................. 0.000 s    
|  |     |- Create graph: ....................... 0.000 s    
|  |     `- Refinement: ......................... 0.074 s    
|  |        |- Greedy Balancer: ................. 0.006 s    
|  |        |  |- Allocation: ................... 0.000 s    
|  |        |  |- Initialize balancer PQ: ....... 0.005 s    
|  |        |  |  |- Thread-local: .............. 0.005 s    
|  |        |  |  `- Merge thread-local PQs: .... 0.000 s    
|  |        |  `- Main loop: .................... 0.000 s    
|  |        `- Label Propagation: ............... 0.068 s    
|  |           |- Iteration (0): ................ 0.038 s    
|  |           |- Iteration (1): ................ 0.016 s    
|  |           |- Iteration (2): ................ 0.005 s    
|  |           |- Iteration (3): ................ 0.004 s    
|  |           `- Iteration (4): ................ 0.003 s    
|  |- Deallocation: ............................. 0.001 s    
|  `- Re-integrate isolated nodes: .............. 0.000 s    
`- IO: .......................................... 0.000 s    

Partition summary:
  Number of blocks: 16
  Edge cut:         8161932
  Imbalance:        0.0299956
  Feasible:         yes

Block weights:
  w(0 ) = 52725    w(1 ) = 62633    w(2 ) = 62633    w(3 ) = 62632  
  w(4 ) = 50000    w(5 ) = 62631    w(6 ) = 62632    w(7 ) = 61108  
  w(8 ) = 62632    w(9 ) = 58919    w(10) = 62633    w(11) = 62630  
  w(12) = 61227    w(13) = 62632    w(14) = 62633    w(15) = 62633  

Maximum resident set size: 1636764 KiB
