################################################################################
#                _  __       __  __  _         ____                            #
#               | |/ / __ _ |  \/  |(_) _ __  |  _ \  __ _  _ __               #
#               | ' / / _` || |\/| || || '_ \ | |_) |/ _` || '__|              #
#               | . \| (_| || |  | || || | | ||  __/| (_| || |                 #
#               |_|\_\\__,_||_|  |_||_||_| |_||_|    \__,_||_|                 #
#                                                                              #
################################################################################
Current commit hash:          99c62314d27845b3825829ec1e3e97256490627d
Assertion level:              always+light
Statistics:                   disabled
Built on:                     liskov
Data type sizes:
  Nodes IDs: 4 bytes | Node weights: 4 bytes
  Edges IDs: 4 bytes | Edge weights: 4 bytes
############################################################## Input Summary ###
Execution mode:               64
Seed:                         1
Graph:                        Geo_1438 [node ordering: deg-buckets] [edge ordering: natural]
  Number of nodes:             1437960 (unweighted)
  Number of edges:            61718730 (unweighted)
Number of blocks:             16
Maximum block weight:         92569 (89873 + 3% / 3%)
---------------------------------------------------------- Graph Compression ---
Enabled:                      no
-------------------------------------------------------- Partitioning Scheme ---
Partitioning mode:            deep
  Deep initial part. mode:    async-parallel
  Deep initial part. load:    1
Subgraph memory:              Lazy
----------------------------------------------------------------- Coarsening ---
Contraction limit:            2000
Coarsening algorithm:         clustering
  Cluster weight limit:       epsilon-block-weight x 1
  Shrink factor:              2.5
  Max mem-free level:         1
  Clustering algorithm:       lp
    Number of iterations:     5
    High degree threshold:    4294967295
    Max degree:               4294967295
    Tie breaking strategy:    uniform
    Implementation:           two-phase
      Relabel:                no
    2-hop clustering:         match-threadwise, if |Vcoarse| > 0.500000 * |V|
    Isolated nodes:           match-during-two-hop
  Forced hierarchy levels:    <none> (leeway: U=10.000000, L=1.100000)
Contraction algorithm:        unbuffered
  Implementation:             two-phase
------------------------------------------------------- Initial Partitioning ---
Adaptive algorithm selection: yes
----------------------------------------------------------------- Refinement ---
Refinement algorithms:        [greedy-balancer -> lp]
Label propagation:
  Number of iterations:       5
  Tie breaking strategy:      uniform
  Implementation:             single-phase
############################################################## Preprocessing ###
Removed 0 isolated nodes
  Remaining nodes:             1437960
  Remaining total node weight: 1437960
############################################################### Partitioning ###
Input graph:
 Number of nodes: 1437960 | Number of edges: 61718730
 Maximum node weight: 1

Coarsening -> Level 1 [max cluster weight: 2696]:
 Total edge weight:   45631592
 Number of nodes:     564476 | Number of edges: 15775074
 Maximum node weight: 370

Coarsening -> Level 2 [max cluster weight: 2696]:
 Total edge weight:   32522796
 Number of nodes:     217191 | Number of edges: 4368142
 Maximum node weight: 1855

Coarsening -> Level 3 [max cluster weight: 2696]:
 Total edge weight:   23103520
 Number of nodes:     81119 | Number of edges: 1276922
 Maximum node weight: 2696

==> Coarsening terminated with less than 128000 nodes

Initial partitioning:
 Number of blocks: 16

Uncoarsening -> Level 2
 Number of nodes: 217191 | Number of edges: 4368142
  Running refinement on 16 blocks
   1. Greedy Balancer
   2. Label Propagation

Uncoarsening -> Level 1
 Number of nodes: 564476 | Number of edges: 15775074
  Running refinement on 16 blocks
   1. Greedy Balancer
   2. Label Propagation

Uncoarsening -> Level 0
 Number of nodes: 1437960 | Number of edges: 61718730
  Running refinement on 16 blocks
   1. Greedy Balancer
   2. Label Propagation
############################################################# Result Summary ###
RESULT cut=939677 imbalance=0.0298866 feasible=1 k=16
TIME read_input_graph=0.554 partitioning=0.384 partitioning.rearrange_by_degree-buckets=0.041 partitioning.rearrange_by_degree-buckets.sort_nodes_by_integer_buckets=0.014 partitioning.rearrange_by_degree-buckets.rearrange_input_graph=0.020 partitioning.rearrange_by_degree-buckets.deallocation=0.003 partitioning.refinement=0.000 partitioning.refinement.allocation=0.000 partitioning.coarsening=0.146 partitioning.coarsening.level[0]=0.096 partitioning.coarsening.level[0].label_propagation=0.035 partitioning.coarsening.level[0].label_propagation.allocation=0.010 partitioning.coarsening.level[0].label_propagation.iteration[0]=0.018 partitioning.coarsening.level[0].label_propagation.iteration[0].first_phase=0.016 partitioning.coarsening.level[0].label_propagation.iteration[1]=0.000 partitioning.coarsening.level[0].label_propagation.iteration[1].first_phase=0.000 partitioning.coarsening.level[0].label_propagation.handle_isolated_nodes=0.000 partitioning.coarsening.level[0].label_propagation.handle_two-hop_nodes=0.000 partitioning.coarsening.level[0].label_propagation.free=0.005 partitioning.coarsening.level[0].contract_graph=0.061 partitioning.coarsening.level[0].contract_graph.allocation=0.001 partitioning.coarsening.level[0].contract_graph.preprocessing=0.002 partitioning.coarsening.level[0].contract_graph.deallocation=0.000 partitioning.coarsening.level[0].contract_graph.construct_coarse_graph=0.054 partitioning.coarsening.level[0].contract_graph.construct_coarse_graph.aggregate_coarse_edges=0.050 partitioning.coarsening.level[0].contract_graph.construct_coarse_graph.aggregate_coarse_edges.first_phase=0.039 partitioning.coarsening.level[0].contract_graph.construct_coarse_graph.aggregate_coarse_edges.second_phase=0.000 partitioning.coarsening.level[0].contract_graph.construct_coarse_graph.remap_coarse_edges_and_mapping=0.003 partitioning.coarsening.level[1]=0.032 partitioning.coarsening.level[1].label_propagation=0.008 partitioning.coarsening.level[1].label_propagation.allocation=0.000 partitioning.coarsening.level[1].label_propagation.iteration[0]=0.007 partitioning.coarsening.level[1].label_propagation.iteration[0].first_phase=0.007 partitioning.coarsening.level[1].label_propagation.iteration[1]=0.000 partitioning.coarsening.level[1].label_propagation.iteration[1].first_phase=0.000 partitioning.coarsening.level[1].label_propagation.handle_isolated_nodes=0.000 partitioning.coarsening.level[1].label_propagation.handle_two-hop_nodes=0.000 partitioning.coarsening.level[1].contract_graph=0.023 partitioning.coarsening.level[1].contract_graph.allocation=0.000 partitioning.coarsening.level[1].contract_graph.preprocessing=0.001 partitioning.coarsening.level[1].contract_graph.deallocation=0.000 partitioning.coarsening.level[1].contract_graph.construct_coarse_graph=0.021 partitioning.coarsening.level[1].contract_graph.construct_coarse_graph.aggregate_coarse_edges=0.020 partitioning.coarsening.level[1].contract_graph.construct_coarse_graph.aggregate_coarse_edges.first_phase=0.020 partitioning.coarsening.level[1].contract_graph.construct_coarse_graph.aggregate_coarse_edges.second_phase=0.000 partitioning.coarsening.level[1].contract_graph.construct_coarse_graph.remap_coarse_edges_and_mapping=0.001 partitioning.coarsening.level[2]=0.017 partitioning.coarsening.level[2].label_propagation=0.002 partitioning.coarsening.level[2].label_propagation.iteration[0]=0.002 partitioning.coarsening.level[2].label_propagation.iteration[0].first_phase=0.001 partitioning.coarsening.level[2].label_propagation.iteration[1]=0.000 partitioning.coarsening.level[2].label_propagation.iteration[1].first_phase=0.000 partitioning.coarsening.level[2].label_propagation.handle_isolated_nodes=0.000 partitioning.coarsening.level[2].label_propagation.handle_two-hop_nodes=0.000 partitioning.coarsening.level[2].contract_graph=0.015 partitioning.coarsening.level[2].contract_graph.allocation=0.000 partitioning.coarsening.level[2].contract_graph.preprocessing=0.000 partitioning.coarsening.level[2].contract_graph.deallocation=0.000 partitioning.coarsening.level[2].contract_graph.construct_coarse_graph=0.014 partitioning.coarsening.level[2].contract_graph.construct_coarse_graph.aggregate_coarse_edges=0.013 partitioning.coarsening.level[2].contract_graph.construct_coarse_graph.aggregate_coarse_edges.first_phase=0.013 partitioning.coarsening.level[2].contract_graph.construct_coarse_graph.aggregate_coarse_edges.second_phase=0.000 partitioning.coarsening.level[2].contract_graph.construct_coarse_graph.remap_coarse_edges_and_mapping=0.000 partitioning.coarsening.deallocation=0.000 partitioning.initial_partitioning_scheme=0.131 partitioning.uncoarsening=0.048 partitioning.uncoarsening.level[2]=0.005 partitioning.uncoarsening.level[2].allocation=0.000 partitioning.uncoarsening.level[2].project_partition=0.000 partitioning.uncoarsening.level[2].create_graph=0.000 partitioning.uncoarsening.level[2].refinement=0.005 partitioning.uncoarsening.level[2].refinement.greedy_balancer=0.000 partitioning.uncoarsening.level[2].refinement.label_propagation=0.005 partitioning.uncoarsening.level[2].refinement.label_propagation.allocation=0.000 partitioning.uncoarsening.level[2].refinement.label_propagation.iteration[0]=0.002 partitioning.uncoarsening.level[2].refinement.label_propagation.iteration[1]=0.000 partitioning.uncoarsening.level[2].refinement.label_propagation.iteration[2]=0.000 partitioning.uncoarsening.level[2].refinement.label_propagation.iteration[3]=0.000 partitioning.uncoarsening.level[2].refinement.label_propagation.iteration[4]=0.000 partitioning.uncoarsening.level[1]=0.011 partitioning.uncoarsening.level[1].allocation=0.000 partitioning.uncoarsening.level[1].project_partition=0.000 partitioning.uncoarsening.level[1].create_graph=0.000 partitioning.uncoarsening.level[1].refinement=0.010 partitioning.uncoarsening.level[1].refinement.greedy_balancer=0.000 partitioning.uncoarsening.level[1].refinement.label_propagation=0.010 partitioning.uncoarsening.level[1].refinement.label_propagation.iteration[0]=0.006 partitioning.uncoarsening.level[1].refinement.label_propagation.iteration[1]=0.001 partitioning.uncoarsening.level[1].refinement.label_propagation.iteration[2]=0.001 partitioning.uncoarsening.level[1].refinement.label_propagation.iteration[3]=0.000 partitioning.uncoarsening.level[1].refinement.label_propagation.iteration[4]=0.000 partitioning.uncoarsening.level[0]=0.031 partitioning.uncoarsening.level[0].allocation=0.006 partitioning.uncoarsening.level[0].project_partition=0.000 partitioning.uncoarsening.level[0].create_graph=0.000 partitioning.uncoarsening.level[0].refinement=0.021 partitioning.uncoarsening.level[0].refinement.greedy_balancer=0.000 partitioning.uncoarsening.level[0].refinement.label_propagation=0.021 partitioning.uncoarsening.level[0].refinement.label_propagation.iteration[0]=0.013 partitioning.uncoarsening.level[0].refinement.label_propagation.iteration[1]=0.003 partitioning.uncoarsening.level[0].refinement.label_propagation.iteration[2]=0.001 partitioning.uncoarsening.level[0].refinement.label_propagation.iteration[3]=0.001 partitioning.uncoarsening.level[0].refinement.label_propagation.iteration[4]=0.001 partitioning.deallocation=0.001 partitioning.re-integrate_isolated_nodes=0.012 io=0.000 
MEMORY disabled

Global Timer: ................................... 0.940 s    
|- Read input graph: ............................ 0.554 s    
|- Partitioning: ................................ 0.384 s    
|  |- Rearrange by degree-buckets: .............. 0.041 s    
|  |  |- Sort nodes by integer buckets: ......... 0.014 s    
|  |  |- Rearrange input graph: ................. 0.020 s    
|  |  `- Deallocation: .......................... 0.003 s    
|  |- Refinement: ............................... 0.000 s    
|  |  `- Allocation: ............................ 0.000 s    
|  |- Coarsening: ............................... 0.146 s    
|  |  |- Level (0): ............................. 0.096 s    
|  |  |  |- Label Propagation: .................. 0.035 s    
|  |  |  |  |- Allocation: ...................... 0.010 s    
|  |  |  |  |- Iteration (0): ................... 0.018 s    
|  |  |  |  |  `- First phase: .................. 0.016 s    
|  |  |  |  |- Iteration (1): ................... 0.000 s    
|  |  |  |  |  `- First phase: .................. 0.000 s    
|  |  |  |  |- Handle isolated nodes: ........... 0.000 s    
|  |  |  |  |- Handle two-hop nodes: ............ 0.000 s    
|  |  |  |  `- Free: ............................ 0.005 s    
|  |  |  `- Contract graph: ..................... 0.061 s    
|  |  |     |- Allocation: ...................... 0.001 s (3)
|  |  |     |- Preprocessing: ................... 0.002 s (3)
|  |  |     |- Deallocation: .................... 0.000 s    
|  |  |     `- Construct coarse graph: .......... 0.054 s    
|  |  |        |- Aggregate coarse edges: ....... 0.050 s    
|  |  |        |  |- First phase: ............... 0.039 s    
|  |  |        |  `- Second phase: .............. 0.000 s    
|  |  |        `- Remap coarse edges and mapping: 0.003 s    
|  |  |- Level (1): ............................. 0.032 s    
|  |  |  |- Label Propagation: .................. 0.008 s    
|  |  |  |  |- Allocation: ...................... 0.000 s    
|  |  |  |  |- Iteration (0): ................... 0.007 s    
|  |  |  |  |  `- First phase: .................. 0.007 s    
|  |  |  |  |- Iteration (1): ................... 0.000 s    
|  |  |  |  |  `- First phase: .................. 0.000 s    
|  |  |  |  |- Handle isolated nodes: ........... 0.000 s    
|  |  |  |  `- Handle two-hop nodes: ............ 0.000 s    
|  |  |  `- Contract graph: ..................... 0.023 s    
|  |  |     |- Allocation: ...................... 0.000 s (3)
|  |  |     |- Preprocessing: ................... 0.001 s (3)
|  |  |     |- Deallocation: .................... 0.000 s    
|  |  |     `- Construct coarse graph: .......... 0.021 s    
|  |  |        |- Aggregate coarse edges: ....... 0.020 s    
|  |  |        |  |- First phase: ............... 0.020 s    
|  |  |        |  `- Second phase: .............. 0.000 s    
|  |  |        `- Remap coarse edges and mapping: 0.001 s    
|  |  |- Level (2): ............................. 0.017 s    
|  |  |  |- Label Propagation: .................. 0.002 s    
|  |  |  |  |- Iteration (0): ................... 0.002 s    
|  |  |  |  |  `- First phase: .................. 0.001 s    
|  |  |  |  |- Iteration (1): ................... 0.000 s    
|  |  |  |  |  `- First phase: .................. 0.000 s    
|  |  |  |  |- Handle isolated nodes: ........... 0.000 s    
|  |  |  |  `- Handle two-hop nodes: ............ 0.000 s    
|  |  |  `- Contract graph: ..................... 0.015 s    
|  |  |     |- Allocation: ...................... 0.000 s (3)
|  |  |     |- Preprocessing: ................... 0.000 s (3)
|  |  |     |- Deallocation: .................... 0.000 s    
|  |  |     `- Construct coarse graph: .......... 0.014 s    
|  |  |        |- Aggregate coarse edges: ....... 0.013 s    
|  |  |        |  |- First phase: ............... 0.013 s    
|  |  |        |  `- Second phase: .............. 0.000 s    
|  |  |        `- Remap coarse edges and mapping: 0.000 s    
|  |  `- Deallocation: .......................... 0.000 s    
|  |- Initial partitioning scheme: .............. 0.131 s    
|  |- Uncoarsening: ............................. 0.048 s    
|  |  |- Level (2): ............................. 0.005 s    
|  |  |  |- Allocation: ......................... 0.000 s    
|  |  |  |- Project partition: .................. 0.000 s    
|  |  |  |- Create graph: ....................... 0.000 s    
|  |  |  `- Refinement: ......................... 0.005 s    
|  |  |     |- Greedy Balancer: ................. 0.000 s    
|  |  |     `- Label Propagation: ............... 0.005 s    
|  |  |        |- Allocation: ................... 0.000 s    
|  |  |        |- Iteration (0): ................ 0.002 s    
|  |  |        |- Iteration (1): ................ 0.000 s    
|  |  |        |- Iteration (2): ................ 0.000 s    
|  |  |        |- Iteration (3): ................ 0.000 s    
|  |  |        `- Iteration (4): ................ 0.000 s    
|  |  |- Level (1): ............................. 0.011 s    
|  |  |  |- Allocation: ......................... 0.000 s    
|  |  |  |- Project partition: .................. 0.000 s    
|  |  |  |- Create graph: ....................... 0.000 s    
|  |  |  `- Refinement: ......................... 0.010 s    
|  |  |     |- Greedy Balancer: ................. 0.000 s    
|  |  |     `- Label Propagation: ............... 0.010 s    
|  |  |        |- Iteration (0): ................ 0.006 s    
|  |  |        |- Iteration (1): ................ 0.001 s    
|  |  |        |- Iteration (2): ................ 0.001 s    
|  |  |        |- Iteration (3): ................ 0.000 s    
|  |  |        `- Iteration (4): ................ 0.000 s    
|  |  `- Level (0): ............................. 0.031 s    
|  |     |- Allocation: ......................... 0.006 s    
|  |     |- Project partition: .................. 0.000 s    
|  |     |- Create graph: ....................... 0.000 s    
|  |     `- Refinement: ......................... 0.021 s    
|  |        |- Greedy Balancer: ................. 0.000 s    
|  |        `- Label Propagation: ............... 0.021 s    
|  |           |- Iteration (0): ................ 0.013 s    
|  |           |- Iteration (1): ................ 0.003 s    
|  |           |- Iteration (2): ................ 0.001 s    
|  |           |- Iteration (3): ................ 0.001 s    
|  |           `- Iteration (4): ................ 0.001 s    
|  |- Deallocation: ............................. 0.001 s    
|  `- Re-integrate isolated nodes: .............. 0.012 s    
`- IO: .......................................... 0.000 s    

Partition summary:
  Number of blocks: 16
  Edge cut:         939677
  Imbalance:        0.0298866
  Feasible:         yes

Block weights:
  w(0 ) = 92445     w(1 ) = 90675     w(2 ) = 92559     w(3 ) = 84075   
  w(4 ) = 91372     w(5 ) = 91761     w(6 ) = 92123     w(7 ) = 91578   
  w(8 ) = 84679     w(9 ) = 88148     w(10) = 91658     w(11) = 88455   
  w(12) = 89976     w(13) = 92470     w(14) = 87928     w(15) = 88058   

Maximum resident set size: 1187568 KiB
