################################################################################
#                _  __       __  __  _         ____                            #
#               | |/ / __ _ |  \/  |(_) _ __  |  _ \  __ _  _ __               #
#               | ' / / _` || |\/| || || '_ \ | |_) |/ _` || '__|              #
#               | . \| (_| || |  | || || | | ||  __/| (_| || |                 #
#               |_|\_\\__,_||_|  |_||_||_| |_||_|    \__,_||_|                 #
#                                                                              #
################################################################################
Current commit hash:          99c62314d27845b3825829ec1e3e97256490627d
Assertion level:              always+light
Statistics:                   disabled
Built on:                     liskov
Data type sizes:
  Nodes IDs: 4 bytes | Node weights: 4 bytes
  Edges IDs: 4 bytes | Edge weights: 4 bytes
############################################################## Input Summary ###
Execution mode:               64
Seed:                         1
Graph:                        hollywood-2011 [node ordering: deg-buckets] [edge ordering: natural]
  Number of nodes:              2180759 (unweighted)
  Number of edges:            228985632 (unweighted)
Number of blocks:             16
Maximum block weight:         140386 (136298 + 3% / 3%)
---------------------------------------------------------- Graph Compression ---
Enabled:                      no
-------------------------------------------------------- Partitioning Scheme ---
Partitioning mode:            deep
  Deep initial part. mode:    async-parallel
  Deep initial part. load:    1
Subgraph memory:              Lazy
----------------------------------------------------------------- Coarsening ---
Contraction limit:            2000
Coarsening algorithm:         clustering
  Cluster weight limit:       epsilon-block-weight x 1
  Shrink factor:              2.5
  Max mem-free level:         1
  Clustering algorithm:       lp
    Number of iterations:     5
    High degree threshold:    4294967295
    Max degree:               4294967295
    Tie breaking strategy:    uniform
    Implementation:           two-phase
      Relabel:                no
    2-hop clustering:         match-threadwise, if |Vcoarse| > 0.500000 * |V|
    Isolated nodes:           match-during-two-hop
  Forced hierarchy levels:    <none> (leeway: U=10.000000, L=1.100000)
Contraction algorithm:        unbuffered
  Implementation:             two-phase
------------------------------------------------------- Initial Partitioning ---
Adaptive algorithm selection: yes
----------------------------------------------------------------- Refinement ---
Refinement algorithms:        [greedy-balancer -> lp]
Label propagation:
  Number of iterations:       5
  Tie breaking strategy:      uniform
  Implementation:             single-phase
############################################################## Preprocessing ###
Removed 195453 isolated nodes
  Remaining nodes:             1985306
  Remaining total node weight: 1985306
############################################################### Partitioning ###
Input graph:
 Number of nodes: 1985306 | Number of edges: 228985632
 Maximum node weight: 1

Coarsening -> Level 1 [max cluster weight: 16304]:
 Total edge weight:   215445514
 Number of nodes:     775306 | Number of edges: 185245054
 Maximum node weight: 172

Coarsening -> Level 2 [max cluster weight: 16304]:
 Total edge weight:   180815506
 Number of nodes:     306847 | Number of edges: 54039842
 Maximum node weight: 16304

Coarsening -> Level 3 [max cluster weight: 16304]:
 Total edge weight:   153561710
 Number of nodes:     119763 | Number of edges: 12659644
 Maximum node weight: 16304

==> Coarsening terminated with less than 128000 nodes

Initial partitioning:
 Number of blocks: 16

Uncoarsening -> Level 2
 Number of nodes: 306847 | Number of edges: 54039842
  Running refinement on 16 blocks
   1. Greedy Balancer
   2. Label Propagation

Uncoarsening -> Level 1
 Number of nodes: 775306 | Number of edges: 185245054
  Running refinement on 16 blocks
   1. Greedy Balancer
   2. Label Propagation

Uncoarsening -> Level 0
 Number of nodes: 1985306 | Number of edges: 228985632
  Running refinement on 16 blocks
   1. Greedy Balancer
   2. Label Propagation
############################################################# Result Summary ###
RESULT cut=26623895 imbalance=0.0299931 feasible=1 k=16
TIME read_input_graph=1.991 partitioning=1.582 partitioning.rearrange_by_degree-buckets=0.051 partitioning.rearrange_by_degree-buckets.sort_nodes_by_integer_buckets=0.010 partitioning.rearrange_by_degree-buckets.rearrange_input_graph=0.033 partitioning.rearrange_by_degree-buckets.deallocation=0.004 partitioning.refinement=0.000 partitioning.refinement.allocation=0.000 partitioning.coarsening=0.894 partitioning.coarsening.level[0]=0.482 partitioning.coarsening.level[0].label_propagation=0.072 partitioning.coarsening.level[0].label_propagation.allocation=0.010 partitioning.coarsening.level[0].label_propagation.iteration[0]=0.050 partitioning.coarsening.level[0].label_propagation.iteration[0].first_phase=0.047 partitioning.coarsening.level[0].label_propagation.iteration[1]=0.000 partitioning.coarsening.level[0].label_propagation.iteration[1].first_phase=0.000 partitioning.coarsening.level[0].label_propagation.handle_isolated_nodes=0.000 partitioning.coarsening.level[0].label_propagation.handle_two-hop_nodes=0.000 partitioning.coarsening.level[0].label_propagation.free=0.006 partitioning.coarsening.level[0].contract_graph=0.408 partitioning.coarsening.level[0].contract_graph.allocation=0.001 partitioning.coarsening.level[0].contract_graph.preprocessing=0.016 partitioning.coarsening.level[0].contract_graph.deallocation=0.000 partitioning.coarsening.level[0].contract_graph.construct_coarse_graph=0.385 partitioning.coarsening.level[0].contract_graph.construct_coarse_graph.aggregate_coarse_edges=0.356 partitioning.coarsening.level[0].contract_graph.construct_coarse_graph.aggregate_coarse_edges.first_phase=0.347 partitioning.coarsening.level[0].contract_graph.construct_coarse_graph.aggregate_coarse_edges.second_phase=0.000 partitioning.coarsening.level[0].contract_graph.construct_coarse_graph.remap_coarse_edges_and_mapping=0.028 partitioning.coarsening.level[1]=0.302 partitioning.coarsening.level[1].label_propagation=0.071 partitioning.coarsening.level[1].label_propagation.allocation=0.000 partitioning.coarsening.level[1].label_propagation.iteration[0]=0.071 partitioning.coarsening.level[1].label_propagation.iteration[0].first_phase=0.069 partitioning.coarsening.level[1].label_propagation.iteration[0].second_phase=0.000 partitioning.coarsening.level[1].label_propagation.iteration[1]=0.000 partitioning.coarsening.level[1].label_propagation.iteration[1].first_phase=0.000 partitioning.coarsening.level[1].label_propagation.handle_isolated_nodes=0.000 partitioning.coarsening.level[1].label_propagation.handle_two-hop_nodes=0.000 partitioning.coarsening.level[1].contract_graph=0.230 partitioning.coarsening.level[1].contract_graph.allocation=0.001 partitioning.coarsening.level[1].contract_graph.preprocessing=0.004 partitioning.coarsening.level[1].contract_graph.deallocation=0.000 partitioning.coarsening.level[1].contract_graph.construct_coarse_graph=0.223 partitioning.coarsening.level[1].contract_graph.construct_coarse_graph.aggregate_coarse_edges=0.214 partitioning.coarsening.level[1].contract_graph.construct_coarse_graph.aggregate_coarse_edges.first_phase=0.169 partitioning.coarsening.level[1].contract_graph.construct_coarse_graph.aggregate_coarse_edges.second_phase=0.045 partitioning.coarsening.level[1].contract_graph.construct_coarse_graph.remap_coarse_edges_and_mapping=0.008 partitioning.coarsening.level[2]=0.109 partitioning.coarsening.level[2].label_propagation=0.041 partitioning.coarsening.level[2].label_propagation.iteration[0]=0.041 partitioning.coarsening.level[2].label_propagation.iteration[0].first_phase=0.036 partitioning.coarsening.level[2].label_propagation.iteration[0].second_phase=0.005 partitioning.coarsening.level[2].label_propagation.iteration[1]=0.000 partitioning.coarsening.level[2].label_propagation.iteration[1].first_phase=0.000 partitioning.coarsening.level[2].label_propagation.handle_isolated_nodes=0.000 partitioning.coarsening.level[2].label_propagation.handle_two-hop_nodes=0.000 partitioning.coarsening.level[2].contract_graph=0.067 partitioning.coarsening.level[2].contract_graph.allocation=0.000 partitioning.coarsening.level[2].contract_graph.preprocessing=0.001 partitioning.coarsening.level[2].contract_graph.deallocation=0.000 partitioning.coarsening.level[2].contract_graph.construct_coarse_graph=0.064 partitioning.coarsening.level[2].contract_graph.construct_coarse_graph.aggregate_coarse_edges=0.062 partitioning.coarsening.level[2].contract_graph.construct_coarse_graph.aggregate_coarse_edges.first_phase=0.045 partitioning.coarsening.level[2].contract_graph.construct_coarse_graph.aggregate_coarse_edges.second_phase=0.016 partitioning.coarsening.level[2].contract_graph.construct_coarse_graph.remap_coarse_edges_and_mapping=0.002 partitioning.coarsening.deallocation=0.000 partitioning.initial_partitioning_scheme=0.312 partitioning.uncoarsening=0.316 partitioning.uncoarsening.level[2]=0.044 partitioning.uncoarsening.level[2].allocation=0.000 partitioning.uncoarsening.level[2].project_partition=0.000 partitioning.uncoarsening.level[2].create_graph=0.000 partitioning.uncoarsening.level[2].refinement=0.042 partitioning.uncoarsening.level[2].refinement.greedy_balancer=0.000 partitioning.uncoarsening.level[2].refinement.label_propagation=0.042 partitioning.uncoarsening.level[2].refinement.label_propagation.allocation=0.000 partitioning.uncoarsening.level[2].refinement.label_propagation.iteration[0]=0.014 partitioning.uncoarsening.level[2].refinement.label_propagation.iteration[1]=0.008 partitioning.uncoarsening.level[2].refinement.label_propagation.iteration[2]=0.007 partitioning.uncoarsening.level[2].refinement.label_propagation.iteration[3]=0.006 partitioning.uncoarsening.level[2].refinement.label_propagation.iteration[4]=0.005 partitioning.uncoarsening.level[1]=0.136 partitioning.uncoarsening.level[1].allocation=0.003 partitioning.uncoarsening.level[1].project_partition=0.000 partitioning.uncoarsening.level[1].create_graph=0.000 partitioning.uncoarsening.level[1].refinement=0.128 partitioning.uncoarsening.level[1].refinement.greedy_balancer=0.000 partitioning.uncoarsening.level[1].refinement.label_propagation=0.128 partitioning.uncoarsening.level[1].refinement.label_propagation.iteration[0]=0.037 partitioning.uncoarsening.level[1].refinement.label_propagation.iteration[1]=0.029 partitioning.uncoarsening.level[1].refinement.label_propagation.iteration[2]=0.023 partitioning.uncoarsening.level[1].refinement.label_propagation.iteration[3]=0.020 partitioning.uncoarsening.level[1].refinement.label_propagation.iteration[4]=0.016 partitioning.uncoarsening.level[0]=0.136 partitioning.uncoarsening.level[0].allocation=0.009 partitioning.uncoarsening.level[0].project_partition=0.000 partitioning.uncoarsening.level[0].create_graph=0.000 partitioning.uncoarsening.level[0].refinement=0.118 partitioning.uncoarsening.level[0].refinement.greedy_balancer=0.000 partitioning.uncoarsening.level[0].refinement.label_propagation=0.118 partitioning.uncoarsening.level[0].refinement.label_propagation.iteration[0]=0.048 partitioning.uncoarsening.level[0].refinement.label_propagation.iteration[1]=0.023 partitioning.uncoarsening.level[0].refinement.label_propagation.iteration[2]=0.017 partitioning.uncoarsening.level[0].refinement.label_propagation.iteration[3]=0.014 partitioning.uncoarsening.level[0].refinement.label_propagation.iteration[4]=0.014 partitioning.deallocation=0.001 partitioning.re-integrate_isolated_nodes=0.005 io=0.000 
MEMORY disabled

Global Timer: ................................... 3.576 s    
|- Read input graph: ............................ 1.991 s    
|- Partitioning: ................................ 1.582 s    
|  |- Rearrange by degree-buckets: .............. 0.051 s    
|  |  |- Sort nodes by integer buckets: ......... 0.010 s    
|  |  |- Rearrange input graph: ................. 0.033 s    
|  |  `- Deallocation: .......................... 0.004 s    
|  |- Refinement: ............................... 0.000 s    
|  |  `- Allocation: ............................ 0.000 s    
|  |- Coarsening: ............................... 0.894 s    
|  |  |- Level (0): ............................. 0.482 s    
|  |  |  |- Label Propagation: .................. 0.072 s    
|  |  |  |  |- Allocation: ...................... 0.010 s    
|  |  |  |  |- Iteration (0): ................... 0.050 s    
|  |  |  |  |  `- First phase: .................. 0.047 s    
|  |  |  |  |- Iteration (1): ................... 0.000 s    
|  |  |  |  |  `- First phase: .................. 0.000 s    
|  |  |  |  |- Handle isolated nodes: ........... 0.000 s    
|  |  |  |  |- Handle two-hop nodes: ............ 0.000 s    
|  |  |  |  `- Free: ............................ 0.006 s    
|  |  |  `- Contract graph: ..................... 0.408 s    
|  |  |     |- Allocation: ...................... 0.001 s (3)
|  |  |     |- Preprocessing: ................... 0.016 s (3)
|  |  |     |- Deallocation: .................... 0.000 s    
|  |  |     `- Construct coarse graph: .......... 0.385 s    
|  |  |        |- Aggregate coarse edges: ....... 0.356 s    
|  |  |        |  |- First phase: ............... 0.347 s    
|  |  |        |  `- Second phase: .............. 0.000 s    
|  |  |        `- Remap coarse edges and mapping: 0.028 s    
|  |  |- Level (1): ............................. 0.302 s    
|  |  |  |- Label Propagation: .................. 0.071 s    
|  |  |  |  |- Allocation: ...................... 0.000 s    
|  |  |  |  |- Iteration (0): ................... 0.071 s    
|  |  |  |  |  |- First phase: .................. 0.069 s    
|  |  |  |  |  `- Second phase: ................. 0.000 s    
|  |  |  |  |- Iteration (1): ................... 0.000 s    
|  |  |  |  |  `- First phase: .................. 0.000 s    
|  |  |  |  |- Handle isolated nodes: ........... 0.000 s    
|  |  |  |  `- Handle two-hop nodes: ............ 0.000 s    
|  |  |  `- Contract graph: ..................... 0.230 s    
|  |  |     |- Allocation: ...................... 0.001 s (3)
|  |  |     |- Preprocessing: ................... 0.004 s (3)
|  |  |     |- Deallocation: .................... 0.000 s    
|  |  |     `- Construct coarse graph: .......... 0.223 s    
|  |  |        |- Aggregate coarse edges: ....... 0.214 s    
|  |  |        |  |- First phase: ............... 0.169 s    
|  |  |        |  `- Second phase: .............. 0.045 s    
|  |  |        `- Remap coarse edges and mapping: 0.008 s    
|  |  |- Level (2): ............................. 0.109 s    
|  |  |  |- Label Propagation: .................. 0.041 s    
|  |  |  |  |- Iteration (0): ................... 0.041 s    
|  |  |  |  |  |- First phase: .................. 0.036 s    
|  |  |  |  |  `- Second phase: ................. 0.005 s    
|  |  |  |  |- Iteration (1): ................... 0.000 s    
|  |  |  |  |  `- First phase: .................. 0.000 s    
|  |  |  |  |- Handle isolated nodes: ........... 0.000 s    
|  |  |  |  `- Handle two-hop nodes: ............ 0.000 s    
|  |  |  `- Contract graph: ..................... 0.067 s    
|  |  |     |- Allocation: ...................... 0.000 s (3)
|  |  |     |- Preprocessing: ................... 0.001 s (3)
|  |  |     |- Deallocation: .................... 0.000 s    
|  |  |     `- Construct coarse graph: .......... 0.064 s    
|  |  |        |- Aggregate coarse edges: ....... 0.062 s    
|  |  |        |  |- First phase: ............... 0.045 s    
|  |  |        |  `- Second phase: .............. 0.016 s    
|  |  |        `- Remap coarse edges and mapping: 0.002 s    
|  |  `- Deallocation: .......................... 0.000 s    
|  |- Initial partitioning scheme: .............. 0.312 s    
|  |- Uncoarsening: ............................. 0.316 s    
|  |  |- Level (2): ............................. 0.044 s    
|  |  |  |- Allocation: ......................... 0.000 s    
|  |  |  |- Project partition: .................. 0.000 s    
|  |  |  |- Create graph: ....................... 0.000 s    
|  |  |  `- Refinement: ......................... 0.042 s    
|  |  |     |- Greedy Balancer: ................. 0.000 s    
|  |  |     `- Label Propagation: ............... 0.042 s    
|  |  |        |- Allocation: ................... 0.000 s    
|  |  |        |- Iteration (0): ................ 0.014 s    
|  |  |        |- Iteration (1): ................ 0.008 s    
|  |  |        |- Iteration (2): ................ 0.007 s    
|  |  |        |- Iteration (3): ................ 0.006 s    
|  |  |        `- Iteration (4): ................ 0.005 s    
|  |  |- Level (1): ............................. 0.136 s    
|  |  |  |- Allocation: ......................... 0.003 s    
|  |  |  |- Project partition: .................. 0.000 s    
|  |  |  |- Create graph: ....................... 0.000 s    
|  |  |  `- Refinement: ......................... 0.128 s    
|  |  |     |- Greedy Balancer: ................. 0.000 s    
|  |  |     `- Label Propagation: ............... 0.128 s    
|  |  |        |- Iteration (0): ................ 0.037 s    
|  |  |        |- Iteration (1): ................ 0.029 s    
|  |  |        |- Iteration (2): ................ 0.023 s    
|  |  |        |- Iteration (3): ................ 0.020 s    
|  |  |        `- Iteration (4): ................ 0.016 s    
|  |  `- Level (0): ............................. 0.136 s    
|  |     |- Allocation: ......................... 0.009 s    
|  |     |- Project partition: .................. 0.000 s    
|  |     |- Create graph: ....................... 0.000 s    
|  |     `- Refinement: ......................... 0.118 s    
|  |        |- Greedy Balancer: ................. 0.000 s    
|  |        `- Label Propagation: ............... 0.118 s    
|  |           |- Iteration (0): ................ 0.048 s    
|  |           |- Iteration (1): ................ 0.023 s    
|  |           |- Iteration (2): ................ 0.017 s    
|  |           |- Iteration (3): ................ 0.014 s    
|  |           `- Iteration (4): ................ 0.014 s    
|  |- Deallocation: ............................. 0.001 s    
|  `- Re-integrate isolated nodes: .............. 0.005 s    
`- IO: .......................................... 0.000 s    

Partition summary:
  Number of blocks: 16
  Edge cut:         26623895
  Imbalance:        0.0299931
  Feasible:         yes

Block weights:
  w(0 ) = 140386    w(1 ) = 140386    w(2 ) = 140386    w(3 ) = 140386  
  w(4 ) = 140386    w(5 ) = 140386    w(6 ) = 140386    w(7 ) = 140386  
  w(8 ) = 140386    w(9 ) = 140386    w(10) = 140386    w(11) = 140386  
  w(12) = 140386    w(13) = 140386    w(14) = 140386    w(15) = 74969   

Maximum resident set size: 3677840 KiB
