################################################################################
#                _  __       __  __  _         ____                            #
#               | |/ / __ _ |  \/  |(_) _ __  |  _ \  __ _  _ __               #
#               | ' / / _` || |\/| || || '_ \ | |_) |/ _` || '__|              #
#               | . \| (_| || |  | || || | | ||  __/| (_| || |                 #
#               |_|\_\\__,_||_|  |_||_||_| |_||_|    \__,_||_|                 #
#                                                                              #
################################################################################
Current commit hash:          99c62314d27845b3825829ec1e3e97256490627d
Assertion level:              always+light
Statistics:                   disabled
Built on:                     liskov
Data type sizes:
  Nodes IDs: 4 bytes | Node weights: 4 bytes
  Edges IDs: 4 bytes | Edge weights: 4 bytes
############################################################## Input Summary ###
Execution mode:               64
Seed:                         1
Graph:                        HV15R [node ordering: deg-buckets] [edge ordering: natural]
  Number of nodes:              2017169 (unweighted)
  Number of edges:            324715138 (unweighted)
Number of blocks:             16
Maximum block weight:         129856 (126074 + 3% / 3%)
---------------------------------------------------------- Graph Compression ---
Enabled:                      no
-------------------------------------------------------- Partitioning Scheme ---
Partitioning mode:            deep
  Deep initial part. mode:    async-parallel
  Deep initial part. load:    1
Subgraph memory:              Lazy
----------------------------------------------------------------- Coarsening ---
Contraction limit:            2000
Coarsening algorithm:         clustering
  Cluster weight limit:       epsilon-block-weight x 1
  Shrink factor:              2.5
  Max mem-free level:         1
  Clustering algorithm:       lp
    Number of iterations:     5
    High degree threshold:    4294967295
    Max degree:               4294967295
    Tie breaking strategy:    uniform
    Implementation:           two-phase
      Relabel:                no
    2-hop clustering:         match-threadwise, if |Vcoarse| > 0.500000 * |V|
    Isolated nodes:           match-during-two-hop
  Forced hierarchy levels:    <none> (leeway: U=10.000000, L=1.100000)
Contraction algorithm:        unbuffered
  Implementation:             two-phase
------------------------------------------------------- Initial Partitioning ---
Adaptive algorithm selection: yes
----------------------------------------------------------------- Refinement ---
Refinement algorithms:        [greedy-balancer -> lp]
Label propagation:
  Number of iterations:       5
  Tie breaking strategy:      uniform
  Implementation:             single-phase
############################################################## Preprocessing ###
Removed 0 isolated nodes
  Remaining nodes:             2017169
  Remaining total node weight: 2017169
############################################################### Partitioning ###
Input graph:
 Number of nodes: 2017169 | Number of edges: 324715138
 Maximum node weight: 1

Coarsening -> Level 1 [max cluster weight: 3782]:
 Total edge weight:   247843500
 Number of nodes:     800416 | Number of edges: 85822118
 Maximum node weight: 2792

Coarsening -> Level 2 [max cluster weight: 3782]:
 Total edge weight:   174000500
 Number of nodes:     314691 | Number of edges: 19316190
 Maximum node weight: 3782

Coarsening -> Level 3 [max cluster weight: 3782]:
 Total edge weight:   130602062
 Number of nodes:     121389 | Number of edges: 4915880
 Maximum node weight: 3783

==> Coarsening terminated with less than 128000 nodes

Initial partitioning:
 Number of blocks: 16

Uncoarsening -> Level 2
 Number of nodes: 314691 | Number of edges: 19316190
  Running refinement on 16 blocks
   1. Greedy Balancer
   2. Label Propagation

Uncoarsening -> Level 1
 Number of nodes: 800416 | Number of edges: 85822118
  Running refinement on 16 blocks
   1. Greedy Balancer
   2. Label Propagation

Uncoarsening -> Level 0
 Number of nodes: 2017169 | Number of edges: 324715138
  Running refinement on 16 blocks
   1. Greedy Balancer
   2. Label Propagation
############################################################# Result Summary ###
RESULT cut=8052466 imbalance=0.0299903 feasible=1 k=16
TIME read_input_graph=2.792 partitioning=0.759 partitioning.rearrange_by_degree-buckets=0.057 partitioning.rearrange_by_degree-buckets.sort_nodes_by_integer_buckets=0.007 partitioning.rearrange_by_degree-buckets.rearrange_input_graph=0.040 partitioning.rearrange_by_degree-buckets.deallocation=0.005 partitioning.refinement=0.000 partitioning.refinement.allocation=0.000 partitioning.coarsening=0.386 partitioning.coarsening.level[0]=0.289 partitioning.coarsening.level[0].label_propagation=0.060 partitioning.coarsening.level[0].label_propagation.allocation=0.009 partitioning.coarsening.level[0].label_propagation.iteration[0]=0.044 partitioning.coarsening.level[0].label_propagation.iteration[0].first_phase=0.041 partitioning.coarsening.level[0].label_propagation.iteration[1]=0.000 partitioning.coarsening.level[0].label_propagation.iteration[1].first_phase=0.000 partitioning.coarsening.level[0].label_propagation.handle_isolated_nodes=0.000 partitioning.coarsening.level[0].label_propagation.handle_two-hop_nodes=0.000 partitioning.coarsening.level[0].label_propagation.free=0.006 partitioning.coarsening.level[0].contract_graph=0.227 partitioning.coarsening.level[0].contract_graph.allocation=0.001 partitioning.coarsening.level[0].contract_graph.preprocessing=0.014 partitioning.coarsening.level[0].contract_graph.deallocation=0.000 partitioning.coarsening.level[0].contract_graph.construct_coarse_graph=0.208 partitioning.coarsening.level[0].contract_graph.construct_coarse_graph.aggregate_coarse_edges=0.193 partitioning.coarsening.level[0].contract_graph.construct_coarse_graph.aggregate_coarse_edges.first_phase=0.178 partitioning.coarsening.level[0].contract_graph.construct_coarse_graph.aggregate_coarse_edges.second_phase=0.000 partitioning.coarsening.level[0].contract_graph.construct_coarse_graph.remap_coarse_edges_and_mapping=0.013 partitioning.coarsening.level[1]=0.072 partitioning.coarsening.level[1].label_propagation=0.018 partitioning.coarsening.level[1].label_propagation.allocation=0.000 partitioning.coarsening.level[1].label_propagation.iteration[0]=0.017 partitioning.coarsening.level[1].label_propagation.iteration[0].first_phase=0.016 partitioning.coarsening.level[1].label_propagation.iteration[1]=0.000 partitioning.coarsening.level[1].label_propagation.iteration[1].first_phase=0.000 partitioning.coarsening.level[1].label_propagation.handle_isolated_nodes=0.000 partitioning.coarsening.level[1].label_propagation.handle_two-hop_nodes=0.000 partitioning.coarsening.level[1].contract_graph=0.054 partitioning.coarsening.level[1].contract_graph.allocation=0.000 partitioning.coarsening.level[1].contract_graph.preprocessing=0.001 partitioning.coarsening.level[1].contract_graph.deallocation=0.000 partitioning.coarsening.level[1].contract_graph.construct_coarse_graph=0.050 partitioning.coarsening.level[1].contract_graph.construct_coarse_graph.aggregate_coarse_edges=0.047 partitioning.coarsening.level[1].contract_graph.construct_coarse_graph.aggregate_coarse_edges.first_phase=0.046 partitioning.coarsening.level[1].contract_graph.construct_coarse_graph.aggregate_coarse_edges.second_phase=0.000 partitioning.coarsening.level[1].contract_graph.construct_coarse_graph.remap_coarse_edges_and_mapping=0.003 partitioning.coarsening.level[2]=0.024 partitioning.coarsening.level[2].label_propagation=0.005 partitioning.coarsening.level[2].label_propagation.iteration[0]=0.005 partitioning.coarsening.level[2].label_propagation.iteration[0].first_phase=0.005 partitioning.coarsening.level[2].label_propagation.iteration[1]=0.000 partitioning.coarsening.level[2].label_propagation.iteration[1].first_phase=0.000 partitioning.coarsening.level[2].label_propagation.handle_isolated_nodes=0.000 partitioning.coarsening.level[2].label_propagation.handle_two-hop_nodes=0.000 partitioning.coarsening.level[2].contract_graph=0.019 partitioning.coarsening.level[2].contract_graph.allocation=0.000 partitioning.coarsening.level[2].contract_graph.preprocessing=0.001 partitioning.coarsening.level[2].contract_graph.deallocation=0.000 partitioning.coarsening.level[2].contract_graph.construct_coarse_graph=0.016 partitioning.coarsening.level[2].contract_graph.construct_coarse_graph.aggregate_coarse_edges=0.015 partitioning.coarsening.level[2].contract_graph.construct_coarse_graph.aggregate_coarse_edges.first_phase=0.015 partitioning.coarsening.level[2].contract_graph.construct_coarse_graph.aggregate_coarse_edges.second_phase=0.000 partitioning.coarsening.level[2].contract_graph.construct_coarse_graph.remap_coarse_edges_and_mapping=0.001 partitioning.coarsening.deallocation=0.000 partitioning.initial_partitioning_scheme=0.182 partitioning.uncoarsening=0.129 partitioning.uncoarsening.level[2]=0.012 partitioning.uncoarsening.level[2].allocation=0.000 partitioning.uncoarsening.level[2].project_partition=0.000 partitioning.uncoarsening.level[2].create_graph=0.000 partitioning.uncoarsening.level[2].refinement=0.011 partitioning.uncoarsening.level[2].refinement.greedy_balancer=0.000 partitioning.uncoarsening.level[2].refinement.label_propagation=0.011 partitioning.uncoarsening.level[2].refinement.label_propagation.allocation=0.000 partitioning.uncoarsening.level[2].refinement.label_propagation.iteration[0]=0.005 partitioning.uncoarsening.level[2].refinement.label_propagation.iteration[1]=0.002 partitioning.uncoarsening.level[2].refinement.label_propagation.iteration[2]=0.001 partitioning.uncoarsening.level[2].refinement.label_propagation.iteration[3]=0.000 partitioning.uncoarsening.level[2].refinement.label_propagation.iteration[4]=0.000 partitioning.uncoarsening.level[1]=0.032 partitioning.uncoarsening.level[1].allocation=0.000 partitioning.uncoarsening.level[1].project_partition=0.000 partitioning.uncoarsening.level[1].create_graph=0.000 partitioning.uncoarsening.level[1].refinement=0.029 partitioning.uncoarsening.level[1].refinement.greedy_balancer=0.000 partitioning.uncoarsening.level[1].refinement.label_propagation=0.029 partitioning.uncoarsening.level[1].refinement.label_propagation.iteration[0]=0.015 partitioning.uncoarsening.level[1].refinement.label_propagation.iteration[1]=0.005 partitioning.uncoarsening.level[1].refinement.label_propagation.iteration[2]=0.003 partitioning.uncoarsening.level[1].refinement.label_propagation.iteration[3]=0.002 partitioning.uncoarsening.level[1].refinement.label_propagation.iteration[4]=0.001 partitioning.uncoarsening.level[0]=0.084 partitioning.uncoarsening.level[0].allocation=0.005 partitioning.uncoarsening.level[0].project_partition=0.000 partitioning.uncoarsening.level[0].create_graph=0.000 partitioning.uncoarsening.level[0].refinement=0.074 partitioning.uncoarsening.level[0].refinement.greedy_balancer=0.000 partitioning.uncoarsening.level[0].refinement.label_propagation=0.074 partitioning.uncoarsening.level[0].refinement.label_propagation.iteration[0]=0.040 partitioning.uncoarsening.level[0].refinement.label_propagation.iteration[1]=0.012 partitioning.uncoarsening.level[0].refinement.label_propagation.iteration[2]=0.008 partitioning.uncoarsening.level[0].refinement.label_propagation.iteration[3]=0.006 partitioning.uncoarsening.level[0].refinement.label_propagation.iteration[4]=0.005 partitioning.deallocation=0.001 partitioning.re-integrate_isolated_nodes=0.000 io=0.000 
MEMORY disabled

Global Timer: ................................... 3.555 s    
|- Read input graph: ............................ 2.792 s    
|- Partitioning: ................................ 0.759 s    
|  |- Rearrange by degree-buckets: .............. 0.057 s    
|  |  |- Sort nodes by integer buckets: ......... 0.007 s    
|  |  |- Rearrange input graph: ................. 0.040 s    
|  |  `- Deallocation: .......................... 0.005 s    
|  |- Refinement: ............................... 0.000 s    
|  |  `- Allocation: ............................ 0.000 s    
|  |- Coarsening: ............................... 0.386 s    
|  |  |- Level (0): ............................. 0.289 s    
|  |  |  |- Label Propagation: .................. 0.060 s    
|  |  |  |  |- Allocation: ...................... 0.009 s    
|  |  |  |  |- Iteration (0): ................... 0.044 s    
|  |  |  |  |  `- First phase: .................. 0.041 s    
|  |  |  |  |- Iteration (1): ................... 0.000 s    
|  |  |  |  |  `- First phase: .................. 0.000 s    
|  |  |  |  |- Handle isolated nodes: ........... 0.000 s    
|  |  |  |  |- Handle two-hop nodes: ............ 0.000 s    
|  |  |  |  `- Free: ............................ 0.006 s    
|  |  |  `- Contract graph: ..................... 0.227 s    
|  |  |     |- Allocation: ...................... 0.001 s (3)
|  |  |     |- Preprocessing: ................... 0.014 s (3)
|  |  |     |- Deallocation: .................... 0.000 s    
|  |  |     `- Construct coarse graph: .......... 0.208 s    
|  |  |        |- Aggregate coarse edges: ....... 0.193 s    
|  |  |        |  |- First phase: ............... 0.178 s    
|  |  |        |  `- Second phase: .............. 0.000 s    
|  |  |        `- Remap coarse edges and mapping: 0.013 s    
|  |  |- Level (1): ............................. 0.072 s    
|  |  |  |- Label Propagation: .................. 0.018 s    
|  |  |  |  |- Allocation: ...................... 0.000 s    
|  |  |  |  |- Iteration (0): ................... 0.017 s    
|  |  |  |  |  `- First phase: .................. 0.016 s    
|  |  |  |  |- Iteration (1): ................... 0.000 s    
|  |  |  |  |  `- First phase: .................. 0.000 s    
|  |  |  |  |- Handle isolated nodes: ........... 0.000 s    
|  |  |  |  `- Handle two-hop nodes: ............ 0.000 s    
|  |  |  `- Contract graph: ..................... 0.054 s    
|  |  |     |- Allocation: ...................... 0.000 s (3)
|  |  |     |- Preprocessing: ................... 0.001 s (3)
|  |  |     |- Deallocation: .................... 0.000 s    
|  |  |     `- Construct coarse graph: .......... 0.050 s    
|  |  |        |- Aggregate coarse edges: ....... 0.047 s    
|  |  |        |  |- First phase: ............... 0.046 s    
|  |  |        |  `- Second phase: .............. 0.000 s    
|  |  |        `- Remap coarse edges and mapping: 0.003 s    
|  |  |- Level (2): ............................. 0.024 s    
|  |  |  |- Label Propagation: .................. 0.005 s    
|  |  |  |  |- Iteration (0): ................... 0.005 s    
|  |  |  |  |  `- First phase: .................. 0.005 s    
|  |  |  |  |- Iteration (1): ................... 0.000 s    
|  |  |  |  |  `- First phase: .................. 0.000 s    
|  |  |  |  |- Handle isolated nodes: ........... 0.000 s    
|  |  |  |  `- Handle two-hop nodes: ............ 0.000 s    
|  |  |  `- Contract graph: ..................... 0.019 s    
|  |  |     |- Allocation: ...................... 0.000 s (3)
|  |  |     |- Preprocessing: ................... 0.001 s (3)
|  |  |     |- Deallocation: .................... 0.000 s    
|  |  |     `- Construct coarse graph: .......... 0.016 s    
|  |  |        |- Aggregate coarse edges: ....... 0.015 s    
|  |  |        |  |- First phase: ............... 0.015 s    
|  |  |        |  `- Second phase: .............. 0.000 s    
|  |  |        `- Remap coarse edges and mapping: 0.001 s    
|  |  `- Deallocation: .......................... 0.000 s    
|  |- Initial partitioning scheme: .............. 0.182 s    
|  |- Uncoarsening: ............................. 0.129 s    
|  |  |- Level (2): ............................. 0.012 s    
|  |  |  |- Allocation: ......................... 0.000 s    
|  |  |  |- Project partition: .................. 0.000 s    
|  |  |  |- Create graph: ....................... 0.000 s    
|  |  |  `- Refinement: ......................... 0.011 s    
|  |  |     |- Greedy Balancer: ................. 0.000 s    
|  |  |     `- Label Propagation: ............... 0.011 s    
|  |  |        |- Allocation: ................... 0.000 s    
|  |  |        |- Iteration (0): ................ 0.005 s    
|  |  |        |- Iteration (1): ................ 0.002 s    
|  |  |        |- Iteration (2): ................ 0.001 s    
|  |  |        |- Iteration (3): ................ 0.000 s    
|  |  |        `- Iteration (4): ................ 0.000 s    
|  |  |- Level (1): ............................. 0.032 s    
|  |  |  |- Allocation: ......................... 0.000 s    
|  |  |  |- Project partition: .................. 0.000 s    
|  |  |  |- Create graph: ....................... 0.000 s    
|  |  |  `- Refinement: ......................... 0.029 s    
|  |  |     |- Greedy Balancer: ................. 0.000 s    
|  |  |     `- Label Propagation: ............... 0.029 s    
|  |  |        |- Iteration (0): ................ 0.015 s    
|  |  |        |- Iteration (1): ................ 0.005 s    
|  |  |        |- Iteration (2): ................ 0.003 s    
|  |  |        |- Iteration (3): ................ 0.002 s    
|  |  |        `- Iteration (4): ................ 0.001 s    
|  |  `- Level (0): ............................. 0.084 s    
|  |     |- Allocation: ......................... 0.005 s    
|  |     |- Project partition: .................. 0.000 s    
|  |     |- Create graph: ....................... 0.000 s    
|  |     `- Refinement: ......................... 0.074 s    
|  |        |- Greedy Balancer: ................. 0.000 s    
|  |        `- Label Propagation: ............... 0.074 s    
|  |           |- Iteration (0): ................ 0.040 s    
|  |           |- Iteration (1): ................ 0.012 s    
|  |           |- Iteration (2): ................ 0.008 s    
|  |           |- Iteration (3): ................ 0.006 s    
|  |           `- Iteration (4): ................ 0.005 s    
|  |- Deallocation: ............................. 0.001 s    
|  `- Re-integrate isolated nodes: .............. 0.000 s    
`- IO: .......................................... 0.000 s    

Partition summary:
  Number of blocks: 16
  Edge cut:         8052466
  Imbalance:        0.0299903
  Feasible:         yes

Block weights:
  w(0 ) = 126823    w(1 ) = 123965    w(2 ) = 125825    w(3 ) = 123351  
  w(4 ) = 125553    w(5 ) = 125040    w(6 ) = 129855    w(7 ) = 129436  
  w(8 ) = 127296    w(9 ) = 121097    w(10) = 116522    w(11) = 127152  
  w(12) = 128637    w(13) = 127561    w(14) = 129641    w(15) = 129415  

Maximum resident set size: 3658760 KiB
