################################################################################
#                _  __       __  __  _         ____                            #
#               | |/ / __ _ |  \/  |(_) _ __  |  _ \  __ _  _ __               #
#               | ' / / _` || |\/| || || '_ \ | |_) |/ _` || '__|              #
#               | . \| (_| || |  | || || | | ||  __/| (_| || |                 #
#               |_|\_\\__,_||_|  |_||_||_| |_||_|    \__,_||_|                 #
#                                                                              #
################################################################################
Current commit hash:          99c62314d27845b3825829ec1e3e97256490627d
Assertion level:              always+light
Statistics:                   disabled
Built on:                     liskov
Data type sizes:
  Nodes IDs: 4 bytes | Node weights: 4 bytes
  Edges IDs: 4 bytes | Edge weights: 4 bytes
############################################################## Input Summary ###
Execution mode:               64
Seed:                         1
Graph:                        it-2004 [node ordering: deg-buckets] [edge ordering: natural]
  Number of nodes:              41291594 (unweighted)
  Number of edges:            2054949894 (unweighted)
Number of blocks:             16
Maximum block weight:         2658146 (2580725 + 3% / 3%)
---------------------------------------------------------- Graph Compression ---
Enabled:                      no
-------------------------------------------------------- Partitioning Scheme ---
Partitioning mode:            deep
  Deep initial part. mode:    async-parallel
  Deep initial part. load:    1
Subgraph memory:              Lazy
----------------------------------------------------------------- Coarsening ---
Contraction limit:            2000
Coarsening algorithm:         clustering
  Cluster weight limit:       epsilon-block-weight x 1
  Shrink factor:              2.5
  Max mem-free level:         1
  Clustering algorithm:       lp
    Number of iterations:     5
    High degree threshold:    4294967295
    Max degree:               4294967295
    Tie breaking strategy:    uniform
    Implementation:           two-phase
      Relabel:                no
    2-hop clustering:         match-threadwise, if |Vcoarse| > 0.500000 * |V|
    Isolated nodes:           match-during-two-hop
  Forced hierarchy levels:    <none> (leeway: U=10.000000, L=1.100000)
Contraction algorithm:        unbuffered
  Implementation:             two-phase
------------------------------------------------------- Initial Partitioning ---
Adaptive algorithm selection: yes
----------------------------------------------------------------- Refinement ---
Refinement algorithms:        [greedy-balancer -> lp]
Label propagation:
  Number of iterations:       5
  Tie breaking strategy:      uniform
  Implementation:             single-phase
############################################################## Preprocessing ###
Removed 946 isolated nodes
  Remaining nodes:             41290648
  Remaining total node weight: 41290648
############################################################### Partitioning ###
Input graph:
 Number of nodes: 41290648 | Number of edges: 2054949894
 Maximum node weight: 1

Coarsening -> Level 1 [max cluster weight: 77480]:
 Total edge weight:   1976677946
 Number of nodes:     16415407 | Number of edges: 1619005944
 Maximum node weight: 17153

Coarsening -> Level 2 [max cluster weight: 77480]:
 Total edge weight:   1273862546
 Number of nodes:     6544351 | Number of edges: 291091816
 Maximum node weight: 69355

Coarsening -> Level 3 [max cluster weight: 77480]:
 Total edge weight:   649658380
 Number of nodes:     2589010 | Number of edges: 63737150
 Maximum node weight: 77480

Coarsening -> Level 4 [max cluster weight: 77480]:
 Total edge weight:   334438708
 Number of nodes:     1011521 | Number of edges: 16736502
 Maximum node weight: 77480

Coarsening -> Level 5 [max cluster weight: 77480]:
 Total edge weight:   200832558
 Number of nodes:     388053 | Number of edges: 5835130
 Maximum node weight: 77481

Coarsening -> Level 6 [max cluster weight: 77480]:
 Total edge weight:   147786776
 Number of nodes:     145739 | Number of edges: 2274068
 Maximum node weight: 77481

Coarsening -> Level 7 [max cluster weight: 77480]:
 Total edge weight:   128070818
 Number of nodes:     51302 | Number of edges: 939518
 Maximum node weight: 77481

==> Coarsening terminated with less than 128000 nodes

Initial partitioning:
 Number of blocks: 16

Uncoarsening -> Level 6
 Number of nodes: 145739 | Number of edges: 2274068
  Running refinement on 16 blocks
   1. Greedy Balancer
   2. Label Propagation

Uncoarsening -> Level 5
 Number of nodes: 388053 | Number of edges: 5835130
  Running refinement on 16 blocks
   1. Greedy Balancer
   2. Label Propagation

Uncoarsening -> Level 4
 Number of nodes: 1011521 | Number of edges: 16736502
  Running refinement on 16 blocks
   1. Greedy Balancer
   2. Label Propagation

Uncoarsening -> Level 3
 Number of nodes: 2589010 | Number of edges: 63737150
  Running refinement on 16 blocks
   1. Greedy Balancer
   2. Label Propagation

Uncoarsening -> Level 2
 Number of nodes: 6544351 | Number of edges: 291091816
  Running refinement on 16 blocks
   1. Greedy Balancer
   2. Label Propagation

Uncoarsening -> Level 1
 Number of nodes: 16415407 | Number of edges: 1619005944
  Running refinement on 16 blocks
   1. Greedy Balancer
   2. Label Propagation

Uncoarsening -> Level 0
 Number of nodes: 41290648 | Number of edges: 2054949894
  Running refinement on 16 blocks
   1. Greedy Balancer
   2. Label Propagation
############################################################# Result Summary ###
RESULT cut=3328898 imbalance=0.028695 feasible=1 k=16
TIME read_input_graph=19.816 partitioning=8.119 partitioning.rearrange_by_degree-buckets=0.456 partitioning.rearrange_by_degree-buckets.sort_nodes_by_integer_buckets=0.020 partitioning.rearrange_by_degree-buckets.rearrange_input_graph=0.386 partitioning.rearrange_by_degree-buckets.deallocation=0.041 partitioning.refinement=0.000 partitioning.refinement.allocation=0.000 partitioning.coarsening=6.561 partitioning.coarsening.level[0]=4.787 partitioning.coarsening.level[0].label_propagation=0.163 partitioning.coarsening.level[0].label_propagation.allocation=0.012 partitioning.coarsening.level[0].label_propagation.iteration[0]=0.131 partitioning.coarsening.level[0].label_propagation.iteration[0].first_phase=0.122 partitioning.coarsening.level[0].label_propagation.iteration[1]=0.000 partitioning.coarsening.level[0].label_propagation.iteration[1].first_phase=0.000 partitioning.coarsening.level[0].label_propagation.handle_isolated_nodes=0.000 partitioning.coarsening.level[0].label_propagation.handle_two-hop_nodes=0.000 partitioning.coarsening.level[0].label_propagation.free=0.008 partitioning.coarsening.level[0].contract_graph=4.621 partitioning.coarsening.level[0].contract_graph.allocation=0.002 partitioning.coarsening.level[0].contract_graph.preprocessing=0.059 partitioning.coarsening.level[0].contract_graph.deallocation=0.001 partitioning.coarsening.level[0].contract_graph.construct_coarse_graph=4.508 partitioning.coarsening.level[0].contract_graph.construct_coarse_graph.aggregate_coarse_edges=4.251 partitioning.coarsening.level[0].contract_graph.construct_coarse_graph.aggregate_coarse_edges.first_phase=3.848 partitioning.coarsening.level[0].contract_graph.construct_coarse_graph.aggregate_coarse_edges.second_phase=0.390 partitioning.coarsening.level[0].contract_graph.construct_coarse_graph.remap_coarse_edges_and_mapping=0.249 partitioning.coarsening.level[1]=1.308 partitioning.coarsening.level[1].label_propagation=0.376 partitioning.coarsening.level[1].label_propagation.allocation=0.010 partitioning.coarsening.level[1].label_propagation.iteration[0]=0.363 partitioning.coarsening.level[1].label_propagation.iteration[0].first_phase=0.262 partitioning.coarsening.level[1].label_propagation.iteration[0].second_phase=0.097 partitioning.coarsening.level[1].label_propagation.iteration[1]=0.000 partitioning.coarsening.level[1].label_propagation.iteration[1].first_phase=0.000 partitioning.coarsening.level[1].label_propagation.handle_isolated_nodes=0.000 partitioning.coarsening.level[1].label_propagation.handle_two-hop_nodes=0.000 partitioning.coarsening.level[1].contract_graph=0.931 partitioning.coarsening.level[1].contract_graph.allocation=0.003 partitioning.coarsening.level[1].contract_graph.preprocessing=0.034 partitioning.coarsening.level[1].contract_graph.deallocation=0.000 partitioning.coarsening.level[1].contract_graph.construct_coarse_graph=0.882 partitioning.coarsening.level[1].contract_graph.construct_coarse_graph.aggregate_coarse_edges=0.830 partitioning.coarsening.level[1].contract_graph.construct_coarse_graph.aggregate_coarse_edges.first_phase=0.725 partitioning.coarsening.level[1].contract_graph.construct_coarse_graph.aggregate_coarse_edges.second_phase=0.104 partitioning.coarsening.level[1].contract_graph.construct_coarse_graph.remap_coarse_edges_and_mapping=0.047 partitioning.coarsening.level[2]=0.309 partitioning.coarsening.level[2].label_propagation=0.087 partitioning.coarsening.level[2].label_propagation.iteration[0]=0.080 partitioning.coarsening.level[2].label_propagation.iteration[0].first_phase=0.065 partitioning.coarsening.level[2].label_propagation.iteration[0].second_phase=0.014 partitioning.coarsening.level[2].label_propagation.iteration[1]=0.000 partitioning.coarsening.level[2].label_propagation.iteration[1].first_phase=0.000 partitioning.coarsening.level[2].label_propagation.handle_isolated_nodes=0.000 partitioning.coarsening.level[2].label_propagation.handle_two-hop_nodes=0.000 partitioning.coarsening.level[2].contract_graph=0.222 partitioning.coarsening.level[2].contract_graph.allocation=0.001 partitioning.coarsening.level[2].contract_graph.preprocessing=0.018 partitioning.coarsening.level[2].contract_graph.deallocation=0.000 partitioning.coarsening.level[2].contract_graph.construct_coarse_graph=0.199 partitioning.coarsening.level[2].contract_graph.construct_coarse_graph.aggregate_coarse_edges=0.186 partitioning.coarsening.level[2].contract_graph.construct_coarse_graph.aggregate_coarse_edges.first_phase=0.154 partitioning.coarsening.level[2].contract_graph.construct_coarse_graph.aggregate_coarse_edges.second_phase=0.031 partitioning.coarsening.level[2].contract_graph.construct_coarse_graph.remap_coarse_edges_and_mapping=0.011 partitioning.coarsening.level[3]=0.092 partitioning.coarsening.level[3].label_propagation=0.022 partitioning.coarsening.level[3].label_propagation.iteration[0]=0.022 partitioning.coarsening.level[3].label_propagation.iteration[0].first_phase=0.017 partitioning.coarsening.level[3].label_propagation.iteration[0].second_phase=0.004 partitioning.coarsening.level[3].label_propagation.iteration[1]=0.000 partitioning.coarsening.level[3].label_propagation.iteration[1].first_phase=0.000 partitioning.coarsening.level[3].label_propagation.handle_isolated_nodes=0.000 partitioning.coarsening.level[3].label_propagation.handle_two-hop_nodes=0.000 partitioning.coarsening.level[3].contract_graph=0.069 partitioning.coarsening.level[3].contract_graph.allocation=0.001 partitioning.coarsening.level[3].contract_graph.preprocessing=0.007 partitioning.coarsening.level[3].contract_graph.deallocation=0.000 partitioning.coarsening.level[3].contract_graph.construct_coarse_graph=0.060 partitioning.coarsening.level[3].contract_graph.construct_coarse_graph.aggregate_coarse_edges=0.056 partitioning.coarsening.level[3].contract_graph.construct_coarse_graph.aggregate_coarse_edges.first_phase=0.044 partitioning.coarsening.level[3].contract_graph.construct_coarse_graph.aggregate_coarse_edges.second_phase=0.011 partitioning.coarsening.level[3].contract_graph.construct_coarse_graph.remap_coarse_edges_and_mapping=0.003 partitioning.coarsening.level[4]=0.037 partitioning.coarsening.level[4].label_propagation=0.008 partitioning.coarsening.level[4].label_propagation.iteration[0]=0.008 partitioning.coarsening.level[4].label_propagation.iteration[0].first_phase=0.006 partitioning.coarsening.level[4].label_propagation.iteration[0].second_phase=0.001 partitioning.coarsening.level[4].label_propagation.iteration[1]=0.000 partitioning.coarsening.level[4].label_propagation.iteration[1].first_phase=0.000 partitioning.coarsening.level[4].label_propagation.handle_isolated_nodes=0.000 partitioning.coarsening.level[4].label_propagation.handle_two-hop_nodes=0.000 partitioning.coarsening.level[4].contract_graph=0.028 partitioning.coarsening.level[4].contract_graph.allocation=0.000 partitioning.coarsening.level[4].contract_graph.preprocessing=0.006 partitioning.coarsening.level[4].contract_graph.deallocation=0.000 partitioning.coarsening.level[4].contract_graph.construct_coarse_graph=0.020 partitioning.coarsening.level[4].contract_graph.construct_coarse_graph.aggregate_coarse_edges=0.019 partitioning.coarsening.level[4].contract_graph.construct_coarse_graph.aggregate_coarse_edges.first_phase=0.016 partitioning.coarsening.level[4].contract_graph.construct_coarse_graph.aggregate_coarse_edges.second_phase=0.002 partitioning.coarsening.level[4].contract_graph.construct_coarse_graph.remap_coarse_edges_and_mapping=0.001 partitioning.coarsening.level[5]=0.017 partitioning.coarsening.level[5].label_propagation=0.004 partitioning.coarsening.level[5].label_propagation.iteration[0]=0.004 partitioning.coarsening.level[5].label_propagation.iteration[0].first_phase=0.003 partitioning.coarsening.level[5].label_propagation.iteration[0].second_phase=0.000 partitioning.coarsening.level[5].label_propagation.iteration[1]=0.000 partitioning.coarsening.level[5].label_propagation.iteration[1].first_phase=0.000 partitioning.coarsening.level[5].label_propagation.handle_isolated_nodes=0.000 partitioning.coarsening.level[5].label_propagation.handle_two-hop_nodes=0.000 partitioning.coarsening.level[5].contract_graph=0.013 partitioning.coarsening.level[5].contract_graph.allocation=0.000 partitioning.coarsening.level[5].contract_graph.preprocessing=0.001 partitioning.coarsening.level[5].contract_graph.deallocation=0.000 partitioning.coarsening.level[5].contract_graph.construct_coarse_graph=0.011 partitioning.coarsening.level[5].contract_graph.construct_coarse_graph.aggregate_coarse_edges=0.011 partitioning.coarsening.level[5].contract_graph.construct_coarse_graph.aggregate_coarse_edges.first_phase=0.010 partitioning.coarsening.level[5].contract_graph.construct_coarse_graph.aggregate_coarse_edges.second_phase=0.000 partitioning.coarsening.level[5].contract_graph.construct_coarse_graph.remap_coarse_edges_and_mapping=0.000 partitioning.coarsening.level[6]=0.007 partitioning.coarsening.level[6].label_propagation=0.002 partitioning.coarsening.level[6].label_propagation.iteration[0]=0.002 partitioning.coarsening.level[6].label_propagation.iteration[0].first_phase=0.001 partitioning.coarsening.level[6].label_propagation.iteration[1]=0.000 partitioning.coarsening.level[6].label_propagation.iteration[1].first_phase=0.000 partitioning.coarsening.level[6].label_propagation.handle_isolated_nodes=0.000 partitioning.coarsening.level[6].label_propagation.handle_two-hop_nodes=0.000 partitioning.coarsening.level[6].contract_graph=0.005 partitioning.coarsening.level[6].contract_graph.allocation=0.000 partitioning.coarsening.level[6].contract_graph.preprocessing=0.000 partitioning.coarsening.level[6].contract_graph.deallocation=0.000 partitioning.coarsening.level[6].contract_graph.construct_coarse_graph=0.004 partitioning.coarsening.level[6].contract_graph.construct_coarse_graph.aggregate_coarse_edges=0.004 partitioning.coarsening.level[6].contract_graph.construct_coarse_graph.aggregate_coarse_edges.first_phase=0.003 partitioning.coarsening.level[6].contract_graph.construct_coarse_graph.aggregate_coarse_edges.second_phase=0.000 partitioning.coarsening.level[6].contract_graph.construct_coarse_graph.remap_coarse_edges_and_mapping=0.000 partitioning.coarsening.deallocation=0.000 partitioning.initial_partitioning_scheme=0.143 partitioning.uncoarsening=0.940 partitioning.uncoarsening.level[6]=0.009 partitioning.uncoarsening.level[6].allocation=0.000 partitioning.uncoarsening.level[6].project_partition=0.000 partitioning.uncoarsening.level[6].create_graph=0.000 partitioning.uncoarsening.level[6].refinement=0.008 partitioning.uncoarsening.level[6].refinement.greedy_balancer=0.000 partitioning.uncoarsening.level[6].refinement.label_propagation=0.008 partitioning.uncoarsening.level[6].refinement.label_propagation.allocation=0.003 partitioning.uncoarsening.level[6].refinement.label_propagation.iteration[0]=0.002 partitioning.uncoarsening.level[6].refinement.label_propagation.iteration[1]=0.001 partitioning.uncoarsening.level[6].refinement.label_propagation.iteration[2]=0.000 partitioning.uncoarsening.level[6].refinement.label_propagation.iteration[3]=0.000 partitioning.uncoarsening.level[6].refinement.label_propagation.iteration[4]=0.000 partitioning.uncoarsening.level[5]=0.008 partitioning.uncoarsening.level[5].allocation=0.000 partitioning.uncoarsening.level[5].project_partition=0.000 partitioning.uncoarsening.level[5].create_graph=0.000 partitioning.uncoarsening.level[5].refinement=0.007 partitioning.uncoarsening.level[5].refinement.greedy_balancer=0.000 partitioning.uncoarsening.level[5].refinement.label_propagation=0.007 partitioning.uncoarsening.level[5].refinement.label_propagation.iteration[0]=0.004 partitioning.uncoarsening.level[5].refinement.label_propagation.iteration[1]=0.001 partitioning.uncoarsening.level[5].refinement.label_propagation.iteration[2]=0.000 partitioning.uncoarsening.level[5].refinement.label_propagation.iteration[3]=0.000 partitioning.uncoarsening.level[5].refinement.label_propagation.iteration[4]=0.000 partitioning.uncoarsening.level[4]=0.012 partitioning.uncoarsening.level[4].allocation=0.000 partitioning.uncoarsening.level[4].project_partition=0.000 partitioning.uncoarsening.level[4].create_graph=0.000 partitioning.uncoarsening.level[4].refinement=0.011 partitioning.uncoarsening.level[4].refinement.greedy_balancer=0.000 partitioning.uncoarsening.level[4].refinement.label_propagation=0.011 partitioning.uncoarsening.level[4].refinement.label_propagation.iteration[0]=0.007 partitioning.uncoarsening.level[4].refinement.label_propagation.iteration[1]=0.001 partitioning.uncoarsening.level[4].refinement.label_propagation.iteration[2]=0.000 partitioning.uncoarsening.level[4].refinement.label_propagation.iteration[3]=0.000 partitioning.uncoarsening.level[4].refinement.label_propagation.iteration[4]=0.000 partitioning.uncoarsening.level[3]=0.030 partitioning.uncoarsening.level[3].allocation=0.004 partitioning.uncoarsening.level[3].project_partition=0.000 partitioning.uncoarsening.level[3].create_graph=0.000 partitioning.uncoarsening.level[3].refinement=0.024 partitioning.uncoarsening.level[3].refinement.greedy_balancer=0.000 partitioning.uncoarsening.level[3].refinement.label_propagation=0.024 partitioning.uncoarsening.level[3].refinement.label_propagation.iteration[0]=0.017 partitioning.uncoarsening.level[3].refinement.label_propagation.iteration[1]=0.003 partitioning.uncoarsening.level[3].refinement.label_propagation.iteration[2]=0.001 partitioning.uncoarsening.level[3].refinement.label_propagation.iteration[3]=0.001 partitioning.uncoarsening.level[3].refinement.label_propagation.iteration[4]=0.000 partitioning.uncoarsening.level[2]=0.087 partitioning.uncoarsening.level[2].allocation=0.002 partitioning.uncoarsening.level[2].project_partition=0.000 partitioning.uncoarsening.level[2].create_graph=0.000 partitioning.uncoarsening.level[2].refinement=0.080 partitioning.uncoarsening.level[2].refinement.greedy_balancer=0.000 partitioning.uncoarsening.level[2].refinement.label_propagation=0.080 partitioning.uncoarsening.level[2].refinement.label_propagation.iteration[0]=0.063 partitioning.uncoarsening.level[2].refinement.label_propagation.iteration[1]=0.010 partitioning.uncoarsening.level[2].refinement.label_propagation.iteration[2]=0.002 partitioning.uncoarsening.level[2].refinement.label_propagation.iteration[3]=0.001 partitioning.uncoarsening.level[2].refinement.label_propagation.iteration[4]=0.001 partitioning.uncoarsening.level[1]=0.354 partitioning.uncoarsening.level[1].allocation=0.004 partitioning.uncoarsening.level[1].project_partition=0.001 partitioning.uncoarsening.level[1].create_graph=0.001 partitioning.uncoarsening.level[1].refinement=0.337 partitioning.uncoarsening.level[1].refinement.greedy_balancer=0.000 partitioning.uncoarsening.level[1].refinement.label_propagation=0.337 partitioning.uncoarsening.level[1].refinement.label_propagation.iteration[0]=0.282 partitioning.uncoarsening.level[1].refinement.label_propagation.iteration[1]=0.029 partitioning.uncoarsening.level[1].refinement.label_propagation.iteration[2]=0.014 partitioning.uncoarsening.level[1].refinement.label_propagation.iteration[3]=0.005 partitioning.uncoarsening.level[1].refinement.label_propagation.iteration[4]=0.004 partitioning.uncoarsening.level[0]=0.437 partitioning.uncoarsening.level[0].allocation=0.005 partitioning.uncoarsening.level[0].project_partition=0.004 partitioning.uncoarsening.level[0].create_graph=0.003 partitioning.uncoarsening.level[0].refinement=0.366 partitioning.uncoarsening.level[0].refinement.greedy_balancer=0.000 partitioning.uncoarsening.level[0].refinement.label_propagation=0.366 partitioning.uncoarsening.level[0].refinement.label_propagation.iteration[0]=0.323 partitioning.uncoarsening.level[0].refinement.label_propagation.iteration[1]=0.015 partitioning.uncoarsening.level[0].refinement.label_propagation.iteration[2]=0.013 partitioning.uncoarsening.level[0].refinement.label_propagation.iteration[3]=0.006 partitioning.uncoarsening.level[0].refinement.label_propagation.iteration[4]=0.004 partitioning.deallocation=0.002 partitioning.re-integrate_isolated_nodes=0.012 io=0.003 
MEMORY disabled

Global Timer: ................................... 27.969 s    
|- Read input graph: ............................ 19.816 s    
|- Partitioning: ................................ 8.119 s     
|  |- Rearrange by degree-buckets: .............. 0.456 s     
|  |  |- Sort nodes by integer buckets: ......... 0.020 s     
|  |  |- Rearrange input graph: ................. 0.386 s     
|  |  `- Deallocation: .......................... 0.041 s     
|  |- Refinement: ............................... 0.000 s     
|  |  `- Allocation: ............................ 0.000 s     
|  |- Coarsening: ............................... 6.561 s     
|  |  |- Level (0): ............................. 4.787 s     
|  |  |  |- Label Propagation: .................. 0.163 s     
|  |  |  |  |- Allocation: ...................... 0.012 s     
|  |  |  |  |- Iteration (0): ................... 0.131 s     
|  |  |  |  |  `- First phase: .................. 0.122 s     
|  |  |  |  |- Iteration (1): ................... 0.000 s     
|  |  |  |  |  `- First phase: .................. 0.000 s     
|  |  |  |  |- Handle isolated nodes: ........... 0.000 s     
|  |  |  |  |- Handle two-hop nodes: ............ 0.000 s     
|  |  |  |  `- Free: ............................ 0.008 s     
|  |  |  `- Contract graph: ..................... 4.621 s     
|  |  |     |- Allocation: ...................... 0.002 s  (3)
|  |  |     |- Preprocessing: ................... 0.059 s  (3)
|  |  |     |- Deallocation: .................... 0.001 s     
|  |  |     `- Construct coarse graph: .......... 4.508 s     
|  |  |        |- Aggregate coarse edges: ....... 4.251 s     
|  |  |        |  |- First phase: ............... 3.848 s     
|  |  |        |  `- Second phase: .............. 0.390 s     
|  |  |        `- Remap coarse edges and mapping: 0.249 s     
|  |  |- Level (1): ............................. 1.308 s     
|  |  |  |- Label Propagation: .................. 0.376 s     
|  |  |  |  |- Allocation: ...................... 0.010 s     
|  |  |  |  |- Iteration (0): ................... 0.363 s     
|  |  |  |  |  |- First phase: .................. 0.262 s     
|  |  |  |  |  `- Second phase: ................. 0.097 s     
|  |  |  |  |- Iteration (1): ................... 0.000 s     
|  |  |  |  |  `- First phase: .................. 0.000 s     
|  |  |  |  |- Handle isolated nodes: ........... 0.000 s     
|  |  |  |  `- Handle two-hop nodes: ............ 0.000 s     
|  |  |  `- Contract graph: ..................... 0.931 s     
|  |  |     |- Allocation: ...................... 0.003 s  (3)
|  |  |     |- Preprocessing: ................... 0.034 s  (3)
|  |  |     |- Deallocation: .................... 0.000 s     
|  |  |     `- Construct coarse graph: .......... 0.882 s     
|  |  |        |- Aggregate coarse edges: ....... 0.830 s     
|  |  |        |  |- First phase: ............... 0.725 s     
|  |  |        |  `- Second phase: .............. 0.104 s     
|  |  |        `- Remap coarse edges and mapping: 0.047 s     
|  |  |- Level (2): ............................. 0.309 s     
|  |  |  |- Label Propagation: .................. 0.087 s     
|  |  |  |  |- Iteration (0): ................... 0.080 s     
|  |  |  |  |  |- First phase: .................. 0.065 s     
|  |  |  |  |  `- Second phase: ................. 0.014 s     
|  |  |  |  |- Iteration (1): ................... 0.000 s     
|  |  |  |  |  `- First phase: .................. 0.000 s     
|  |  |  |  |- Handle isolated nodes: ........... 0.000 s     
|  |  |  |  `- Handle two-hop nodes: ............ 0.000 s     
|  |  |  `- Contract graph: ..................... 0.222 s     
|  |  |     |- Allocation: ...................... 0.001 s  (3)
|  |  |     |- Preprocessing: ................... 0.018 s  (3)
|  |  |     |- Deallocation: .................... 0.000 s     
|  |  |     `- Construct coarse graph: .......... 0.199 s     
|  |  |        |- Aggregate coarse edges: ....... 0.186 s     
|  |  |        |  |- First phase: ............... 0.154 s     
|  |  |        |  `- Second phase: .............. 0.031 s     
|  |  |        `- Remap coarse edges and mapping: 0.011 s     
|  |  |- Level (3): ............................. 0.092 s     
|  |  |  |- Label Propagation: .................. 0.022 s     
|  |  |  |  |- Iteration (0): ................... 0.022 s     
|  |  |  |  |  |- First phase: .................. 0.017 s     
|  |  |  |  |  `- Second phase: ................. 0.004 s     
|  |  |  |  |- Iteration (1): ................... 0.000 s     
|  |  |  |  |  `- First phase: .................. 0.000 s     
|  |  |  |  |- Handle isolated nodes: ........... 0.000 s     
|  |  |  |  `- Handle two-hop nodes: ............ 0.000 s     
|  |  |  `- Contract graph: ..................... 0.069 s     
|  |  |     |- Allocation: ...................... 0.001 s  (3)
|  |  |     |- Preprocessing: ................... 0.007 s  (3)
|  |  |     |- Deallocation: .................... 0.000 s     
|  |  |     `- Construct coarse graph: .......... 0.060 s     
|  |  |        |- Aggregate coarse edges: ....... 0.056 s     
|  |  |        |  |- First phase: ............... 0.044 s     
|  |  |        |  `- Second phase: .............. 0.011 s     
|  |  |        `- Remap coarse edges and mapping: 0.003 s     
|  |  |- Level (4): ............................. 0.037 s     
|  |  |  |- Label Propagation: .................. 0.008 s     
|  |  |  |  |- Iteration (0): ................... 0.008 s     
|  |  |  |  |  |- First phase: .................. 0.006 s     
|  |  |  |  |  `- Second phase: ................. 0.001 s     
|  |  |  |  |- Iteration (1): ................... 0.000 s     
|  |  |  |  |  `- First phase: .................. 0.000 s     
|  |  |  |  |- Handle isolated nodes: ........... 0.000 s     
|  |  |  |  `- Handle two-hop nodes: ............ 0.000 s     
|  |  |  `- Contract graph: ..................... 0.028 s     
|  |  |     |- Allocation: ...................... 0.000 s  (3)
|  |  |     |- Preprocessing: ................... 0.006 s  (3)
|  |  |     |- Deallocation: .................... 0.000 s     
|  |  |     `- Construct coarse graph: .......... 0.020 s     
|  |  |        |- Aggregate coarse edges: ....... 0.019 s     
|  |  |        |  |- First phase: ............... 0.016 s     
|  |  |        |  `- Second phase: .............. 0.002 s     
|  |  |        `- Remap coarse edges and mapping: 0.001 s     
|  |  |- Level (5): ............................. 0.017 s     
|  |  |  |- Label Propagation: .................. 0.004 s     
|  |  |  |  |- Iteration (0): ................... 0.004 s     
|  |  |  |  |  |- First phase: .................. 0.003 s     
|  |  |  |  |  `- Second phase: ................. 0.000 s     
|  |  |  |  |- Iteration (1): ................... 0.000 s     
|  |  |  |  |  `- First phase: .................. 0.000 s     
|  |  |  |  |- Handle isolated nodes: ........... 0.000 s     
|  |  |  |  `- Handle two-hop nodes: ............ 0.000 s     
|  |  |  `- Contract graph: ..................... 0.013 s     
|  |  |     |- Allocation: ...................... 0.000 s  (3)
|  |  |     |- Preprocessing: ................... 0.001 s  (3)
|  |  |     |- Deallocation: .................... 0.000 s     
|  |  |     `- Construct coarse graph: .......... 0.011 s     
|  |  |        |- Aggregate coarse edges: ....... 0.011 s     
|  |  |        |  |- First phase: ............... 0.010 s     
|  |  |        |  `- Second phase: .............. 0.000 s     
|  |  |        `- Remap coarse edges and mapping: 0.000 s     
|  |  |- Level (6): ............................. 0.007 s     
|  |  |  |- Label Propagation: .................. 0.002 s     
|  |  |  |  |- Iteration (0): ................... 0.002 s     
|  |  |  |  |  `- First phase: .................. 0.001 s     
|  |  |  |  |- Iteration (1): ................... 0.000 s     
|  |  |  |  |  `- First phase: .................. 0.000 s     
|  |  |  |  |- Handle isolated nodes: ........... 0.000 s     
|  |  |  |  `- Handle two-hop nodes: ............ 0.000 s     
|  |  |  `- Contract graph: ..................... 0.005 s     
|  |  |     |- Allocation: ...................... 0.000 s  (3)
|  |  |     |- Preprocessing: ................... 0.000 s  (3)
|  |  |     |- Deallocation: .................... 0.000 s     
|  |  |     `- Construct coarse graph: .......... 0.004 s     
|  |  |        |- Aggregate coarse edges: ....... 0.004 s     
|  |  |        |  |- First phase: ............... 0.003 s     
|  |  |        |  `- Second phase: .............. 0.000 s     
|  |  |        `- Remap coarse edges and mapping: 0.000 s     
|  |  `- Deallocation: .......................... 0.000 s     
|  |- Initial partitioning scheme: .............. 0.143 s     
|  |- Uncoarsening: ............................. 0.940 s     
|  |  |- Level (6): ............................. 0.009 s     
|  |  |  |- Allocation: ......................... 0.000 s     
|  |  |  |- Project partition: .................. 0.000 s     
|  |  |  |- Create graph: ....................... 0.000 s     
|  |  |  `- Refinement: ......................... 0.008 s     
|  |  |     |- Greedy Balancer: ................. 0.000 s     
|  |  |     `- Label Propagation: ............... 0.008 s     
|  |  |        |- Allocation: ................... 0.003 s     
|  |  |        |- Iteration (0): ................ 0.002 s     
|  |  |        |- Iteration (1): ................ 0.001 s     
|  |  |        |- Iteration (2): ................ 0.000 s     
|  |  |        |- Iteration (3): ................ 0.000 s     
|  |  |        `- Iteration (4): ................ 0.000 s     
|  |  |- Level (5): ............................. 0.008 s     
|  |  |  |- Allocation: ......................... 0.000 s     
|  |  |  |- Project partition: .................. 0.000 s     
|  |  |  |- Create graph: ....................... 0.000 s     
|  |  |  `- Refinement: ......................... 0.007 s     
|  |  |     |- Greedy Balancer: ................. 0.000 s     
|  |  |     `- Label Propagation: ............... 0.007 s     
|  |  |        |- Iteration (0): ................ 0.004 s     
|  |  |        |- Iteration (1): ................ 0.001 s     
|  |  |        |- Iteration (2): ................ 0.000 s     
|  |  |        |- Iteration (3): ................ 0.000 s     
|  |  |        `- Iteration (4): ................ 0.000 s     
|  |  |- Level (4): ............................. 0.012 s     
|  |  |  |- Allocation: ......................... 0.000 s     
|  |  |  |- Project partition: .................. 0.000 s     
|  |  |  |- Create graph: ....................... 0.000 s     
|  |  |  `- Refinement: ......................... 0.011 s     
|  |  |     |- Greedy Balancer: ................. 0.000 s     
|  |  |     `- Label Propagation: ............... 0.011 s     
|  |  |        |- Iteration (0): ................ 0.007 s     
|  |  |        |- Iteration (1): ................ 0.001 s     
|  |  |        |- Iteration (2): ................ 0.000 s     
|  |  |        |- Iteration (3): ................ 0.000 s     
|  |  |        `- Iteration (4): ................ 0.000 s     
|  |  |- Level (3): ............................. 0.030 s     
|  |  |  |- Allocation: ......................... 0.004 s     
|  |  |  |- Project partition: .................. 0.000 s     
|  |  |  |- Create graph: ....................... 0.000 s     
|  |  |  `- Refinement: ......................... 0.024 s     
|  |  |     |- Greedy Balancer: ................. 0.000 s     
|  |  |     `- Label Propagation: ............... 0.024 s     
|  |  |        |- Iteration (0): ................ 0.017 s     
|  |  |        |- Iteration (1): ................ 0.003 s     
|  |  |        |- Iteration (2): ................ 0.001 s     
|  |  |        |- Iteration (3): ................ 0.001 s     
|  |  |        `- Iteration (4): ................ 0.000 s     
|  |  |- Level (2): ............................. 0.087 s     
|  |  |  |- Allocation: ......................... 0.002 s     
|  |  |  |- Project partition: .................. 0.000 s     
|  |  |  |- Create graph: ....................... 0.000 s     
|  |  |  `- Refinement: ......................... 0.080 s     
|  |  |     |- Greedy Balancer: ................. 0.000 s     
|  |  |     `- Label Propagation: ............... 0.080 s     
|  |  |        |- Iteration (0): ................ 0.063 s     
|  |  |        |- Iteration (1): ................ 0.010 s     
|  |  |        |- Iteration (2): ................ 0.002 s     
|  |  |        |- Iteration (3): ................ 0.001 s     
|  |  |        `- Iteration (4): ................ 0.001 s     
|  |  |- Level (1): ............................. 0.354 s     
|  |  |  |- Allocation: ......................... 0.004 s     
|  |  |  |- Project partition: .................. 0.001 s     
|  |  |  |- Create graph: ....................... 0.001 s     
|  |  |  `- Refinement: ......................... 0.337 s     
|  |  |     |- Greedy Balancer: ................. 0.000 s     
|  |  |     `- Label Propagation: ............... 0.337 s     
|  |  |        |- Iteration (0): ................ 0.282 s     
|  |  |        |- Iteration (1): ................ 0.029 s     
|  |  |        |- Iteration (2): ................ 0.014 s     
|  |  |        |- Iteration (3): ................ 0.005 s     
|  |  |        `- Iteration (4): ................ 0.004 s     
|  |  `- Level (0): ............................. 0.437 s     
|  |     |- Allocation: ......................... 0.005 s     
|  |     |- Project partition: .................. 0.004 s     
|  |     |- Create graph: ....................... 0.003 s     
|  |     `- Refinement: ......................... 0.366 s     
|  |        |- Greedy Balancer: ................. 0.000 s     
|  |        `- Label Propagation: ............... 0.366 s     
|  |           |- Iteration (0): ................ 0.323 s     
|  |           |- Iteration (1): ................ 0.015 s     
|  |           |- Iteration (2): ................ 0.013 s     
|  |           |- Iteration (3): ................ 0.006 s     
|  |           `- Iteration (4): ................ 0.004 s     
|  |- Deallocation: ............................. 0.002 s     
|  `- Re-integrate isolated nodes: .............. 0.012 s     
`- IO: .......................................... 0.003 s     

Partition summary:
  Number of blocks: 16
  Edge cut:         3328898
  Imbalance:        0.028695
  Feasible:         yes

Block weights:
  w(0 ) = 2654779    w(1 ) = 2653830    w(2 ) = 2653830    w(3 ) = 2589679  
  w(4 ) = 2653835    w(5 ) = 2653839    w(6 ) = 2653843    w(7 ) = 2653838  
  w(8 ) = 2654300    w(9 ) = 2653832    w(10) = 2653736    w(11) = 2653828  
  w(12) = 2645384    w(13) = 2596593    w(14) = 2574774    w(15) = 1691674  

Maximum resident set size: 25925040 KiB
