################################################################################
#                _  __       __  __  _         ____                            #
#               | |/ / __ _ |  \/  |(_) _ __  |  _ \  __ _  _ __               #
#               | ' / / _` || |\/| || || '_ \ | |_) |/ _` || '__|              #
#               | . \| (_| || |  | || || | | ||  __/| (_| || |                 #
#               |_|\_\\__,_||_|  |_||_||_| |_||_|    \__,_||_|                 #
#                                                                              #
################################################################################
Current commit hash:          99c62314d27845b3825829ec1e3e97256490627d
Assertion level:              always+light
Statistics:                   disabled
Built on:                     liskov
Data type sizes:
  Nodes IDs: 4 bytes | Node weights: 4 bytes
  Edges IDs: 4 bytes | Edge weights: 4 bytes
############################################################## Input Summary ###
Execution mode:               64
Seed:                         1
Graph:                        itwiki-2013 [node ordering: deg-buckets] [edge ordering: natural]
  Number of nodes:             1016867 (unweighted)
  Number of edges:            46859288 (unweighted)
Number of blocks:             16
Maximum block weight:         65461 (63555 + 3% / 3%)
---------------------------------------------------------- Graph Compression ---
Enabled:                      no
-------------------------------------------------------- Partitioning Scheme ---
Partitioning mode:            deep
  Deep initial part. mode:    async-parallel
  Deep initial part. load:    1
Subgraph memory:              Lazy
----------------------------------------------------------------- Coarsening ---
Contraction limit:            2000
Coarsening algorithm:         clustering
  Cluster weight limit:       epsilon-block-weight x 1
  Shrink factor:              2.5
  Max mem-free level:         1
  Clustering algorithm:       lp
    Number of iterations:     5
    High degree threshold:    4294967295
    Max degree:               4294967295
    Tie breaking strategy:    uniform
    Implementation:           two-phase
      Relabel:                no
    2-hop clustering:         match-threadwise, if |Vcoarse| > 0.500000 * |V|
    Isolated nodes:           match-during-two-hop
  Forced hierarchy levels:    <none> (leeway: U=10.000000, L=1.100000)
Contraction algorithm:        unbuffered
  Implementation:             two-phase
------------------------------------------------------- Initial Partitioning ---
Adaptive algorithm selection: yes
----------------------------------------------------------------- Refinement ---
Refinement algorithms:        [greedy-balancer -> lp]
Label propagation:
  Number of iterations:       5
  Tie breaking strategy:      uniform
  Implementation:             single-phase
############################################################## Preprocessing ###
Removed 688 isolated nodes
  Remaining nodes:             1016179
  Remaining total node weight: 1016179
############################################################### Partitioning ###
Input graph:
 Number of nodes: 1016179 | Number of edges: 46859288
 Maximum node weight: 1

Coarsening -> Level 1 [max cluster weight: 1949]:
 Total edge weight:   45302878
 Number of nodes:     390982 | Number of edges: 38872588
 Maximum node weight: 1950

Coarsening -> Level 2 [max cluster weight: 1949]:
 Total edge weight:   41576044
 Number of nodes:     150338 | Number of edges: 14888734
 Maximum node weight: 1951

Coarsening -> Level 3 [max cluster weight: 1949]:
 Total edge weight:   39515260
 Number of nodes:     56807 | Number of edges: 5576816
 Maximum node weight: 1951

==> Coarsening terminated with less than 128000 nodes

Initial partitioning:
 Number of blocks: 16

Uncoarsening -> Level 2
 Number of nodes: 150338 | Number of edges: 14888734
  Running refinement on 16 blocks
   1. Greedy Balancer
   2. Label Propagation

Uncoarsening -> Level 1
 Number of nodes: 390982 | Number of edges: 38872588
  Running refinement on 16 blocks
   1. Greedy Balancer
   2. Label Propagation

Uncoarsening -> Level 0
 Number of nodes: 1016179 | Number of edges: 46859288
  Running refinement on 16 blocks
   1. Greedy Balancer
   2. Label Propagation
############################################################# Result Summary ###
RESULT cut=9327387 imbalance=0.0299898 feasible=1 k=16
TIME read_input_graph=0.422 partitioning=1.033 partitioning.rearrange_by_degree-buckets=0.035 partitioning.rearrange_by_degree-buckets.sort_nodes_by_integer_buckets=0.008 partitioning.rearrange_by_degree-buckets.rearrange_input_graph=0.024 partitioning.rearrange_by_degree-buckets.deallocation=0.001 partitioning.refinement=0.000 partitioning.refinement.allocation=0.000 partitioning.coarsening=0.488 partitioning.coarsening.level[0]=0.187 partitioning.coarsening.level[0].label_propagation=0.053 partitioning.coarsening.level[0].label_propagation.allocation=0.006 partitioning.coarsening.level[0].label_propagation.iteration[0]=0.041 partitioning.coarsening.level[0].label_propagation.iteration[0].first_phase=0.038 partitioning.coarsening.level[0].label_propagation.iteration[1]=0.000 partitioning.coarsening.level[0].label_propagation.iteration[1].first_phase=0.000 partitioning.coarsening.level[0].label_propagation.handle_isolated_nodes=0.000 partitioning.coarsening.level[0].label_propagation.handle_two-hop_nodes=0.000 partitioning.coarsening.level[0].label_propagation.free=0.005 partitioning.coarsening.level[0].contract_graph=0.134 partitioning.coarsening.level[0].contract_graph.allocation=0.000 partitioning.coarsening.level[0].contract_graph.preprocessing=0.008 partitioning.coarsening.level[0].contract_graph.deallocation=0.000 partitioning.coarsening.level[0].contract_graph.construct_coarse_graph=0.123 partitioning.coarsening.level[0].contract_graph.construct_coarse_graph.aggregate_coarse_edges=0.114 partitioning.coarsening.level[0].contract_graph.construct_coarse_graph.aggregate_coarse_edges.first_phase=0.084 partitioning.coarsening.level[0].contract_graph.construct_coarse_graph.aggregate_coarse_edges.second_phase=0.023 partitioning.coarsening.level[0].contract_graph.construct_coarse_graph.remap_coarse_edges_and_mapping=0.007 partitioning.coarsening.level[1]=0.204 partitioning.coarsening.level[1].label_propagation=0.135 partitioning.coarsening.level[1].label_propagation.allocation=0.000 partitioning.coarsening.level[1].label_propagation.iteration[0]=0.135 partitioning.coarsening.level[1].label_propagation.iteration[0].first_phase=0.124 partitioning.coarsening.level[1].label_propagation.iteration[0].second_phase=0.010 partitioning.coarsening.level[1].label_propagation.iteration[1]=0.000 partitioning.coarsening.level[1].label_propagation.iteration[1].first_phase=0.000 partitioning.coarsening.level[1].label_propagation.handle_isolated_nodes=0.000 partitioning.coarsening.level[1].label_propagation.handle_two-hop_nodes=0.000 partitioning.coarsening.level[1].contract_graph=0.068 partitioning.coarsening.level[1].contract_graph.allocation=0.000 partitioning.coarsening.level[1].contract_graph.preprocessing=0.003 partitioning.coarsening.level[1].contract_graph.deallocation=0.000 partitioning.coarsening.level[1].contract_graph.construct_coarse_graph=0.064 partitioning.coarsening.level[1].contract_graph.construct_coarse_graph.aggregate_coarse_edges=0.061 partitioning.coarsening.level[1].contract_graph.construct_coarse_graph.aggregate_coarse_edges.first_phase=0.039 partitioning.coarsening.level[1].contract_graph.construct_coarse_graph.aggregate_coarse_edges.second_phase=0.021 partitioning.coarsening.level[1].contract_graph.construct_coarse_graph.remap_coarse_edges_and_mapping=0.002 partitioning.coarsening.level[2]=0.095 partitioning.coarsening.level[2].label_propagation=0.071 partitioning.coarsening.level[2].label_propagation.iteration[0]=0.071 partitioning.coarsening.level[2].label_propagation.iteration[0].first_phase=0.063 partitioning.coarsening.level[2].label_propagation.iteration[0].second_phase=0.007 partitioning.coarsening.level[2].label_propagation.iteration[1]=0.000 partitioning.coarsening.level[2].label_propagation.iteration[1].first_phase=0.000 partitioning.coarsening.level[2].label_propagation.handle_isolated_nodes=0.000 partitioning.coarsening.level[2].label_propagation.handle_two-hop_nodes=0.000 partitioning.coarsening.level[2].contract_graph=0.024 partitioning.coarsening.level[2].contract_graph.allocation=0.000 partitioning.coarsening.level[2].contract_graph.preprocessing=0.001 partitioning.coarsening.level[2].contract_graph.deallocation=0.000 partitioning.coarsening.level[2].contract_graph.construct_coarse_graph=0.022 partitioning.coarsening.level[2].contract_graph.construct_coarse_graph.aggregate_coarse_edges=0.021 partitioning.coarsening.level[2].contract_graph.construct_coarse_graph.aggregate_coarse_edges.first_phase=0.021 partitioning.coarsening.level[2].contract_graph.construct_coarse_graph.aggregate_coarse_edges.second_phase=0.000 partitioning.coarsening.level[2].contract_graph.construct_coarse_graph.remap_coarse_edges_and_mapping=0.001 partitioning.coarsening.deallocation=0.000 partitioning.initial_partitioning_scheme=0.341 partitioning.uncoarsening=0.166 partitioning.uncoarsening.level[2]=0.029 partitioning.uncoarsening.level[2].allocation=0.000 partitioning.uncoarsening.level[2].project_partition=0.000 partitioning.uncoarsening.level[2].create_graph=0.000 partitioning.uncoarsening.level[2].refinement=0.028 partitioning.uncoarsening.level[2].refinement.greedy_balancer=0.000 partitioning.uncoarsening.level[2].refinement.label_propagation=0.028 partitioning.uncoarsening.level[2].refinement.label_propagation.allocation=0.000 partitioning.uncoarsening.level[2].refinement.label_propagation.iteration[0]=0.018 partitioning.uncoarsening.level[2].refinement.label_propagation.iteration[1]=0.004 partitioning.uncoarsening.level[2].refinement.label_propagation.iteration[2]=0.002 partitioning.uncoarsening.level[2].refinement.label_propagation.iteration[3]=0.001 partitioning.uncoarsening.level[2].refinement.label_propagation.iteration[4]=0.001 partitioning.uncoarsening.level[1]=0.057 partitioning.uncoarsening.level[1].allocation=0.000 partitioning.uncoarsening.level[1].project_partition=0.000 partitioning.uncoarsening.level[1].create_graph=0.000 partitioning.uncoarsening.level[1].refinement=0.056 partitioning.uncoarsening.level[1].refinement.greedy_balancer=0.002 partitioning.uncoarsening.level[1].refinement.greedy_balancer.allocation=0.000 partitioning.uncoarsening.level[1].refinement.greedy_balancer.initialize_balancer_pq=0.002 partitioning.uncoarsening.level[1].refinement.greedy_balancer.initialize_balancer_pq.thread-local=0.001 partitioning.uncoarsening.level[1].refinement.greedy_balancer.initialize_balancer_pq.merge_thread-local_pqs=0.000 partitioning.uncoarsening.level[1].refinement.greedy_balancer.main_loop=0.000 partitioning.uncoarsening.level[1].refinement.label_propagation=0.054 partitioning.uncoarsening.level[1].refinement.label_propagation.iteration[0]=0.029 partitioning.uncoarsening.level[1].refinement.label_propagation.iteration[1]=0.008 partitioning.uncoarsening.level[1].refinement.label_propagation.iteration[2]=0.005 partitioning.uncoarsening.level[1].refinement.label_propagation.iteration[3]=0.005 partitioning.uncoarsening.level[1].refinement.label_propagation.iteration[4]=0.004 partitioning.uncoarsening.level[0]=0.079 partitioning.uncoarsening.level[0].allocation=0.006 partitioning.uncoarsening.level[0].project_partition=0.000 partitioning.uncoarsening.level[0].create_graph=0.000 partitioning.uncoarsening.level[0].refinement=0.070 partitioning.uncoarsening.level[0].refinement.greedy_balancer=0.003 partitioning.uncoarsening.level[0].refinement.greedy_balancer.allocation=0.000 partitioning.uncoarsening.level[0].refinement.greedy_balancer.initialize_balancer_pq=0.003 partitioning.uncoarsening.level[0].refinement.greedy_balancer.initialize_balancer_pq.thread-local=0.003 partitioning.uncoarsening.level[0].refinement.greedy_balancer.initialize_balancer_pq.merge_thread-local_pqs=0.000 partitioning.uncoarsening.level[0].refinement.greedy_balancer.main_loop=0.000 partitioning.uncoarsening.level[0].refinement.label_propagation=0.066 partitioning.uncoarsening.level[0].refinement.label_propagation.iteration[0]=0.034 partitioning.uncoarsening.level[0].refinement.label_propagation.iteration[1]=0.015 partitioning.uncoarsening.level[0].refinement.label_propagation.iteration[2]=0.007 partitioning.uncoarsening.level[0].refinement.label_propagation.iteration[3]=0.004 partitioning.uncoarsening.level[0].refinement.label_propagation.iteration[4]=0.003 partitioning.deallocation=0.001 partitioning.re-integrate_isolated_nodes=0.000 io=0.000 
MEMORY disabled

Global Timer: ................................... 1.458 s    
|- Read input graph: ............................ 0.422 s    
|- Partitioning: ................................ 1.033 s    
|  |- Rearrange by degree-buckets: .............. 0.035 s    
|  |  |- Sort nodes by integer buckets: ......... 0.008 s    
|  |  |- Rearrange input graph: ................. 0.024 s    
|  |  `- Deallocation: .......................... 0.001 s    
|  |- Refinement: ............................... 0.000 s    
|  |  `- Allocation: ............................ 0.000 s    
|  |- Coarsening: ............................... 0.488 s    
|  |  |- Level (0): ............................. 0.187 s    
|  |  |  |- Label Propagation: .................. 0.053 s    
|  |  |  |  |- Allocation: ...................... 0.006 s    
|  |  |  |  |- Iteration (0): ................... 0.041 s    
|  |  |  |  |  `- First phase: .................. 0.038 s    
|  |  |  |  |- Iteration (1): ................... 0.000 s    
|  |  |  |  |  `- First phase: .................. 0.000 s    
|  |  |  |  |- Handle isolated nodes: ........... 0.000 s    
|  |  |  |  |- Handle two-hop nodes: ............ 0.000 s    
|  |  |  |  `- Free: ............................ 0.005 s    
|  |  |  `- Contract graph: ..................... 0.134 s    
|  |  |     |- Allocation: ...................... 0.000 s (3)
|  |  |     |- Preprocessing: ................... 0.008 s (3)
|  |  |     |- Deallocation: .................... 0.000 s    
|  |  |     `- Construct coarse graph: .......... 0.123 s    
|  |  |        |- Aggregate coarse edges: ....... 0.114 s    
|  |  |        |  |- First phase: ............... 0.084 s    
|  |  |        |  `- Second phase: .............. 0.023 s    
|  |  |        `- Remap coarse edges and mapping: 0.007 s    
|  |  |- Level (1): ............................. 0.204 s    
|  |  |  |- Label Propagation: .................. 0.135 s    
|  |  |  |  |- Allocation: ...................... 0.000 s    
|  |  |  |  |- Iteration (0): ................... 0.135 s    
|  |  |  |  |  |- First phase: .................. 0.124 s    
|  |  |  |  |  `- Second phase: ................. 0.010 s    
|  |  |  |  |- Iteration (1): ................... 0.000 s    
|  |  |  |  |  `- First phase: .................. 0.000 s    
|  |  |  |  |- Handle isolated nodes: ........... 0.000 s    
|  |  |  |  `- Handle two-hop nodes: ............ 0.000 s    
|  |  |  `- Contract graph: ..................... 0.068 s    
|  |  |     |- Allocation: ...................... 0.000 s (3)
|  |  |     |- Preprocessing: ................... 0.003 s (3)
|  |  |     |- Deallocation: .................... 0.000 s    
|  |  |     `- Construct coarse graph: .......... 0.064 s    
|  |  |        |- Aggregate coarse edges: ....... 0.061 s    
|  |  |        |  |- First phase: ............... 0.039 s    
|  |  |        |  `- Second phase: .............. 0.021 s    
|  |  |        `- Remap coarse edges and mapping: 0.002 s    
|  |  |- Level (2): ............................. 0.095 s    
|  |  |  |- Label Propagation: .................. 0.071 s    
|  |  |  |  |- Iteration (0): ................... 0.071 s    
|  |  |  |  |  |- First phase: .................. 0.063 s    
|  |  |  |  |  `- Second phase: ................. 0.007 s    
|  |  |  |  |- Iteration (1): ................... 0.000 s    
|  |  |  |  |  `- First phase: .................. 0.000 s    
|  |  |  |  |- Handle isolated nodes: ........... 0.000 s    
|  |  |  |  `- Handle two-hop nodes: ............ 0.000 s    
|  |  |  `- Contract graph: ..................... 0.024 s    
|  |  |     |- Allocation: ...................... 0.000 s (3)
|  |  |     |- Preprocessing: ................... 0.001 s (3)
|  |  |     |- Deallocation: .................... 0.000 s    
|  |  |     `- Construct coarse graph: .......... 0.022 s    
|  |  |        |- Aggregate coarse edges: ....... 0.021 s    
|  |  |        |  |- First phase: ............... 0.021 s    
|  |  |        |  `- Second phase: .............. 0.000 s    
|  |  |        `- Remap coarse edges and mapping: 0.001 s    
|  |  `- Deallocation: .......................... 0.000 s    
|  |- Initial partitioning scheme: .............. 0.341 s    
|  |- Uncoarsening: ............................. 0.166 s    
|  |  |- Level (2): ............................. 0.029 s    
|  |  |  |- Allocation: ......................... 0.000 s    
|  |  |  |- Project partition: .................. 0.000 s    
|  |  |  |- Create graph: ....................... 0.000 s    
|  |  |  `- Refinement: ......................... 0.028 s    
|  |  |     |- Greedy Balancer: ................. 0.000 s    
|  |  |     `- Label Propagation: ............... 0.028 s    
|  |  |        |- Allocation: ................... 0.000 s    
|  |  |        |- Iteration (0): ................ 0.018 s    
|  |  |        |- Iteration (1): ................ 0.004 s    
|  |  |        |- Iteration (2): ................ 0.002 s    
|  |  |        |- Iteration (3): ................ 0.001 s    
|  |  |        `- Iteration (4): ................ 0.001 s    
|  |  |- Level (1): ............................. 0.057 s    
|  |  |  |- Allocation: ......................... 0.000 s    
|  |  |  |- Project partition: .................. 0.000 s    
|  |  |  |- Create graph: ....................... 0.000 s    
|  |  |  `- Refinement: ......................... 0.056 s    
|  |  |     |- Greedy Balancer: ................. 0.002 s    
|  |  |     |  |- Allocation: ................... 0.000 s    
|  |  |     |  |- Initialize balancer PQ: ....... 0.002 s    
|  |  |     |  |  |- Thread-local: .............. 0.001 s    
|  |  |     |  |  `- Merge thread-local PQs: .... 0.000 s    
|  |  |     |  `- Main loop: .................... 0.000 s    
|  |  |     `- Label Propagation: ............... 0.054 s    
|  |  |        |- Iteration (0): ................ 0.029 s    
|  |  |        |- Iteration (1): ................ 0.008 s    
|  |  |        |- Iteration (2): ................ 0.005 s    
|  |  |        |- Iteration (3): ................ 0.005 s    
|  |  |        `- Iteration (4): ................ 0.004 s    
|  |  `- Level (0): ............................. 0.079 s    
|  |     |- Allocation: ......................... 0.006 s    
|  |     |- Project partition: .................. 0.000 s    
|  |     |- Create graph: ....................... 0.000 s    
|  |     `- Refinement: ......................... 0.070 s    
|  |        |- Greedy Balancer: ................. 0.003 s    
|  |        |  |- Allocation: ................... 0.000 s    
|  |        |  |- Initialize balancer PQ: ....... 0.003 s    
|  |        |  |  |- Thread-local: .............. 0.003 s    
|  |        |  |  `- Merge thread-local PQs: .... 0.000 s    
|  |        |  `- Main loop: .................... 0.000 s    
|  |        `- Label Propagation: ............... 0.066 s    
|  |           |- Iteration (0): ................ 0.034 s    
|  |           |- Iteration (1): ................ 0.015 s    
|  |           |- Iteration (2): ................ 0.007 s    
|  |           |- Iteration (3): ................ 0.004 s    
|  |           `- Iteration (4): ................ 0.003 s    
|  |- Deallocation: ............................. 0.001 s    
|  `- Re-integrate isolated nodes: .............. 0.000 s    
`- IO: .......................................... 0.000 s    

Partition summary:
  Number of blocks: 16
  Edge cut:         9327387
  Imbalance:        0.0299898
  Feasible:         yes

Block weights:
  w(0 ) = 65461     w(1 ) = 65461     w(2 ) = 65461     w(3 ) = 65461   
  w(4 ) = 65461     w(5 ) = 57594     w(6 ) = 65085     w(7 ) = 65199   
  w(8 ) = 65461     w(9 ) = 65461     w(10) = 61293     w(11) = 65459   
  w(12) = 65460     w(13) = 65460     w(14) = 60367     w(15) = 52723   

Maximum resident set size: 1885132 KiB
