################################################################################
#                _  __       __  __  _         ____                            #
#               | |/ / __ _ |  \/  |(_) _ __  |  _ \  __ _  _ __               #
#               | ' / / _` || |\/| || || '_ \ | |_) |/ _` || '__|              #
#               | . \| (_| || |  | || || | | ||  __/| (_| || |                 #
#               |_|\_\\__,_||_|  |_||_||_| |_||_|    \__,_||_|                 #
#                                                                              #
################################################################################
Current commit hash:          99c62314d27845b3825829ec1e3e97256490627d
Assertion level:              always+light
Statistics:                   disabled
Built on:                     liskov
Data type sizes:
  Nodes IDs: 4 bytes | Node weights: 4 bytes
  Edges IDs: 4 bytes | Edge weights: 4 bytes
############################################################## Input Summary ###
Execution mode:               64
Seed:                         1
Graph:                        kmer_P1a [node ordering: deg-buckets] [edge ordering: natural]
  Number of nodes:            138896082 (unweighted)
  Number of edges:            296930692 (unweighted)
Number of blocks:             16
Maximum block weight:         8941436 (8681006 + 3% / 3%)
---------------------------------------------------------- Graph Compression ---
Enabled:                      no
-------------------------------------------------------- Partitioning Scheme ---
Partitioning mode:            deep
  Deep initial part. mode:    async-parallel
  Deep initial part. load:    1
Subgraph memory:              Lazy
----------------------------------------------------------------- Coarsening ---
Contraction limit:            2000
Coarsening algorithm:         clustering
  Cluster weight limit:       epsilon-block-weight x 1
  Shrink factor:              2.5
  Max mem-free level:         1
  Clustering algorithm:       lp
    Number of iterations:     5
    High degree threshold:    4294967295
    Max degree:               4294967295
    Tie breaking strategy:    uniform
    Implementation:           two-phase
      Relabel:                no
    2-hop clustering:         match-threadwise, if |Vcoarse| > 0.500000 * |V|
    Isolated nodes:           match-during-two-hop
  Forced hierarchy levels:    <none> (leeway: U=10.000000, L=1.100000)
Contraction algorithm:        unbuffered
  Implementation:             two-phase
------------------------------------------------------- Initial Partitioning ---
Adaptive algorithm selection: yes
----------------------------------------------------------------- Refinement ---
Refinement algorithms:        [greedy-balancer -> lp]
Label propagation:
  Number of iterations:       5
  Tie breaking strategy:      uniform
  Implementation:             single-phase
############################################################## Preprocessing ###
Removed 0 isolated nodes
  Remaining nodes:             138896082
  Remaining total node weight: 138896082
############################################################### Partitioning ###
Input graph:
 Number of nodes: 138896082 | Number of edges: 296930692
 Maximum node weight: 1

Coarsening -> Level 1 [max cluster weight: 260430]:
 Total edge weight:   130086596
 Number of nodes:     55496532 | Number of edges: 129880498
 Maximum node weight: 25

Coarsening -> Level 2 [max cluster weight: 260430]:
 Total edge weight:   63024528
 Number of nodes:     22118583 | Number of edges: 62514318
 Maximum node weight: 1698

Coarsening -> Level 3 [max cluster weight: 260430]:
 Total edge weight:   35417438
 Number of nodes:     8784236 | Number of edges: 33368724
 Maximum node weight: 28562

Coarsening -> Level 4 [max cluster weight: 260430]:
 Total edge weight:   22512460
 Number of nodes:     3470188 | Number of edges: 18889310
 Maximum node weight: 260433

Coarsening -> Level 5 [max cluster weight: 260430]:
 Total edge weight:   15746620
 Number of nodes:     1358237 | Number of edges: 11619910
 Maximum node weight: 260433

Coarsening -> Level 6 [max cluster weight: 260430]:
 Total edge weight:   12144534
 Number of nodes:     526521 | Number of edges: 8137278
 Maximum node weight: 260433

Coarsening -> Level 7 [max cluster weight: 260430]:
 Total edge weight:   10346206
 Number of nodes:     200143 | Number of edges: 6162508
 Maximum node weight: 260433

Coarsening -> Level 8 [max cluster weight: 260430]:
 Total edge weight:   9501876
 Number of nodes:     74940 | Number of edges: 4428102
 Maximum node weight: 260433

==> Coarsening terminated with less than 128000 nodes

Initial partitioning:
 Number of blocks: 16

Uncoarsening -> Level 7
 Number of nodes: 200143 | Number of edges: 6162508
  Running refinement on 16 blocks
   1. Greedy Balancer
   2. Label Propagation

Uncoarsening -> Level 6
 Number of nodes: 526521 | Number of edges: 8137278
  Running refinement on 16 blocks
   1. Greedy Balancer
   2. Label Propagation

Uncoarsening -> Level 5
 Number of nodes: 1358237 | Number of edges: 11619910
  Running refinement on 16 blocks
   1. Greedy Balancer
   2. Label Propagation

Uncoarsening -> Level 4
 Number of nodes: 3470188 | Number of edges: 18889310
  Running refinement on 16 blocks
   1. Greedy Balancer
   2. Label Propagation

Uncoarsening -> Level 3
 Number of nodes: 8784236 | Number of edges: 33368724
  Running refinement on 16 blocks
   1. Greedy Balancer
   2. Label Propagation

Uncoarsening -> Level 2
 Number of nodes: 22118583 | Number of edges: 62514318
  Running refinement on 16 blocks
   1. Greedy Balancer
   2. Label Propagation

Uncoarsening -> Level 1
 Number of nodes: 55496532 | Number of edges: 129880498
  Running refinement on 16 blocks
   1. Greedy Balancer
   2. Label Propagation

Uncoarsening -> Level 0
 Number of nodes: 138896082 | Number of edges: 296930692
  Running refinement on 16 blocks
   1. Greedy Balancer
   2. Label Propagation
############################################################# Result Summary ###
RESULT cut=3136167 imbalance=0.00578804 feasible=1 k=16
TIME read_input_graph=3.737 partitioning=7.306 partitioning.rearrange_by_degree-buckets=0.219 partitioning.rearrange_by_degree-buckets.sort_nodes_by_integer_buckets=0.049 partitioning.rearrange_by_degree-buckets.rearrange_input_graph=0.148 partitioning.rearrange_by_degree-buckets.deallocation=0.008 partitioning.refinement=0.000 partitioning.refinement.allocation=0.000 partitioning.coarsening=4.517 partitioning.coarsening.level[0]=2.201 partitioning.coarsening.level[0].label_propagation=0.823 partitioning.coarsening.level[0].label_propagation.allocation=0.025 partitioning.coarsening.level[0].label_propagation.iteration[0]=0.722 partitioning.coarsening.level[0].label_propagation.iteration[0].first_phase=0.704 partitioning.coarsening.level[0].label_propagation.iteration[1]=0.034 partitioning.coarsening.level[0].label_propagation.iteration[1].first_phase=0.034 partitioning.coarsening.level[0].label_propagation.iteration[2]=0.000 partitioning.coarsening.level[0].label_propagation.iteration[2].first_phase=0.000 partitioning.coarsening.level[0].label_propagation.handle_isolated_nodes=0.000 partitioning.coarsening.level[0].label_propagation.handle_two-hop_nodes=0.000 partitioning.coarsening.level[0].label_propagation.free=0.015 partitioning.coarsening.level[0].contract_graph=1.373 partitioning.coarsening.level[0].contract_graph.allocation=0.005 partitioning.coarsening.level[0].contract_graph.preprocessing=0.430 partitioning.coarsening.level[0].contract_graph.deallocation=0.003 partitioning.coarsening.level[0].contract_graph.construct_coarse_graph=0.920 partitioning.coarsening.level[0].contract_graph.construct_coarse_graph.aggregate_coarse_edges=0.771 partitioning.coarsening.level[0].contract_graph.construct_coarse_graph.aggregate_coarse_edges.first_phase=0.755 partitioning.coarsening.level[0].contract_graph.construct_coarse_graph.aggregate_coarse_edges.second_phase=0.006 partitioning.coarsening.level[0].contract_graph.construct_coarse_graph.remap_coarse_edges_and_mapping=0.115 partitioning.coarsening.level[1]=1.166 partitioning.coarsening.level[1].label_propagation=0.455 partitioning.coarsening.level[1].label_propagation.allocation=0.016 partitioning.coarsening.level[1].label_propagation.iteration[0]=0.428 partitioning.coarsening.level[1].label_propagation.iteration[0].first_phase=0.421 partitioning.coarsening.level[1].label_propagation.iteration[1]=0.000 partitioning.coarsening.level[1].label_propagation.iteration[1].first_phase=0.000 partitioning.coarsening.level[1].label_propagation.handle_isolated_nodes=0.000 partitioning.coarsening.level[1].label_propagation.handle_two-hop_nodes=0.000 partitioning.coarsening.level[1].contract_graph=0.710 partitioning.coarsening.level[1].contract_graph.allocation=0.003 partitioning.coarsening.level[1].contract_graph.preprocessing=0.200 partitioning.coarsening.level[1].contract_graph.deallocation=0.001 partitioning.coarsening.level[1].contract_graph.construct_coarse_graph=0.500 partitioning.coarsening.level[1].contract_graph.construct_coarse_graph.aggregate_coarse_edges=0.440 partitioning.coarsening.level[1].contract_graph.construct_coarse_graph.aggregate_coarse_edges.first_phase=0.433 partitioning.coarsening.level[1].contract_graph.construct_coarse_graph.aggregate_coarse_edges.second_phase=0.006 partitioning.coarsening.level[1].contract_graph.construct_coarse_graph.remap_coarse_edges_and_mapping=0.046 partitioning.coarsening.level[2]=0.512 partitioning.coarsening.level[2].label_propagation=0.186 partitioning.coarsening.level[2].label_propagation.iteration[0]=0.179 partitioning.coarsening.level[2].label_propagation.iteration[0].first_phase=0.175 partitioning.coarsening.level[2].label_propagation.iteration[1]=0.000 partitioning.coarsening.level[2].label_propagation.iteration[1].first_phase=0.000 partitioning.coarsening.level[2].label_propagation.handle_isolated_nodes=0.000 partitioning.coarsening.level[2].label_propagation.handle_two-hop_nodes=0.000 partitioning.coarsening.level[2].contract_graph=0.325 partitioning.coarsening.level[2].contract_graph.allocation=0.001 partitioning.coarsening.level[2].contract_graph.preprocessing=0.078 partitioning.coarsening.level[2].contract_graph.deallocation=0.000 partitioning.coarsening.level[2].contract_graph.construct_coarse_graph=0.241 partitioning.coarsening.level[2].contract_graph.construct_coarse_graph.aggregate_coarse_edges=0.224 partitioning.coarsening.level[2].contract_graph.construct_coarse_graph.aggregate_coarse_edges.first_phase=0.218 partitioning.coarsening.level[2].contract_graph.construct_coarse_graph.aggregate_coarse_edges.second_phase=0.005 partitioning.coarsening.level[2].contract_graph.construct_coarse_graph.remap_coarse_edges_and_mapping=0.011 partitioning.coarsening.level[3]=0.234 partitioning.coarsening.level[3].label_propagation=0.090 partitioning.coarsening.level[3].label_propagation.iteration[0]=0.085 partitioning.coarsening.level[3].label_propagation.iteration[0].first_phase=0.078 partitioning.coarsening.level[3].label_propagation.iteration[0].second_phase=0.004 partitioning.coarsening.level[3].label_propagation.iteration[1]=0.000 partitioning.coarsening.level[3].label_propagation.iteration[1].first_phase=0.000 partitioning.coarsening.level[3].label_propagation.handle_isolated_nodes=0.000 partitioning.coarsening.level[3].label_propagation.handle_two-hop_nodes=0.000 partitioning.coarsening.level[3].contract_graph=0.143 partitioning.coarsening.level[3].contract_graph.allocation=0.001 partitioning.coarsening.level[3].contract_graph.preprocessing=0.041 partitioning.coarsening.level[3].contract_graph.deallocation=0.000 partitioning.coarsening.level[3].contract_graph.construct_coarse_graph=0.098 partitioning.coarsening.level[3].contract_graph.construct_coarse_graph.aggregate_coarse_edges=0.089 partitioning.coarsening.level[3].contract_graph.construct_coarse_graph.aggregate_coarse_edges.first_phase=0.080 partitioning.coarsening.level[3].contract_graph.construct_coarse_graph.aggregate_coarse_edges.second_phase=0.008 partitioning.coarsening.level[3].contract_graph.construct_coarse_graph.remap_coarse_edges_and_mapping=0.006 partitioning.coarsening.level[4]=0.164 partitioning.coarsening.level[4].label_propagation=0.060 partitioning.coarsening.level[4].label_propagation.iteration[0]=0.058 partitioning.coarsening.level[4].label_propagation.iteration[0].first_phase=0.056 partitioning.coarsening.level[4].label_propagation.iteration[0].second_phase=0.001 partitioning.coarsening.level[4].label_propagation.iteration[1]=0.000 partitioning.coarsening.level[4].label_propagation.iteration[1].first_phase=0.000 partitioning.coarsening.level[4].label_propagation.handle_isolated_nodes=0.000 partitioning.coarsening.level[4].label_propagation.handle_two-hop_nodes=0.000 partitioning.coarsening.level[4].contract_graph=0.102 partitioning.coarsening.level[4].contract_graph.allocation=0.001 partitioning.coarsening.level[4].contract_graph.preprocessing=0.036 partitioning.coarsening.level[4].contract_graph.deallocation=0.000 partitioning.coarsening.level[4].contract_graph.construct_coarse_graph=0.063 partitioning.coarsening.level[4].contract_graph.construct_coarse_graph.aggregate_coarse_edges=0.059 partitioning.coarsening.level[4].contract_graph.construct_coarse_graph.aggregate_coarse_edges.first_phase=0.039 partitioning.coarsening.level[4].contract_graph.construct_coarse_graph.aggregate_coarse_edges.second_phase=0.019 partitioning.coarsening.level[4].contract_graph.construct_coarse_graph.remap_coarse_edges_and_mapping=0.003 partitioning.coarsening.level[5]=0.121 partitioning.coarsening.level[5].label_propagation=0.065 partitioning.coarsening.level[5].label_propagation.iteration[0]=0.059 partitioning.coarsening.level[5].label_propagation.iteration[0].first_phase=0.056 partitioning.coarsening.level[5].label_propagation.iteration[0].second_phase=0.002 partitioning.coarsening.level[5].label_propagation.iteration[1]=0.000 partitioning.coarsening.level[5].label_propagation.iteration[1].first_phase=0.000 partitioning.coarsening.level[5].label_propagation.handle_isolated_nodes=0.000 partitioning.coarsening.level[5].label_propagation.handle_two-hop_nodes=0.000 partitioning.coarsening.level[5].contract_graph=0.055 partitioning.coarsening.level[5].contract_graph.allocation=0.001 partitioning.coarsening.level[5].contract_graph.preprocessing=0.022 partitioning.coarsening.level[5].contract_graph.deallocation=0.000 partitioning.coarsening.level[5].contract_graph.construct_coarse_graph=0.030 partitioning.coarsening.level[5].contract_graph.construct_coarse_graph.aggregate_coarse_edges=0.027 partitioning.coarsening.level[5].contract_graph.construct_coarse_graph.aggregate_coarse_edges.first_phase=0.024 partitioning.coarsening.level[5].contract_graph.construct_coarse_graph.aggregate_coarse_edges.second_phase=0.003 partitioning.coarsening.level[5].contract_graph.construct_coarse_graph.remap_coarse_edges_and_mapping=0.001 partitioning.coarsening.level[6]=0.061 partitioning.coarsening.level[6].label_propagation=0.031 partitioning.coarsening.level[6].label_propagation.iteration[0]=0.031 partitioning.coarsening.level[6].label_propagation.iteration[0].first_phase=0.025 partitioning.coarsening.level[6].label_propagation.iteration[0].second_phase=0.005 partitioning.coarsening.level[6].label_propagation.iteration[1]=0.000 partitioning.coarsening.level[6].label_propagation.iteration[1].first_phase=0.000 partitioning.coarsening.level[6].label_propagation.handle_isolated_nodes=0.000 partitioning.coarsening.level[6].label_propagation.handle_two-hop_nodes=0.000 partitioning.coarsening.level[6].contract_graph=0.029 partitioning.coarsening.level[6].contract_graph.allocation=0.000 partitioning.coarsening.level[6].contract_graph.preprocessing=0.008 partitioning.coarsening.level[6].contract_graph.deallocation=0.000 partitioning.coarsening.level[6].contract_graph.construct_coarse_graph=0.019 partitioning.coarsening.level[6].contract_graph.construct_coarse_graph.aggregate_coarse_edges=0.018 partitioning.coarsening.level[6].contract_graph.construct_coarse_graph.aggregate_coarse_edges.first_phase=0.017 partitioning.coarsening.level[6].contract_graph.construct_coarse_graph.aggregate_coarse_edges.second_phase=0.000 partitioning.coarsening.level[6].contract_graph.construct_coarse_graph.remap_coarse_edges_and_mapping=0.001 partitioning.coarsening.level[7]=0.050 partitioning.coarsening.level[7].label_propagation=0.029 partitioning.coarsening.level[7].label_propagation.iteration[0]=0.029 partitioning.coarsening.level[7].label_propagation.iteration[0].first_phase=0.027 partitioning.coarsening.level[7].label_propagation.iteration[0].second_phase=0.002 partitioning.coarsening.level[7].label_propagation.iteration[1]=0.000 partitioning.coarsening.level[7].label_propagation.iteration[1].first_phase=0.000 partitioning.coarsening.level[7].label_propagation.handle_isolated_nodes=0.000 partitioning.coarsening.level[7].label_propagation.handle_two-hop_nodes=0.000 partitioning.coarsening.level[7].contract_graph=0.020 partitioning.coarsening.level[7].contract_graph.allocation=0.000 partitioning.coarsening.level[7].contract_graph.preprocessing=0.003 partitioning.coarsening.level[7].contract_graph.deallocation=0.000 partitioning.coarsening.level[7].contract_graph.construct_coarse_graph=0.016 partitioning.coarsening.level[7].contract_graph.construct_coarse_graph.aggregate_coarse_edges=0.015 partitioning.coarsening.level[7].contract_graph.construct_coarse_graph.aggregate_coarse_edges.first_phase=0.014 partitioning.coarsening.level[7].contract_graph.construct_coarse_graph.aggregate_coarse_edges.second_phase=0.000 partitioning.coarsening.level[7].contract_graph.construct_coarse_graph.remap_coarse_edges_and_mapping=0.000 partitioning.coarsening.deallocation=0.003 partitioning.initial_partitioning_scheme=0.300 partitioning.uncoarsening=2.230 partitioning.uncoarsening.level[7]=0.024 partitioning.uncoarsening.level[7].allocation=0.000 partitioning.uncoarsening.level[7].project_partition=0.000 partitioning.uncoarsening.level[7].create_graph=0.000 partitioning.uncoarsening.level[7].refinement=0.024 partitioning.uncoarsening.level[7].refinement.greedy_balancer=0.000 partitioning.uncoarsening.level[7].refinement.label_propagation=0.024 partitioning.uncoarsening.level[7].refinement.label_propagation.allocation=0.007 partitioning.uncoarsening.level[7].refinement.label_propagation.iteration[0]=0.010 partitioning.uncoarsening.level[7].refinement.label_propagation.iteration[1]=0.002 partitioning.uncoarsening.level[7].refinement.label_propagation.iteration[2]=0.001 partitioning.uncoarsening.level[7].refinement.label_propagation.iteration[3]=0.001 partitioning.uncoarsening.level[7].refinement.label_propagation.iteration[4]=0.000 partitioning.uncoarsening.level[6]=0.034 partitioning.uncoarsening.level[6].allocation=0.000 partitioning.uncoarsening.level[6].project_partition=0.000 partitioning.uncoarsening.level[6].create_graph=0.000 partitioning.uncoarsening.level[6].refinement=0.033 partitioning.uncoarsening.level[6].refinement.greedy_balancer=0.000 partitioning.uncoarsening.level[6].refinement.label_propagation=0.032 partitioning.uncoarsening.level[6].refinement.label_propagation.iteration[0]=0.021 partitioning.uncoarsening.level[6].refinement.label_propagation.iteration[1]=0.006 partitioning.uncoarsening.level[6].refinement.label_propagation.iteration[2]=0.002 partitioning.uncoarsening.level[6].refinement.label_propagation.iteration[3]=0.001 partitioning.uncoarsening.level[6].refinement.label_propagation.iteration[4]=0.000 partitioning.uncoarsening.level[5]=0.071 partitioning.uncoarsening.level[5].allocation=0.005 partitioning.uncoarsening.level[5].project_partition=0.000 partitioning.uncoarsening.level[5].create_graph=0.000 partitioning.uncoarsening.level[5].refinement=0.064 partitioning.uncoarsening.level[5].refinement.greedy_balancer=0.000 partitioning.uncoarsening.level[5].refinement.label_propagation=0.064 partitioning.uncoarsening.level[5].refinement.label_propagation.iteration[0]=0.043 partitioning.uncoarsening.level[5].refinement.label_propagation.iteration[1]=0.012 partitioning.uncoarsening.level[5].refinement.label_propagation.iteration[2]=0.004 partitioning.uncoarsening.level[5].refinement.label_propagation.iteration[3]=0.001 partitioning.uncoarsening.level[5].refinement.label_propagation.iteration[4]=0.001 partitioning.uncoarsening.level[4]=0.115 partitioning.uncoarsening.level[4].allocation=0.004 partitioning.uncoarsening.level[4].project_partition=0.000 partitioning.uncoarsening.level[4].create_graph=0.000 partitioning.uncoarsening.level[4].refinement=0.108 partitioning.uncoarsening.level[4].refinement.greedy_balancer=0.000 partitioning.uncoarsening.level[4].refinement.label_propagation=0.108 partitioning.uncoarsening.level[4].refinement.label_propagation.iteration[0]=0.076 partitioning.uncoarsening.level[4].refinement.label_propagation.iteration[1]=0.020 partitioning.uncoarsening.level[4].refinement.label_propagation.iteration[2]=0.005 partitioning.uncoarsening.level[4].refinement.label_propagation.iteration[3]=0.002 partitioning.uncoarsening.level[4].refinement.label_propagation.iteration[4]=0.002 partitioning.uncoarsening.level[3]=0.187 partitioning.uncoarsening.level[3].allocation=0.003 partitioning.uncoarsening.level[3].project_partition=0.001 partitioning.uncoarsening.level[3].create_graph=0.000 partitioning.uncoarsening.level[3].refinement=0.180 partitioning.uncoarsening.level[3].refinement.greedy_balancer=0.000 partitioning.uncoarsening.level[3].refinement.label_propagation=0.180 partitioning.uncoarsening.level[3].refinement.label_propagation.iteration[0]=0.139 partitioning.uncoarsening.level[3].refinement.label_propagation.iteration[1]=0.028 partitioning.uncoarsening.level[3].refinement.label_propagation.iteration[2]=0.007 partitioning.uncoarsening.level[3].refinement.label_propagation.iteration[3]=0.003 partitioning.uncoarsening.level[3].refinement.label_propagation.iteration[4]=0.001 partitioning.uncoarsening.level[2]=0.319 partitioning.uncoarsening.level[2].allocation=0.005 partitioning.uncoarsening.level[2].project_partition=0.004 partitioning.uncoarsening.level[2].create_graph=0.001 partitioning.uncoarsening.level[2].refinement=0.306 partitioning.uncoarsening.level[2].refinement.greedy_balancer=0.000 partitioning.uncoarsening.level[2].refinement.label_propagation=0.306 partitioning.uncoarsening.level[2].refinement.label_propagation.iteration[0]=0.248 partitioning.uncoarsening.level[2].refinement.label_propagation.iteration[1]=0.038 partitioning.uncoarsening.level[2].refinement.label_propagation.iteration[2]=0.010 partitioning.uncoarsening.level[2].refinement.label_propagation.iteration[3]=0.004 partitioning.uncoarsening.level[2].refinement.label_propagation.iteration[4]=0.002 partitioning.uncoarsening.level[1]=0.565 partitioning.uncoarsening.level[1].allocation=0.005 partitioning.uncoarsening.level[1].project_partition=0.014 partitioning.uncoarsening.level[1].create_graph=0.003 partitioning.uncoarsening.level[1].refinement=0.536 partitioning.uncoarsening.level[1].refinement.greedy_balancer=0.000 partitioning.uncoarsening.level[1].refinement.label_propagation=0.536 partitioning.uncoarsening.level[1].refinement.label_propagation.iteration[0]=0.445 partitioning.uncoarsening.level[1].refinement.label_propagation.iteration[1]=0.057 partitioning.uncoarsening.level[1].refinement.label_propagation.iteration[2]=0.018 partitioning.uncoarsening.level[1].refinement.label_propagation.iteration[3]=0.007 partitioning.uncoarsening.level[1].refinement.label_propagation.iteration[4]=0.004 partitioning.uncoarsening.level[0]=0.911 partitioning.uncoarsening.level[0].allocation=0.009 partitioning.uncoarsening.level[0].project_partition=0.046 partitioning.uncoarsening.level[0].create_graph=0.009 partitioning.uncoarsening.level[0].refinement=0.835 partitioning.uncoarsening.level[0].refinement.greedy_balancer=0.000 partitioning.uncoarsening.level[0].refinement.label_propagation=0.835 partitioning.uncoarsening.level[0].refinement.label_propagation.iteration[0]=0.716 partitioning.uncoarsening.level[0].refinement.label_propagation.iteration[1]=0.065 partitioning.uncoarsening.level[0].refinement.label_propagation.iteration[2]=0.025 partitioning.uncoarsening.level[0].refinement.label_propagation.iteration[3]=0.012 partitioning.uncoarsening.level[0].refinement.label_propagation.iteration[4]=0.008 partitioning.deallocation=0.003 partitioning.re-integrate_isolated_nodes=0.027 io=0.011 
MEMORY disabled

Global Timer: ................................... 11.138 s    
|- Read input graph: ............................ 3.737 s     
|- Partitioning: ................................ 7.306 s     
|  |- Rearrange by degree-buckets: .............. 0.219 s     
|  |  |- Sort nodes by integer buckets: ......... 0.049 s     
|  |  |- Rearrange input graph: ................. 0.148 s     
|  |  `- Deallocation: .......................... 0.008 s     
|  |- Refinement: ............................... 0.000 s     
|  |  `- Allocation: ............................ 0.000 s     
|  |- Coarsening: ............................... 4.517 s     
|  |  |- Level (0): ............................. 2.201 s     
|  |  |  |- Label Propagation: .................. 0.823 s     
|  |  |  |  |- Allocation: ...................... 0.025 s     
|  |  |  |  |- Iteration (0): ................... 0.722 s     
|  |  |  |  |  `- First phase: .................. 0.704 s     
|  |  |  |  |- Iteration (1): ................... 0.034 s     
|  |  |  |  |  `- First phase: .................. 0.034 s     
|  |  |  |  |- Iteration (2): ................... 0.000 s     
|  |  |  |  |  `- First phase: .................. 0.000 s     
|  |  |  |  |- Handle isolated nodes: ........... 0.000 s     
|  |  |  |  |- Handle two-hop nodes: ............ 0.000 s     
|  |  |  |  `- Free: ............................ 0.015 s     
|  |  |  `- Contract graph: ..................... 1.373 s     
|  |  |     |- Allocation: ...................... 0.005 s  (3)
|  |  |     |- Preprocessing: ................... 0.430 s  (3)
|  |  |     |- Deallocation: .................... 0.003 s     
|  |  |     `- Construct coarse graph: .......... 0.920 s     
|  |  |        |- Aggregate coarse edges: ....... 0.771 s     
|  |  |        |  |- First phase: ............... 0.755 s     
|  |  |        |  `- Second phase: .............. 0.006 s     
|  |  |        `- Remap coarse edges and mapping: 0.115 s     
|  |  |- Level (1): ............................. 1.166 s     
|  |  |  |- Label Propagation: .................. 0.455 s     
|  |  |  |  |- Allocation: ...................... 0.016 s     
|  |  |  |  |- Iteration (0): ................... 0.428 s     
|  |  |  |  |  `- First phase: .................. 0.421 s     
|  |  |  |  |- Iteration (1): ................... 0.000 s     
|  |  |  |  |  `- First phase: .................. 0.000 s     
|  |  |  |  |- Handle isolated nodes: ........... 0.000 s     
|  |  |  |  `- Handle two-hop nodes: ............ 0.000 s     
|  |  |  `- Contract graph: ..................... 0.710 s     
|  |  |     |- Allocation: ...................... 0.003 s  (3)
|  |  |     |- Preprocessing: ................... 0.200 s  (3)
|  |  |     |- Deallocation: .................... 0.001 s     
|  |  |     `- Construct coarse graph: .......... 0.500 s     
|  |  |        |- Aggregate coarse edges: ....... 0.440 s     
|  |  |        |  |- First phase: ............... 0.433 s     
|  |  |        |  `- Second phase: .............. 0.006 s     
|  |  |        `- Remap coarse edges and mapping: 0.046 s     
|  |  |- Level (2): ............................. 0.512 s     
|  |  |  |- Label Propagation: .................. 0.186 s     
|  |  |  |  |- Iteration (0): ................... 0.179 s     
|  |  |  |  |  `- First phase: .................. 0.175 s     
|  |  |  |  |- Iteration (1): ................... 0.000 s     
|  |  |  |  |  `- First phase: .................. 0.000 s     
|  |  |  |  |- Handle isolated nodes: ........... 0.000 s     
|  |  |  |  `- Handle two-hop nodes: ............ 0.000 s     
|  |  |  `- Contract graph: ..................... 0.325 s     
|  |  |     |- Allocation: ...................... 0.001 s  (3)
|  |  |     |- Preprocessing: ................... 0.078 s  (3)
|  |  |     |- Deallocation: .................... 0.000 s     
|  |  |     `- Construct coarse graph: .......... 0.241 s     
|  |  |        |- Aggregate coarse edges: ....... 0.224 s     
|  |  |        |  |- First phase: ............... 0.218 s     
|  |  |        |  `- Second phase: .............. 0.005 s     
|  |  |        `- Remap coarse edges and mapping: 0.011 s     
|  |  |- Level (3): ............................. 0.234 s     
|  |  |  |- Label Propagation: .................. 0.090 s     
|  |  |  |  |- Iteration (0): ................... 0.085 s     
|  |  |  |  |  |- First phase: .................. 0.078 s     
|  |  |  |  |  `- Second phase: ................. 0.004 s     
|  |  |  |  |- Iteration (1): ................... 0.000 s     
|  |  |  |  |  `- First phase: .................. 0.000 s     
|  |  |  |  |- Handle isolated nodes: ........... 0.000 s     
|  |  |  |  `- Handle two-hop nodes: ............ 0.000 s     
|  |  |  `- Contract graph: ..................... 0.143 s     
|  |  |     |- Allocation: ...................... 0.001 s  (3)
|  |  |     |- Preprocessing: ................... 0.041 s  (3)
|  |  |     |- Deallocation: .................... 0.000 s     
|  |  |     `- Construct coarse graph: .......... 0.098 s     
|  |  |        |- Aggregate coarse edges: ....... 0.089 s     
|  |  |        |  |- First phase: ............... 0.080 s     
|  |  |        |  `- Second phase: .............. 0.008 s     
|  |  |        `- Remap coarse edges and mapping: 0.006 s     
|  |  |- Level (4): ............................. 0.164 s     
|  |  |  |- Label Propagation: .................. 0.060 s     
|  |  |  |  |- Iteration (0): ................... 0.058 s     
|  |  |  |  |  |- First phase: .................. 0.056 s     
|  |  |  |  |  `- Second phase: ................. 0.001 s     
|  |  |  |  |- Iteration (1): ................... 0.000 s     
|  |  |  |  |  `- First phase: .................. 0.000 s     
|  |  |  |  |- Handle isolated nodes: ........... 0.000 s     
|  |  |  |  `- Handle two-hop nodes: ............ 0.000 s     
|  |  |  `- Contract graph: ..................... 0.102 s     
|  |  |     |- Allocation: ...................... 0.001 s  (3)
|  |  |     |- Preprocessing: ................... 0.036 s  (3)
|  |  |     |- Deallocation: .................... 0.000 s     
|  |  |     `- Construct coarse graph: .......... 0.063 s     
|  |  |        |- Aggregate coarse edges: ....... 0.059 s     
|  |  |        |  |- First phase: ............... 0.039 s     
|  |  |        |  `- Second phase: .............. 0.019 s     
|  |  |        `- Remap coarse edges and mapping: 0.003 s     
|  |  |- Level (5): ............................. 0.121 s     
|  |  |  |- Label Propagation: .................. 0.065 s     
|  |  |  |  |- Iteration (0): ................... 0.059 s     
|  |  |  |  |  |- First phase: .................. 0.056 s     
|  |  |  |  |  `- Second phase: ................. 0.002 s     
|  |  |  |  |- Iteration (1): ................... 0.000 s     
|  |  |  |  |  `- First phase: .................. 0.000 s     
|  |  |  |  |- Handle isolated nodes: ........... 0.000 s     
|  |  |  |  `- Handle two-hop nodes: ............ 0.000 s     
|  |  |  `- Contract graph: ..................... 0.055 s     
|  |  |     |- Allocation: ...................... 0.001 s  (3)
|  |  |     |- Preprocessing: ................... 0.022 s  (3)
|  |  |     |- Deallocation: .................... 0.000 s     
|  |  |     `- Construct coarse graph: .......... 0.030 s     
|  |  |        |- Aggregate coarse edges: ....... 0.027 s     
|  |  |        |  |- First phase: ............... 0.024 s     
|  |  |        |  `- Second phase: .............. 0.003 s     
|  |  |        `- Remap coarse edges and mapping: 0.001 s     
|  |  |- Level (6): ............................. 0.061 s     
|  |  |  |- Label Propagation: .................. 0.031 s     
|  |  |  |  |- Iteration (0): ................... 0.031 s     
|  |  |  |  |  |- First phase: .................. 0.025 s     
|  |  |  |  |  `- Second phase: ................. 0.005 s     
|  |  |  |  |- Iteration (1): ................... 0.000 s     
|  |  |  |  |  `- First phase: .................. 0.000 s     
|  |  |  |  |- Handle isolated nodes: ........... 0.000 s     
|  |  |  |  `- Handle two-hop nodes: ............ 0.000 s     
|  |  |  `- Contract graph: ..................... 0.029 s     
|  |  |     |- Allocation: ...................... 0.000 s  (3)
|  |  |     |- Preprocessing: ................... 0.008 s  (3)
|  |  |     |- Deallocation: .................... 0.000 s     
|  |  |     `- Construct coarse graph: .......... 0.019 s     
|  |  |        |- Aggregate coarse edges: ....... 0.018 s     
|  |  |        |  |- First phase: ............... 0.017 s     
|  |  |        |  `- Second phase: .............. 0.000 s     
|  |  |        `- Remap coarse edges and mapping: 0.001 s     
|  |  |- Level (7): ............................. 0.050 s     
|  |  |  |- Label Propagation: .................. 0.029 s     
|  |  |  |  |- Iteration (0): ................... 0.029 s     
|  |  |  |  |  |- First phase: .................. 0.027 s     
|  |  |  |  |  `- Second phase: ................. 0.002 s     
|  |  |  |  |- Iteration (1): ................... 0.000 s     
|  |  |  |  |  `- First phase: .................. 0.000 s     
|  |  |  |  |- Handle isolated nodes: ........... 0.000 s     
|  |  |  |  `- Handle two-hop nodes: ............ 0.000 s     
|  |  |  `- Contract graph: ..................... 0.020 s     
|  |  |     |- Allocation: ...................... 0.000 s  (3)
|  |  |     |- Preprocessing: ................... 0.003 s  (3)
|  |  |     |- Deallocation: .................... 0.000 s     
|  |  |     `- Construct coarse graph: .......... 0.016 s     
|  |  |        |- Aggregate coarse edges: ....... 0.015 s     
|  |  |        |  |- First phase: ............... 0.014 s     
|  |  |        |  `- Second phase: .............. 0.000 s     
|  |  |        `- Remap coarse edges and mapping: 0.000 s     
|  |  `- Deallocation: .......................... 0.003 s     
|  |- Initial partitioning scheme: .............. 0.300 s     
|  |- Uncoarsening: ............................. 2.230 s     
|  |  |- Level (7): ............................. 0.024 s     
|  |  |  |- Allocation: ......................... 0.000 s     
|  |  |  |- Project partition: .................. 0.000 s     
|  |  |  |- Create graph: ....................... 0.000 s     
|  |  |  `- Refinement: ......................... 0.024 s     
|  |  |     |- Greedy Balancer: ................. 0.000 s     
|  |  |     `- Label Propagation: ............... 0.024 s     
|  |  |        |- Allocation: ................... 0.007 s     
|  |  |        |- Iteration (0): ................ 0.010 s     
|  |  |        |- Iteration (1): ................ 0.002 s     
|  |  |        |- Iteration (2): ................ 0.001 s     
|  |  |        |- Iteration (3): ................ 0.001 s     
|  |  |        `- Iteration (4): ................ 0.000 s     
|  |  |- Level (6): ............................. 0.034 s     
|  |  |  |- Allocation: ......................... 0.000 s     
|  |  |  |- Project partition: .................. 0.000 s     
|  |  |  |- Create graph: ....................... 0.000 s     
|  |  |  `- Refinement: ......................... 0.033 s     
|  |  |     |- Greedy Balancer: ................. 0.000 s     
|  |  |     `- Label Propagation: ............... 0.032 s     
|  |  |        |- Iteration (0): ................ 0.021 s     
|  |  |        |- Iteration (1): ................ 0.006 s     
|  |  |        |- Iteration (2): ................ 0.002 s     
|  |  |        |- Iteration (3): ................ 0.001 s     
|  |  |        `- Iteration (4): ................ 0.000 s     
|  |  |- Level (5): ............................. 0.071 s     
|  |  |  |- Allocation: ......................... 0.005 s     
|  |  |  |- Project partition: .................. 0.000 s     
|  |  |  |- Create graph: ....................... 0.000 s     
|  |  |  `- Refinement: ......................... 0.064 s     
|  |  |     |- Greedy Balancer: ................. 0.000 s     
|  |  |     `- Label Propagation: ............... 0.064 s     
|  |  |        |- Iteration (0): ................ 0.043 s     
|  |  |        |- Iteration (1): ................ 0.012 s     
|  |  |        |- Iteration (2): ................ 0.004 s     
|  |  |        |- Iteration (3): ................ 0.001 s     
|  |  |        `- Iteration (4): ................ 0.001 s     
|  |  |- Level (4): ............................. 0.115 s     
|  |  |  |- Allocation: ......................... 0.004 s     
|  |  |  |- Project partition: .................. 0.000 s     
|  |  |  |- Create graph: ....................... 0.000 s     
|  |  |  `- Refinement: ......................... 0.108 s     
|  |  |     |- Greedy Balancer: ................. 0.000 s     
|  |  |     `- Label Propagation: ............... 0.108 s     
|  |  |        |- Iteration (0): ................ 0.076 s     
|  |  |        |- Iteration (1): ................ 0.020 s     
|  |  |        |- Iteration (2): ................ 0.005 s     
|  |  |        |- Iteration (3): ................ 0.002 s     
|  |  |        `- Iteration (4): ................ 0.002 s     
|  |  |- Level (3): ............................. 0.187 s     
|  |  |  |- Allocation: ......................... 0.003 s     
|  |  |  |- Project partition: .................. 0.001 s     
|  |  |  |- Create graph: ....................... 0.000 s     
|  |  |  `- Refinement: ......................... 0.180 s     
|  |  |     |- Greedy Balancer: ................. 0.000 s     
|  |  |     `- Label Propagation: ............... 0.180 s     
|  |  |        |- Iteration (0): ................ 0.139 s     
|  |  |        |- Iteration (1): ................ 0.028 s     
|  |  |        |- Iteration (2): ................ 0.007 s     
|  |  |        |- Iteration (3): ................ 0.003 s     
|  |  |        `- Iteration (4): ................ 0.001 s     
|  |  |- Level (2): ............................. 0.319 s     
|  |  |  |- Allocation: ......................... 0.005 s     
|  |  |  |- Project partition: .................. 0.004 s     
|  |  |  |- Create graph: ....................... 0.001 s     
|  |  |  `- Refinement: ......................... 0.306 s     
|  |  |     |- Greedy Balancer: ................. 0.000 s     
|  |  |     `- Label Propagation: ............... 0.306 s     
|  |  |        |- Iteration (0): ................ 0.248 s     
|  |  |        |- Iteration (1): ................ 0.038 s     
|  |  |        |- Iteration (2): ................ 0.010 s     
|  |  |        |- Iteration (3): ................ 0.004 s     
|  |  |        `- Iteration (4): ................ 0.002 s     
|  |  |- Level (1): ............................. 0.565 s     
|  |  |  |- Allocation: ......................... 0.005 s     
|  |  |  |- Project partition: .................. 0.014 s     
|  |  |  |- Create graph: ....................... 0.003 s     
|  |  |  `- Refinement: ......................... 0.536 s     
|  |  |     |- Greedy Balancer: ................. 0.000 s     
|  |  |     `- Label Propagation: ............... 0.536 s     
|  |  |        |- Iteration (0): ................ 0.445 s     
|  |  |        |- Iteration (1): ................ 0.057 s     
|  |  |        |- Iteration (2): ................ 0.018 s     
|  |  |        |- Iteration (3): ................ 0.007 s     
|  |  |        `- Iteration (4): ................ 0.004 s     
|  |  `- Level (0): ............................. 0.911 s     
|  |     |- Allocation: ......................... 0.009 s     
|  |     |- Project partition: .................. 0.046 s     
|  |     |- Create graph: ....................... 0.009 s     
|  |     `- Refinement: ......................... 0.835 s     
|  |        |- Greedy Balancer: ................. 0.000 s     
|  |        `- Label Propagation: ............... 0.835 s     
|  |           |- Iteration (0): ................ 0.716 s     
|  |           |- Iteration (1): ................ 0.065 s     
|  |           |- Iteration (2): ................ 0.025 s     
|  |           |- Iteration (3): ................ 0.012 s     
|  |           `- Iteration (4): ................ 0.008 s     
|  |- Deallocation: ............................. 0.003 s     
|  `- Re-integrate isolated nodes: .............. 0.027 s     
`- IO: .......................................... 0.011 s     

Partition summary:
  Number of blocks: 16
  Edge cut:         3136167
  Imbalance:        0.00578804
  Feasible:         yes

Block weights:
  w(0 ) = 8731252     w(1 ) = 8731250     w(2 ) = 8731251     w(3 ) = 8731246   
  w(4 ) = 8731248     w(5 ) = 8731249     w(6 ) = 8731249     w(7 ) = 8731248   
  w(8 ) = 8731249     w(9 ) = 7927350     w(10) = 8731249     w(11) = 8731251   
  w(12) = 8731248     w(13) = 8731246     w(14) = 8731246     w(15) = 8731250   

Maximum resident set size: 7809392 KiB
