################################################################################
#                _  __       __  __  _         ____                            #
#               | |/ / __ _ |  \/  |(_) _ __  |  _ \  __ _  _ __               #
#               | ' / / _` || |\/| || || '_ \ | |_) |/ _` || '__|              #
#               | . \| (_| || |  | || || | | ||  __/| (_| || |                 #
#               |_|\_\\__,_||_|  |_||_||_| |_||_|    \__,_||_|                 #
#                                                                              #
################################################################################
Current commit hash:          99c62314d27845b3825829ec1e3e97256490627d
Assertion level:              always+light
Statistics:                   disabled
Built on:                     liskov
Data type sizes:
  Nodes IDs: 4 bytes | Node weights: 4 bytes
  Edges IDs: 4 bytes | Edge weights: 4 bytes
############################################################## Input Summary ###
Execution mode:               64
Seed:                         1
Graph:                        kmer_U1a [node ordering: deg-buckets] [edge ordering: natural]
  Number of nodes:             64678340 (unweighted)
  Number of edges:            132787258 (unweighted)
Number of blocks:             16
Maximum block weight:         4163668 (4042397 + 3% / 3%)
---------------------------------------------------------- Graph Compression ---
Enabled:                      no
-------------------------------------------------------- Partitioning Scheme ---
Partitioning mode:            deep
  Deep initial part. mode:    async-parallel
  Deep initial part. load:    1
Subgraph memory:              Lazy
----------------------------------------------------------------- Coarsening ---
Contraction limit:            2000
Coarsening algorithm:         clustering
  Cluster weight limit:       epsilon-block-weight x 1
  Shrink factor:              2.5
  Max mem-free level:         1
  Clustering algorithm:       lp
    Number of iterations:     5
    High degree threshold:    4294967295
    Max degree:               4294967295
    Tie breaking strategy:    uniform
    Implementation:           two-phase
      Relabel:                no
    2-hop clustering:         match-threadwise, if |Vcoarse| > 0.500000 * |V|
    Isolated nodes:           match-during-two-hop
  Forced hierarchy levels:    <none> (leeway: U=10.000000, L=1.100000)
Contraction algorithm:        unbuffered
  Implementation:             two-phase
------------------------------------------------------- Initial Partitioning ---
Adaptive algorithm selection: yes
----------------------------------------------------------------- Refinement ---
Refinement algorithms:        [greedy-balancer -> lp]
Label propagation:
  Number of iterations:       5
  Tie breaking strategy:      uniform
  Implementation:             single-phase
############################################################## Preprocessing ###
Removed 0 isolated nodes
  Remaining nodes:             64678340
  Remaining total node weight: 64678340
############################################################### Partitioning ###
Input graph:
 Number of nodes: 64678340 | Number of edges: 132787258
 Maximum node weight: 1

Coarsening -> Level 1 [max cluster weight: 121271]:
 Total edge weight:   55084466
 Number of nodes:     25829177 | Number of edges: 55068570
 Maximum node weight: 22

Coarsening -> Level 2 [max cluster weight: 121271]:
 Total edge weight:   24005300
 Number of nodes:     10303606 | Number of edges: 23932722
 Maximum node weight: 277

Coarsening -> Level 3 [max cluster weight: 121271]:
 Total edge weight:   11332516
 Number of nodes:     4086943 | Number of edges: 10937866
 Maximum node weight: 1591

Coarsening -> Level 4 [max cluster weight: 121271]:
 Total edge weight:   5849684
 Number of nodes:     1607680 | Number of edges: 5352572
 Maximum node weight: 6670

Coarsening -> Level 5 [max cluster weight: 121271]:
 Total edge weight:   3416602
 Number of nodes:     623667 | Number of edges: 2964252
 Maximum node weight: 33632

Coarsening -> Level 6 [max cluster weight: 121271]:
 Total edge weight:   2321044
 Number of nodes:     236470 | Number of edges: 1952382
 Maximum node weight: 121271

Coarsening -> Level 7 [max cluster weight: 121271]:
 Total edge weight:   1839110
 Number of nodes:     87294 | Number of edges: 1507654
 Maximum node weight: 121271

==> Coarsening terminated with less than 128000 nodes

Initial partitioning:
 Number of blocks: 16

Uncoarsening -> Level 6
 Number of nodes: 236470 | Number of edges: 1952382
  Running refinement on 16 blocks
   1. Greedy Balancer
   2. Label Propagation

Uncoarsening -> Level 5
 Number of nodes: 623667 | Number of edges: 2964252
  Running refinement on 16 blocks
   1. Greedy Balancer
   2. Label Propagation

Uncoarsening -> Level 4
 Number of nodes: 1607680 | Number of edges: 5352572
  Running refinement on 16 blocks
   1. Greedy Balancer
   2. Label Propagation

Uncoarsening -> Level 3
 Number of nodes: 4086943 | Number of edges: 10937866
  Running refinement on 16 blocks
   1. Greedy Balancer
   2. Label Propagation

Uncoarsening -> Level 2
 Number of nodes: 10303606 | Number of edges: 23932722
  Running refinement on 16 blocks
   1. Greedy Balancer
   2. Label Propagation

Uncoarsening -> Level 1
 Number of nodes: 25829177 | Number of edges: 55068570
  Running refinement on 16 blocks
   1. Greedy Balancer
   2. Label Propagation

Uncoarsening -> Level 0
 Number of nodes: 64678340 | Number of edges: 132787258
  Running refinement on 16 blocks
   1. Greedy Balancer
   2. Label Propagation
############################################################# Result Summary ###
RESULT cut=609600 imbalance=2.47378e-07 feasible=1 k=16
TIME read_input_graph=1.539 partitioning=3.081 partitioning.rearrange_by_degree-buckets=0.114 partitioning.rearrange_by_degree-buckets.sort_nodes_by_integer_buckets=0.029 partitioning.rearrange_by_degree-buckets.rearrange_input_graph=0.074 partitioning.rearrange_by_degree-buckets.deallocation=0.003 partitioning.refinement=0.000 partitioning.refinement.allocation=0.000 partitioning.coarsening=1.988 partitioning.coarsening.level[0]=0.997 partitioning.coarsening.level[0].label_propagation=0.385 partitioning.coarsening.level[0].label_propagation.allocation=0.016 partitioning.coarsening.level[0].label_propagation.iteration[0]=0.327 partitioning.coarsening.level[0].label_propagation.iteration[0].first_phase=0.317 partitioning.coarsening.level[0].label_propagation.iteration[1]=0.021 partitioning.coarsening.level[0].label_propagation.iteration[1].first_phase=0.020 partitioning.coarsening.level[0].label_propagation.iteration[2]=0.000 partitioning.coarsening.level[0].label_propagation.iteration[2].first_phase=0.000 partitioning.coarsening.level[0].label_propagation.handle_isolated_nodes=0.000 partitioning.coarsening.level[0].label_propagation.handle_two-hop_nodes=0.000 partitioning.coarsening.level[0].label_propagation.free=0.009 partitioning.coarsening.level[0].contract_graph=0.608 partitioning.coarsening.level[0].contract_graph.allocation=0.003 partitioning.coarsening.level[0].contract_graph.preprocessing=0.178 partitioning.coarsening.level[0].contract_graph.deallocation=0.001 partitioning.coarsening.level[0].contract_graph.construct_coarse_graph=0.418 partitioning.coarsening.level[0].contract_graph.construct_coarse_graph.aggregate_coarse_edges=0.361 partitioning.coarsening.level[0].contract_graph.construct_coarse_graph.aggregate_coarse_edges.first_phase=0.346 partitioning.coarsening.level[0].contract_graph.construct_coarse_graph.aggregate_coarse_edges.second_phase=0.004 partitioning.coarsening.level[0].contract_graph.construct_coarse_graph.remap_coarse_edges_and_mapping=0.041 partitioning.coarsening.level[1]=0.516 partitioning.coarsening.level[1].label_propagation=0.217 partitioning.coarsening.level[1].label_propagation.allocation=0.012 partitioning.coarsening.level[1].label_propagation.iteration[0]=0.188 partitioning.coarsening.level[1].label_propagation.iteration[0].first_phase=0.185 partitioning.coarsening.level[1].label_propagation.iteration[1]=0.007 partitioning.coarsening.level[1].label_propagation.iteration[1].first_phase=0.007 partitioning.coarsening.level[1].label_propagation.iteration[2]=0.000 partitioning.coarsening.level[1].label_propagation.iteration[2].first_phase=0.000 partitioning.coarsening.level[1].label_propagation.handle_isolated_nodes=0.000 partitioning.coarsening.level[1].label_propagation.handle_two-hop_nodes=0.000 partitioning.coarsening.level[1].contract_graph=0.298 partitioning.coarsening.level[1].contract_graph.allocation=0.003 partitioning.coarsening.level[1].contract_graph.preprocessing=0.089 partitioning.coarsening.level[1].contract_graph.deallocation=0.000 partitioning.coarsening.level[1].contract_graph.construct_coarse_graph=0.202 partitioning.coarsening.level[1].contract_graph.construct_coarse_graph.aggregate_coarse_edges=0.185 partitioning.coarsening.level[1].contract_graph.construct_coarse_graph.aggregate_coarse_edges.first_phase=0.180 partitioning.coarsening.level[1].contract_graph.construct_coarse_graph.aggregate_coarse_edges.second_phase=0.003 partitioning.coarsening.level[1].contract_graph.construct_coarse_graph.remap_coarse_edges_and_mapping=0.012 partitioning.coarsening.level[2]=0.235 partitioning.coarsening.level[2].label_propagation=0.080 partitioning.coarsening.level[2].label_propagation.iteration[0]=0.075 partitioning.coarsening.level[2].label_propagation.iteration[0].first_phase=0.072 partitioning.coarsening.level[2].label_propagation.iteration[1]=0.000 partitioning.coarsening.level[2].label_propagation.iteration[1].first_phase=0.000 partitioning.coarsening.level[2].label_propagation.handle_isolated_nodes=0.000 partitioning.coarsening.level[2].label_propagation.handle_two-hop_nodes=0.000 partitioning.coarsening.level[2].contract_graph=0.154 partitioning.coarsening.level[2].contract_graph.allocation=0.001 partitioning.coarsening.level[2].contract_graph.preprocessing=0.057 partitioning.coarsening.level[2].contract_graph.deallocation=0.000 partitioning.coarsening.level[2].contract_graph.construct_coarse_graph=0.092 partitioning.coarsening.level[2].contract_graph.construct_coarse_graph.aggregate_coarse_edges=0.084 partitioning.coarsening.level[2].contract_graph.construct_coarse_graph.aggregate_coarse_edges.first_phase=0.079 partitioning.coarsening.level[2].contract_graph.construct_coarse_graph.aggregate_coarse_edges.second_phase=0.004 partitioning.coarsening.level[2].contract_graph.construct_coarse_graph.remap_coarse_edges_and_mapping=0.005 partitioning.coarsening.level[3]=0.129 partitioning.coarsening.level[3].label_propagation=0.055 partitioning.coarsening.level[3].label_propagation.iteration[0]=0.047 partitioning.coarsening.level[3].label_propagation.iteration[0].first_phase=0.046 partitioning.coarsening.level[3].label_propagation.iteration[1]=0.000 partitioning.coarsening.level[3].label_propagation.iteration[1].first_phase=0.000 partitioning.coarsening.level[3].label_propagation.handle_isolated_nodes=0.000 partitioning.coarsening.level[3].label_propagation.handle_two-hop_nodes=0.000 partitioning.coarsening.level[3].contract_graph=0.073 partitioning.coarsening.level[3].contract_graph.allocation=0.001 partitioning.coarsening.level[3].contract_graph.preprocessing=0.021 partitioning.coarsening.level[3].contract_graph.deallocation=0.000 partitioning.coarsening.level[3].contract_graph.construct_coarse_graph=0.049 partitioning.coarsening.level[3].contract_graph.construct_coarse_graph.aggregate_coarse_edges=0.045 partitioning.coarsening.level[3].contract_graph.construct_coarse_graph.aggregate_coarse_edges.first_phase=0.038 partitioning.coarsening.level[3].contract_graph.construct_coarse_graph.aggregate_coarse_edges.second_phase=0.006 partitioning.coarsening.level[3].contract_graph.construct_coarse_graph.remap_coarse_edges_and_mapping=0.003 partitioning.coarsening.level[4]=0.060 partitioning.coarsening.level[4].label_propagation=0.026 partitioning.coarsening.level[4].label_propagation.iteration[0]=0.020 partitioning.coarsening.level[4].label_propagation.iteration[0].first_phase=0.019 partitioning.coarsening.level[4].label_propagation.iteration[1]=0.000 partitioning.coarsening.level[4].label_propagation.iteration[1].first_phase=0.000 partitioning.coarsening.level[4].label_propagation.handle_isolated_nodes=0.000 partitioning.coarsening.level[4].label_propagation.handle_two-hop_nodes=0.000 partitioning.coarsening.level[4].contract_graph=0.034 partitioning.coarsening.level[4].contract_graph.allocation=0.001 partitioning.coarsening.level[4].contract_graph.preprocessing=0.015 partitioning.coarsening.level[4].contract_graph.deallocation=0.000 partitioning.coarsening.level[4].contract_graph.construct_coarse_graph=0.017 partitioning.coarsening.level[4].contract_graph.construct_coarse_graph.aggregate_coarse_edges=0.014 partitioning.coarsening.level[4].contract_graph.construct_coarse_graph.aggregate_coarse_edges.first_phase=0.013 partitioning.coarsening.level[4].contract_graph.construct_coarse_graph.aggregate_coarse_edges.second_phase=0.001 partitioning.coarsening.level[4].contract_graph.construct_coarse_graph.remap_coarse_edges_and_mapping=0.001 partitioning.coarsening.level[5]=0.027 partitioning.coarsening.level[5].label_propagation=0.010 partitioning.coarsening.level[5].label_propagation.iteration[0]=0.010 partitioning.coarsening.level[5].label_propagation.iteration[0].first_phase=0.010 partitioning.coarsening.level[5].label_propagation.iteration[1]=0.000 partitioning.coarsening.level[5].label_propagation.iteration[1].first_phase=0.000 partitioning.coarsening.level[5].label_propagation.handle_isolated_nodes=0.000 partitioning.coarsening.level[5].label_propagation.handle_two-hop_nodes=0.000 partitioning.coarsening.level[5].contract_graph=0.017 partitioning.coarsening.level[5].contract_graph.allocation=0.000 partitioning.coarsening.level[5].contract_graph.preprocessing=0.005 partitioning.coarsening.level[5].contract_graph.deallocation=0.000 partitioning.coarsening.level[5].contract_graph.construct_coarse_graph=0.010 partitioning.coarsening.level[5].contract_graph.construct_coarse_graph.aggregate_coarse_edges=0.009 partitioning.coarsening.level[5].contract_graph.construct_coarse_graph.aggregate_coarse_edges.first_phase=0.009 partitioning.coarsening.level[5].contract_graph.construct_coarse_graph.aggregate_coarse_edges.second_phase=0.000 partitioning.coarsening.level[5].contract_graph.construct_coarse_graph.remap_coarse_edges_and_mapping=0.000 partitioning.coarsening.level[6]=0.018 partitioning.coarsening.level[6].label_propagation=0.006 partitioning.coarsening.level[6].label_propagation.iteration[0]=0.006 partitioning.coarsening.level[6].label_propagation.iteration[0].first_phase=0.006 partitioning.coarsening.level[6].label_propagation.iteration[1]=0.000 partitioning.coarsening.level[6].label_propagation.iteration[1].first_phase=0.000 partitioning.coarsening.level[6].label_propagation.handle_isolated_nodes=0.000 partitioning.coarsening.level[6].label_propagation.handle_two-hop_nodes=0.000 partitioning.coarsening.level[6].contract_graph=0.011 partitioning.coarsening.level[6].contract_graph.allocation=0.000 partitioning.coarsening.level[6].contract_graph.preprocessing=0.001 partitioning.coarsening.level[6].contract_graph.deallocation=0.000 partitioning.coarsening.level[6].contract_graph.construct_coarse_graph=0.009 partitioning.coarsening.level[6].contract_graph.construct_coarse_graph.aggregate_coarse_edges=0.008 partitioning.coarsening.level[6].contract_graph.construct_coarse_graph.aggregate_coarse_edges.first_phase=0.008 partitioning.coarsening.level[6].contract_graph.construct_coarse_graph.aggregate_coarse_edges.second_phase=0.000 partitioning.coarsening.level[6].contract_graph.construct_coarse_graph.remap_coarse_edges_and_mapping=0.000 partitioning.coarsening.deallocation=0.001 partitioning.initial_partitioning_scheme=0.239 partitioning.uncoarsening=0.717 partitioning.uncoarsening.level[6]=0.016 partitioning.uncoarsening.level[6].allocation=0.000 partitioning.uncoarsening.level[6].project_partition=0.000 partitioning.uncoarsening.level[6].create_graph=0.000 partitioning.uncoarsening.level[6].refinement=0.015 partitioning.uncoarsening.level[6].refinement.greedy_balancer=0.000 partitioning.uncoarsening.level[6].refinement.label_propagation=0.015 partitioning.uncoarsening.level[6].refinement.label_propagation.allocation=0.003 partitioning.uncoarsening.level[6].refinement.label_propagation.iteration[0]=0.007 partitioning.uncoarsening.level[6].refinement.label_propagation.iteration[1]=0.002 partitioning.uncoarsening.level[6].refinement.label_propagation.iteration[2]=0.000 partitioning.uncoarsening.level[6].refinement.label_propagation.iteration[3]=0.000 partitioning.uncoarsening.level[6].refinement.label_propagation.iteration[4]=0.000 partitioning.uncoarsening.level[5]=0.020 partitioning.uncoarsening.level[5].allocation=0.000 partitioning.uncoarsening.level[5].project_partition=0.000 partitioning.uncoarsening.level[5].create_graph=0.000 partitioning.uncoarsening.level[5].refinement=0.020 partitioning.uncoarsening.level[5].refinement.greedy_balancer=0.000 partitioning.uncoarsening.level[5].refinement.label_propagation=0.020 partitioning.uncoarsening.level[5].refinement.label_propagation.iteration[0]=0.013 partitioning.uncoarsening.level[5].refinement.label_propagation.iteration[1]=0.004 partitioning.uncoarsening.level[5].refinement.label_propagation.iteration[2]=0.001 partitioning.uncoarsening.level[5].refinement.label_propagation.iteration[3]=0.000 partitioning.uncoarsening.level[5].refinement.label_propagation.iteration[4]=0.000 partitioning.uncoarsening.level[4]=0.034 partitioning.uncoarsening.level[4].allocation=0.000 partitioning.uncoarsening.level[4].project_partition=0.001 partitioning.uncoarsening.level[4].create_graph=0.000 partitioning.uncoarsening.level[4].refinement=0.031 partitioning.uncoarsening.level[4].refinement.greedy_balancer=0.000 partitioning.uncoarsening.level[4].refinement.label_propagation=0.031 partitioning.uncoarsening.level[4].refinement.label_propagation.iteration[0]=0.024 partitioning.uncoarsening.level[4].refinement.label_propagation.iteration[1]=0.004 partitioning.uncoarsening.level[4].refinement.label_propagation.iteration[2]=0.001 partitioning.uncoarsening.level[4].refinement.label_propagation.iteration[3]=0.000 partitioning.uncoarsening.level[4].refinement.label_propagation.iteration[4]=0.000 partitioning.uncoarsening.level[3]=0.058 partitioning.uncoarsening.level[3].allocation=0.004 partitioning.uncoarsening.level[3].project_partition=0.000 partitioning.uncoarsening.level[3].create_graph=0.000 partitioning.uncoarsening.level[3].refinement=0.051 partitioning.uncoarsening.level[3].refinement.greedy_balancer=0.000 partitioning.uncoarsening.level[3].refinement.label_propagation=0.051 partitioning.uncoarsening.level[3].refinement.label_propagation.iteration[0]=0.040 partitioning.uncoarsening.level[3].refinement.label_propagation.iteration[1]=0.006 partitioning.uncoarsening.level[3].refinement.label_propagation.iteration[2]=0.002 partitioning.uncoarsening.level[3].refinement.label_propagation.iteration[3]=0.001 partitioning.uncoarsening.level[3].refinement.label_propagation.iteration[4]=0.000 partitioning.uncoarsening.level[2]=0.103 partitioning.uncoarsening.level[2].allocation=0.002 partitioning.uncoarsening.level[2].project_partition=0.001 partitioning.uncoarsening.level[2].create_graph=0.001 partitioning.uncoarsening.level[2].refinement=0.096 partitioning.uncoarsening.level[2].refinement.greedy_balancer=0.000 partitioning.uncoarsening.level[2].refinement.label_propagation=0.096 partitioning.uncoarsening.level[2].refinement.label_propagation.iteration[0]=0.079 partitioning.uncoarsening.level[2].refinement.label_propagation.iteration[1]=0.009 partitioning.uncoarsening.level[2].refinement.label_propagation.iteration[2]=0.003 partitioning.uncoarsening.level[2].refinement.label_propagation.iteration[3]=0.001 partitioning.uncoarsening.level[2].refinement.label_propagation.iteration[4]=0.001 partitioning.uncoarsening.level[1]=0.180 partitioning.uncoarsening.level[1].allocation=0.004 partitioning.uncoarsening.level[1].project_partition=0.005 partitioning.uncoarsening.level[1].create_graph=0.001 partitioning.uncoarsening.level[1].refinement=0.167 partitioning.uncoarsening.level[1].refinement.greedy_balancer=0.000 partitioning.uncoarsening.level[1].refinement.label_propagation=0.166 partitioning.uncoarsening.level[1].refinement.label_propagation.iteration[0]=0.140 partitioning.uncoarsening.level[1].refinement.label_propagation.iteration[1]=0.013 partitioning.uncoarsening.level[1].refinement.label_propagation.iteration[2]=0.005 partitioning.uncoarsening.level[1].refinement.label_propagation.iteration[3]=0.003 partitioning.uncoarsening.level[1].refinement.label_propagation.iteration[4]=0.002 partitioning.uncoarsening.level[0]=0.304 partitioning.uncoarsening.level[0].allocation=0.005 partitioning.uncoarsening.level[0].project_partition=0.013 partitioning.uncoarsening.level[0].create_graph=0.004 partitioning.uncoarsening.level[0].refinement=0.275 partitioning.uncoarsening.level[0].refinement.greedy_balancer=0.000 partitioning.uncoarsening.level[0].refinement.label_propagation=0.275 partitioning.uncoarsening.level[0].refinement.label_propagation.iteration[0]=0.236 partitioning.uncoarsening.level[0].refinement.label_propagation.iteration[1]=0.017 partitioning.uncoarsening.level[0].refinement.label_propagation.iteration[2]=0.008 partitioning.uncoarsening.level[0].refinement.label_propagation.iteration[3]=0.005 partitioning.uncoarsening.level[0].refinement.label_propagation.iteration[4]=0.003 partitioning.deallocation=0.002 partitioning.re-integrate_isolated_nodes=0.015 io=0.005 
MEMORY disabled

Global Timer: ................................... 4.667 s    
|- Read input graph: ............................ 1.539 s    
|- Partitioning: ................................ 3.081 s    
|  |- Rearrange by degree-buckets: .............. 0.114 s    
|  |  |- Sort nodes by integer buckets: ......... 0.029 s    
|  |  |- Rearrange input graph: ................. 0.074 s    
|  |  `- Deallocation: .......................... 0.003 s    
|  |- Refinement: ............................... 0.000 s    
|  |  `- Allocation: ............................ 0.000 s    
|  |- Coarsening: ............................... 1.988 s    
|  |  |- Level (0): ............................. 0.997 s    
|  |  |  |- Label Propagation: .................. 0.385 s    
|  |  |  |  |- Allocation: ...................... 0.016 s    
|  |  |  |  |- Iteration (0): ................... 0.327 s    
|  |  |  |  |  `- First phase: .................. 0.317 s    
|  |  |  |  |- Iteration (1): ................... 0.021 s    
|  |  |  |  |  `- First phase: .................. 0.020 s    
|  |  |  |  |- Iteration (2): ................... 0.000 s    
|  |  |  |  |  `- First phase: .................. 0.000 s    
|  |  |  |  |- Handle isolated nodes: ........... 0.000 s    
|  |  |  |  |- Handle two-hop nodes: ............ 0.000 s    
|  |  |  |  `- Free: ............................ 0.009 s    
|  |  |  `- Contract graph: ..................... 0.608 s    
|  |  |     |- Allocation: ...................... 0.003 s (3)
|  |  |     |- Preprocessing: ................... 0.178 s (3)
|  |  |     |- Deallocation: .................... 0.001 s    
|  |  |     `- Construct coarse graph: .......... 0.418 s    
|  |  |        |- Aggregate coarse edges: ....... 0.361 s    
|  |  |        |  |- First phase: ............... 0.346 s    
|  |  |        |  `- Second phase: .............. 0.004 s    
|  |  |        `- Remap coarse edges and mapping: 0.041 s    
|  |  |- Level (1): ............................. 0.516 s    
|  |  |  |- Label Propagation: .................. 0.217 s    
|  |  |  |  |- Allocation: ...................... 0.012 s    
|  |  |  |  |- Iteration (0): ................... 0.188 s    
|  |  |  |  |  `- First phase: .................. 0.185 s    
|  |  |  |  |- Iteration (1): ................... 0.007 s    
|  |  |  |  |  `- First phase: .................. 0.007 s    
|  |  |  |  |- Iteration (2): ................... 0.000 s    
|  |  |  |  |  `- First phase: .................. 0.000 s    
|  |  |  |  |- Handle isolated nodes: ........... 0.000 s    
|  |  |  |  `- Handle two-hop nodes: ............ 0.000 s    
|  |  |  `- Contract graph: ..................... 0.298 s    
|  |  |     |- Allocation: ...................... 0.003 s (3)
|  |  |     |- Preprocessing: ................... 0.089 s (3)
|  |  |     |- Deallocation: .................... 0.000 s    
|  |  |     `- Construct coarse graph: .......... 0.202 s    
|  |  |        |- Aggregate coarse edges: ....... 0.185 s    
|  |  |        |  |- First phase: ............... 0.180 s    
|  |  |        |  `- Second phase: .............. 0.003 s    
|  |  |        `- Remap coarse edges and mapping: 0.012 s    
|  |  |- Level (2): ............................. 0.235 s    
|  |  |  |- Label Propagation: .................. 0.080 s    
|  |  |  |  |- Iteration (0): ................... 0.075 s    
|  |  |  |  |  `- First phase: .................. 0.072 s    
|  |  |  |  |- Iteration (1): ................... 0.000 s    
|  |  |  |  |  `- First phase: .................. 0.000 s    
|  |  |  |  |- Handle isolated nodes: ........... 0.000 s    
|  |  |  |  `- Handle two-hop nodes: ............ 0.000 s    
|  |  |  `- Contract graph: ..................... 0.154 s    
|  |  |     |- Allocation: ...................... 0.001 s (3)
|  |  |     |- Preprocessing: ................... 0.057 s (3)
|  |  |     |- Deallocation: .................... 0.000 s    
|  |  |     `- Construct coarse graph: .......... 0.092 s    
|  |  |        |- Aggregate coarse edges: ....... 0.084 s    
|  |  |        |  |- First phase: ............... 0.079 s    
|  |  |        |  `- Second phase: .............. 0.004 s    
|  |  |        `- Remap coarse edges and mapping: 0.005 s    
|  |  |- Level (3): ............................. 0.129 s    
|  |  |  |- Label Propagation: .................. 0.055 s    
|  |  |  |  |- Iteration (0): ................... 0.047 s    
|  |  |  |  |  `- First phase: .................. 0.046 s    
|  |  |  |  |- Iteration (1): ................... 0.000 s    
|  |  |  |  |  `- First phase: .................. 0.000 s    
|  |  |  |  |- Handle isolated nodes: ........... 0.000 s    
|  |  |  |  `- Handle two-hop nodes: ............ 0.000 s    
|  |  |  `- Contract graph: ..................... 0.073 s    
|  |  |     |- Allocation: ...................... 0.001 s (3)
|  |  |     |- Preprocessing: ................... 0.021 s (3)
|  |  |     |- Deallocation: .................... 0.000 s    
|  |  |     `- Construct coarse graph: .......... 0.049 s    
|  |  |        |- Aggregate coarse edges: ....... 0.045 s    
|  |  |        |  |- First phase: ............... 0.038 s    
|  |  |        |  `- Second phase: .............. 0.006 s    
|  |  |        `- Remap coarse edges and mapping: 0.003 s    
|  |  |- Level (4): ............................. 0.060 s    
|  |  |  |- Label Propagation: .................. 0.026 s    
|  |  |  |  |- Iteration (0): ................... 0.020 s    
|  |  |  |  |  `- First phase: .................. 0.019 s    
|  |  |  |  |- Iteration (1): ................... 0.000 s    
|  |  |  |  |  `- First phase: .................. 0.000 s    
|  |  |  |  |- Handle isolated nodes: ........... 0.000 s    
|  |  |  |  `- Handle two-hop nodes: ............ 0.000 s    
|  |  |  `- Contract graph: ..................... 0.034 s    
|  |  |     |- Allocation: ...................... 0.001 s (3)
|  |  |     |- Preprocessing: ................... 0.015 s (3)
|  |  |     |- Deallocation: .................... 0.000 s    
|  |  |     `- Construct coarse graph: .......... 0.017 s    
|  |  |        |- Aggregate coarse edges: ....... 0.014 s    
|  |  |        |  |- First phase: ............... 0.013 s    
|  |  |        |  `- Second phase: .............. 0.001 s    
|  |  |        `- Remap coarse edges and mapping: 0.001 s    
|  |  |- Level (5): ............................. 0.027 s    
|  |  |  |- Label Propagation: .................. 0.010 s    
|  |  |  |  |- Iteration (0): ................... 0.010 s    
|  |  |  |  |  `- First phase: .................. 0.010 s    
|  |  |  |  |- Iteration (1): ................... 0.000 s    
|  |  |  |  |  `- First phase: .................. 0.000 s    
|  |  |  |  |- Handle isolated nodes: ........... 0.000 s    
|  |  |  |  `- Handle two-hop nodes: ............ 0.000 s    
|  |  |  `- Contract graph: ..................... 0.017 s    
|  |  |     |- Allocation: ...................... 0.000 s (3)
|  |  |     |- Preprocessing: ................... 0.005 s (3)
|  |  |     |- Deallocation: .................... 0.000 s    
|  |  |     `- Construct coarse graph: .......... 0.010 s    
|  |  |        |- Aggregate coarse edges: ....... 0.009 s    
|  |  |        |  |- First phase: ............... 0.009 s    
|  |  |        |  `- Second phase: .............. 0.000 s    
|  |  |        `- Remap coarse edges and mapping: 0.000 s    
|  |  |- Level (6): ............................. 0.018 s    
|  |  |  |- Label Propagation: .................. 0.006 s    
|  |  |  |  |- Iteration (0): ................... 0.006 s    
|  |  |  |  |  `- First phase: .................. 0.006 s    
|  |  |  |  |- Iteration (1): ................... 0.000 s    
|  |  |  |  |  `- First phase: .................. 0.000 s    
|  |  |  |  |- Handle isolated nodes: ........... 0.000 s    
|  |  |  |  `- Handle two-hop nodes: ............ 0.000 s    
|  |  |  `- Contract graph: ..................... 0.011 s    
|  |  |     |- Allocation: ...................... 0.000 s (3)
|  |  |     |- Preprocessing: ................... 0.001 s (3)
|  |  |     |- Deallocation: .................... 0.000 s    
|  |  |     `- Construct coarse graph: .......... 0.009 s    
|  |  |        |- Aggregate coarse edges: ....... 0.008 s    
|  |  |        |  |- First phase: ............... 0.008 s    
|  |  |        |  `- Second phase: .............. 0.000 s    
|  |  |        `- Remap coarse edges and mapping: 0.000 s    
|  |  `- Deallocation: .......................... 0.001 s    
|  |- Initial partitioning scheme: .............. 0.239 s    
|  |- Uncoarsening: ............................. 0.717 s    
|  |  |- Level (6): ............................. 0.016 s    
|  |  |  |- Allocation: ......................... 0.000 s    
|  |  |  |- Project partition: .................. 0.000 s    
|  |  |  |- Create graph: ....................... 0.000 s    
|  |  |  `- Refinement: ......................... 0.015 s    
|  |  |     |- Greedy Balancer: ................. 0.000 s    
|  |  |     `- Label Propagation: ............... 0.015 s    
|  |  |        |- Allocation: ................... 0.003 s    
|  |  |        |- Iteration (0): ................ 0.007 s    
|  |  |        |- Iteration (1): ................ 0.002 s    
|  |  |        |- Iteration (2): ................ 0.000 s    
|  |  |        |- Iteration (3): ................ 0.000 s    
|  |  |        `- Iteration (4): ................ 0.000 s    
|  |  |- Level (5): ............................. 0.020 s    
|  |  |  |- Allocation: ......................... 0.000 s    
|  |  |  |- Project partition: .................. 0.000 s    
|  |  |  |- Create graph: ....................... 0.000 s    
|  |  |  `- Refinement: ......................... 0.020 s    
|  |  |     |- Greedy Balancer: ................. 0.000 s    
|  |  |     `- Label Propagation: ............... 0.020 s    
|  |  |        |- Iteration (0): ................ 0.013 s    
|  |  |        |- Iteration (1): ................ 0.004 s    
|  |  |        |- Iteration (2): ................ 0.001 s    
|  |  |        |- Iteration (3): ................ 0.000 s    
|  |  |        `- Iteration (4): ................ 0.000 s    
|  |  |- Level (4): ............................. 0.034 s    
|  |  |  |- Allocation: ......................... 0.000 s    
|  |  |  |- Project partition: .................. 0.001 s    
|  |  |  |- Create graph: ....................... 0.000 s    
|  |  |  `- Refinement: ......................... 0.031 s    
|  |  |     |- Greedy Balancer: ................. 0.000 s    
|  |  |     `- Label Propagation: ............... 0.031 s    
|  |  |        |- Iteration (0): ................ 0.024 s    
|  |  |        |- Iteration (1): ................ 0.004 s    
|  |  |        |- Iteration (2): ................ 0.001 s    
|  |  |        |- Iteration (3): ................ 0.000 s    
|  |  |        `- Iteration (4): ................ 0.000 s    
|  |  |- Level (3): ............................. 0.058 s    
|  |  |  |- Allocation: ......................... 0.004 s    
|  |  |  |- Project partition: .................. 0.000 s    
|  |  |  |- Create graph: ....................... 0.000 s    
|  |  |  `- Refinement: ......................... 0.051 s    
|  |  |     |- Greedy Balancer: ................. 0.000 s    
|  |  |     `- Label Propagation: ............... 0.051 s    
|  |  |        |- Iteration (0): ................ 0.040 s    
|  |  |        |- Iteration (1): ................ 0.006 s    
|  |  |        |- Iteration (2): ................ 0.002 s    
|  |  |        |- Iteration (3): ................ 0.001 s    
|  |  |        `- Iteration (4): ................ 0.000 s    
|  |  |- Level (2): ............................. 0.103 s    
|  |  |  |- Allocation: ......................... 0.002 s    
|  |  |  |- Project partition: .................. 0.001 s    
|  |  |  |- Create graph: ....................... 0.001 s    
|  |  |  `- Refinement: ......................... 0.096 s    
|  |  |     |- Greedy Balancer: ................. 0.000 s    
|  |  |     `- Label Propagation: ............... 0.096 s    
|  |  |        |- Iteration (0): ................ 0.079 s    
|  |  |        |- Iteration (1): ................ 0.009 s    
|  |  |        |- Iteration (2): ................ 0.003 s    
|  |  |        |- Iteration (3): ................ 0.001 s    
|  |  |        `- Iteration (4): ................ 0.001 s    
|  |  |- Level (1): ............................. 0.180 s    
|  |  |  |- Allocation: ......................... 0.004 s    
|  |  |  |- Project partition: .................. 0.005 s    
|  |  |  |- Create graph: ....................... 0.001 s    
|  |  |  `- Refinement: ......................... 0.167 s    
|  |  |     |- Greedy Balancer: ................. 0.000 s    
|  |  |     `- Label Propagation: ............... 0.166 s    
|  |  |        |- Iteration (0): ................ 0.140 s    
|  |  |        |- Iteration (1): ................ 0.013 s    
|  |  |        |- Iteration (2): ................ 0.005 s    
|  |  |        |- Iteration (3): ................ 0.003 s    
|  |  |        `- Iteration (4): ................ 0.002 s    
|  |  `- Level (0): ............................. 0.304 s    
|  |     |- Allocation: ......................... 0.005 s    
|  |     |- Project partition: .................. 0.013 s    
|  |     |- Create graph: ....................... 0.004 s    
|  |     `- Refinement: ......................... 0.275 s    
|  |        |- Greedy Balancer: ................. 0.000 s    
|  |        `- Label Propagation: ............... 0.275 s    
|  |           |- Iteration (0): ................ 0.236 s    
|  |           |- Iteration (1): ................ 0.017 s    
|  |           |- Iteration (2): ................ 0.008 s    
|  |           |- Iteration (3): ................ 0.005 s    
|  |           `- Iteration (4): ................ 0.003 s    
|  |- Deallocation: ............................. 0.002 s    
|  `- Re-integrate isolated nodes: .............. 0.015 s    
`- IO: .......................................... 0.005 s    

Partition summary:
  Number of blocks: 16
  Edge cut:         609600
  Imbalance:        2.47378e-07
  Feasible:         yes

Block weights:
  w(0 ) = 4042397    w(1 ) = 4042396    w(2 ) = 4042397    w(3 ) = 4042397  
  w(4 ) = 4042396    w(5 ) = 4042396    w(6 ) = 4042398    w(7 ) = 4042397  
  w(8 ) = 4042395    w(9 ) = 4042397    w(10) = 4042397    w(11) = 4042395  
  w(12) = 4042397    w(13) = 4042396    w(14) = 4042395    w(15) = 4042394  

Maximum resident set size: 3833808 KiB
