################################################################################
#                _  __       __  __  _         ____                            #
#               | |/ / __ _ |  \/  |(_) _ __  |  _ \  __ _  _ __               #
#               | ' / / _` || |\/| || || '_ \ | |_) |/ _` || '__|              #
#               | . \| (_| || |  | || || | | ||  __/| (_| || |                 #
#               |_|\_\\__,_||_|  |_||_||_| |_||_|    \__,_||_|                 #
#                                                                              #
################################################################################
Current commit hash:          99c62314d27845b3825829ec1e3e97256490627d
Assertion level:              always+light
Statistics:                   disabled
Built on:                     liskov
Data type sizes:
  Nodes IDs: 4 bytes | Node weights: 4 bytes
  Edges IDs: 4 bytes | Edge weights: 4 bytes
############################################################## Input Summary ###
Execution mode:               64
Seed:                         1
Graph:                        kron_g500-simple-logn19 [node ordering: deg-buckets] [edge ordering: natural]
  Number of nodes:              524288 (unweighted)
  Number of edges:            43561574 (unweighted)
Number of blocks:             16
Maximum block weight:         33751 (32768 + 3% / 3%)
---------------------------------------------------------- Graph Compression ---
Enabled:                      no
-------------------------------------------------------- Partitioning Scheme ---
Partitioning mode:            deep
  Deep initial part. mode:    async-parallel
  Deep initial part. load:    1
Subgraph memory:              Lazy
----------------------------------------------------------------- Coarsening ---
Contraction limit:            2000
Coarsening algorithm:         clustering
  Cluster weight limit:       epsilon-block-weight x 1
  Shrink factor:              2.5
  Max mem-free level:         1
  Clustering algorithm:       lp
    Number of iterations:     5
    High degree threshold:    4294967295
    Max degree:               4294967295
    Tie breaking strategy:    uniform
    Implementation:           two-phase
      Relabel:                no
    2-hop clustering:         match-threadwise, if |Vcoarse| > 0.500000 * |V|
    Isolated nodes:           match-during-two-hop
  Forced hierarchy levels:    <none> (leeway: U=10.000000, L=1.100000)
Contraction algorithm:        unbuffered
  Implementation:             two-phase
------------------------------------------------------- Initial Partitioning ---
Adaptive algorithm selection: yes
----------------------------------------------------------------- Refinement ---
Refinement algorithms:        [greedy-balancer -> lp]
Label propagation:
  Number of iterations:       5
  Tie breaking strategy:      uniform
  Implementation:             single-phase
############################################################## Preprocessing ###
Removed 115113 isolated nodes
  Remaining nodes:             409175
  Remaining total node weight: 409175
############################################################### Partitioning ###
Input graph:
 Number of nodes: 409175 | Number of edges: 43561574
 Maximum node weight: 1

Coarsening -> Level 1 [max cluster weight: 8176]:
 Total edge weight:   43040996
 Number of nodes:     148987 | Number of edges: 42236994
 Maximum node weight: 1978

Coarsening -> Level 2 [max cluster weight: 8176]:
 Total edge weight:   42319656
 Number of nodes:     57684 | Number of edges: 9425194
 Maximum node weight: 8177

==> Coarsening terminated with less than 128000 nodes

Initial partitioning:
 Number of blocks: 16

Uncoarsening -> Level 1
 Number of nodes: 148987 | Number of edges: 42236994
  Running refinement on 16 blocks
   1. Greedy Balancer
   2. Label Propagation

Uncoarsening -> Level 0
 Number of nodes: 409175 | Number of edges: 43561574
  Running refinement on 16 blocks
   1. Greedy Balancer
   2. Label Propagation
############################################################# Result Summary ###
RESULT cut=19306855 imbalance=0.0299988 feasible=1 k=16
TIME read_input_graph=0.366 partitioning=1.227 partitioning.rearrange_by_degree-buckets=0.023 partitioning.rearrange_by_degree-buckets.sort_nodes_by_integer_buckets=0.006 partitioning.rearrange_by_degree-buckets.rearrange_input_graph=0.014 partitioning.rearrange_by_degree-buckets.deallocation=0.001 partitioning.refinement=0.000 partitioning.refinement.allocation=0.000 partitioning.coarsening=0.588 partitioning.coarsening.level[0]=0.172 partitioning.coarsening.level[0].label_propagation=0.026 partitioning.coarsening.level[0].label_propagation.allocation=0.000 partitioning.coarsening.level[0].label_propagation.iteration[0]=0.019 partitioning.coarsening.level[0].label_propagation.iteration[0].first_phase=0.017 partitioning.coarsening.level[0].label_propagation.iteration[1]=0.000 partitioning.coarsening.level[0].label_propagation.iteration[1].first_phase=0.000 partitioning.coarsening.level[0].label_propagation.handle_isolated_nodes=0.000 partitioning.coarsening.level[0].label_propagation.handle_two-hop_nodes=0.000 partitioning.coarsening.level[0].label_propagation.free=0.005 partitioning.coarsening.level[0].contract_graph=0.145 partitioning.coarsening.level[0].contract_graph.allocation=0.000 partitioning.coarsening.level[0].contract_graph.preprocessing=0.007 partitioning.coarsening.level[0].contract_graph.deallocation=0.000 partitioning.coarsening.level[0].contract_graph.construct_coarse_graph=0.135 partitioning.coarsening.level[0].contract_graph.construct_coarse_graph.aggregate_coarse_edges=0.128 partitioning.coarsening.level[0].contract_graph.construct_coarse_graph.aggregate_coarse_edges.first_phase=0.100 partitioning.coarsening.level[0].contract_graph.construct_coarse_graph.aggregate_coarse_edges.second_phase=0.018 partitioning.coarsening.level[0].contract_graph.construct_coarse_graph.remap_coarse_edges_and_mapping=0.006 partitioning.coarsening.level[1]=0.415 partitioning.coarsening.level[1].label_propagation=0.299 partitioning.coarsening.level[1].label_propagation.allocation=0.000 partitioning.coarsening.level[1].label_propagation.iteration[0]=0.298 partitioning.coarsening.level[1].label_propagation.iteration[0].first_phase=0.289 partitioning.coarsening.level[1].label_propagation.iteration[0].second_phase=0.009 partitioning.coarsening.level[1].label_propagation.iteration[1]=0.000 partitioning.coarsening.level[1].label_propagation.iteration[1].first_phase=0.000 partitioning.coarsening.level[1].label_propagation.handle_isolated_nodes=0.000 partitioning.coarsening.level[1].label_propagation.handle_two-hop_nodes=0.000 partitioning.coarsening.level[1].contract_graph=0.116 partitioning.coarsening.level[1].contract_graph.allocation=0.000 partitioning.coarsening.level[1].contract_graph.preprocessing=0.003 partitioning.coarsening.level[1].contract_graph.deallocation=0.000 partitioning.coarsening.level[1].contract_graph.construct_coarse_graph=0.112 partitioning.coarsening.level[1].contract_graph.construct_coarse_graph.aggregate_coarse_edges=0.110 partitioning.coarsening.level[1].contract_graph.construct_coarse_graph.aggregate_coarse_edges.first_phase=0.031 partitioning.coarsening.level[1].contract_graph.construct_coarse_graph.aggregate_coarse_edges.second_phase=0.078 partitioning.coarsening.level[1].contract_graph.construct_coarse_graph.remap_coarse_edges_and_mapping=0.001 partitioning.coarsening.deallocation=0.000 partitioning.initial_partitioning_scheme=0.486 partitioning.uncoarsening=0.126 partitioning.uncoarsening.level[1]=0.060 partitioning.uncoarsening.level[1].allocation=0.000 partitioning.uncoarsening.level[1].project_partition=0.000 partitioning.uncoarsening.level[1].create_graph=0.000 partitioning.uncoarsening.level[1].refinement=0.058 partitioning.uncoarsening.level[1].refinement.greedy_balancer=0.000 partitioning.uncoarsening.level[1].refinement.label_propagation=0.058 partitioning.uncoarsening.level[1].refinement.label_propagation.allocation=0.000 partitioning.uncoarsening.level[1].refinement.label_propagation.iteration[0]=0.021 partitioning.uncoarsening.level[1].refinement.label_propagation.iteration[1]=0.012 partitioning.uncoarsening.level[1].refinement.label_propagation.iteration[2]=0.008 partitioning.uncoarsening.level[1].refinement.label_propagation.iteration[3]=0.007 partitioning.uncoarsening.level[1].refinement.label_propagation.iteration[4]=0.007 partitioning.uncoarsening.level[0]=0.065 partitioning.uncoarsening.level[0].allocation=0.000 partitioning.uncoarsening.level[0].project_partition=0.000 partitioning.uncoarsening.level[0].create_graph=0.000 partitioning.uncoarsening.level[0].refinement=0.062 partitioning.uncoarsening.level[0].refinement.greedy_balancer=0.000 partitioning.uncoarsening.level[0].refinement.label_propagation=0.062 partitioning.uncoarsening.level[0].refinement.label_propagation.iteration[0]=0.030 partitioning.uncoarsening.level[0].refinement.label_propagation.iteration[1]=0.010 partitioning.uncoarsening.level[0].refinement.label_propagation.iteration[2]=0.007 partitioning.uncoarsening.level[0].refinement.label_propagation.iteration[3]=0.007 partitioning.uncoarsening.level[0].refinement.label_propagation.iteration[4]=0.006 partitioning.deallocation=0.001 partitioning.re-integrate_isolated_nodes=0.001 io=0.000 
MEMORY disabled

Global Timer: ................................... 1.603 s    
|- Read input graph: ............................ 0.366 s    
|- Partitioning: ................................ 1.227 s    
|  |- Rearrange by degree-buckets: .............. 0.023 s    
|  |  |- Sort nodes by integer buckets: ......... 0.006 s    
|  |  |- Rearrange input graph: ................. 0.014 s    
|  |  `- Deallocation: .......................... 0.001 s    
|  |- Refinement: ............................... 0.000 s    
|  |  `- Allocation: ............................ 0.000 s    
|  |- Coarsening: ............................... 0.588 s    
|  |  |- Level (0): ............................. 0.172 s    
|  |  |  |- Label Propagation: .................. 0.026 s    
|  |  |  |  |- Allocation: ...................... 0.000 s    
|  |  |  |  |- Iteration (0): ................... 0.019 s    
|  |  |  |  |  `- First phase: .................. 0.017 s    
|  |  |  |  |- Iteration (1): ................... 0.000 s    
|  |  |  |  |  `- First phase: .................. 0.000 s    
|  |  |  |  |- Handle isolated nodes: ........... 0.000 s    
|  |  |  |  |- Handle two-hop nodes: ............ 0.000 s    
|  |  |  |  `- Free: ............................ 0.005 s    
|  |  |  `- Contract graph: ..................... 0.145 s    
|  |  |     |- Allocation: ...................... 0.000 s (3)
|  |  |     |- Preprocessing: ................... 0.007 s (3)
|  |  |     |- Deallocation: .................... 0.000 s    
|  |  |     `- Construct coarse graph: .......... 0.135 s    
|  |  |        |- Aggregate coarse edges: ....... 0.128 s    
|  |  |        |  |- First phase: ............... 0.100 s    
|  |  |        |  `- Second phase: .............. 0.018 s    
|  |  |        `- Remap coarse edges and mapping: 0.006 s    
|  |  |- Level (1): ............................. 0.415 s    
|  |  |  |- Label Propagation: .................. 0.299 s    
|  |  |  |  |- Allocation: ...................... 0.000 s    
|  |  |  |  |- Iteration (0): ................... 0.298 s    
|  |  |  |  |  |- First phase: .................. 0.289 s    
|  |  |  |  |  `- Second phase: ................. 0.009 s    
|  |  |  |  |- Iteration (1): ................... 0.000 s    
|  |  |  |  |  `- First phase: .................. 0.000 s    
|  |  |  |  |- Handle isolated nodes: ........... 0.000 s    
|  |  |  |  `- Handle two-hop nodes: ............ 0.000 s    
|  |  |  `- Contract graph: ..................... 0.116 s    
|  |  |     |- Allocation: ...................... 0.000 s (3)
|  |  |     |- Preprocessing: ................... 0.003 s (3)
|  |  |     |- Deallocation: .................... 0.000 s    
|  |  |     `- Construct coarse graph: .......... 0.112 s    
|  |  |        |- Aggregate coarse edges: ....... 0.110 s    
|  |  |        |  |- First phase: ............... 0.031 s    
|  |  |        |  `- Second phase: .............. 0.078 s    
|  |  |        `- Remap coarse edges and mapping: 0.001 s    
|  |  `- Deallocation: .......................... 0.000 s    
|  |- Initial partitioning scheme: .............. 0.486 s    
|  |- Uncoarsening: ............................. 0.126 s    
|  |  |- Level (1): ............................. 0.060 s    
|  |  |  |- Allocation: ......................... 0.000 s    
|  |  |  |- Project partition: .................. 0.000 s    
|  |  |  |- Create graph: ....................... 0.000 s    
|  |  |  `- Refinement: ......................... 0.058 s    
|  |  |     |- Greedy Balancer: ................. 0.000 s    
|  |  |     `- Label Propagation: ............... 0.058 s    
|  |  |        |- Allocation: ................... 0.000 s    
|  |  |        |- Iteration (0): ................ 0.021 s    
|  |  |        |- Iteration (1): ................ 0.012 s    
|  |  |        |- Iteration (2): ................ 0.008 s    
|  |  |        |- Iteration (3): ................ 0.007 s    
|  |  |        `- Iteration (4): ................ 0.007 s    
|  |  `- Level (0): ............................. 0.065 s    
|  |     |- Allocation: ......................... 0.000 s    
|  |     |- Project partition: .................. 0.000 s    
|  |     |- Create graph: ....................... 0.000 s    
|  |     `- Refinement: ......................... 0.062 s    
|  |        |- Greedy Balancer: ................. 0.000 s    
|  |        `- Label Propagation: ............... 0.062 s    
|  |           |- Iteration (0): ................ 0.030 s    
|  |           |- Iteration (1): ................ 0.010 s    
|  |           |- Iteration (2): ................ 0.007 s    
|  |           |- Iteration (3): ................ 0.007 s    
|  |           `- Iteration (4): ................ 0.006 s    
|  |- Deallocation: ............................. 0.001 s    
|  `- Re-integrate isolated nodes: .............. 0.001 s    
`- IO: .......................................... 0.000 s    

Partition summary:
  Number of blocks: 16
  Edge cut:         19306855
  Imbalance:        0.0299988
  Feasible:         yes

Block weights:
  w(0 ) = 33751    w(1 ) = 33751    w(2 ) = 33751    w(3 ) = 33751  
  w(4 ) = 33751    w(5 ) = 33751    w(6 ) = 33751    w(7 ) = 33751  
  w(8 ) = 33751    w(9 ) = 33751    w(10) = 33751    w(11) = 33751  
  w(12) = 33751    w(13) = 33751    w(14) = 33751    w(15) = 18023  

Maximum resident set size: 1822804 KiB
