################################################################################
#                _  __       __  __  _         ____                            #
#               | |/ / __ _ |  \/  |(_) _ __  |  _ \  __ _  _ __               #
#               | ' / / _` || |\/| || || '_ \ | |_) |/ _` || '__|              #
#               | . \| (_| || |  | || || | | ||  __/| (_| || |                 #
#               |_|\_\\__,_||_|  |_||_||_| |_||_|    \__,_||_|                 #
#                                                                              #
################################################################################
Current commit hash:          99c62314d27845b3825829ec1e3e97256490627d
Assertion level:              always+light
Statistics:                   disabled
Built on:                     liskov
Data type sizes:
  Nodes IDs: 4 bytes | Node weights: 4 bytes
  Edges IDs: 4 bytes | Edge weights: 4 bytes
############################################################## Input Summary ###
Execution mode:               64
Seed:                         1
Graph:                        kron_g500-simple-logn20 [node ordering: deg-buckets] [edge ordering: natural]
  Number of nodes:             1048576 (unweighted)
  Number of edges:            89238804 (unweighted)
Number of blocks:             16
Maximum block weight:         67502 (65536 + 3% / 3%)
---------------------------------------------------------- Graph Compression ---
Enabled:                      no
-------------------------------------------------------- Partitioning Scheme ---
Partitioning mode:            deep
  Deep initial part. mode:    async-parallel
  Deep initial part. load:    1
Subgraph memory:              Lazy
----------------------------------------------------------------- Coarsening ---
Contraction limit:            2000
Coarsening algorithm:         clustering
  Cluster weight limit:       epsilon-block-weight x 1
  Shrink factor:              2.5
  Max mem-free level:         1
  Clustering algorithm:       lp
    Number of iterations:     5
    High degree threshold:    4294967295
    Max degree:               4294967295
    Tie breaking strategy:    uniform
    Implementation:           two-phase
      Relabel:                no
    2-hop clustering:         match-threadwise, if |Vcoarse| > 0.500000 * |V|
    Isolated nodes:           match-during-two-hop
  Forced hierarchy levels:    <none> (leeway: U=10.000000, L=1.100000)
Contraction algorithm:        unbuffered
  Implementation:             two-phase
------------------------------------------------------- Initial Partitioning ---
Adaptive algorithm selection: yes
----------------------------------------------------------------- Refinement ---
Refinement algorithms:        [greedy-balancer -> lp]
Label propagation:
  Number of iterations:       5
  Tie breaking strategy:      uniform
  Implementation:             single-phase
############################################################## Preprocessing ###
Removed 253335 isolated nodes
  Remaining nodes:             795241
  Remaining total node weight: 795241
############################################################### Partitioning ###
Input graph:
 Number of nodes: 795241 | Number of edges: 89238804
 Maximum node weight: 1

Coarsening -> Level 1 [max cluster weight: 17798]:
 Total edge weight:   88227082
 Number of nodes:     289463 | Number of edges: 87087986
 Maximum node weight: 2833

Coarsening -> Level 2 [max cluster weight: 17798]:
 Total edge weight:   86592140
 Number of nodes:     112896 | Number of edges: 18425124
 Maximum node weight: 17798

==> Coarsening terminated with less than 128000 nodes

Initial partitioning:
 Number of blocks: 16

Uncoarsening -> Level 1
 Number of nodes: 289463 | Number of edges: 87087986
  Running refinement on 16 blocks
   1. Greedy Balancer
   2. Label Propagation

Uncoarsening -> Level 0
 Number of nodes: 795241 | Number of edges: 89238804
  Running refinement on 16 blocks
   1. Greedy Balancer
   2. Label Propagation
############################################################# Result Summary ###
RESULT cut=39380366 imbalance=0.0299988 feasible=1 k=16
TIME read_input_graph=0.752 partitioning=2.065 partitioning.rearrange_by_degree-buckets=0.056 partitioning.rearrange_by_degree-buckets.sort_nodes_by_integer_buckets=0.010 partitioning.rearrange_by_degree-buckets.rearrange_input_graph=0.039 partitioning.rearrange_by_degree-buckets.deallocation=0.001 partitioning.refinement=0.000 partitioning.refinement.allocation=0.000 partitioning.coarsening=1.102 partitioning.coarsening.level[0]=0.348 partitioning.coarsening.level[0].label_propagation=0.048 partitioning.coarsening.level[0].label_propagation.allocation=0.006 partitioning.coarsening.level[0].label_propagation.iteration[0]=0.035 partitioning.coarsening.level[0].label_propagation.iteration[0].first_phase=0.033 partitioning.coarsening.level[0].label_propagation.iteration[1]=0.000 partitioning.coarsening.level[0].label_propagation.iteration[1].first_phase=0.000 partitioning.coarsening.level[0].label_propagation.handle_isolated_nodes=0.000 partitioning.coarsening.level[0].label_propagation.handle_two-hop_nodes=0.000 partitioning.coarsening.level[0].label_propagation.free=0.005 partitioning.coarsening.level[0].contract_graph=0.299 partitioning.coarsening.level[0].contract_graph.allocation=0.000 partitioning.coarsening.level[0].contract_graph.preprocessing=0.012 partitioning.coarsening.level[0].contract_graph.deallocation=0.000 partitioning.coarsening.level[0].contract_graph.construct_coarse_graph=0.282 partitioning.coarsening.level[0].contract_graph.construct_coarse_graph.aggregate_coarse_edges=0.268 partitioning.coarsening.level[0].contract_graph.construct_coarse_graph.aggregate_coarse_edges.first_phase=0.161 partitioning.coarsening.level[0].contract_graph.construct_coarse_graph.aggregate_coarse_edges.second_phase=0.095 partitioning.coarsening.level[0].contract_graph.construct_coarse_graph.remap_coarse_edges_and_mapping=0.013 partitioning.coarsening.level[1]=0.754 partitioning.coarsening.level[1].label_propagation=0.570 partitioning.coarsening.level[1].label_propagation.allocation=0.000 partitioning.coarsening.level[1].label_propagation.iteration[0]=0.569 partitioning.coarsening.level[1].label_propagation.iteration[0].first_phase=0.532 partitioning.coarsening.level[1].label_propagation.iteration[0].second_phase=0.036 partitioning.coarsening.level[1].label_propagation.iteration[1]=0.000 partitioning.coarsening.level[1].label_propagation.iteration[1].first_phase=0.000 partitioning.coarsening.level[1].label_propagation.handle_isolated_nodes=0.000 partitioning.coarsening.level[1].label_propagation.handle_two-hop_nodes=0.000 partitioning.coarsening.level[1].contract_graph=0.183 partitioning.coarsening.level[1].contract_graph.allocation=0.000 partitioning.coarsening.level[1].contract_graph.preprocessing=0.003 partitioning.coarsening.level[1].contract_graph.deallocation=0.000 partitioning.coarsening.level[1].contract_graph.construct_coarse_graph=0.178 partitioning.coarsening.level[1].contract_graph.construct_coarse_graph.aggregate_coarse_edges=0.175 partitioning.coarsening.level[1].contract_graph.construct_coarse_graph.aggregate_coarse_edges.first_phase=0.040 partitioning.coarsening.level[1].contract_graph.construct_coarse_graph.aggregate_coarse_edges.second_phase=0.135 partitioning.coarsening.level[1].contract_graph.construct_coarse_graph.remap_coarse_edges_and_mapping=0.002 partitioning.coarsening.deallocation=0.000 partitioning.initial_partitioning_scheme=0.650 partitioning.uncoarsening=0.251 partitioning.uncoarsening.level[1]=0.117 partitioning.uncoarsening.level[1].allocation=0.000 partitioning.uncoarsening.level[1].project_partition=0.000 partitioning.uncoarsening.level[1].create_graph=0.000 partitioning.uncoarsening.level[1].refinement=0.114 partitioning.uncoarsening.level[1].refinement.greedy_balancer=0.000 partitioning.uncoarsening.level[1].refinement.label_propagation=0.114 partitioning.uncoarsening.level[1].refinement.label_propagation.allocation=0.000 partitioning.uncoarsening.level[1].refinement.label_propagation.iteration[0]=0.041 partitioning.uncoarsening.level[1].refinement.label_propagation.iteration[1]=0.022 partitioning.uncoarsening.level[1].refinement.label_propagation.iteration[2]=0.017 partitioning.uncoarsening.level[1].refinement.label_propagation.iteration[3]=0.016 partitioning.uncoarsening.level[1].refinement.label_propagation.iteration[4]=0.015 partitioning.uncoarsening.level[0]=0.134 partitioning.uncoarsening.level[0].allocation=0.000 partitioning.uncoarsening.level[0].project_partition=0.000 partitioning.uncoarsening.level[0].create_graph=0.000 partitioning.uncoarsening.level[0].refinement=0.129 partitioning.uncoarsening.level[0].refinement.greedy_balancer=0.000 partitioning.uncoarsening.level[0].refinement.label_propagation=0.129 partitioning.uncoarsening.level[0].refinement.label_propagation.iteration[0]=0.059 partitioning.uncoarsening.level[0].refinement.label_propagation.iteration[1]=0.022 partitioning.uncoarsening.level[0].refinement.label_propagation.iteration[2]=0.017 partitioning.uncoarsening.level[0].refinement.label_propagation.iteration[3]=0.016 partitioning.uncoarsening.level[0].refinement.label_propagation.iteration[4]=0.014 partitioning.deallocation=0.001 partitioning.re-integrate_isolated_nodes=0.002 io=0.000 
MEMORY disabled

Global Timer: ................................... 2.821 s    
|- Read input graph: ............................ 0.752 s    
|- Partitioning: ................................ 2.065 s    
|  |- Rearrange by degree-buckets: .............. 0.056 s    
|  |  |- Sort nodes by integer buckets: ......... 0.010 s    
|  |  |- Rearrange input graph: ................. 0.039 s    
|  |  `- Deallocation: .......................... 0.001 s    
|  |- Refinement: ............................... 0.000 s    
|  |  `- Allocation: ............................ 0.000 s    
|  |- Coarsening: ............................... 1.102 s    
|  |  |- Level (0): ............................. 0.348 s    
|  |  |  |- Label Propagation: .................. 0.048 s    
|  |  |  |  |- Allocation: ...................... 0.006 s    
|  |  |  |  |- Iteration (0): ................... 0.035 s    
|  |  |  |  |  `- First phase: .................. 0.033 s    
|  |  |  |  |- Iteration (1): ................... 0.000 s    
|  |  |  |  |  `- First phase: .................. 0.000 s    
|  |  |  |  |- Handle isolated nodes: ........... 0.000 s    
|  |  |  |  |- Handle two-hop nodes: ............ 0.000 s    
|  |  |  |  `- Free: ............................ 0.005 s    
|  |  |  `- Contract graph: ..................... 0.299 s    
|  |  |     |- Allocation: ...................... 0.000 s (3)
|  |  |     |- Preprocessing: ................... 0.012 s (3)
|  |  |     |- Deallocation: .................... 0.000 s    
|  |  |     `- Construct coarse graph: .......... 0.282 s    
|  |  |        |- Aggregate coarse edges: ....... 0.268 s    
|  |  |        |  |- First phase: ............... 0.161 s    
|  |  |        |  `- Second phase: .............. 0.095 s    
|  |  |        `- Remap coarse edges and mapping: 0.013 s    
|  |  |- Level (1): ............................. 0.754 s    
|  |  |  |- Label Propagation: .................. 0.570 s    
|  |  |  |  |- Allocation: ...................... 0.000 s    
|  |  |  |  |- Iteration (0): ................... 0.569 s    
|  |  |  |  |  |- First phase: .................. 0.532 s    
|  |  |  |  |  `- Second phase: ................. 0.036 s    
|  |  |  |  |- Iteration (1): ................... 0.000 s    
|  |  |  |  |  `- First phase: .................. 0.000 s    
|  |  |  |  |- Handle isolated nodes: ........... 0.000 s    
|  |  |  |  `- Handle two-hop nodes: ............ 0.000 s    
|  |  |  `- Contract graph: ..................... 0.183 s    
|  |  |     |- Allocation: ...................... 0.000 s (3)
|  |  |     |- Preprocessing: ................... 0.003 s (3)
|  |  |     |- Deallocation: .................... 0.000 s    
|  |  |     `- Construct coarse graph: .......... 0.178 s    
|  |  |        |- Aggregate coarse edges: ....... 0.175 s    
|  |  |        |  |- First phase: ............... 0.040 s    
|  |  |        |  `- Second phase: .............. 0.135 s    
|  |  |        `- Remap coarse edges and mapping: 0.002 s    
|  |  `- Deallocation: .......................... 0.000 s    
|  |- Initial partitioning scheme: .............. 0.650 s    
|  |- Uncoarsening: ............................. 0.251 s    
|  |  |- Level (1): ............................. 0.117 s    
|  |  |  |- Allocation: ......................... 0.000 s    
|  |  |  |- Project partition: .................. 0.000 s    
|  |  |  |- Create graph: ....................... 0.000 s    
|  |  |  `- Refinement: ......................... 0.114 s    
|  |  |     |- Greedy Balancer: ................. 0.000 s    
|  |  |     `- Label Propagation: ............... 0.114 s    
|  |  |        |- Allocation: ................... 0.000 s    
|  |  |        |- Iteration (0): ................ 0.041 s    
|  |  |        |- Iteration (1): ................ 0.022 s    
|  |  |        |- Iteration (2): ................ 0.017 s    
|  |  |        |- Iteration (3): ................ 0.016 s    
|  |  |        `- Iteration (4): ................ 0.015 s    
|  |  `- Level (0): ............................. 0.134 s    
|  |     |- Allocation: ......................... 0.000 s    
|  |     |- Project partition: .................. 0.000 s    
|  |     |- Create graph: ....................... 0.000 s    
|  |     `- Refinement: ......................... 0.129 s    
|  |        |- Greedy Balancer: ................. 0.000 s    
|  |        `- Label Propagation: ............... 0.129 s    
|  |           |- Iteration (0): ................ 0.059 s    
|  |           |- Iteration (1): ................ 0.022 s    
|  |           |- Iteration (2): ................ 0.017 s    
|  |           |- Iteration (3): ................ 0.016 s    
|  |           `- Iteration (4): ................ 0.014 s    
|  |- Deallocation: ............................. 0.001 s    
|  `- Re-integrate isolated nodes: .............. 0.002 s    
`- IO: .......................................... 0.000 s    

Partition summary:
  Number of blocks: 16
  Edge cut:         39380366
  Imbalance:        0.0299988
  Feasible:         yes

Block weights:
  w(0 ) = 67502     w(1 ) = 67502     w(2 ) = 67502     w(3 ) = 67502   
  w(4 ) = 67502     w(5 ) = 67502     w(6 ) = 67502     w(7 ) = 67502   
  w(8 ) = 67502     w(9 ) = 36047     w(10) = 67502     w(11) = 67502   
  w(12) = 67502     w(13) = 67501     w(14) = 67502     w(15) = 67502   

Maximum resident set size: 2344572 KiB
