################################################################################
#                _  __       __  __  _         ____                            #
#               | |/ / __ _ |  \/  |(_) _ __  |  _ \  __ _  _ __               #
#               | ' / / _` || |\/| || || '_ \ | |_) |/ _` || '__|              #
#               | . \| (_| || |  | || || | | ||  __/| (_| || |                 #
#               |_|\_\\__,_||_|  |_||_||_| |_||_|    \__,_||_|                 #
#                                                                              #
################################################################################
Current commit hash:          99c62314d27845b3825829ec1e3e97256490627d
Assertion level:              always+light
Statistics:                   disabled
Built on:                     liskov
Data type sizes:
  Nodes IDs: 4 bytes | Node weights: 4 bytes
  Edges IDs: 4 bytes | Edge weights: 4 bytes
############################################################## Input Summary ###
Execution mode:               64
Seed:                         1
Graph:                        mycielskian19 [node ordering: deg-buckets] [edge ordering: natural]
  Number of nodes:               393215 (unweighted)
  Number of edges:            903194710 (unweighted)
Number of blocks:             16
Maximum block weight:         25313 (24576 + 3% / 3%)
---------------------------------------------------------- Graph Compression ---
Enabled:                      no
-------------------------------------------------------- Partitioning Scheme ---
Partitioning mode:            deep
  Deep initial part. mode:    async-parallel
  Deep initial part. load:    1
Subgraph memory:              Lazy
----------------------------------------------------------------- Coarsening ---
Contraction limit:            2000
Coarsening algorithm:         clustering
  Cluster weight limit:       epsilon-block-weight x 1
  Shrink factor:              2.5
  Max mem-free level:         1
  Clustering algorithm:       lp
    Number of iterations:     5
    High degree threshold:    4294967295
    Max degree:               4294967295
    Tie breaking strategy:    uniform
    Implementation:           two-phase
      Relabel:                no
    2-hop clustering:         match-threadwise, if |Vcoarse| > 0.500000 * |V|
    Isolated nodes:           match-during-two-hop
  Forced hierarchy levels:    <none> (leeway: U=10.000000, L=1.100000)
Contraction algorithm:        unbuffered
  Implementation:             two-phase
------------------------------------------------------- Initial Partitioning ---
Adaptive algorithm selection: yes
----------------------------------------------------------------- Refinement ---
Refinement algorithms:        [greedy-balancer -> lp]
Label propagation:
  Number of iterations:       5
  Tie breaking strategy:      uniform
  Implementation:             single-phase
############################################################## Preprocessing ###
Removed 0 isolated nodes
  Remaining nodes:             393215
  Remaining total node weight: 393215
############################################################### Partitioning ###
Input graph:
 Number of nodes: 393215 | Number of edges: 903194710
 Maximum node weight: 1

Coarsening -> Level 1 [max cluster weight: 737]:
 Total edge weight:   902514962
 Number of nodes:     155973 | Number of edges: 743722572
 Maximum node weight: 738

Coarsening -> Level 2 [max cluster weight: 737]:
 Total edge weight:   898728472
 Number of nodes:     56478 | Number of edges: 128745390
 Maximum node weight: 738

==> Coarsening terminated with less than 128000 nodes

Initial partitioning:
 Number of blocks: 16

Uncoarsening -> Level 1
 Number of nodes: 155973 | Number of edges: 743722572
  Running refinement on 16 blocks
   1. Greedy Balancer
   2. Label Propagation

Uncoarsening -> Level 0
 Number of nodes: 393215 | Number of edges: 903194710
  Running refinement on 16 blocks
   1. Greedy Balancer
   2. Label Propagation
############################################################# Result Summary ###
RESULT cut=393396244 imbalance=0.0299886 feasible=1 k=16
TIME read_input_graph=6.933 partitioning=10.066 partitioning.rearrange_by_degree-buckets=0.109 partitioning.rearrange_by_degree-buckets.sort_nodes_by_integer_buckets=0.006 partitioning.rearrange_by_degree-buckets.rearrange_input_graph=0.083 partitioning.rearrange_by_degree-buckets.deallocation=0.015 partitioning.refinement=0.000 partitioning.refinement.allocation=0.000 partitioning.coarsening=5.193 partitioning.coarsening.level[0]=2.949 partitioning.coarsening.level[0].label_propagation=0.149 partitioning.coarsening.level[0].label_propagation.allocation=0.000 partitioning.coarsening.level[0].label_propagation.iteration[0]=0.141 partitioning.coarsening.level[0].label_propagation.iteration[0].first_phase=0.138 partitioning.coarsening.level[0].label_propagation.iteration[1]=0.000 partitioning.coarsening.level[0].label_propagation.iteration[1].first_phase=0.000 partitioning.coarsening.level[0].label_propagation.handle_isolated_nodes=0.000 partitioning.coarsening.level[0].label_propagation.handle_two-hop_nodes=0.000 partitioning.coarsening.level[0].label_propagation.free=0.006 partitioning.coarsening.level[0].contract_graph=2.800 partitioning.coarsening.level[0].contract_graph.allocation=0.000 partitioning.coarsening.level[0].contract_graph.preprocessing=0.011 partitioning.coarsening.level[0].contract_graph.deallocation=0.000 partitioning.coarsening.level[0].contract_graph.construct_coarse_graph=2.767 partitioning.coarsening.level[0].contract_graph.construct_coarse_graph.aggregate_coarse_edges=2.658 partitioning.coarsening.level[0].contract_graph.construct_coarse_graph.aggregate_coarse_edges.first_phase=1.114 partitioning.coarsening.level[0].contract_graph.construct_coarse_graph.aggregate_coarse_edges.second_phase=1.537 partitioning.coarsening.level[0].contract_graph.construct_coarse_graph.remap_coarse_edges_and_mapping=0.108 partitioning.coarsening.level[1]=2.243 partitioning.coarsening.level[1].label_propagation=1.484 partitioning.coarsening.level[1].label_propagation.allocation=0.000 partitioning.coarsening.level[1].label_propagation.iteration[0]=1.484 partitioning.coarsening.level[1].label_propagation.iteration[0].first_phase=0.334 partitioning.coarsening.level[1].label_propagation.iteration[0].second_phase=1.149 partitioning.coarsening.level[1].label_propagation.iteration[1]=0.000 partitioning.coarsening.level[1].label_propagation.iteration[1].first_phase=0.000 partitioning.coarsening.level[1].label_propagation.handle_isolated_nodes=0.000 partitioning.coarsening.level[1].label_propagation.handle_two-hop_nodes=0.000 partitioning.coarsening.level[1].contract_graph=0.758 partitioning.coarsening.level[1].contract_graph.allocation=0.000 partitioning.coarsening.level[1].contract_graph.preprocessing=0.004 partitioning.coarsening.level[1].contract_graph.deallocation=0.000 partitioning.coarsening.level[1].contract_graph.construct_coarse_graph=0.750 partitioning.coarsening.level[1].contract_graph.construct_coarse_graph.aggregate_coarse_edges=0.730 partitioning.coarsening.level[1].contract_graph.construct_coarse_graph.aggregate_coarse_edges.first_phase=0.222 partitioning.coarsening.level[1].contract_graph.construct_coarse_graph.aggregate_coarse_edges.second_phase=0.508 partitioning.coarsening.level[1].contract_graph.construct_coarse_graph.remap_coarse_edges_and_mapping=0.019 partitioning.coarsening.deallocation=0.000 partitioning.initial_partitioning_scheme=3.377 partitioning.uncoarsening=1.375 partitioning.uncoarsening.level[1]=0.640 partitioning.uncoarsening.level[1].allocation=0.000 partitioning.uncoarsening.level[1].project_partition=0.000 partitioning.uncoarsening.level[1].create_graph=0.000 partitioning.uncoarsening.level[1].refinement=0.633 partitioning.uncoarsening.level[1].refinement.greedy_balancer=0.000 partitioning.uncoarsening.level[1].refinement.label_propagation=0.633 partitioning.uncoarsening.level[1].refinement.label_propagation.allocation=0.000 partitioning.uncoarsening.level[1].refinement.label_propagation.iteration[0]=0.134 partitioning.uncoarsening.level[1].refinement.label_propagation.iteration[1]=0.125 partitioning.uncoarsening.level[1].refinement.label_propagation.iteration[2]=0.125 partitioning.uncoarsening.level[1].refinement.label_propagation.iteration[3]=0.123 partitioning.uncoarsening.level[1].refinement.label_propagation.iteration[4]=0.123 partitioning.uncoarsening.level[0]=0.735 partitioning.uncoarsening.level[0].allocation=0.000 partitioning.uncoarsening.level[0].project_partition=0.000 partitioning.uncoarsening.level[0].create_graph=0.000 partitioning.uncoarsening.level[0].refinement=0.709 partitioning.uncoarsening.level[0].refinement.greedy_balancer=0.096 partitioning.uncoarsening.level[0].refinement.greedy_balancer.allocation=0.000 partitioning.uncoarsening.level[0].refinement.greedy_balancer.initialize_balancer_pq=0.096 partitioning.uncoarsening.level[0].refinement.greedy_balancer.initialize_balancer_pq.thread-local=0.095 partitioning.uncoarsening.level[0].refinement.greedy_balancer.initialize_balancer_pq.merge_thread-local_pqs=0.000 partitioning.uncoarsening.level[0].refinement.greedy_balancer.main_loop=0.000 partitioning.uncoarsening.level[0].refinement.label_propagation=0.612 partitioning.uncoarsening.level[0].refinement.label_propagation.iteration[0]=0.195 partitioning.uncoarsening.level[0].refinement.label_propagation.iteration[1]=0.105 partitioning.uncoarsening.level[0].refinement.label_propagation.iteration[2]=0.104 partitioning.uncoarsening.level[0].refinement.label_propagation.iteration[3]=0.103 partitioning.uncoarsening.level[0].refinement.label_propagation.iteration[4]=0.103 partitioning.deallocation=0.009 partitioning.re-integrate_isolated_nodes=0.000 io=0.000 
MEMORY disabled

Global Timer: ................................... 17.001 s    
|- Read input graph: ............................ 6.933 s     
|- Partitioning: ................................ 10.066 s    
|  |- Rearrange by degree-buckets: .............. 0.109 s     
|  |  |- Sort nodes by integer buckets: ......... 0.006 s     
|  |  |- Rearrange input graph: ................. 0.083 s     
|  |  `- Deallocation: .......................... 0.015 s     
|  |- Refinement: ............................... 0.000 s     
|  |  `- Allocation: ............................ 0.000 s     
|  |- Coarsening: ............................... 5.193 s     
|  |  |- Level (0): ............................. 2.949 s     
|  |  |  |- Label Propagation: .................. 0.149 s     
|  |  |  |  |- Allocation: ...................... 0.000 s     
|  |  |  |  |- Iteration (0): ................... 0.141 s     
|  |  |  |  |  `- First phase: .................. 0.138 s     
|  |  |  |  |- Iteration (1): ................... 0.000 s     
|  |  |  |  |  `- First phase: .................. 0.000 s     
|  |  |  |  |- Handle isolated nodes: ........... 0.000 s     
|  |  |  |  |- Handle two-hop nodes: ............ 0.000 s     
|  |  |  |  `- Free: ............................ 0.006 s     
|  |  |  `- Contract graph: ..................... 2.800 s     
|  |  |     |- Allocation: ...................... 0.000 s  (3)
|  |  |     |- Preprocessing: ................... 0.011 s  (3)
|  |  |     |- Deallocation: .................... 0.000 s     
|  |  |     `- Construct coarse graph: .......... 2.767 s     
|  |  |        |- Aggregate coarse edges: ....... 2.658 s     
|  |  |        |  |- First phase: ............... 1.114 s     
|  |  |        |  `- Second phase: .............. 1.537 s     
|  |  |        `- Remap coarse edges and mapping: 0.108 s     
|  |  |- Level (1): ............................. 2.243 s     
|  |  |  |- Label Propagation: .................. 1.484 s     
|  |  |  |  |- Allocation: ...................... 0.000 s     
|  |  |  |  |- Iteration (0): ................... 1.484 s     
|  |  |  |  |  |- First phase: .................. 0.334 s     
|  |  |  |  |  `- Second phase: ................. 1.149 s     
|  |  |  |  |- Iteration (1): ................... 0.000 s     
|  |  |  |  |  `- First phase: .................. 0.000 s     
|  |  |  |  |- Handle isolated nodes: ........... 0.000 s     
|  |  |  |  `- Handle two-hop nodes: ............ 0.000 s     
|  |  |  `- Contract graph: ..................... 0.758 s     
|  |  |     |- Allocation: ...................... 0.000 s  (3)
|  |  |     |- Preprocessing: ................... 0.004 s  (3)
|  |  |     |- Deallocation: .................... 0.000 s     
|  |  |     `- Construct coarse graph: .......... 0.750 s     
|  |  |        |- Aggregate coarse edges: ....... 0.730 s     
|  |  |        |  |- First phase: ............... 0.222 s     
|  |  |        |  `- Second phase: .............. 0.508 s     
|  |  |        `- Remap coarse edges and mapping: 0.019 s     
|  |  `- Deallocation: .......................... 0.000 s     
|  |- Initial partitioning scheme: .............. 3.377 s     
|  |- Uncoarsening: ............................. 1.375 s     
|  |  |- Level (1): ............................. 0.640 s     
|  |  |  |- Allocation: ......................... 0.000 s     
|  |  |  |- Project partition: .................. 0.000 s     
|  |  |  |- Create graph: ....................... 0.000 s     
|  |  |  `- Refinement: ......................... 0.633 s     
|  |  |     |- Greedy Balancer: ................. 0.000 s     
|  |  |     `- Label Propagation: ............... 0.633 s     
|  |  |        |- Allocation: ................... 0.000 s     
|  |  |        |- Iteration (0): ................ 0.134 s     
|  |  |        |- Iteration (1): ................ 0.125 s     
|  |  |        |- Iteration (2): ................ 0.125 s     
|  |  |        |- Iteration (3): ................ 0.123 s     
|  |  |        `- Iteration (4): ................ 0.123 s     
|  |  `- Level (0): ............................. 0.735 s     
|  |     |- Allocation: ......................... 0.000 s     
|  |     |- Project partition: .................. 0.000 s     
|  |     |- Create graph: ....................... 0.000 s     
|  |     `- Refinement: ......................... 0.709 s     
|  |        |- Greedy Balancer: ................. 0.096 s     
|  |        |  |- Allocation: ................... 0.000 s     
|  |        |  |- Initialize balancer PQ: ....... 0.096 s     
|  |        |  |  |- Thread-local: .............. 0.095 s     
|  |        |  |  `- Merge thread-local PQs: .... 0.000 s     
|  |        |  `- Main loop: .................... 0.000 s     
|  |        `- Label Propagation: ............... 0.612 s     
|  |           |- Iteration (0): ................ 0.195 s     
|  |           |- Iteration (1): ................ 0.105 s     
|  |           |- Iteration (2): ................ 0.104 s     
|  |           |- Iteration (3): ................ 0.103 s     
|  |           `- Iteration (4): ................ 0.103 s     
|  |- Deallocation: ............................. 0.009 s     
|  `- Re-integrate isolated nodes: .............. 0.000 s     
`- IO: .......................................... 0.000 s     

Partition summary:
  Number of blocks: 16
  Edge cut:         393396244
  Imbalance:        0.0299886
  Feasible:         yes

Block weights:
  w(0 ) = 25313    w(1 ) = 25313    w(2 ) = 25312    w(3 ) = 25313  
  w(4 ) = 25313    w(5 ) = 25313    w(6 ) = 25313    w(7 ) = 25313  
  w(8 ) = 25313    w(9 ) = 25313    w(10) = 25313    w(11) = 25313  
  w(12) = 25313    w(13) = 25313    w(14) = 13521    w(15) = 25313  

Maximum resident set size: 12712540 KiB
