################################################################################
#                _  __       __  __  _         ____                            #
#               | |/ / __ _ |  \/  |(_) _ __  |  _ \  __ _  _ __               #
#               | ' / / _` || |\/| || || '_ \ | |_) |/ _` || '__|              #
#               | . \| (_| || |  | || || | | ||  __/| (_| || |                 #
#               |_|\_\\__,_||_|  |_||_||_| |_||_|    \__,_||_|                 #
#                                                                              #
################################################################################
Current commit hash:          99c62314d27845b3825829ec1e3e97256490627d
Assertion level:              always+light
Statistics:                   disabled
Built on:                     liskov
Data type sizes:
  Nodes IDs: 4 bytes | Node weights: 4 bytes
  Edges IDs: 4 bytes | Edge weights: 4 bytes
############################################################## Input Summary ###
Execution mode:               64
Seed:                         1
Graph:                        recomp_dna1GB_9 [node ordering: deg-buckets] [edge ordering: natural]
  Number of nodes:             3233125 (unweighted)
  Number of edges:            50570172 (total weight: 116993646)
Number of blocks:             16
Maximum block weight:         208133 (202071 + 3% / 3%)
---------------------------------------------------------- Graph Compression ---
Enabled:                      no
-------------------------------------------------------- Partitioning Scheme ---
Partitioning mode:            deep
  Deep initial part. mode:    async-parallel
  Deep initial part. load:    1
Subgraph memory:              Lazy
----------------------------------------------------------------- Coarsening ---
Contraction limit:            2000
Coarsening algorithm:         clustering
  Cluster weight limit:       epsilon-block-weight x 1
  Shrink factor:              2.5
  Max mem-free level:         1
  Clustering algorithm:       lp
    Number of iterations:     5
    High degree threshold:    4294967295
    Max degree:               4294967295
    Tie breaking strategy:    uniform
    Implementation:           two-phase
      Relabel:                no
    2-hop clustering:         match-threadwise, if |Vcoarse| > 0.500000 * |V|
    Isolated nodes:           match-during-two-hop
  Forced hierarchy levels:    <none> (leeway: U=10.000000, L=1.100000)
Contraction algorithm:        unbuffered
  Implementation:             two-phase
------------------------------------------------------- Initial Partitioning ---
Adaptive algorithm selection: yes
----------------------------------------------------------------- Refinement ---
Refinement algorithms:        [greedy-balancer -> lp]
Label propagation:
  Number of iterations:       5
  Tie breaking strategy:      uniform
  Implementation:             single-phase
############################################################## Preprocessing ###
Removed 0 isolated nodes
  Remaining nodes:             3233125
  Remaining total node weight: 3233125
############################################################### Partitioning ###
Input graph:
 Number of nodes: 3233125 | Number of edges: 50570172
 Maximum node weight: 1

Coarsening -> Level 1 [max cluster weight: 6062]:
 Total edge weight:   112779896
 Number of nodes:     1192700 | Number of edges: 44124046
 Maximum node weight: 6065

Coarsening -> Level 2 [max cluster weight: 6062]:
 Total edge weight:   108748074
 Number of nodes:     451827 | Number of edges: 21046452
 Maximum node weight: 6065

Coarsening -> Level 3 [max cluster weight: 6062]:
 Total edge weight:   107375600
 Number of nodes:     173277 | Number of edges: 5400690
 Maximum node weight: 6065

Coarsening -> Level 4 [max cluster weight: 6062]:
 Total edge weight:   107166188
 Number of nodes:     77061 | Number of edges: 1020780
 Maximum node weight: 6065

==> Coarsening terminated with less than 128000 nodes

Initial partitioning:
 Number of blocks: 16

Uncoarsening -> Level 3
 Number of nodes: 173277 | Number of edges: 5400690
  Running refinement on 16 blocks
   1. Greedy Balancer
   2. Label Propagation

Uncoarsening -> Level 2
 Number of nodes: 451827 | Number of edges: 21046452
  Running refinement on 16 blocks
   1. Greedy Balancer
   2. Label Propagation

Uncoarsening -> Level 1
 Number of nodes: 1192700 | Number of edges: 44124046
  Running refinement on 16 blocks
   1. Greedy Balancer
   2. Label Propagation

Uncoarsening -> Level 0
 Number of nodes: 3233125 | Number of edges: 50570172
  Running refinement on 16 blocks
   1. Greedy Balancer
   2. Label Propagation
############################################################# Result Summary ###
RESULT cut=45892151 imbalance=0.0299994 feasible=1 k=16
TIME read_input_graph=0.650 partitioning=1.511 partitioning.rearrange_by_degree-buckets=0.060 partitioning.rearrange_by_degree-buckets.sort_nodes_by_integer_buckets=0.011 partitioning.rearrange_by_degree-buckets.rearrange_input_graph=0.042 partitioning.rearrange_by_degree-buckets.deallocation=0.002 partitioning.refinement=0.000 partitioning.refinement.allocation=0.000 partitioning.coarsening=0.819 partitioning.coarsening.level[0]=0.395 partitioning.coarsening.level[0].label_propagation=0.059 partitioning.coarsening.level[0].label_propagation.allocation=0.009 partitioning.coarsening.level[0].label_propagation.iteration[0]=0.043 partitioning.coarsening.level[0].label_propagation.iteration[0].first_phase=0.040 partitioning.coarsening.level[0].label_propagation.iteration[1]=0.000 partitioning.coarsening.level[0].label_propagation.iteration[1].first_phase=0.000 partitioning.coarsening.level[0].label_propagation.handle_isolated_nodes=0.000 partitioning.coarsening.level[0].label_propagation.handle_two-hop_nodes=0.000 partitioning.coarsening.level[0].label_propagation.free=0.005 partitioning.coarsening.level[0].contract_graph=0.335 partitioning.coarsening.level[0].contract_graph.allocation=0.000 partitioning.coarsening.level[0].contract_graph.preprocessing=0.042 partitioning.coarsening.level[0].contract_graph.deallocation=0.000 partitioning.coarsening.level[0].contract_graph.construct_coarse_graph=0.290 partitioning.coarsening.level[0].contract_graph.construct_coarse_graph.aggregate_coarse_edges=0.280 partitioning.coarsening.level[0].contract_graph.construct_coarse_graph.aggregate_coarse_edges.first_phase=0.113 partitioning.coarsening.level[0].contract_graph.construct_coarse_graph.aggregate_coarse_edges.second_phase=0.153 partitioning.coarsening.level[0].contract_graph.construct_coarse_graph.remap_coarse_edges_and_mapping=0.008 partitioning.coarsening.level[1]=0.273 partitioning.coarsening.level[1].label_propagation=0.135 partitioning.coarsening.level[1].label_propagation.allocation=0.000 partitioning.coarsening.level[1].label_propagation.iteration[0]=0.134 partitioning.coarsening.level[1].label_propagation.iteration[0].first_phase=0.095 partitioning.coarsening.level[1].label_propagation.iteration[0].second_phase=0.038 partitioning.coarsening.level[1].label_propagation.iteration[1]=0.000 partitioning.coarsening.level[1].label_propagation.iteration[1].first_phase=0.000 partitioning.coarsening.level[1].label_propagation.handle_isolated_nodes=0.000 partitioning.coarsening.level[1].label_propagation.handle_two-hop_nodes=0.000 partitioning.coarsening.level[1].contract_graph=0.137 partitioning.coarsening.level[1].contract_graph.allocation=0.001 partitioning.coarsening.level[1].contract_graph.preprocessing=0.009 partitioning.coarsening.level[1].contract_graph.deallocation=0.000 partitioning.coarsening.level[1].contract_graph.construct_coarse_graph=0.125 partitioning.coarsening.level[1].contract_graph.construct_coarse_graph.aggregate_coarse_edges=0.121 partitioning.coarsening.level[1].contract_graph.construct_coarse_graph.aggregate_coarse_edges.first_phase=0.051 partitioning.coarsening.level[1].contract_graph.construct_coarse_graph.aggregate_coarse_edges.second_phase=0.070 partitioning.coarsening.level[1].contract_graph.construct_coarse_graph.remap_coarse_edges_and_mapping=0.003 partitioning.coarsening.level[2]=0.101 partitioning.coarsening.level[2].label_propagation=0.069 partitioning.coarsening.level[2].label_propagation.iteration[0]=0.069 partitioning.coarsening.level[2].label_propagation.iteration[0].first_phase=0.049 partitioning.coarsening.level[2].label_propagation.iteration[0].second_phase=0.019 partitioning.coarsening.level[2].label_propagation.iteration[1]=0.000 partitioning.coarsening.level[2].label_propagation.iteration[1].first_phase=0.000 partitioning.coarsening.level[2].label_propagation.handle_isolated_nodes=0.000 partitioning.coarsening.level[2].label_propagation.handle_two-hop_nodes=0.000 partitioning.coarsening.level[2].contract_graph=0.031 partitioning.coarsening.level[2].contract_graph.allocation=0.000 partitioning.coarsening.level[2].contract_graph.preprocessing=0.006 partitioning.coarsening.level[2].contract_graph.deallocation=0.000 partitioning.coarsening.level[2].contract_graph.construct_coarse_graph=0.024 partitioning.coarsening.level[2].contract_graph.construct_coarse_graph.aggregate_coarse_edges=0.023 partitioning.coarsening.level[2].contract_graph.construct_coarse_graph.aggregate_coarse_edges.first_phase=0.021 partitioning.coarsening.level[2].contract_graph.construct_coarse_graph.aggregate_coarse_edges.second_phase=0.002 partitioning.coarsening.level[2].contract_graph.construct_coarse_graph.remap_coarse_edges_and_mapping=0.001 partitioning.coarsening.level[3]=0.049 partitioning.coarsening.level[3].label_propagation=0.040 partitioning.coarsening.level[3].label_propagation.iteration[0]=0.017 partitioning.coarsening.level[3].label_propagation.iteration[0].first_phase=0.014 partitioning.coarsening.level[3].label_propagation.iteration[0].second_phase=0.002 partitioning.coarsening.level[3].label_propagation.iteration[1]=0.008 partitioning.coarsening.level[3].label_propagation.iteration[1].first_phase=0.006 partitioning.coarsening.level[3].label_propagation.iteration[1].second_phase=0.001 partitioning.coarsening.level[3].label_propagation.iteration[2]=0.006 partitioning.coarsening.level[3].label_propagation.iteration[2].first_phase=0.004 partitioning.coarsening.level[3].label_propagation.iteration[2].second_phase=0.001 partitioning.coarsening.level[3].label_propagation.iteration[3]=0.004 partitioning.coarsening.level[3].label_propagation.iteration[3].first_phase=0.003 partitioning.coarsening.level[3].label_propagation.iteration[3].second_phase=0.001 partitioning.coarsening.level[3].label_propagation.iteration[4]=0.004 partitioning.coarsening.level[3].label_propagation.iteration[4].first_phase=0.002 partitioning.coarsening.level[3].label_propagation.iteration[4].second_phase=0.001 partitioning.coarsening.level[3].label_propagation.handle_isolated_nodes=0.000 partitioning.coarsening.level[3].label_propagation.handle_two-hop_nodes=0.000 partitioning.coarsening.level[3].contract_graph=0.008 partitioning.coarsening.level[3].contract_graph.allocation=0.000 partitioning.coarsening.level[3].contract_graph.preprocessing=0.001 partitioning.coarsening.level[3].contract_graph.deallocation=0.000 partitioning.coarsening.level[3].contract_graph.construct_coarse_graph=0.006 partitioning.coarsening.level[3].contract_graph.construct_coarse_graph.aggregate_coarse_edges=0.006 partitioning.coarsening.level[3].contract_graph.construct_coarse_graph.aggregate_coarse_edges.first_phase=0.006 partitioning.coarsening.level[3].contract_graph.construct_coarse_graph.aggregate_coarse_edges.second_phase=0.000 partitioning.coarsening.level[3].contract_graph.construct_coarse_graph.remap_coarse_edges_and_mapping=0.000 partitioning.coarsening.deallocation=0.000 partitioning.initial_partitioning_scheme=0.253 partitioning.uncoarsening=0.370 partitioning.uncoarsening.level[3]=0.008 partitioning.uncoarsening.level[3].allocation=0.000 partitioning.uncoarsening.level[3].project_partition=0.000 partitioning.uncoarsening.level[3].create_graph=0.000 partitioning.uncoarsening.level[3].refinement=0.007 partitioning.uncoarsening.level[3].refinement.greedy_balancer=0.000 partitioning.uncoarsening.level[3].refinement.label_propagation=0.007 partitioning.uncoarsening.level[3].refinement.label_propagation.allocation=0.000 partitioning.uncoarsening.level[3].refinement.label_propagation.iteration[0]=0.004 partitioning.uncoarsening.level[3].refinement.label_propagation.iteration[1]=0.000 partitioning.uncoarsening.level[3].refinement.label_propagation.iteration[2]=0.000 partitioning.uncoarsening.level[3].refinement.label_propagation.iteration[3]=0.000 partitioning.uncoarsening.level[3].refinement.label_propagation.iteration[4]=0.000 partitioning.uncoarsening.level[2]=0.042 partitioning.uncoarsening.level[2].allocation=0.000 partitioning.uncoarsening.level[2].project_partition=0.000 partitioning.uncoarsening.level[2].create_graph=0.000 partitioning.uncoarsening.level[2].refinement=0.041 partitioning.uncoarsening.level[2].refinement.greedy_balancer=0.000 partitioning.uncoarsening.level[2].refinement.label_propagation=0.041 partitioning.uncoarsening.level[2].refinement.label_propagation.iteration[0]=0.022 partitioning.uncoarsening.level[2].refinement.label_propagation.iteration[1]=0.007 partitioning.uncoarsening.level[2].refinement.label_propagation.iteration[2]=0.006 partitioning.uncoarsening.level[2].refinement.label_propagation.iteration[3]=0.003 partitioning.uncoarsening.level[2].refinement.label_propagation.iteration[4]=0.002 partitioning.uncoarsening.level[1]=0.111 partitioning.uncoarsening.level[1].allocation=0.000 partitioning.uncoarsening.level[1].project_partition=0.000 partitioning.uncoarsening.level[1].create_graph=0.000 partitioning.uncoarsening.level[1].refinement=0.108 partitioning.uncoarsening.level[1].refinement.greedy_balancer=0.000 partitioning.uncoarsening.level[1].refinement.label_propagation=0.108 partitioning.uncoarsening.level[1].refinement.label_propagation.iteration[0]=0.061 partitioning.uncoarsening.level[1].refinement.label_propagation.iteration[1]=0.019 partitioning.uncoarsening.level[1].refinement.label_propagation.iteration[2]=0.011 partitioning.uncoarsening.level[1].refinement.label_propagation.iteration[3]=0.008 partitioning.uncoarsening.level[1].refinement.label_propagation.iteration[4]=0.007 partitioning.uncoarsening.level[0]=0.207 partitioning.uncoarsening.level[0].allocation=0.005 partitioning.uncoarsening.level[0].project_partition=0.000 partitioning.uncoarsening.level[0].create_graph=0.000 partitioning.uncoarsening.level[0].refinement=0.199 partitioning.uncoarsening.level[0].refinement.greedy_balancer=0.016 partitioning.uncoarsening.level[0].refinement.greedy_balancer.allocation=0.000 partitioning.uncoarsening.level[0].refinement.greedy_balancer.initialize_balancer_pq=0.015 partitioning.uncoarsening.level[0].refinement.greedy_balancer.initialize_balancer_pq.thread-local=0.014 partitioning.uncoarsening.level[0].refinement.greedy_balancer.initialize_balancer_pq.merge_thread-local_pqs=0.001 partitioning.uncoarsening.level[0].refinement.greedy_balancer.main_loop=0.000 partitioning.uncoarsening.level[0].refinement.label_propagation=0.182 partitioning.uncoarsening.level[0].refinement.label_propagation.iteration[0]=0.115 partitioning.uncoarsening.level[0].refinement.label_propagation.iteration[1]=0.032 partitioning.uncoarsening.level[0].refinement.label_propagation.iteration[2]=0.015 partitioning.uncoarsening.level[0].refinement.label_propagation.iteration[3]=0.009 partitioning.uncoarsening.level[0].refinement.label_propagation.iteration[4]=0.009 partitioning.deallocation=0.001 partitioning.re-integrate_isolated_nodes=0.004 io=0.000 
MEMORY disabled

Global Timer: ................................... 2.165 s    
|- Read input graph: ............................ 0.650 s    
|- Partitioning: ................................ 1.511 s    
|  |- Rearrange by degree-buckets: .............. 0.060 s    
|  |  |- Sort nodes by integer buckets: ......... 0.011 s    
|  |  |- Rearrange input graph: ................. 0.042 s    
|  |  `- Deallocation: .......................... 0.002 s    
|  |- Refinement: ............................... 0.000 s    
|  |  `- Allocation: ............................ 0.000 s    
|  |- Coarsening: ............................... 0.819 s    
|  |  |- Level (0): ............................. 0.395 s    
|  |  |  |- Label Propagation: .................. 0.059 s    
|  |  |  |  |- Allocation: ...................... 0.009 s    
|  |  |  |  |- Iteration (0): ................... 0.043 s    
|  |  |  |  |  `- First phase: .................. 0.040 s    
|  |  |  |  |- Iteration (1): ................... 0.000 s    
|  |  |  |  |  `- First phase: .................. 0.000 s    
|  |  |  |  |- Handle isolated nodes: ........... 0.000 s    
|  |  |  |  |- Handle two-hop nodes: ............ 0.000 s    
|  |  |  |  `- Free: ............................ 0.005 s    
|  |  |  `- Contract graph: ..................... 0.335 s    
|  |  |     |- Allocation: ...................... 0.000 s (3)
|  |  |     |- Preprocessing: ................... 0.042 s (3)
|  |  |     |- Deallocation: .................... 0.000 s    
|  |  |     `- Construct coarse graph: .......... 0.290 s    
|  |  |        |- Aggregate coarse edges: ....... 0.280 s    
|  |  |        |  |- First phase: ............... 0.113 s    
|  |  |        |  `- Second phase: .............. 0.153 s    
|  |  |        `- Remap coarse edges and mapping: 0.008 s    
|  |  |- Level (1): ............................. 0.273 s    
|  |  |  |- Label Propagation: .................. 0.135 s    
|  |  |  |  |- Allocation: ...................... 0.000 s    
|  |  |  |  |- Iteration (0): ................... 0.134 s    
|  |  |  |  |  |- First phase: .................. 0.095 s    
|  |  |  |  |  `- Second phase: ................. 0.038 s    
|  |  |  |  |- Iteration (1): ................... 0.000 s    
|  |  |  |  |  `- First phase: .................. 0.000 s    
|  |  |  |  |- Handle isolated nodes: ........... 0.000 s    
|  |  |  |  `- Handle two-hop nodes: ............ 0.000 s    
|  |  |  `- Contract graph: ..................... 0.137 s    
|  |  |     |- Allocation: ...................... 0.001 s (3)
|  |  |     |- Preprocessing: ................... 0.009 s (3)
|  |  |     |- Deallocation: .................... 0.000 s    
|  |  |     `- Construct coarse graph: .......... 0.125 s    
|  |  |        |- Aggregate coarse edges: ....... 0.121 s    
|  |  |        |  |- First phase: ............... 0.051 s    
|  |  |        |  `- Second phase: .............. 0.070 s    
|  |  |        `- Remap coarse edges and mapping: 0.003 s    
|  |  |- Level (2): ............................. 0.101 s    
|  |  |  |- Label Propagation: .................. 0.069 s    
|  |  |  |  |- Iteration (0): ................... 0.069 s    
|  |  |  |  |  |- First phase: .................. 0.049 s    
|  |  |  |  |  `- Second phase: ................. 0.019 s    
|  |  |  |  |- Iteration (1): ................... 0.000 s    
|  |  |  |  |  `- First phase: .................. 0.000 s    
|  |  |  |  |- Handle isolated nodes: ........... 0.000 s    
|  |  |  |  `- Handle two-hop nodes: ............ 0.000 s    
|  |  |  `- Contract graph: ..................... 0.031 s    
|  |  |     |- Allocation: ...................... 0.000 s (3)
|  |  |     |- Preprocessing: ................... 0.006 s (3)
|  |  |     |- Deallocation: .................... 0.000 s    
|  |  |     `- Construct coarse graph: .......... 0.024 s    
|  |  |        |- Aggregate coarse edges: ....... 0.023 s    
|  |  |        |  |- First phase: ............... 0.021 s    
|  |  |        |  `- Second phase: .............. 0.002 s    
|  |  |        `- Remap coarse edges and mapping: 0.001 s    
|  |  |- Level (3): ............................. 0.049 s    
|  |  |  |- Label Propagation: .................. 0.040 s    
|  |  |  |  |- Iteration (0): ................... 0.017 s    
|  |  |  |  |  |- First phase: .................. 0.014 s    
|  |  |  |  |  `- Second phase: ................. 0.002 s    
|  |  |  |  |- Iteration (1): ................... 0.008 s    
|  |  |  |  |  |- First phase: .................. 0.006 s    
|  |  |  |  |  `- Second phase: ................. 0.001 s    
|  |  |  |  |- Iteration (2): ................... 0.006 s    
|  |  |  |  |  |- First phase: .................. 0.004 s    
|  |  |  |  |  `- Second phase: ................. 0.001 s    
|  |  |  |  |- Iteration (3): ................... 0.004 s    
|  |  |  |  |  |- First phase: .................. 0.003 s    
|  |  |  |  |  `- Second phase: ................. 0.001 s    
|  |  |  |  |- Iteration (4): ................... 0.004 s    
|  |  |  |  |  |- First phase: .................. 0.002 s    
|  |  |  |  |  `- Second phase: ................. 0.001 s    
|  |  |  |  |- Handle isolated nodes: ........... 0.000 s    
|  |  |  |  `- Handle two-hop nodes: ............ 0.000 s    
|  |  |  `- Contract graph: ..................... 0.008 s    
|  |  |     |- Allocation: ...................... 0.000 s (3)
|  |  |     |- Preprocessing: ................... 0.001 s (3)
|  |  |     |- Deallocation: .................... 0.000 s    
|  |  |     `- Construct coarse graph: .......... 0.006 s    
|  |  |        |- Aggregate coarse edges: ....... 0.006 s    
|  |  |        |  |- First phase: ............... 0.006 s    
|  |  |        |  `- Second phase: .............. 0.000 s    
|  |  |        `- Remap coarse edges and mapping: 0.000 s    
|  |  `- Deallocation: .......................... 0.000 s    
|  |- Initial partitioning scheme: .............. 0.253 s    
|  |- Uncoarsening: ............................. 0.370 s    
|  |  |- Level (3): ............................. 0.008 s    
|  |  |  |- Allocation: ......................... 0.000 s    
|  |  |  |- Project partition: .................. 0.000 s    
|  |  |  |- Create graph: ....................... 0.000 s    
|  |  |  `- Refinement: ......................... 0.007 s    
|  |  |     |- Greedy Balancer: ................. 0.000 s    
|  |  |     `- Label Propagation: ............... 0.007 s    
|  |  |        |- Allocation: ................... 0.000 s    
|  |  |        |- Iteration (0): ................ 0.004 s    
|  |  |        |- Iteration (1): ................ 0.000 s    
|  |  |        |- Iteration (2): ................ 0.000 s    
|  |  |        |- Iteration (3): ................ 0.000 s    
|  |  |        `- Iteration (4): ................ 0.000 s    
|  |  |- Level (2): ............................. 0.042 s    
|  |  |  |- Allocation: ......................... 0.000 s    
|  |  |  |- Project partition: .................. 0.000 s    
|  |  |  |- Create graph: ....................... 0.000 s    
|  |  |  `- Refinement: ......................... 0.041 s    
|  |  |     |- Greedy Balancer: ................. 0.000 s    
|  |  |     `- Label Propagation: ............... 0.041 s    
|  |  |        |- Iteration (0): ................ 0.022 s    
|  |  |        |- Iteration (1): ................ 0.007 s    
|  |  |        |- Iteration (2): ................ 0.006 s    
|  |  |        |- Iteration (3): ................ 0.003 s    
|  |  |        `- Iteration (4): ................ 0.002 s    
|  |  |- Level (1): ............................. 0.111 s    
|  |  |  |- Allocation: ......................... 0.000 s    
|  |  |  |- Project partition: .................. 0.000 s    
|  |  |  |- Create graph: ....................... 0.000 s    
|  |  |  `- Refinement: ......................... 0.108 s    
|  |  |     |- Greedy Balancer: ................. 0.000 s    
|  |  |     `- Label Propagation: ............... 0.108 s    
|  |  |        |- Iteration (0): ................ 0.061 s    
|  |  |        |- Iteration (1): ................ 0.019 s    
|  |  |        |- Iteration (2): ................ 0.011 s    
|  |  |        |- Iteration (3): ................ 0.008 s    
|  |  |        `- Iteration (4): ................ 0.007 s    
|  |  `- Level (0): ............................. 0.207 s    
|  |     |- Allocation: ......................... 0.005 s    
|  |     |- Project partition: .................. 0.000 s    
|  |     |- Create graph: ....................... 0.000 s    
|  |     `- Refinement: ......................... 0.199 s    
|  |        |- Greedy Balancer: ................. 0.016 s    
|  |        |  |- Allocation: ................... 0.000 s    
|  |        |  |- Initialize balancer PQ: ....... 0.015 s    
|  |        |  |  |- Thread-local: .............. 0.014 s    
|  |        |  |  `- Merge thread-local PQs: .... 0.001 s    
|  |        |  `- Main loop: .................... 0.000 s    
|  |        `- Label Propagation: ............... 0.182 s    
|  |           |- Iteration (0): ................ 0.115 s    
|  |           |- Iteration (1): ................ 0.032 s    
|  |           |- Iteration (2): ................ 0.015 s    
|  |           |- Iteration (3): ................ 0.009 s    
|  |           `- Iteration (4): ................ 0.009 s    
|  |- Deallocation: ............................. 0.001 s    
|  `- Re-integrate isolated nodes: .............. 0.004 s    
`- IO: .......................................... 0.000 s    

Partition summary:
  Number of blocks: 16
  Edge cut:         45892151
  Imbalance:        0.0299994
  Feasible:         yes

Block weights:
  w(0 ) = 208133    w(1 ) = 208133    w(2 ) = 208132    w(3 ) = 208133  
  w(4 ) = 208133    w(5 ) = 111150    w(6 ) = 208133    w(7 ) = 208119  
  w(8 ) = 208131    w(9 ) = 208133    w(10) = 208132    w(11) = 208133  
  w(12) = 208133    w(13) = 208132    w(14) = 208133    w(15) = 208132  

Maximum resident set size: 2123380 KiB
