################################################################################
#                _  __       __  __  _         ____                            #
#               | |/ / __ _ |  \/  |(_) _ __  |  _ \  __ _  _ __               #
#               | ' / / _` || |\/| || || '_ \ | |_) |/ _` || '__|              #
#               | . \| (_| || |  | || || | | ||  __/| (_| || |                 #
#               |_|\_\\__,_||_|  |_||_||_| |_||_|    \__,_||_|                 #
#                                                                              #
################################################################################
Current commit hash:          99c62314d27845b3825829ec1e3e97256490627d
Assertion level:              always+light
Statistics:                   disabled
Built on:                     liskov
Data type sizes:
  Nodes IDs: 4 bytes | Node weights: 4 bytes
  Edges IDs: 4 bytes | Edge weights: 4 bytes
############################################################## Input Summary ###
Execution mode:               64
Seed:                         1
Graph:                        recomp_proteins1GB_9 [node ordering: deg-buckets] [edge ordering: natural]
  Number of nodes:             14537567 (unweighted)
  Number of edges:            148617134 (total weight: 510239704)
Number of blocks:             16
Maximum block weight:         935855 (908598 + 3% / 3%)
---------------------------------------------------------- Graph Compression ---
Enabled:                      no
-------------------------------------------------------- Partitioning Scheme ---
Partitioning mode:            deep
  Deep initial part. mode:    async-parallel
  Deep initial part. load:    1
Subgraph memory:              Lazy
----------------------------------------------------------------- Coarsening ---
Contraction limit:            2000
Coarsening algorithm:         clustering
  Cluster weight limit:       epsilon-block-weight x 1
  Shrink factor:              2.5
  Max mem-free level:         1
  Clustering algorithm:       lp
    Number of iterations:     5
    High degree threshold:    4294967295
    Max degree:               4294967295
    Tie breaking strategy:    uniform
    Implementation:           two-phase
      Relabel:                no
    2-hop clustering:         match-threadwise, if |Vcoarse| > 0.500000 * |V|
    Isolated nodes:           match-during-two-hop
  Forced hierarchy levels:    <none> (leeway: U=10.000000, L=1.100000)
Contraction algorithm:        unbuffered
  Implementation:             two-phase
------------------------------------------------------- Initial Partitioning ---
Adaptive algorithm selection: yes
----------------------------------------------------------------- Refinement ---
Refinement algorithms:        [greedy-balancer -> lp]
Label propagation:
  Number of iterations:       5
  Tie breaking strategy:      uniform
  Implementation:             single-phase
############################################################## Preprocessing ###
Removed 0 isolated nodes
  Remaining nodes:             14537567
  Remaining total node weight: 14537567
############################################################### Partitioning ###
Input graph:
 Number of nodes: 14537567 | Number of edges: 148617134
 Maximum node weight: 1

Coarsening -> Level 1 [max cluster weight: 27257]:
 Total edge weight:   476682900
 Number of nodes:     5596721 | Number of edges: 122527656
 Maximum node weight: 27260

Coarsening -> Level 2 [max cluster weight: 27257]:
 Total edge weight:   428585308
 Number of nodes:     2192846 | Number of edges: 76398334
 Maximum node weight: 27260

Coarsening -> Level 3 [max cluster weight: 27257]:
 Total edge weight:   406877914
 Number of nodes:     847932 | Number of edges: 37679220
 Maximum node weight: 27260

Coarsening -> Level 4 [max cluster weight: 27257]:
 Total edge weight:   396066638
 Number of nodes:     360535 | Number of edges: 6174984
 Maximum node weight: 27260

Coarsening -> Level 5 [max cluster weight: 27257]:
 Total edge weight:   395181992
 Number of nodes:     181641 | Number of edges: 1458518
 Maximum node weight: 27260

Coarsening -> Level 6 [max cluster weight: 27257]:
 Total edge weight:   395136760
 Number of nodes:     94313 | Number of edges: 1180642
 Maximum node weight: 54514

==> Coarsening terminated with less than 128000 nodes

Initial partitioning:
 Number of blocks: 16

Uncoarsening -> Level 5
 Number of nodes: 181641 | Number of edges: 1458518
  Running refinement on 16 blocks
   1. Greedy Balancer
   2. Label Propagation

Uncoarsening -> Level 4
 Number of nodes: 360535 | Number of edges: 6174984
  Running refinement on 16 blocks
   1. Greedy Balancer
   2. Label Propagation

Uncoarsening -> Level 3
 Number of nodes: 847932 | Number of edges: 37679220
  Running refinement on 16 blocks
   1. Greedy Balancer
   2. Label Propagation

Uncoarsening -> Level 2
 Number of nodes: 2192846 | Number of edges: 76398334
  Running refinement on 16 blocks
   1. Greedy Balancer
   2. Label Propagation

Uncoarsening -> Level 1
 Number of nodes: 5596721 | Number of edges: 122527656
  Running refinement on 16 blocks
   1. Greedy Balancer
   2. Label Propagation

Uncoarsening -> Level 0
 Number of nodes: 14537567 | Number of edges: 148617134
  Running refinement on 16 blocks
   1. Greedy Balancer
   2. Label Propagation
############################################################# Result Summary ###
RESULT cut=173275195 imbalance=0.029999 feasible=1 k=16
TIME read_input_graph=2.020 partitioning=5.252 partitioning.rearrange_by_degree-buckets=0.171 partitioning.rearrange_by_degree-buckets.sort_nodes_by_integer_buckets=0.012 partitioning.rearrange_by_degree-buckets.rearrange_input_graph=0.144 partitioning.rearrange_by_degree-buckets.deallocation=0.006 partitioning.refinement=0.000 partitioning.refinement.allocation=0.000 partitioning.coarsening=3.080 partitioning.coarsening.level[0]=1.100 partitioning.coarsening.level[0].label_propagation=0.150 partitioning.coarsening.level[0].label_propagation.allocation=0.013 partitioning.coarsening.level[0].label_propagation.iteration[0]=0.127 partitioning.coarsening.level[0].label_propagation.iteration[0].first_phase=0.123 partitioning.coarsening.level[0].label_propagation.iteration[1]=0.000 partitioning.coarsening.level[0].label_propagation.iteration[1].first_phase=0.000 partitioning.coarsening.level[0].label_propagation.handle_isolated_nodes=0.000 partitioning.coarsening.level[0].label_propagation.handle_two-hop_nodes=0.000 partitioning.coarsening.level[0].label_propagation.free=0.006 partitioning.coarsening.level[0].contract_graph=0.949 partitioning.coarsening.level[0].contract_graph.allocation=0.002 partitioning.coarsening.level[0].contract_graph.preprocessing=0.157 partitioning.coarsening.level[0].contract_graph.deallocation=0.000 partitioning.coarsening.level[0].contract_graph.construct_coarse_graph=0.784 partitioning.coarsening.level[0].contract_graph.construct_coarse_graph.aggregate_coarse_edges=0.758 partitioning.coarsening.level[0].contract_graph.construct_coarse_graph.aggregate_coarse_edges.first_phase=0.248 partitioning.coarsening.level[0].contract_graph.construct_coarse_graph.aggregate_coarse_edges.second_phase=0.496 partitioning.coarsening.level[0].contract_graph.construct_coarse_graph.remap_coarse_edges_and_mapping=0.023 partitioning.coarsening.level[1]=0.956 partitioning.coarsening.level[1].label_propagation=0.314 partitioning.coarsening.level[1].label_propagation.allocation=0.011 partitioning.coarsening.level[1].label_propagation.iteration[0]=0.301 partitioning.coarsening.level[1].label_propagation.iteration[0].first_phase=0.187 partitioning.coarsening.level[1].label_propagation.iteration[0].second_phase=0.113 partitioning.coarsening.level[1].label_propagation.iteration[1]=0.000 partitioning.coarsening.level[1].label_propagation.iteration[1].first_phase=0.000 partitioning.coarsening.level[1].label_propagation.handle_isolated_nodes=0.000 partitioning.coarsening.level[1].label_propagation.handle_two-hop_nodes=0.000 partitioning.coarsening.level[1].contract_graph=0.641 partitioning.coarsening.level[1].contract_graph.allocation=0.002 partitioning.coarsening.level[1].contract_graph.preprocessing=0.079 partitioning.coarsening.level[1].contract_graph.deallocation=0.000 partitioning.coarsening.level[1].contract_graph.construct_coarse_graph=0.556 partitioning.coarsening.level[1].contract_graph.construct_coarse_graph.aggregate_coarse_edges=0.541 partitioning.coarsening.level[1].contract_graph.construct_coarse_graph.aggregate_coarse_edges.first_phase=0.143 partitioning.coarsening.level[1].contract_graph.construct_coarse_graph.aggregate_coarse_edges.second_phase=0.397 partitioning.coarsening.level[1].contract_graph.construct_coarse_graph.remap_coarse_edges_and_mapping=0.013 partitioning.coarsening.level[2]=0.582 partitioning.coarsening.level[2].label_propagation=0.265 partitioning.coarsening.level[2].label_propagation.iteration[0]=0.262 partitioning.coarsening.level[2].label_propagation.iteration[0].first_phase=0.137 partitioning.coarsening.level[2].label_propagation.iteration[0].second_phase=0.123 partitioning.coarsening.level[2].label_propagation.iteration[1]=0.000 partitioning.coarsening.level[2].label_propagation.iteration[1].first_phase=0.000 partitioning.coarsening.level[2].label_propagation.handle_isolated_nodes=0.000 partitioning.coarsening.level[2].label_propagation.handle_two-hop_nodes=0.000 partitioning.coarsening.level[2].contract_graph=0.317 partitioning.coarsening.level[2].contract_graph.allocation=0.001 partitioning.coarsening.level[2].contract_graph.preprocessing=0.034 partitioning.coarsening.level[2].contract_graph.deallocation=0.000 partitioning.coarsening.level[2].contract_graph.construct_coarse_graph=0.278 partitioning.coarsening.level[2].contract_graph.construct_coarse_graph.aggregate_coarse_edges=0.272 partitioning.coarsening.level[2].contract_graph.construct_coarse_graph.aggregate_coarse_edges.first_phase=0.092 partitioning.coarsening.level[2].contract_graph.construct_coarse_graph.aggregate_coarse_edges.second_phase=0.179 partitioning.coarsening.level[2].contract_graph.construct_coarse_graph.remap_coarse_edges_and_mapping=0.006 partitioning.coarsening.level[3]=0.307 partitioning.coarsening.level[3].label_propagation=0.252 partitioning.coarsening.level[3].label_propagation.iteration[0]=0.140 partitioning.coarsening.level[3].label_propagation.iteration[0].first_phase=0.078 partitioning.coarsening.level[3].label_propagation.iteration[0].second_phase=0.061 partitioning.coarsening.level[3].label_propagation.iteration[1]=0.036 partitioning.coarsening.level[3].label_propagation.iteration[1].first_phase=0.021 partitioning.coarsening.level[3].label_propagation.iteration[1].second_phase=0.014 partitioning.coarsening.level[3].label_propagation.iteration[2]=0.026 partitioning.coarsening.level[3].label_propagation.iteration[2].first_phase=0.012 partitioning.coarsening.level[3].label_propagation.iteration[2].second_phase=0.014 partitioning.coarsening.level[3].label_propagation.iteration[3]=0.025 partitioning.coarsening.level[3].label_propagation.iteration[3].first_phase=0.010 partitioning.coarsening.level[3].label_propagation.iteration[3].second_phase=0.013 partitioning.coarsening.level[3].label_propagation.iteration[4]=0.023 partitioning.coarsening.level[3].label_propagation.iteration[4].first_phase=0.009 partitioning.coarsening.level[3].label_propagation.iteration[4].second_phase=0.013 partitioning.coarsening.level[3].label_propagation.handle_isolated_nodes=0.000 partitioning.coarsening.level[3].label_propagation.handle_two-hop_nodes=0.000 partitioning.coarsening.level[3].contract_graph=0.055 partitioning.coarsening.level[3].contract_graph.allocation=0.001 partitioning.coarsening.level[3].contract_graph.preprocessing=0.016 partitioning.coarsening.level[3].contract_graph.deallocation=0.000 partitioning.coarsening.level[3].contract_graph.construct_coarse_graph=0.036 partitioning.coarsening.level[3].contract_graph.construct_coarse_graph.aggregate_coarse_edges=0.035 partitioning.coarsening.level[3].contract_graph.construct_coarse_graph.aggregate_coarse_edges.first_phase=0.021 partitioning.coarsening.level[3].contract_graph.construct_coarse_graph.aggregate_coarse_edges.second_phase=0.013 partitioning.coarsening.level[3].contract_graph.construct_coarse_graph.remap_coarse_edges_and_mapping=0.001 partitioning.coarsening.level[4]=0.091 partitioning.coarsening.level[4].label_propagation=0.073 partitioning.coarsening.level[4].label_propagation.iteration[0]=0.024 partitioning.coarsening.level[4].label_propagation.iteration[0].first_phase=0.017 partitioning.coarsening.level[4].label_propagation.iteration[0].second_phase=0.007 partitioning.coarsening.level[4].label_propagation.iteration[1]=0.013 partitioning.coarsening.level[4].label_propagation.iteration[1].first_phase=0.006 partitioning.coarsening.level[4].label_propagation.iteration[1].second_phase=0.007 partitioning.coarsening.level[4].label_propagation.iteration[2]=0.013 partitioning.coarsening.level[4].label_propagation.iteration[2].first_phase=0.003 partitioning.coarsening.level[4].label_propagation.iteration[2].second_phase=0.009 partitioning.coarsening.level[4].label_propagation.iteration[3]=0.011 partitioning.coarsening.level[4].label_propagation.iteration[3].first_phase=0.003 partitioning.coarsening.level[4].label_propagation.iteration[3].second_phase=0.008 partitioning.coarsening.level[4].label_propagation.iteration[4]=0.009 partitioning.coarsening.level[4].label_propagation.iteration[4].first_phase=0.002 partitioning.coarsening.level[4].label_propagation.iteration[4].second_phase=0.007 partitioning.coarsening.level[4].label_propagation.handle_isolated_nodes=0.000 partitioning.coarsening.level[4].label_propagation.handle_two-hop_nodes=0.000 partitioning.coarsening.level[4].contract_graph=0.018 partitioning.coarsening.level[4].contract_graph.allocation=0.000 partitioning.coarsening.level[4].contract_graph.preprocessing=0.002 partitioning.coarsening.level[4].contract_graph.deallocation=0.000 partitioning.coarsening.level[4].contract_graph.construct_coarse_graph=0.015 partitioning.coarsening.level[4].contract_graph.construct_coarse_graph.aggregate_coarse_edges=0.014 partitioning.coarsening.level[4].contract_graph.construct_coarse_graph.aggregate_coarse_edges.first_phase=0.008 partitioning.coarsening.level[4].contract_graph.construct_coarse_graph.aggregate_coarse_edges.second_phase=0.005 partitioning.coarsening.level[4].contract_graph.construct_coarse_graph.remap_coarse_edges_and_mapping=0.000 partitioning.coarsening.level[5]=0.040 partitioning.coarsening.level[5].label_propagation=0.029 partitioning.coarsening.level[5].label_propagation.iteration[0]=0.006 partitioning.coarsening.level[5].label_propagation.iteration[0].first_phase=0.001 partitioning.coarsening.level[5].label_propagation.iteration[0].second_phase=0.005 partitioning.coarsening.level[5].label_propagation.iteration[1]=0.006 partitioning.coarsening.level[5].label_propagation.iteration[1].first_phase=0.000 partitioning.coarsening.level[5].label_propagation.iteration[1].second_phase=0.005 partitioning.coarsening.level[5].label_propagation.iteration[2]=0.005 partitioning.coarsening.level[5].label_propagation.iteration[2].first_phase=0.000 partitioning.coarsening.level[5].label_propagation.iteration[2].second_phase=0.005 partitioning.coarsening.level[5].label_propagation.iteration[3]=0.004 partitioning.coarsening.level[5].label_propagation.iteration[3].first_phase=0.000 partitioning.coarsening.level[5].label_propagation.iteration[3].second_phase=0.004 partitioning.coarsening.level[5].label_propagation.iteration[4]=0.005 partitioning.coarsening.level[5].label_propagation.iteration[4].first_phase=0.000 partitioning.coarsening.level[5].label_propagation.iteration[4].second_phase=0.004 partitioning.coarsening.level[5].label_propagation.handle_isolated_nodes=0.000 partitioning.coarsening.level[5].label_propagation.handle_two-hop_nodes=0.000 partitioning.coarsening.level[5].contract_graph=0.011 partitioning.coarsening.level[5].contract_graph.allocation=0.000 partitioning.coarsening.level[5].contract_graph.preprocessing=0.001 partitioning.coarsening.level[5].contract_graph.deallocation=0.000 partitioning.coarsening.level[5].contract_graph.construct_coarse_graph=0.009 partitioning.coarsening.level[5].contract_graph.construct_coarse_graph.aggregate_coarse_edges=0.009 partitioning.coarsening.level[5].contract_graph.construct_coarse_graph.aggregate_coarse_edges.first_phase=0.007 partitioning.coarsening.level[5].contract_graph.construct_coarse_graph.aggregate_coarse_edges.second_phase=0.001 partitioning.coarsening.level[5].contract_graph.construct_coarse_graph.remap_coarse_edges_and_mapping=0.000 partitioning.coarsening.deallocation=0.000 partitioning.initial_partitioning_scheme=0.215 partitioning.uncoarsening=1.769 partitioning.uncoarsening.level[5]=0.075 partitioning.uncoarsening.level[5].allocation=0.000 partitioning.uncoarsening.level[5].project_partition=0.000 partitioning.uncoarsening.level[5].create_graph=0.000 partitioning.uncoarsening.level[5].refinement=0.075 partitioning.uncoarsening.level[5].refinement.greedy_balancer=0.062 partitioning.uncoarsening.level[5].refinement.greedy_balancer.allocation=0.000 partitioning.uncoarsening.level[5].refinement.greedy_balancer.initialize_balancer_pq=0.032 partitioning.uncoarsening.level[5].refinement.greedy_balancer.initialize_balancer_pq.thread-local=0.001 partitioning.uncoarsening.level[5].refinement.greedy_balancer.initialize_balancer_pq.merge_thread-local_pqs=0.030 partitioning.uncoarsening.level[5].refinement.greedy_balancer.main_loop=0.030 partitioning.uncoarsening.level[5].refinement.label_propagation=0.012 partitioning.uncoarsening.level[5].refinement.label_propagation.allocation=0.004 partitioning.uncoarsening.level[5].refinement.label_propagation.iteration[0]=0.006 partitioning.uncoarsening.level[5].refinement.label_propagation.iteration[1]=0.000 partitioning.uncoarsening.level[5].refinement.label_propagation.iteration[2]=0.000 partitioning.uncoarsening.level[5].refinement.label_propagation.iteration[3]=0.000 partitioning.uncoarsening.level[4]=0.012 partitioning.uncoarsening.level[4].allocation=0.000 partitioning.uncoarsening.level[4].project_partition=0.000 partitioning.uncoarsening.level[4].create_graph=0.000 partitioning.uncoarsening.level[4].refinement=0.011 partitioning.uncoarsening.level[4].refinement.greedy_balancer=0.000 partitioning.uncoarsening.level[4].refinement.label_propagation=0.011 partitioning.uncoarsening.level[4].refinement.label_propagation.iteration[0]=0.009 partitioning.uncoarsening.level[4].refinement.label_propagation.iteration[1]=0.001 partitioning.uncoarsening.level[3]=0.057 partitioning.uncoarsening.level[3].allocation=0.000 partitioning.uncoarsening.level[3].project_partition=0.000 partitioning.uncoarsening.level[3].create_graph=0.000 partitioning.uncoarsening.level[3].refinement=0.055 partitioning.uncoarsening.level[3].refinement.greedy_balancer=0.000 partitioning.uncoarsening.level[3].refinement.label_propagation=0.055 partitioning.uncoarsening.level[3].refinement.label_propagation.iteration[0]=0.039 partitioning.uncoarsening.level[3].refinement.label_propagation.iteration[1]=0.005 partitioning.uncoarsening.level[3].refinement.label_propagation.iteration[2]=0.004 partitioning.uncoarsening.level[3].refinement.label_propagation.iteration[3]=0.003 partitioning.uncoarsening.level[3].refinement.label_propagation.iteration[4]=0.002 partitioning.uncoarsening.level[2]=0.177 partitioning.uncoarsening.level[2].allocation=0.005 partitioning.uncoarsening.level[2].project_partition=0.000 partitioning.uncoarsening.level[2].create_graph=0.000 partitioning.uncoarsening.level[2].refinement=0.168 partitioning.uncoarsening.level[2].refinement.greedy_balancer=0.000 partitioning.uncoarsening.level[2].refinement.label_propagation=0.168 partitioning.uncoarsening.level[2].refinement.label_propagation.iteration[0]=0.118 partitioning.uncoarsening.level[2].refinement.label_propagation.iteration[1]=0.020 partitioning.uncoarsening.level[2].refinement.label_propagation.iteration[2]=0.011 partitioning.uncoarsening.level[2].refinement.label_propagation.iteration[3]=0.009 partitioning.uncoarsening.level[2].refinement.label_propagation.iteration[4]=0.007 partitioning.uncoarsening.level[1]=0.459 partitioning.uncoarsening.level[1].allocation=0.003 partitioning.uncoarsening.level[1].project_partition=0.000 partitioning.uncoarsening.level[1].create_graph=0.000 partitioning.uncoarsening.level[1].refinement=0.450 partitioning.uncoarsening.level[1].refinement.greedy_balancer=0.000 partitioning.uncoarsening.level[1].refinement.label_propagation=0.450 partitioning.uncoarsening.level[1].refinement.label_propagation.iteration[0]=0.310 partitioning.uncoarsening.level[1].refinement.label_propagation.iteration[1]=0.064 partitioning.uncoarsening.level[1].refinement.label_propagation.iteration[2]=0.031 partitioning.uncoarsening.level[1].refinement.label_propagation.iteration[3]=0.023 partitioning.uncoarsening.level[1].refinement.label_propagation.iteration[4]=0.020 partitioning.uncoarsening.level[0]=0.987 partitioning.uncoarsening.level[0].allocation=0.005 partitioning.uncoarsening.level[0].project_partition=0.001 partitioning.uncoarsening.level[0].create_graph=0.001 partitioning.uncoarsening.level[0].refinement=0.974 partitioning.uncoarsening.level[0].refinement.greedy_balancer=0.091 partitioning.uncoarsening.level[0].refinement.greedy_balancer.allocation=0.003 partitioning.uncoarsening.level[0].refinement.greedy_balancer.initialize_balancer_pq=0.086 partitioning.uncoarsening.level[0].refinement.greedy_balancer.initialize_balancer_pq.thread-local=0.080 partitioning.uncoarsening.level[0].refinement.greedy_balancer.initialize_balancer_pq.merge_thread-local_pqs=0.005 partitioning.uncoarsening.level[0].refinement.greedy_balancer.main_loop=0.001 partitioning.uncoarsening.level[0].refinement.label_propagation=0.882 partitioning.uncoarsening.level[0].refinement.label_propagation.iteration[0]=0.556 partitioning.uncoarsening.level[0].refinement.label_propagation.iteration[1]=0.147 partitioning.uncoarsening.level[0].refinement.label_propagation.iteration[2]=0.063 partitioning.uncoarsening.level[0].refinement.label_propagation.iteration[3]=0.070 partitioning.uncoarsening.level[0].refinement.label_propagation.iteration[4]=0.044 partitioning.deallocation=0.001 partitioning.re-integrate_isolated_nodes=0.012 io=0.001 
MEMORY disabled

Global Timer: ................................... 7.285 s    
|- Read input graph: ............................ 2.020 s    
|- Partitioning: ................................ 5.252 s    
|  |- Rearrange by degree-buckets: .............. 0.171 s    
|  |  |- Sort nodes by integer buckets: ......... 0.012 s    
|  |  |- Rearrange input graph: ................. 0.144 s    
|  |  `- Deallocation: .......................... 0.006 s    
|  |- Refinement: ............................... 0.000 s    
|  |  `- Allocation: ............................ 0.000 s    
|  |- Coarsening: ............................... 3.080 s    
|  |  |- Level (0): ............................. 1.100 s    
|  |  |  |- Label Propagation: .................. 0.150 s    
|  |  |  |  |- Allocation: ...................... 0.013 s    
|  |  |  |  |- Iteration (0): ................... 0.127 s    
|  |  |  |  |  `- First phase: .................. 0.123 s    
|  |  |  |  |- Iteration (1): ................... 0.000 s    
|  |  |  |  |  `- First phase: .................. 0.000 s    
|  |  |  |  |- Handle isolated nodes: ........... 0.000 s    
|  |  |  |  |- Handle two-hop nodes: ............ 0.000 s    
|  |  |  |  `- Free: ............................ 0.006 s    
|  |  |  `- Contract graph: ..................... 0.949 s    
|  |  |     |- Allocation: ...................... 0.002 s (3)
|  |  |     |- Preprocessing: ................... 0.157 s (3)
|  |  |     |- Deallocation: .................... 0.000 s    
|  |  |     `- Construct coarse graph: .......... 0.784 s    
|  |  |        |- Aggregate coarse edges: ....... 0.758 s    
|  |  |        |  |- First phase: ............... 0.248 s    
|  |  |        |  `- Second phase: .............. 0.496 s    
|  |  |        `- Remap coarse edges and mapping: 0.023 s    
|  |  |- Level (1): ............................. 0.956 s    
|  |  |  |- Label Propagation: .................. 0.314 s    
|  |  |  |  |- Allocation: ...................... 0.011 s    
|  |  |  |  |- Iteration (0): ................... 0.301 s    
|  |  |  |  |  |- First phase: .................. 0.187 s    
|  |  |  |  |  `- Second phase: ................. 0.113 s    
|  |  |  |  |- Iteration (1): ................... 0.000 s    
|  |  |  |  |  `- First phase: .................. 0.000 s    
|  |  |  |  |- Handle isolated nodes: ........... 0.000 s    
|  |  |  |  `- Handle two-hop nodes: ............ 0.000 s    
|  |  |  `- Contract graph: ..................... 0.641 s    
|  |  |     |- Allocation: ...................... 0.002 s (3)
|  |  |     |- Preprocessing: ................... 0.079 s (3)
|  |  |     |- Deallocation: .................... 0.000 s    
|  |  |     `- Construct coarse graph: .......... 0.556 s    
|  |  |        |- Aggregate coarse edges: ....... 0.541 s    
|  |  |        |  |- First phase: ............... 0.143 s    
|  |  |        |  `- Second phase: .............. 0.397 s    
|  |  |        `- Remap coarse edges and mapping: 0.013 s    
|  |  |- Level (2): ............................. 0.582 s    
|  |  |  |- Label Propagation: .................. 0.265 s    
|  |  |  |  |- Iteration (0): ................... 0.262 s    
|  |  |  |  |  |- First phase: .................. 0.137 s    
|  |  |  |  |  `- Second phase: ................. 0.123 s    
|  |  |  |  |- Iteration (1): ................... 0.000 s    
|  |  |  |  |  `- First phase: .................. 0.000 s    
|  |  |  |  |- Handle isolated nodes: ........... 0.000 s    
|  |  |  |  `- Handle two-hop nodes: ............ 0.000 s    
|  |  |  `- Contract graph: ..................... 0.317 s    
|  |  |     |- Allocation: ...................... 0.001 s (3)
|  |  |     |- Preprocessing: ................... 0.034 s (3)
|  |  |     |- Deallocation: .................... 0.000 s    
|  |  |     `- Construct coarse graph: .......... 0.278 s    
|  |  |        |- Aggregate coarse edges: ....... 0.272 s    
|  |  |        |  |- First phase: ............... 0.092 s    
|  |  |        |  `- Second phase: .............. 0.179 s    
|  |  |        `- Remap coarse edges and mapping: 0.006 s    
|  |  |- Level (3): ............................. 0.307 s    
|  |  |  |- Label Propagation: .................. 0.252 s    
|  |  |  |  |- Iteration (0): ................... 0.140 s    
|  |  |  |  |  |- First phase: .................. 0.078 s    
|  |  |  |  |  `- Second phase: ................. 0.061 s    
|  |  |  |  |- Iteration (1): ................... 0.036 s    
|  |  |  |  |  |- First phase: .................. 0.021 s    
|  |  |  |  |  `- Second phase: ................. 0.014 s    
|  |  |  |  |- Iteration (2): ................... 0.026 s    
|  |  |  |  |  |- First phase: .................. 0.012 s    
|  |  |  |  |  `- Second phase: ................. 0.014 s    
|  |  |  |  |- Iteration (3): ................... 0.025 s    
|  |  |  |  |  |- First phase: .................. 0.010 s    
|  |  |  |  |  `- Second phase: ................. 0.013 s    
|  |  |  |  |- Iteration (4): ................... 0.023 s    
|  |  |  |  |  |- First phase: .................. 0.009 s    
|  |  |  |  |  `- Second phase: ................. 0.013 s    
|  |  |  |  |- Handle isolated nodes: ........... 0.000 s    
|  |  |  |  `- Handle two-hop nodes: ............ 0.000 s    
|  |  |  `- Contract graph: ..................... 0.055 s    
|  |  |     |- Allocation: ...................... 0.001 s (3)
|  |  |     |- Preprocessing: ................... 0.016 s (3)
|  |  |     |- Deallocation: .................... 0.000 s    
|  |  |     `- Construct coarse graph: .......... 0.036 s    
|  |  |        |- Aggregate coarse edges: ....... 0.035 s    
|  |  |        |  |- First phase: ............... 0.021 s    
|  |  |        |  `- Second phase: .............. 0.013 s    
|  |  |        `- Remap coarse edges and mapping: 0.001 s    
|  |  |- Level (4): ............................. 0.091 s    
|  |  |  |- Label Propagation: .................. 0.073 s    
|  |  |  |  |- Iteration (0): ................... 0.024 s    
|  |  |  |  |  |- First phase: .................. 0.017 s    
|  |  |  |  |  `- Second phase: ................. 0.007 s    
|  |  |  |  |- Iteration (1): ................... 0.013 s    
|  |  |  |  |  |- First phase: .................. 0.006 s    
|  |  |  |  |  `- Second phase: ................. 0.007 s    
|  |  |  |  |- Iteration (2): ................... 0.013 s    
|  |  |  |  |  |- First phase: .................. 0.003 s    
|  |  |  |  |  `- Second phase: ................. 0.009 s    
|  |  |  |  |- Iteration (3): ................... 0.011 s    
|  |  |  |  |  |- First phase: .................. 0.003 s    
|  |  |  |  |  `- Second phase: ................. 0.008 s    
|  |  |  |  |- Iteration (4): ................... 0.009 s    
|  |  |  |  |  |- First phase: .................. 0.002 s    
|  |  |  |  |  `- Second phase: ................. 0.007 s    
|  |  |  |  |- Handle isolated nodes: ........... 0.000 s    
|  |  |  |  `- Handle two-hop nodes: ............ 0.000 s    
|  |  |  `- Contract graph: ..................... 0.018 s    
|  |  |     |- Allocation: ...................... 0.000 s (3)
|  |  |     |- Preprocessing: ................... 0.002 s (3)
|  |  |     |- Deallocation: .................... 0.000 s    
|  |  |     `- Construct coarse graph: .......... 0.015 s    
|  |  |        |- Aggregate coarse edges: ....... 0.014 s    
|  |  |        |  |- First phase: ............... 0.008 s    
|  |  |        |  `- Second phase: .............. 0.005 s    
|  |  |        `- Remap coarse edges and mapping: 0.000 s    
|  |  |- Level (5): ............................. 0.040 s    
|  |  |  |- Label Propagation: .................. 0.029 s    
|  |  |  |  |- Iteration (0): ................... 0.006 s    
|  |  |  |  |  |- First phase: .................. 0.001 s    
|  |  |  |  |  `- Second phase: ................. 0.005 s    
|  |  |  |  |- Iteration (1): ................... 0.006 s    
|  |  |  |  |  |- First phase: .................. 0.000 s    
|  |  |  |  |  `- Second phase: ................. 0.005 s    
|  |  |  |  |- Iteration (2): ................... 0.005 s    
|  |  |  |  |  |- First phase: .................. 0.000 s    
|  |  |  |  |  `- Second phase: ................. 0.005 s    
|  |  |  |  |- Iteration (3): ................... 0.004 s    
|  |  |  |  |  |- First phase: .................. 0.000 s    
|  |  |  |  |  `- Second phase: ................. 0.004 s    
|  |  |  |  |- Iteration (4): ................... 0.005 s    
|  |  |  |  |  |- First phase: .................. 0.000 s    
|  |  |  |  |  `- Second phase: ................. 0.004 s    
|  |  |  |  |- Handle isolated nodes: ........... 0.000 s    
|  |  |  |  `- Handle two-hop nodes: ............ 0.000 s    
|  |  |  `- Contract graph: ..................... 0.011 s    
|  |  |     |- Allocation: ...................... 0.000 s (3)
|  |  |     |- Preprocessing: ................... 0.001 s (3)
|  |  |     |- Deallocation: .................... 0.000 s    
|  |  |     `- Construct coarse graph: .......... 0.009 s    
|  |  |        |- Aggregate coarse edges: ....... 0.009 s    
|  |  |        |  |- First phase: ............... 0.007 s    
|  |  |        |  `- Second phase: .............. 0.001 s    
|  |  |        `- Remap coarse edges and mapping: 0.000 s    
|  |  `- Deallocation: .......................... 0.000 s    
|  |- Initial partitioning scheme: .............. 0.215 s    
|  |- Uncoarsening: ............................. 1.769 s    
|  |  |- Level (5): ............................. 0.075 s    
|  |  |  |- Allocation: ......................... 0.000 s    
|  |  |  |- Project partition: .................. 0.000 s    
|  |  |  |- Create graph: ....................... 0.000 s    
|  |  |  `- Refinement: ......................... 0.075 s    
|  |  |     |- Greedy Balancer: ................. 0.062 s    
|  |  |     |  |- Allocation: ................... 0.000 s    
|  |  |     |  |- Initialize balancer PQ: ....... 0.032 s    
|  |  |     |  |  |- Thread-local: .............. 0.001 s    
|  |  |     |  |  `- Merge thread-local PQs: .... 0.030 s    
|  |  |     |  `- Main loop: .................... 0.030 s    
|  |  |     `- Label Propagation: ............... 0.012 s    
|  |  |        |- Allocation: ................... 0.004 s    
|  |  |        |- Iteration (0): ................ 0.006 s    
|  |  |        |- Iteration (1): ................ 0.000 s    
|  |  |        |- Iteration (2): ................ 0.000 s    
|  |  |        `- Iteration (3): ................ 0.000 s    
|  |  |- Level (4): ............................. 0.012 s    
|  |  |  |- Allocation: ......................... 0.000 s    
|  |  |  |- Project partition: .................. 0.000 s    
|  |  |  |- Create graph: ....................... 0.000 s    
|  |  |  `- Refinement: ......................... 0.011 s    
|  |  |     |- Greedy Balancer: ................. 0.000 s    
|  |  |     `- Label Propagation: ............... 0.011 s    
|  |  |        |- Iteration (0): ................ 0.009 s    
|  |  |        `- Iteration (1): ................ 0.001 s    
|  |  |- Level (3): ............................. 0.057 s    
|  |  |  |- Allocation: ......................... 0.000 s    
|  |  |  |- Project partition: .................. 0.000 s    
|  |  |  |- Create graph: ....................... 0.000 s    
|  |  |  `- Refinement: ......................... 0.055 s    
|  |  |     |- Greedy Balancer: ................. 0.000 s    
|  |  |     `- Label Propagation: ............... 0.055 s    
|  |  |        |- Iteration (0): ................ 0.039 s    
|  |  |        |- Iteration (1): ................ 0.005 s    
|  |  |        |- Iteration (2): ................ 0.004 s    
|  |  |        |- Iteration (3): ................ 0.003 s    
|  |  |        `- Iteration (4): ................ 0.002 s    
|  |  |- Level (2): ............................. 0.177 s    
|  |  |  |- Allocation: ......................... 0.005 s    
|  |  |  |- Project partition: .................. 0.000 s    
|  |  |  |- Create graph: ....................... 0.000 s    
|  |  |  `- Refinement: ......................... 0.168 s    
|  |  |     |- Greedy Balancer: ................. 0.000 s    
|  |  |     `- Label Propagation: ............... 0.168 s    
|  |  |        |- Iteration (0): ................ 0.118 s    
|  |  |        |- Iteration (1): ................ 0.020 s    
|  |  |        |- Iteration (2): ................ 0.011 s    
|  |  |        |- Iteration (3): ................ 0.009 s    
|  |  |        `- Iteration (4): ................ 0.007 s    
|  |  |- Level (1): ............................. 0.459 s    
|  |  |  |- Allocation: ......................... 0.003 s    
|  |  |  |- Project partition: .................. 0.000 s    
|  |  |  |- Create graph: ....................... 0.000 s    
|  |  |  `- Refinement: ......................... 0.450 s    
|  |  |     |- Greedy Balancer: ................. 0.000 s    
|  |  |     `- Label Propagation: ............... 0.450 s    
|  |  |        |- Iteration (0): ................ 0.310 s    
|  |  |        |- Iteration (1): ................ 0.064 s    
|  |  |        |- Iteration (2): ................ 0.031 s    
|  |  |        |- Iteration (3): ................ 0.023 s    
|  |  |        `- Iteration (4): ................ 0.020 s    
|  |  `- Level (0): ............................. 0.987 s    
|  |     |- Allocation: ......................... 0.005 s    
|  |     |- Project partition: .................. 0.001 s    
|  |     |- Create graph: ....................... 0.001 s    
|  |     `- Refinement: ......................... 0.974 s    
|  |        |- Greedy Balancer: ................. 0.091 s    
|  |        |  |- Allocation: ................... 0.003 s    
|  |        |  |- Initialize balancer PQ: ....... 0.086 s    
|  |        |  |  |- Thread-local: .............. 0.080 s    
|  |        |  |  `- Merge thread-local PQs: .... 0.005 s    
|  |        |  `- Main loop: .................... 0.001 s    
|  |        `- Label Propagation: ............... 0.882 s    
|  |           |- Iteration (0): ................ 0.556 s    
|  |           |- Iteration (1): ................ 0.147 s    
|  |           |- Iteration (2): ................ 0.063 s    
|  |           |- Iteration (3): ................ 0.070 s    
|  |           `- Iteration (4): ................ 0.044 s    
|  |- Deallocation: ............................. 0.001 s    
|  `- Re-integrate isolated nodes: .............. 0.012 s    
`- IO: .......................................... 0.001 s    

Partition summary:
  Number of blocks: 16
  Edge cut:         173275195
  Imbalance:        0.029999
  Feasible:         yes

Block weights:
  w(0 ) = 928649     w(1 ) = 928658     w(2 ) = 918729     w(3 ) = 935700   
  w(4 ) = 929012     w(5 ) = 919078     w(6 ) = 935855     w(7 ) = 919092   
  w(8 ) = 935780     w(9 ) = 928237     w(10) = 633293     w(11) = 928223   
  w(12) = 907228     w(13) = 935618     w(14) = 935854     w(15) = 918561   

Maximum resident set size: 4399688 KiB
