[33m[Warning] [0m[33mThe edge weight type is not large enough to store the sum of all edge weights. [0m[33mThis might cause overflows for very large cuts.[0m
################################################################################
#                _  __       __  __  _         ____                            #
#               | |/ / __ _ |  \/  |(_) _ __  |  _ \  __ _  _ __               #
#               | ' / / _` || |\/| || || '_ \ | |_) |/ _` || '__|              #
#               | . \| (_| || |  | || || | | ||  __/| (_| || |                 #
#               |_|\_\\__,_||_|  |_||_||_| |_||_|    \__,_||_|                 #
#                                                                              #
################################################################################
Current commit hash:          99c62314d27845b3825829ec1e3e97256490627d
Assertion level:              always+light
Statistics:                   disabled
Built on:                     liskov
Data type sizes:
  Nodes IDs: 4 bytes | Node weights: 4 bytes
  Edges IDs: 4 bytes | Edge weights: 4 bytes
############################################################## Input Summary ###
Execution mode:               64
Seed:                         1
Graph:                        sk-2005 [node ordering: deg-buckets] [edge ordering: natural]
  Number of nodes:              50636154 (unweighted)
  Number of edges:            3620126660 (unweighted)
Number of blocks:             16
Maximum block weight:         3259702 (3164760 + 3% / 3%)
---------------------------------------------------------- Graph Compression ---
Enabled:                      no
-------------------------------------------------------- Partitioning Scheme ---
Partitioning mode:            deep
  Deep initial part. mode:    async-parallel
  Deep initial part. load:    1
Subgraph memory:              Lazy
----------------------------------------------------------------- Coarsening ---
Contraction limit:            2000
Coarsening algorithm:         clustering
  Cluster weight limit:       epsilon-block-weight x 1
  Shrink factor:              2.5
  Max mem-free level:         1
  Clustering algorithm:       lp
    Number of iterations:     5
    High degree threshold:    4294967295
    Max degree:               4294967295
    Tie breaking strategy:    uniform
    Implementation:           two-phase
      Relabel:                no
    2-hop clustering:         match-threadwise, if |Vcoarse| > 0.500000 * |V|
    Isolated nodes:           match-during-two-hop
  Forced hierarchy levels:    <none> (leeway: U=10.000000, L=1.100000)
Contraction algorithm:        unbuffered
  Implementation:             two-phase
------------------------------------------------------- Initial Partitioning ---
Adaptive algorithm selection: yes
----------------------------------------------------------------- Refinement ---
Refinement algorithms:        [greedy-balancer -> lp]
Label propagation:
  Number of iterations:       5
  Tie breaking strategy:      uniform
  Implementation:             single-phase
############################################################## Preprocessing ###
Removed 95 isolated nodes
  Remaining nodes:             50636059
  Remaining total node weight: 50636059
############################################################### Partitioning ###
Input graph:
 Number of nodes: 50636059 | Number of edges: 3620126660
 Maximum node weight: 1

Coarsening -> Level 1 [max cluster weight: 94948]:
 Total edge weight:   18446744072924259088
 Number of nodes:     20182319 | Number of edges: 2606424698
 Maximum node weight: 94952

Coarsening -> Level 2 [max cluster weight: 94948]:
 Total edge weight:   18446744072038638484
 Number of nodes:     8036068 | Number of edges: 485690442
 Maximum node weight: 94952

Coarsening -> Level 3 [max cluster weight: 94948]:
 Total edge weight:   1512964104
 Number of nodes:     3177239 | Number of edges: 102664022
 Maximum node weight: 94952

Coarsening -> Level 4 [max cluster weight: 94948]:
 Total edge weight:   922450886
 Number of nodes:     1244091 | Number of edges: 25797420
 Maximum node weight: 94952

Coarsening -> Level 5 [max cluster weight: 94948]:
 Total edge weight:   673292788
 Number of nodes:     480564 | Number of edges: 7152850
 Maximum node weight: 94952

Coarsening -> Level 6 [max cluster weight: 94948]:
 Total edge weight:   579113726
 Number of nodes:     181507 | Number of edges: 1985940
 Maximum node weight: 94952

Coarsening -> Level 7 [max cluster weight: 94948]:
 Total edge weight:   547454660
 Number of nodes:     72544 | Number of edges: 482808
 Maximum node weight: 189896

==> Coarsening terminated with less than 128000 nodes

Initial partitioning:
 Number of blocks: 16

Uncoarsening -> Level 6
 Number of nodes: 181507 | Number of edges: 1985940
  Running refinement on 16 blocks
   1. Greedy Balancer
   2. Label Propagation

Uncoarsening -> Level 5
 Number of nodes: 480564 | Number of edges: 7152850
  Running refinement on 16 blocks
   1. Greedy Balancer
   2. Label Propagation

Uncoarsening -> Level 4
 Number of nodes: 1244091 | Number of edges: 25797420
  Running refinement on 16 blocks
   1. Greedy Balancer
   2. Label Propagation

Uncoarsening -> Level 3
 Number of nodes: 3177239 | Number of edges: 102664022
  Running refinement on 16 blocks
   1. Greedy Balancer
   2. Label Propagation

Uncoarsening -> Level 2
 Number of nodes: 8036068 | Number of edges: 485690442
  Running refinement on 16 blocks
   1. Greedy Balancer
   2. Label Propagation

Uncoarsening -> Level 1
 Number of nodes: 20182319 | Number of edges: 2606424698
  Running refinement on 16 blocks
   1. Greedy Balancer
   2. Label Propagation

Uncoarsening -> Level 0
 Number of nodes: 50636059 | Number of edges: 3620126660
  Running refinement on 16 blocks
   1. Greedy Balancer
   2. Label Propagation
############################################################# Result Summary ###
RESULT cut=17172720 imbalance=0.0299997 feasible=1 k=16
TIME read_input_graph=34.659 partitioning=18.683 partitioning.rearrange_by_degree-buckets=0.638 partitioning.rearrange_by_degree-buckets.sort_nodes_by_integer_buckets=0.023 partitioning.rearrange_by_degree-buckets.rearrange_input_graph=0.541 partitioning.rearrange_by_degree-buckets.deallocation=0.065 partitioning.refinement=0.000 partitioning.refinement.allocation=0.000 partitioning.coarsening=15.446 partitioning.coarsening.level[0]=9.752 partitioning.coarsening.level[0].label_propagation=0.581 partitioning.coarsening.level[0].label_propagation.allocation=0.014 partitioning.coarsening.level[0].label_propagation.iteration[0]=0.546 partitioning.coarsening.level[0].label_propagation.iteration[0].first_phase=0.536 partitioning.coarsening.level[0].label_propagation.iteration[1]=0.000 partitioning.coarsening.level[0].label_propagation.iteration[1].first_phase=0.000 partitioning.coarsening.level[0].label_propagation.handle_isolated_nodes=0.000 partitioning.coarsening.level[0].label_propagation.handle_two-hop_nodes=0.000 partitioning.coarsening.level[0].label_propagation.free=0.009 partitioning.coarsening.level[0].contract_graph=9.169 partitioning.coarsening.level[0].contract_graph.allocation=0.003 partitioning.coarsening.level[0].contract_graph.preprocessing=0.092 partitioning.coarsening.level[0].contract_graph.deallocation=0.000 partitioning.coarsening.level[0].contract_graph.construct_coarse_graph=8.991 partitioning.coarsening.level[0].contract_graph.construct_coarse_graph.aggregate_coarse_edges=8.761 partitioning.coarsening.level[0].contract_graph.construct_coarse_graph.aggregate_coarse_edges.first_phase=3.950 partitioning.coarsening.level[0].contract_graph.construct_coarse_graph.aggregate_coarse_edges.second_phase=4.805 partitioning.coarsening.level[0].contract_graph.construct_coarse_graph.remap_coarse_edges_and_mapping=0.217 partitioning.coarsening.level[1]=4.356 partitioning.coarsening.level[1].label_propagation=1.998 partitioning.coarsening.level[1].label_propagation.allocation=0.011 partitioning.coarsening.level[1].label_propagation.iteration[0]=1.977 partitioning.coarsening.level[1].label_propagation.iteration[0].first_phase=0.432 partitioning.coarsening.level[1].label_propagation.iteration[0].second_phase=1.541 partitioning.coarsening.level[1].label_propagation.iteration[1]=0.000 partitioning.coarsening.level[1].label_propagation.iteration[1].first_phase=0.000 partitioning.coarsening.level[1].label_propagation.handle_isolated_nodes=0.000 partitioning.coarsening.level[1].label_propagation.handle_two-hop_nodes=0.000 partitioning.coarsening.level[1].contract_graph=2.357 partitioning.coarsening.level[1].contract_graph.allocation=0.002 partitioning.coarsening.level[1].contract_graph.preprocessing=0.039 partitioning.coarsening.level[1].contract_graph.deallocation=0.000 partitioning.coarsening.level[1].contract_graph.construct_coarse_graph=2.298 partitioning.coarsening.level[1].contract_graph.construct_coarse_graph.aggregate_coarse_edges=2.215 partitioning.coarsening.level[1].contract_graph.construct_coarse_graph.aggregate_coarse_edges.first_phase=1.075 partitioning.coarsening.level[1].contract_graph.construct_coarse_graph.aggregate_coarse_edges.second_phase=1.139 partitioning.coarsening.level[1].contract_graph.construct_coarse_graph.remap_coarse_edges_and_mapping=0.078 partitioning.coarsening.level[2]=0.993 partitioning.coarsening.level[2].label_propagation=0.571 partitioning.coarsening.level[2].label_propagation.iteration[0]=0.568 partitioning.coarsening.level[2].label_propagation.iteration[0].first_phase=0.341 partitioning.coarsening.level[2].label_propagation.iteration[0].second_phase=0.225 partitioning.coarsening.level[2].label_propagation.iteration[1]=0.000 partitioning.coarsening.level[2].label_propagation.iteration[1].first_phase=0.000 partitioning.coarsening.level[2].label_propagation.handle_isolated_nodes=0.000 partitioning.coarsening.level[2].label_propagation.handle_two-hop_nodes=0.000 partitioning.coarsening.level[2].contract_graph=0.420 partitioning.coarsening.level[2].contract_graph.allocation=0.002 partitioning.coarsening.level[2].contract_graph.preprocessing=0.015 partitioning.coarsening.level[2].contract_graph.deallocation=0.000 partitioning.coarsening.level[2].contract_graph.construct_coarse_graph=0.398 partitioning.coarsening.level[2].contract_graph.construct_coarse_graph.aggregate_coarse_edges=0.378 partitioning.coarsening.level[2].contract_graph.construct_coarse_graph.aggregate_coarse_edges.first_phase=0.272 partitioning.coarsening.level[2].contract_graph.construct_coarse_graph.aggregate_coarse_edges.second_phase=0.105 partitioning.coarsening.level[2].contract_graph.construct_coarse_graph.remap_coarse_edges_and_mapping=0.017 partitioning.coarsening.level[3]=0.227 partitioning.coarsening.level[3].label_propagation=0.126 partitioning.coarsening.level[3].label_propagation.iteration[0]=0.123 partitioning.coarsening.level[3].label_propagation.iteration[0].first_phase=0.098 partitioning.coarsening.level[3].label_propagation.iteration[0].second_phase=0.023 partitioning.coarsening.level[3].label_propagation.iteration[1]=0.000 partitioning.coarsening.level[3].label_propagation.iteration[1].first_phase=0.000 partitioning.coarsening.level[3].label_propagation.handle_isolated_nodes=0.000 partitioning.coarsening.level[3].label_propagation.handle_two-hop_nodes=0.000 partitioning.coarsening.level[3].contract_graph=0.099 partitioning.coarsening.level[3].contract_graph.allocation=0.001 partitioning.coarsening.level[3].contract_graph.preprocessing=0.007 partitioning.coarsening.level[3].contract_graph.deallocation=0.000 partitioning.coarsening.level[3].contract_graph.construct_coarse_graph=0.088 partitioning.coarsening.level[3].contract_graph.construct_coarse_graph.aggregate_coarse_edges=0.083 partitioning.coarsening.level[3].contract_graph.construct_coarse_graph.aggregate_coarse_edges.first_phase=0.054 partitioning.coarsening.level[3].contract_graph.construct_coarse_graph.aggregate_coarse_edges.second_phase=0.027 partitioning.coarsening.level[3].contract_graph.construct_coarse_graph.remap_coarse_edges_and_mapping=0.004 partitioning.coarsening.level[4]=0.078 partitioning.coarsening.level[4].label_propagation=0.037 partitioning.coarsening.level[4].label_propagation.iteration[0]=0.037 partitioning.coarsening.level[4].label_propagation.iteration[0].first_phase=0.030 partitioning.coarsening.level[4].label_propagation.iteration[0].second_phase=0.005 partitioning.coarsening.level[4].label_propagation.iteration[1]=0.000 partitioning.coarsening.level[4].label_propagation.iteration[1].first_phase=0.000 partitioning.coarsening.level[4].label_propagation.handle_isolated_nodes=0.000 partitioning.coarsening.level[4].label_propagation.handle_two-hop_nodes=0.000 partitioning.coarsening.level[4].contract_graph=0.039 partitioning.coarsening.level[4].contract_graph.allocation=0.000 partitioning.coarsening.level[4].contract_graph.preprocessing=0.009 partitioning.coarsening.level[4].contract_graph.deallocation=0.000 partitioning.coarsening.level[4].contract_graph.construct_coarse_graph=0.028 partitioning.coarsening.level[4].contract_graph.construct_coarse_graph.aggregate_coarse_edges=0.026 partitioning.coarsening.level[4].contract_graph.construct_coarse_graph.aggregate_coarse_edges.first_phase=0.022 partitioning.coarsening.level[4].contract_graph.construct_coarse_graph.aggregate_coarse_edges.second_phase=0.003 partitioning.coarsening.level[4].contract_graph.construct_coarse_graph.remap_coarse_edges_and_mapping=0.001 partitioning.coarsening.level[5]=0.026 partitioning.coarsening.level[5].label_propagation=0.010 partitioning.coarsening.level[5].label_propagation.iteration[0]=0.010 partitioning.coarsening.level[5].label_propagation.iteration[0].first_phase=0.008 partitioning.coarsening.level[5].label_propagation.iteration[0].second_phase=0.001 partitioning.coarsening.level[5].label_propagation.iteration[1]=0.000 partitioning.coarsening.level[5].label_propagation.iteration[1].first_phase=0.000 partitioning.coarsening.level[5].label_propagation.handle_isolated_nodes=0.000 partitioning.coarsening.level[5].label_propagation.handle_two-hop_nodes=0.000 partitioning.coarsening.level[5].contract_graph=0.016 partitioning.coarsening.level[5].contract_graph.allocation=0.000 partitioning.coarsening.level[5].contract_graph.preprocessing=0.001 partitioning.coarsening.level[5].contract_graph.deallocation=0.000 partitioning.coarsening.level[5].contract_graph.construct_coarse_graph=0.014 partitioning.coarsening.level[5].contract_graph.construct_coarse_graph.aggregate_coarse_edges=0.013 partitioning.coarsening.level[5].contract_graph.construct_coarse_graph.aggregate_coarse_edges.first_phase=0.013 partitioning.coarsening.level[5].contract_graph.construct_coarse_graph.aggregate_coarse_edges.second_phase=0.000 partitioning.coarsening.level[5].contract_graph.construct_coarse_graph.remap_coarse_edges_and_mapping=0.000 partitioning.coarsening.level[6]=0.010 partitioning.coarsening.level[6].label_propagation=0.005 partitioning.coarsening.level[6].label_propagation.iteration[0]=0.004 partitioning.coarsening.level[6].label_propagation.iteration[0].first_phase=0.004 partitioning.coarsening.level[6].label_propagation.iteration[0].second_phase=0.000 partitioning.coarsening.level[6].label_propagation.iteration[1]=0.000 partitioning.coarsening.level[6].label_propagation.iteration[1].first_phase=0.000 partitioning.coarsening.level[6].label_propagation.iteration[2]=0.000 partitioning.coarsening.level[6].label_propagation.iteration[2].first_phase=0.000 partitioning.coarsening.level[6].label_propagation.handle_isolated_nodes=0.000 partitioning.coarsening.level[6].label_propagation.handle_two-hop_nodes=0.000 partitioning.coarsening.level[6].contract_graph=0.004 partitioning.coarsening.level[6].contract_graph.allocation=0.000 partitioning.coarsening.level[6].contract_graph.preprocessing=0.000 partitioning.coarsening.level[6].contract_graph.deallocation=0.000 partitioning.coarsening.level[6].contract_graph.construct_coarse_graph=0.003 partitioning.coarsening.level[6].contract_graph.construct_coarse_graph.aggregate_coarse_edges=0.003 partitioning.coarsening.level[6].contract_graph.construct_coarse_graph.aggregate_coarse_edges.first_phase=0.003 partitioning.coarsening.level[6].contract_graph.construct_coarse_graph.aggregate_coarse_edges.second_phase=0.000 partitioning.coarsening.level[6].contract_graph.construct_coarse_graph.remap_coarse_edges_and_mapping=0.000 partitioning.coarsening.deallocation=0.001 partitioning.initial_partitioning_scheme=0.104 partitioning.uncoarsening=2.472 partitioning.uncoarsening.level[6]=0.020 partitioning.uncoarsening.level[6].allocation=0.000 partitioning.uncoarsening.level[6].project_partition=0.000 partitioning.uncoarsening.level[6].create_graph=0.000 partitioning.uncoarsening.level[6].refinement=0.019 partitioning.uncoarsening.level[6].refinement.greedy_balancer=0.013 partitioning.uncoarsening.level[6].refinement.greedy_balancer.allocation=0.000 partitioning.uncoarsening.level[6].refinement.greedy_balancer.initialize_balancer_pq=0.013 partitioning.uncoarsening.level[6].refinement.greedy_balancer.initialize_balancer_pq.thread-local=0.000 partitioning.uncoarsening.level[6].refinement.greedy_balancer.initialize_balancer_pq.merge_thread-local_pqs=0.012 partitioning.uncoarsening.level[6].refinement.greedy_balancer.main_loop=0.000 partitioning.uncoarsening.level[6].refinement.label_propagation=0.006 partitioning.uncoarsening.level[6].refinement.label_propagation.allocation=0.003 partitioning.uncoarsening.level[6].refinement.label_propagation.iteration[0]=0.001 partitioning.uncoarsening.level[6].refinement.label_propagation.iteration[1]=0.000 partitioning.uncoarsening.level[6].refinement.label_propagation.iteration[2]=0.000 partitioning.uncoarsening.level[6].refinement.label_propagation.iteration[3]=0.000 partitioning.uncoarsening.level[6].refinement.label_propagation.iteration[4]=0.000 partitioning.uncoarsening.level[5]=0.011 partitioning.uncoarsening.level[5].allocation=0.000 partitioning.uncoarsening.level[5].project_partition=0.000 partitioning.uncoarsening.level[5].create_graph=0.000 partitioning.uncoarsening.level[5].refinement=0.009 partitioning.uncoarsening.level[5].refinement.greedy_balancer=0.000 partitioning.uncoarsening.level[5].refinement.label_propagation=0.009 partitioning.uncoarsening.level[5].refinement.label_propagation.iteration[0]=0.003 partitioning.uncoarsening.level[5].refinement.label_propagation.iteration[1]=0.002 partitioning.uncoarsening.level[5].refinement.label_propagation.iteration[2]=0.001 partitioning.uncoarsening.level[5].refinement.label_propagation.iteration[3]=0.001 partitioning.uncoarsening.level[5].refinement.label_propagation.iteration[4]=0.000 partitioning.uncoarsening.level[4]=0.023 partitioning.uncoarsening.level[4].allocation=0.004 partitioning.uncoarsening.level[4].project_partition=0.000 partitioning.uncoarsening.level[4].create_graph=0.000 partitioning.uncoarsening.level[4].refinement=0.018 partitioning.uncoarsening.level[4].refinement.greedy_balancer=0.000 partitioning.uncoarsening.level[4].refinement.label_propagation=0.018 partitioning.uncoarsening.level[4].refinement.label_propagation.iteration[0]=0.008 partitioning.uncoarsening.level[4].refinement.label_propagation.iteration[1]=0.002 partitioning.uncoarsening.level[4].refinement.label_propagation.iteration[2]=0.002 partitioning.uncoarsening.level[4].refinement.label_propagation.iteration[3]=0.000 partitioning.uncoarsening.level[4].refinement.label_propagation.iteration[4]=0.002 partitioning.uncoarsening.level[3]=0.053 partitioning.uncoarsening.level[3].allocation=0.002 partitioning.uncoarsening.level[3].project_partition=0.000 partitioning.uncoarsening.level[3].create_graph=0.000 partitioning.uncoarsening.level[3].refinement=0.048 partitioning.uncoarsening.level[3].refinement.greedy_balancer=0.000 partitioning.uncoarsening.level[3].refinement.label_propagation=0.048 partitioning.uncoarsening.level[3].refinement.label_propagation.iteration[0]=0.022 partitioning.uncoarsening.level[3].refinement.label_propagation.iteration[1]=0.008 partitioning.uncoarsening.level[3].refinement.label_propagation.iteration[2]=0.007 partitioning.uncoarsening.level[3].refinement.label_propagation.iteration[3]=0.007 partitioning.uncoarsening.level[3].refinement.label_propagation.iteration[4]=0.001 partitioning.uncoarsening.level[2]=0.195 partitioning.uncoarsening.level[2].allocation=0.003 partitioning.uncoarsening.level[2].project_partition=0.000 partitioning.uncoarsening.level[2].create_graph=0.000 partitioning.uncoarsening.level[2].refinement=0.186 partitioning.uncoarsening.level[2].refinement.greedy_balancer=0.000 partitioning.uncoarsening.level[2].refinement.label_propagation=0.186 partitioning.uncoarsening.level[2].refinement.label_propagation.iteration[0]=0.113 partitioning.uncoarsening.level[2].refinement.label_propagation.iteration[1]=0.016 partitioning.uncoarsening.level[2].refinement.label_propagation.iteration[2]=0.024 partitioning.uncoarsening.level[2].refinement.label_propagation.iteration[3]=0.022 partitioning.uncoarsening.level[2].refinement.label_propagation.iteration[4]=0.007 partitioning.uncoarsening.level[1]=0.775 partitioning.uncoarsening.level[1].allocation=0.006 partitioning.uncoarsening.level[1].project_partition=0.002 partitioning.uncoarsening.level[1].create_graph=0.001 partitioning.uncoarsening.level[1].refinement=0.748 partitioning.uncoarsening.level[1].refinement.greedy_balancer=0.000 partitioning.uncoarsening.level[1].refinement.label_propagation=0.748 partitioning.uncoarsening.level[1].refinement.label_propagation.iteration[0]=0.480 partitioning.uncoarsening.level[1].refinement.label_propagation.iteration[1]=0.095 partitioning.uncoarsening.level[1].refinement.label_propagation.iteration[2]=0.080 partitioning.uncoarsening.level[1].refinement.label_propagation.iteration[3]=0.074 partitioning.uncoarsening.level[1].refinement.label_propagation.iteration[4]=0.015 partitioning.uncoarsening.level[0]=1.393 partitioning.uncoarsening.level[0].allocation=0.007 partitioning.uncoarsening.level[0].project_partition=0.005 partitioning.uncoarsening.level[0].create_graph=0.003 partitioning.uncoarsening.level[0].refinement=1.286 partitioning.uncoarsening.level[0].refinement.greedy_balancer=0.159 partitioning.uncoarsening.level[0].refinement.greedy_balancer.allocation=0.006 partitioning.uncoarsening.level[0].refinement.greedy_balancer.initialize_balancer_pq=0.151 partitioning.uncoarsening.level[0].refinement.greedy_balancer.initialize_balancer_pq.thread-local=0.133 partitioning.uncoarsening.level[0].refinement.greedy_balancer.initialize_balancer_pq.merge_thread-local_pqs=0.017 partitioning.uncoarsening.level[0].refinement.greedy_balancer.main_loop=0.001 partitioning.uncoarsening.level[0].refinement.label_propagation=1.126 partitioning.uncoarsening.level[0].refinement.label_propagation.iteration[0]=0.616 partitioning.uncoarsening.level[0].refinement.label_propagation.iteration[1]=0.137 partitioning.uncoarsening.level[0].refinement.label_propagation.iteration[2]=0.136 partitioning.uncoarsening.level[0].refinement.label_propagation.iteration[3]=0.120 partitioning.uncoarsening.level[0].refinement.label_propagation.iteration[4]=0.111 partitioning.deallocation=0.002 partitioning.re-integrate_isolated_nodes=0.016 io=0.004 
MEMORY disabled

Global Timer: ................................... 53.379 s    
|- Read input graph: ............................ 34.659 s    
|- Partitioning: ................................ 18.683 s    
|  |- Rearrange by degree-buckets: .............. 0.638 s     
|  |  |- Sort nodes by integer buckets: ......... 0.023 s     
|  |  |- Rearrange input graph: ................. 0.541 s     
|  |  `- Deallocation: .......................... 0.065 s     
|  |- Refinement: ............................... 0.000 s     
|  |  `- Allocation: ............................ 0.000 s     
|  |- Coarsening: ............................... 15.446 s    
|  |  |- Level (0): ............................. 9.752 s     
|  |  |  |- Label Propagation: .................. 0.581 s     
|  |  |  |  |- Allocation: ...................... 0.014 s     
|  |  |  |  |- Iteration (0): ................... 0.546 s     
|  |  |  |  |  `- First phase: .................. 0.536 s     
|  |  |  |  |- Iteration (1): ................... 0.000 s     
|  |  |  |  |  `- First phase: .................. 0.000 s     
|  |  |  |  |- Handle isolated nodes: ........... 0.000 s     
|  |  |  |  |- Handle two-hop nodes: ............ 0.000 s     
|  |  |  |  `- Free: ............................ 0.009 s     
|  |  |  `- Contract graph: ..................... 9.169 s     
|  |  |     |- Allocation: ...................... 0.003 s  (3)
|  |  |     |- Preprocessing: ................... 0.092 s  (3)
|  |  |     |- Deallocation: .................... 0.000 s     
|  |  |     `- Construct coarse graph: .......... 8.991 s     
|  |  |        |- Aggregate coarse edges: ....... 8.761 s     
|  |  |        |  |- First phase: ............... 3.950 s     
|  |  |        |  `- Second phase: .............. 4.805 s     
|  |  |        `- Remap coarse edges and mapping: 0.217 s     
|  |  |- Level (1): ............................. 4.356 s     
|  |  |  |- Label Propagation: .................. 1.998 s     
|  |  |  |  |- Allocation: ...................... 0.011 s     
|  |  |  |  |- Iteration (0): ................... 1.977 s     
|  |  |  |  |  |- First phase: .................. 0.432 s     
|  |  |  |  |  `- Second phase: ................. 1.541 s     
|  |  |  |  |- Iteration (1): ................... 0.000 s     
|  |  |  |  |  `- First phase: .................. 0.000 s     
|  |  |  |  |- Handle isolated nodes: ........... 0.000 s     
|  |  |  |  `- Handle two-hop nodes: ............ 0.000 s     
|  |  |  `- Contract graph: ..................... 2.357 s     
|  |  |     |- Allocation: ...................... 0.002 s  (3)
|  |  |     |- Preprocessing: ................... 0.039 s  (3)
|  |  |     |- Deallocation: .................... 0.000 s     
|  |  |     `- Construct coarse graph: .......... 2.298 s     
|  |  |        |- Aggregate coarse edges: ....... 2.215 s     
|  |  |        |  |- First phase: ............... 1.075 s     
|  |  |        |  `- Second phase: .............. 1.139 s     
|  |  |        `- Remap coarse edges and mapping: 0.078 s     
|  |  |- Level (2): ............................. 0.993 s     
|  |  |  |- Label Propagation: .................. 0.571 s     
|  |  |  |  |- Iteration (0): ................... 0.568 s     
|  |  |  |  |  |- First phase: .................. 0.341 s     
|  |  |  |  |  `- Second phase: ................. 0.225 s     
|  |  |  |  |- Iteration (1): ................... 0.000 s     
|  |  |  |  |  `- First phase: .................. 0.000 s     
|  |  |  |  |- Handle isolated nodes: ........... 0.000 s     
|  |  |  |  `- Handle two-hop nodes: ............ 0.000 s     
|  |  |  `- Contract graph: ..................... 0.420 s     
|  |  |     |- Allocation: ...................... 0.002 s  (3)
|  |  |     |- Preprocessing: ................... 0.015 s  (3)
|  |  |     |- Deallocation: .................... 0.000 s     
|  |  |     `- Construct coarse graph: .......... 0.398 s     
|  |  |        |- Aggregate coarse edges: ....... 0.378 s     
|  |  |        |  |- First phase: ............... 0.272 s     
|  |  |        |  `- Second phase: .............. 0.105 s     
|  |  |        `- Remap coarse edges and mapping: 0.017 s     
|  |  |- Level (3): ............................. 0.227 s     
|  |  |  |- Label Propagation: .................. 0.126 s     
|  |  |  |  |- Iteration (0): ................... 0.123 s     
|  |  |  |  |  |- First phase: .................. 0.098 s     
|  |  |  |  |  `- Second phase: ................. 0.023 s     
|  |  |  |  |- Iteration (1): ................... 0.000 s     
|  |  |  |  |  `- First phase: .................. 0.000 s     
|  |  |  |  |- Handle isolated nodes: ........... 0.000 s     
|  |  |  |  `- Handle two-hop nodes: ............ 0.000 s     
|  |  |  `- Contract graph: ..................... 0.099 s     
|  |  |     |- Allocation: ...................... 0.001 s  (3)
|  |  |     |- Preprocessing: ................... 0.007 s  (3)
|  |  |     |- Deallocation: .................... 0.000 s     
|  |  |     `- Construct coarse graph: .......... 0.088 s     
|  |  |        |- Aggregate coarse edges: ....... 0.083 s     
|  |  |        |  |- First phase: ............... 0.054 s     
|  |  |        |  `- Second phase: .............. 0.027 s     
|  |  |        `- Remap coarse edges and mapping: 0.004 s     
|  |  |- Level (4): ............................. 0.078 s     
|  |  |  |- Label Propagation: .................. 0.037 s     
|  |  |  |  |- Iteration (0): ................... 0.037 s     
|  |  |  |  |  |- First phase: .................. 0.030 s     
|  |  |  |  |  `- Second phase: ................. 0.005 s     
|  |  |  |  |- Iteration (1): ................... 0.000 s     
|  |  |  |  |  `- First phase: .................. 0.000 s     
|  |  |  |  |- Handle isolated nodes: ........... 0.000 s     
|  |  |  |  `- Handle two-hop nodes: ............ 0.000 s     
|  |  |  `- Contract graph: ..................... 0.039 s     
|  |  |     |- Allocation: ...................... 0.000 s  (3)
|  |  |     |- Preprocessing: ................... 0.009 s  (3)
|  |  |     |- Deallocation: .................... 0.000 s     
|  |  |     `- Construct coarse graph: .......... 0.028 s     
|  |  |        |- Aggregate coarse edges: ....... 0.026 s     
|  |  |        |  |- First phase: ............... 0.022 s     
|  |  |        |  `- Second phase: .............. 0.003 s     
|  |  |        `- Remap coarse edges and mapping: 0.001 s     
|  |  |- Level (5): ............................. 0.026 s     
|  |  |  |- Label Propagation: .................. 0.010 s     
|  |  |  |  |- Iteration (0): ................... 0.010 s     
|  |  |  |  |  |- First phase: .................. 0.008 s     
|  |  |  |  |  `- Second phase: ................. 0.001 s     
|  |  |  |  |- Iteration (1): ................... 0.000 s     
|  |  |  |  |  `- First phase: .................. 0.000 s     
|  |  |  |  |- Handle isolated nodes: ........... 0.000 s     
|  |  |  |  `- Handle two-hop nodes: ............ 0.000 s     
|  |  |  `- Contract graph: ..................... 0.016 s     
|  |  |     |- Allocation: ...................... 0.000 s  (3)
|  |  |     |- Preprocessing: ................... 0.001 s  (3)
|  |  |     |- Deallocation: .................... 0.000 s     
|  |  |     `- Construct coarse graph: .......... 0.014 s     
|  |  |        |- Aggregate coarse edges: ....... 0.013 s     
|  |  |        |  |- First phase: ............... 0.013 s     
|  |  |        |  `- Second phase: .............. 0.000 s     
|  |  |        `- Remap coarse edges and mapping: 0.000 s     
|  |  |- Level (6): ............................. 0.010 s     
|  |  |  |- Label Propagation: .................. 0.005 s     
|  |  |  |  |- Iteration (0): ................... 0.004 s     
|  |  |  |  |  |- First phase: .................. 0.004 s     
|  |  |  |  |  `- Second phase: ................. 0.000 s     
|  |  |  |  |- Iteration (1): ................... 0.000 s     
|  |  |  |  |  `- First phase: .................. 0.000 s     
|  |  |  |  |- Iteration (2): ................... 0.000 s     
|  |  |  |  |  `- First phase: .................. 0.000 s     
|  |  |  |  |- Handle isolated nodes: ........... 0.000 s     
|  |  |  |  `- Handle two-hop nodes: ............ 0.000 s     
|  |  |  `- Contract graph: ..................... 0.004 s     
|  |  |     |- Allocation: ...................... 0.000 s  (3)
|  |  |     |- Preprocessing: ................... 0.000 s  (3)
|  |  |     |- Deallocation: .................... 0.000 s     
|  |  |     `- Construct coarse graph: .......... 0.003 s     
|  |  |        |- Aggregate coarse edges: ....... 0.003 s     
|  |  |        |  |- First phase: ............... 0.003 s     
|  |  |        |  `- Second phase: .............. 0.000 s     
|  |  |        `- Remap coarse edges and mapping: 0.000 s     
|  |  `- Deallocation: .......................... 0.001 s     
|  |- Initial partitioning scheme: .............. 0.104 s     
|  |- Uncoarsening: ............................. 2.472 s     
|  |  |- Level (6): ............................. 0.020 s     
|  |  |  |- Allocation: ......................... 0.000 s     
|  |  |  |- Project partition: .................. 0.000 s     
|  |  |  |- Create graph: ....................... 0.000 s     
|  |  |  `- Refinement: ......................... 0.019 s     
|  |  |     |- Greedy Balancer: ................. 0.013 s     
|  |  |     |  |- Allocation: ................... 0.000 s     
|  |  |     |  |- Initialize balancer PQ: ....... 0.013 s     
|  |  |     |  |  |- Thread-local: .............. 0.000 s     
|  |  |     |  |  `- Merge thread-local PQs: .... 0.012 s     
|  |  |     |  `- Main loop: .................... 0.000 s     
|  |  |     `- Label Propagation: ............... 0.006 s     
|  |  |        |- Allocation: ................... 0.003 s     
|  |  |        |- Iteration (0): ................ 0.001 s     
|  |  |        |- Iteration (1): ................ 0.000 s     
|  |  |        |- Iteration (2): ................ 0.000 s     
|  |  |        |- Iteration (3): ................ 0.000 s     
|  |  |        `- Iteration (4): ................ 0.000 s     
|  |  |- Level (5): ............................. 0.011 s     
|  |  |  |- Allocation: ......................... 0.000 s     
|  |  |  |- Project partition: .................. 0.000 s     
|  |  |  |- Create graph: ....................... 0.000 s     
|  |  |  `- Refinement: ......................... 0.009 s     
|  |  |     |- Greedy Balancer: ................. 0.000 s     
|  |  |     `- Label Propagation: ............... 0.009 s     
|  |  |        |- Iteration (0): ................ 0.003 s     
|  |  |        |- Iteration (1): ................ 0.002 s     
|  |  |        |- Iteration (2): ................ 0.001 s     
|  |  |        |- Iteration (3): ................ 0.001 s     
|  |  |        `- Iteration (4): ................ 0.000 s     
|  |  |- Level (4): ............................. 0.023 s     
|  |  |  |- Allocation: ......................... 0.004 s     
|  |  |  |- Project partition: .................. 0.000 s     
|  |  |  |- Create graph: ....................... 0.000 s     
|  |  |  `- Refinement: ......................... 0.018 s     
|  |  |     |- Greedy Balancer: ................. 0.000 s     
|  |  |     `- Label Propagation: ............... 0.018 s     
|  |  |        |- Iteration (0): ................ 0.008 s     
|  |  |        |- Iteration (1): ................ 0.002 s     
|  |  |        |- Iteration (2): ................ 0.002 s     
|  |  |        |- Iteration (3): ................ 0.000 s     
|  |  |        `- Iteration (4): ................ 0.002 s     
|  |  |- Level (3): ............................. 0.053 s     
|  |  |  |- Allocation: ......................... 0.002 s     
|  |  |  |- Project partition: .................. 0.000 s     
|  |  |  |- Create graph: ....................... 0.000 s     
|  |  |  `- Refinement: ......................... 0.048 s     
|  |  |     |- Greedy Balancer: ................. 0.000 s     
|  |  |     `- Label Propagation: ............... 0.048 s     
|  |  |        |- Iteration (0): ................ 0.022 s     
|  |  |        |- Iteration (1): ................ 0.008 s     
|  |  |        |- Iteration (2): ................ 0.007 s     
|  |  |        |- Iteration (3): ................ 0.007 s     
|  |  |        `- Iteration (4): ................ 0.001 s     
|  |  |- Level (2): ............................. 0.195 s     
|  |  |  |- Allocation: ......................... 0.003 s     
|  |  |  |- Project partition: .................. 0.000 s     
|  |  |  |- Create graph: ....................... 0.000 s     
|  |  |  `- Refinement: ......................... 0.186 s     
|  |  |     |- Greedy Balancer: ................. 0.000 s     
|  |  |     `- Label Propagation: ............... 0.186 s     
|  |  |        |- Iteration (0): ................ 0.113 s     
|  |  |        |- Iteration (1): ................ 0.016 s     
|  |  |        |- Iteration (2): ................ 0.024 s     
|  |  |        |- Iteration (3): ................ 0.022 s     
|  |  |        `- Iteration (4): ................ 0.007 s     
|  |  |- Level (1): ............................. 0.775 s     
|  |  |  |- Allocation: ......................... 0.006 s     
|  |  |  |- Project partition: .................. 0.002 s     
|  |  |  |- Create graph: ....................... 0.001 s     
|  |  |  `- Refinement: ......................... 0.748 s     
|  |  |     |- Greedy Balancer: ................. 0.000 s     
|  |  |     `- Label Propagation: ............... 0.748 s     
|  |  |        |- Iteration (0): ................ 0.480 s     
|  |  |        |- Iteration (1): ................ 0.095 s     
|  |  |        |- Iteration (2): ................ 0.080 s     
|  |  |        |- Iteration (3): ................ 0.074 s     
|  |  |        `- Iteration (4): ................ 0.015 s     
|  |  `- Level (0): ............................. 1.393 s     
|  |     |- Allocation: ......................... 0.007 s     
|  |     |- Project partition: .................. 0.005 s     
|  |     |- Create graph: ....................... 0.003 s     
|  |     `- Refinement: ......................... 1.286 s     
|  |        |- Greedy Balancer: ................. 0.159 s     
|  |        |  |- Allocation: ................... 0.006 s     
|  |        |  |- Initialize balancer PQ: ....... 0.151 s     
|  |        |  |  |- Thread-local: .............. 0.133 s     
|  |        |  |  `- Merge thread-local PQs: .... 0.017 s     
|  |        |  `- Main loop: .................... 0.001 s     
|  |        `- Label Propagation: ............... 1.126 s     
|  |           |- Iteration (0): ................ 0.616 s     
|  |           |- Iteration (1): ................ 0.137 s     
|  |           |- Iteration (2): ................ 0.136 s     
|  |           |- Iteration (3): ................ 0.120 s     
|  |           `- Iteration (4): ................ 0.111 s     
|  |- Deallocation: ............................. 0.002 s     
|  `- Re-integrate isolated nodes: .............. 0.016 s     
`- IO: .......................................... 0.004 s     

Partition summary:
  Number of blocks: 16
  Edge cut:         17172720
  Imbalance:        0.0299997
  Feasible:         yes

Block weights:
  w(0 ) = 3259702    w(1 ) = 3259702    w(2 ) = 3259702    w(3 ) = 3258956  
  w(4 ) = 3259697    w(5 ) = 3242624    w(6 ) = 3259701    w(7 ) = 3258433  
  w(8 ) = 3259701    w(9 ) = 2320958    w(10) = 3259701    w(11) = 3184781  
  w(12) = 3259693    w(13) = 3258591    w(14) = 3259701    w(15) = 2774511  

Maximum resident set size: 45647920 KiB
