[33m[Warning] [0m[33mThe edge weight type is not large enough to store the sum of all edge weights. [0m[33mThis might cause overflows for very large cuts.[0m
################################################################################
#                _  __       __  __  _         ____                            #
#               | |/ / __ _ |  \/  |(_) _ __  |  _ \  __ _  _ __               #
#               | ' / / _` || |\/| || || '_ \ | |_) |/ _` || '__|              #
#               | . \| (_| || |  | || || | | ||  __/| (_| || |                 #
#               |_|\_\\__,_||_|  |_||_||_| |_||_|    \__,_||_|                 #
#                                                                              #
################################################################################
Current commit hash:          99c62314d27845b3825829ec1e3e97256490627d
Assertion level:              always+light
Statistics:                   disabled
Built on:                     liskov
Data type sizes:
  Nodes IDs: 4 bytes | Node weights: 4 bytes
  Edges IDs: 4 bytes | Edge weights: 4 bytes
############################################################## Input Summary ###
Execution mode:               64
Seed:                         1
Graph:                        twitter-2010 [node ordering: deg-buckets] [edge ordering: natural]
  Number of nodes:              41652230 (unweighted)
  Number of edges:            2405026092 (unweighted)
Number of blocks:             16
Maximum block weight:         2681362 (2603265 + 3% / 3%)
---------------------------------------------------------- Graph Compression ---
Enabled:                      no
-------------------------------------------------------- Partitioning Scheme ---
Partitioning mode:            deep
  Deep initial part. mode:    async-parallel
  Deep initial part. load:    1
Subgraph memory:              Lazy
----------------------------------------------------------------- Coarsening ---
Contraction limit:            2000
Coarsening algorithm:         clustering
  Cluster weight limit:       epsilon-block-weight x 1
  Shrink factor:              2.5
  Max mem-free level:         1
  Clustering algorithm:       lp
    Number of iterations:     5
    High degree threshold:    4294967295
    Max degree:               4294967295
    Tie breaking strategy:    uniform
    Implementation:           two-phase
      Relabel:                no
    2-hop clustering:         match-threadwise, if |Vcoarse| > 0.500000 * |V|
    Isolated nodes:           match-during-two-hop
  Forced hierarchy levels:    <none> (leeway: U=10.000000, L=1.100000)
Contraction algorithm:        unbuffered
  Implementation:             two-phase
------------------------------------------------------- Initial Partitioning ---
Adaptive algorithm selection: yes
----------------------------------------------------------------- Refinement ---
Refinement algorithms:        [greedy-balancer -> lp]
Label propagation:
  Number of iterations:       5
  Tie breaking strategy:      uniform
  Implementation:             single-phase
############################################################## Preprocessing ###
Removed 0 isolated nodes
  Remaining nodes:             41652230
  Remaining total node weight: 41652230
############################################################### Partitioning ###
Input graph:
 Number of nodes: 41652230 | Number of edges: 2405026092
 Maximum node weight: 1

Coarsening -> Level 1 [max cluster weight: 78097]:
 Total edge weight:   18446744071767264928
 Number of nodes:     16549343 | Number of edges: 2218327982
 Maximum node weight: 77760

Coarsening -> Level 2 [max cluster weight: 78097]:
 Total edge weight:   18446744071653053690
 Number of nodes:     6587763 | Number of edges: 847991272
 Maximum node weight: 78098

Coarsening -> Level 3 [max cluster weight: 78097]:
 Total edge weight:   18446744071574088836
 Number of nodes:     2611433 | Number of edges: 336350574
 Maximum node weight: 78098

Coarsening -> Level 4 [max cluster weight: 78097]:
 Total edge weight:   2123660004
 Number of nodes:     1029545 | Number of edges: 135468840
 Maximum node weight: 78098

Coarsening -> Level 5 [max cluster weight: 78097]:
 Total edge weight:   2106393616
 Number of nodes:     402902 | Number of edges: 49447272
 Maximum node weight: 78098

Coarsening -> Level 6 [max cluster weight: 78097]:
 Total edge weight:   2098497008
 Number of nodes:     155016 | Number of edges: 14207892
 Maximum node weight: 78098

Coarsening -> Level 7 [max cluster weight: 78097]:
 Total edge weight:   2095483888
 Number of nodes:     64579 | Number of edges: 1027868
 Maximum node weight: 78098

==> Coarsening terminated with less than 128000 nodes

Initial partitioning:
 Number of blocks: 16

Uncoarsening -> Level 6
 Number of nodes: 155016 | Number of edges: 14207892
  Running refinement on 16 blocks
   1. Greedy Balancer
   2. Label Propagation

Uncoarsening -> Level 5
 Number of nodes: 402902 | Number of edges: 49447272
  Running refinement on 16 blocks
   1. Greedy Balancer
   2. Label Propagation

Uncoarsening -> Level 4
 Number of nodes: 1029545 | Number of edges: 135468840
  Running refinement on 16 blocks
   1. Greedy Balancer
   2. Label Propagation

Uncoarsening -> Level 3
 Number of nodes: 2611433 | Number of edges: 336350574
  Running refinement on 16 blocks
   1. Greedy Balancer
   2. Label Propagation

Uncoarsening -> Level 2
 Number of nodes: 6587763 | Number of edges: 847991272
  Running refinement on 16 blocks
   1. Greedy Balancer
   2. Label Propagation

Uncoarsening -> Level 1
 Number of nodes: 16549343 | Number of edges: 2218327982
  Running refinement on 16 blocks
   1. Greedy Balancer
   2. Label Propagation

Uncoarsening -> Level 0
 Number of nodes: 41652230 | Number of edges: 2405026092
  Running refinement on 16 blocks
   1. Greedy Balancer
   2. Label Propagation
############################################################# Result Summary ###
RESULT cut=660414209 imbalance=0.0299996 feasible=1 k=16
TIME read_input_graph=23.619 partitioning=40.133 partitioning.rearrange_by_degree-buckets=0.813 partitioning.rearrange_by_degree-buckets.sort_nodes_by_integer_buckets=0.020 partitioning.rearrange_by_degree-buckets.rearrange_input_graph=0.744 partitioning.rearrange_by_degree-buckets.deallocation=0.041 partitioning.refinement=0.000 partitioning.refinement.allocation=0.000 partitioning.coarsening=26.760 partitioning.coarsening.level[0]=9.144 partitioning.coarsening.level[0].label_propagation=0.735 partitioning.coarsening.level[0].label_propagation.allocation=0.014 partitioning.coarsening.level[0].label_propagation.iteration[0]=0.699 partitioning.coarsening.level[0].label_propagation.iteration[0].first_phase=0.690 partitioning.coarsening.level[0].label_propagation.iteration[1]=0.000 partitioning.coarsening.level[0].label_propagation.iteration[1].first_phase=0.000 partitioning.coarsening.level[0].label_propagation.handle_isolated_nodes=0.000 partitioning.coarsening.level[0].label_propagation.handle_two-hop_nodes=0.000 partitioning.coarsening.level[0].label_propagation.free=0.011 partitioning.coarsening.level[0].contract_graph=8.406 partitioning.coarsening.level[0].contract_graph.allocation=0.003 partitioning.coarsening.level[0].contract_graph.preprocessing=0.131 partitioning.coarsening.level[0].contract_graph.deallocation=0.000 partitioning.coarsening.level[0].contract_graph.construct_coarse_graph=8.203 partitioning.coarsening.level[0].contract_graph.construct_coarse_graph.aggregate_coarse_edges=7.770 partitioning.coarsening.level[0].contract_graph.construct_coarse_graph.aggregate_coarse_edges.first_phase=4.647 partitioning.coarsening.level[0].contract_graph.construct_coarse_graph.aggregate_coarse_edges.second_phase=3.110 partitioning.coarsening.level[0].contract_graph.construct_coarse_graph.remap_coarse_edges_and_mapping=0.425 partitioning.coarsening.level[1]=8.230 partitioning.coarsening.level[1].label_propagation=2.807 partitioning.coarsening.level[1].label_propagation.allocation=0.016 partitioning.coarsening.level[1].label_propagation.iteration[0]=2.787 partitioning.coarsening.level[1].label_propagation.iteration[0].first_phase=1.496 partitioning.coarsening.level[1].label_propagation.iteration[0].second_phase=1.288 partitioning.coarsening.level[1].label_propagation.iteration[1]=0.000 partitioning.coarsening.level[1].label_propagation.iteration[1].first_phase=0.000 partitioning.coarsening.level[1].label_propagation.handle_isolated_nodes=0.000 partitioning.coarsening.level[1].label_propagation.handle_two-hop_nodes=0.000 partitioning.coarsening.level[1].contract_graph=5.422 partitioning.coarsening.level[1].contract_graph.allocation=0.002 partitioning.coarsening.level[1].contract_graph.preprocessing=0.096 partitioning.coarsening.level[1].contract_graph.deallocation=0.000 partitioning.coarsening.level[1].contract_graph.construct_coarse_graph=5.297 partitioning.coarsening.level[1].contract_graph.construct_coarse_graph.aggregate_coarse_edges=5.161 partitioning.coarsening.level[1].contract_graph.construct_coarse_graph.aggregate_coarse_edges.first_phase=1.439 partitioning.coarsening.level[1].contract_graph.construct_coarse_graph.aggregate_coarse_edges.second_phase=3.721 partitioning.coarsening.level[1].contract_graph.construct_coarse_graph.remap_coarse_edges_and_mapping=0.131 partitioning.coarsening.level[2]=5.104 partitioning.coarsening.level[2].label_propagation=2.189 partitioning.coarsening.level[2].label_propagation.iteration[0]=2.182 partitioning.coarsening.level[2].label_propagation.iteration[0].first_phase=1.524 partitioning.coarsening.level[2].label_propagation.iteration[0].second_phase=0.656 partitioning.coarsening.level[2].label_propagation.iteration[1]=0.000 partitioning.coarsening.level[2].label_propagation.iteration[1].first_phase=0.000 partitioning.coarsening.level[2].label_propagation.handle_isolated_nodes=0.000 partitioning.coarsening.level[2].label_propagation.handle_two-hop_nodes=0.000 partitioning.coarsening.level[2].contract_graph=2.915 partitioning.coarsening.level[2].contract_graph.allocation=0.001 partitioning.coarsening.level[2].contract_graph.preprocessing=0.068 partitioning.coarsening.level[2].contract_graph.deallocation=0.000 partitioning.coarsening.level[2].contract_graph.construct_coarse_graph=2.833 partitioning.coarsening.level[2].contract_graph.construct_coarse_graph.aggregate_coarse_edges=2.780 partitioning.coarsening.level[2].contract_graph.construct_coarse_graph.aggregate_coarse_edges.first_phase=0.748 partitioning.coarsening.level[2].contract_graph.construct_coarse_graph.aggregate_coarse_edges.second_phase=2.032 partitioning.coarsening.level[2].contract_graph.construct_coarse_graph.remap_coarse_edges_and_mapping=0.050 partitioning.coarsening.level[3]=2.627 partitioning.coarsening.level[3].label_propagation=1.303 partitioning.coarsening.level[3].label_propagation.iteration[0]=1.302 partitioning.coarsening.level[3].label_propagation.iteration[0].first_phase=0.867 partitioning.coarsening.level[3].label_propagation.iteration[0].second_phase=0.433 partitioning.coarsening.level[3].label_propagation.iteration[1]=0.000 partitioning.coarsening.level[3].label_propagation.iteration[1].first_phase=0.000 partitioning.coarsening.level[3].label_propagation.handle_isolated_nodes=0.000 partitioning.coarsening.level[3].label_propagation.handle_two-hop_nodes=0.000 partitioning.coarsening.level[3].contract_graph=1.323 partitioning.coarsening.level[3].contract_graph.allocation=0.001 partitioning.coarsening.level[3].contract_graph.preprocessing=0.025 partitioning.coarsening.level[3].contract_graph.deallocation=0.000 partitioning.coarsening.level[3].contract_graph.construct_coarse_graph=1.293 partitioning.coarsening.level[3].contract_graph.construct_coarse_graph.aggregate_coarse_edges=1.272 partitioning.coarsening.level[3].contract_graph.construct_coarse_graph.aggregate_coarse_edges.first_phase=0.247 partitioning.coarsening.level[3].contract_graph.construct_coarse_graph.aggregate_coarse_edges.second_phase=1.024 partitioning.coarsening.level[3].contract_graph.construct_coarse_graph.remap_coarse_edges_and_mapping=0.020 partitioning.coarsening.level[4]=1.089 partitioning.coarsening.level[4].label_propagation=0.581 partitioning.coarsening.level[4].label_propagation.iteration[0]=0.581 partitioning.coarsening.level[4].label_propagation.iteration[0].first_phase=0.388 partitioning.coarsening.level[4].label_propagation.iteration[0].second_phase=0.192 partitioning.coarsening.level[4].label_propagation.iteration[1]=0.000 partitioning.coarsening.level[4].label_propagation.iteration[1].first_phase=0.000 partitioning.coarsening.level[4].label_propagation.handle_isolated_nodes=0.000 partitioning.coarsening.level[4].label_propagation.handle_two-hop_nodes=0.000 partitioning.coarsening.level[4].contract_graph=0.507 partitioning.coarsening.level[4].contract_graph.allocation=0.001 partitioning.coarsening.level[4].contract_graph.preprocessing=0.015 partitioning.coarsening.level[4].contract_graph.deallocation=0.000 partitioning.coarsening.level[4].contract_graph.construct_coarse_graph=0.489 partitioning.coarsening.level[4].contract_graph.construct_coarse_graph.aggregate_coarse_edges=0.481 partitioning.coarsening.level[4].contract_graph.construct_coarse_graph.aggregate_coarse_edges.first_phase=0.090 partitioning.coarsening.level[4].contract_graph.construct_coarse_graph.aggregate_coarse_edges.second_phase=0.390 partitioning.coarsening.level[4].contract_graph.construct_coarse_graph.remap_coarse_edges_and_mapping=0.007 partitioning.coarsening.level[5]=0.281 partitioning.coarsening.level[5].label_propagation=0.225 partitioning.coarsening.level[5].label_propagation.iteration[0]=0.225 partitioning.coarsening.level[5].label_propagation.iteration[0].first_phase=0.170 partitioning.coarsening.level[5].label_propagation.iteration[0].second_phase=0.054 partitioning.coarsening.level[5].label_propagation.iteration[1]=0.000 partitioning.coarsening.level[5].label_propagation.iteration[1].first_phase=0.000 partitioning.coarsening.level[5].label_propagation.handle_isolated_nodes=0.000 partitioning.coarsening.level[5].label_propagation.handle_two-hop_nodes=0.000 partitioning.coarsening.level[5].contract_graph=0.056 partitioning.coarsening.level[5].contract_graph.allocation=0.000 partitioning.coarsening.level[5].contract_graph.preprocessing=0.004 partitioning.coarsening.level[5].contract_graph.deallocation=0.000 partitioning.coarsening.level[5].contract_graph.construct_coarse_graph=0.049 partitioning.coarsening.level[5].contract_graph.construct_coarse_graph.aggregate_coarse_edges=0.047 partitioning.coarsening.level[5].contract_graph.construct_coarse_graph.aggregate_coarse_edges.first_phase=0.036 partitioning.coarsening.level[5].contract_graph.construct_coarse_graph.aggregate_coarse_edges.second_phase=0.011 partitioning.coarsening.level[5].contract_graph.construct_coarse_graph.remap_coarse_edges_and_mapping=0.002 partitioning.coarsening.level[6]=0.281 partitioning.coarsening.level[6].label_propagation=0.267 partitioning.coarsening.level[6].label_propagation.iteration[0]=0.117 partitioning.coarsening.level[6].label_propagation.iteration[0].first_phase=0.106 partitioning.coarsening.level[6].label_propagation.iteration[0].second_phase=0.010 partitioning.coarsening.level[6].label_propagation.iteration[1]=0.064 partitioning.coarsening.level[6].label_propagation.iteration[1].first_phase=0.064 partitioning.coarsening.level[6].label_propagation.iteration[2]=0.042 partitioning.coarsening.level[6].label_propagation.iteration[2].first_phase=0.042 partitioning.coarsening.level[6].label_propagation.iteration[3]=0.023 partitioning.coarsening.level[6].label_propagation.iteration[3].first_phase=0.023 partitioning.coarsening.level[6].label_propagation.iteration[4]=0.019 partitioning.coarsening.level[6].label_propagation.iteration[4].first_phase=0.019 partitioning.coarsening.level[6].label_propagation.handle_isolated_nodes=0.000 partitioning.coarsening.level[6].label_propagation.handle_two-hop_nodes=0.000 partitioning.coarsening.level[6].contract_graph=0.013 partitioning.coarsening.level[6].contract_graph.allocation=0.000 partitioning.coarsening.level[6].contract_graph.preprocessing=0.001 partitioning.coarsening.level[6].contract_graph.deallocation=0.000 partitioning.coarsening.level[6].contract_graph.construct_coarse_graph=0.012 partitioning.coarsening.level[6].contract_graph.construct_coarse_graph.aggregate_coarse_edges=0.012 partitioning.coarsening.level[6].contract_graph.construct_coarse_graph.aggregate_coarse_edges.first_phase=0.011 partitioning.coarsening.level[6].contract_graph.construct_coarse_graph.aggregate_coarse_edges.second_phase=0.000 partitioning.coarsening.level[6].contract_graph.construct_coarse_graph.remap_coarse_edges_and_mapping=0.000 partitioning.coarsening.deallocation=0.000 partitioning.initial_partitioning_scheme=0.194 partitioning.uncoarsening=12.343 partitioning.uncoarsening.level[6]=0.033 partitioning.uncoarsening.level[6].allocation=0.000 partitioning.uncoarsening.level[6].project_partition=0.000 partitioning.uncoarsening.level[6].create_graph=0.000 partitioning.uncoarsening.level[6].refinement=0.033 partitioning.uncoarsening.level[6].refinement.greedy_balancer=0.000 partitioning.uncoarsening.level[6].refinement.label_propagation=0.033 partitioning.uncoarsening.level[6].refinement.label_propagation.allocation=0.007 partitioning.uncoarsening.level[6].refinement.label_propagation.iteration[0]=0.019 partitioning.uncoarsening.level[6].refinement.label_propagation.iteration[1]=0.002 partitioning.uncoarsening.level[6].refinement.label_propagation.iteration[2]=0.001 partitioning.uncoarsening.level[6].refinement.label_propagation.iteration[3]=0.001 partitioning.uncoarsening.level[6].refinement.label_propagation.iteration[4]=0.000 partitioning.uncoarsening.level[5]=0.067 partitioning.uncoarsening.level[5].allocation=0.000 partitioning.uncoarsening.level[5].project_partition=0.000 partitioning.uncoarsening.level[5].create_graph=0.000 partitioning.uncoarsening.level[5].refinement=0.066 partitioning.uncoarsening.level[5].refinement.greedy_balancer=0.000 partitioning.uncoarsening.level[5].refinement.label_propagation=0.066 partitioning.uncoarsening.level[5].refinement.label_propagation.iteration[0]=0.040 partitioning.uncoarsening.level[5].refinement.label_propagation.iteration[1]=0.007 partitioning.uncoarsening.level[5].refinement.label_propagation.iteration[2]=0.006 partitioning.uncoarsening.level[5].refinement.label_propagation.iteration[3]=0.007 partitioning.uncoarsening.level[5].refinement.label_propagation.iteration[4]=0.004 partitioning.uncoarsening.level[4]=0.183 partitioning.uncoarsening.level[4].allocation=0.000 partitioning.uncoarsening.level[4].project_partition=0.000 partitioning.uncoarsening.level[4].create_graph=0.000 partitioning.uncoarsening.level[4].refinement=0.180 partitioning.uncoarsening.level[4].refinement.greedy_balancer=0.000 partitioning.uncoarsening.level[4].refinement.label_propagation=0.180 partitioning.uncoarsening.level[4].refinement.label_propagation.iteration[0]=0.093 partitioning.uncoarsening.level[4].refinement.label_propagation.iteration[1]=0.025 partitioning.uncoarsening.level[4].refinement.label_propagation.iteration[2]=0.021 partitioning.uncoarsening.level[4].refinement.label_propagation.iteration[3]=0.020 partitioning.uncoarsening.level[4].refinement.label_propagation.iteration[4]=0.019 partitioning.uncoarsening.level[3]=0.453 partitioning.uncoarsening.level[3].allocation=0.007 partitioning.uncoarsening.level[3].project_partition=0.001 partitioning.uncoarsening.level[3].create_graph=0.000 partitioning.uncoarsening.level[3].refinement=0.439 partitioning.uncoarsening.level[3].refinement.greedy_balancer=0.000 partitioning.uncoarsening.level[3].refinement.label_propagation=0.439 partitioning.uncoarsening.level[3].refinement.label_propagation.iteration[0]=0.212 partitioning.uncoarsening.level[3].refinement.label_propagation.iteration[1]=0.068 partitioning.uncoarsening.level[3].refinement.label_propagation.iteration[2]=0.059 partitioning.uncoarsening.level[3].refinement.label_propagation.iteration[3]=0.053 partitioning.uncoarsening.level[3].refinement.label_propagation.iteration[4]=0.045 partitioning.uncoarsening.level[2]=1.147 partitioning.uncoarsening.level[2].allocation=0.005 partitioning.uncoarsening.level[2].project_partition=0.000 partitioning.uncoarsening.level[2].create_graph=0.000 partitioning.uncoarsening.level[2].refinement=1.129 partitioning.uncoarsening.level[2].refinement.greedy_balancer=0.000 partitioning.uncoarsening.level[2].refinement.label_propagation=1.128 partitioning.uncoarsening.level[2].refinement.label_propagation.iteration[0]=0.468 partitioning.uncoarsening.level[2].refinement.label_propagation.iteration[1]=0.198 partitioning.uncoarsening.level[2].refinement.label_propagation.iteration[2]=0.168 partitioning.uncoarsening.level[2].refinement.label_propagation.iteration[3]=0.155 partitioning.uncoarsening.level[2].refinement.label_propagation.iteration[4]=0.137 partitioning.uncoarsening.level[1]=4.220 partitioning.uncoarsening.level[1].allocation=0.008 partitioning.uncoarsening.level[1].project_partition=0.001 partitioning.uncoarsening.level[1].create_graph=0.001 partitioning.uncoarsening.level[1].refinement=4.181 partitioning.uncoarsening.level[1].refinement.greedy_balancer=0.203 partitioning.uncoarsening.level[1].refinement.greedy_balancer.allocation=0.004 partitioning.uncoarsening.level[1].refinement.greedy_balancer.initialize_balancer_pq=0.198 partitioning.uncoarsening.level[1].refinement.greedy_balancer.initialize_balancer_pq.thread-local=0.161 partitioning.uncoarsening.level[1].refinement.greedy_balancer.initialize_balancer_pq.merge_thread-local_pqs=0.037 partitioning.uncoarsening.level[1].refinement.greedy_balancer.main_loop=0.000 partitioning.uncoarsening.level[1].refinement.label_propagation=3.978 partitioning.uncoarsening.level[1].refinement.label_propagation.iteration[0]=1.081 partitioning.uncoarsening.level[1].refinement.label_propagation.iteration[1]=0.810 partitioning.uncoarsening.level[1].refinement.label_propagation.iteration[2]=0.736 partitioning.uncoarsening.level[1].refinement.label_propagation.iteration[3]=0.691 partitioning.uncoarsening.level[1].refinement.label_propagation.iteration[4]=0.656 partitioning.uncoarsening.level[0]=6.236 partitioning.uncoarsening.level[0].allocation=0.006 partitioning.uncoarsening.level[0].project_partition=0.005 partitioning.uncoarsening.level[0].create_graph=0.003 partitioning.uncoarsening.level[0].refinement=6.147 partitioning.uncoarsening.level[0].refinement.greedy_balancer=0.000 partitioning.uncoarsening.level[0].refinement.label_propagation=6.147 partitioning.uncoarsening.level[0].refinement.label_propagation.iteration[0]=1.943 partitioning.uncoarsening.level[0].refinement.label_propagation.iteration[1]=1.426 partitioning.uncoarsening.level[0].refinement.label_propagation.iteration[2]=1.196 partitioning.uncoarsening.level[0].refinement.label_propagation.iteration[3]=0.856 partitioning.uncoarsening.level[0].refinement.label_propagation.iteration[4]=0.723 partitioning.deallocation=0.002 partitioning.re-integrate_isolated_nodes=0.013 io=0.004 
MEMORY disabled

Global Timer: ................................... 63.784 s    
|- Read input graph: ............................ 23.619 s    
|- Partitioning: ................................ 40.133 s    
|  |- Rearrange by degree-buckets: .............. 0.813 s     
|  |  |- Sort nodes by integer buckets: ......... 0.020 s     
|  |  |- Rearrange input graph: ................. 0.744 s     
|  |  `- Deallocation: .......................... 0.041 s     
|  |- Refinement: ............................... 0.000 s     
|  |  `- Allocation: ............................ 0.000 s     
|  |- Coarsening: ............................... 26.760 s    
|  |  |- Level (0): ............................. 9.144 s     
|  |  |  |- Label Propagation: .................. 0.735 s     
|  |  |  |  |- Allocation: ...................... 0.014 s     
|  |  |  |  |- Iteration (0): ................... 0.699 s     
|  |  |  |  |  `- First phase: .................. 0.690 s     
|  |  |  |  |- Iteration (1): ................... 0.000 s     
|  |  |  |  |  `- First phase: .................. 0.000 s     
|  |  |  |  |- Handle isolated nodes: ........... 0.000 s     
|  |  |  |  |- Handle two-hop nodes: ............ 0.000 s     
|  |  |  |  `- Free: ............................ 0.011 s     
|  |  |  `- Contract graph: ..................... 8.406 s     
|  |  |     |- Allocation: ...................... 0.003 s  (3)
|  |  |     |- Preprocessing: ................... 0.131 s  (3)
|  |  |     |- Deallocation: .................... 0.000 s     
|  |  |     `- Construct coarse graph: .......... 8.203 s     
|  |  |        |- Aggregate coarse edges: ....... 7.770 s     
|  |  |        |  |- First phase: ............... 4.647 s     
|  |  |        |  `- Second phase: .............. 3.110 s     
|  |  |        `- Remap coarse edges and mapping: 0.425 s     
|  |  |- Level (1): ............................. 8.230 s     
|  |  |  |- Label Propagation: .................. 2.807 s     
|  |  |  |  |- Allocation: ...................... 0.016 s     
|  |  |  |  |- Iteration (0): ................... 2.787 s     
|  |  |  |  |  |- First phase: .................. 1.496 s     
|  |  |  |  |  `- Second phase: ................. 1.288 s     
|  |  |  |  |- Iteration (1): ................... 0.000 s     
|  |  |  |  |  `- First phase: .................. 0.000 s     
|  |  |  |  |- Handle isolated nodes: ........... 0.000 s     
|  |  |  |  `- Handle two-hop nodes: ............ 0.000 s     
|  |  |  `- Contract graph: ..................... 5.422 s     
|  |  |     |- Allocation: ...................... 0.002 s  (3)
|  |  |     |- Preprocessing: ................... 0.096 s  (3)
|  |  |     |- Deallocation: .................... 0.000 s     
|  |  |     `- Construct coarse graph: .......... 5.297 s     
|  |  |        |- Aggregate coarse edges: ....... 5.161 s     
|  |  |        |  |- First phase: ............... 1.439 s     
|  |  |        |  `- Second phase: .............. 3.721 s     
|  |  |        `- Remap coarse edges and mapping: 0.131 s     
|  |  |- Level (2): ............................. 5.104 s     
|  |  |  |- Label Propagation: .................. 2.189 s     
|  |  |  |  |- Iteration (0): ................... 2.182 s     
|  |  |  |  |  |- First phase: .................. 1.524 s     
|  |  |  |  |  `- Second phase: ................. 0.656 s     
|  |  |  |  |- Iteration (1): ................... 0.000 s     
|  |  |  |  |  `- First phase: .................. 0.000 s     
|  |  |  |  |- Handle isolated nodes: ........... 0.000 s     
|  |  |  |  `- Handle two-hop nodes: ............ 0.000 s     
|  |  |  `- Contract graph: ..................... 2.915 s     
|  |  |     |- Allocation: ...................... 0.001 s  (3)
|  |  |     |- Preprocessing: ................... 0.068 s  (3)
|  |  |     |- Deallocation: .................... 0.000 s     
|  |  |     `- Construct coarse graph: .......... 2.833 s     
|  |  |        |- Aggregate coarse edges: ....... 2.780 s     
|  |  |        |  |- First phase: ............... 0.748 s     
|  |  |        |  `- Second phase: .............. 2.032 s     
|  |  |        `- Remap coarse edges and mapping: 0.050 s     
|  |  |- Level (3): ............................. 2.627 s     
|  |  |  |- Label Propagation: .................. 1.303 s     
|  |  |  |  |- Iteration (0): ................... 1.302 s     
|  |  |  |  |  |- First phase: .................. 0.867 s     
|  |  |  |  |  `- Second phase: ................. 0.433 s     
|  |  |  |  |- Iteration (1): ................... 0.000 s     
|  |  |  |  |  `- First phase: .................. 0.000 s     
|  |  |  |  |- Handle isolated nodes: ........... 0.000 s     
|  |  |  |  `- Handle two-hop nodes: ............ 0.000 s     
|  |  |  `- Contract graph: ..................... 1.323 s     
|  |  |     |- Allocation: ...................... 0.001 s  (3)
|  |  |     |- Preprocessing: ................... 0.025 s  (3)
|  |  |     |- Deallocation: .................... 0.000 s     
|  |  |     `- Construct coarse graph: .......... 1.293 s     
|  |  |        |- Aggregate coarse edges: ....... 1.272 s     
|  |  |        |  |- First phase: ............... 0.247 s     
|  |  |        |  `- Second phase: .............. 1.024 s     
|  |  |        `- Remap coarse edges and mapping: 0.020 s     
|  |  |- Level (4): ............................. 1.089 s     
|  |  |  |- Label Propagation: .................. 0.581 s     
|  |  |  |  |- Iteration (0): ................... 0.581 s     
|  |  |  |  |  |- First phase: .................. 0.388 s     
|  |  |  |  |  `- Second phase: ................. 0.192 s     
|  |  |  |  |- Iteration (1): ................... 0.000 s     
|  |  |  |  |  `- First phase: .................. 0.000 s     
|  |  |  |  |- Handle isolated nodes: ........... 0.000 s     
|  |  |  |  `- Handle two-hop nodes: ............ 0.000 s     
|  |  |  `- Contract graph: ..................... 0.507 s     
|  |  |     |- Allocation: ...................... 0.001 s  (3)
|  |  |     |- Preprocessing: ................... 0.015 s  (3)
|  |  |     |- Deallocation: .................... 0.000 s     
|  |  |     `- Construct coarse graph: .......... 0.489 s     
|  |  |        |- Aggregate coarse edges: ....... 0.481 s     
|  |  |        |  |- First phase: ............... 0.090 s     
|  |  |        |  `- Second phase: .............. 0.390 s     
|  |  |        `- Remap coarse edges and mapping: 0.007 s     
|  |  |- Level (5): ............................. 0.281 s     
|  |  |  |- Label Propagation: .................. 0.225 s     
|  |  |  |  |- Iteration (0): ................... 0.225 s     
|  |  |  |  |  |- First phase: .................. 0.170 s     
|  |  |  |  |  `- Second phase: ................. 0.054 s     
|  |  |  |  |- Iteration (1): ................... 0.000 s     
|  |  |  |  |  `- First phase: .................. 0.000 s     
|  |  |  |  |- Handle isolated nodes: ........... 0.000 s     
|  |  |  |  `- Handle two-hop nodes: ............ 0.000 s     
|  |  |  `- Contract graph: ..................... 0.056 s     
|  |  |     |- Allocation: ...................... 0.000 s  (3)
|  |  |     |- Preprocessing: ................... 0.004 s  (3)
|  |  |     |- Deallocation: .................... 0.000 s     
|  |  |     `- Construct coarse graph: .......... 0.049 s     
|  |  |        |- Aggregate coarse edges: ....... 0.047 s     
|  |  |        |  |- First phase: ............... 0.036 s     
|  |  |        |  `- Second phase: .............. 0.011 s     
|  |  |        `- Remap coarse edges and mapping: 0.002 s     
|  |  |- Level (6): ............................. 0.281 s     
|  |  |  |- Label Propagation: .................. 0.267 s     
|  |  |  |  |- Iteration (0): ................... 0.117 s     
|  |  |  |  |  |- First phase: .................. 0.106 s     
|  |  |  |  |  `- Second phase: ................. 0.010 s     
|  |  |  |  |- Iteration (1): ................... 0.064 s     
|  |  |  |  |  `- First phase: .................. 0.064 s     
|  |  |  |  |- Iteration (2): ................... 0.042 s     
|  |  |  |  |  `- First phase: .................. 0.042 s     
|  |  |  |  |- Iteration (3): ................... 0.023 s     
|  |  |  |  |  `- First phase: .................. 0.023 s     
|  |  |  |  |- Iteration (4): ................... 0.019 s     
|  |  |  |  |  `- First phase: .................. 0.019 s     
|  |  |  |  |- Handle isolated nodes: ........... 0.000 s     
|  |  |  |  `- Handle two-hop nodes: ............ 0.000 s     
|  |  |  `- Contract graph: ..................... 0.013 s     
|  |  |     |- Allocation: ...................... 0.000 s  (3)
|  |  |     |- Preprocessing: ................... 0.001 s  (3)
|  |  |     |- Deallocation: .................... 0.000 s     
|  |  |     `- Construct coarse graph: .......... 0.012 s     
|  |  |        |- Aggregate coarse edges: ....... 0.012 s     
|  |  |        |  |- First phase: ............... 0.011 s     
|  |  |        |  `- Second phase: .............. 0.000 s     
|  |  |        `- Remap coarse edges and mapping: 0.000 s     
|  |  `- Deallocation: .......................... 0.000 s     
|  |- Initial partitioning scheme: .............. 0.194 s     
|  |- Uncoarsening: ............................. 12.343 s    
|  |  |- Level (6): ............................. 0.033 s     
|  |  |  |- Allocation: ......................... 0.000 s     
|  |  |  |- Project partition: .................. 0.000 s     
|  |  |  |- Create graph: ....................... 0.000 s     
|  |  |  `- Refinement: ......................... 0.033 s     
|  |  |     |- Greedy Balancer: ................. 0.000 s     
|  |  |     `- Label Propagation: ............... 0.033 s     
|  |  |        |- Allocation: ................... 0.007 s     
|  |  |        |- Iteration (0): ................ 0.019 s     
|  |  |        |- Iteration (1): ................ 0.002 s     
|  |  |        |- Iteration (2): ................ 0.001 s     
|  |  |        |- Iteration (3): ................ 0.001 s     
|  |  |        `- Iteration (4): ................ 0.000 s     
|  |  |- Level (5): ............................. 0.067 s     
|  |  |  |- Allocation: ......................... 0.000 s     
|  |  |  |- Project partition: .................. 0.000 s     
|  |  |  |- Create graph: ....................... 0.000 s     
|  |  |  `- Refinement: ......................... 0.066 s     
|  |  |     |- Greedy Balancer: ................. 0.000 s     
|  |  |     `- Label Propagation: ............... 0.066 s     
|  |  |        |- Iteration (0): ................ 0.040 s     
|  |  |        |- Iteration (1): ................ 0.007 s     
|  |  |        |- Iteration (2): ................ 0.006 s     
|  |  |        |- Iteration (3): ................ 0.007 s     
|  |  |        `- Iteration (4): ................ 0.004 s     
|  |  |- Level (4): ............................. 0.183 s     
|  |  |  |- Allocation: ......................... 0.000 s     
|  |  |  |- Project partition: .................. 0.000 s     
|  |  |  |- Create graph: ....................... 0.000 s     
|  |  |  `- Refinement: ......................... 0.180 s     
|  |  |     |- Greedy Balancer: ................. 0.000 s     
|  |  |     `- Label Propagation: ............... 0.180 s     
|  |  |        |- Iteration (0): ................ 0.093 s     
|  |  |        |- Iteration (1): ................ 0.025 s     
|  |  |        |- Iteration (2): ................ 0.021 s     
|  |  |        |- Iteration (3): ................ 0.020 s     
|  |  |        `- Iteration (4): ................ 0.019 s     
|  |  |- Level (3): ............................. 0.453 s     
|  |  |  |- Allocation: ......................... 0.007 s     
|  |  |  |- Project partition: .................. 0.001 s     
|  |  |  |- Create graph: ....................... 0.000 s     
|  |  |  `- Refinement: ......................... 0.439 s     
|  |  |     |- Greedy Balancer: ................. 0.000 s     
|  |  |     `- Label Propagation: ............... 0.439 s     
|  |  |        |- Iteration (0): ................ 0.212 s     
|  |  |        |- Iteration (1): ................ 0.068 s     
|  |  |        |- Iteration (2): ................ 0.059 s     
|  |  |        |- Iteration (3): ................ 0.053 s     
|  |  |        `- Iteration (4): ................ 0.045 s     
|  |  |- Level (2): ............................. 1.147 s     
|  |  |  |- Allocation: ......................... 0.005 s     
|  |  |  |- Project partition: .................. 0.000 s     
|  |  |  |- Create graph: ....................... 0.000 s     
|  |  |  `- Refinement: ......................... 1.129 s     
|  |  |     |- Greedy Balancer: ................. 0.000 s     
|  |  |     `- Label Propagation: ............... 1.128 s     
|  |  |        |- Iteration (0): ................ 0.468 s     
|  |  |        |- Iteration (1): ................ 0.198 s     
|  |  |        |- Iteration (2): ................ 0.168 s     
|  |  |        |- Iteration (3): ................ 0.155 s     
|  |  |        `- Iteration (4): ................ 0.137 s     
|  |  |- Level (1): ............................. 4.220 s     
|  |  |  |- Allocation: ......................... 0.008 s     
|  |  |  |- Project partition: .................. 0.001 s     
|  |  |  |- Create graph: ....................... 0.001 s     
|  |  |  `- Refinement: ......................... 4.181 s     
|  |  |     |- Greedy Balancer: ................. 0.203 s     
|  |  |     |  |- Allocation: ................... 0.004 s     
|  |  |     |  |- Initialize balancer PQ: ....... 0.198 s     
|  |  |     |  |  |- Thread-local: .............. 0.161 s     
|  |  |     |  |  `- Merge thread-local PQs: .... 0.037 s     
|  |  |     |  `- Main loop: .................... 0.000 s     
|  |  |     `- Label Propagation: ............... 3.978 s     
|  |  |        |- Iteration (0): ................ 1.081 s     
|  |  |        |- Iteration (1): ................ 0.810 s     
|  |  |        |- Iteration (2): ................ 0.736 s     
|  |  |        |- Iteration (3): ................ 0.691 s     
|  |  |        `- Iteration (4): ................ 0.656 s     
|  |  `- Level (0): ............................. 6.236 s     
|  |     |- Allocation: ......................... 0.006 s     
|  |     |- Project partition: .................. 0.005 s     
|  |     |- Create graph: ....................... 0.003 s     
|  |     `- Refinement: ......................... 6.147 s     
|  |        |- Greedy Balancer: ................. 0.000 s     
|  |        `- Label Propagation: ............... 6.147 s     
|  |           |- Iteration (0): ................ 1.943 s     
|  |           |- Iteration (1): ................ 1.426 s     
|  |           |- Iteration (2): ................ 1.196 s     
|  |           |- Iteration (3): ................ 0.856 s     
|  |           `- Iteration (4): ................ 0.723 s     
|  |- Deallocation: ............................. 0.002 s     
|  `- Re-integrate isolated nodes: .............. 0.013 s     
`- IO: .......................................... 0.004 s     

Partition summary:
  Number of blocks: 16
  Edge cut:         660414209
  Imbalance:        0.0299996
  Feasible:         yes

Block weights:
  w(0 ) = 2680527    w(1 ) = 2681362    w(2 ) = 2681362    w(3 ) = 2681362  
  w(4 ) = 2681361    w(5 ) = 2681361    w(6 ) = 2681361    w(7 ) = 2681362  
  w(8 ) = 2681361    w(9 ) = 2681362    w(10) = 2575768    w(11) = 2628216  
  w(12) = 2681361    w(13) = 1646348    w(14) = 2679578    w(15) = 2628178  

Maximum resident set size: 39605296 KiB
