################################################################################
#                _  __       __  __  _         ____                            #
#               | |/ / __ _ |  \/  |(_) _ __  |  _ \  __ _  _ __               #
#               | ' / / _` || |\/| || || '_ \ | |_) |/ _` || '__|              #
#               | . \| (_| || |  | || || | | ||  __/| (_| || |                 #
#               |_|\_\\__,_||_|  |_||_||_| |_||_|    \__,_||_|                 #
#                                                                              #
################################################################################
Current commit hash:          99c62314d27845b3825829ec1e3e97256490627d
Assertion level:              always+light
Statistics:                   disabled
Built on:                     liskov
Data type sizes:
  Nodes IDs: 4 bytes | Node weights: 4 bytes
  Edges IDs: 4 bytes | Edge weights: 4 bytes
############################################################## Input Summary ###
Execution mode:               64
Seed:                         1
Graph:                        uk-2005 [node ordering: deg-buckets] [edge ordering: natural]
  Number of nodes:              39459925 (unweighted)
  Number of edges:            1566054250 (unweighted)
Number of blocks:             16
Maximum block weight:         2540233 (2466246 + 3% / 3%)
---------------------------------------------------------- Graph Compression ---
Enabled:                      no
-------------------------------------------------------- Partitioning Scheme ---
Partitioning mode:            deep
  Deep initial part. mode:    async-parallel
  Deep initial part. load:    1
Subgraph memory:              Lazy
----------------------------------------------------------------- Coarsening ---
Contraction limit:            2000
Coarsening algorithm:         clustering
  Cluster weight limit:       epsilon-block-weight x 1
  Shrink factor:              2.5
  Max mem-free level:         1
  Clustering algorithm:       lp
    Number of iterations:     5
    High degree threshold:    4294967295
    Max degree:               4294967295
    Tie breaking strategy:    uniform
    Implementation:           two-phase
      Relabel:                no
    2-hop clustering:         match-threadwise, if |Vcoarse| > 0.500000 * |V|
    Isolated nodes:           match-during-two-hop
  Forced hierarchy levels:    <none> (leeway: U=10.000000, L=1.100000)
Contraction algorithm:        unbuffered
  Implementation:             two-phase
------------------------------------------------------- Initial Partitioning ---
Adaptive algorithm selection: yes
----------------------------------------------------------------- Refinement ---
Refinement algorithms:        [greedy-balancer -> lp]
Label propagation:
  Number of iterations:       5
  Tie breaking strategy:      uniform
  Implementation:             single-phase
############################################################## Preprocessing ###
Removed 5462 isolated nodes
  Remaining nodes:             39454463
  Remaining total node weight: 39454463
############################################################### Partitioning ###
Input graph:
 Number of nodes: 39454463 | Number of edges: 1566054250
 Maximum node weight: 1

Coarsening -> Level 1 [max cluster weight: 74329]:
 Total edge weight:   1474809204
 Number of nodes:     15693107 | Number of edges: 1144678774
 Maximum node weight: 13048

Coarsening -> Level 2 [max cluster weight: 74329]:
 Total edge weight:   971147608
 Number of nodes:     6238872 | Number of edges: 228062622
 Maximum node weight: 74329

Coarsening -> Level 3 [max cluster weight: 74329]:
 Total edge weight:   534729946
 Number of nodes:     2464561 | Number of edges: 57177048
 Maximum node weight: 74330

Coarsening -> Level 4 [max cluster weight: 74329]:
 Total edge weight:   327755658
 Number of nodes:     965201 | Number of edges: 19080046
 Maximum node weight: 74331

Coarsening -> Level 5 [max cluster weight: 74329]:
 Total edge weight:   244884590
 Number of nodes:     369996 | Number of edges: 8089464
 Maximum node weight: 74331

Coarsening -> Level 6 [max cluster weight: 74329]:
 Total edge weight:   212025158
 Number of nodes:     140517 | Number of edges: 3916948
 Maximum node weight: 74522

Coarsening -> Level 7 [max cluster weight: 74329]:
 Total edge weight:   201539494
 Number of nodes:     56054 | Number of edges: 1799586
 Maximum node weight: 148658

==> Coarsening terminated with less than 128000 nodes

Initial partitioning:
 Number of blocks: 16

Uncoarsening -> Level 6
 Number of nodes: 140517 | Number of edges: 3916948
  Running refinement on 16 blocks
   1. Greedy Balancer
   2. Label Propagation

Uncoarsening -> Level 5
 Number of nodes: 369996 | Number of edges: 8089464
  Running refinement on 16 blocks
   1. Greedy Balancer
   2. Label Propagation

Uncoarsening -> Level 4
 Number of nodes: 965201 | Number of edges: 19080046
  Running refinement on 16 blocks
   1. Greedy Balancer
   2. Label Propagation

Uncoarsening -> Level 3
 Number of nodes: 2464561 | Number of edges: 57177048
  Running refinement on 16 blocks
   1. Greedy Balancer
   2. Label Propagation

Uncoarsening -> Level 2
 Number of nodes: 6238872 | Number of edges: 228062622
  Running refinement on 16 blocks
   1. Greedy Balancer
   2. Label Propagation

Uncoarsening -> Level 1
 Number of nodes: 15693107 | Number of edges: 1144678774
  Running refinement on 16 blocks
   1. Greedy Balancer
   2. Label Propagation

Uncoarsening -> Level 0
 Number of nodes: 39454463 | Number of edges: 1566054250
  Running refinement on 16 blocks
   1. Greedy Balancer
   2. Label Propagation
############################################################# Result Summary ###
RESULT cut=3828109 imbalance=0.0299998 feasible=1 k=16
TIME read_input_graph=15.176 partitioning=6.791 partitioning.rearrange_by_degree-buckets=0.735 partitioning.rearrange_by_degree-buckets.sort_nodes_by_integer_buckets=0.022 partitioning.rearrange_by_degree-buckets.rearrange_input_graph=0.674 partitioning.rearrange_by_degree-buckets.deallocation=0.030 partitioning.refinement=0.000 partitioning.refinement.allocation=0.000 partitioning.coarsening=4.999 partitioning.coarsening.level[0]=3.076 partitioning.coarsening.level[0].label_propagation=0.161 partitioning.coarsening.level[0].label_propagation.allocation=0.013 partitioning.coarsening.level[0].label_propagation.iteration[0]=0.127 partitioning.coarsening.level[0].label_propagation.iteration[0].first_phase=0.118 partitioning.coarsening.level[0].label_propagation.iteration[1]=0.000 partitioning.coarsening.level[0].label_propagation.iteration[1].first_phase=0.000 partitioning.coarsening.level[0].label_propagation.handle_isolated_nodes=0.000 partitioning.coarsening.level[0].label_propagation.handle_two-hop_nodes=0.000 partitioning.coarsening.level[0].label_propagation.free=0.010 partitioning.coarsening.level[0].contract_graph=2.912 partitioning.coarsening.level[0].contract_graph.allocation=0.003 partitioning.coarsening.level[0].contract_graph.preprocessing=0.060 partitioning.coarsening.level[0].contract_graph.deallocation=0.000 partitioning.coarsening.level[0].contract_graph.construct_coarse_graph=2.811 partitioning.coarsening.level[0].contract_graph.construct_coarse_graph.aggregate_coarse_edges=2.622 partitioning.coarsening.level[0].contract_graph.construct_coarse_graph.aggregate_coarse_edges.first_phase=1.972 partitioning.coarsening.level[0].contract_graph.construct_coarse_graph.aggregate_coarse_edges.second_phase=0.638 partitioning.coarsening.level[0].contract_graph.construct_coarse_graph.remap_coarse_edges_and_mapping=0.180 partitioning.coarsening.level[1]=1.269 partitioning.coarsening.level[1].label_propagation=0.364 partitioning.coarsening.level[1].label_propagation.allocation=0.011 partitioning.coarsening.level[1].label_propagation.iteration[0]=0.350 partitioning.coarsening.level[1].label_propagation.iteration[0].first_phase=0.217 partitioning.coarsening.level[1].label_propagation.iteration[0].second_phase=0.130 partitioning.coarsening.level[1].label_propagation.iteration[1]=0.000 partitioning.coarsening.level[1].label_propagation.iteration[1].first_phase=0.000 partitioning.coarsening.level[1].label_propagation.handle_isolated_nodes=0.000 partitioning.coarsening.level[1].label_propagation.handle_two-hop_nodes=0.000 partitioning.coarsening.level[1].contract_graph=0.904 partitioning.coarsening.level[1].contract_graph.allocation=0.002 partitioning.coarsening.level[1].contract_graph.preprocessing=0.055 partitioning.coarsening.level[1].contract_graph.deallocation=0.000 partitioning.coarsening.level[1].contract_graph.construct_coarse_graph=0.837 partitioning.coarsening.level[1].contract_graph.construct_coarse_graph.aggregate_coarse_edges=0.797 partitioning.coarsening.level[1].contract_graph.construct_coarse_graph.aggregate_coarse_edges.first_phase=0.541 partitioning.coarsening.level[1].contract_graph.construct_coarse_graph.aggregate_coarse_edges.second_phase=0.255 partitioning.coarsening.level[1].contract_graph.construct_coarse_graph.remap_coarse_edges_and_mapping=0.036 partitioning.coarsening.level[2]=0.363 partitioning.coarsening.level[2].label_propagation=0.112 partitioning.coarsening.level[2].label_propagation.iteration[0]=0.105 partitioning.coarsening.level[2].label_propagation.iteration[0].first_phase=0.083 partitioning.coarsening.level[2].label_propagation.iteration[0].second_phase=0.019 partitioning.coarsening.level[2].label_propagation.iteration[1]=0.000 partitioning.coarsening.level[2].label_propagation.iteration[1].first_phase=0.000 partitioning.coarsening.level[2].label_propagation.handle_isolated_nodes=0.000 partitioning.coarsening.level[2].label_propagation.handle_two-hop_nodes=0.000 partitioning.coarsening.level[2].contract_graph=0.251 partitioning.coarsening.level[2].contract_graph.allocation=0.001 partitioning.coarsening.level[2].contract_graph.preprocessing=0.016 partitioning.coarsening.level[2].contract_graph.deallocation=0.000 partitioning.coarsening.level[2].contract_graph.construct_coarse_graph=0.230 partitioning.coarsening.level[2].contract_graph.construct_coarse_graph.aggregate_coarse_edges=0.218 partitioning.coarsening.level[2].contract_graph.construct_coarse_graph.aggregate_coarse_edges.first_phase=0.170 partitioning.coarsening.level[2].contract_graph.construct_coarse_graph.aggregate_coarse_edges.second_phase=0.048 partitioning.coarsening.level[2].contract_graph.construct_coarse_graph.remap_coarse_edges_and_mapping=0.010 partitioning.coarsening.level[3]=0.130 partitioning.coarsening.level[3].label_propagation=0.036 partitioning.coarsening.level[3].label_propagation.iteration[0]=0.035 partitioning.coarsening.level[3].label_propagation.iteration[0].first_phase=0.028 partitioning.coarsening.level[3].label_propagation.iteration[0].second_phase=0.006 partitioning.coarsening.level[3].label_propagation.iteration[1]=0.000 partitioning.coarsening.level[3].label_propagation.iteration[1].first_phase=0.000 partitioning.coarsening.level[3].label_propagation.handle_isolated_nodes=0.000 partitioning.coarsening.level[3].label_propagation.handle_two-hop_nodes=0.000 partitioning.coarsening.level[3].contract_graph=0.093 partitioning.coarsening.level[3].contract_graph.allocation=0.000 partitioning.coarsening.level[3].contract_graph.preprocessing=0.006 partitioning.coarsening.level[3].contract_graph.deallocation=0.000 partitioning.coarsening.level[3].contract_graph.construct_coarse_graph=0.085 partitioning.coarsening.level[3].contract_graph.construct_coarse_graph.aggregate_coarse_edges=0.081 partitioning.coarsening.level[3].contract_graph.construct_coarse_graph.aggregate_coarse_edges.first_phase=0.059 partitioning.coarsening.level[3].contract_graph.construct_coarse_graph.aggregate_coarse_edges.second_phase=0.022 partitioning.coarsening.level[3].contract_graph.construct_coarse_graph.remap_coarse_edges_and_mapping=0.003 partitioning.coarsening.level[4]=0.076 partitioning.coarsening.level[4].label_propagation=0.027 partitioning.coarsening.level[4].label_propagation.iteration[0]=0.026 partitioning.coarsening.level[4].label_propagation.iteration[0].first_phase=0.024 partitioning.coarsening.level[4].label_propagation.iteration[0].second_phase=0.001 partitioning.coarsening.level[4].label_propagation.iteration[1]=0.000 partitioning.coarsening.level[4].label_propagation.iteration[1].first_phase=0.000 partitioning.coarsening.level[4].label_propagation.handle_isolated_nodes=0.000 partitioning.coarsening.level[4].label_propagation.handle_two-hop_nodes=0.000 partitioning.coarsening.level[4].contract_graph=0.047 partitioning.coarsening.level[4].contract_graph.allocation=0.001 partitioning.coarsening.level[4].contract_graph.preprocessing=0.009 partitioning.coarsening.level[4].contract_graph.deallocation=0.000 partitioning.coarsening.level[4].contract_graph.construct_coarse_graph=0.036 partitioning.coarsening.level[4].contract_graph.construct_coarse_graph.aggregate_coarse_edges=0.034 partitioning.coarsening.level[4].contract_graph.construct_coarse_graph.aggregate_coarse_edges.first_phase=0.019 partitioning.coarsening.level[4].contract_graph.construct_coarse_graph.aggregate_coarse_edges.second_phase=0.014 partitioning.coarsening.level[4].contract_graph.construct_coarse_graph.remap_coarse_edges_and_mapping=0.001 partitioning.coarsening.level[5]=0.042 partitioning.coarsening.level[5].label_propagation=0.021 partitioning.coarsening.level[5].label_propagation.iteration[0]=0.020 partitioning.coarsening.level[5].label_propagation.iteration[0].first_phase=0.018 partitioning.coarsening.level[5].label_propagation.iteration[0].second_phase=0.002 partitioning.coarsening.level[5].label_propagation.iteration[1]=0.000 partitioning.coarsening.level[5].label_propagation.iteration[1].first_phase=0.000 partitioning.coarsening.level[5].label_propagation.handle_isolated_nodes=0.000 partitioning.coarsening.level[5].label_propagation.handle_two-hop_nodes=0.000 partitioning.coarsening.level[5].contract_graph=0.021 partitioning.coarsening.level[5].contract_graph.allocation=0.000 partitioning.coarsening.level[5].contract_graph.preprocessing=0.002 partitioning.coarsening.level[5].contract_graph.deallocation=0.000 partitioning.coarsening.level[5].contract_graph.construct_coarse_graph=0.018 partitioning.coarsening.level[5].contract_graph.construct_coarse_graph.aggregate_coarse_edges=0.016 partitioning.coarsening.level[5].contract_graph.construct_coarse_graph.aggregate_coarse_edges.first_phase=0.011 partitioning.coarsening.level[5].contract_graph.construct_coarse_graph.aggregate_coarse_edges.second_phase=0.005 partitioning.coarsening.level[5].contract_graph.construct_coarse_graph.remap_coarse_edges_and_mapping=0.000 partitioning.coarsening.level[6]=0.039 partitioning.coarsening.level[6].label_propagation=0.024 partitioning.coarsening.level[6].label_propagation.iteration[0]=0.018 partitioning.coarsening.level[6].label_propagation.iteration[0].first_phase=0.016 partitioning.coarsening.level[6].label_propagation.iteration[0].second_phase=0.002 partitioning.coarsening.level[6].label_propagation.iteration[1]=0.005 partitioning.coarsening.level[6].label_propagation.iteration[1].first_phase=0.003 partitioning.coarsening.level[6].label_propagation.iteration[1].second_phase=0.001 partitioning.coarsening.level[6].label_propagation.iteration[2]=0.000 partitioning.coarsening.level[6].label_propagation.iteration[2].first_phase=0.000 partitioning.coarsening.level[6].label_propagation.handle_isolated_nodes=0.000 partitioning.coarsening.level[6].label_propagation.handle_two-hop_nodes=0.000 partitioning.coarsening.level[6].contract_graph=0.015 partitioning.coarsening.level[6].contract_graph.allocation=0.000 partitioning.coarsening.level[6].contract_graph.preprocessing=0.000 partitioning.coarsening.level[6].contract_graph.deallocation=0.000 partitioning.coarsening.level[6].contract_graph.construct_coarse_graph=0.013 partitioning.coarsening.level[6].contract_graph.construct_coarse_graph.aggregate_coarse_edges=0.013 partitioning.coarsening.level[6].contract_graph.construct_coarse_graph.aggregate_coarse_edges.first_phase=0.007 partitioning.coarsening.level[6].contract_graph.construct_coarse_graph.aggregate_coarse_edges.second_phase=0.005 partitioning.coarsening.level[6].contract_graph.construct_coarse_graph.remap_coarse_edges_and_mapping=0.000 partitioning.coarsening.deallocation=0.000 partitioning.initial_partitioning_scheme=0.258 partitioning.uncoarsening=0.781 partitioning.uncoarsening.level[6]=0.018 partitioning.uncoarsening.level[6].allocation=0.000 partitioning.uncoarsening.level[6].project_partition=0.000 partitioning.uncoarsening.level[6].create_graph=0.000 partitioning.uncoarsening.level[6].refinement=0.017 partitioning.uncoarsening.level[6].refinement.greedy_balancer=0.009 partitioning.uncoarsening.level[6].refinement.greedy_balancer.allocation=0.000 partitioning.uncoarsening.level[6].refinement.greedy_balancer.initialize_balancer_pq=0.008 partitioning.uncoarsening.level[6].refinement.greedy_balancer.initialize_balancer_pq.thread-local=0.000 partitioning.uncoarsening.level[6].refinement.greedy_balancer.initialize_balancer_pq.merge_thread-local_pqs=0.006 partitioning.uncoarsening.level[6].refinement.greedy_balancer.main_loop=0.001 partitioning.uncoarsening.level[6].refinement.label_propagation=0.008 partitioning.uncoarsening.level[6].refinement.label_propagation.allocation=0.004 partitioning.uncoarsening.level[6].refinement.label_propagation.iteration[0]=0.002 partitioning.uncoarsening.level[6].refinement.label_propagation.iteration[1]=0.000 partitioning.uncoarsening.level[6].refinement.label_propagation.iteration[2]=0.000 partitioning.uncoarsening.level[6].refinement.label_propagation.iteration[3]=0.000 partitioning.uncoarsening.level[6].refinement.label_propagation.iteration[4]=0.000 partitioning.uncoarsening.level[5]=0.013 partitioning.uncoarsening.level[5].allocation=0.000 partitioning.uncoarsening.level[5].project_partition=0.000 partitioning.uncoarsening.level[5].create_graph=0.000 partitioning.uncoarsening.level[5].refinement=0.012 partitioning.uncoarsening.level[5].refinement.greedy_balancer=0.004 partitioning.uncoarsening.level[5].refinement.greedy_balancer.allocation=0.000 partitioning.uncoarsening.level[5].refinement.greedy_balancer.initialize_balancer_pq=0.004 partitioning.uncoarsening.level[5].refinement.greedy_balancer.initialize_balancer_pq.thread-local=0.001 partitioning.uncoarsening.level[5].refinement.greedy_balancer.initialize_balancer_pq.merge_thread-local_pqs=0.003 partitioning.uncoarsening.level[5].refinement.greedy_balancer.main_loop=0.000 partitioning.uncoarsening.level[5].refinement.label_propagation=0.007 partitioning.uncoarsening.level[5].refinement.label_propagation.iteration[0]=0.004 partitioning.uncoarsening.level[5].refinement.label_propagation.iteration[1]=0.001 partitioning.uncoarsening.level[5].refinement.label_propagation.iteration[2]=0.000 partitioning.uncoarsening.level[5].refinement.label_propagation.iteration[3]=0.000 partitioning.uncoarsening.level[5].refinement.label_propagation.iteration[4]=0.000 partitioning.uncoarsening.level[4]=0.014 partitioning.uncoarsening.level[4].allocation=0.000 partitioning.uncoarsening.level[4].project_partition=0.000 partitioning.uncoarsening.level[4].create_graph=0.000 partitioning.uncoarsening.level[4].refinement=0.013 partitioning.uncoarsening.level[4].refinement.greedy_balancer=0.000 partitioning.uncoarsening.level[4].refinement.label_propagation=0.013 partitioning.uncoarsening.level[4].refinement.label_propagation.iteration[0]=0.009 partitioning.uncoarsening.level[4].refinement.label_propagation.iteration[1]=0.001 partitioning.uncoarsening.level[4].refinement.label_propagation.iteration[2]=0.000 partitioning.uncoarsening.level[4].refinement.label_propagation.iteration[3]=0.000 partitioning.uncoarsening.level[4].refinement.label_propagation.iteration[4]=0.000 partitioning.uncoarsening.level[3]=0.038 partitioning.uncoarsening.level[3].allocation=0.005 partitioning.uncoarsening.level[3].project_partition=0.000 partitioning.uncoarsening.level[3].create_graph=0.000 partitioning.uncoarsening.level[3].refinement=0.030 partitioning.uncoarsening.level[3].refinement.greedy_balancer=0.000 partitioning.uncoarsening.level[3].refinement.label_propagation=0.030 partitioning.uncoarsening.level[3].refinement.label_propagation.iteration[0]=0.021 partitioning.uncoarsening.level[3].refinement.label_propagation.iteration[1]=0.003 partitioning.uncoarsening.level[3].refinement.label_propagation.iteration[2]=0.002 partitioning.uncoarsening.level[3].refinement.label_propagation.iteration[3]=0.001 partitioning.uncoarsening.level[3].refinement.label_propagation.iteration[4]=0.001 partitioning.uncoarsening.level[2]=0.078 partitioning.uncoarsening.level[2].allocation=0.004 partitioning.uncoarsening.level[2].project_partition=0.000 partitioning.uncoarsening.level[2].create_graph=0.000 partitioning.uncoarsening.level[2].refinement=0.070 partitioning.uncoarsening.level[2].refinement.greedy_balancer=0.000 partitioning.uncoarsening.level[2].refinement.label_propagation=0.070 partitioning.uncoarsening.level[2].refinement.label_propagation.iteration[0]=0.055 partitioning.uncoarsening.level[2].refinement.label_propagation.iteration[1]=0.007 partitioning.uncoarsening.level[2].refinement.label_propagation.iteration[2]=0.003 partitioning.uncoarsening.level[2].refinement.label_propagation.iteration[3]=0.001 partitioning.uncoarsening.level[2].refinement.label_propagation.iteration[4]=0.001 partitioning.uncoarsening.level[1]=0.264 partitioning.uncoarsening.level[1].allocation=0.003 partitioning.uncoarsening.level[1].project_partition=0.001 partitioning.uncoarsening.level[1].create_graph=0.001 partitioning.uncoarsening.level[1].refinement=0.249 partitioning.uncoarsening.level[1].refinement.greedy_balancer=0.000 partitioning.uncoarsening.level[1].refinement.label_propagation=0.249 partitioning.uncoarsening.level[1].refinement.label_propagation.iteration[0]=0.221 partitioning.uncoarsening.level[1].refinement.label_propagation.iteration[1]=0.015 partitioning.uncoarsening.level[1].refinement.label_propagation.iteration[2]=0.005 partitioning.uncoarsening.level[1].refinement.label_propagation.iteration[3]=0.003 partitioning.uncoarsening.level[1].refinement.label_propagation.iteration[4]=0.002 partitioning.uncoarsening.level[0]=0.353 partitioning.uncoarsening.level[0].allocation=0.006 partitioning.uncoarsening.level[0].project_partition=0.003 partitioning.uncoarsening.level[0].create_graph=0.002 partitioning.uncoarsening.level[0].refinement=0.302 partitioning.uncoarsening.level[0].refinement.greedy_balancer=0.000 partitioning.uncoarsening.level[0].refinement.label_propagation=0.302 partitioning.uncoarsening.level[0].refinement.label_propagation.iteration[0]=0.268 partitioning.uncoarsening.level[0].refinement.label_propagation.iteration[1]=0.014 partitioning.uncoarsening.level[0].refinement.label_propagation.iteration[2]=0.006 partitioning.uncoarsening.level[0].refinement.label_propagation.iteration[3]=0.006 partitioning.uncoarsening.level[0].refinement.label_propagation.iteration[4]=0.003 partitioning.deallocation=0.002 partitioning.re-integrate_isolated_nodes=0.011 io=0.003 
MEMORY disabled

Global Timer: ................................... 21.999 s    
|- Read input graph: ............................ 15.176 s    
|- Partitioning: ................................ 6.791 s     
|  |- Rearrange by degree-buckets: .............. 0.735 s     
|  |  |- Sort nodes by integer buckets: ......... 0.022 s     
|  |  |- Rearrange input graph: ................. 0.674 s     
|  |  `- Deallocation: .......................... 0.030 s     
|  |- Refinement: ............................... 0.000 s     
|  |  `- Allocation: ............................ 0.000 s     
|  |- Coarsening: ............................... 4.999 s     
|  |  |- Level (0): ............................. 3.076 s     
|  |  |  |- Label Propagation: .................. 0.161 s     
|  |  |  |  |- Allocation: ...................... 0.013 s     
|  |  |  |  |- Iteration (0): ................... 0.127 s     
|  |  |  |  |  `- First phase: .................. 0.118 s     
|  |  |  |  |- Iteration (1): ................... 0.000 s     
|  |  |  |  |  `- First phase: .................. 0.000 s     
|  |  |  |  |- Handle isolated nodes: ........... 0.000 s     
|  |  |  |  |- Handle two-hop nodes: ............ 0.000 s     
|  |  |  |  `- Free: ............................ 0.010 s     
|  |  |  `- Contract graph: ..................... 2.912 s     
|  |  |     |- Allocation: ...................... 0.003 s  (3)
|  |  |     |- Preprocessing: ................... 0.060 s  (3)
|  |  |     |- Deallocation: .................... 0.000 s     
|  |  |     `- Construct coarse graph: .......... 2.811 s     
|  |  |        |- Aggregate coarse edges: ....... 2.622 s     
|  |  |        |  |- First phase: ............... 1.972 s     
|  |  |        |  `- Second phase: .............. 0.638 s     
|  |  |        `- Remap coarse edges and mapping: 0.180 s     
|  |  |- Level (1): ............................. 1.269 s     
|  |  |  |- Label Propagation: .................. 0.364 s     
|  |  |  |  |- Allocation: ...................... 0.011 s     
|  |  |  |  |- Iteration (0): ................... 0.350 s     
|  |  |  |  |  |- First phase: .................. 0.217 s     
|  |  |  |  |  `- Second phase: ................. 0.130 s     
|  |  |  |  |- Iteration (1): ................... 0.000 s     
|  |  |  |  |  `- First phase: .................. 0.000 s     
|  |  |  |  |- Handle isolated nodes: ........... 0.000 s     
|  |  |  |  `- Handle two-hop nodes: ............ 0.000 s     
|  |  |  `- Contract graph: ..................... 0.904 s     
|  |  |     |- Allocation: ...................... 0.002 s  (3)
|  |  |     |- Preprocessing: ................... 0.055 s  (3)
|  |  |     |- Deallocation: .................... 0.000 s     
|  |  |     `- Construct coarse graph: .......... 0.837 s     
|  |  |        |- Aggregate coarse edges: ....... 0.797 s     
|  |  |        |  |- First phase: ............... 0.541 s     
|  |  |        |  `- Second phase: .............. 0.255 s     
|  |  |        `- Remap coarse edges and mapping: 0.036 s     
|  |  |- Level (2): ............................. 0.363 s     
|  |  |  |- Label Propagation: .................. 0.112 s     
|  |  |  |  |- Iteration (0): ................... 0.105 s     
|  |  |  |  |  |- First phase: .................. 0.083 s     
|  |  |  |  |  `- Second phase: ................. 0.019 s     
|  |  |  |  |- Iteration (1): ................... 0.000 s     
|  |  |  |  |  `- First phase: .................. 0.000 s     
|  |  |  |  |- Handle isolated nodes: ........... 0.000 s     
|  |  |  |  `- Handle two-hop nodes: ............ 0.000 s     
|  |  |  `- Contract graph: ..................... 0.251 s     
|  |  |     |- Allocation: ...................... 0.001 s  (3)
|  |  |     |- Preprocessing: ................... 0.016 s  (3)
|  |  |     |- Deallocation: .................... 0.000 s     
|  |  |     `- Construct coarse graph: .......... 0.230 s     
|  |  |        |- Aggregate coarse edges: ....... 0.218 s     
|  |  |        |  |- First phase: ............... 0.170 s     
|  |  |        |  `- Second phase: .............. 0.048 s     
|  |  |        `- Remap coarse edges and mapping: 0.010 s     
|  |  |- Level (3): ............................. 0.130 s     
|  |  |  |- Label Propagation: .................. 0.036 s     
|  |  |  |  |- Iteration (0): ................... 0.035 s     
|  |  |  |  |  |- First phase: .................. 0.028 s     
|  |  |  |  |  `- Second phase: ................. 0.006 s     
|  |  |  |  |- Iteration (1): ................... 0.000 s     
|  |  |  |  |  `- First phase: .................. 0.000 s     
|  |  |  |  |- Handle isolated nodes: ........... 0.000 s     
|  |  |  |  `- Handle two-hop nodes: ............ 0.000 s     
|  |  |  `- Contract graph: ..................... 0.093 s     
|  |  |     |- Allocation: ...................... 0.000 s  (3)
|  |  |     |- Preprocessing: ................... 0.006 s  (3)
|  |  |     |- Deallocation: .................... 0.000 s     
|  |  |     `- Construct coarse graph: .......... 0.085 s     
|  |  |        |- Aggregate coarse edges: ....... 0.081 s     
|  |  |        |  |- First phase: ............... 0.059 s     
|  |  |        |  `- Second phase: .............. 0.022 s     
|  |  |        `- Remap coarse edges and mapping: 0.003 s     
|  |  |- Level (4): ............................. 0.076 s     
|  |  |  |- Label Propagation: .................. 0.027 s     
|  |  |  |  |- Iteration (0): ................... 0.026 s     
|  |  |  |  |  |- First phase: .................. 0.024 s     
|  |  |  |  |  `- Second phase: ................. 0.001 s     
|  |  |  |  |- Iteration (1): ................... 0.000 s     
|  |  |  |  |  `- First phase: .................. 0.000 s     
|  |  |  |  |- Handle isolated nodes: ........... 0.000 s     
|  |  |  |  `- Handle two-hop nodes: ............ 0.000 s     
|  |  |  `- Contract graph: ..................... 0.047 s     
|  |  |     |- Allocation: ...................... 0.001 s  (3)
|  |  |     |- Preprocessing: ................... 0.009 s  (3)
|  |  |     |- Deallocation: .................... 0.000 s     
|  |  |     `- Construct coarse graph: .......... 0.036 s     
|  |  |        |- Aggregate coarse edges: ....... 0.034 s     
|  |  |        |  |- First phase: ............... 0.019 s     
|  |  |        |  `- Second phase: .............. 0.014 s     
|  |  |        `- Remap coarse edges and mapping: 0.001 s     
|  |  |- Level (5): ............................. 0.042 s     
|  |  |  |- Label Propagation: .................. 0.021 s     
|  |  |  |  |- Iteration (0): ................... 0.020 s     
|  |  |  |  |  |- First phase: .................. 0.018 s     
|  |  |  |  |  `- Second phase: ................. 0.002 s     
|  |  |  |  |- Iteration (1): ................... 0.000 s     
|  |  |  |  |  `- First phase: .................. 0.000 s     
|  |  |  |  |- Handle isolated nodes: ........... 0.000 s     
|  |  |  |  `- Handle two-hop nodes: ............ 0.000 s     
|  |  |  `- Contract graph: ..................... 0.021 s     
|  |  |     |- Allocation: ...................... 0.000 s  (3)
|  |  |     |- Preprocessing: ................... 0.002 s  (3)
|  |  |     |- Deallocation: .................... 0.000 s     
|  |  |     `- Construct coarse graph: .......... 0.018 s     
|  |  |        |- Aggregate coarse edges: ....... 0.016 s     
|  |  |        |  |- First phase: ............... 0.011 s     
|  |  |        |  `- Second phase: .............. 0.005 s     
|  |  |        `- Remap coarse edges and mapping: 0.000 s     
|  |  |- Level (6): ............................. 0.039 s     
|  |  |  |- Label Propagation: .................. 0.024 s     
|  |  |  |  |- Iteration (0): ................... 0.018 s     
|  |  |  |  |  |- First phase: .................. 0.016 s     
|  |  |  |  |  `- Second phase: ................. 0.002 s     
|  |  |  |  |- Iteration (1): ................... 0.005 s     
|  |  |  |  |  |- First phase: .................. 0.003 s     
|  |  |  |  |  `- Second phase: ................. 0.001 s     
|  |  |  |  |- Iteration (2): ................... 0.000 s     
|  |  |  |  |  `- First phase: .................. 0.000 s     
|  |  |  |  |- Handle isolated nodes: ........... 0.000 s     
|  |  |  |  `- Handle two-hop nodes: ............ 0.000 s     
|  |  |  `- Contract graph: ..................... 0.015 s     
|  |  |     |- Allocation: ...................... 0.000 s  (3)
|  |  |     |- Preprocessing: ................... 0.000 s  (3)
|  |  |     |- Deallocation: .................... 0.000 s     
|  |  |     `- Construct coarse graph: .......... 0.013 s     
|  |  |        |- Aggregate coarse edges: ....... 0.013 s     
|  |  |        |  |- First phase: ............... 0.007 s     
|  |  |        |  `- Second phase: .............. 0.005 s     
|  |  |        `- Remap coarse edges and mapping: 0.000 s     
|  |  `- Deallocation: .......................... 0.000 s     
|  |- Initial partitioning scheme: .............. 0.258 s     
|  |- Uncoarsening: ............................. 0.781 s     
|  |  |- Level (6): ............................. 0.018 s     
|  |  |  |- Allocation: ......................... 0.000 s     
|  |  |  |- Project partition: .................. 0.000 s     
|  |  |  |- Create graph: ....................... 0.000 s     
|  |  |  `- Refinement: ......................... 0.017 s     
|  |  |     |- Greedy Balancer: ................. 0.009 s     
|  |  |     |  |- Allocation: ................... 0.000 s     
|  |  |     |  |- Initialize balancer PQ: ....... 0.008 s     
|  |  |     |  |  |- Thread-local: .............. 0.000 s     
|  |  |     |  |  `- Merge thread-local PQs: .... 0.006 s     
|  |  |     |  `- Main loop: .................... 0.001 s     
|  |  |     `- Label Propagation: ............... 0.008 s     
|  |  |        |- Allocation: ................... 0.004 s     
|  |  |        |- Iteration (0): ................ 0.002 s     
|  |  |        |- Iteration (1): ................ 0.000 s     
|  |  |        |- Iteration (2): ................ 0.000 s     
|  |  |        |- Iteration (3): ................ 0.000 s     
|  |  |        `- Iteration (4): ................ 0.000 s     
|  |  |- Level (5): ............................. 0.013 s     
|  |  |  |- Allocation: ......................... 0.000 s     
|  |  |  |- Project partition: .................. 0.000 s     
|  |  |  |- Create graph: ....................... 0.000 s     
|  |  |  `- Refinement: ......................... 0.012 s     
|  |  |     |- Greedy Balancer: ................. 0.004 s     
|  |  |     |  |- Allocation: ................... 0.000 s     
|  |  |     |  |- Initialize balancer PQ: ....... 0.004 s     
|  |  |     |  |  |- Thread-local: .............. 0.001 s     
|  |  |     |  |  `- Merge thread-local PQs: .... 0.003 s     
|  |  |     |  `- Main loop: .................... 0.000 s     
|  |  |     `- Label Propagation: ............... 0.007 s     
|  |  |        |- Iteration (0): ................ 0.004 s     
|  |  |        |- Iteration (1): ................ 0.001 s     
|  |  |        |- Iteration (2): ................ 0.000 s     
|  |  |        |- Iteration (3): ................ 0.000 s     
|  |  |        `- Iteration (4): ................ 0.000 s     
|  |  |- Level (4): ............................. 0.014 s     
|  |  |  |- Allocation: ......................... 0.000 s     
|  |  |  |- Project partition: .................. 0.000 s     
|  |  |  |- Create graph: ....................... 0.000 s     
|  |  |  `- Refinement: ......................... 0.013 s     
|  |  |     |- Greedy Balancer: ................. 0.000 s     
|  |  |     `- Label Propagation: ............... 0.013 s     
|  |  |        |- Iteration (0): ................ 0.009 s     
|  |  |        |- Iteration (1): ................ 0.001 s     
|  |  |        |- Iteration (2): ................ 0.000 s     
|  |  |        |- Iteration (3): ................ 0.000 s     
|  |  |        `- Iteration (4): ................ 0.000 s     
|  |  |- Level (3): ............................. 0.038 s     
|  |  |  |- Allocation: ......................... 0.005 s     
|  |  |  |- Project partition: .................. 0.000 s     
|  |  |  |- Create graph: ....................... 0.000 s     
|  |  |  `- Refinement: ......................... 0.030 s     
|  |  |     |- Greedy Balancer: ................. 0.000 s     
|  |  |     `- Label Propagation: ............... 0.030 s     
|  |  |        |- Iteration (0): ................ 0.021 s     
|  |  |        |- Iteration (1): ................ 0.003 s     
|  |  |        |- Iteration (2): ................ 0.002 s     
|  |  |        |- Iteration (3): ................ 0.001 s     
|  |  |        `- Iteration (4): ................ 0.001 s     
|  |  |- Level (2): ............................. 0.078 s     
|  |  |  |- Allocation: ......................... 0.004 s     
|  |  |  |- Project partition: .................. 0.000 s     
|  |  |  |- Create graph: ....................... 0.000 s     
|  |  |  `- Refinement: ......................... 0.070 s     
|  |  |     |- Greedy Balancer: ................. 0.000 s     
|  |  |     `- Label Propagation: ............... 0.070 s     
|  |  |        |- Iteration (0): ................ 0.055 s     
|  |  |        |- Iteration (1): ................ 0.007 s     
|  |  |        |- Iteration (2): ................ 0.003 s     
|  |  |        |- Iteration (3): ................ 0.001 s     
|  |  |        `- Iteration (4): ................ 0.001 s     
|  |  |- Level (1): ............................. 0.264 s     
|  |  |  |- Allocation: ......................... 0.003 s     
|  |  |  |- Project partition: .................. 0.001 s     
|  |  |  |- Create graph: ....................... 0.001 s     
|  |  |  `- Refinement: ......................... 0.249 s     
|  |  |     |- Greedy Balancer: ................. 0.000 s     
|  |  |     `- Label Propagation: ............... 0.249 s     
|  |  |        |- Iteration (0): ................ 0.221 s     
|  |  |        |- Iteration (1): ................ 0.015 s     
|  |  |        |- Iteration (2): ................ 0.005 s     
|  |  |        |- Iteration (3): ................ 0.003 s     
|  |  |        `- Iteration (4): ................ 0.002 s     
|  |  `- Level (0): ............................. 0.353 s     
|  |     |- Allocation: ......................... 0.006 s     
|  |     |- Project partition: .................. 0.003 s     
|  |     |- Create graph: ....................... 0.002 s     
|  |     `- Refinement: ......................... 0.302 s     
|  |        |- Greedy Balancer: ................. 0.000 s     
|  |        `- Label Propagation: ............... 0.302 s     
|  |           |- Iteration (0): ................ 0.268 s     
|  |           |- Iteration (1): ................ 0.014 s     
|  |           |- Iteration (2): ................ 0.006 s     
|  |           |- Iteration (3): ................ 0.006 s     
|  |           `- Iteration (4): ................ 0.003 s     
|  |- Deallocation: ............................. 0.002 s     
|  `- Re-integrate isolated nodes: .............. 0.011 s     
`- IO: .......................................... 0.003 s     

Partition summary:
  Number of blocks: 16
  Edge cut:         3828109
  Imbalance:        0.0299998
  Feasible:         yes

Block weights:
  w(0 ) = 2540233    w(1 ) = 2540233    w(2 ) = 1362559    w(3 ) = 2539734  
  w(4 ) = 2539756    w(5 ) = 2539773    w(6 ) = 2539786    w(7 ) = 2539769  
  w(8 ) = 2539762    w(9 ) = 2539758    w(10) = 2539762    w(11) = 2539756  
  w(12) = 2539762    w(13) = 2539762    w(14) = 2539765    w(15) = 2539755  

Maximum resident set size: 19798428 KiB
