################################################################################
#                _  __       __  __  _         ____                            #
#               | |/ / __ _ |  \/  |(_) _ __  |  _ \  __ _  _ __               #
#               | ' / / _` || |\/| || || '_ \ | |_) |/ _` || '__|              #
#               | . \| (_| || |  | || || | | ||  __/| (_| || |                 #
#               |_|\_\\__,_||_|  |_||_||_| |_||_|    \__,_||_|                 #
#                                                                              #
################################################################################
Current commit hash:          99c62314d27845b3825829ec1e3e97256490627d
Assertion level:              always+light
Statistics:                   disabled
Built on:                     liskov
Data type sizes:
  Nodes IDs: 4 bytes | Node weights: 4 bytes
  Edges IDs: 4 bytes | Edge weights: 4 bytes
############################################################## Input Summary ###
Execution mode:               64
Seed:                         1
Graph:                        webbase-2001 [node ordering: deg-buckets] [edge ordering: natural]
  Number of nodes:             118142155 (unweighted)
  Number of edges:            1709619522 (unweighted)
Number of blocks:             16
Maximum block weight:         7605401 (7383885 + 3% / 3%)
---------------------------------------------------------- Graph Compression ---
Enabled:                      no
-------------------------------------------------------- Partitioning Scheme ---
Partitioning mode:            deep
  Deep initial part. mode:    async-parallel
  Deep initial part. load:    1
Subgraph memory:              Lazy
----------------------------------------------------------------- Coarsening ---
Contraction limit:            2000
Coarsening algorithm:         clustering
  Cluster weight limit:       epsilon-block-weight x 1
  Shrink factor:              2.5
  Max mem-free level:         1
  Clustering algorithm:       lp
    Number of iterations:     5
    High degree threshold:    4294967295
    Max degree:               4294967295
    Tie breaking strategy:    uniform
    Implementation:           two-phase
      Relabel:                no
    2-hop clustering:         match-threadwise, if |Vcoarse| > 0.500000 * |V|
    Isolated nodes:           match-during-two-hop
  Forced hierarchy levels:    <none> (leeway: U=10.000000, L=1.100000)
Contraction algorithm:        unbuffered
  Implementation:             two-phase
------------------------------------------------------- Initial Partitioning ---
Adaptive algorithm selection: yes
----------------------------------------------------------------- Refinement ---
Refinement algorithms:        [greedy-balancer -> lp]
Label propagation:
  Number of iterations:       5
  Tie breaking strategy:      uniform
  Implementation:             single-phase
############################################################## Preprocessing ###
Removed 2587714 isolated nodes
  Remaining nodes:             115554441
  Remaining total node weight: 115554441
############################################################### Partitioning ###
Input graph:
 Number of nodes: 115554441 | Number of edges: 1709619522
 Maximum node weight: 1

Coarsening -> Level 1 [max cluster weight: 383248]:
 Total edge weight:   1540219018
 Number of nodes:     46040857 | Number of edges: 1312055848
 Maximum node weight: 27749

Coarsening -> Level 2 [max cluster weight: 383248]:
 Total edge weight:   965925004
 Number of nodes:     18314174 | Number of edges: 278216452
 Maximum node weight: 113538

Coarsening -> Level 3 [max cluster weight: 383248]:
 Total edge weight:   448431858
 Number of nodes:     7253108 | Number of edges: 79234604
 Maximum node weight: 383248

Coarsening -> Level 4 [max cluster weight: 383248]:
 Total edge weight:   195382148
 Number of nodes:     2846948 | Number of edges: 29792626
 Maximum node weight: 383248

Coarsening -> Level 5 [max cluster weight: 383248]:
 Total edge weight:   92033946
 Number of nodes:     1108906 | Number of edges: 13327544
 Maximum node weight: 383248

Coarsening -> Level 6 [max cluster weight: 383248]:
 Total edge weight:   52276494
 Number of nodes:     430267 | Number of edges: 5604090
 Maximum node weight: 383336

Coarsening -> Level 7 [max cluster weight: 383248]:
 Total edge weight:   41270246
 Number of nodes:     200481 | Number of edges: 1488706
 Maximum node weight: 383336

Coarsening -> Level 8 [max cluster weight: 383248]:
 Total edge weight:   40677448
 Number of nodes:     93718 | Number of edges: 267676
 Maximum node weight: 383336

==> Coarsening terminated with less than 128000 nodes

Initial partitioning:
 Number of blocks: 16

Uncoarsening -> Level 7
 Number of nodes: 200481 | Number of edges: 1488706
  Running refinement on 16 blocks
   1. Greedy Balancer
   2. Label Propagation

Uncoarsening -> Level 6
 Number of nodes: 430267 | Number of edges: 5604090
  Running refinement on 16 blocks
   1. Greedy Balancer
   2. Label Propagation

Uncoarsening -> Level 5
 Number of nodes: 1108906 | Number of edges: 13327544
  Running refinement on 16 blocks
   1. Greedy Balancer
   2. Label Propagation

Uncoarsening -> Level 4
 Number of nodes: 2846948 | Number of edges: 29792626
  Running refinement on 16 blocks
   1. Greedy Balancer
   2. Label Propagation

Uncoarsening -> Level 3
 Number of nodes: 7253108 | Number of edges: 79234604
  Running refinement on 16 blocks
   1. Greedy Balancer
   2. Label Propagation

Uncoarsening -> Level 2
 Number of nodes: 18314174 | Number of edges: 278216452
  Running refinement on 16 blocks
   1. Greedy Balancer
   2. Label Propagation

Uncoarsening -> Level 1
 Number of nodes: 46040857 | Number of edges: 1312055848
  Running refinement on 16 blocks
   1. Greedy Balancer
   2. Label Propagation

Uncoarsening -> Level 0
 Number of nodes: 115554441 | Number of edges: 1709619522
  Running refinement on 16 blocks
   1. Greedy Balancer
   2. Label Propagation
############################################################# Result Summary ###
RESULT cut=10309323 imbalance=0.0299999 feasible=1 k=16
TIME read_input_graph=17.555 partitioning=7.802 partitioning.rearrange_by_degree-buckets=0.389 partitioning.rearrange_by_degree-buckets.sort_nodes_by_integer_buckets=0.042 partitioning.rearrange_by_degree-buckets.rearrange_input_graph=0.300 partitioning.rearrange_by_degree-buckets.deallocation=0.032 partitioning.refinement=0.000 partitioning.refinement.allocation=0.000 partitioning.coarsening=5.780 partitioning.coarsening.level[0]=3.632 partitioning.coarsening.level[0].label_propagation=0.272 partitioning.coarsening.level[0].label_propagation.allocation=0.023 partitioning.coarsening.level[0].label_propagation.iteration[0]=0.213 partitioning.coarsening.level[0].label_propagation.iteration[0].first_phase=0.197 partitioning.coarsening.level[0].label_propagation.iteration[1]=0.000 partitioning.coarsening.level[0].label_propagation.iteration[1].first_phase=0.000 partitioning.coarsening.level[0].label_propagation.handle_isolated_nodes=0.000 partitioning.coarsening.level[0].label_propagation.handle_two-hop_nodes=0.000 partitioning.coarsening.level[0].label_propagation.free=0.015 partitioning.coarsening.level[0].contract_graph=3.356 partitioning.coarsening.level[0].contract_graph.allocation=0.004 partitioning.coarsening.level[0].contract_graph.preprocessing=0.138 partitioning.coarsening.level[0].contract_graph.deallocation=0.002 partitioning.coarsening.level[0].contract_graph.construct_coarse_graph=3.163 partitioning.coarsening.level[0].contract_graph.construct_coarse_graph.aggregate_coarse_edges=2.997 partitioning.coarsening.level[0].contract_graph.construct_coarse_graph.aggregate_coarse_edges.first_phase=2.912 partitioning.coarsening.level[0].contract_graph.construct_coarse_graph.aggregate_coarse_edges.second_phase=0.070 partitioning.coarsening.level[0].contract_graph.construct_coarse_graph.remap_coarse_edges_and_mapping=0.137 partitioning.coarsening.level[1]=1.253 partitioning.coarsening.level[1].label_propagation=0.349 partitioning.coarsening.level[1].label_propagation.allocation=0.014 partitioning.coarsening.level[1].label_propagation.iteration[0]=0.321 partitioning.coarsening.level[1].label_propagation.iteration[0].first_phase=0.278 partitioning.coarsening.level[1].label_propagation.iteration[0].second_phase=0.036 partitioning.coarsening.level[1].label_propagation.iteration[1]=0.000 partitioning.coarsening.level[1].label_propagation.iteration[1].first_phase=0.000 partitioning.coarsening.level[1].label_propagation.handle_isolated_nodes=0.000 partitioning.coarsening.level[1].label_propagation.handle_two-hop_nodes=0.000 partitioning.coarsening.level[1].contract_graph=0.903 partitioning.coarsening.level[1].contract_graph.allocation=0.003 partitioning.coarsening.level[1].contract_graph.preprocessing=0.071 partitioning.coarsening.level[1].contract_graph.deallocation=0.000 partitioning.coarsening.level[1].contract_graph.construct_coarse_graph=0.815 partitioning.coarsening.level[1].contract_graph.construct_coarse_graph.aggregate_coarse_edges=0.768 partitioning.coarsening.level[1].contract_graph.construct_coarse_graph.aggregate_coarse_edges.first_phase=0.723 partitioning.coarsening.level[1].contract_graph.construct_coarse_graph.aggregate_coarse_edges.second_phase=0.044 partitioning.coarsening.level[1].contract_graph.construct_coarse_graph.remap_coarse_edges_and_mapping=0.035 partitioning.coarsening.level[2]=0.387 partitioning.coarsening.level[2].label_propagation=0.106 partitioning.coarsening.level[2].label_propagation.iteration[0]=0.100 partitioning.coarsening.level[2].label_propagation.iteration[0].first_phase=0.084 partitioning.coarsening.level[2].label_propagation.iteration[0].second_phase=0.012 partitioning.coarsening.level[2].label_propagation.iteration[1]=0.000 partitioning.coarsening.level[2].label_propagation.iteration[1].first_phase=0.000 partitioning.coarsening.level[2].label_propagation.handle_isolated_nodes=0.000 partitioning.coarsening.level[2].label_propagation.handle_two-hop_nodes=0.000 partitioning.coarsening.level[2].contract_graph=0.280 partitioning.coarsening.level[2].contract_graph.allocation=0.002 partitioning.coarsening.level[2].contract_graph.preprocessing=0.026 partitioning.coarsening.level[2].contract_graph.deallocation=0.000 partitioning.coarsening.level[2].contract_graph.construct_coarse_graph=0.247 partitioning.coarsening.level[2].contract_graph.construct_coarse_graph.aggregate_coarse_edges=0.227 partitioning.coarsening.level[2].contract_graph.construct_coarse_graph.aggregate_coarse_edges.first_phase=0.196 partitioning.coarsening.level[2].contract_graph.construct_coarse_graph.aggregate_coarse_edges.second_phase=0.030 partitioning.coarsening.level[2].contract_graph.construct_coarse_graph.remap_coarse_edges_and_mapping=0.016 partitioning.coarsening.level[3]=0.189 partitioning.coarsening.level[3].label_propagation=0.052 partitioning.coarsening.level[3].label_propagation.iteration[0]=0.049 partitioning.coarsening.level[3].label_propagation.iteration[0].first_phase=0.038 partitioning.coarsening.level[3].label_propagation.iteration[0].second_phase=0.008 partitioning.coarsening.level[3].label_propagation.iteration[1]=0.000 partitioning.coarsening.level[3].label_propagation.iteration[1].first_phase=0.000 partitioning.coarsening.level[3].label_propagation.handle_isolated_nodes=0.000 partitioning.coarsening.level[3].label_propagation.handle_two-hop_nodes=0.000 partitioning.coarsening.level[3].contract_graph=0.136 partitioning.coarsening.level[3].contract_graph.allocation=0.001 partitioning.coarsening.level[3].contract_graph.preprocessing=0.018 partitioning.coarsening.level[3].contract_graph.deallocation=0.000 partitioning.coarsening.level[3].contract_graph.construct_coarse_graph=0.113 partitioning.coarsening.level[3].contract_graph.construct_coarse_graph.aggregate_coarse_edges=0.105 partitioning.coarsening.level[3].contract_graph.construct_coarse_graph.aggregate_coarse_edges.first_phase=0.072 partitioning.coarsening.level[3].contract_graph.construct_coarse_graph.aggregate_coarse_edges.second_phase=0.032 partitioning.coarsening.level[3].contract_graph.construct_coarse_graph.remap_coarse_edges_and_mapping=0.006 partitioning.coarsening.level[4]=0.116 partitioning.coarsening.level[4].label_propagation=0.045 partitioning.coarsening.level[4].label_propagation.iteration[0]=0.042 partitioning.coarsening.level[4].label_propagation.iteration[0].first_phase=0.034 partitioning.coarsening.level[4].label_propagation.iteration[0].second_phase=0.006 partitioning.coarsening.level[4].label_propagation.iteration[1]=0.000 partitioning.coarsening.level[4].label_propagation.iteration[1].first_phase=0.000 partitioning.coarsening.level[4].label_propagation.handle_isolated_nodes=0.000 partitioning.coarsening.level[4].label_propagation.handle_two-hop_nodes=0.000 partitioning.coarsening.level[4].contract_graph=0.071 partitioning.coarsening.level[4].contract_graph.allocation=0.001 partitioning.coarsening.level[4].contract_graph.preprocessing=0.009 partitioning.coarsening.level[4].contract_graph.deallocation=0.000 partitioning.coarsening.level[4].contract_graph.construct_coarse_graph=0.058 partitioning.coarsening.level[4].contract_graph.construct_coarse_graph.aggregate_coarse_edges=0.055 partitioning.coarsening.level[4].contract_graph.construct_coarse_graph.aggregate_coarse_edges.first_phase=0.037 partitioning.coarsening.level[4].contract_graph.construct_coarse_graph.aggregate_coarse_edges.second_phase=0.017 partitioning.coarsening.level[4].contract_graph.construct_coarse_graph.remap_coarse_edges_and_mapping=0.002 partitioning.coarsening.level[5]=0.100 partitioning.coarsening.level[5].label_propagation=0.064 partitioning.coarsening.level[5].label_propagation.iteration[0]=0.058 partitioning.coarsening.level[5].label_propagation.iteration[0].first_phase=0.047 partitioning.coarsening.level[5].label_propagation.iteration[0].second_phase=0.009 partitioning.coarsening.level[5].label_propagation.iteration[1]=0.000 partitioning.coarsening.level[5].label_propagation.iteration[1].first_phase=0.000 partitioning.coarsening.level[5].label_propagation.handle_isolated_nodes=0.000 partitioning.coarsening.level[5].label_propagation.handle_two-hop_nodes=0.000 partitioning.coarsening.level[5].contract_graph=0.035 partitioning.coarsening.level[5].contract_graph.allocation=0.001 partitioning.coarsening.level[5].contract_graph.preprocessing=0.011 partitioning.coarsening.level[5].contract_graph.deallocation=0.000 partitioning.coarsening.level[5].contract_graph.construct_coarse_graph=0.022 partitioning.coarsening.level[5].contract_graph.construct_coarse_graph.aggregate_coarse_edges=0.020 partitioning.coarsening.level[5].contract_graph.construct_coarse_graph.aggregate_coarse_edges.first_phase=0.019 partitioning.coarsening.level[5].contract_graph.construct_coarse_graph.aggregate_coarse_edges.second_phase=0.001 partitioning.coarsening.level[5].contract_graph.construct_coarse_graph.remap_coarse_edges_and_mapping=0.001 partitioning.coarsening.level[6]=0.064 partitioning.coarsening.level[6].label_propagation=0.049 partitioning.coarsening.level[6].label_propagation.iteration[0]=0.030 partitioning.coarsening.level[6].label_propagation.iteration[0].first_phase=0.028 partitioning.coarsening.level[6].label_propagation.iteration[0].second_phase=0.002 partitioning.coarsening.level[6].label_propagation.iteration[1]=0.007 partitioning.coarsening.level[6].label_propagation.iteration[1].first_phase=0.006 partitioning.coarsening.level[6].label_propagation.iteration[1].second_phase=0.000 partitioning.coarsening.level[6].label_propagation.iteration[2]=0.004 partitioning.coarsening.level[6].label_propagation.iteration[2].first_phase=0.004 partitioning.coarsening.level[6].label_propagation.iteration[2].second_phase=0.000 partitioning.coarsening.level[6].label_propagation.iteration[3]=0.003 partitioning.coarsening.level[6].label_propagation.iteration[3].first_phase=0.002 partitioning.coarsening.level[6].label_propagation.iteration[3].second_phase=0.000 partitioning.coarsening.level[6].label_propagation.iteration[4]=0.003 partitioning.coarsening.level[6].label_propagation.iteration[4].first_phase=0.002 partitioning.coarsening.level[6].label_propagation.iteration[4].second_phase=0.000 partitioning.coarsening.level[6].label_propagation.handle_isolated_nodes=0.000 partitioning.coarsening.level[6].label_propagation.handle_two-hop_nodes=0.000 partitioning.coarsening.level[6].contract_graph=0.014 partitioning.coarsening.level[6].contract_graph.allocation=0.000 partitioning.coarsening.level[6].contract_graph.preprocessing=0.001 partitioning.coarsening.level[6].contract_graph.deallocation=0.000 partitioning.coarsening.level[6].contract_graph.construct_coarse_graph=0.011 partitioning.coarsening.level[6].contract_graph.construct_coarse_graph.aggregate_coarse_edges=0.011 partitioning.coarsening.level[6].contract_graph.construct_coarse_graph.aggregate_coarse_edges.first_phase=0.011 partitioning.coarsening.level[6].contract_graph.construct_coarse_graph.aggregate_coarse_edges.second_phase=0.000 partitioning.coarsening.level[6].contract_graph.construct_coarse_graph.remap_coarse_edges_and_mapping=0.000 partitioning.coarsening.level[7]=0.030 partitioning.coarsening.level[7].label_propagation=0.025 partitioning.coarsening.level[7].label_propagation.iteration[0]=0.013 partitioning.coarsening.level[7].label_propagation.iteration[0].first_phase=0.013 partitioning.coarsening.level[7].label_propagation.iteration[1]=0.005 partitioning.coarsening.level[7].label_propagation.iteration[1].first_phase=0.005 partitioning.coarsening.level[7].label_propagation.iteration[2]=0.003 partitioning.coarsening.level[7].label_propagation.iteration[2].first_phase=0.003 partitioning.coarsening.level[7].label_propagation.iteration[3]=0.001 partitioning.coarsening.level[7].label_propagation.iteration[3].first_phase=0.001 partitioning.coarsening.level[7].label_propagation.iteration[4]=0.001 partitioning.coarsening.level[7].label_propagation.iteration[4].first_phase=0.001 partitioning.coarsening.level[7].label_propagation.handle_isolated_nodes=0.000 partitioning.coarsening.level[7].label_propagation.handle_two-hop_nodes=0.000 partitioning.coarsening.level[7].contract_graph=0.005 partitioning.coarsening.level[7].contract_graph.allocation=0.000 partitioning.coarsening.level[7].contract_graph.preprocessing=0.001 partitioning.coarsening.level[7].contract_graph.deallocation=0.000 partitioning.coarsening.level[7].contract_graph.construct_coarse_graph=0.003 partitioning.coarsening.level[7].contract_graph.construct_coarse_graph.aggregate_coarse_edges=0.003 partitioning.coarsening.level[7].contract_graph.construct_coarse_graph.aggregate_coarse_edges.first_phase=0.003 partitioning.coarsening.level[7].contract_graph.construct_coarse_graph.aggregate_coarse_edges.second_phase=0.000 partitioning.coarsening.level[7].contract_graph.construct_coarse_graph.remap_coarse_edges_and_mapping=0.000 partitioning.coarsening.deallocation=0.004 partitioning.initial_partitioning_scheme=0.175 partitioning.uncoarsening=1.404 partitioning.uncoarsening.level[7]=0.011 partitioning.uncoarsening.level[7].allocation=0.000 partitioning.uncoarsening.level[7].project_partition=0.000 partitioning.uncoarsening.level[7].create_graph=0.000 partitioning.uncoarsening.level[7].refinement=0.010 partitioning.uncoarsening.level[7].refinement.greedy_balancer=0.000 partitioning.uncoarsening.level[7].refinement.label_propagation=0.010 partitioning.uncoarsening.level[7].refinement.label_propagation.allocation=0.006 partitioning.uncoarsening.level[7].refinement.label_propagation.iteration[0]=0.002 partitioning.uncoarsening.level[7].refinement.label_propagation.iteration[1]=0.000 partitioning.uncoarsening.level[7].refinement.label_propagation.iteration[2]=0.000 partitioning.uncoarsening.level[7].refinement.label_propagation.iteration[3]=0.000 partitioning.uncoarsening.level[7].refinement.label_propagation.iteration[4]=0.000 partitioning.uncoarsening.level[6]=0.010 partitioning.uncoarsening.level[6].allocation=0.000 partitioning.uncoarsening.level[6].project_partition=0.000 partitioning.uncoarsening.level[6].create_graph=0.000 partitioning.uncoarsening.level[6].refinement=0.009 partitioning.uncoarsening.level[6].refinement.greedy_balancer=0.000 partitioning.uncoarsening.level[6].refinement.label_propagation=0.009 partitioning.uncoarsening.level[6].refinement.label_propagation.iteration[0]=0.004 partitioning.uncoarsening.level[6].refinement.label_propagation.iteration[1]=0.001 partitioning.uncoarsening.level[6].refinement.label_propagation.iteration[2]=0.001 partitioning.uncoarsening.level[6].refinement.label_propagation.iteration[3]=0.001 partitioning.uncoarsening.level[6].refinement.label_propagation.iteration[4]=0.000 partitioning.uncoarsening.level[5]=0.028 partitioning.uncoarsening.level[5].allocation=0.000 partitioning.uncoarsening.level[5].project_partition=0.000 partitioning.uncoarsening.level[5].create_graph=0.000 partitioning.uncoarsening.level[5].refinement=0.026 partitioning.uncoarsening.level[5].refinement.greedy_balancer=0.006 partitioning.uncoarsening.level[5].refinement.greedy_balancer.allocation=0.000 partitioning.uncoarsening.level[5].refinement.greedy_balancer.initialize_balancer_pq=0.005 partitioning.uncoarsening.level[5].refinement.greedy_balancer.initialize_balancer_pq.thread-local=0.004 partitioning.uncoarsening.level[5].refinement.greedy_balancer.initialize_balancer_pq.merge_thread-local_pqs=0.001 partitioning.uncoarsening.level[5].refinement.greedy_balancer.main_loop=0.000 partitioning.uncoarsening.level[5].refinement.label_propagation=0.020 partitioning.uncoarsening.level[5].refinement.label_propagation.iteration[0]=0.010 partitioning.uncoarsening.level[5].refinement.label_propagation.iteration[1]=0.003 partitioning.uncoarsening.level[5].refinement.label_propagation.iteration[2]=0.003 partitioning.uncoarsening.level[5].refinement.label_propagation.iteration[3]=0.001 partitioning.uncoarsening.level[5].refinement.label_propagation.iteration[4]=0.001 partitioning.uncoarsening.level[4]=0.042 partitioning.uncoarsening.level[4].allocation=0.006 partitioning.uncoarsening.level[4].project_partition=0.000 partitioning.uncoarsening.level[4].create_graph=0.000 partitioning.uncoarsening.level[4].refinement=0.033 partitioning.uncoarsening.level[4].refinement.greedy_balancer=0.000 partitioning.uncoarsening.level[4].refinement.label_propagation=0.033 partitioning.uncoarsening.level[4].refinement.label_propagation.iteration[0]=0.018 partitioning.uncoarsening.level[4].refinement.label_propagation.iteration[1]=0.005 partitioning.uncoarsening.level[4].refinement.label_propagation.iteration[2]=0.003 partitioning.uncoarsening.level[4].refinement.label_propagation.iteration[3]=0.003 partitioning.uncoarsening.level[4].refinement.label_propagation.iteration[4]=0.002 partitioning.uncoarsening.level[3]=0.067 partitioning.uncoarsening.level[3].allocation=0.003 partitioning.uncoarsening.level[3].project_partition=0.000 partitioning.uncoarsening.level[3].create_graph=0.000 partitioning.uncoarsening.level[3].refinement=0.060 partitioning.uncoarsening.level[3].refinement.greedy_balancer=0.000 partitioning.uncoarsening.level[3].refinement.label_propagation=0.060 partitioning.uncoarsening.level[3].refinement.label_propagation.iteration[0]=0.035 partitioning.uncoarsening.level[3].refinement.label_propagation.iteration[1]=0.009 partitioning.uncoarsening.level[3].refinement.label_propagation.iteration[2]=0.006 partitioning.uncoarsening.level[3].refinement.label_propagation.iteration[3]=0.005 partitioning.uncoarsening.level[3].refinement.label_propagation.iteration[4]=0.003 partitioning.uncoarsening.level[2]=0.156 partitioning.uncoarsening.level[2].allocation=0.006 partitioning.uncoarsening.level[2].project_partition=0.002 partitioning.uncoarsening.level[2].create_graph=0.001 partitioning.uncoarsening.level[2].refinement=0.143 partitioning.uncoarsening.level[2].refinement.greedy_balancer=0.000 partitioning.uncoarsening.level[2].refinement.label_propagation=0.143 partitioning.uncoarsening.level[2].refinement.label_propagation.iteration[0]=0.092 partitioning.uncoarsening.level[2].refinement.label_propagation.iteration[1]=0.023 partitioning.uncoarsening.level[2].refinement.label_propagation.iteration[2]=0.010 partitioning.uncoarsening.level[2].refinement.label_propagation.iteration[3]=0.008 partitioning.uncoarsening.level[2].refinement.label_propagation.iteration[4]=0.006 partitioning.uncoarsening.level[1]=0.425 partitioning.uncoarsening.level[1].allocation=0.006 partitioning.uncoarsening.level[1].project_partition=0.005 partitioning.uncoarsening.level[1].create_graph=0.003 partitioning.uncoarsening.level[1].refinement=0.398 partitioning.uncoarsening.level[1].refinement.greedy_balancer=0.000 partitioning.uncoarsening.level[1].refinement.label_propagation=0.398 partitioning.uncoarsening.level[1].refinement.label_propagation.iteration[0]=0.313 partitioning.uncoarsening.level[1].refinement.label_propagation.iteration[1]=0.041 partitioning.uncoarsening.level[1].refinement.label_propagation.iteration[2]=0.017 partitioning.uncoarsening.level[1].refinement.label_propagation.iteration[3]=0.012 partitioning.uncoarsening.level[1].refinement.label_propagation.iteration[4]=0.011 partitioning.uncoarsening.level[0]=0.662 partitioning.uncoarsening.level[0].allocation=0.007 partitioning.uncoarsening.level[0].project_partition=0.010 partitioning.uncoarsening.level[0].create_graph=0.007 partitioning.uncoarsening.level[0].refinement=0.570 partitioning.uncoarsening.level[0].refinement.greedy_balancer=0.000 partitioning.uncoarsening.level[0].refinement.label_propagation=0.570 partitioning.uncoarsening.level[0].refinement.label_propagation.iteration[0]=0.486 partitioning.uncoarsening.level[0].refinement.label_propagation.iteration[1]=0.033 partitioning.uncoarsening.level[0].refinement.label_propagation.iteration[2]=0.020 partitioning.uncoarsening.level[0].refinement.label_propagation.iteration[3]=0.014 partitioning.uncoarsening.level[0].refinement.label_propagation.iteration[4]=0.008 partitioning.deallocation=0.002 partitioning.re-integrate_isolated_nodes=0.044 io=0.012 
MEMORY disabled

Global Timer: ................................... 25.441 s    
|- Read input graph: ............................ 17.555 s    
|- Partitioning: ................................ 7.802 s     
|  |- Rearrange by degree-buckets: .............. 0.389 s     
|  |  |- Sort nodes by integer buckets: ......... 0.042 s     
|  |  |- Rearrange input graph: ................. 0.300 s     
|  |  `- Deallocation: .......................... 0.032 s     
|  |- Refinement: ............................... 0.000 s     
|  |  `- Allocation: ............................ 0.000 s     
|  |- Coarsening: ............................... 5.780 s     
|  |  |- Level (0): ............................. 3.632 s     
|  |  |  |- Label Propagation: .................. 0.272 s     
|  |  |  |  |- Allocation: ...................... 0.023 s     
|  |  |  |  |- Iteration (0): ................... 0.213 s     
|  |  |  |  |  `- First phase: .................. 0.197 s     
|  |  |  |  |- Iteration (1): ................... 0.000 s     
|  |  |  |  |  `- First phase: .................. 0.000 s     
|  |  |  |  |- Handle isolated nodes: ........... 0.000 s     
|  |  |  |  |- Handle two-hop nodes: ............ 0.000 s     
|  |  |  |  `- Free: ............................ 0.015 s     
|  |  |  `- Contract graph: ..................... 3.356 s     
|  |  |     |- Allocation: ...................... 0.004 s  (3)
|  |  |     |- Preprocessing: ................... 0.138 s  (3)
|  |  |     |- Deallocation: .................... 0.002 s     
|  |  |     `- Construct coarse graph: .......... 3.163 s     
|  |  |        |- Aggregate coarse edges: ....... 2.997 s     
|  |  |        |  |- First phase: ............... 2.912 s     
|  |  |        |  `- Second phase: .............. 0.070 s     
|  |  |        `- Remap coarse edges and mapping: 0.137 s     
|  |  |- Level (1): ............................. 1.253 s     
|  |  |  |- Label Propagation: .................. 0.349 s     
|  |  |  |  |- Allocation: ...................... 0.014 s     
|  |  |  |  |- Iteration (0): ................... 0.321 s     
|  |  |  |  |  |- First phase: .................. 0.278 s     
|  |  |  |  |  `- Second phase: ................. 0.036 s     
|  |  |  |  |- Iteration (1): ................... 0.000 s     
|  |  |  |  |  `- First phase: .................. 0.000 s     
|  |  |  |  |- Handle isolated nodes: ........... 0.000 s     
|  |  |  |  `- Handle two-hop nodes: ............ 0.000 s     
|  |  |  `- Contract graph: ..................... 0.903 s     
|  |  |     |- Allocation: ...................... 0.003 s  (3)
|  |  |     |- Preprocessing: ................... 0.071 s  (3)
|  |  |     |- Deallocation: .................... 0.000 s     
|  |  |     `- Construct coarse graph: .......... 0.815 s     
|  |  |        |- Aggregate coarse edges: ....... 0.768 s     
|  |  |        |  |- First phase: ............... 0.723 s     
|  |  |        |  `- Second phase: .............. 0.044 s     
|  |  |        `- Remap coarse edges and mapping: 0.035 s     
|  |  |- Level (2): ............................. 0.387 s     
|  |  |  |- Label Propagation: .................. 0.106 s     
|  |  |  |  |- Iteration (0): ................... 0.100 s     
|  |  |  |  |  |- First phase: .................. 0.084 s     
|  |  |  |  |  `- Second phase: ................. 0.012 s     
|  |  |  |  |- Iteration (1): ................... 0.000 s     
|  |  |  |  |  `- First phase: .................. 0.000 s     
|  |  |  |  |- Handle isolated nodes: ........... 0.000 s     
|  |  |  |  `- Handle two-hop nodes: ............ 0.000 s     
|  |  |  `- Contract graph: ..................... 0.280 s     
|  |  |     |- Allocation: ...................... 0.002 s  (3)
|  |  |     |- Preprocessing: ................... 0.026 s  (3)
|  |  |     |- Deallocation: .................... 0.000 s     
|  |  |     `- Construct coarse graph: .......... 0.247 s     
|  |  |        |- Aggregate coarse edges: ....... 0.227 s     
|  |  |        |  |- First phase: ............... 0.196 s     
|  |  |        |  `- Second phase: .............. 0.030 s     
|  |  |        `- Remap coarse edges and mapping: 0.016 s     
|  |  |- Level (3): ............................. 0.189 s     
|  |  |  |- Label Propagation: .................. 0.052 s     
|  |  |  |  |- Iteration (0): ................... 0.049 s     
|  |  |  |  |  |- First phase: .................. 0.038 s     
|  |  |  |  |  `- Second phase: ................. 0.008 s     
|  |  |  |  |- Iteration (1): ................... 0.000 s     
|  |  |  |  |  `- First phase: .................. 0.000 s     
|  |  |  |  |- Handle isolated nodes: ........... 0.000 s     
|  |  |  |  `- Handle two-hop nodes: ............ 0.000 s     
|  |  |  `- Contract graph: ..................... 0.136 s     
|  |  |     |- Allocation: ...................... 0.001 s  (3)
|  |  |     |- Preprocessing: ................... 0.018 s  (3)
|  |  |     |- Deallocation: .................... 0.000 s     
|  |  |     `- Construct coarse graph: .......... 0.113 s     
|  |  |        |- Aggregate coarse edges: ....... 0.105 s     
|  |  |        |  |- First phase: ............... 0.072 s     
|  |  |        |  `- Second phase: .............. 0.032 s     
|  |  |        `- Remap coarse edges and mapping: 0.006 s     
|  |  |- Level (4): ............................. 0.116 s     
|  |  |  |- Label Propagation: .................. 0.045 s     
|  |  |  |  |- Iteration (0): ................... 0.042 s     
|  |  |  |  |  |- First phase: .................. 0.034 s     
|  |  |  |  |  `- Second phase: ................. 0.006 s     
|  |  |  |  |- Iteration (1): ................... 0.000 s     
|  |  |  |  |  `- First phase: .................. 0.000 s     
|  |  |  |  |- Handle isolated nodes: ........... 0.000 s     
|  |  |  |  `- Handle two-hop nodes: ............ 0.000 s     
|  |  |  `- Contract graph: ..................... 0.071 s     
|  |  |     |- Allocation: ...................... 0.001 s  (3)
|  |  |     |- Preprocessing: ................... 0.009 s  (3)
|  |  |     |- Deallocation: .................... 0.000 s     
|  |  |     `- Construct coarse graph: .......... 0.058 s     
|  |  |        |- Aggregate coarse edges: ....... 0.055 s     
|  |  |        |  |- First phase: ............... 0.037 s     
|  |  |        |  `- Second phase: .............. 0.017 s     
|  |  |        `- Remap coarse edges and mapping: 0.002 s     
|  |  |- Level (5): ............................. 0.100 s     
|  |  |  |- Label Propagation: .................. 0.064 s     
|  |  |  |  |- Iteration (0): ................... 0.058 s     
|  |  |  |  |  |- First phase: .................. 0.047 s     
|  |  |  |  |  `- Second phase: ................. 0.009 s     
|  |  |  |  |- Iteration (1): ................... 0.000 s     
|  |  |  |  |  `- First phase: .................. 0.000 s     
|  |  |  |  |- Handle isolated nodes: ........... 0.000 s     
|  |  |  |  `- Handle two-hop nodes: ............ 0.000 s     
|  |  |  `- Contract graph: ..................... 0.035 s     
|  |  |     |- Allocation: ...................... 0.001 s  (3)
|  |  |     |- Preprocessing: ................... 0.011 s  (3)
|  |  |     |- Deallocation: .................... 0.000 s     
|  |  |     `- Construct coarse graph: .......... 0.022 s     
|  |  |        |- Aggregate coarse edges: ....... 0.020 s     
|  |  |        |  |- First phase: ............... 0.019 s     
|  |  |        |  `- Second phase: .............. 0.001 s     
|  |  |        `- Remap coarse edges and mapping: 0.001 s     
|  |  |- Level (6): ............................. 0.064 s     
|  |  |  |- Label Propagation: .................. 0.049 s     
|  |  |  |  |- Iteration (0): ................... 0.030 s     
|  |  |  |  |  |- First phase: .................. 0.028 s     
|  |  |  |  |  `- Second phase: ................. 0.002 s     
|  |  |  |  |- Iteration (1): ................... 0.007 s     
|  |  |  |  |  |- First phase: .................. 0.006 s     
|  |  |  |  |  `- Second phase: ................. 0.000 s     
|  |  |  |  |- Iteration (2): ................... 0.004 s     
|  |  |  |  |  |- First phase: .................. 0.004 s     
|  |  |  |  |  `- Second phase: ................. 0.000 s     
|  |  |  |  |- Iteration (3): ................... 0.003 s     
|  |  |  |  |  |- First phase: .................. 0.002 s     
|  |  |  |  |  `- Second phase: ................. 0.000 s     
|  |  |  |  |- Iteration (4): ................... 0.003 s     
|  |  |  |  |  |- First phase: .................. 0.002 s     
|  |  |  |  |  `- Second phase: ................. 0.000 s     
|  |  |  |  |- Handle isolated nodes: ........... 0.000 s     
|  |  |  |  `- Handle two-hop nodes: ............ 0.000 s     
|  |  |  `- Contract graph: ..................... 0.014 s     
|  |  |     |- Allocation: ...................... 0.000 s  (3)
|  |  |     |- Preprocessing: ................... 0.001 s  (3)
|  |  |     |- Deallocation: .................... 0.000 s     
|  |  |     `- Construct coarse graph: .......... 0.011 s     
|  |  |        |- Aggregate coarse edges: ....... 0.011 s     
|  |  |        |  |- First phase: ............... 0.011 s     
|  |  |        |  `- Second phase: .............. 0.000 s     
|  |  |        `- Remap coarse edges and mapping: 0.000 s     
|  |  |- Level (7): ............................. 0.030 s     
|  |  |  |- Label Propagation: .................. 0.025 s     
|  |  |  |  |- Iteration (0): ................... 0.013 s     
|  |  |  |  |  `- First phase: .................. 0.013 s     
|  |  |  |  |- Iteration (1): ................... 0.005 s     
|  |  |  |  |  `- First phase: .................. 0.005 s     
|  |  |  |  |- Iteration (2): ................... 0.003 s     
|  |  |  |  |  `- First phase: .................. 0.003 s     
|  |  |  |  |- Iteration (3): ................... 0.001 s     
|  |  |  |  |  `- First phase: .................. 0.001 s     
|  |  |  |  |- Iteration (4): ................... 0.001 s     
|  |  |  |  |  `- First phase: .................. 0.001 s     
|  |  |  |  |- Handle isolated nodes: ........... 0.000 s     
|  |  |  |  `- Handle two-hop nodes: ............ 0.000 s     
|  |  |  `- Contract graph: ..................... 0.005 s     
|  |  |     |- Allocation: ...................... 0.000 s  (3)
|  |  |     |- Preprocessing: ................... 0.001 s  (3)
|  |  |     |- Deallocation: .................... 0.000 s     
|  |  |     `- Construct coarse graph: .......... 0.003 s     
|  |  |        |- Aggregate coarse edges: ....... 0.003 s     
|  |  |        |  |- First phase: ............... 0.003 s     
|  |  |        |  `- Second phase: .............. 0.000 s     
|  |  |        `- Remap coarse edges and mapping: 0.000 s     
|  |  `- Deallocation: .......................... 0.004 s     
|  |- Initial partitioning scheme: .............. 0.175 s     
|  |- Uncoarsening: ............................. 1.404 s     
|  |  |- Level (7): ............................. 0.011 s     
|  |  |  |- Allocation: ......................... 0.000 s     
|  |  |  |- Project partition: .................. 0.000 s     
|  |  |  |- Create graph: ....................... 0.000 s     
|  |  |  `- Refinement: ......................... 0.010 s     
|  |  |     |- Greedy Balancer: ................. 0.000 s     
|  |  |     `- Label Propagation: ............... 0.010 s     
|  |  |        |- Allocation: ................... 0.006 s     
|  |  |        |- Iteration (0): ................ 0.002 s     
|  |  |        |- Iteration (1): ................ 0.000 s     
|  |  |        |- Iteration (2): ................ 0.000 s     
|  |  |        |- Iteration (3): ................ 0.000 s     
|  |  |        `- Iteration (4): ................ 0.000 s     
|  |  |- Level (6): ............................. 0.010 s     
|  |  |  |- Allocation: ......................... 0.000 s     
|  |  |  |- Project partition: .................. 0.000 s     
|  |  |  |- Create graph: ....................... 0.000 s     
|  |  |  `- Refinement: ......................... 0.009 s     
|  |  |     |- Greedy Balancer: ................. 0.000 s     
|  |  |     `- Label Propagation: ............... 0.009 s     
|  |  |        |- Iteration (0): ................ 0.004 s     
|  |  |        |- Iteration (1): ................ 0.001 s     
|  |  |        |- Iteration (2): ................ 0.001 s     
|  |  |        |- Iteration (3): ................ 0.001 s     
|  |  |        `- Iteration (4): ................ 0.000 s     
|  |  |- Level (5): ............................. 0.028 s     
|  |  |  |- Allocation: ......................... 0.000 s     
|  |  |  |- Project partition: .................. 0.000 s     
|  |  |  |- Create graph: ....................... 0.000 s     
|  |  |  `- Refinement: ......................... 0.026 s     
|  |  |     |- Greedy Balancer: ................. 0.006 s     
|  |  |     |  |- Allocation: ................... 0.000 s     
|  |  |     |  |- Initialize balancer PQ: ....... 0.005 s     
|  |  |     |  |  |- Thread-local: .............. 0.004 s     
|  |  |     |  |  `- Merge thread-local PQs: .... 0.001 s     
|  |  |     |  `- Main loop: .................... 0.000 s     
|  |  |     `- Label Propagation: ............... 0.020 s     
|  |  |        |- Iteration (0): ................ 0.010 s     
|  |  |        |- Iteration (1): ................ 0.003 s     
|  |  |        |- Iteration (2): ................ 0.003 s     
|  |  |        |- Iteration (3): ................ 0.001 s     
|  |  |        `- Iteration (4): ................ 0.001 s     
|  |  |- Level (4): ............................. 0.042 s     
|  |  |  |- Allocation: ......................... 0.006 s     
|  |  |  |- Project partition: .................. 0.000 s     
|  |  |  |- Create graph: ....................... 0.000 s     
|  |  |  `- Refinement: ......................... 0.033 s     
|  |  |     |- Greedy Balancer: ................. 0.000 s     
|  |  |     `- Label Propagation: ............... 0.033 s     
|  |  |        |- Iteration (0): ................ 0.018 s     
|  |  |        |- Iteration (1): ................ 0.005 s     
|  |  |        |- Iteration (2): ................ 0.003 s     
|  |  |        |- Iteration (3): ................ 0.003 s     
|  |  |        `- Iteration (4): ................ 0.002 s     
|  |  |- Level (3): ............................. 0.067 s     
|  |  |  |- Allocation: ......................... 0.003 s     
|  |  |  |- Project partition: .................. 0.000 s     
|  |  |  |- Create graph: ....................... 0.000 s     
|  |  |  `- Refinement: ......................... 0.060 s     
|  |  |     |- Greedy Balancer: ................. 0.000 s     
|  |  |     `- Label Propagation: ............... 0.060 s     
|  |  |        |- Iteration (0): ................ 0.035 s     
|  |  |        |- Iteration (1): ................ 0.009 s     
|  |  |        |- Iteration (2): ................ 0.006 s     
|  |  |        |- Iteration (3): ................ 0.005 s     
|  |  |        `- Iteration (4): ................ 0.003 s     
|  |  |- Level (2): ............................. 0.156 s     
|  |  |  |- Allocation: ......................... 0.006 s     
|  |  |  |- Project partition: .................. 0.002 s     
|  |  |  |- Create graph: ....................... 0.001 s     
|  |  |  `- Refinement: ......................... 0.143 s     
|  |  |     |- Greedy Balancer: ................. 0.000 s     
|  |  |     `- Label Propagation: ............... 0.143 s     
|  |  |        |- Iteration (0): ................ 0.092 s     
|  |  |        |- Iteration (1): ................ 0.023 s     
|  |  |        |- Iteration (2): ................ 0.010 s     
|  |  |        |- Iteration (3): ................ 0.008 s     
|  |  |        `- Iteration (4): ................ 0.006 s     
|  |  |- Level (1): ............................. 0.425 s     
|  |  |  |- Allocation: ......................... 0.006 s     
|  |  |  |- Project partition: .................. 0.005 s     
|  |  |  |- Create graph: ....................... 0.003 s     
|  |  |  `- Refinement: ......................... 0.398 s     
|  |  |     |- Greedy Balancer: ................. 0.000 s     
|  |  |     `- Label Propagation: ............... 0.398 s     
|  |  |        |- Iteration (0): ................ 0.313 s     
|  |  |        |- Iteration (1): ................ 0.041 s     
|  |  |        |- Iteration (2): ................ 0.017 s     
|  |  |        |- Iteration (3): ................ 0.012 s     
|  |  |        `- Iteration (4): ................ 0.011 s     
|  |  `- Level (0): ............................. 0.662 s     
|  |     |- Allocation: ......................... 0.007 s     
|  |     |- Project partition: .................. 0.010 s     
|  |     |- Create graph: ....................... 0.007 s     
|  |     `- Refinement: ......................... 0.570 s     
|  |        |- Greedy Balancer: ................. 0.000 s     
|  |        `- Label Propagation: ............... 0.570 s     
|  |           |- Iteration (0): ................ 0.486 s     
|  |           |- Iteration (1): ................ 0.033 s     
|  |           |- Iteration (2): ................ 0.020 s     
|  |           |- Iteration (3): ................ 0.014 s     
|  |           `- Iteration (4): ................ 0.008 s     
|  |- Deallocation: ............................. 0.002 s     
|  `- Re-integrate isolated nodes: .............. 0.044 s     
`- IO: .......................................... 0.012 s     

Partition summary:
  Number of blocks: 16
  Edge cut:         10309323
  Imbalance:        0.0299999
  Feasible:         yes

Block weights:
  w(0 ) = 7605401     w(1 ) = 7605401     w(2 ) = 7605401     w(3 ) = 7605401   
  w(4 ) = 7605401     w(5 ) = 7605401     w(6 ) = 7605401     w(7 ) = 7605401   
  w(8 ) = 7605401     w(9 ) = 7605401     w(10) = 7605401     w(11) = 7605401   
  w(12) = 4078656     w(13) = 7599565     w(14) = 7599562     w(15) = 7599560   

Maximum resident set size: 24015072 KiB
